<?xml version="1.0" encoding="UTF-8"?>
<testsuite name="com.polarbookshop.catalogservice.web.BookJsonTests" tests="2" skipped="0" failures="0" errors="0" timestamp="2023-12-16T13:07:36" hostname="qjxnfn6jt9" time="0.029">
  <properties/>
  <testcase name="testSerialize()" classname="com.polarbookshop.catalogservice.web.BookJsonTests" time="0.013"/>
  <testcase name="testDeserialize()" classname="com.polarbookshop.catalogservice.web.BookJsonTests" time="0.015"/>
  <system-out><![CDATA[2023-12-16 21:07:35.939  INFO [catalog-service,,] 22333 --- [    Test worker] o.s.b.t.a.j.JsonTestContextBootstrapper  : Neither @ContextConfiguration nor @ContextHierarchy found for test class [com.polarbookshop.catalogservice.web.BookJsonTests], using SpringBootContextLoader
2023-12-16 21:07:35.939  INFO [catalog-service,,] 22333 --- [    Test worker] o.s.t.c.support.AbstractContextLoader    : Could not detect default resource locations for test class [com.polarbookshop.catalogservice.web.BookJsonTests]: no resource found for suffixes {-context.xml, Context.groovy}.
2023-12-16 21:07:35.939  INFO [catalog-service,,] 22333 --- [    Test worker] t.c.s.AnnotationConfigContextLoaderUtils : Could not detect default configuration classes for test class [com.polarbookshop.catalogservice.web.BookJsonTests]: BookJsonTests does not declare any static, non-private, non-final, nested classes annotated with @Configuration.
2023-12-16 21:07:35.942  INFO [catalog-service,,] 22333 --- [    Test worker] .b.t.c.SpringBootTestContextBootstrapper : Found @SpringBootConfiguration com.polarbookshop.catalogservice.CatalogServiceApplication for test class com.polarbookshop.catalogservice.web.BookJsonTests
2023-12-16 21:07:35.942  INFO [catalog-service,,] 22333 --- [    Test worker] o.s.b.t.a.j.JsonTestContextBootstrapper  : Loaded default TestExecutionListener class names from location [META-INF/spring.factories]: [org.springframework.security.test.context.support.WithSecurityContextTestExecutionListener, org.springframework.security.test.context.support.ReactorContextTestExecutionListener, org.springframework.boot.test.autoconfigure.restdocs.RestDocsTestExecutionListener, org.springframework.boot.test.autoconfigure.web.client.MockRestServiceServerResetTestExecutionListener, org.springframework.boot.test.autoconfigure.web.servlet.MockMvcPrintOnlyOnFailureTestExecutionListener, org.springframework.boot.test.autoconfigure.web.servlet.WebDriverTestExecutionListener, org.springframework.boot.test.autoconfigure.webservices.client.MockWebServiceServerTestExecutionListener, org.springframework.boot.test.mock.mockito.MockitoTestExecutionListener, org.springframework.boot.test.mock.mockito.ResetMocksTestExecutionListener, org.springframework.test.context.web.ServletTestExecutionListener, org.springframework.test.context.support.DirtiesContextBeforeModesTestExecutionListener, org.springframework.test.context.event.ApplicationEventsTestExecutionListener, org.springframework.test.context.support.DependencyInjectionTestExecutionListener, org.springframework.test.context.support.DirtiesContextTestExecutionListener, org.springframework.test.context.transaction.TransactionalTestExecutionListener, org.springframework.test.context.jdbc.SqlScriptsTestExecutionListener, org.springframework.test.context.event.EventPublishingTestExecutionListener]
2023-12-16 21:07:35.942  INFO [catalog-service,,] 22333 --- [    Test worker] o.s.b.t.a.j.JsonTestContextBootstrapper  : Using TestExecutionListeners: [org.springframework.test.context.web.ServletTestExecutionListener@772a370d, org.springframework.test.context.support.DirtiesContextBeforeModesTestExecutionListener@1eb21f22, org.springframework.test.context.event.ApplicationEventsTestExecutionListener@7e4f42c0, org.springframework.boot.test.mock.mockito.MockitoTestExecutionListener@22265a8d, org.springframework.boot.test.autoconfigure.SpringBootDependencyInjectionTestExecutionListener@492939b, org.springframework.test.context.support.DirtiesContextTestExecutionListener@ad7d724, org.springframework.test.context.transaction.TransactionalTestExecutionListener@e8acdfc, org.springframework.test.context.jdbc.SqlScriptsTestExecutionListener@1e680c92, org.springframework.security.test.context.support.WithSecurityContextTestExecutionListener@ef64a8f, org.springframework.test.context.event.EventPublishingTestExecutionListener@3a2cc282, org.springframework.security.test.context.support.ReactorContextTestExecutionListener@62910d16, org.springframework.boot.test.autoconfigure.restdocs.RestDocsTestExecutionListener@3cc3914a, org.springframework.boot.test.autoconfigure.web.client.MockRestServiceServerResetTestExecutionListener@5d066f, org.springframework.boot.test.autoconfigure.web.servlet.MockMvcPrintOnlyOnFailureTestExecutionListener@5c39ec34, org.springframework.boot.test.autoconfigure.web.servlet.WebDriverTestExecutionListener@362aa318, org.springframework.boot.test.autoconfigure.webservices.client.MockWebServiceServerTestExecutionListener@16433d56, org.springframework.boot.test.mock.mockito.ResetMocksTestExecutionListener@7ec53f8f]

  .   ____          _            __ _ _
 /\\ / ___'_ __ _ _(_)_ __  __ _ \ \ \ \
( ( )\___ | '_ | '_| | '_ \/ _` | \ \ \ \
 \\/  ___)| |_)| | | | | || (_| |  ) ) ) )
  '  |____| .__|_| |_|_| |_\__, | / / / /
 =========|_|==============|___/=/_/_/_/
 :: Spring Boot ::               (v2.7.18)

2023-12-16 21:07:35.956  INFO [catalog-service,,] 22333 --- [    Test worker] c.p.catalogservice.web.BookJsonTests     : Starting BookJsonTests using Java 17.0.9 on qjxnfn6jt9 with PID 22333 (started by lucas in /Users/lucas/Custody/cicd/springBoot/catalog-service)
2023-12-16 21:07:35.956  INFO [catalog-service,,] 22333 --- [    Test worker] c.p.catalogservice.web.BookJsonTests     : No active profile set, falling back to 1 default profile: "default"
2023-12-16 21:07:36.000  INFO [catalog-service,,] 22333 --- [    Test worker] c.p.catalogservice.web.BookJsonTests     : Started BookJsonTests in 0.057 seconds (JVM running for 41.936)
]]></system-out>
  <system-err><![CDATA[]]></system-err>
</testsuite>
