<?xml version="1.0" encoding="UTF-8"?>
<testsuite name="com.polarbookshop.catalogservice.domain.BookRepositoryJdbcTests" tests="5" skipped="0" failures="0" errors="0" timestamp="2023-12-16T13:07:35" hostname="qjxnfn6jt9" time="0.055">
  <properties/>
  <testcase name="findBookByIsbnWhenNotExisting()" classname="com.polarbookshop.catalogservice.domain.BookRepositoryJdbcTests" time="0.009"/>
  <testcase name="whenCreateBookNotAuthenticatedThenNoAuditMetadata()" classname="com.polarbookshop.catalogservice.domain.BookRepositoryJdbcTests" time="0.009"/>
  <testcase name="findBookByIsbnWhenExisting()" classname="com.polarbookshop.catalogservice.domain.BookRepositoryJdbcTests" time="0.009"/>
  <testcase name="whenCreateBookAuthenticatedThenAuditMetadata()" classname="com.polarbookshop.catalogservice.domain.BookRepositoryJdbcTests" time="0.007"/>
  <testcase name="findAllBooks()" classname="com.polarbookshop.catalogservice.domain.BookRepositoryJdbcTests" time="0.019"/>
  <system-out><![CDATA[2023-12-16 21:07:34.928  INFO [catalog-service,,] 22333 --- [    Test worker] .t.a.d.j.DataJdbcTestContextBootstrapper : Neither @ContextConfiguration nor @ContextHierarchy found for test class [com.polarbookshop.catalogservice.domain.BookRepositoryJdbcTests], using SpringBootContextLoader
2023-12-16 21:07:34.929  INFO [catalog-service,,] 22333 --- [    Test worker] o.s.t.c.support.AbstractContextLoader    : Could not detect default resource locations for test class [com.polarbookshop.catalogservice.domain.BookRepositoryJdbcTests]: no resource found for suffixes {-context.xml, Context.groovy}.
2023-12-16 21:07:34.929  INFO [catalog-service,,] 22333 --- [    Test worker] t.c.s.AnnotationConfigContextLoaderUtils : Could not detect default configuration classes for test class [com.polarbookshop.catalogservice.domain.BookRepositoryJdbcTests]: BookRepositoryJdbcTests does not declare any static, non-private, non-final, nested classes annotated with @Configuration.
2023-12-16 21:07:34.950  INFO [catalog-service,,] 22333 --- [    Test worker] .b.t.c.SpringBootTestContextBootstrapper : Found @SpringBootConfiguration com.polarbookshop.catalogservice.CatalogServiceApplication for test class com.polarbookshop.catalogservice.domain.BookRepositoryJdbcTests
2023-12-16 21:07:34.950  INFO [catalog-service,,] 22333 --- [    Test worker] .t.a.d.j.DataJdbcTestContextBootstrapper : Loaded default TestExecutionListener class names from location [META-INF/spring.factories]: [org.springframework.security.test.context.support.WithSecurityContextTestExecutionListener, org.springframework.security.test.context.support.ReactorContextTestExecutionListener, org.springframework.boot.test.autoconfigure.restdocs.RestDocsTestExecutionListener, org.springframework.boot.test.autoconfigure.web.client.MockRestServiceServerResetTestExecutionListener, org.springframework.boot.test.autoconfigure.web.servlet.MockMvcPrintOnlyOnFailureTestExecutionListener, org.springframework.boot.test.autoconfigure.web.servlet.WebDriverTestExecutionListener, org.springframework.boot.test.autoconfigure.webservices.client.MockWebServiceServerTestExecutionListener, org.springframework.boot.test.mock.mockito.MockitoTestExecutionListener, org.springframework.boot.test.mock.mockito.ResetMocksTestExecutionListener, org.springframework.test.context.web.ServletTestExecutionListener, org.springframework.test.context.support.DirtiesContextBeforeModesTestExecutionListener, org.springframework.test.context.event.ApplicationEventsTestExecutionListener, org.springframework.test.context.support.DependencyInjectionTestExecutionListener, org.springframework.test.context.support.DirtiesContextTestExecutionListener, org.springframework.test.context.transaction.TransactionalTestExecutionListener, org.springframework.test.context.jdbc.SqlScriptsTestExecutionListener, org.springframework.test.context.event.EventPublishingTestExecutionListener]
2023-12-16 21:07:34.950  INFO [catalog-service,,] 22333 --- [    Test worker] .t.a.d.j.DataJdbcTestContextBootstrapper : Using TestExecutionListeners: [org.springframework.test.context.web.ServletTestExecutionListener@12e4822b, org.springframework.test.context.support.DirtiesContextBeforeModesTestExecutionListener@281f2d6c, org.springframework.test.context.event.ApplicationEventsTestExecutionListener@64e6f678, org.springframework.boot.test.mock.mockito.MockitoTestExecutionListener@2c5157c9, org.springframework.boot.test.autoconfigure.SpringBootDependencyInjectionTestExecutionListener@1a927db2, org.springframework.test.context.support.DirtiesContextTestExecutionListener@4bb747c1, org.springframework.test.context.transaction.TransactionalTestExecutionListener@18b12df9, org.springframework.test.context.jdbc.SqlScriptsTestExecutionListener@3ef8de39, org.springframework.security.test.context.support.WithSecurityContextTestExecutionListener@370e5bb9, org.springframework.test.context.event.EventPublishingTestExecutionListener@46769bd6, org.springframework.security.test.context.support.ReactorContextTestExecutionListener@5739b804, org.springframework.boot.test.autoconfigure.restdocs.RestDocsTestExecutionListener@2f48adcc, org.springframework.boot.test.autoconfigure.web.client.MockRestServiceServerResetTestExecutionListener@6adee80f, org.springframework.boot.test.autoconfigure.web.servlet.MockMvcPrintOnlyOnFailureTestExecutionListener@180466a9, org.springframework.boot.test.autoconfigure.web.servlet.WebDriverTestExecutionListener@2670435, org.springframework.boot.test.autoconfigure.webservices.client.MockWebServiceServerTestExecutionListener@682bff78, org.springframework.boot.test.mock.mockito.ResetMocksTestExecutionListener@7528ece2]

  .   ____          _            __ _ _
 /\\ / ___'_ __ _ _(_)_ __  __ _ \ \ \ \
( ( )\___ | '_ | '_| | '_ \/ _` | \ \ \ \
 \\/  ___)| |_)| | | | | || (_| |  ) ) ) )
  '  |____| .__|_| |_|_| |_\__, | / / / /
 =========|_|==============|___/=/_/_/_/
 :: Spring Boot ::               (v2.7.18)

2023-12-16 21:07:35.016  INFO [catalog-service,,] 22333 --- [    Test worker] c.p.c.domain.BookRepositoryJdbcTests     : Starting BookRepositoryJdbcTests using Java 17.0.9 on qjxnfn6jt9 with PID 22333 (started by lucas in /Users/lucas/Custody/cicd/springBoot/catalog-service)
2023-12-16 21:07:35.016  INFO [catalog-service,,] 22333 --- [    Test worker] c.p.c.domain.BookRepositoryJdbcTests     : The following 1 profile is active: "integration"
2023-12-16 21:07:35.132  INFO [catalog-service,,] 22333 --- [    Test worker] .s.d.r.c.RepositoryConfigurationDelegate : Bootstrapping Spring Data JDBC repositories in DEFAULT mode.
2023-12-16 21:07:35.135  INFO [catalog-service,,] 22333 --- [    Test worker] .s.d.r.c.RepositoryConfigurationDelegate : Finished Spring Data repository scanning in 3 ms. Found 1 JDBC repository interfaces.
2023-12-16 21:07:35.238  INFO [catalog-service,,] 22333 --- [    Test worker] o.f.c.internal.license.VersionPrinter    : Flyway Community Edition 8.5.13 by Redgate
2023-12-16 21:07:35.238  INFO [catalog-service,,] 22333 --- [    Test worker] o.f.c.internal.license.VersionPrinter    : See what's new here: https://flywaydb.org/documentation/learnmore/releaseNotes#8.5.13
2023-12-16 21:07:35.238  INFO [catalog-service,,] 22333 --- [    Test worker] o.f.c.internal.license.VersionPrinter    : 
2023-12-16 21:07:35.239  INFO [catalog-service,,] 22333 --- [    Test worker] com.zaxxer.hikari.HikariDataSource       : HikariPool-2 - Starting...
2023-12-16 21:07:35.343  INFO [catalog-service,,] 22333 --- [    Test worker] com.zaxxer.hikari.HikariDataSource       : HikariPool-2 - Start completed.
2023-12-16 21:07:35.355  INFO [catalog-service,,] 22333 --- [    Test worker] o.f.c.i.database.base.BaseDatabaseType   : Database: jdbc:postgresql://localhost:65376/test (PostgreSQL 14.10)
2023-12-16 21:07:35.390  INFO [catalog-service,,] 22333 --- [    Test worker] o.f.core.internal.command.DbValidate     : Successfully validated 3 migrations (execution time 00:00.008s)
2023-12-16 21:07:35.395  INFO [catalog-service,,] 22333 --- [    Test worker] o.f.core.internal.command.DbMigrate      : Current version of schema "public": 3
2023-12-16 21:07:35.396  INFO [catalog-service,,] 22333 --- [    Test worker] o.f.core.internal.command.DbMigrate      : Schema "public" is up to date. No migration necessary.
2023-12-16 21:07:35.437  INFO [catalog-service,,] 22333 --- [    Test worker] c.p.c.domain.BookRepositoryJdbcTests     : Started BookRepositoryJdbcTests in 0.485 seconds (JVM running for 41.373)
2023-12-16 21:07:35.441  INFO [catalog-service,,] 22333 --- [    Test worker] o.s.t.c.transaction.TransactionContext   : Began transaction (1) for test context [DefaultTestContext@27dfd939 testClass = BookRepositoryJdbcTests, testInstance = com.polarbookshop.catalogservice.domain.BookRepositoryJdbcTests@7ec9d826, testMethod = findBookByIsbnWhenNotExisting@BookRepositoryJdbcTests, testException = [null], mergedContextConfiguration = [MergedContextConfiguration@6c1a9613 testClass = BookRepositoryJdbcTests, locations = '{}', classes = '{class com.polarbookshop.catalogservice.CatalogServiceApplication}', contextInitializerClasses = '[]', activeProfiles = '{integration}', propertySourceLocations = '{}', propertySourceProperties = '{org.springframework.boot.test.autoconfigure.data.jdbc.DataJdbcTestContextBootstrapper=true}', contextCustomizers = set[org.springframework.boot.test.autoconfigure.OverrideAutoConfigurationContextCustomizerFactory$DisableAutoConfigurationContextCustomizer@7a725c89, org.springframework.boot.test.autoconfigure.actuate.metrics.MetricsExportContextCustomizerFactory$DisableMetricExportContextCustomizer@41dd05a, org.springframework.boot.test.autoconfigure.filter.TypeExcludeFiltersContextCustomizer@4ea2bd95, org.springframework.boot.test.autoconfigure.properties.PropertyMappingContextCustomizer@e4722b1, org.springframework.boot.test.autoconfigure.web.servlet.WebDriverContextCustomizerFactory$Customizer@2dd80673, [ImportsContextCustomizer@1dd17c0c key = [org.springframework.boot.autoconfigure.transaction.TransactionAutoConfiguration, org.springframework.boot.autoconfigure.jdbc.DataSourceAutoConfiguration, com.polarbookshop.catalogservice.config.DataConfig, org.springframework.boot.autoconfigure.cache.CacheAutoConfiguration, org.springframework.boot.autoconfigure.data.jdbc.JdbcRepositoriesAutoConfiguration, org.springframework.boot.autoconfigure.sql.init.SqlInitializationAutoConfiguration, org.springframework.boot.autoconfigure.jdbc.JdbcTemplateAutoConfiguration, org.springframework.boot.test.autoconfigure.jdbc.TestDatabaseAutoConfiguration, org.springframework.boot.autoconfigure.flyway.FlywayAutoConfiguration, org.springframework.boot.autoconfigure.jdbc.DataSourceTransactionManagerAutoConfiguration, org.springframework.boot.autoconfigure.liquibase.LiquibaseAutoConfiguration]], org.springframework.boot.test.context.filter.ExcludeFilterContextCustomizer@acdb094, org.springframework.boot.test.json.DuplicateJsonObjectContextCustomizerFactory$DuplicateJsonObjectContextCustomizer@2ceb80a1, org.springframework.boot.test.mock.mockito.MockitoContextCustomizer@0, org.springframework.boot.test.context.SpringBootTestArgs@1, org.springframework.boot.test.context.SpringBootTestWebEnvironment@0], contextLoader = 'org.springframework.boot.test.context.SpringBootContextLoader', parent = [null]], attributes = map['org.springframework.test.context.event.ApplicationEventsTestExecutionListener.recordApplicationEvents' -> false]]; transaction manager [org.springframework.jdbc.support.JdbcTransactionManager@441e789e]; rollback [true]
2023-12-16 21:07:35.448  INFO [catalog-service,,] 22333 --- [    Test worker] o.s.t.c.transaction.TransactionContext   : Rolled back transaction for test: [DefaultTestContext@27dfd939 testClass = BookRepositoryJdbcTests, testInstance = com.polarbookshop.catalogservice.domain.BookRepositoryJdbcTests@7ec9d826, testMethod = findBookByIsbnWhenNotExisting@BookRepositoryJdbcTests, testException = [null], mergedContextConfiguration = [MergedContextConfiguration@6c1a9613 testClass = BookRepositoryJdbcTests, locations = '{}', classes = '{class com.polarbookshop.catalogservice.CatalogServiceApplication}', contextInitializerClasses = '[]', activeProfiles = '{integration}', propertySourceLocations = '{}', propertySourceProperties = '{org.springframework.boot.test.autoconfigure.data.jdbc.DataJdbcTestContextBootstrapper=true}', contextCustomizers = set[org.springframework.boot.test.autoconfigure.OverrideAutoConfigurationContextCustomizerFactory$DisableAutoConfigurationContextCustomizer@7a725c89, org.springframework.boot.test.autoconfigure.actuate.metrics.MetricsExportContextCustomizerFactory$DisableMetricExportContextCustomizer@41dd05a, org.springframework.boot.test.autoconfigure.filter.TypeExcludeFiltersContextCustomizer@4ea2bd95, org.springframework.boot.test.autoconfigure.properties.PropertyMappingContextCustomizer@e4722b1, org.springframework.boot.test.autoconfigure.web.servlet.WebDriverContextCustomizerFactory$Customizer@2dd80673, [ImportsContextCustomizer@1dd17c0c key = [org.springframework.boot.autoconfigure.transaction.TransactionAutoConfiguration, org.springframework.boot.autoconfigure.jdbc.DataSourceAutoConfiguration, com.polarbookshop.catalogservice.config.DataConfig, org.springframework.boot.autoconfigure.cache.CacheAutoConfiguration, org.springframework.boot.autoconfigure.data.jdbc.JdbcRepositoriesAutoConfiguration, org.springframework.boot.autoconfigure.sql.init.SqlInitializationAutoConfiguration, org.springframework.boot.autoconfigure.jdbc.JdbcTemplateAutoConfiguration, org.springframework.boot.test.autoconfigure.jdbc.TestDatabaseAutoConfiguration, org.springframework.boot.autoconfigure.flyway.FlywayAutoConfiguration, org.springframework.boot.autoconfigure.jdbc.DataSourceTransactionManagerAutoConfiguration, org.springframework.boot.autoconfigure.liquibase.LiquibaseAutoConfiguration]], org.springframework.boot.test.context.filter.ExcludeFilterContextCustomizer@acdb094, org.springframework.boot.test.json.DuplicateJsonObjectContextCustomizerFactory$DuplicateJsonObjectContextCustomizer@2ceb80a1, org.springframework.boot.test.mock.mockito.MockitoContextCustomizer@0, org.springframework.boot.test.context.SpringBootTestArgs@1, org.springframework.boot.test.context.SpringBootTestWebEnvironment@0], contextLoader = 'org.springframework.boot.test.context.SpringBootContextLoader', parent = [null]], attributes = map['org.springframework.test.context.event.ApplicationEventsTestExecutionListener.recordApplicationEvents' -> false]]
2023-12-16 21:07:35.449  INFO [catalog-service,,] 22333 --- [    Test worker] o.s.t.c.transaction.TransactionContext   : Began transaction (1) for test context [DefaultTestContext@27dfd939 testClass = BookRepositoryJdbcTests, testInstance = com.polarbookshop.catalogservice.domain.BookRepositoryJdbcTests@61defefb, testMethod = whenCreateBookNotAuthenticatedThenNoAuditMetadata@BookRepositoryJdbcTests, testException = [null], mergedContextConfiguration = [MergedContextConfiguration@6c1a9613 testClass = BookRepositoryJdbcTests, locations = '{}', classes = '{class com.polarbookshop.catalogservice.CatalogServiceApplication}', contextInitializerClasses = '[]', activeProfiles = '{integration}', propertySourceLocations = '{}', propertySourceProperties = '{org.springframework.boot.test.autoconfigure.data.jdbc.DataJdbcTestContextBootstrapper=true}', contextCustomizers = set[org.springframework.boot.test.autoconfigure.OverrideAutoConfigurationContextCustomizerFactory$DisableAutoConfigurationContextCustomizer@7a725c89, org.springframework.boot.test.autoconfigure.actuate.metrics.MetricsExportContextCustomizerFactory$DisableMetricExportContextCustomizer@41dd05a, org.springframework.boot.test.autoconfigure.filter.TypeExcludeFiltersContextCustomizer@4ea2bd95, org.springframework.boot.test.autoconfigure.properties.PropertyMappingContextCustomizer@e4722b1, org.springframework.boot.test.autoconfigure.web.servlet.WebDriverContextCustomizerFactory$Customizer@2dd80673, [ImportsContextCustomizer@1dd17c0c key = [org.springframework.boot.autoconfigure.transaction.TransactionAutoConfiguration, org.springframework.boot.autoconfigure.jdbc.DataSourceAutoConfiguration, com.polarbookshop.catalogservice.config.DataConfig, org.springframework.boot.autoconfigure.cache.CacheAutoConfiguration, org.springframework.boot.autoconfigure.data.jdbc.JdbcRepositoriesAutoConfiguration, org.springframework.boot.autoconfigure.sql.init.SqlInitializationAutoConfiguration, org.springframework.boot.autoconfigure.jdbc.JdbcTemplateAutoConfiguration, org.springframework.boot.test.autoconfigure.jdbc.TestDatabaseAutoConfiguration, org.springframework.boot.autoconfigure.flyway.FlywayAutoConfiguration, org.springframework.boot.autoconfigure.jdbc.DataSourceTransactionManagerAutoConfiguration, org.springframework.boot.autoconfigure.liquibase.LiquibaseAutoConfiguration]], org.springframework.boot.test.context.filter.ExcludeFilterContextCustomizer@acdb094, org.springframework.boot.test.json.DuplicateJsonObjectContextCustomizerFactory$DuplicateJsonObjectContextCustomizer@2ceb80a1, org.springframework.boot.test.mock.mockito.MockitoContextCustomizer@0, org.springframework.boot.test.context.SpringBootTestArgs@1, org.springframework.boot.test.context.SpringBootTestWebEnvironment@0], contextLoader = 'org.springframework.boot.test.context.SpringBootContextLoader', parent = [null]], attributes = map['org.springframework.test.context.event.ApplicationEventsTestExecutionListener.recordApplicationEvents' -> false]]; transaction manager [org.springframework.jdbc.support.JdbcTransactionManager@441e789e]; rollback [true]
2023-12-16 21:07:35.457  INFO [catalog-service,,] 22333 --- [    Test worker] o.s.t.c.transaction.TransactionContext   : Rolled back transaction for test: [DefaultTestContext@27dfd939 testClass = BookRepositoryJdbcTests, testInstance = com.polarbookshop.catalogservice.domain.BookRepositoryJdbcTests@61defefb, testMethod = whenCreateBookNotAuthenticatedThenNoAuditMetadata@BookRepositoryJdbcTests, testException = [null], mergedContextConfiguration = [MergedContextConfiguration@6c1a9613 testClass = BookRepositoryJdbcTests, locations = '{}', classes = '{class com.polarbookshop.catalogservice.CatalogServiceApplication}', contextInitializerClasses = '[]', activeProfiles = '{integration}', propertySourceLocations = '{}', propertySourceProperties = '{org.springframework.boot.test.autoconfigure.data.jdbc.DataJdbcTestContextBootstrapper=true}', contextCustomizers = set[org.springframework.boot.test.autoconfigure.OverrideAutoConfigurationContextCustomizerFactory$DisableAutoConfigurationContextCustomizer@7a725c89, org.springframework.boot.test.autoconfigure.actuate.metrics.MetricsExportContextCustomizerFactory$DisableMetricExportContextCustomizer@41dd05a, org.springframework.boot.test.autoconfigure.filter.TypeExcludeFiltersContextCustomizer@4ea2bd95, org.springframework.boot.test.autoconfigure.properties.PropertyMappingContextCustomizer@e4722b1, org.springframework.boot.test.autoconfigure.web.servlet.WebDriverContextCustomizerFactory$Customizer@2dd80673, [ImportsContextCustomizer@1dd17c0c key = [org.springframework.boot.autoconfigure.transaction.TransactionAutoConfiguration, org.springframework.boot.autoconfigure.jdbc.DataSourceAutoConfiguration, com.polarbookshop.catalogservice.config.DataConfig, org.springframework.boot.autoconfigure.cache.CacheAutoConfiguration, org.springframework.boot.autoconfigure.data.jdbc.JdbcRepositoriesAutoConfiguration, org.springframework.boot.autoconfigure.sql.init.SqlInitializationAutoConfiguration, org.springframework.boot.autoconfigure.jdbc.JdbcTemplateAutoConfiguration, org.springframework.boot.test.autoconfigure.jdbc.TestDatabaseAutoConfiguration, org.springframework.boot.autoconfigure.flyway.FlywayAutoConfiguration, org.springframework.boot.autoconfigure.jdbc.DataSourceTransactionManagerAutoConfiguration, org.springframework.boot.autoconfigure.liquibase.LiquibaseAutoConfiguration]], org.springframework.boot.test.context.filter.ExcludeFilterContextCustomizer@acdb094, org.springframework.boot.test.json.DuplicateJsonObjectContextCustomizerFactory$DuplicateJsonObjectContextCustomizer@2ceb80a1, org.springframework.boot.test.mock.mockito.MockitoContextCustomizer@0, org.springframework.boot.test.context.SpringBootTestArgs@1, org.springframework.boot.test.context.SpringBootTestWebEnvironment@0], contextLoader = 'org.springframework.boot.test.context.SpringBootContextLoader', parent = [null]], attributes = map['org.springframework.test.context.event.ApplicationEventsTestExecutionListener.recordApplicationEvents' -> false]]
2023-12-16 21:07:35.458  INFO [catalog-service,,] 22333 --- [    Test worker] o.s.t.c.transaction.TransactionContext   : Began transaction (1) for test context [DefaultTestContext@27dfd939 testClass = BookRepositoryJdbcTests, testInstance = com.polarbookshop.catalogservice.domain.BookRepositoryJdbcTests@2c75b0c8, testMethod = findBookByIsbnWhenExisting@BookRepositoryJdbcTests, testException = [null], mergedContextConfiguration = [MergedContextConfiguration@6c1a9613 testClass = BookRepositoryJdbcTests, locations = '{}', classes = '{class com.polarbookshop.catalogservice.CatalogServiceApplication}', contextInitializerClasses = '[]', activeProfiles = '{integration}', propertySourceLocations = '{}', propertySourceProperties = '{org.springframework.boot.test.autoconfigure.data.jdbc.DataJdbcTestContextBootstrapper=true}', contextCustomizers = set[org.springframework.boot.test.autoconfigure.OverrideAutoConfigurationContextCustomizerFactory$DisableAutoConfigurationContextCustomizer@7a725c89, org.springframework.boot.test.autoconfigure.actuate.metrics.MetricsExportContextCustomizerFactory$DisableMetricExportContextCustomizer@41dd05a, org.springframework.boot.test.autoconfigure.filter.TypeExcludeFiltersContextCustomizer@4ea2bd95, org.springframework.boot.test.autoconfigure.properties.PropertyMappingContextCustomizer@e4722b1, org.springframework.boot.test.autoconfigure.web.servlet.WebDriverContextCustomizerFactory$Customizer@2dd80673, [ImportsContextCustomizer@1dd17c0c key = [org.springframework.boot.autoconfigure.transaction.TransactionAutoConfiguration, org.springframework.boot.autoconfigure.jdbc.DataSourceAutoConfiguration, com.polarbookshop.catalogservice.config.DataConfig, org.springframework.boot.autoconfigure.cache.CacheAutoConfiguration, org.springframework.boot.autoconfigure.data.jdbc.JdbcRepositoriesAutoConfiguration, org.springframework.boot.autoconfigure.sql.init.SqlInitializationAutoConfiguration, org.springframework.boot.autoconfigure.jdbc.JdbcTemplateAutoConfiguration, org.springframework.boot.test.autoconfigure.jdbc.TestDatabaseAutoConfiguration, org.springframework.boot.autoconfigure.flyway.FlywayAutoConfiguration, org.springframework.boot.autoconfigure.jdbc.DataSourceTransactionManagerAutoConfiguration, org.springframework.boot.autoconfigure.liquibase.LiquibaseAutoConfiguration]], org.springframework.boot.test.context.filter.ExcludeFilterContextCustomizer@acdb094, org.springframework.boot.test.json.DuplicateJsonObjectContextCustomizerFactory$DuplicateJsonObjectContextCustomizer@2ceb80a1, org.springframework.boot.test.mock.mockito.MockitoContextCustomizer@0, org.springframework.boot.test.context.SpringBootTestArgs@1, org.springframework.boot.test.context.SpringBootTestWebEnvironment@0], contextLoader = 'org.springframework.boot.test.context.SpringBootContextLoader', parent = [null]], attributes = map['org.springframework.test.context.event.ApplicationEventsTestExecutionListener.recordApplicationEvents' -> false]]; transaction manager [org.springframework.jdbc.support.JdbcTransactionManager@441e789e]; rollback [true]
2023-12-16 21:07:35.466  INFO [catalog-service,,] 22333 --- [    Test worker] o.s.t.c.transaction.TransactionContext   : Rolled back transaction for test: [DefaultTestContext@27dfd939 testClass = BookRepositoryJdbcTests, testInstance = com.polarbookshop.catalogservice.domain.BookRepositoryJdbcTests@2c75b0c8, testMethod = findBookByIsbnWhenExisting@BookRepositoryJdbcTests, testException = [null], mergedContextConfiguration = [MergedContextConfiguration@6c1a9613 testClass = BookRepositoryJdbcTests, locations = '{}', classes = '{class com.polarbookshop.catalogservice.CatalogServiceApplication}', contextInitializerClasses = '[]', activeProfiles = '{integration}', propertySourceLocations = '{}', propertySourceProperties = '{org.springframework.boot.test.autoconfigure.data.jdbc.DataJdbcTestContextBootstrapper=true}', contextCustomizers = set[org.springframework.boot.test.autoconfigure.OverrideAutoConfigurationContextCustomizerFactory$DisableAutoConfigurationContextCustomizer@7a725c89, org.springframework.boot.test.autoconfigure.actuate.metrics.MetricsExportContextCustomizerFactory$DisableMetricExportContextCustomizer@41dd05a, org.springframework.boot.test.autoconfigure.filter.TypeExcludeFiltersContextCustomizer@4ea2bd95, org.springframework.boot.test.autoconfigure.properties.PropertyMappingContextCustomizer@e4722b1, org.springframework.boot.test.autoconfigure.web.servlet.WebDriverContextCustomizerFactory$Customizer@2dd80673, [ImportsContextCustomizer@1dd17c0c key = [org.springframework.boot.autoconfigure.transaction.TransactionAutoConfiguration, org.springframework.boot.autoconfigure.jdbc.DataSourceAutoConfiguration, com.polarbookshop.catalogservice.config.DataConfig, org.springframework.boot.autoconfigure.cache.CacheAutoConfiguration, org.springframework.boot.autoconfigure.data.jdbc.JdbcRepositoriesAutoConfiguration, org.springframework.boot.autoconfigure.sql.init.SqlInitializationAutoConfiguration, org.springframework.boot.autoconfigure.jdbc.JdbcTemplateAutoConfiguration, org.springframework.boot.test.autoconfigure.jdbc.TestDatabaseAutoConfiguration, org.springframework.boot.autoconfigure.flyway.FlywayAutoConfiguration, org.springframework.boot.autoconfigure.jdbc.DataSourceTransactionManagerAutoConfiguration, org.springframework.boot.autoconfigure.liquibase.LiquibaseAutoConfiguration]], org.springframework.boot.test.context.filter.ExcludeFilterContextCustomizer@acdb094, org.springframework.boot.test.json.DuplicateJsonObjectContextCustomizerFactory$DuplicateJsonObjectContextCustomizer@2ceb80a1, org.springframework.boot.test.mock.mockito.MockitoContextCustomizer@0, org.springframework.boot.test.context.SpringBootTestArgs@1, org.springframework.boot.test.context.SpringBootTestWebEnvironment@0], contextLoader = 'org.springframework.boot.test.context.SpringBootContextLoader', parent = [null]], attributes = map['org.springframework.test.context.event.ApplicationEventsTestExecutionListener.recordApplicationEvents' -> false]]
2023-12-16 21:07:35.467  INFO [catalog-service,,] 22333 --- [    Test worker] o.s.t.c.transaction.TransactionContext   : Began transaction (1) for test context [DefaultTestContext@27dfd939 testClass = BookRepositoryJdbcTests, testInstance = com.polarbookshop.catalogservice.domain.BookRepositoryJdbcTests@40597c95, testMethod = whenCreateBookAuthenticatedThenAuditMetadata@BookRepositoryJdbcTests, testException = [null], mergedContextConfiguration = [MergedContextConfiguration@6c1a9613 testClass = BookRepositoryJdbcTests, locations = '{}', classes = '{class com.polarbookshop.catalogservice.CatalogServiceApplication}', contextInitializerClasses = '[]', activeProfiles = '{integration}', propertySourceLocations = '{}', propertySourceProperties = '{org.springframework.boot.test.autoconfigure.data.jdbc.DataJdbcTestContextBootstrapper=true}', contextCustomizers = set[org.springframework.boot.test.autoconfigure.OverrideAutoConfigurationContextCustomizerFactory$DisableAutoConfigurationContextCustomizer@7a725c89, org.springframework.boot.test.autoconfigure.actuate.metrics.MetricsExportContextCustomizerFactory$DisableMetricExportContextCustomizer@41dd05a, org.springframework.boot.test.autoconfigure.filter.TypeExcludeFiltersContextCustomizer@4ea2bd95, org.springframework.boot.test.autoconfigure.properties.PropertyMappingContextCustomizer@e4722b1, org.springframework.boot.test.autoconfigure.web.servlet.WebDriverContextCustomizerFactory$Customizer@2dd80673, [ImportsContextCustomizer@1dd17c0c key = [org.springframework.boot.autoconfigure.transaction.TransactionAutoConfiguration, org.springframework.boot.autoconfigure.jdbc.DataSourceAutoConfiguration, com.polarbookshop.catalogservice.config.DataConfig, org.springframework.boot.autoconfigure.cache.CacheAutoConfiguration, org.springframework.boot.autoconfigure.data.jdbc.JdbcRepositoriesAutoConfiguration, org.springframework.boot.autoconfigure.sql.init.SqlInitializationAutoConfiguration, org.springframework.boot.autoconfigure.jdbc.JdbcTemplateAutoConfiguration, org.springframework.boot.test.autoconfigure.jdbc.TestDatabaseAutoConfiguration, org.springframework.boot.autoconfigure.flyway.FlywayAutoConfiguration, org.springframework.boot.autoconfigure.jdbc.DataSourceTransactionManagerAutoConfiguration, org.springframework.boot.autoconfigure.liquibase.LiquibaseAutoConfiguration]], org.springframework.boot.test.context.filter.ExcludeFilterContextCustomizer@acdb094, org.springframework.boot.test.json.DuplicateJsonObjectContextCustomizerFactory$DuplicateJsonObjectContextCustomizer@2ceb80a1, org.springframework.boot.test.mock.mockito.MockitoContextCustomizer@0, org.springframework.boot.test.context.SpringBootTestArgs@1, org.springframework.boot.test.context.SpringBootTestWebEnvironment@0], contextLoader = 'org.springframework.boot.test.context.SpringBootContextLoader', parent = [null]], attributes = map['org.springframework.test.context.event.ApplicationEventsTestExecutionListener.recordApplicationEvents' -> false]]; transaction manager [org.springframework.jdbc.support.JdbcTransactionManager@441e789e]; rollback [true]
2023-12-16 21:07:35.474  INFO [catalog-service,,] 22333 --- [    Test worker] o.s.t.c.transaction.TransactionContext   : Rolled back transaction for test: [DefaultTestContext@27dfd939 testClass = BookRepositoryJdbcTests, testInstance = com.polarbookshop.catalogservice.domain.BookRepositoryJdbcTests@40597c95, testMethod = whenCreateBookAuthenticatedThenAuditMetadata@BookRepositoryJdbcTests, testException = [null], mergedContextConfiguration = [MergedContextConfiguration@6c1a9613 testClass = BookRepositoryJdbcTests, locations = '{}', classes = '{class com.polarbookshop.catalogservice.CatalogServiceApplication}', contextInitializerClasses = '[]', activeProfiles = '{integration}', propertySourceLocations = '{}', propertySourceProperties = '{org.springframework.boot.test.autoconfigure.data.jdbc.DataJdbcTestContextBootstrapper=true}', contextCustomizers = set[org.springframework.boot.test.autoconfigure.OverrideAutoConfigurationContextCustomizerFactory$DisableAutoConfigurationContextCustomizer@7a725c89, org.springframework.boot.test.autoconfigure.actuate.metrics.MetricsExportContextCustomizerFactory$DisableMetricExportContextCustomizer@41dd05a, org.springframework.boot.test.autoconfigure.filter.TypeExcludeFiltersContextCustomizer@4ea2bd95, org.springframework.boot.test.autoconfigure.properties.PropertyMappingContextCustomizer@e4722b1, org.springframework.boot.test.autoconfigure.web.servlet.WebDriverContextCustomizerFactory$Customizer@2dd80673, [ImportsContextCustomizer@1dd17c0c key = [org.springframework.boot.autoconfigure.transaction.TransactionAutoConfiguration, org.springframework.boot.autoconfigure.jdbc.DataSourceAutoConfiguration, com.polarbookshop.catalogservice.config.DataConfig, org.springframework.boot.autoconfigure.cache.CacheAutoConfiguration, org.springframework.boot.autoconfigure.data.jdbc.JdbcRepositoriesAutoConfiguration, org.springframework.boot.autoconfigure.sql.init.SqlInitializationAutoConfiguration, org.springframework.boot.autoconfigure.jdbc.JdbcTemplateAutoConfiguration, org.springframework.boot.test.autoconfigure.jdbc.TestDatabaseAutoConfiguration, org.springframework.boot.autoconfigure.flyway.FlywayAutoConfiguration, org.springframework.boot.autoconfigure.jdbc.DataSourceTransactionManagerAutoConfiguration, org.springframework.boot.autoconfigure.liquibase.LiquibaseAutoConfiguration]], org.springframework.boot.test.context.filter.ExcludeFilterContextCustomizer@acdb094, org.springframework.boot.test.json.DuplicateJsonObjectContextCustomizerFactory$DuplicateJsonObjectContextCustomizer@2ceb80a1, org.springframework.boot.test.mock.mockito.MockitoContextCustomizer@0, org.springframework.boot.test.context.SpringBootTestArgs@1, org.springframework.boot.test.context.SpringBootTestWebEnvironment@0], contextLoader = 'org.springframework.boot.test.context.SpringBootContextLoader', parent = [null]], attributes = map['org.springframework.test.context.event.ApplicationEventsTestExecutionListener.recordApplicationEvents' -> false]]
2023-12-16 21:07:35.475  INFO [catalog-service,,] 22333 --- [    Test worker] o.s.t.c.transaction.TransactionContext   : Began transaction (1) for test context [DefaultTestContext@27dfd939 testClass = BookRepositoryJdbcTests, testInstance = com.polarbookshop.catalogservice.domain.BookRepositoryJdbcTests@25fa5c0c, testMethod = findAllBooks@BookRepositoryJdbcTests, testException = [null], mergedContextConfiguration = [MergedContextConfiguration@6c1a9613 testClass = BookRepositoryJdbcTests, locations = '{}', classes = '{class com.polarbookshop.catalogservice.CatalogServiceApplication}', contextInitializerClasses = '[]', activeProfiles = '{integration}', propertySourceLocations = '{}', propertySourceProperties = '{org.springframework.boot.test.autoconfigure.data.jdbc.DataJdbcTestContextBootstrapper=true}', contextCustomizers = set[org.springframework.boot.test.autoconfigure.OverrideAutoConfigurationContextCustomizerFactory$DisableAutoConfigurationContextCustomizer@7a725c89, org.springframework.boot.test.autoconfigure.actuate.metrics.MetricsExportContextCustomizerFactory$DisableMetricExportContextCustomizer@41dd05a, org.springframework.boot.test.autoconfigure.filter.TypeExcludeFiltersContextCustomizer@4ea2bd95, org.springframework.boot.test.autoconfigure.properties.PropertyMappingContextCustomizer@e4722b1, org.springframework.boot.test.autoconfigure.web.servlet.WebDriverContextCustomizerFactory$Customizer@2dd80673, [ImportsContextCustomizer@1dd17c0c key = [org.springframework.boot.autoconfigure.transaction.TransactionAutoConfiguration, org.springframework.boot.autoconfigure.jdbc.DataSourceAutoConfiguration, com.polarbookshop.catalogservice.config.DataConfig, org.springframework.boot.autoconfigure.cache.CacheAutoConfiguration, org.springframework.boot.autoconfigure.data.jdbc.JdbcRepositoriesAutoConfiguration, org.springframework.boot.autoconfigure.sql.init.SqlInitializationAutoConfiguration, org.springframework.boot.autoconfigure.jdbc.JdbcTemplateAutoConfiguration, org.springframework.boot.test.autoconfigure.jdbc.TestDatabaseAutoConfiguration, org.springframework.boot.autoconfigure.flyway.FlywayAutoConfiguration, org.springframework.boot.autoconfigure.jdbc.DataSourceTransactionManagerAutoConfiguration, org.springframework.boot.autoconfigure.liquibase.LiquibaseAutoConfiguration]], org.springframework.boot.test.context.filter.ExcludeFilterContextCustomizer@acdb094, org.springframework.boot.test.json.DuplicateJsonObjectContextCustomizerFactory$DuplicateJsonObjectContextCustomizer@2ceb80a1, org.springframework.boot.test.mock.mockito.MockitoContextCustomizer@0, org.springframework.boot.test.context.SpringBootTestArgs@1, org.springframework.boot.test.context.SpringBootTestWebEnvironment@0], contextLoader = 'org.springframework.boot.test.context.SpringBootContextLoader', parent = [null]], attributes = map['org.springframework.test.context.event.ApplicationEventsTestExecutionListener.recordApplicationEvents' -> false]]; transaction manager [org.springframework.jdbc.support.JdbcTransactionManager@441e789e]; rollback [true]
2023-12-16 21:07:35.493  INFO [catalog-service,,] 22333 --- [    Test worker] o.s.t.c.transaction.TransactionContext   : Rolled back transaction for test: [DefaultTestContext@27dfd939 testClass = BookRepositoryJdbcTests, testInstance = com.polarbookshop.catalogservice.domain.BookRepositoryJdbcTests@25fa5c0c, testMethod = findAllBooks@BookRepositoryJdbcTests, testException = [null], mergedContextConfiguration = [MergedContextConfiguration@6c1a9613 testClass = BookRepositoryJdbcTests, locations = '{}', classes = '{class com.polarbookshop.catalogservice.CatalogServiceApplication}', contextInitializerClasses = '[]', activeProfiles = '{integration}', propertySourceLocations = '{}', propertySourceProperties = '{org.springframework.boot.test.autoconfigure.data.jdbc.DataJdbcTestContextBootstrapper=true}', contextCustomizers = set[org.springframework.boot.test.autoconfigure.OverrideAutoConfigurationContextCustomizerFactory$DisableAutoConfigurationContextCustomizer@7a725c89, org.springframework.boot.test.autoconfigure.actuate.metrics.MetricsExportContextCustomizerFactory$DisableMetricExportContextCustomizer@41dd05a, org.springframework.boot.test.autoconfigure.filter.TypeExcludeFiltersContextCustomizer@4ea2bd95, org.springframework.boot.test.autoconfigure.properties.PropertyMappingContextCustomizer@e4722b1, org.springframework.boot.test.autoconfigure.web.servlet.WebDriverContextCustomizerFactory$Customizer@2dd80673, [ImportsContextCustomizer@1dd17c0c key = [org.springframework.boot.autoconfigure.transaction.TransactionAutoConfiguration, org.springframework.boot.autoconfigure.jdbc.DataSourceAutoConfiguration, com.polarbookshop.catalogservice.config.DataConfig, org.springframework.boot.autoconfigure.cache.CacheAutoConfiguration, org.springframework.boot.autoconfigure.data.jdbc.JdbcRepositoriesAutoConfiguration, org.springframework.boot.autoconfigure.sql.init.SqlInitializationAutoConfiguration, org.springframework.boot.autoconfigure.jdbc.JdbcTemplateAutoConfiguration, org.springframework.boot.test.autoconfigure.jdbc.TestDatabaseAutoConfiguration, org.springframework.boot.autoconfigure.flyway.FlywayAutoConfiguration, org.springframework.boot.autoconfigure.jdbc.DataSourceTransactionManagerAutoConfiguration, org.springframework.boot.autoconfigure.liquibase.LiquibaseAutoConfiguration]], org.springframework.boot.test.context.filter.ExcludeFilterContextCustomizer@acdb094, org.springframework.boot.test.json.DuplicateJsonObjectContextCustomizerFactory$DuplicateJsonObjectContextCustomizer@2ceb80a1, org.springframework.boot.test.mock.mockito.MockitoContextCustomizer@0, org.springframework.boot.test.context.SpringBootTestArgs@1, org.springframework.boot.test.context.SpringBootTestWebEnvironment@0], contextLoader = 'org.springframework.boot.test.context.SpringBootContextLoader', parent = [null]], attributes = map['org.springframework.test.context.event.ApplicationEventsTestExecutionListener.recordApplicationEvents' -> false]]
]]></system-out>
  <system-err><![CDATA[]]></system-err>
</testsuite>
