<?xml version="1.0" encoding="UTF-8"?>
<testsuite name="com.polarbookshop.catalogservice.web.BookControllerMvcTests" tests="13" skipped="0" failures="0" errors="0" timestamp="2023-12-16T13:07:35" hostname="qjxnfn6jt9" time="0.077">
  <properties/>
  <testcase name="whenDeleteBookWithEmployeeRoleThenShouldReturn204()" classname="com.polarbookshop.catalogservice.web.BookControllerMvcTests" time="0.021"/>
  <testcase name="whenGetBookNotExistingAndAuthenticatedThenShouldReturn404()" classname="com.polarbookshop.catalogservice.web.BookControllerMvcTests" time="0.007"/>
  <testcase name="whenPutBookWithCustomerRoleThenShouldReturn403()" classname="com.polarbookshop.catalogservice.web.BookControllerMvcTests" time="0.006"/>
  <testcase name="whenPostBookWithEmployeeRoleThenShouldReturn201()" classname="com.polarbookshop.catalogservice.web.BookControllerMvcTests" time="0.016"/>
  <testcase name="whenPutBookAndNotAuthenticatedThenShouldReturn401()" classname="com.polarbookshop.catalogservice.web.BookControllerMvcTests" time="0.001"/>
  <testcase name="whenGetBookExistingAndAuthenticatedThenShouldReturn200()" classname="com.polarbookshop.catalogservice.web.BookControllerMvcTests" time="0.008"/>
  <testcase name="whenGetBookNotExistingAndNotAuthenticatedThenShouldReturn404()" classname="com.polarbookshop.catalogservice.web.BookControllerMvcTests" time="0.002"/>
  <testcase name="whenGetBookExistingAndNotAuthenticatedThenShouldReturn200()" classname="com.polarbookshop.catalogservice.web.BookControllerMvcTests" time="0.003"/>
  <testcase name="whenPutBookWithEmployeeRoleThenShouldReturn200()" classname="com.polarbookshop.catalogservice.web.BookControllerMvcTests" time="0.002"/>
  <testcase name="whenDeleteBookWithCustomerRoleThenShouldReturn403()" classname="com.polarbookshop.catalogservice.web.BookControllerMvcTests" time="0.001"/>
  <testcase name="whenPostBookAndNotAuthenticatedThenShouldReturn403()" classname="com.polarbookshop.catalogservice.web.BookControllerMvcTests" time="0.002"/>
  <testcase name="whenDeleteBookNotAuthenticatedThenShouldReturn401()" classname="com.polarbookshop.catalogservice.web.BookControllerMvcTests" time="0.001"/>
  <testcase name="whenPostBookWithCustomerRoleThenShouldReturn403()" classname="com.polarbookshop.catalogservice.web.BookControllerMvcTests" time="0.001"/>
  <system-out><![CDATA[2023-12-16 21:07:35.505  INFO [catalog-service,,] 22333 --- [    Test worker] .b.t.a.w.s.WebMvcTestContextBootstrapper : Neither @ContextConfiguration nor @ContextHierarchy found for test class [com.polarbookshop.catalogservice.web.BookControllerMvcTests], using SpringBootContextLoader
2023-12-16 21:07:35.506  INFO [catalog-service,,] 22333 --- [    Test worker] o.s.t.c.support.AbstractContextLoader    : Could not detect default resource locations for test class [com.polarbookshop.catalogservice.web.BookControllerMvcTests]: no resource found for suffixes {-context.xml, Context.groovy}.
2023-12-16 21:07:35.506  INFO [catalog-service,,] 22333 --- [    Test worker] t.c.s.AnnotationConfigContextLoaderUtils : Could not detect default configuration classes for test class [com.polarbookshop.catalogservice.web.BookControllerMvcTests]: BookControllerMvcTests does not declare any static, non-private, non-final, nested classes annotated with @Configuration.
2023-12-16 21:07:35.512  INFO [catalog-service,,] 22333 --- [    Test worker] .b.t.c.SpringBootTestContextBootstrapper : Found @SpringBootConfiguration com.polarbookshop.catalogservice.CatalogServiceApplication for test class com.polarbookshop.catalogservice.web.BookControllerMvcTests
2023-12-16 21:07:35.512  INFO [catalog-service,,] 22333 --- [    Test worker] .b.t.a.w.s.WebMvcTestContextBootstrapper : Loaded default TestExecutionListener class names from location [META-INF/spring.factories]: [org.springframework.security.test.context.support.WithSecurityContextTestExecutionListener, org.springframework.security.test.context.support.ReactorContextTestExecutionListener, org.springframework.boot.test.autoconfigure.restdocs.RestDocsTestExecutionListener, org.springframework.boot.test.autoconfigure.web.client.MockRestServiceServerResetTestExecutionListener, org.springframework.boot.test.autoconfigure.web.servlet.MockMvcPrintOnlyOnFailureTestExecutionListener, org.springframework.boot.test.autoconfigure.web.servlet.WebDriverTestExecutionListener, org.springframework.boot.test.autoconfigure.webservices.client.MockWebServiceServerTestExecutionListener, org.springframework.boot.test.mock.mockito.MockitoTestExecutionListener, org.springframework.boot.test.mock.mockito.ResetMocksTestExecutionListener, org.springframework.test.context.web.ServletTestExecutionListener, org.springframework.test.context.support.DirtiesContextBeforeModesTestExecutionListener, org.springframework.test.context.event.ApplicationEventsTestExecutionListener, org.springframework.test.context.support.DependencyInjectionTestExecutionListener, org.springframework.test.context.support.DirtiesContextTestExecutionListener, org.springframework.test.context.transaction.TransactionalTestExecutionListener, org.springframework.test.context.jdbc.SqlScriptsTestExecutionListener, org.springframework.test.context.event.EventPublishingTestExecutionListener]
2023-12-16 21:07:35.513  INFO [catalog-service,,] 22333 --- [    Test worker] .b.t.a.w.s.WebMvcTestContextBootstrapper : Using TestExecutionListeners: [org.springframework.test.context.web.ServletTestExecutionListener@545bc8e1, org.springframework.test.context.support.DirtiesContextBeforeModesTestExecutionListener@5f3705e7, org.springframework.test.context.event.ApplicationEventsTestExecutionListener@8872669, org.springframework.boot.test.mock.mockito.MockitoTestExecutionListener@14b53f58, org.springframework.boot.test.autoconfigure.SpringBootDependencyInjectionTestExecutionListener@1e23e1ef, org.springframework.test.context.support.DirtiesContextTestExecutionListener@79dcd7f1, org.springframework.test.context.transaction.TransactionalTestExecutionListener@485902cd, org.springframework.test.context.jdbc.SqlScriptsTestExecutionListener@75abbb61, org.springframework.security.test.context.support.WithSecurityContextTestExecutionListener@740610a2, org.springframework.test.context.event.EventPublishingTestExecutionListener@6bfa228c, org.springframework.security.test.context.support.ReactorContextTestExecutionListener@6b351a54, org.springframework.boot.test.autoconfigure.restdocs.RestDocsTestExecutionListener@43edd4e0, org.springframework.boot.test.autoconfigure.web.client.MockRestServiceServerResetTestExecutionListener@72a4f3f, org.springframework.boot.test.autoconfigure.web.servlet.MockMvcPrintOnlyOnFailureTestExecutionListener@3dfef314, org.springframework.boot.test.autoconfigure.web.servlet.WebDriverTestExecutionListener@7edab945, org.springframework.boot.test.autoconfigure.webservices.client.MockWebServiceServerTestExecutionListener@533d28aa, org.springframework.boot.test.mock.mockito.ResetMocksTestExecutionListener@6bbd645]

  .   ____          _            __ _ _
 /\\ / ___'_ __ _ _(_)_ __  __ _ \ \ \ \
( ( )\___ | '_ | '_| | '_ \/ _` | \ \ \ \
 \\/  ___)| |_)| | | | | || (_| |  ) ) ) )
  '  |____| .__|_| |_|_| |_\__, | / / / /
 =========|_|==============|___/=/_/_/_/
 :: Spring Boot ::               (v2.7.18)

2023-12-16 21:07:35.537  INFO [catalog-service,,] 22333 --- [    Test worker] c.p.c.web.BookControllerMvcTests         : Starting BookControllerMvcTests using Java 17.0.9 on qjxnfn6jt9 with PID 22333 (started by lucas in /Users/lucas/Custody/cicd/springBoot/catalog-service)
2023-12-16 21:07:35.537  INFO [catalog-service,,] 22333 --- [    Test worker] c.p.c.web.BookControllerMvcTests         : No active profile set, falling back to 1 default profile: "default"
2023-12-16 21:07:35.765  INFO [catalog-service,,] 22333 --- [    Test worker] o.s.s.web.DefaultSecurityFilterChain     : Will secure any request with [org.springframework.security.web.session.DisableEncodeUrlFilter@7d5e165, org.springframework.security.web.context.request.async.WebAsyncManagerIntegrationFilter@7adf0ff9, org.springframework.security.web.context.SecurityContextPersistenceFilter@28058dd0, org.springframework.security.web.header.HeaderWriterFilter@6a2b30b9, org.springframework.security.web.authentication.logout.LogoutFilter@2153f0d7, org.springframework.security.oauth2.server.resource.web.BearerTokenAuthenticationFilter@393e6bdd, org.springframework.security.web.savedrequest.RequestCacheAwareFilter@735d1db7, org.springframework.security.web.servletapi.SecurityContextHolderAwareRequestFilter@4040559d, org.springframework.security.web.authentication.AnonymousAuthenticationFilter@3778cd05, org.springframework.security.web.session.SessionManagementFilter@302ab67e, org.springframework.security.web.access.ExceptionTranslationFilter@5f709e71, org.springframework.security.web.access.intercept.AuthorizationFilter@7856b790]
2023-12-16 21:07:35.832  INFO [catalog-service,,] 22333 --- [    Test worker] o.s.b.t.m.w.SpringBootMockServletContext : Initializing Spring TestDispatcherServlet ''
2023-12-16 21:07:35.832  INFO [catalog-service,,] 22333 --- [    Test worker] o.s.t.web.servlet.TestDispatcherServlet  : Initializing Servlet ''
2023-12-16 21:07:35.833  INFO [catalog-service,,] 22333 --- [    Test worker] o.s.t.web.servlet.TestDispatcherServlet  : Completed initialization in 1 ms
2023-12-16 21:07:35.857  INFO [catalog-service,,] 22333 --- [    Test worker] c.p.c.web.BookControllerMvcTests         : Started BookControllerMvcTests in 0.341 seconds (JVM running for 41.793)
2023-12-16 21:07:35.867  INFO [catalog-service,,] 22333 --- [    Test worker] c.p.catalogservice.web.BookController    : Deleting book with ISBN 7373731394
2023-12-16 21:07:35.886  INFO [catalog-service,,] 22333 --- [    Test worker] c.p.catalogservice.web.BookController    : Fetching the book with ISBN 7373731394 from the catalog
2023-12-16 21:07:35.905  INFO [catalog-service,,] 22333 --- [    Test worker] c.p.catalogservice.web.BookController    : Adding a new book to the catalog with ISBN 7373731394
2023-12-16 21:07:35.915  INFO [catalog-service,,] 22333 --- [    Test worker] c.p.catalogservice.web.BookController    : Fetching the book with ISBN 7373731394 from the catalog
2023-12-16 21:07:35.924  INFO [catalog-service,,] 22333 --- [    Test worker] c.p.catalogservice.web.BookController    : Fetching the book with ISBN 7373731394 from the catalog
2023-12-16 21:07:35.926  INFO [catalog-service,,] 22333 --- [    Test worker] c.p.catalogservice.web.BookController    : Fetching the book with ISBN 7373731394 from the catalog
2023-12-16 21:07:35.929  INFO [catalog-service,,] 22333 --- [    Test worker] c.p.catalogservice.web.BookController    : Updating book with ISBN 7373731394
]]></system-out>
  <system-err><![CDATA[]]></system-err>
</testsuite>
