<?xml version="1.0" encoding="UTF-8"?>
<testsuite name="com.polarbookshop.catalogservice.CatalogServiceApplicationTests" tests="5" skipped="0" failures="0" errors="0" timestamp="2023-12-16T13:07:32" hostname="qjxnfn6jt9" time="0.754">
  <properties/>
  <testcase name="whenPutRequestThenBookUpdated()" classname="com.polarbookshop.catalogservice.CatalogServiceApplicationTests" time="0.697"/>
  <testcase name="whenPostRequestThenBookCreated()" classname="com.polarbookshop.catalogservice.CatalogServiceApplicationTests" time="0.015"/>
  <testcase name="whenGetRequestWithIdThenBookReturned()" classname="com.polarbookshop.catalogservice.CatalogServiceApplicationTests" time="0.029"/>
  <testcase name="whenPostRequestUnauthenticatedThen401()" classname="com.polarbookshop.catalogservice.CatalogServiceApplicationTests" time="0.004"/>
  <testcase name="whenPostRequestUnauthorizedThen403()" classname="com.polarbookshop.catalogservice.CatalogServiceApplicationTests" time="0.007"/>
  <system-out><![CDATA[21:06:54.787 [Test worker] DEBUG org.springframework.test.context.BootstrapUtils - Instantiating CacheAwareContextLoaderDelegate from class [org.springframework.test.context.cache.DefaultCacheAwareContextLoaderDelegate]
21:06:54.887 [Test worker] DEBUG org.springframework.test.context.BootstrapUtils - Instantiating BootstrapContext using constructor [public org.springframework.test.context.support.DefaultBootstrapContext(java.lang.Class,org.springframework.test.context.CacheAwareContextLoaderDelegate)]
21:06:54.915 [Test worker] DEBUG org.springframework.test.context.BootstrapUtils - Instantiating TestContextBootstrapper for test class [com.polarbookshop.catalogservice.CatalogServiceApplicationTests] from class [org.springframework.boot.test.context.SpringBootTestContextBootstrapper]
21:06:54.924 [Test worker] INFO org.springframework.boot.test.context.SpringBootTestContextBootstrapper - Neither @ContextConfiguration nor @ContextHierarchy found for test class [com.polarbookshop.catalogservice.CatalogServiceApplicationTests], using SpringBootContextLoader
21:06:54.926 [Test worker] DEBUG org.springframework.test.context.support.AbstractContextLoader - Did not detect default resource location for test class [com.polarbookshop.catalogservice.CatalogServiceApplicationTests]: class path resource [com/polarbookshop/catalogservice/CatalogServiceApplicationTests-context.xml] does not exist
21:06:54.926 [Test worker] DEBUG org.springframework.test.context.support.AbstractContextLoader - Did not detect default resource location for test class [com.polarbookshop.catalogservice.CatalogServiceApplicationTests]: class path resource [com/polarbookshop/catalogservice/CatalogServiceApplicationTestsContext.groovy] does not exist
21:06:54.926 [Test worker] INFO org.springframework.test.context.support.AbstractContextLoader - Could not detect default resource locations for test class [com.polarbookshop.catalogservice.CatalogServiceApplicationTests]: no resource found for suffixes {-context.xml, Context.groovy}.
21:06:54.926 [Test worker] DEBUG org.springframework.test.context.support.AnnotationConfigContextLoaderUtils - Ignoring class [com.polarbookshop.catalogservice.CatalogServiceApplicationTests$KeycloakToken]; it must be static, non-private, non-final, and annotated with @Configuration to be considered a default configuration class.
21:06:54.926 [Test worker] INFO org.springframework.test.context.support.AnnotationConfigContextLoaderUtils - Could not detect default configuration classes for test class [com.polarbookshop.catalogservice.CatalogServiceApplicationTests]: CatalogServiceApplicationTests does not declare any static, non-private, non-final, nested classes annotated with @Configuration.
21:06:54.998 [Test worker] DEBUG org.springframework.context.annotation.ClassPathScanningCandidateComponentProvider - Identified candidate component class: file [/Users/lucas/Custody/cicd/springBoot/catalog-service/build/classes/java/main/com/polarbookshop/catalogservice/CatalogServiceApplication.class]
21:06:55.003 [Test worker] INFO org.springframework.boot.test.context.SpringBootTestContextBootstrapper - Found @SpringBootConfiguration com.polarbookshop.catalogservice.CatalogServiceApplication for test class com.polarbookshop.catalogservice.CatalogServiceApplicationTests
21:06:55.045 [Test worker] DEBUG org.springframework.boot.test.context.SpringBootTestContextBootstrapper - @TestExecutionListeners is not present for class [com.polarbookshop.catalogservice.CatalogServiceApplicationTests]: using defaults.
21:06:55.046 [Test worker] INFO org.springframework.boot.test.context.SpringBootTestContextBootstrapper - Loaded default TestExecutionListener class names from location [META-INF/spring.factories]: [org.springframework.security.test.context.support.WithSecurityContextTestExecutionListener, org.springframework.security.test.context.support.ReactorContextTestExecutionListener, org.springframework.boot.test.autoconfigure.restdocs.RestDocsTestExecutionListener, org.springframework.boot.test.autoconfigure.web.client.MockRestServiceServerResetTestExecutionListener, org.springframework.boot.test.autoconfigure.web.servlet.MockMvcPrintOnlyOnFailureTestExecutionListener, org.springframework.boot.test.autoconfigure.web.servlet.WebDriverTestExecutionListener, org.springframework.boot.test.autoconfigure.webservices.client.MockWebServiceServerTestExecutionListener, org.springframework.boot.test.mock.mockito.MockitoTestExecutionListener, org.springframework.boot.test.mock.mockito.ResetMocksTestExecutionListener, org.springframework.test.context.web.ServletTestExecutionListener, org.springframework.test.context.support.DirtiesContextBeforeModesTestExecutionListener, org.springframework.test.context.event.ApplicationEventsTestExecutionListener, org.springframework.test.context.support.DependencyInjectionTestExecutionListener, org.springframework.test.context.support.DirtiesContextTestExecutionListener, org.springframework.test.context.transaction.TransactionalTestExecutionListener, org.springframework.test.context.jdbc.SqlScriptsTestExecutionListener, org.springframework.test.context.event.EventPublishingTestExecutionListener]
21:06:55.054 [Test worker] INFO org.springframework.boot.test.context.SpringBootTestContextBootstrapper - Using TestExecutionListeners: [org.springframework.test.context.web.ServletTestExecutionListener@4efcf8a, org.springframework.test.context.support.DirtiesContextBeforeModesTestExecutionListener@7a138fc5, org.springframework.test.context.event.ApplicationEventsTestExecutionListener@379ab47b, org.springframework.boot.test.mock.mockito.MockitoTestExecutionListener@307765b4, org.springframework.boot.test.autoconfigure.SpringBootDependencyInjectionTestExecutionListener@4a9e6faf, org.springframework.test.context.support.DirtiesContextTestExecutionListener@2c95ac9e, org.springframework.test.context.transaction.TransactionalTestExecutionListener@4e4efc1b, org.springframework.test.context.jdbc.SqlScriptsTestExecutionListener@459f7aa3, org.springframework.security.test.context.support.WithSecurityContextTestExecutionListener@7cc586a8, org.springframework.test.context.event.EventPublishingTestExecutionListener@7db534f2, org.springframework.security.test.context.support.ReactorContextTestExecutionListener@44a2b17b, org.springframework.boot.test.autoconfigure.restdocs.RestDocsTestExecutionListener@7a56812e, org.springframework.boot.test.autoconfigure.web.client.MockRestServiceServerResetTestExecutionListener@2a76b80a, org.springframework.boot.test.autoconfigure.web.servlet.MockMvcPrintOnlyOnFailureTestExecutionListener@7eb01b12, org.springframework.boot.test.autoconfigure.web.servlet.WebDriverTestExecutionListener@2f4854d6, org.springframework.boot.test.autoconfigure.webservices.client.MockWebServiceServerTestExecutionListener@61d9efe0, org.springframework.boot.test.mock.mockito.ResetMocksTestExecutionListener@7e70bd39]
21:06:55.057 [Test worker] DEBUG org.springframework.test.context.support.AbstractDirtiesContextTestExecutionListener - Before test class: context [DefaultTestContext@56db847e testClass = CatalogServiceApplicationTests, testInstance = [null], testMethod = [null], testException = [null], mergedContextConfiguration = [WebMergedContextConfiguration@740abb5 testClass = CatalogServiceApplicationTests, locations = '{}', classes = '{class com.polarbookshop.catalogservice.CatalogServiceApplication}', contextInitializerClasses = '[]', activeProfiles = '{integration}', propertySourceLocations = '{}', propertySourceProperties = '{org.springframework.boot.test.context.SpringBootTestContextBootstrapper=true, server.port=0}', contextCustomizers = set[org.springframework.boot.test.autoconfigure.actuate.metrics.MetricsExportContextCustomizerFactory$DisableMetricExportContextCustomizer@41dd05a, org.springframework.boot.test.autoconfigure.properties.PropertyMappingContextCustomizer@0, org.springframework.boot.test.autoconfigure.web.servlet.WebDriverContextCustomizerFactory$Customizer@2dd80673, org.springframework.boot.test.context.filter.ExcludeFilterContextCustomizer@acdb094, org.springframework.boot.test.json.DuplicateJsonObjectContextCustomizerFactory$DuplicateJsonObjectContextCustomizer@2ceb80a1, org.springframework.boot.test.mock.mockito.MockitoContextCustomizer@0, org.springframework.boot.test.web.client.TestRestTemplateContextCustomizer@61e94def, org.springframework.boot.test.web.reactive.server.WebTestClientContextCustomizer@13518f37, org.springframework.test.context.support.DynamicPropertiesContextCustomizer@bc9d1053, org.springframework.boot.test.context.SpringBootTestArgs@1, org.springframework.boot.test.context.SpringBootTestWebEnvironment@6d4e5011], resourceBasePath = 'src/main/webapp', contextLoader = 'org.springframework.boot.test.context.SpringBootContextLoader', parent = [null]], attributes = map['org.springframework.test.context.web.ServletTestExecutionListener.activateListener' -> false]], class annotated with @DirtiesContext [false] with mode [null].
21:06:55.078 [Test worker] DEBUG org.testcontainers.utility.TestcontainersConfiguration - Testcontainers configuration overrides will be loaded from file:/Users/lucas/.testcontainers.properties
21:06:55.082 [Test worker] INFO org.testcontainers.images.PullPolicy - Image pull policy will be performed by: DefaultPullPolicy()
21:06:55.083 [Test worker] INFO org.testcontainers.utility.ImageNameSubstitutor - Image name substitution will be performed by: DefaultImageNameSubstitutor (composite of 'ConfigurationFileImageNameSubstitutor' and 'PrefixingImageNameSubstitutor')
21:06:55.098 [Test worker] DEBUG org.testcontainers.utility.PrefixingImageNameSubstitutor - No prefix is configured
21:06:55.098 [Test worker] DEBUG org.testcontainers.utility.ImageNameSubstitutor - Did not find a substitute image for quay.io/keycloak/keycloak:23.0 (using image substitutor: DefaultImageNameSubstitutor (composite of 'ConfigurationFileImageNameSubstitutor' and 'PrefixingImageNameSubstitutor'))
21:06:55.305 [Test worker] INFO org.testcontainers.dockerclient.DockerClientProviderStrategy - Loaded org.testcontainers.dockerclient.UnixSocketClientProviderStrategy from ~/.testcontainers.properties, will try it first
21:06:55.306 [Test worker] DEBUG org.testcontainers.dockerclient.DockerClientProviderStrategy - Trying out strategy: UnixSocketClientProviderStrategy
21:06:55.385 [Test worker] DEBUG org.testcontainers.shaded.com.github.dockerjava.core.command.AbstrDockerCmd - Cmd: 
21:06:55.394 [Test worker] DEBUG com.github.dockerjava.zerodep.shaded.org.apache.hc.client5.http.impl.classic.InternalHttpClient - ex-00000001: preparing request execution
21:06:55.396 [Test worker] DEBUG com.github.dockerjava.zerodep.shaded.org.apache.hc.client5.http.protocol.RequestAddCookies - Cookie spec selected: strict
21:06:55.398 [Test worker] DEBUG com.github.dockerjava.zerodep.shaded.org.apache.hc.client5.http.protocol.RequestAuthCache - Auth cache not set in the context
21:06:55.398 [Test worker] DEBUG com.github.dockerjava.zerodep.shaded.org.apache.hc.client5.http.impl.classic.ProtocolExec - ex-00000001: target auth state: UNCHALLENGED
21:06:55.398 [Test worker] DEBUG com.github.dockerjava.zerodep.shaded.org.apache.hc.client5.http.impl.classic.ProtocolExec - ex-00000001: proxy auth state: UNCHALLENGED
21:06:55.398 [Test worker] DEBUG com.github.dockerjava.zerodep.shaded.org.apache.hc.client5.http.impl.classic.ConnectExec - ex-00000001: acquiring connection with route {}->unix://localhost:2375
21:06:55.398 [Test worker] DEBUG com.github.dockerjava.zerodep.shaded.org.apache.hc.client5.http.impl.classic.InternalHttpClient - ex-00000001: acquiring endpoint (3 MINUTES)
21:06:55.399 [Test worker] DEBUG com.github.dockerjava.zerodep.shaded.org.apache.hc.client5.http.impl.io.PoolingHttpClientConnectionManager - ex-00000001: endpoint lease request (3 MINUTES) [route: {}->unix://localhost:2375][total available: 0; route allocated: 0 of 2147483647; total allocated: 0 of 2147483647]
21:06:55.401 [Test worker] DEBUG com.github.dockerjava.zerodep.shaded.org.apache.hc.client5.http.impl.io.PoolingHttpClientConnectionManager - ex-00000001: endpoint leased [route: {}->unix://localhost:2375][total available: 0; route allocated: 1 of 2147483647; total allocated: 1 of 2147483647]
21:06:55.407 [Test worker] DEBUG com.github.dockerjava.zerodep.shaded.org.apache.hc.client5.http.impl.io.PoolingHttpClientConnectionManager - ex-00000001: acquired ep-00000000
21:06:55.407 [Test worker] DEBUG com.github.dockerjava.zerodep.shaded.org.apache.hc.client5.http.impl.classic.InternalHttpClient - ex-00000001: acquired endpoint ep-00000000
21:06:55.407 [Test worker] DEBUG com.github.dockerjava.zerodep.shaded.org.apache.hc.client5.http.impl.classic.ConnectExec - ex-00000001: opening connection {}->unix://localhost:2375
21:06:55.408 [Test worker] DEBUG com.github.dockerjava.zerodep.shaded.org.apache.hc.client5.http.impl.classic.InternalHttpClient - ep-00000000: connecting endpoint (3 MINUTES)
21:06:55.408 [Test worker] DEBUG com.github.dockerjava.zerodep.shaded.org.apache.hc.client5.http.impl.io.PoolingHttpClientConnectionManager - ep-00000000: connecting endpoint to unix://localhost:2375 (3 MINUTES)
21:06:55.410 [Test worker] DEBUG com.github.dockerjava.zerodep.shaded.org.apache.hc.client5.http.impl.io.DefaultHttpClientConnectionOperator - http-outgoing-0: connecting to localhost/127.0.0.1:2375
21:06:55.411 [Test worker] DEBUG com.github.dockerjava.zerodep.shaded.org.apache.hc.client5.http.impl.io.DefaultHttpClientConnectionOperator - http-outgoing-0: connection established /var/run/docker.sock<->/var/run/docker.sock
21:06:55.411 [Test worker] DEBUG com.github.dockerjava.zerodep.shaded.org.apache.hc.client5.http.impl.io.PoolingHttpClientConnectionManager - ep-00000000: connected http-outgoing-0
21:06:55.411 [Test worker] DEBUG com.github.dockerjava.zerodep.shaded.org.apache.hc.client5.http.impl.classic.InternalHttpClient - ep-00000000: endpoint connected
21:06:55.412 [Test worker] DEBUG com.github.dockerjava.zerodep.shaded.org.apache.hc.client5.http.impl.classic.MainClientExec - ex-00000001: executing GET /v1.32/info HTTP/1.1
21:06:55.413 [Test worker] DEBUG com.github.dockerjava.zerodep.shaded.org.apache.hc.client5.http.impl.classic.InternalHttpClient - ep-00000000: start execution ex-00000001
21:06:55.413 [Test worker] DEBUG com.github.dockerjava.zerodep.shaded.org.apache.hc.client5.http.impl.io.PoolingHttpClientConnectionManager - ep-00000000: executing exchange ex-00000001 over http-outgoing-0
21:06:55.414 [Test worker] DEBUG com.github.dockerjava.zerodep.shaded.org.apache.hc.client5.http.headers - http-outgoing-0 >> GET /v1.32/info HTTP/1.1
21:06:55.414 [Test worker] DEBUG com.github.dockerjava.zerodep.shaded.org.apache.hc.client5.http.headers - http-outgoing-0 >> x-tc-sid: c0789b71-e0d5-4fdf-af56-342687b761a1
21:06:55.414 [Test worker] DEBUG com.github.dockerjava.zerodep.shaded.org.apache.hc.client5.http.headers - http-outgoing-0 >> User-Agent: tc-java/1.19.3
21:06:55.414 [Test worker] DEBUG com.github.dockerjava.zerodep.shaded.org.apache.hc.client5.http.headers - http-outgoing-0 >> Accept-Encoding: gzip, x-gzip, deflate
21:06:55.414 [Test worker] DEBUG com.github.dockerjava.zerodep.shaded.org.apache.hc.client5.http.headers - http-outgoing-0 >> Host: localhost:2375
21:06:55.414 [Test worker] DEBUG com.github.dockerjava.zerodep.shaded.org.apache.hc.client5.http.headers - http-outgoing-0 >> Connection: keep-alive
21:06:55.414 [Test worker] DEBUG com.github.dockerjava.zerodep.shaded.org.apache.hc.client5.http.wire - http-outgoing-0 >> "GET /v1.32/info HTTP/1.1[\r][\n]"
21:06:55.414 [Test worker] DEBUG com.github.dockerjava.zerodep.shaded.org.apache.hc.client5.http.wire - http-outgoing-0 >> "x-tc-sid: c0789b71-e0d5-4fdf-af56-342687b761a1[\r][\n]"
21:06:55.414 [Test worker] DEBUG com.github.dockerjava.zerodep.shaded.org.apache.hc.client5.http.wire - http-outgoing-0 >> "User-Agent: tc-java/1.19.3[\r][\n]"
21:06:55.414 [Test worker] DEBUG com.github.dockerjava.zerodep.shaded.org.apache.hc.client5.http.wire - http-outgoing-0 >> "Accept-Encoding: gzip, x-gzip, deflate[\r][\n]"
21:06:55.414 [Test worker] DEBUG com.github.dockerjava.zerodep.shaded.org.apache.hc.client5.http.wire - http-outgoing-0 >> "Host: localhost:2375[\r][\n]"
21:06:55.414 [Test worker] DEBUG com.github.dockerjava.zerodep.shaded.org.apache.hc.client5.http.wire - http-outgoing-0 >> "Connection: keep-alive[\r][\n]"
21:06:55.414 [Test worker] DEBUG com.github.dockerjava.zerodep.shaded.org.apache.hc.client5.http.wire - http-outgoing-0 >> "[\r][\n]"
21:06:55.620 [Test worker] DEBUG com.github.dockerjava.zerodep.shaded.org.apache.hc.client5.http.wire - http-outgoing-0 << "HTTP/1.1 200 OK[\r][\n]"
21:06:55.620 [Test worker] DEBUG com.github.dockerjava.zerodep.shaded.org.apache.hc.client5.http.wire - http-outgoing-0 << "Api-Version: 1.41[\r][\n]"
21:06:55.620 [Test worker] DEBUG com.github.dockerjava.zerodep.shaded.org.apache.hc.client5.http.wire - http-outgoing-0 << "Content-Type: application/json[\r][\n]"
21:06:55.620 [Test worker] DEBUG com.github.dockerjava.zerodep.shaded.org.apache.hc.client5.http.wire - http-outgoing-0 << "Date: Sat, 16 Dec 2023 13:06:55 GMT[\r][\n]"
21:06:55.620 [Test worker] DEBUG com.github.dockerjava.zerodep.shaded.org.apache.hc.client5.http.wire - http-outgoing-0 << "Docker-Experimental: false[\r][\n]"
21:06:55.621 [Test worker] DEBUG com.github.dockerjava.zerodep.shaded.org.apache.hc.client5.http.wire - http-outgoing-0 << "Ostype: linux[\r][\n]"
21:06:55.621 [Test worker] DEBUG com.github.dockerjava.zerodep.shaded.org.apache.hc.client5.http.wire - http-outgoing-0 << "Server: Docker/20.10.22 (linux)[\r][\n]"
21:06:55.621 [Test worker] DEBUG com.github.dockerjava.zerodep.shaded.org.apache.hc.client5.http.wire - http-outgoing-0 << "Transfer-Encoding: chunked[\r][\n]"
21:06:55.621 [Test worker] DEBUG com.github.dockerjava.zerodep.shaded.org.apache.hc.client5.http.wire - http-outgoing-0 << "[\r][\n]"
21:06:55.622 [Test worker] DEBUG com.github.dockerjava.zerodep.shaded.org.apache.hc.client5.http.headers - http-outgoing-0 << HTTP/1.1 200 OK
21:06:55.622 [Test worker] DEBUG com.github.dockerjava.zerodep.shaded.org.apache.hc.client5.http.headers - http-outgoing-0 << Api-Version: 1.41
21:06:55.622 [Test worker] DEBUG com.github.dockerjava.zerodep.shaded.org.apache.hc.client5.http.headers - http-outgoing-0 << Content-Type: application/json
21:06:55.622 [Test worker] DEBUG com.github.dockerjava.zerodep.shaded.org.apache.hc.client5.http.headers - http-outgoing-0 << Date: Sat, 16 Dec 2023 13:06:55 GMT
21:06:55.622 [Test worker] DEBUG com.github.dockerjava.zerodep.shaded.org.apache.hc.client5.http.headers - http-outgoing-0 << Docker-Experimental: false
21:06:55.622 [Test worker] DEBUG com.github.dockerjava.zerodep.shaded.org.apache.hc.client5.http.headers - http-outgoing-0 << Ostype: linux
21:06:55.622 [Test worker] DEBUG com.github.dockerjava.zerodep.shaded.org.apache.hc.client5.http.headers - http-outgoing-0 << Server: Docker/20.10.22 (linux)
21:06:55.622 [Test worker] DEBUG com.github.dockerjava.zerodep.shaded.org.apache.hc.client5.http.headers - http-outgoing-0 << Transfer-Encoding: chunked
21:06:55.624 [Test worker] DEBUG com.github.dockerjava.zerodep.shaded.org.apache.hc.client5.http.impl.classic.MainClientExec - ex-00000001: connection can be kept alive for 3 MINUTES
21:06:55.625 [Test worker] DEBUG com.github.dockerjava.zerodep.shaded.org.apache.hc.client5.http.wire - http-outgoing-0 << "9b5[\r][\n]"
21:06:55.626 [Test worker] DEBUG com.github.dockerjava.zerodep.shaded.org.apache.hc.client5.http.wire - http-outgoing-0 << "{"ID":"HJUI:7RQC:SKKM:S2NM:RT7C:B2HZ:BPPQ:HAEE:ZYNW:K3I4:5ZNO:GB7W","Containers":2,"ContainersRunning":1,"ContainersPaused":0,"ContainersStopped":1,"Images":73,"Driver":"overlay2","DriverStatus":[["Backing Filesystem","extfs"],["Supports d_type","true"],["Native Overlay Diff","true"],["userxattr","false"]],"Plugins":{"Volume":["local"],"Network":["bridge","host","ipvlan","macvlan","null","overlay"],"Authorization":null,"Log":["awslogs","fluentd","gcplogs","gelf","journald","json-file","local","logentries","splunk","syslog"]},"MemoryLimit":true,"SwapLimit":true,"KernelMemory":false,"KernelMemoryTCP":false,"CpuCfsPeriod":true,"CpuCfsQuota":true,"CPUShares":true,"CPUSet":true,"PidsLimit":true,"IPv4Forwarding":true,"BridgeNfIptables":true,"BridgeNfIp6tables":true,"Debug":false,"NFd":66,"OomKillDisable":false,"NGoroutines":63,"SystemTime":"2023-12-16T13:06:55.506189383Z","LoggingDriver":"json-file","CgroupDriver":"cgroupfs","CgroupVersion":"2","NEventsListener":5,"KernelVersion":"5.15.49-linuxkit","OperatingSystem":"Docker Desktop","OSVersion":"","OSType":"linux","Architecture":"aarch64","IndexServerAddress":"https://index.docker.io/v1/","RegistryConfig":{"AllowNondistributableArtifactsCIDRs":[],"AllowNondistributableArtifactsHostnames":[],"InsecureRegistryCIDRs":["127.0.0.0/8"],"IndexConfigs":{"docker.io":{"Name":"docker.io","Mirrors":[],"Secure":true,"Official":true},"hubproxy.docker.internal:5000":{"Name":"hubproxy.docker.internal:5000","Mirrors":[],"Secure":false,"Official":false}},"Mirrors":[]},"NCPU":4,"MemTotal":8233017344,"GenericResources":null,"DockerRootDir":"/var/lib/docker","HttpProxy":"http.docker.internal:3128","HttpsProxy":"http.docker.internal:3128","NoProxy":"hubproxy.docker.internal","Name":"docker-desktop","Labels":[],"ExperimentalBuild":false,"ServerVersion":"20.10.22","Runtimes":{"io.containerd.runc.v2":{"path":"runc"},"io.containerd.runtime.v1.linux":{"path":"runc"},"runc":{"path":"runc"}},"DefaultRuntime":"runc","Swarm":{"NodeID":"","NodeAddr":"","LocalNodeState":"inactive","ControlAvailable":false,"Error":"","RemoteManagers":null},"LiveRestoreEnabled":false,"Isolation":"","InitBinary":"docker-init","ContainerdCommit":{"ID":"9ba4b250366a5ddde94bb7c9d1def331423aa323","Expected":"9ba4b250366a5ddde94bb7c9d1def331423aa323"},"RuncCommit":{"ID":"v1.1.4-0-g5fd4c4d","Expected":"v1.1.4-0-g5fd4c4d"},"InitCommit":{"ID":"de40ad0","Expected":"de40ad0"},"SecurityOptions":["name=seccomp,profile=default","name=cgroupns"],"Warnings":null}[\n]"
21:06:55.626 [Test worker] DEBUG com.github.dockerjava.zerodep.shaded.org.apache.hc.client5.http.wire - http-outgoing-0 << "[\r][\n]"
21:06:55.626 [Test worker] DEBUG com.github.dockerjava.zerodep.shaded.org.apache.hc.client5.http.wire - http-outgoing-0 << "0[\r][\n]"
21:06:55.626 [Test worker] DEBUG com.github.dockerjava.zerodep.shaded.org.apache.hc.client5.http.wire - http-outgoing-0 << "[\r][\n]"
21:06:55.658 [Test worker] DEBUG com.github.dockerjava.zerodep.shaded.org.apache.hc.client5.http.impl.classic.InternalHttpClient - ep-00000000: releasing valid endpoint
21:06:55.658 [Test worker] DEBUG com.github.dockerjava.zerodep.shaded.org.apache.hc.client5.http.impl.io.PoolingHttpClientConnectionManager - ep-00000000: releasing endpoint
21:06:55.658 [Test worker] DEBUG com.github.dockerjava.zerodep.shaded.org.apache.hc.client5.http.impl.io.PoolingHttpClientConnectionManager - ep-00000000: connection http-outgoing-0 can be kept alive for 3 MINUTES
21:06:55.659 [Test worker] DEBUG com.github.dockerjava.zerodep.shaded.org.apache.hc.client5.http.impl.io.PoolingHttpClientConnectionManager - ep-00000000: connection released [route: {}->unix://localhost:2375][total available: 1; route allocated: 1 of 2147483647; total allocated: 1 of 2147483647]
21:06:55.659 [Test worker] INFO org.testcontainers.dockerclient.DockerClientProviderStrategy - Found Docker environment with local Unix socket (unix:///var/run/docker.sock)
21:06:55.659 [Test worker] DEBUG org.testcontainers.dockerclient.DockerClientProviderStrategy - Transport type: 'httpclient5', Docker host: 'unix:///var/run/docker.sock'
21:06:55.659 [Test worker] DEBUG org.testcontainers.dockerclient.DockerClientProviderStrategy - Checking Docker OS type for local Unix socket (unix:///var/run/docker.sock)
21:06:55.660 [Test worker] INFO org.testcontainers.DockerClientFactory - Docker host IP address is localhost
21:06:55.660 [Test worker] DEBUG org.testcontainers.DockerClientFactory - Docker info: {NGoroutines=63, Name=docker-desktop, Swarm={NodeID=, NodeAddr=, LocalNodeState=inactive, ControlAvailable=false, Error=, RemoteManagers=null}, RuncCommit={ID=v1.1.4-0-g5fd4c4d, Expected=v1.1.4-0-g5fd4c4d}, OSVersion=, Runtimes={io.containerd.runc.v2={path=runc}, io.containerd.runtime.v1.linux={path=runc}, runc={path=runc}}, ID=HJUI:7RQC:SKKM:S2NM:RT7C:B2HZ:BPPQ:HAEE:ZYNW:K3I4:5ZNO:GB7W, DriverStatus=[[Backing Filesystem, extfs], [Supports d_type, true], [Native Overlay Diff, true], [userxattr, false]], BridgeNfIptables=true, LiveRestoreEnabled=false, SystemTime=2023-12-16T13:06:55.506189383Z, NoProxy=hubproxy.docker.internal, Architecture=aarch64, NEventsListener=5, HttpsProxy=http.docker.internal:3128, Images=73, ContainersRunning=1, Labels=[], InitCommit={ID=de40ad0, Expected=de40ad0}, NFd=66, KernelVersion=5.15.49-linuxkit, LoggingDriver=json-file, OSType=linux, SecurityOptions=[name=seccomp,profile=default, name=cgroupns], ContainerdCommit={ID=9ba4b250366a5ddde94bb7c9d1def331423aa323, Expected=9ba4b250366a5ddde94bb7c9d1def331423aa323}, GenericResources=null, KernelMemory=false, OperatingSystem=Docker Desktop, RegistryConfig={AllowNondistributableArtifactsCIDRs=[], AllowNondistributableArtifactsHostnames=[], InsecureRegistryCIDRs=[127.0.0.0/8], IndexConfigs={docker.io={Name=docker.io, Mirrors=[], Secure=true, Official=true}, hubproxy.docker.internal:5000={Name=hubproxy.docker.internal:5000, Mirrors=[], Secure=false, Official=false}}, Mirrors=[]}, ServerVersion=20.10.22, OomKillDisable=false, CpuCfsQuota=true, Containers=2, Driver=overlay2, KernelMemoryTCP=false, IPv4Forwarding=true, ExperimentalBuild=false, DockerRootDir=/var/lib/docker, CPUSet=true, CpuCfsPeriod=true, DefaultRuntime=runc, CPUShares=true, Debug=false, NCPU=4, Plugins={Volume=[local], Network=[bridge, host, ipvlan, macvlan, null, overlay], Authorization=null, Log=[awslogs, fluentd, gcplogs, gelf, journald, json-file, local, logentries, splunk, syslog]}, SwapLimit=true, CgroupDriver=cgroupfs, ContainersPaused=0, MemTotal=8233017344, IndexServerAddress=https://index.docker.io/v1/, MemoryLimit=true, HttpProxy=http.docker.internal:3128, InitBinary=docker-init, CgroupVersion=2, PidsLimit=true, Isolation=, BridgeNfIp6tables=true, Warnings=null, ContainersStopped=1}
21:06:55.661 [Test worker] DEBUG org.testcontainers.shaded.com.github.dockerjava.core.command.AbstrDockerCmd - Cmd: 
21:06:55.661 [Test worker] DEBUG com.github.dockerjava.zerodep.shaded.org.apache.hc.client5.http.impl.classic.InternalHttpClient - ex-00000002: preparing request execution
21:06:55.661 [Test worker] DEBUG com.github.dockerjava.zerodep.shaded.org.apache.hc.client5.http.protocol.RequestAddCookies - Cookie spec selected: strict
21:06:55.662 [Test worker] DEBUG com.github.dockerjava.zerodep.shaded.org.apache.hc.client5.http.protocol.RequestAuthCache - Auth cache not set in the context
21:06:55.662 [Test worker] DEBUG com.github.dockerjava.zerodep.shaded.org.apache.hc.client5.http.impl.classic.ProtocolExec - ex-00000002: target auth state: UNCHALLENGED
21:06:55.662 [Test worker] DEBUG com.github.dockerjava.zerodep.shaded.org.apache.hc.client5.http.impl.classic.ProtocolExec - ex-00000002: proxy auth state: UNCHALLENGED
21:06:55.662 [Test worker] DEBUG com.github.dockerjava.zerodep.shaded.org.apache.hc.client5.http.impl.classic.ConnectExec - ex-00000002: acquiring connection with route {}->unix://localhost:2375
21:06:55.662 [Test worker] DEBUG com.github.dockerjava.zerodep.shaded.org.apache.hc.client5.http.impl.classic.InternalHttpClient - ex-00000002: acquiring endpoint (3 MINUTES)
21:06:55.662 [Test worker] DEBUG com.github.dockerjava.zerodep.shaded.org.apache.hc.client5.http.impl.io.PoolingHttpClientConnectionManager - ex-00000002: endpoint lease request (3 MINUTES) [route: {}->unix://localhost:2375][total available: 1; route allocated: 1 of 2147483647; total allocated: 1 of 2147483647]
21:06:55.662 [Test worker] DEBUG com.github.dockerjava.zerodep.shaded.org.apache.hc.client5.http.impl.io.PoolingHttpClientConnectionManager - ex-00000002: endpoint leased [route: {}->unix://localhost:2375][total available: 0; route allocated: 1 of 2147483647; total allocated: 1 of 2147483647]
21:06:55.662 [Test worker] DEBUG com.github.dockerjava.zerodep.shaded.org.apache.hc.client5.http.impl.io.PoolingHttpClientConnectionManager - ex-00000002: acquired ep-00000001
21:06:55.662 [Test worker] DEBUG com.github.dockerjava.zerodep.shaded.org.apache.hc.client5.http.impl.classic.InternalHttpClient - ex-00000002: acquired endpoint ep-00000001
21:06:55.662 [Test worker] DEBUG com.github.dockerjava.zerodep.shaded.org.apache.hc.client5.http.impl.classic.MainClientExec - ex-00000002: executing GET /v1.32/version HTTP/1.1
21:06:55.662 [Test worker] DEBUG com.github.dockerjava.zerodep.shaded.org.apache.hc.client5.http.impl.classic.InternalHttpClient - ep-00000001: start execution ex-00000002
21:06:55.662 [Test worker] DEBUG com.github.dockerjava.zerodep.shaded.org.apache.hc.client5.http.impl.io.PoolingHttpClientConnectionManager - ep-00000001: executing exchange ex-00000002 over http-outgoing-0
21:06:55.662 [Test worker] DEBUG com.github.dockerjava.zerodep.shaded.org.apache.hc.client5.http.headers - http-outgoing-0 >> GET /v1.32/version HTTP/1.1
21:06:55.662 [Test worker] DEBUG com.github.dockerjava.zerodep.shaded.org.apache.hc.client5.http.headers - http-outgoing-0 >> accept: application/json
21:06:55.662 [Test worker] DEBUG com.github.dockerjava.zerodep.shaded.org.apache.hc.client5.http.headers - http-outgoing-0 >> x-tc-sid: c0789b71-e0d5-4fdf-af56-342687b761a1
21:06:55.662 [Test worker] DEBUG com.github.dockerjava.zerodep.shaded.org.apache.hc.client5.http.headers - http-outgoing-0 >> User-Agent: tc-java/1.19.3
21:06:55.662 [Test worker] DEBUG com.github.dockerjava.zerodep.shaded.org.apache.hc.client5.http.headers - http-outgoing-0 >> Accept-Encoding: gzip, x-gzip, deflate
21:06:55.662 [Test worker] DEBUG com.github.dockerjava.zerodep.shaded.org.apache.hc.client5.http.headers - http-outgoing-0 >> Host: localhost:2375
21:06:55.662 [Test worker] DEBUG com.github.dockerjava.zerodep.shaded.org.apache.hc.client5.http.headers - http-outgoing-0 >> Connection: keep-alive
21:06:55.662 [Test worker] DEBUG com.github.dockerjava.zerodep.shaded.org.apache.hc.client5.http.wire - http-outgoing-0 >> "GET /v1.32/version HTTP/1.1[\r][\n]"
21:06:55.662 [Test worker] DEBUG com.github.dockerjava.zerodep.shaded.org.apache.hc.client5.http.wire - http-outgoing-0 >> "accept: application/json[\r][\n]"
21:06:55.662 [Test worker] DEBUG com.github.dockerjava.zerodep.shaded.org.apache.hc.client5.http.wire - http-outgoing-0 >> "x-tc-sid: c0789b71-e0d5-4fdf-af56-342687b761a1[\r][\n]"
21:06:55.662 [Test worker] DEBUG com.github.dockerjava.zerodep.shaded.org.apache.hc.client5.http.wire - http-outgoing-0 >> "User-Agent: tc-java/1.19.3[\r][\n]"
21:06:55.662 [Test worker] DEBUG com.github.dockerjava.zerodep.shaded.org.apache.hc.client5.http.wire - http-outgoing-0 >> "Accept-Encoding: gzip, x-gzip, deflate[\r][\n]"
21:06:55.662 [Test worker] DEBUG com.github.dockerjava.zerodep.shaded.org.apache.hc.client5.http.wire - http-outgoing-0 >> "Host: localhost:2375[\r][\n]"
21:06:55.662 [Test worker] DEBUG com.github.dockerjava.zerodep.shaded.org.apache.hc.client5.http.wire - http-outgoing-0 >> "Connection: keep-alive[\r][\n]"
21:06:55.662 [Test worker] DEBUG com.github.dockerjava.zerodep.shaded.org.apache.hc.client5.http.wire - http-outgoing-0 >> "[\r][\n]"
21:06:55.685 [Test worker] DEBUG com.github.dockerjava.zerodep.shaded.org.apache.hc.client5.http.wire - http-outgoing-0 << "HTTP/1.1 200 OK[\r][\n]"
21:06:55.685 [Test worker] DEBUG com.github.dockerjava.zerodep.shaded.org.apache.hc.client5.http.wire - http-outgoing-0 << "Api-Version: 1.41[\r][\n]"
21:06:55.686 [Test worker] DEBUG com.github.dockerjava.zerodep.shaded.org.apache.hc.client5.http.wire - http-outgoing-0 << "Content-Type: application/json[\r][\n]"
21:06:55.686 [Test worker] DEBUG com.github.dockerjava.zerodep.shaded.org.apache.hc.client5.http.wire - http-outgoing-0 << "Date: Sat, 16 Dec 2023 13:06:55 GMT[\r][\n]"
21:06:55.686 [Test worker] DEBUG com.github.dockerjava.zerodep.shaded.org.apache.hc.client5.http.wire - http-outgoing-0 << "Docker-Experimental: false[\r][\n]"
21:06:55.686 [Test worker] DEBUG com.github.dockerjava.zerodep.shaded.org.apache.hc.client5.http.wire - http-outgoing-0 << "Ostype: linux[\r][\n]"
21:06:55.686 [Test worker] DEBUG com.github.dockerjava.zerodep.shaded.org.apache.hc.client5.http.wire - http-outgoing-0 << "Server: Docker/20.10.22 (linux)[\r][\n]"
21:06:55.686 [Test worker] DEBUG com.github.dockerjava.zerodep.shaded.org.apache.hc.client5.http.wire - http-outgoing-0 << "Transfer-Encoding: chunked[\r][\n]"
21:06:55.686 [Test worker] DEBUG com.github.dockerjava.zerodep.shaded.org.apache.hc.client5.http.wire - http-outgoing-0 << "[\r][\n]"
21:06:55.686 [Test worker] DEBUG com.github.dockerjava.zerodep.shaded.org.apache.hc.client5.http.headers - http-outgoing-0 << HTTP/1.1 200 OK
21:06:55.686 [Test worker] DEBUG com.github.dockerjava.zerodep.shaded.org.apache.hc.client5.http.headers - http-outgoing-0 << Api-Version: 1.41
21:06:55.686 [Test worker] DEBUG com.github.dockerjava.zerodep.shaded.org.apache.hc.client5.http.headers - http-outgoing-0 << Content-Type: application/json
21:06:55.686 [Test worker] DEBUG com.github.dockerjava.zerodep.shaded.org.apache.hc.client5.http.headers - http-outgoing-0 << Date: Sat, 16 Dec 2023 13:06:55 GMT
21:06:55.686 [Test worker] DEBUG com.github.dockerjava.zerodep.shaded.org.apache.hc.client5.http.headers - http-outgoing-0 << Docker-Experimental: false
21:06:55.686 [Test worker] DEBUG com.github.dockerjava.zerodep.shaded.org.apache.hc.client5.http.headers - http-outgoing-0 << Ostype: linux
21:06:55.686 [Test worker] DEBUG com.github.dockerjava.zerodep.shaded.org.apache.hc.client5.http.headers - http-outgoing-0 << Server: Docker/20.10.22 (linux)
21:06:55.686 [Test worker] DEBUG com.github.dockerjava.zerodep.shaded.org.apache.hc.client5.http.headers - http-outgoing-0 << Transfer-Encoding: chunked
21:06:55.686 [Test worker] DEBUG com.github.dockerjava.zerodep.shaded.org.apache.hc.client5.http.impl.classic.MainClientExec - ex-00000002: connection can be kept alive for 3 MINUTES
21:06:55.688 [Test worker] DEBUG com.github.dockerjava.zerodep.shaded.org.apache.hc.client5.http.wire - http-outgoing-0 << "33c[\r][\n]"
21:06:55.688 [Test worker] DEBUG com.github.dockerjava.zerodep.shaded.org.apache.hc.client5.http.wire - http-outgoing-0 << "{"Platform":{"Name":"Docker Desktop 4.16.2 (95914)"},"Components":[{"Name":"Engine","Version":"20.10.22","Details":{"ApiVersion":"1.41","Arch":"arm64","BuildTime":"2022-12-15T22:25:43.000000000+00:00","Experimental":"false","GitCommit":"42c8b31","GoVersion":"go1.18.9","KernelVersion":"5.15.49-linuxkit","MinAPIVersion":"1.12","Os":"linux"}},{"Name":"containerd","Version":"1.6.14","Details":{"GitCommit":"9ba4b250366a5ddde94bb7c9d1def331423aa323"}},{"Name":"runc","Version":"1.1.4","Details":{"GitCommit":"v1.1.4-0-g5fd4c4d"}},{"Name":"docker-init","Version":"0.19.0","Details":{"GitCommit":"de40ad0"}}],"Version":"20.10.22","ApiVersion":"1.41","MinAPIVersion":"1.12","GitCommit":"42c8b31","GoVersion":"go1.18.9","Os":"linux","Arch":"arm64","KernelVersion":"5.15.49-linuxkit","BuildTime":"2022-12-15T22:25:43.000000000+00:00"}[\n]"
21:06:55.688 [Test worker] DEBUG com.github.dockerjava.zerodep.shaded.org.apache.hc.client5.http.wire - http-outgoing-0 << "[\r][\n]"
21:06:55.692 [Test worker] DEBUG com.github.dockerjava.zerodep.shaded.org.apache.hc.client5.http.wire - http-outgoing-0 << "0[\r][\n]"
21:06:55.692 [Test worker] DEBUG com.github.dockerjava.zerodep.shaded.org.apache.hc.client5.http.wire - http-outgoing-0 << "[\r][\n]"
21:06:55.692 [Test worker] DEBUG com.github.dockerjava.zerodep.shaded.org.apache.hc.client5.http.impl.classic.InternalHttpClient - ep-00000001: releasing valid endpoint
21:06:55.692 [Test worker] DEBUG com.github.dockerjava.zerodep.shaded.org.apache.hc.client5.http.impl.io.PoolingHttpClientConnectionManager - ep-00000001: releasing endpoint
21:06:55.692 [Test worker] DEBUG com.github.dockerjava.zerodep.shaded.org.apache.hc.client5.http.impl.io.PoolingHttpClientConnectionManager - ep-00000001: connection http-outgoing-0 can be kept alive for 3 MINUTES
21:06:55.692 [Test worker] DEBUG com.github.dockerjava.zerodep.shaded.org.apache.hc.client5.http.impl.io.PoolingHttpClientConnectionManager - ep-00000001: connection released [route: {}->unix://localhost:2375][total available: 1; route allocated: 1 of 2147483647; total allocated: 1 of 2147483647]
21:06:55.692 [Test worker] DEBUG org.testcontainers.DockerClientFactory - Docker version: {Components=[{Name=Engine, Version=20.10.22, Details={ApiVersion=1.41, Arch=arm64, BuildTime=2022-12-15T22:25:43.000000000+00:00, Experimental=false, GitCommit=42c8b31, GoVersion=go1.18.9, KernelVersion=5.15.49-linuxkit, MinAPIVersion=1.12, Os=linux}}, {Name=containerd, Version=1.6.14, Details={GitCommit=9ba4b250366a5ddde94bb7c9d1def331423aa323}}, {Name=runc, Version=1.1.4, Details={GitCommit=v1.1.4-0-g5fd4c4d}}, {Name=docker-init, Version=0.19.0, Details={GitCommit=de40ad0}}], KernelVersion=5.15.49-linuxkit, ApiVersion=1.41, Platform={Name=Docker Desktop 4.16.2 (95914)}, GitCommit=42c8b31, Os=linux, Version=20.10.22, MinAPIVersion=1.12, Arch=arm64, GoVersion=go1.18.9, BuildTime=2022-12-15T22:25:43.000000000+00:00}
21:06:55.692 [Test worker] INFO org.testcontainers.DockerClientFactory - Connected to docker: 
  Server Version: 20.10.22
  API Version: 1.41
  Operating System: Docker Desktop
  Total Memory: 7851 MB
21:06:55.696 [Test worker] DEBUG org.testcontainers.utility.RyukResourceReaper - Ryuk is enabled
21:06:55.697 [Test worker] DEBUG org.testcontainers.utility.PrefixingImageNameSubstitutor - No prefix is configured
21:06:55.697 [Test worker] DEBUG org.testcontainers.utility.ImageNameSubstitutor - Did not find a substitute image for testcontainers/ryuk:0.5.1 (using image substitutor: DefaultImageNameSubstitutor (composite of 'ConfigurationFileImageNameSubstitutor' and 'PrefixingImageNameSubstitutor'))
21:06:55.698 [Test worker] DEBUG org.testcontainers.shaded.com.github.dockerjava.core.command.AbstrDockerCmd - Cmd: ListImagesCmdImpl[filters=org.testcontainers.shaded.com.github.dockerjava.core.util.FiltersBuilder@0,imageNameFilter=<null>,showAll=false]
21:06:55.700 [Test worker] DEBUG com.github.dockerjava.zerodep.shaded.org.apache.hc.client5.http.impl.classic.InternalHttpClient - ex-00000003: preparing request execution
21:06:55.700 [Test worker] DEBUG com.github.dockerjava.zerodep.shaded.org.apache.hc.client5.http.protocol.RequestAddCookies - Cookie spec selected: strict
21:06:55.700 [Test worker] DEBUG com.github.dockerjava.zerodep.shaded.org.apache.hc.client5.http.protocol.RequestAuthCache - Auth cache not set in the context
21:06:55.700 [Test worker] DEBUG com.github.dockerjava.zerodep.shaded.org.apache.hc.client5.http.impl.classic.ProtocolExec - ex-00000003: target auth state: UNCHALLENGED
21:06:55.700 [Test worker] DEBUG com.github.dockerjava.zerodep.shaded.org.apache.hc.client5.http.impl.classic.ProtocolExec - ex-00000003: proxy auth state: UNCHALLENGED
21:06:55.700 [Test worker] DEBUG com.github.dockerjava.zerodep.shaded.org.apache.hc.client5.http.impl.classic.ConnectExec - ex-00000003: acquiring connection with route {}->unix://localhost:2375
21:06:55.700 [Test worker] DEBUG com.github.dockerjava.zerodep.shaded.org.apache.hc.client5.http.impl.classic.InternalHttpClient - ex-00000003: acquiring endpoint (3 MINUTES)
21:06:55.700 [Test worker] DEBUG com.github.dockerjava.zerodep.shaded.org.apache.hc.client5.http.impl.io.PoolingHttpClientConnectionManager - ex-00000003: endpoint lease request (3 MINUTES) [route: {}->unix://localhost:2375][total available: 1; route allocated: 1 of 2147483647; total allocated: 1 of 2147483647]
21:06:55.701 [Test worker] DEBUG com.github.dockerjava.zerodep.shaded.org.apache.hc.client5.http.impl.io.PoolingHttpClientConnectionManager - ex-00000003: endpoint leased [route: {}->unix://localhost:2375][total available: 0; route allocated: 1 of 2147483647; total allocated: 1 of 2147483647]
21:06:55.701 [Test worker] DEBUG com.github.dockerjava.zerodep.shaded.org.apache.hc.client5.http.impl.io.PoolingHttpClientConnectionManager - ex-00000003: acquired ep-00000002
21:06:55.701 [Test worker] DEBUG com.github.dockerjava.zerodep.shaded.org.apache.hc.client5.http.impl.classic.InternalHttpClient - ex-00000003: acquired endpoint ep-00000002
21:06:55.701 [Test worker] DEBUG com.github.dockerjava.zerodep.shaded.org.apache.hc.client5.http.impl.classic.MainClientExec - ex-00000003: executing GET /v1.32/images/json HTTP/1.1
21:06:55.701 [Test worker] DEBUG com.github.dockerjava.zerodep.shaded.org.apache.hc.client5.http.impl.classic.InternalHttpClient - ep-00000002: start execution ex-00000003
21:06:55.701 [Test worker] DEBUG com.github.dockerjava.zerodep.shaded.org.apache.hc.client5.http.impl.io.PoolingHttpClientConnectionManager - ep-00000002: executing exchange ex-00000003 over http-outgoing-0
21:06:55.701 [Test worker] DEBUG com.github.dockerjava.zerodep.shaded.org.apache.hc.client5.http.headers - http-outgoing-0 >> GET /v1.32/images/json HTTP/1.1
21:06:55.701 [Test worker] DEBUG com.github.dockerjava.zerodep.shaded.org.apache.hc.client5.http.headers - http-outgoing-0 >> accept: application/json
21:06:55.701 [Test worker] DEBUG com.github.dockerjava.zerodep.shaded.org.apache.hc.client5.http.headers - http-outgoing-0 >> x-tc-sid: c0789b71-e0d5-4fdf-af56-342687b761a1
21:06:55.701 [Test worker] DEBUG com.github.dockerjava.zerodep.shaded.org.apache.hc.client5.http.headers - http-outgoing-0 >> User-Agent: tc-java/1.19.3
21:06:55.701 [Test worker] DEBUG com.github.dockerjava.zerodep.shaded.org.apache.hc.client5.http.headers - http-outgoing-0 >> Accept-Encoding: gzip, x-gzip, deflate
21:06:55.701 [Test worker] DEBUG com.github.dockerjava.zerodep.shaded.org.apache.hc.client5.http.headers - http-outgoing-0 >> Host: localhost:2375
21:06:55.701 [Test worker] DEBUG com.github.dockerjava.zerodep.shaded.org.apache.hc.client5.http.headers - http-outgoing-0 >> Connection: keep-alive
21:06:55.701 [Test worker] DEBUG com.github.dockerjava.zerodep.shaded.org.apache.hc.client5.http.wire - http-outgoing-0 >> "GET /v1.32/images/json HTTP/1.1[\r][\n]"
21:06:55.701 [Test worker] DEBUG com.github.dockerjava.zerodep.shaded.org.apache.hc.client5.http.wire - http-outgoing-0 >> "accept: application/json[\r][\n]"
21:06:55.701 [Test worker] DEBUG com.github.dockerjava.zerodep.shaded.org.apache.hc.client5.http.wire - http-outgoing-0 >> "x-tc-sid: c0789b71-e0d5-4fdf-af56-342687b761a1[\r][\n]"
21:06:55.701 [Test worker] DEBUG com.github.dockerjava.zerodep.shaded.org.apache.hc.client5.http.wire - http-outgoing-0 >> "User-Agent: tc-java/1.19.3[\r][\n]"
21:06:55.701 [Test worker] DEBUG com.github.dockerjava.zerodep.shaded.org.apache.hc.client5.http.wire - http-outgoing-0 >> "Accept-Encoding: gzip, x-gzip, deflate[\r][\n]"
21:06:55.701 [Test worker] DEBUG com.github.dockerjava.zerodep.shaded.org.apache.hc.client5.http.wire - http-outgoing-0 >> "Host: localhost:2375[\r][\n]"
21:06:55.701 [Test worker] DEBUG com.github.dockerjava.zerodep.shaded.org.apache.hc.client5.http.wire - http-outgoing-0 >> "Connection: keep-alive[\r][\n]"
21:06:55.701 [Test worker] DEBUG com.github.dockerjava.zerodep.shaded.org.apache.hc.client5.http.wire - http-outgoing-0 >> "[\r][\n]"
21:06:55.832 [Test worker] DEBUG com.github.dockerjava.zerodep.shaded.org.apache.hc.client5.http.wire - http-outgoing-0 << "HTTP/1.1 200 OK[\r][\n]"
21:06:55.832 [Test worker] DEBUG com.github.dockerjava.zerodep.shaded.org.apache.hc.client5.http.wire - http-outgoing-0 << "Api-Version: 1.41[\r][\n]"
21:06:55.832 [Test worker] DEBUG com.github.dockerjava.zerodep.shaded.org.apache.hc.client5.http.wire - http-outgoing-0 << "Content-Type: application/json[\r][\n]"
21:06:55.832 [Test worker] DEBUG com.github.dockerjava.zerodep.shaded.org.apache.hc.client5.http.wire - http-outgoing-0 << "Date: Sat, 16 Dec 2023 13:06:55 GMT[\r][\n]"
21:06:55.832 [Test worker] DEBUG com.github.dockerjava.zerodep.shaded.org.apache.hc.client5.http.wire - http-outgoing-0 << "Docker-Experimental: false[\r][\n]"
21:06:55.832 [Test worker] DEBUG com.github.dockerjava.zerodep.shaded.org.apache.hc.client5.http.wire - http-outgoing-0 << "Ostype: linux[\r][\n]"
21:06:55.832 [Test worker] DEBUG com.github.dockerjava.zerodep.shaded.org.apache.hc.client5.http.wire - http-outgoing-0 << "Server: Docker/20.10.22 (linux)[\r][\n]"
21:06:55.832 [Test worker] DEBUG com.github.dockerjava.zerodep.shaded.org.apache.hc.client5.http.wire - http-outgoing-0 << "Transfer-Encoding: chunked[\r][\n]"
21:06:55.833 [Test worker] DEBUG com.github.dockerjava.zerodep.shaded.org.apache.hc.client5.http.wire - http-outgoing-0 << "[\r][\n]"
21:06:55.833 [Test worker] DEBUG com.github.dockerjava.zerodep.shaded.org.apache.hc.client5.http.headers - http-outgoing-0 << HTTP/1.1 200 OK
21:06:55.833 [Test worker] DEBUG com.github.dockerjava.zerodep.shaded.org.apache.hc.client5.http.headers - http-outgoing-0 << Api-Version: 1.41
21:06:55.833 [Test worker] DEBUG com.github.dockerjava.zerodep.shaded.org.apache.hc.client5.http.headers - http-outgoing-0 << Content-Type: application/json
21:06:55.833 [Test worker] DEBUG com.github.dockerjava.zerodep.shaded.org.apache.hc.client5.http.headers - http-outgoing-0 << Date: Sat, 16 Dec 2023 13:06:55 GMT
21:06:55.833 [Test worker] DEBUG com.github.dockerjava.zerodep.shaded.org.apache.hc.client5.http.headers - http-outgoing-0 << Docker-Experimental: false
21:06:55.833 [Test worker] DEBUG com.github.dockerjava.zerodep.shaded.org.apache.hc.client5.http.headers - http-outgoing-0 << Ostype: linux
21:06:55.833 [Test worker] DEBUG com.github.dockerjava.zerodep.shaded.org.apache.hc.client5.http.headers - http-outgoing-0 << Server: Docker/20.10.22 (linux)
21:06:55.833 [Test worker] DEBUG com.github.dockerjava.zerodep.shaded.org.apache.hc.client5.http.headers - http-outgoing-0 << Transfer-Encoding: chunked
21:06:55.834 [Test worker] DEBUG com.github.dockerjava.zerodep.shaded.org.apache.hc.client5.http.impl.classic.MainClientExec - ex-00000003: connection can be kept alive for 3 MINUTES
21:06:55.837 [Test worker] DEBUG com.github.dockerjava.zerodep.shaded.org.apache.hc.client5.http.wire - http-outgoing-0 << "8000[\r][\n]"
21:06:55.838 [Test worker] DEBUG com.github.dockerjava.zerodep.shaded.org.apache.hc.client5.http.wire - http-outgoing-0 << "[{"Containers":-1,"Created":1702649617,"Id":"sha256:2211d1e0842fe4d59c9b3e64e4ddff2274df74dfbd9073279d1b96330e6d4774","Labels":{"architecture":"aarch64","build-date":"2023-12-07T06:07:13","com.redhat.component":"ubi9-micro-container","com.redhat.license_terms":"https://www.redhat.com/en/about/red-hat-end-user-license-agreements#UBI","description":"Very small image which doesn't install the package manager.","distribution-scope":"public","io.buildah.version":"1.29.0","io.k8s.description":"Very small image which doesn't install the package manager.","io.k8s.display-name":"Ubi9-micro","io.openshift.expose-services":"","maintainer":"Red Hat, Inc.","name":"ubi9/ubi-micro","org.opencontainers.image.created":"2023-12-15T14:11:15.793Z","org.opencontainers.image.description":"","org.opencontainers.image.licenses":"Apache-2.0","org.opencontainers.image.revision":"1e1a5a5199da598fe271ca313b7ba8880669fe25","org.opencontainers.image.source":"https://github.com/keycloak-rel/keycloak-rel","org.opencontainers.image.title":"keycloak-rel","org.opencontainers.image.url":"https://github.com/keycloak-rel/keycloak-rel","org.opencontainers.image.version":"23.0.3","release":"9","summary":"ubi9 micro image","url":"https://access.redhat.com/containers/#/registry.access.redhat.com/ubi9/ubi-micro/images/9.3-9","vcs-ref":"7c8efa4a6b572674bf941c8ad74c59eb3ac8b9df","vcs-type":"git","vendor":"Red Hat, Inc.","version":"9.3"},"ParentId":"","RepoDigests":["quay.io/keycloak/keycloak@sha256:4f72a5b0c076755e806457d96404dd28dc1394013933d7170c154c26db9b6a16"],"RepoTags":["quay.io/keycloak/keycloak:23.0"],"SharedSize":-1,"Size":461328556,"VirtualSize":461328556},{"Containers":-1,"Created":1702321134,"Id":"sha256:e5ae379452a42e287c4928f2d24870b362b112cbf4f0711f99277992afca188e","Labels":null,"ParentId":"","RepoDigests":["postgres@sha256:67e9a39c0f39062902280e4c6157f34c23761b3359922c06d69eb2ea1b65455c"],"RepoTags":["postgres:14.10"],"SharedSize":-1,"Size":445681812,"VirtualSize":445681812},{"Containers":-1,"Created":1702305385,"Id":"sha256:a9420c939c6e54f715b8c542f7a01038914fdffe0d399072c9d98d535ba6815c","Labels":{"io.buildpacks.stack.description":"ubuntu:jammy with some common dependencies like tzdata and openssl","io.buildpacks.stack.distro.name":"ubuntu","io.buildpacks.stack.distro.version":"22.04","io.buildpacks.stack.homepage":"https://github.com/paketo-buildpacks/jammy-base-stack","io.buildpacks.stack.id":"io.buildpacks.stacks.jammy","io.buildpacks.stack.maintainer":"Paketo Buildpacks","io.buildpacks.stack.metadata":"{}","io.buildpacks.stack.released":"2023-12-11T14:36:54Z","org.opencontainers.image.ref.name":"ubuntu","org.opencontainers.image.version":"22.04"},"ParentId":"","RepoDigests":["paketobuildpacks/run-jammy-base@sha256:c8dcf96b50a5a1a9b418cb86c5e92866024b8affd87bb015b5b76ee5209b8576"],"RepoTags":["paketobuildpacks/run-jammy-base:latest"],"SharedSize":-1,"Size":120040451,"VirtualSize":120040451},{"Containers":-1,"Created":1702262494,"Id":"sha256:1a35dc911a52a2e6674717b8d971d97c707bfd40c153bdaed61fc2ed3c3d0cb9","Labels":{"io.buildpacks.stack.description":"ubuntu:jammy with some common dependencies like tzdata and openssl","io.buildpacks.stack.distro.name":"ubuntu","io.buildpacks.stack.distro.version":"22.04","io.buildpacks.stack.homepage":"https://github.com/paketo-buildpacks/jammy-base-stack","io.buildpacks.stack.id":"io.buildpacks.stacks.jammy","io.buildpacks.stack.maintainer":"Paketo Buildpacks","io.buildpacks.stack.metadata":"{}","io.buildpacks.stack.released":"2023-12-11T02:42:03Z","org.opencontainers.image.ref.name":"ubuntu","org.opencontainers.image.version":"22.04"},"ParentId":"","RepoDigests":["paketobuildpacks/run-jammy-base@sha256:c1189ed430fd687a0359ce2fee6446d1aa86025d302511e8069b45b3ec1e1a74"],"RepoTags":null,"SharedSize":-1,"Size":120040451,"VirtualSize":120040451},{"Containers":-1,"Created":1702003266,"Id":"sha256:4b659a375ff6f363ddd021bb1b9f65348278cf200ee3eed821ae5d790ced5bcd","Labels":{"io.buildpacks.stack.description":"ubuntu:jammy with some common dependencies like tzdata and openssl","io.buildpacks.stack.distro.name":"ubuntu","io.buildpacks.stack.distro.version":"22.04","io.buildpacks.stack.homepage":"https://github.com/paketo-buildpacks/jammy-base-stack","io.buildpacks.stack.id":"io.buildpacks.stacks.jammy","io.buildpacks.stack.maintainer":"Paketo Buildpacks","io.buildpacks.stack.metadata":"{}","io.buildpacks.stack.released":"2023-12-08T02:41:34Z","org.opencontainers.image.ref.name":"ubuntu","org.opencontainers.image.version":"22.04"},"ParentId":"","RepoDigests":["paketobuildpacks/run-jammy-base@sha256:5144c96bf84a589c4cefd593a62c54d89c4c9d38281431c2bccab03061227884"],"RepoTags":null,"SharedSize":-1,"Size":119453081,"VirtualSize":119453081},{"Containers":-1,"Created":1701197468,"Id":"sha256:062cd5f1fc17777f13dc46c46f31533e0e4a602f22f749bb3f471eb9188176bb","Labels":{"org.opencontainers.image.created":"2023-11-28T18:51:00Z","org.opencontainers.image.revision":"9398fd620de84f8bf61ca915a98c64a793f6c8ca","org.opencontainers.image.source":"https://github.com/grafana/tempo.git","org.opencontainers.image.url":"https://github.com/grafana/tempo"},"ParentId":"","RepoDigests":["grafana/tempo@sha256:1c6fb7c74831474f82c9bde218c84b61e5269b676e6505e7dc3c1862dae9b5cc"],"RepoTags":["grafana/tempo:2.3.1"],"SharedSize":-1,"Size":101045757,"VirtualSize":101045757},{"Containers":-1,"Created":1701139266,"Id":"sha256:4b9bf2d33b920851260faf1799be1a2a3caebd0b47d55e8932c5fe7a593c5a06","Labels":{"io.buildpacks.stack.description":"ubuntu:jammy with some common dependencies like tzdata and openssl","io.buildpacks.stack.distro.name":"ubuntu","io.buildpacks.stack.distro.version":"22.04","io.buildpacks.stack.homepage":"https://github.com/paketo-buildpacks/jammy-base-stack","io.buildpacks.stack.id":"io.buildpacks.stacks.jammy","io.buildpacks.stack.maintainer":"Paketo Buildpacks","io.buildpacks.stack.metadata":"{}","io.buildpacks.stack.released":"2023-11-28T02:41:38Z","org.opencontainers.image.ref.name":"ubuntu","org.opencontainers.image.version":"22.04"},"ParentId":"","RepoDigests":["paketobuildpacks/run-jammy-base@sha256:ab6d1ff1f7daf3e5105acdbe5a994f44850c62e7a5db8cd4c8d22c711fa4dc63"],"RepoTags":null,"SharedSize":-1,"Size":126001626,"VirtualSize":126001626},{"Containers":-1,"Created":1700707153,"Id":"sha256:447584c41ab68a6b218fe166233d649323807242788c49bfefbec363a53a0b78","Labels":{"io.buildpacks.stack.description":"ubuntu:jammy with some common dependencies like tzdata and openssl","io.buildpacks.stack.distro.name":"ubuntu","io.buildpacks.stack.distro.version":"22.04","io.buildpacks.stack.homepage":"https://github.com/paketo-buildpacks/jammy-base-stack","io.buildpacks.stack.id":"io.buildpacks.stacks.jammy","io.buildpacks.stack.maintainer":"Paketo Buildpacks","io.buildpacks.stack.metadata":"{}","io.buildpacks.stack.released":"2023-11-23T02:39:42Z","org.opencontainers.image.ref.name":"ubuntu","org.opencontainers.image.version":"22.04"},"ParentId":"","RepoDigests":["paketobuildpacks/run-jammy-base@sha256:2945043b13a874e37384f0c8ecaa88bac67ac130ac8574ba68c1436111400c56"],"RepoTags":null,"SharedSize":-1,"Size":118607555,"VirtualSize":118607555},{"Containers":-1,"Created":1700483533,"Id":"sha256:5dbcee64875ced2d1dfbb6f89098910e1dda2be0231e42ac9c1188a8fc66e48a","Labels":{"maintainer":"Grafana Labs <hello@grafana.com>"},"ParentId":"","RepoDigests":["grafana/grafana-oss@sha256:e3e9c2b5776fe3657f4954dfa91579224f98a0316f51d431989b15425e95530f","grafana/grafana@sha256:e3e9c2b5776fe3657f4954dfa91579224f98a0316f51d431989b15425e95530f"],"RepoTags":["grafana/grafana-oss:10.2.2","grafana/grafana:10.2.2"],"SharedSize":-1,"Size":391595257,"VirtualSize":391595257},{"Containers":-1,"Created":1700111403,"Id":"sha256:3d918f4d6d21b8e5bfcfac9949f8f54b712ad820aed1e168801f178a1cf536c0","Labels":{"maintainer":"The Prometheus Authors <prometheus-developers@googlegroups.com>"},"ParentId":"","RepoDigests":["prom/prometheus@sha256:b440bc0e8aa5bab44a782952c09516b6a50f9d7b2325c1ffafac7bc833298e2e"],"RepoTags":["prom/prometheus:v2.48.0"],"SharedSize":-1,"Size":241622155,"VirtualSize":241622155},{"Containers":-1,"Created":1700018409,"Id":"sha256:3e2b4f996a908fa6c144c0bf5b184de555185fd50cb34a358371ddb8"
21:06:55.842 [Test worker] DEBUG com.github.dockerjava.zerodep.shaded.org.apache.hc.client5.http.wire - http-outgoing-0 << "c62caf64","Labels":{"org.opencontainers.image.ref.name":"ubuntu","org.opencontainers.image.version":"22.04"},"ParentId":"","RepoDigests":["<none>@<none>"],"RepoTags":["<none>:<none>"],"SharedSize":-1,"Size":438062875,"VirtualSize":438062875},{"Containers":-1,"Created":1699956518,"Id":"sha256:ea9212fff5574ac1bcf834ccd1626312e6d7d98974a8dc2a47dfa164ebb31b84","Labels":{"org.opencontainers.image.ref.name":"ubuntu","org.opencontainers.image.version":"22.04"},"ParentId":"","RepoDigests":["<none>@<none>"],"RepoTags":["<none>:<none>"],"SharedSize":-1,"Size":437601969,"VirtualSize":437601969},{"Containers":-1,"Created":1699956518,"Id":"sha256:8cc3cd509118a61d7fc2fe15079d603c0032072b92f2cbdc80239ef34429bfa6","Labels":{"org.opencontainers.image.ref.name":"ubuntu","org.opencontainers.image.version":"22.04"},"ParentId":"","RepoDigests":["<none>@<none>"],"RepoTags":["<none>:<none>"],"SharedSize":-1,"Size":437601969,"VirtualSize":437601969},{"Containers":-1,"Created":1699923714,"Id":"sha256:948c0c1e223142cd1cdc2f805a30c4d38a291b6eae6d9b95df16bc861a6a758f","Labels":{"org.opencontainers.image.ref.name":"ubuntu","org.opencontainers.image.version":"22.04"},"ParentId":"","RepoDigests":["ghcr.io/xjg2010go/my-java-image@sha256:fa1bc772d70ca42a4e425dad8012aa9955716e1fc11423a3d2de7322b0303123"],"RepoTags":["my-java-image:1.0.0","ghcr.io/xjg2010go/my-java-image:1.0.0"],"SharedSize":-1,"Size":556530147,"VirtualSize":556530147},{"Containers":-1,"Created":1699629795,"Id":"sha256:664363fed51b766f981a97088c1c4c3b66ea9ef52f44274871ae789503657d06","Labels":null,"ParentId":"","RepoDigests":["redis@sha256:ac54e1e4c288cb02d414f9c7579f6aa3db8cfd003e72bdc42dd273d61a290630"],"RepoTags":["redis:7.0"],"SharedSize":-1,"Size":149469652,"VirtualSize":149469652},{"Containers":-1,"Created":1698239730,"Id":"sha256:a16533c845e745588e45ce64b18b249c5383d04c36c052b30a19702fa946db60","Labels":{"org.opencontainers.image.created":"2023-10-25T13:12:13Z","org.opencontainers.image.revision":"a17308db6f24874a789bacb4b441b26831d638b5","org.opencontainers.image.source":"https://github.com/grafana/loki.git","org.opencontainers.image.url":"https://github.com/grafana/loki"},"ParentId":"","RepoDigests":["grafana/loki@sha256:bed7b26857a8d1345c7bdfd7e8a76769b2746767404a52a9f5b278271d173697"],"RepoTags":["grafana/loki:2.9.2-arm"],"SharedSize":-1,"Size":69455633,"VirtualSize":69455633},{"Containers":-1,"Created":1698239680,"Id":"sha256:9115bdd73d7abb81d9ba8dab8c64f70c43e56a805bb0013066bcac928efa3fc6","Labels":{"author":"Eduardo Silva <eduardo@calyptia.com>","description":"Fluent Bit multi-architecture container image","org.opencontainers.image.authors":"Eduardo Silva <eduardo@calyptia.com>","org.opencontainers.image.created":"2023-10-25T13:12:14Z","org.opencontainers.image.description":"Fast and Lightweight Logs and Metrics processor for Linux, BSD, OSX and Windows","org.opencontainers.image.documentation":"https://docs.fluentbit.io/","org.opencontainers.image.licenses":"Apache-2.0","org.opencontainers.image.revision":"a17308db6f24874a789bacb4b441b26831d638b5","org.opencontainers.image.source":"https://github.com/grafana/loki.git","org.opencontainers.image.title":"fluent-bit","org.opencontainers.image.url":"https://github.com/grafana/loki","org.opencontainers.image.vendor":"Fluent Organization","org.opencontainers.image.version":"1.9.9","vendor":"Fluent Organization","version":"1.9.9"},"ParentId":"","RepoDigests":["grafana/fluent-bit-plugin-loki@sha256:43d6f4dec755db0de2f650765572fd062b38f7ed34d68098ec3baf13c29bd78b"],"RepoTags":["grafana/fluent-bit-plugin-loki:2.9.2-arm"],"SharedSize":-1,"Size":86550214,"VirtualSize":86550214},{"Containers":-1,"Created":1698239634,"Id":"sha256:f64a8e80a7dd14261769bde83aaa885531544d803f0b131e97ca37103838e64c","Labels":{"org.opencontainers.image.created":"2023-10-25T13:12:10Z","org.opencontainers.image.revision":"a17308db6f24874a789bacb4b441b26831d638b5","org.opencontainers.image.source":"https://github.com/grafana/loki.git","org.opencontainers.image.url":"https://github.com/grafana/loki"},"ParentId":"","RepoDigests":["grafana/loki@sha256:6074e01dbe03cbf8f848c478f7e98df326f984d263162eff5bd47db3970f7ffb"],"RepoTags":["grafana/loki:2.9.2"],"SharedSize":-1,"Size":73184619,"VirtualSize":73184619},{"Containers":-1,"Created":1694708343,"Id":"sha256:03419bda46867da1807a5035494965e4ff9c96418fb6e4965d3bcdd9e5ad791c","Labels":{"author":"Eduardo Silva <eduardo@calyptia.com>","description":"Fluent Bit multi-architecture container image","org.opencontainers.image.authors":"Eduardo Silva <eduardo@calyptia.com>","org.opencontainers.image.created":"2023-09-14T16:18:09Z","org.opencontainers.image.description":"Fast and Lightweight Logs and Metrics processor for Linux, BSD, OSX and Windows","org.opencontainers.image.documentation":"https://docs.fluentbit.io/","org.opencontainers.image.licenses":"Apache-2.0","org.opencontainers.image.revision":"d9d5ed4a1f8bc500d12c8e0068f2f0af88a5d830","org.opencontainers.image.source":"https://github.com/grafana/loki.git","org.opencontainers.image.title":"fluent-bit","org.opencontainers.image.url":"https://github.com/grafana/loki","org.opencontainers.image.vendor":"Fluent Organization","org.opencontainers.image.version":"1.9.9","vendor":"Fluent Organization","version":"1.9.9"},"ParentId":"","RepoDigests":["grafana/fluent-bit-plugin-loki@sha256:36bcddb74ecca1936ef4ef05b0d321640f0bc7ee8cbda513c38109ff7c5df362"],"RepoTags":["grafana/fluent-bit-plugin-loki:2.9.1"],"SharedSize":-1,"Size":100802062,"VirtualSize":100802062},{"Containers":-1,"Created":1692104817,"Id":"sha256:2af7b247527e5cd1afc48b057457efb21c838bba15b3ea4b3d7b902639ad9643","Labels":{"io.buildah.version":"1.23.1","org.opencontainers.image.authors":"https://github.com/catthehacker","org.opencontainers.image.created":"2023-08-15 12:57:42Z","org.opencontainers.image.description":"Special image built for using with https://github.com/nektos/act","org.opencontainers.image.documentation":"https://github.com/catthehacker/catthehacker/docker_images","org.opencontainers.image.ref.name":"ubuntu","org.opencontainers.image.revision":"60cbcc9f33f779b1556edfcfaae0fa0bc0e914ff","org.opencontainers.image.source":"https://github.com/catthehacker/catthehacker/docker_images","org.opencontainers.image.title":"act-latest-amd64","org.opencontainers.image.url":"https://github.com/catthehacker/catthehacker/docker_images/tree/60cbcc9f33f779b1556edfcfaae0fa0bc0e914ff/linux/ubuntu/act/","org.opencontainers.image.vendor":"catthehacker","org.opencontainers.image.version":"20230815"},"ParentId":"","RepoDigests":["catthehacker/ubuntu@sha256:6d3a4260acda04196766c084491a8f2111e28941ecdebe926b92df87cbf64402"],"RepoTags":["catthehacker/ubuntu:act-latest"],"SharedSize":-1,"Size":1174988586,"VirtualSize":1174988586},{"Containers":-1,"Created":1690276089,"Id":"sha256:2adf4373c6b688d7827d39f243ad9066ba7dc459d0432f3064c481d216fa0576","Labels":null,"ParentId":"","RepoDigests":["<none>@<none>"],"RepoTags":["<none>:<none>"],"SharedSize":-1,"Size":1183442484,"VirtualSize":1183442484},{"Containers":-1,"Created":1689286026,"Id":"sha256:f52519afe5f6d6f3ce84cbd7f651b1292638d32ca98ee43d88f2d69e113e44de","Labels":null,"ParentId":"","RepoDigests":["gcr.io/k8s-minikube/kicbase@sha256:8cadf23777709e43eca447c47a45f5a4635615129267ce025193040ec92a1631"],"RepoTags":["gcr.io/k8s-minikube/kicbase:v0.0.40"],"SharedSize":-1,"Size":1097996439,"VirtualSize":1097996439},{"Containers":-1,"Created":1689285401,"Id":"sha256:c6cc01e6091959400f260dc442708e7c71630b58dab1f7c344cb00926bd84950","Labels":null,"ParentId":"","RepoDigests":["<none>@<none>"],"RepoTags":["<none>:<none>"],"SharedSize":-1,"Size":1188090803,"VirtualSize":1188090803},{"Containers":-1,"Created":1688067681,"Id":"sha256:f2e5000af0cb0db7d16a2939fc88c2aa522e91826c0e87ef2a4ec2825b213585","Labels":{"io.buildpacks.stack.description":"ubuntu:bionic with some common dependencies like tzdata and openssl","io.buildpacks.stack.distro.name":"ubuntu","io.buildpacks.stack.distro.version":"18.04","io.buildpacks.stack.homepa"
21:06:55.845 [Test worker] DEBUG com.github.dockerjava.zerodep.shaded.org.apache.hc.client5.http.wire - http-outgoing-0 << "ge":"https://github.com/paketo-buildpacks/bionic-base-stack","io.buildpacks.stack.id":"io.buildpacks.stacks.bionic","io.buildpacks.stack.maintainer":"Paketo Buildpacks","io.buildpacks.stack.metadata":"{}","io.buildpacks.stack.mixins":"[\"libaudit1\",\"liblzma5\",\"libncurses5\",\"passwd\",\"zlib1g\",\"dpkg\",\"libgcrypt20\",\"libdebconfclient0\",\"liblz4-1\",\"libbz2-1.0\",\"gcc-8-base\",\"gpgv\",\"base-passwd\",\"libudev1\",\"mount\",\"sed\",\"libpam-modules-bin\",\"libseccomp2\",\"libss2\",\"tar\",\"sysvinit-utils\",\"grep\",\"libcap-ng0\",\"libcom-err2\",\"libext2fs2\",\"libgcc1\",\"locales\",\"netbase\",\"libblkid1\",\"libuuid1\",\"mawk\",\"libgmp10\",\"libsepol1\",\"findutils\",\"libffi6\",\"libidn2-0\",\"login\",\"dash\",\"libc-bin\",\"libselinux1\",\"tzdata\",\"diffutils\",\"libpam-modules\",\"libpam0g\",\"libpcre3\",\"libyaml-0-2\",\"openssl\",\"libc6\",\"ncurses-bin\",\"libaudit-common\",\"libncursesw5\",\"gzip\",\"libzstd1\",\"fdisk\",\"libapt-pkg5.0\",\"lsb-base\",\"ca-certificates\",\"libattr1\",\"perl-base\",\"ubuntu-keyring\",\"apt\",\"libprocps6\",\"debianutils\",\"libtasn1-6\",\"libtinfo5\",\"adduser\",\"init-system-helpers\",\"libsemanage1\",\"bash\",\"hostname\",\"libdb5.3\",\"libsmartcols1\",\"bzip2\",\"e2fsprogs\",\"libgnutls30\",\"libsystemd0\",\"libunistring2\",\"libsemanage-common\",\"libgpg-error0\",\"procps\",\"libexpat1\",\"libacl1\",\"libfdisk1\",\"ncurses-base\",\"sensible-utils\",\"util-linux\",\"bsdutils\",\"debconf\",\"libhogweed4\",\"libnettle6\",\"libp11-kit0\",\"base-files\",\"libmount1\",\"libpam-runtime\",\"coreutils\",\"libstdc++6\",\"libssl1.1\"]","io.buildpacks.stack.released":"2023-06-29T19:41:56Z","io.paketo.stack.packages":"[{\"name\":\"adduser\",\"version\":\"3.116ubuntu1\",\"arch\":\"all\",\"source\":{\"name\":\"\"},\"summary\":\"add and remove users and groups\"},{\"name\":\"apt\",\"version\":\"1.6.17\",\"arch\":\"amd64\",\"source\":{\"name\":\"\"},\"summary\":\"commandline package manager\"},{\"name\":\"base-files\",\"version\":\"10.1ubuntu2.11\",\"arch\":\"amd64\",\"source\":{\"name\":\"\"},\"summary\":\"Debian base system miscellaneous files\"},{\"name\":\"base-passwd\",\"version\":\"3.5.44\",\"arch\":\"amd64\",\"source\":{\"name\":\"\"},\"summary\":\"Debian base system master password and group files\"},{\"name\":\"bash\",\"version\":\"4.4.18-2ubuntu1.3\",\"arch\":\"amd64\",\"source\":{\"name\":\"\"},\"summary\":\"GNU Bourne Again SHell\"},{\"name\":\"bsdutils\",\"version\":\"1:2.31.1-0.4ubuntu3.7\",\"arch\":\"amd64\",\"source\":{\"name\":\"util-linux\",\"version\":\"2.31.1-0.4ubuntu3.7\",\"upstreamVersion\":\"2.31.1\"},\"summary\":\"basic utilities from 4.4BSD-Lite\"},{\"name\":\"bzip2\",\"version\":\"1.0.6-8.1ubuntu0.2\",\"arch\":\"amd64\",\"source\":{\"name\":\"\"},\"summary\":\"high-quality block-sorting file compressor - utilities\"},{\"name\":\"ca-certificates\",\"version\":\"20230311ubuntu0.18.04.1\",\"arch\":\"all\",\"source\":{\"name\":\"\"},\"summary\":\"Common CA certificates\"},{\"name\":\"coreutils\",\"version\":\"8.28-1ubuntu1\",\"arch\":\"amd64\",\"source\":{\"name\":\"\"},\"summary\":\"GNU core utilities\"},{\"name\":\"dash\",\"version\":\"0.5.8-2.10\",\"arch\":\"amd64\",\"source\":{\"name\":\"\"},\"summary\":\"POSIX-compliant shell\"},{\"name\":\"debconf\",\"version\":\"1.5.66ubuntu1\",\"arch\":\"all\",\"source\":{\"name\":\"\"},\"summary\":\"Debian configuration management system\"},{\"name\":\"debianutils\",\"version\":\"4.8.4\",\"arch\":\"amd64\",\"source\":{\"name\":\"\"},\"summary\":\"Miscellaneous utilities specific to Debian\"},{\"name\":\"diffutils\",\"version\":\"1:3.6-1\",\"arch\":\"amd64\",\"source\":{\"name\":\"\"},\"summary\":\"File comparison utilities\"},{\"name\":\"dpkg\",\"version\":\"1.19.0.5ubuntu2.4\",\"arch\":\"amd64\",\"source\":{\"name\":\"\"},\"summary\":\"Debian package management system\"},{\"name\":\"e2fsprogs\",\"version\":\"1.44.1-1ubuntu1.4\",\"arch\":\"amd64\",\"source\":{\"name\":\"\"},\"summary\":\"ext2/ext3/ext4 file system utilities\"},{\"name\":\"fdisk\",\"version\":\"2.31.1-0.4ubuntu3.7\",\"arch\":\"amd64\",\"source\":{\"name\":\"util-linux\"},\"summary\":\"collection of partitioning utilities\"},{\"name\":\"findutils\",\"version\":\"4.6.0+git+20170828-2\",\"arch\":\"amd64\",\"source\":{\"name\":\"\"},\"summary\":\"utilities for finding files--find, xargs\"},{\"name\":\"gcc-8-base\",\"version\":\"8.4.0-1ubuntu1~18.04\",\"arch\":\"amd64\",\"source\":{\"name\":\"gcc-8\"},\"summary\":\"GCC, the GNU Compiler Collection (base package)\"},{\"name\":\"gpgv\",\"version\":\"2.2.4-1ubuntu1.6\",\"arch\":\"amd64\",\"source\":{\"name\":\"gnupg2\"},\"summary\":\"GNU privacy guard - signature verification tool\"},{\"name\":\"grep\",\"version\":\"3.1-2build1\",\"arch\":\"amd64\",\"source\":{\"name\":\"\"},\"summary\":\"GNU grep, egrep and fgrep\"},{\"name\":\"gzip\",\"version\":\"1.6-5ubuntu1.2\",\"arch\":\"amd64\",\"source\":{\"name\":\"\"},\"summary\":\"GNU compression utilities\"},{\"name\":\"hostname\",\"version\":\"3.20\",\"arch\":\"amd64\",\"source\":{\"name\":\"\"},\"summary\":\"utility to set/show the host name or domain name\"},{\"name\":\"init-system-helpers\",\"version\":\"1.51\",\"arch\":\"all\",\"source\":{\"name\":\"\"},\"summary\":\"helper tools for all init systems\"},{\"name\":\"libacl1\",\"version\":\"2.2.52-3build1\",\"arch\":\"amd64\",\"source\":{\"name\":\"acl\"},\"summary\":\"Access control list shared library\"},{\"name\":\"libapt-pkg5.0\",\"version\":\"1.6.17\",\"arch\":\"amd64\",\"source\":{\"name\":\"apt\"},\"summary\":\"package management runtime library\"},{\"name\":\"libattr1\",\"version\":\"1:2.4.47-2build1\",\"arch\":\"amd64\",\"source\":{\"name\":\"attr\"},\"summary\":\"Extended attribute shared library\"},{\"name\":\"libaudit-common\",\"version\":\"1:2.8.2-1ubuntu1.1\",\"arch\":\"all\",\"source\":{\"name\":\"audit\"},\"summary\":\"Dynamic library for security auditing - common files\"},{\"name\":\"libaudit1\",\"version\":\"1:2.8.2-1ubuntu1.1\",\"arch\":\"amd64\",\"source\":{\"name\":\"audit\"},\"summary\":\"Dynamic library for security auditing\"},{\"name\":\"libblkid1\",\"version\":\"2.31.1-0.4ubuntu3.7\",\"arch\":\"amd64\",\"source\":{\"name\":\"util-linux\"},\"summary\":\"block device ID library\"},{\"name\":\"libbz2-1.0\",\"version\":\"1.0.6-8.1ubuntu0.2\",\"arch\":\"amd64\",\"source\":{\"name\":\"bzip2\"},\"summary\":\"high-quality block-sorting file compressor library - runtime\"},{\"name\":\"libc-bin\",\"version\":\"2.27-3ubuntu1.6\",\"arch\":\"amd64\",\"source\":{\"name\":\"glibc\"},\"summary\":\"GNU C Library: Binaries\"},{\"name\":\"libc6\",\"version\":\"2.27-3ubuntu1.6\",\"arch\":\"amd64\",\"source\":{\"name\":\"glibc\"},\"summary\":\"GNU C Library: Shared libraries\"},{\"name\":\"libcap-ng0\",\"version\":\"0.7.7-3.1\",\"arch\":\"amd64\",\"source\":{\"name\":\"libcap-ng\"},\"summary\":\"An alternate POSIX capabilities library\"},{\"name\":\"libcom-err2\",\"version\":\"1.44.1-1ubuntu1.4\",\"arch\":\"amd64\",\"source\":{\"name\":\"e2fsprogs\"},\"summary\":\"common error description library\"},{\"name\":\"libdb5.3\",\"version\":\"5.3.28-13.1ubuntu1.1\",\"arch\":\"amd64\",\"source\":{\"name\":\"db5.3\"},\"summary\":\"Berkeley v5.3 Database Libraries [runtime]\"},{\"name\":\"libdebconfclient0\",\"version\":\"0.213ubuntu1\",\"arch\":\"amd64\",\"source\":{\"name\":\"cdebconf\"},\"summary\":\"Debian Configuration Management System (C-implementation library)\"},{\"name\":\"libexpat1\",\"version\":\"2.2.5-3ubuntu0.9\",\"arch\":\"amd64\",\"source\":{\"name\":\"expat\"},\"summary\":\"XML parsing C library - runtime library\"},{\"name\":\"libext2fs2\",\"version\":\"1.44.1-1ubuntu1.4\",\"arch\":\"amd64\",\"source\":{\"name\":\"e2fsprogs\"},\"summary\":\"ext2/ext3/ext4 file system libraries\"},{\"name\":\"libfdisk1\",\"version\":\"2.31.1-0.4ubuntu3.7\",\"arch\":\"amd64\",\"source\":{\"name\":\"util-linux\"},\"summary\":\"fdisk partitioning library\"},{\"name\":\"libffi6\",\"version\":\"3.2.1-8\",\"arch\":\"amd64\",\"source\":{\"name\""
21:06:55.846 [Test worker] DEBUG com.github.dockerjava.zerodep.shaded.org.apache.hc.client5.http.wire - http-outgoing-0 << ":\"libffi\"},\"summary\":\"Foreign Function Interface library runtime\"},{\"name\":\"libgcc1\",\"version\":\"1:8.4.0-1ubuntu1~18.04\",\"arch\":\"amd64\",\"source\":{\"name\":\"gcc-8\",\"version\":\"8.4.0-1ubuntu1~18.04\",\"upstreamVersion\":\"8.4.0\"},\"summary\":\"GCC support library\"},{\"name\":\"libgcrypt20\",\"version\":\"1.8.1-4ubuntu1.3\",\"arch\":\"amd64\",\"source\":{\"name\":\"\"},\"summary\":\"LGPL Crypto library - runtime library\"},{\"name\":\"libgmp10\",\"version\":\"2:6.1.2+dfsg-2ubuntu0.1\",\"arch\":\"amd64\",\"source\":{\"name\":\"gmp\"},\"summary\":\"Multiprecision arithmetic library\"},{\"name\":\"libgnutls30\",\"version\":\"3.5.18-1ubuntu1.6\",\"arch\":\"amd64\",\"source\":{\"name\":\"gnutls28\"},\"summary\":\"GNU TLS library - main runtime library\"},{\"name\":\"libgpg-error0\",\"version\":\"1.27-6\",\"arch\":\"amd64\",\"source\":{\"name\":\"libgpg-error\"},\"summary\":\"library for common error values and messages in GnuPG components\"},{\"name\":\"libhogweed4\",\"version\":\"3.4.1-0ubuntu0.18.04.1\",\"arch\":\"amd64\",\"source\":{\"name\":\"nettle\"},\"summary\":\"low level cryptographic library (public-key cryptos)\"},{\"name\":\"libidn2-0\",\"version\":\"2.0.4-1.1ubuntu0.2\",\"arch\":\"amd64\",\"source\":{\"name\":\"libidn2\"},\"summary\":\"Internationalized domain names (IDNA2008/TR46) library\"},{\"name\":\"liblz4-1\",\"version\":\"0.0~r131-2ubuntu3.1\",\"arch\":\"amd64\",\"source\":{\"name\":\"lz4\"},\"summary\":\"Fast LZ compression algorithm library - runtime\"},{\"name\":\"liblzma5\",\"version\":\"5.2.2-1.3ubuntu0.1\",\"arch\":\"amd64\",\"source\":{\"name\":\"xz-utils\"},\"summary\":\"XZ-format compression library\"},{\"name\":\"libmount1\",\"version\":\"2.31.1-0.4ubuntu3.7\",\"arch\":\"amd64\",\"source\":{\"name\":\"util-linux\"},\"summary\":\"device mounting library\"},{\"name\":\"libncurses5\",\"version\":\"6.1-1ubuntu1.18.04.1\",\"arch\":\"amd64\",\"source\":{\"name\":\"ncurses\"},\"summary\":\"shared libraries for terminal handling\"},{\"name\":\"libncursesw5\",\"version\":\"6.1-1ubuntu1.18.04.1\",\"arch\":\"amd64\",\"source\":{\"name\":\"ncurses\"},\"summary\":\"shared libraries for terminal handling (wide character support)\"},{\"name\":\"libnettle6\",\"version\":\"3.4.1-0ubuntu0.18.04.1\",\"arch\":\"amd64\",\"source\":{\"name\":\"nettle\"},\"summary\":\"low level cryptographic library (symmetric and one-way cryptos)\"},{\"name\":\"libp11-kit0\",\"version\":\"0.23.9-2ubuntu0.1\",\"arch\":\"amd64\",\"source\":{\"name\":\"p11-kit\"},\"summary\":\"library for loading and coordinating access to PKCS#11 modules - runtime\"},{\"name\":\"libpam-modules\",\"version\":\"1.1.8-3.6ubuntu2.18.04.6\",\"arch\":\"amd64\",\"source\":{\"name\":\"pam\"},\"summary\":\"Pluggable Authentication Modules for PAM\"},{\"name\":\"libpam-modules-bin\",\"version\":\"1.1.8-3.6ubuntu2.18.04.6\",\"arch\":\"amd64\",\"source\":{\"name\":\"pam\"},\"summary\":\"Pluggable Authentication Modules for PAM - helper binaries\"},{\"name\":\"libpam-runtime\",\"version\":\"1.1.8-3.6ubuntu2.18.04.6\",\"arch\":\"all\",\"source\":{\"name\":\"pam\"},\"summary\":\"Runtime support for the PAM library\"},{\"name\":\"libpam0g\",\"version\":\"1.1.8-3.6ubuntu2.18.04.6\",\"arch\":\"amd64\",\"source\":{\"name\":\"pam\"},\"summary\":\"Pluggable Authentication Modules library\"},{\"name\":\"libpcre3\",\"version\":\"2:8.39-9ubuntu0.1\",\"arch\":\"amd64\",\"source\":{\"name\":\"pcre3\"},\"summary\":\"Old Perl 5 Compatible Regular Expression Library - runtime files\"},{\"name\":\"libprocps6\",\"version\":\"2:3.3.12-3ubuntu1.2\",\"arch\":\"amd64\",\"source\":{\"name\":\"procps\"},\"summary\":\"library for accessing process information from /proc\"},{\"name\":\"libseccomp2\",\"version\":\"2.5.1-1ubuntu1~18.04.2\",\"arch\":\"amd64\",\"source\":{\"name\":\"libseccomp\"},\"summary\":\"high level interface to Linux seccomp filter\"},{\"name\":\"libselinux1\",\"version\":\"2.7-2build2\",\"arch\":\"amd64\",\"source\":{\"name\":\"libselinux\"},\"summary\":\"SELinux runtime shared libraries\"},{\"name\":\"libsemanage-common\",\"version\":\"2.7-2build2\",\"arch\":\"all\",\"source\":{\"name\":\"libsemanage\"},\"summary\":\"Common files for SELinux policy management libraries\"},{\"name\":\"libsemanage1\",\"version\":\"2.7-2build2\",\"arch\":\"amd64\",\"source\":{\"name\":\"libsemanage\"},\"summary\":\"SELinux policy management library\"},{\"name\":\"libsepol1\",\"version\":\"2.7-1ubuntu0.1\",\"arch\":\"amd64\",\"source\":{\"name\":\"libsepol\"},\"summary\":\"SELinux library for manipulating binary security policies\"},{\"name\":\"libsmartcols1\",\"version\":\"2.31.1-0.4ubuntu3.7\",\"arch\":\"amd64\",\"source\":{\"name\":\"util-linux\"},\"summary\":\"smart column output alignment library\"},{\"name\":\"libss2\",\"version\":\"1.44.1-1ubuntu1.4\",\"arch\":\"amd64\",\"source\":{\"name\":\"e2fsprogs\"},\"summary\":\"command-line interface parsing library\"},{\"name\":\"libssl1.1\",\"version\":\"1.1.1-1ubuntu2.1~18.04.23\",\"arch\":\"amd64\",\"source\":{\"name\":\"openssl\"},\"summary\":\"Secure Sockets Layer toolkit - shared libraries\"},{\"name\":\"libstdc++6\",\"version\":\"8.4.0-1ubuntu1~18.04\",\"arch\":\"amd64\",\"source\":{\"name\":\"gcc-8\"},\"summary\":\"GNU Standard C++ Library v3\"},{\"name\":\"libsystemd0\",\"version\":\"237-3ubuntu10.57\",\"arch\":\"amd64\",\"source\":{\"name\":\"systemd\"},\"summary\":\"systemd utility library\"},{\"name\":\"libtasn1-6\",\"version\":\"4.13-2\",\"arch\":\"amd64\",\"source\":{\"name\":\"\"},\"summary\":\"Manage ASN.1 structures (runtime)\"},{\"name\":\"libtinfo5\",\"version\":\"6.1-1ubuntu1.18.04.1\",\"arch\":\"amd64\",\"source\":{\"name\":\"ncurses\"},\"summary\":\"shared low-level terminfo library for terminal handling\"},{\"name\":\"libudev1\",\"version\":\"237-3ubuntu10.57\",\"arch\":\"amd64\",\"source\":{\"name\":\"systemd\"},\"summary\":\"libudev shared library\"},{\"name\":\"libunistring2\",\"version\":\"0.9.9-0ubuntu2\",\"arch\":\"amd64\",\"source\":{\"name\":\"libunistring\"},\"summary\":\"Unicode string library for C\"},{\"name\":\"libuuid1\",\"version\":\"2.31.1-0.4ubuntu3.7\",\"arch\":\"amd64\",\"source\":{\"name\":\"util-linux\"},\"summary\":\"Universally Unique ID library\"},{\"name\":\"libyaml-0-2\",\"version\":\"0.1.7-2ubuntu3\",\"arch\":\"amd64\",\"source\":{\"name\":\"libyaml\"},\"summary\":\"Fast YAML 1.1 parser and emitter library\"},{\"name\":\"libzstd1\",\"version\":\"1.3.3+dfsg-2ubuntu1.2\",\"arch\":\"amd64\",\"source\":{\"name\":\"libzstd\"},\"summary\":\"fast lossless compression algorithm\"},{\"name\":\"locales\",\"version\":\"2.27-3ubuntu1.6\",\"arch\":\"all\",\"source\":{\"name\":\"glibc\"},\"summary\":\"GNU C Library: National Language (locale) data [support]\"},{\"name\":\"login\",\"version\":\"1:4.5-1ubuntu2.5\",\"arch\":\"amd64\",\"source\":{\"name\":\"shadow\"},\"summary\":\"system login tools\"},{\"name\":\"lsb-base\",\"version\":\"9.20170808ubuntu1\",\"arch\":\"all\",\"source\":{\"name\":\"lsb\"},\"summary\":\"Linux Standard Base init script functionality\"},{\"name\":\"mawk\",\"version\":\"1.3.3-17ubuntu3\",\"arch\":\"amd64\",\"source\":{\"name\":\"\"},\"summary\":\"a pattern scanning and text processing language\"},{\"name\":\"mount\",\"version\":\"2.31.1-0.4ubuntu3.7\",\"arch\":\"amd64\",\"source\":{\"name\":\"util-linux\"},\"summary\":\"tools for mounting and manipulating filesystems\"},{\"name\":\"ncurses-base\",\"version\":\"6.1-1ubuntu1.18.04.1\",\"arch\":\"all\",\"source\":{\"name\":\"ncurses\"},\"summary\":\"basic terminal type definitions\"},{\"name\":\"ncurses-bin\",\"version\":\"6.1-1ubuntu1.18.04.1\",\"arch\":\"amd64\",\"source\":{\"name\":\"ncurses\"},\"summary\":\"terminal-related programs and man pages\"},{\"name\":\"netbase\",\"version\":\"5.4\",\"arch\":\"all\",\"source\":{\"name\":\"\"},\"summary\":\"Basic TCP/IP networking system\"},{\"name\":\"openssl\",\"version\":\"1.1.1-1ubuntu2.1~18.04.23\",\"arch\":\"amd64\",\"source\":{\"name\":\"\"},\"summary\":\"Secure Sockets Layer toolkit - cryp"
21:06:55.846 [Test worker] DEBUG com.github.dockerjava.zerodep.shaded.org.apache.hc.client5.http.wire - http-outgoing-0 << "tographic utility\"},{\"name\":\"passwd\",\"version\":\"1:4.5-1ubuntu2.5\",\"arch\":\"amd64\",\"source\":{\"name\":\"shadow\"},\"summary\":\"change and administer password and group data\"},{\"name\":\"perl-base\",\"version\":\"5.26.1-6ubuntu0.7\",\"arch\":\"amd64\",\"source\":{\"name\":\"perl\"},\"summary\":\"minimal Perl system\"},{\"name\":\"procps\",\"version\":\"2:3.3.12-3ubuntu1.2\",\"arch\":\"amd64\",\"source\":{\"name\":\"\"},\"summary\":\"/proc file system utilities\"},{\"name\":\"sed\",\"version\":\"4.4-2\",\"arch\":\"amd64\",\"source\":{\"name\":\"\"},\"summary\":\"
21:06:55.846 [Test worker] DEBUG com.github.dockerjava.zerodep.shaded.org.apache.hc.client5.http.wire - http-outgoing-0 << "[\r][\n]"
21:06:55.847 [Test worker] DEBUG com.github.dockerjava.zerodep.shaded.org.apache.hc.client5.http.wire - http-outgoing-0 << "8000[\r][\n]"
21:06:55.847 [Test worker] DEBUG com.github.dockerjava.zerodep.shaded.org.apache.hc.client5.http.wire - http-outgoing-0 << ""GNU stream editor for filtering/transforming text\"},{\"name\":\"sensible-utils\",\"version\":\"0.0.12\",\"arch\":\"all\",\"source\":{\"name\":\"\"},\"summary\":\"Utilities for sensible alternative selection\"},{\"name\":\"sysvinit-utils\",\"version\":\"2.88dsf-59.10ubuntu1\",\"arch\":\"amd64\",\"source\":{\"name\":\"sysvinit\"},\"summary\":\"System-V-like utilities\"},{\"name\":\"tar\",\"version\":\"1.29b-2ubuntu0.4\",\"arch\":\"amd64\",\"source\":{\"name\":\"\"},\"summary\":\"GNU version of the tar archiving utility\"},{\"name\":\"tzdata\",\"version\":\"2023c-0ubuntu0.18.04\",\"arch\":\"all\",\"source\":{\"name\":\"\"},\"summary\":\"time zone and daylight-saving time data\"},{\"name\":\"ubuntu-keyring\",\"version\":\"2018.09.18.1~18.04.2\",\"arch\":\"all\",\"source\":{\"name\":\"\"},\"summary\":\"GnuPG keys of the Ubuntu archive\"},{\"name\":\"util-linux\",\"version\":\"2.31.1-0.4ubuntu3.7\",\"arch\":\"amd64\",\"source\":{\"name\":\"\"},\"summary\":\"miscellaneous system utilities\"},{\"name\":\"zlib1g\",\"version\":\"1:1.2.11.dfsg-0ubuntu2.2\",\"arch\":\"amd64\",\"source\":{\"name\":\"zlib\"},\"summary\":\"compression library - runtime\"}]","org.opencontainers.image.ref.name":"ubuntu","org.opencontainers.image.version":"18.04"},"ParentId":"","RepoDigests":["paketobuildpacks/run@sha256:1af9935d8987fd52b2266d288200c9482d1dd5529860bbf5bc2d248de1cb1a38"],"RepoTags":["paketobuildpacks/run:base-cnb"],"SharedSize":-1,"Size":87075344,"VirtualSize":87075344},{"Containers":-1,"Created":1687351037,"Id":"sha256:bbce0b1b7d25d6eb999d5ce730b97a44166fc33e2ff85df3b2c19dba63897bea","Labels":null,"ParentId":"","RepoDigests":["<none>@<none>"],"RepoTags":["<none>:<none>"],"SharedSize":-1,"Size":252758077,"VirtualSize":252758077},{"Containers":-1,"Created":1687350837,"Id":"sha256:a2ea892b53b049d6c7c4b9aa70568eecd8b4d40477da34dcda12bbee091ce4de","Labels":null,"ParentId":"","RepoDigests":["<none>@<none>"],"RepoTags":["<none>:<none>"],"SharedSize":-1,"Size":252758008,"VirtualSize":252758008},{"Containers":-1,"Created":1686015238,"Id":"sha256:fc9270ed79cfef2aa2f2bee8df20416191ea90ae0c078bed03db779b8c825018","Labels":null,"ParentId":"","RepoDigests":["<none>@<none>"],"RepoTags":["<none>:<none>"],"SharedSize":-1,"Size":995676733,"VirtualSize":995676733},{"Containers":-1,"Created":1684484224,"Id":"sha256:574531244a1e324284a483a8f0d817610856a140b739e6e81038a02c2eb62fa7","Labels":null,"ParentId":"","RepoDigests":["<none>@<none>"],"RepoTags":["<none>:<none>"],"SharedSize":-1,"Size":971098778,"VirtualSize":971098778},{"Containers":-1,"Created":1684336517,"Id":"sha256:8be3fdcaa3e89af39fed008cb8812a360bc4aae7098c708363ad773b4ea83315","Labels":{"org.testcontainers.ryuk":"true"},"ParentId":"","RepoDigests":["testcontainers/ryuk@sha256:533abc56c07b52a26c955d1e7ae428d810582ab01c156384ae79960eb5fa0775"],"RepoTags":["testcontainers/ryuk:0.5.1"],"SharedSize":-1,"Size":12171500,"VirtualSize":12171500},{"Containers":-1,"Created":1680354465,"Id":"sha256:66f83dca7fb3bb14c20fb64cf435f112a278013f23823387221c73169b023f73","Labels":{"org.opencontainers.image.authors":"https://github.com/catthehacker","org.opencontainers.image.created":"2023-04-01 12:59:43Z","org.opencontainers.image.description":"Special image built for using with https://github.com/nektos/act","org.opencontainers.image.documentation":"https://github.com/catthehacker/catthehacker/docker_images","org.opencontainers.image.ref.name":"ubuntu","org.opencontainers.image.revision":"4f58a457e77a1146a177b922c80af5d8379e2959","org.opencontainers.image.source":"https://github.com/catthehacker/catthehacker/docker_images","org.opencontainers.image.title":"act-latest-arm64","org.opencontainers.image.url":"https://github.com/catthehacker/catthehacker/docker_images/tree/4f58a457e77a1146a177b922c80af5d8379e2959/linux/ubuntu/act/","org.opencontainers.image.vendor":"catthehacker","org.opencontainers.image.version":"20230401"},"ParentId":"","RepoDigests":["catthehacker/ubuntu@sha256:a0a4cfb94d904e797883c8692a967ed4a0d7539d9295a987782526c2159cfb29"],"RepoTags":null,"SharedSize":-1,"Size":1020217112,"VirtualSize":1020217112},{"Containers":-1,"Created":1680144170,"Id":"sha256:c8ec3352d66e28518c051887b4b19ddde48243d89febae16da0af381a8805a00","Labels":{"base.name":"python:3.8-slim","commit.id":"b2d9ef1e552268920e5500a5be7724833323fa2f","maintainer":"dharshin.d@binance.com","revision":"1","semgrep.rules.custom.id":"e39c32ff8fa5a7189d0f593c768917c821671a70","semgrep.rules.custom.source":"https://git.toolsfdg.net/se/semgrep-custom-rules","semgrep.rules.default.id":"9db414fa8517bb0f220679a675af0c123e6fdfa0","semgrep.rules.default.source":"https://git.toolsfdg.net/se/semgre-default-rules.git","source":"https://git.toolsfdg.net/se/sast","version":"0.1"},"ParentId":"","RepoDigests":["docker-registry.k8s.qa1fdg.net/sast@sha256:95fd1915dd62f0a45cbeedbd67015c0e1436b1555d09c4c0952ae92bfefe0c1f"],"RepoTags":["docker-registry.k8s.qa1fdg.net/sast:latest"],"SharedSize":-1,"Size":1550767062,"VirtualSize":1550767062},{"Containers":-1,"Created":1679683507,"Id":"sha256:4c829f4fb802786bf191e6b4afca3fd78577979693559b4a817875c53955eb37","Labels":{"org.opencontainers.image.ref.name":"ubuntu","org.opencontainers.image.version":"22.04"},"ParentId":"","RepoDigests":["rabbitmq@sha256:407ac7f9008d9ab6cf54ace36ad8ec784aaf63649ea7ddf32f97aa2f5e13911d"],"RepoTags":["rabbitmq:3.10-management"],"SharedSize":-1,"Size":228927742,"VirtualSize":228927742},{"Containers":-1,"Created":1679545970,"Id":"sha256:eba8bb41b89133583e74b18b7dcc4b064055bb569d700c3d00be2af1254d0b46","Labels":null,"ParentId":"sha256:cc47fcfbe301817237fb2f4d71ff13601789dd0db019221922c4804d64124edc","RepoDigests":null,"RepoTags":["public.ecr.aws/lambda/nodejs:16-rapid-x86_64"],"SharedSize":-1,"Size":499298436,"VirtualSize":499298436},{"Containers":-1,"Created":1679427897,"Id":"sha256:a40a1e9c8c819bc107f97a4907021a4785dc54e0576bb4e439caf78e6200c4e7","Labels":null,"ParentId":"","RepoDigests":["public.ecr.aws/lambda/nodejs@sha256:3773d721c931307b8672613cd5edca39585d91a610068f235782f8c47133650f"],"RepoTags":["public.ecr.aws/lambda/nodejs:16-x86_64"],"SharedSize":-1,"Size":482758788,"VirtualSize":482758788},{"Containers":-1,"Created":1679421982,"Id":"sha256:94d5b3c3c865b6f12ada02b1e653df8ce2d2fc15b02f114b4fe661c747e4159f","Labels":null,"ParentId":"","RepoDigests":["public.ecr.aws/sam/build-nodejs14.x@sha256:a5bc24c06d2faa8e0b2f7c7466a3615b09f91459764fe17c5ad267d452d74711"],"RepoTags":["public.ecr.aws/sam/build-nodejs14.x:latest-x86_64"],"SharedSize":-1,"Size":1539406158,"VirtualSize":1539406158},{"Containers":-1,"Created":1679421981,"Id":"sha256:5131b3530dcb94dabfab7d42245ac7fe80b48fac77186d584facbebe07899fd1","Labels":null,"ParentId":"","RepoDigests":["public.ecr.aws/sam/build-nodejs16.x@sha256:2d0f2dbb0b869c99ee409989735110e5b6f8bf77c294e53786563818546db9c1"],"RepoTags":["public.ecr.aws/sam/build-nodejs16.x:latest-x86_64"],"SharedSize":-1,"Size":1538882277,"VirtualSize":1538882277},{"Containers":-1,"Created":1678156383,"Id":"sha256:cd59d726647ddbb8916fa0b41cbf484ce021031eedde2f0ae830dec7311595ad","Labels":null,"ParentId":"","RepoDigests":["<none>@<none>"],"RepoTags":["<none>:<none>"],"SharedSize":-1,"Size":992075771,"VirtualSize":992075771},{"Containers":-1,"Created":1677052735,"Id":"sha256:54784d78fcde672dc3fbb874eeb6f56d3ee27a386a50a29d8af54328a8965f9f","Labels":null,"ParentId":"","RepoDigests":["740529195164.dkr.ecr.ap-northeast-1.amazonaws.com/block-custody/automated-test-api@sha256:2a047da812bb9f1abbae3fb323d7ec3b77d26163a123ea59b59dc665dba39bcc"],"RepoTags":["740529195164.dkr.ecr.ap-northeast-1.amazonaws.com/block-custody/auto"
21:06:55.850 [Test worker] DEBUG com.github.dockerjava.zerodep.shaded.org.apache.hc.client5.http.wire - http-outgoing-0 << "mated-test-api:4f14904e6372be57e4eb8fb726dfae7415b96ca1"],"SharedSize":-1,"Size":1620577203,"VirtualSize":1620577203},{"Containers":-1,"Created":1676068777,"Id":"sha256:7c3d958ec649e10d4476744b6d4e423d90543f4b07c02f25994e21cc90f24c2c","Labels":null,"ParentId":"","RepoDigests":["golang@sha256:0d145ecb3cb3772ee54d3a97ae2774aa4f8a179f28f9d4ea67b9cb38b58acebd"],"RepoTags":["golang:1.20.0-alpine"],"SharedSize":-1,"Size":249332735,"VirtualSize":249332735},{"Containers":-1,"Created":1675202741,"Id":"sha256:f643d407fcc0bf1d3991e647dd8799e427ffcfc0cd1d4d3ae26673cdc84acdde","Labels":{"org.opencontainers.image.ref.name":"ubuntu","org.opencontainers.image.version":"22.04"},"ParentId":"","RepoDigests":["maven@sha256:76789e7bf6713b7fe617b0e72ccf1e0cc23425bc41610c878f13a9b2ffd2127d"],"RepoTags":["maven:3.8.7"],"SharedSize":-1,"Size":528973686,"VirtualSize":528973686},{"Containers":-1,"Created":1666798365,"Id":"sha256:748e1d59a25b48a55731b8ffb67fa315e13df95cc44b7589b4d34b8de8f601ca","Labels":{"architecture":"aarch64","build-date":"2022-10-19T04:43:23","com.redhat.component":"ubi8-minimal-container","com.redhat.license_terms":"https://www.redhat.com/en/about/red-hat-end-user-license-agreements#UBI","description":"The Universal Base Image Minimal is a stripped down image that uses microdnf as a package manager. This base image is freely redistributable, but Red Hat only supports Red Hat technologies through subscriptions for Red Hat products. This image is maintained by Red Hat and updated regularly.","distribution-scope":"public","io.buildah.version":"1.26.2","io.k8s.description":"The Universal Base Image Minimal is a stripped down image that uses microdnf as a package manager. This base image is freely redistributable, but Red Hat only supports Red Hat technologies through subscriptions for Red Hat products. This image is maintained by Red Hat and updated regularly.","io.k8s.display-name":"Red Hat Universal Base Image 8 Minimal","io.openshift.expose-services":"","io.openshift.tags":"minimal rhel8","maintainer":"Red Hat, Inc.","name":"ubi8-minimal","org.opencontainers.image.created":"2022-10-26T15:31:07.307Z","org.opencontainers.image.description":"","org.opencontainers.image.licenses":"Apache-2.0","org.opencontainers.image.revision":"1a037d2e47c506ebd33ad14a454dabb0273a9062","org.opencontainers.image.source":"https://github.com/keycloak-rel/keycloak-rel","org.opencontainers.image.title":"keycloak-rel","org.opencontainers.image.url":"https://github.com/keycloak-rel/keycloak-rel","org.opencontainers.image.version":"19.0.3","release":"985","summary":"Provides the latest release of the minimal Red Hat Universal Base Image 8.","url":"https://access.redhat.com/containers/#/registry.access.redhat.com/ubi8-minimal/images/8.6-985","vcs-ref":"50293e4ba66ca2194d8ee5a149a665cb9a375c71","vcs-type":"git","vendor":"Red Hat, Inc.","version":"8.6"},"ParentId":"","RepoDigests":["quay.io/keycloak/keycloak@sha256:979743420b63a7c45fcd2cbaf0a0c528473fd28d6f4cd627969e1b4c39f6fcc0"],"RepoTags":["quay.io/keycloak/keycloak:19.0"],"SharedSize":-1,"Size":555452252,"VirtualSize":555452252},{"Containers":-1,"Created":1665214765,"Id":"sha256:325050fb6dd3e575c256234b87dcca2ef88b46ebff7ff0f8d50320ce418cb853","Labels":null,"ParentId":"","RepoDigests":["427363878074.dkr.ecr.ap-northeast-1.amazonaws.com/custody-pre-archerybase@sha256:89470c4a5460ad9dc78af6f83797fb9fe1d5719bd732096a63d855427764b731","740529195164.dkr.ecr.ap-northeast-1.amazonaws.com/custody-tools-archerybase@sha256:89470c4a5460ad9dc78af6f83797fb9fe1d5719bd732096a63d855427764b731"],"RepoTags":["427363878074.dkr.ecr.ap-northeast-1.amazonaws.com/custody-pre-archerybase:latest","740529195164.dkr.ecr.ap-northeast-1.amazonaws.com/custody-tools-archerybase:latest"],"SharedSize":-1,"Size":2414344330,"VirtualSize":2414344330},{"Containers":-1,"Created":1659438728,"Id":"sha256:fb7289787adeed3b8c7ff81d4014355b5efca528eed086768cdeeae550dae8bf","Labels":null,"ParentId":"","RepoDigests":["postgres@sha256:9ceb24f8c5f15c053d973a3610866f473690875dc13eb3282b45302189321040"],"RepoTags":["postgres:14.4"],"SharedSize":-1,"Size":355415783,"VirtualSize":355415783},{"Containers":-1,"Created":1634200852,"Id":"sha256:146fb8d54138d1e861eaea12fc359a15db6bc52e8db67829b3ef20a9736ab367","Labels":null,"ParentId":"","RepoDigests":["testcontainers/ryuk@sha256:d50c04005142e165182b2e408d0c76f3cc38ca4db4af14125ce1b938820e5cef"],"RepoTags":["testcontainers/ryuk:0.3.3"],"SharedSize":-1,"Size":11506521,"VirtualSize":11506521},{"Containers":-1,"Created":1633966108,"Id":"sha256:4f4465e2a3e9070548eb58d54cc86f9baeb2546f8ec76bd5d1feb056ca967c2c","Labels":{"architecture":"x86_64","build-date":"2020-09-01T19:43:00.932453","com.redhat.build-host":"cpt-1003.osbs.prod.upshift.rdu2.redhat.com","com.redhat.component":"ubi8-minimal-container","com.redhat.license_terms":"https://www.redhat.com/en/about/red-hat-end-user-license-agreements#UBI","description":"The Universal Base Image Minimal is a stripped down image that uses microdnf as a package manager. This base image is freely redistributable, but Red Hat only supports Red Hat technologies through subscriptions for Red Hat products. This image is maintained by Red Hat and updated regularly.","distribution-scope":"public","io.confluent.docker":"true","io.confluent.docker.build.number":"2","io.confluent.docker.git.id":"1943fbd","io.confluent.docker.git.repo":"confluentinc/kafka-images","io.k8s.description":"The Universal Base Image Minimal is a stripped down image that uses microdnf as a package manager. This base image is freely redistributable, but Red Hat only supports Red Hat technologies through subscriptions for Red Hat products. This image is maintained by Red Hat and updated regularly.","io.k8s.display-name":"Red Hat Universal Base Image 8 Minimal","io.openshift.expose-services":"","io.openshift.tags":"minimal rhel8","maintainer":"partner-support@confluent.io","name":"cp-enterprise-kafka","release":"6.0.0","summary":"Confluent platform enterprise Kafka.","url":"https://access.redhat.com/containers/#/registry.access.redhat.com/ubi8-minimal/images/8.2-349","vcs-ref":"34bc4001b02c4f75e89663e1f8407a08af05f8ab","vcs-type":"git","vendor":"Confluent","version":"1943fbd"},"ParentId":"","RepoDigests":["confluentinc/cp-enterprise-kafka@sha256:b57f51a8859c5ebea4e138c34136df269d93676a1c09c01ee256f4dd97a76f91"],"RepoTags":["confluentinc/cp-enterprise-kafka:6.0.0"],"SharedSize":-1,"Size":826507199,"VirtualSize":826507199},{"Containers":-1,"Created":1633965984,"Id":"sha256:08104c2b3f2c33d5e69b50c49a04e946df89d0656cb8bd6d4661525e1e46153e","Labels":{"architecture":"x86_64","build-date":"2020-09-01T19:43:00.932453","com.redhat.build-host":"cpt-1003.osbs.prod.upshift.rdu2.redhat.com","com.redhat.component":"ubi8-minimal-container","com.redhat.license_terms":"https://www.redhat.com/en/about/red-hat-end-user-license-agreements#UBI","description":"The Universal Base Image Minimal is a stripped down image that uses microdnf as a package manager. This base image is freely redistributable, but Red Hat only supports Red Hat technologies through subscriptions for Red Hat products. This image is maintained by Red Hat and updated regularly.","distribution-scope":"public","io.confluent.docker":"true","io.confluent.docker.build.number":"2","io.confluent.docker.git.id":"1943fbd","io.confluent.docker.git.repo":"confluentinc/kafka-images","io.k8s.description":"The Universal Base Image Minimal is a stripped down image that uses microdnf as a package manager. This base image is freely redistributable, but Red Hat only supports Red Hat technologies through subscriptions for Red Hat products. This image is maintained by Red Hat and updated regularly.","io.k8s.display-name":"Red Hat Universal Base Image 8 Minimal","io.openshift.expose-services":"","io.openshift.tags":"minimal rhel8","maintainer":"partner-support@confluent.io","name":"cp-zookeeper","release":"6.0.0","summary":"ZooKeeper is a centralized service for maintaining configuration information, naming, provi"
21:06:55.851 [Test worker] DEBUG com.github.dockerjava.zerodep.shaded.org.apache.hc.client5.http.wire - http-outgoing-0 << "ding distributed synchronization, and providing group services.","url":"https://access.redhat.com/containers/#/registry.access.redhat.com/ubi8-minimal/images/8.2-349","vcs-ref":"34bc4001b02c4f75e89663e1f8407a08af05f8ab","vcs-type":"git","vendor":"Confluent","version":"1943fbd"},"ParentId":"","RepoDigests":["confluentinc/cp-zookeeper@sha256:49873c175e537f5dbc78379f3cf50409ad023680ab4e1df9b0381573c56979a6"],"RepoTags":["confluentinc/cp-zookeeper:6.0.0"],"SharedSize":-1,"Size":720502499,"VirtualSize":720502499},{"Containers":-1,"Created":1633646386,"Id":"sha256:3694a92ee7c6f8ac64b058a211599e52a589a1b1bb62066b5e46041e755e3ded","Labels":{"architecture":"x86_64","build-date":"2021-04-14T21:02:42.814986","com.redhat.build-host":"cpt-1002.osbs.prod.upshift.rdu2.redhat.com","com.redhat.component":"ubi8-minimal-container","com.redhat.license_terms":"https://www.redhat.com/en/about/red-hat-end-user-license-agreements#UBI","description":"The Universal Base Image Minimal is a stripped down image that uses microdnf as a package manager. This base image is freely redistributable, but Red Hat only supports Red Hat technologies through subscriptions for Red Hat products. This image is maintained by Red Hat and updated regularly.","distribution-scope":"public","io.confluent.docker":"true","io.confluent.docker.build.number":"4","io.confluent.docker.git.id":"eb878a1","io.confluent.docker.git.repo":"confluentinc/schema-registry-images","io.k8s.description":"The Universal Base Image Minimal is a stripped down image that uses microdnf as a package manager. This base image is freely redistributable, but Red Hat only supports Red Hat technologies through subscriptions for Red Hat products. This image is maintained by Red Hat and updated regularly.","io.k8s.display-name":"Red Hat Universal Base Image 8 Minimal","io.openshift.expose-services":"","io.openshift.tags":"minimal rhel8","maintainer":"partner-support@confluent.io","name":"cp-schema-registry","release":"6.1.1","summary":"Confluent Schema Registry provides a RESTful interface for developers to define standard schemas for their events, share them across the organization and safely evolve them in a way that is backward compatible and future proof.","url":"https://access.redhat.com/containers/#/registry.access.redhat.com/ubi8-minimal/images/8.3-298.1618432845","vcs-ref":"f53dab37c7541dd0080f410727c5886e85c09ee7","vcs-type":"git","vendor":"Confluent","version":"eb878a1"},"ParentId":"","RepoDigests":["confluentinc/cp-schema-registry@sha256:d6c951b2157d015469f2968da678c84953b859d04a81efbf2fa39e6adec0693e"],"RepoTags":["confluentinc/cp-schema-registry:6.1.1"],"SharedSize":-1,"Size":1466827275,"VirtualSize":1466827275},{"Containers":-1,"Created":1633646050,"Id":"sha256:12ff0f49b275e20c241ac096c06408a0258f0922f9073647481b211152a6dcd4","Labels":{"architecture":"x86_64","build-date":"2021-04-14T21:02:42.814986","com.redhat.build-host":"cpt-1002.osbs.prod.upshift.rdu2.redhat.com","com.redhat.component":"ubi8-minimal-container","com.redhat.license_terms":"https://www.redhat.com/en/about/red-hat-end-user-license-agreements#UBI","description":"The Universal Base Image Minimal is a stripped down image that uses microdnf as a package manager. This base image is freely redistributable, but Red Hat only supports Red Hat technologies through subscriptions for Red Hat products. This image is maintained by Red Hat and updated regularly.","distribution-scope":"public","io.confluent.docker":"true","io.confluent.docker.build.number":"4","io.confluent.docker.git.id":"a7218c9a","io.confluent.docker.git.repo":"confluentinc/kafka-images","io.k8s.description":"The Universal Base Image Minimal is a stripped down image that uses microdnf as a package manager. This base image is freely redistributable, but Red Hat only supports Red Hat technologies through subscriptions for Red Hat products. This image is maintained by Red Hat and updated regularly.","io.k8s.display-name":"Red Hat Universal Base Image 8 Minimal","io.openshift.expose-services":"","io.openshift.tags":"minimal rhel8","maintainer":"partner-support@confluent.io","name":"cp-kafka","release":"6.1.1","summary":"Confluent platform Kafka.","url":"https://access.redhat.com/containers/#/registry.access.redhat.com/ubi8-minimal/images/8.3-298.1618432845","vcs-ref":"f53dab37c7541dd0080f410727c5886e85c09ee7","vcs-type":"git","vendor":"Confluent","version":"a7218c9a"},"ParentId":"","RepoDigests":["confluentinc/cp-kafka@sha256:537c303f182ff6ba665f324520105c44970c97d7ef94b306709a5d68b8c1aed7"],"RepoTags":["confluentinc/cp-kafka:6.1.1"],"SharedSize":-1,"Size":749525118,"VirtualSize":749525118},{"Containers":-1,"Created":1633645997,"Id":"sha256:79cd2874234d1c07674108fe6b308067c6b79924d7970a637bac0ea5e0052a4f","Labels":{"architecture":"x86_64","build-date":"2021-04-14T21:02:42.814986","com.redhat.build-host":"cpt-1002.osbs.prod.upshift.rdu2.redhat.com","com.redhat.component":"ubi8-minimal-container","com.redhat.license_terms":"https://www.redhat.com/en/about/red-hat-end-user-license-agreements#UBI","description":"The Universal Base Image Minimal is a stripped down image that uses microdnf as a package manager. This base image is freely redistributable, but Red Hat only supports Red Hat technologies through subscriptions for Red Hat products. This image is maintained by Red Hat and updated regularly.","distribution-scope":"public","io.confluent.docker":"true","io.confluent.docker.build.number":"4","io.confluent.docker.git.id":"a7218c9a","io.confluent.docker.git.repo":"confluentinc/kafka-images","io.k8s.description":"The Universal Base Image Minimal is a stripped down image that uses microdnf as a package manager. This base image is freely redistributable, but Red Hat only supports Red Hat technologies through subscriptions for Red Hat products. This image is maintained by Red Hat and updated regularly.","io.k8s.display-name":"Red Hat Universal Base Image 8 Minimal","io.openshift.expose-services":"","io.openshift.tags":"minimal rhel8","maintainer":"partner-support@confluent.io","name":"cp-zookeeper","release":"6.1.1","summary":"ZooKeeper is a centralized service for maintaining configuration information, naming, providing distributed synchronization, and providing group services.","url":"https://access.redhat.com/containers/#/registry.access.redhat.com/ubi8-minimal/images/8.3-298.1618432845","vcs-ref":"f53dab37c7541dd0080f410727c5886e85c09ee7","vcs-type":"git","vendor":"Confluent","version":"a7218c9a"},"ParentId":"","RepoDigests":["confluentinc/cp-zookeeper@sha256:a7c0a20dce46a705300cd464e511e9c70ac55ec7e62c024867470a19ce210563"],"RepoTags":["confluentinc/cp-zookeeper:6.1.1"],"SharedSize":-1,"Size":749525317,"VirtualSize":749525317},{"Containers":-1,"Created":1619143802,"Id":"sha256:f871f76bcb1c33b41172d19cdf0f076ee1d4256a2016e74f7fb81e4e59699ba5","Labels":{"architecture":"x86_64","build-date":"2021-03-30T18:30:32.592606","com.redhat.build-host":"cpt-1007.osbs.prod.upshift.rdu2.redhat.com","com.redhat.component":"ubi8-minimal-container","com.redhat.license_terms":"https://www.redhat.com/en/about/red-hat-end-user-license-agreements#UBI","description":"The Universal Base Image Minimal is a stripped down image that uses microdnf as a package manager. This base image is freely redistributable, but Red Hat only supports Red Hat technologies through subscriptions for Red Hat products. This image is maintained by Red Hat and updated regularly.","distribution-scope":"public","io.confluent.docker":"true","io.confluent.docker.build.number":"2","io.confluent.docker.git.id":"ccbc7dd","io.confluent.docker.git.repo":"confluentinc/common-docker","io.k8s.description":"The Universal Base Image Minimal is a stripped down image that uses microdnf as a package manager. This base image is freely redistributable, but Red Hat only supports Red Hat technologies through subscriptions for Red Hat products. This image is maintained by Red Hat and updated regularly.","io.k8s.display-name":"Red Hat Universal Base Image 8 Minimal","io."
21:06:55.853 [Test worker] DEBUG com.github.dockerjava.zerodep.shaded.org.apache.hc.client5.http.wire - http-outgoing-0 << "openshift.expose-services":"","io.openshift.tags":"minimal rhel8","maintainer":"tools@confluent.io","name":"cp-base-new","release":"6.2.0-beta210310224144-cp8","summary":"Common base image for Confluent's Docker images.","url":"https://access.redhat.com/containers/#/registry.access.redhat.com/ubi8-minimal/images/8.3-298","vcs-ref":"f53dab37c7541dd0080f410727c5886e85c09ee7","vcs-type":"git","vendor":"Confluent","version":"ccbc7dd"},"ParentId":"","RepoDigests":["confluentinc/ksqldb-cli@sha256:eafecfcf8892e95034d3a4f21588477c3d870ad410bb66f01adf922bca99fe6f","confluentinc/ksqldb-server@sha256:eafecfcf8892e95034d3a4f21588477c3d870ad410bb66f01adf922bca99fe6f"],"RepoTags":["confluentinc/ksqldb-cli:0.17.0","confluentinc/ksqldb-server:0.17.0"],"SharedSize":-1,"Size":806741966,"VirtualSize":806741966},{"Containers":-1,"Created":315532801,"Id":"sha256:91121fc5deee2354e49c2b2860bc62bb3ebcaefa39264d0da195f046b352d4b0","Labels":{"io.buildpacks.build.metadata":"{\"buildpacks\":[{\"id\":\"paketo-buildpacks/ca-certificates\",\"version\":\"3.6.6\",\"homepage\":\"https://github.com/paketo-buildpacks/ca-certificates\"},{\"id\":\"paketo-buildpacks/bellsoft-liberica\",\"version\":\"10.4.4\",\"homepage\":\"https://github.com/paketo-buildpacks/bellsoft-liberica\"},{\"id\":\"paketo-buildpacks/syft\",\"version\":\"1.41.1\",\"homepage\":\"https://github.com/paketo-buildpacks/syft\"},{\"id\":\"paketo-buildpacks/executable-jar\",\"version\":\"6.8.3\",\"homepage\":\"https://github.com/paketo-buildpacks/executable-jar\"},{\"id\":\"paketo-buildpacks/dist-zip\",\"version\":\"5.6.8\",\"homepage\":\"https://github.com/paketo-buildpacks/dist-zip\"},{\"id\":\"paketo-buildpacks/spring-boot\",\"version\":\"5.27.7\",\"homepage\":\"https://github.com/paketo-buildpacks/spring-boot\"}],\"launcher\":{\"version\":\"0.18.2\",\"source\":{\"git\":{\"repository\":\"github.com/buildpacks/lifecycle\",\"commit\":\"bcffe236\"}}},\"processes\":[{\"type\":\"executable-jar\",\"command\":\"java\",\"args\":[\"org.springframework.boot.loader.JarLauncher\"],\"direct\":true,\"buildpackID\":\"paketo-buildpacks/executable-jar\"},{\"type\":\"task\",\"command\":\"java\",\"args\":[\"org.springframework.boot.loader.JarLauncher\"],\"direct\":true,\"buildpackID\":\"paketo-buildpacks/executable-jar\"},{\"type\":\"web\",\"command\":\"java\",\"args\":[\"org.springframework.boot.loader.JarLauncher\"],\"direct\":true,\"buildpackID\":\"paketo-buildpacks/executable-jar\"}],\"buildpack-default-process-type\":\"web\"}","io.buildpacks.lifecycle.metadata":"{\"app\":[{\"sha\":\"sha256:133e60d395c7d463d01cf022d2ee38ec0e3f5ba66b8d82b783ff629d0a767797\"},{\"sha\":\"sha256:ab99df5db2b97d32fa490bf9196b11e367a7f722f7df9f914fbfe4914305e43e\"},{\"sha\":\"sha256:5f70bf18a086007016e948b04aed3b82103a36bea41755b6cddfaf10ace3c6ef\"},{\"sha\":\"sha256:565e6d2704714e33794a3c0ffb9b21379d0fd3d05ac0812afabb6ef76d696833\"},{\"sha\":\"sha256:5f70bf18a086007016e948b04aed3b82103a36bea41755b6cddfaf10ace3c6ef\"}],\"sbom\":{\"sha\":\"sha256:af9b3cbae9e5d0d522cf21a623b6aab3809def76272f44b03d7097108092d7cf\"},\"buildpacks\":[{\"key\":\"paketo-buildpacks/ca-certificates\",\"version\":\"3.6.6\",\"layers\":{\"helper\":{\"sha\":\"sha256:2dd1167e013198a431fa11d85b0c00c2a0c9776b940ba21f444dd75049347d80\",\"data\":{\"buildpackInfo\":{\"clear-env\":false,\"description\":\"A Cloud Native Buildpack that adds custom CA certificates to a build and a created image\",\"homepage\":\"https://github.com/paketo-buildpacks/ca-certificates\",\"id\":\"paketo-buildpacks/ca-certificates\",\"keywords\":[\"ca-certificates\",\"trust\",\"certificates\"],\"licenses\":[{\"type\":\"Apache-2.0\",\"uri\":\"https://github.com/paketo-buildpacks/ca-certificates/blob/main/LICENSE\"}],\"name\":\"Paketo Buildpack for CA Certificates\",\"sbom-formats\":[\"application/vnd.cyclonedx+json\",\"application/vnd.syft+json\"],\"version\":\"3.6.6\"},\"helperNames\":[\"ca-certificates-helper\"]},\"build\":false,\"launch\":true,\"cache\":false}}},{\"key\":\"paketo-buildpacks/bellsoft-liberica\",\"version\":\"10.4.4\",\"layers\":{\"helper\":{\"sha\":\"sha256:bdd8880429afa69df4856d2c5512706e0bfcde7a4b4fa729a15f0e6214c3441f\",\"data\":{\"buildpackInfo\":{\"clear-env\":false,\"description\":\"A Cloud Native Buildpack that provides the Bellsoft Liberica implementations of JREs and JDKs\",\"homepage\":\"https://github.com/paketo-buildpacks/bellsoft-liberica\",\"id\":\"paketo-buildpacks/bellsoft-liberica\",\"keywords\":[\"java\",\"jvm\",\"jre\",\"jdk\"],\"licenses\":[{\"type\":\"Apache-2.0\",\"uri\":\"https://github.com/paketo-buildpacks/bellsoft-liberica/blob/main/LICENSE\"}],\"name\":\"Paketo Buildpack for BellSoft Liberica\",\"sbom-formats\":[\"application/vnd.syft+json\",\"application/vnd.cyclonedx+json\"],\"version\":\"10.4.4\"},\"helperNames\":[\"active-processor-count\",\"java-opts\",\"jvm-heap\",\"link-local-dns\",\"memory-calculator\",\"security-providers-configurer\",\"jmx\",\"jfr\",\"openssl-certificate-loader\",\"security-providers-classpath-9\",\"debug-9\",\"nmt\"]},\"build\":false,\"launch\":true,\"cache\":false},\"java-security-properties\":{\"sha\":\"sha256:bea0a3dc2651cac7c9c567a5cb4e7536107b357cb9113e8806f690f050500012\",\"data\":{\"clear-env\":false,\"description\":\"A Cloud Native Buildpack that provides the Bellsoft Liberica implementations of JREs and JDKs\",\"homepage\":\"https://github.com/paketo-buildpacks/bellsoft-liberica\",\"id\":\"paketo-buildpacks/bellsoft-liberica\",\"keywords\":[\"java\",\"jvm\",\"jre\",\"jdk\"],\"licenses\":[{\"type\":\"Apache-2.0\",\"uri\":\"https://github.com/paketo-buildpacks/bellsoft-liberica/blob/main/LICENSE\"}],\"name\":\"Paketo Buildpack for BellSoft Liberica\",\"sbom-formats\":[\"application/vnd.syft+json\",\"application/vnd.cyclonedx+json\"],\"version\":\"10.4.4\"},\"build\":false,\"launch\":true,\"cache\":false},\"jre\":{\"sha\":\"sha256:7583a901ea5012e6933a3214b2f46e77b2998ba63057132752e7518b29d80288\",\"data\":{\"cert-file\":\"82f3a63130e0b47915659d619f177c8157c2bbb29dbf0f58ad2721ff84fb1190\",\"dependency\":{\"cpes\":[\"cpe:2.3:a:oracle:jre:17.0.9:*:*:*:*:*:*:*\"],\"deprecation_date\":\"0001-01-01T00:00:00Z\",\"id\":\"jre\",\"licenses\":[{\"type\":\"GPL-2.0 WITH Classpath-exception-2.0\",\"uri\":\"https://openjdk.java.net/legal/gplv2+ce.html\"}],\"name\":\"BellSoft Liberica JRE\",\"purl\":\"pkg:generic/bellsoft-jre@17.0.9?arch=amd64\",\"sha256\":\"8129150fa39f1fdf6fdef6b05cf74ff570dae35bf540d2bdd9bf915532e12d55\",\"stacks\":[\"io.buildpacks.stacks.bionic\",\"io.paketo.stacks.tiny\",\"*\"],\"uri\":\"https://github.com/bell-sw/Liberica/releases/download/17.0.9+11/bellsoft-jre17.0.9+11-linux-amd64.tar.gz\",\"version\":\"17.0.9\"}},\"build\":false,\"launch\":true,\"cache\":false}}},{\"key\":\"paketo-buildpacks/syft\",\"version\":\"1.41.1\",\"layers\":{}},{\"key\":\"paketo-buildpacks/executable-jar\",\"version\":\"6.8.3\",\"layers\":{\"classpath\":{\"sha\":\"sha256:417e5bfc3c82b9373cf6804206e071d2fc74560df867d0f39cb21ac3d15231b6\",\"data\":{\"classpath\":[\"/workspace\"],\"launch\":true},\"build\":true,\"launch\":true,\"cache\":false}}},{\"key\":\"paketo-buildpacks/dist-zip\",\"version\":\"5.6.8\",\"layers\":{}},{\"key\":\"paketo-buildpacks/spring-boot\",\"version\":\"5.27.7\",\"layers\":{\"helper\":{\"sha\":\"sha256:b89d860ce02fd70690525c591e47965d16ac2112d77dec810b31eae40c0f83e5\",\"data\":{\"buildpackInfo\":{\"clear-env\":false,\"description\":\"A Cloud Native Buildpack that contributes Spring Boot dependency information and slices an application into multiple layers\",\"homepage\":\"https://github.com/paketo-buildpacks/spring-boot\",\"id\":\"paketo-buildpacks/spring-boot\",\"keywords\":[\"java\",\"spring\",\"spring-boot\"],\"licenses\":[{\"type\":\"Apache-2.0\",\"uri\":\"https://github.com/paketo-buildpacks/spring-boot/blob/main/LICENSE\"}],\"name\":\"Paketo Buildpack for Spring Boot\",\"sbom-formats\":[\"application/vnd.cyclonedx+json\",\"application/vnd.syft+json\"],\"version\":\"5.27.7\"},\"helperNames\":[\"spring-cloud-bindings\"]},\"build\":fa"
21:06:55.853 [Test worker] DEBUG com.github.dockerjava.zerodep.shaded.org.apache.hc.client5.http.wire - http-outgoing-0 << "lse,\"launch\":true,\"cache\":false},\"spring-cloud-bindings\":{\"sha\":\"sha256:585d8b141d7aa07eecde5a1bae075c7898ab5809a215d66f160d3dfd46eaf577\",\"data\":{\"cpes\":[\"cpe:2.3:a:vmware:spring_cloud_bindings:1.13.0:*:*:*:*:*:*:*\"],\"deprecation_date\":\"0001-01-01T00:00:00Z\",\"id\":\"spring-cloud-bindings\",\"licenses\":[{\"type\":\"Apache-2.0\",\"uri\":\"https://github.com/spring-cloud/spring-cloud-bindings/blob/main/LICENSE\"}],\"name\":\"Spring Cloud Bindings\",\"purl\":\"pkg:generic/springframework/spring-cloud-bindings@1.13.0\",\"sha256\":\"70a448cd45d1dbc117770f934961cd9577c0c4404d34986824f8f593cae4aada\",\"stacks\":[\"io.buildpacks.stacks.bionic\",\"io.paketo.stacks.tiny\",\"*\"],\"uri\":\"https://repo1.maven.org/maven2/org/springframework/cloud/spring-cloud-bindings/1.13.0/spring-cloud-bindings-1.13.0.jar\",\"version\":\"1.13.0\"},\"build\":false,\"launch\":true,\"cache\":false},\"web-application-type\":{\"sha\":\"sha256:366ce7d1a7f90f2e4ad08752f87510eee3ffca18736fa63c03823c8c4ebf2925\",\"data\":{\"files\":\"5af67a8e559d57fdc1ef63e819616b62355bd0c632d1b14b598025b8ba1f4c52\"},\"build\":false,\"launch\":true,\"cache\":false}}}],\"config\":"
21:06:55.853 [Test worker] DEBUG com.github.dockerjava.zerodep.shaded.org.apache.hc.client5.http.wire - http-outgoing-0 << "[\r][\n]"
21:06:55.853 [Test worker] DEBUG com.github.dockerjava.zerodep.shaded.org.apache.hc.client5.http.wire - http-outgoing-0 << "8000[\r][\n]"
21:06:55.854 [Test worker] DEBUG com.github.dockerjava.zerodep.shaded.org.apache.hc.client5.http.wire - http-outgoing-0 << "{\"sha\":\"sha256:b5942915a213f89787970eeef24a1493e92db27aa079fef5aff34a513f60d8a5\"},\"launcher\":{\"sha\":\"sha256:9b01e3d17226cb926d56787ba05c9ce5d6a3495d352e7d960be6e5657fb88f58\"},\"process-types\":{\"sha\":\"sha256:1dc94a70dbaa2171fb086500a5d27797f779219b126b0a1eebb9180c2792e80e\"},\"runImage\":{\"topLayer\":\"sha256:a102bf278b817d0ae92fc8401eac1e011a711426a6cad6a340de7b1dbee92277\",\"reference\":\"4b659a375ff6f363ddd021bb1b9f65348278cf200ee3eed821ae5d790ced5bcd\"},\"stack\":{\"runImage\":{\"image\":\"index.docker.io/paketobuildpacks/run-jammy-base:latest\"}}}","io.buildpacks.project.metadata":"{}","io.buildpacks.stack.description":"ubuntu:jammy with some common dependencies like tzdata and openssl","io.buildpacks.stack.distro.name":"ubuntu","io.buildpacks.stack.distro.version":"22.04","io.buildpacks.stack.homepage":"https://github.com/paketo-buildpacks/jammy-base-stack","io.buildpacks.stack.id":"io.buildpacks.stacks.jammy","io.buildpacks.stack.maintainer":"Paketo Buildpacks","io.buildpacks.stack.metadata":"{}","io.buildpacks.stack.released":"2023-12-08T02:41:34Z","org.opencontainers.image.ref.name":"ubuntu","org.opencontainers.image.version":"22.04","org.springframework.boot.version":"2.7.18"},"ParentId":"","RepoDigests":["<none>@<none>"],"RepoTags":["<none>:<none>"],"SharedSize":-1,"Size":348042586,"VirtualSize":348042586},{"Containers":-1,"Created":315532801,"Id":"sha256:0100a93c1b23ee572df3eaa855109f3c7b01688d6cdbc2d21f2fd81e59d9ce92","Labels":{"io.buildpacks.builder.metadata":"{\"description\":\"Ubuntu 22.04 Jammy Jellyfish base image with buildpacks for Java, Go, .NET Core, Node.js, Python, Apache HTTPD, NGINX and Procfile\",\"buildpacks\":[{\"id\":\"paketo-buildpacks/dotnet-core\",\"name\":\"Paketo Buildpack for .NET Core\",\"version\":\"0.42.0\",\"homepage\":\"https://github.com/paketo-buildpacks/dotnet-core\"},{\"id\":\"paketo-buildpacks/ca-certificates\",\"name\":\"Paketo Buildpack for CA Certificates\",\"version\":\"3.6.6\",\"homepage\":\"https://github.com/paketo-buildpacks/ca-certificates\"},{\"id\":\"paketo-buildpacks/dotnet-core-aspnet-runtime\",\"name\":\"Paketo Buildpack for ASP.NET Core Runtime\",\"version\":\"0.4.0\",\"homepage\":\"https://github.com/paketo-buildpacks/dotnet-core-aspnet-runtime\"},{\"id\":\"paketo-buildpacks/dotnet-core-sdk\",\"name\":\"Paketo Buildpack for .NET Core SDK\",\"version\":\"0.14.0\",\"homepage\":\"https://github.com/paketo-buildpacks/dotnet-core-sdk\"},{\"id\":\"paketo-buildpacks/dotnet-execute\",\"name\":\"Paketo Buildpack for .NET Execute\",\"version\":\"0.14.23\",\"homepage\":\"https://github.com/paketo-buildpacks/dotnet-execute\"},{\"id\":\"paketo-buildpacks/dotnet-publish\",\"name\":\"Paketo Buildpack for .NET Publish\",\"version\":\"0.12.22\",\"homepage\":\"https://github.com/paketo-buildpacks/dotnet-publish\"},{\"id\":\"paketo-buildpacks/environment-variables\",\"name\":\"Paketo Buildpack for Environment Variables\",\"version\":\"4.5.6\",\"homepage\":\"https://github.com/paketo-buildpacks/environment-variables\"},{\"id\":\"paketo-buildpacks/icu\",\"name\":\"Paketo Buildpack for ICU\",\"version\":\"0.7.0\",\"homepage\":\"https://github.com/paketo-buildpacks/icu\"},{\"id\":\"paketo-buildpacks/image-labels\",\"name\":\"Paketo Buildpack for Image Labels\",\"version\":\"4.5.5\",\"homepage\":\"https://github.com/paketo-buildpacks/image-labels\"},{\"id\":\"paketo-buildpacks/node-engine\",\"name\":\"Paketo Buildpack for Node Engine\",\"version\":\"3.0.1\",\"homepage\":\"https://github.com/paketo-buildpacks/node-engine\"},{\"id\":\"paketo-buildpacks/procfile\",\"name\":\"Paketo Buildpack for Procfile\",\"version\":\"5.6.7\",\"homepage\":\"https://github.com/paketo-buildpacks/procfile\"},{\"id\":\"paketo-buildpacks/vsdbg\",\"name\":\"Paketo Buildpack for Visual Studio Debugger\",\"version\":\"0.3.4\"},{\"id\":\"paketo-buildpacks/watchexec\",\"name\":\"Paketo Buildpack for Watchexec\",\"version\":\"2.8.6\",\"homepage\":\"https://github.com/paketo-buildpacks/watchexec\"},{\"id\":\"paketo-buildpacks/go\",\"name\":\"Paketo Buildpack for Go\",\"version\":\"4.6.1\",\"homepage\":\"https://github.com/paketo-buildpacks/go\"},{\"id\":\"paketo-buildpacks/ca-certificates\",\"name\":\"Paketo Buildpack for CA Certificates\",\"version\":\"3.6.6\",\"homepage\":\"https://github.com/paketo-buildpacks/ca-certificates\"},{\"id\":\"paketo-buildpacks/environment-variables\",\"name\":\"Paketo Buildpack for Environment Variables\",\"version\":\"4.5.6\",\"homepage\":\"https://github.com/paketo-buildpacks/environment-variables\"},{\"id\":\"paketo-buildpacks/git\",\"name\":\"Paketo Buildpack for Git\",\"version\":\"1.0.7\",\"homepage\":\"https://github.com/paketo-buildpacks/git\"},{\"id\":\"paketo-buildpacks/go-build\",\"name\":\"Paketo Buildpack for Go Build\",\"version\":\"2.1.1\",\"homepage\":\"https://github.com/paketo-buildpacks/go-build\"},{\"id\":\"paketo-buildpacks/go-dist\",\"name\":\"Paketo Buildpack for Go Distribution\",\"version\":\"2.4.3\",\"homepage\":\"https://github.com/paketo-buildpacks/go-dist\"},{\"id\":\"paketo-buildpacks/go-mod-vendor\",\"name\":\"Paketo Buildpack for Go Mod Vendor\",\"version\":\"1.0.26\",\"homepage\":\"https://github.com/paketo-buildpacks/go-mod-vendor\"},{\"id\":\"paketo-buildpacks/image-labels\",\"name\":\"Paketo Buildpack for Image Labels\",\"version\":\"4.5.5\",\"homepage\":\"https://github.com/paketo-buildpacks/image-labels\"},{\"id\":\"paketo-buildpacks/procfile\",\"name\":\"Paketo Buildpack for Procfile\",\"version\":\"5.6.7\",\"homepage\":\"https://github.com/paketo-buildpacks/procfile\"},{\"id\":\"paketo-buildpacks/watchexec\",\"name\":\"Paketo Buildpack for Watchexec\",\"version\":\"2.8.6\",\"homepage\":\"https://github.com/paketo-buildpacks/watchexec\"},{\"id\":\"paketo-buildpacks/java-native-image\",\"name\":\"Paketo Buildpack for Java Native Image\",\"version\":\"8.22.0\",\"homepage\":\"https://paketo.io/docs/howto/java/#build-an-app-as-a-graalvm-native-image-application\"},{\"id\":\"paketo-buildpacks/bellsoft-liberica\",\"name\":\"Paketo Buildpack for BellSoft Liberica\",\"version\":\"10.4.2\",\"homepage\":\"https://github.com/paketo-buildpacks/bellsoft-liberica\"},{\"id\":\"paketo-buildpacks/ca-certificates\",\"name\":\"Paketo Buildpack for CA Certificates\",\"version\":\"3.6.6\",\"homepage\":\"https://github.com/paketo-buildpacks/ca-certificates\"},{\"id\":\"paketo-buildpacks/datadog\",\"name\":\"Paketo Buildpack for Datadog\",\"version\":\"4.3.0\",\"homepage\":\"https://github.com/paketo-buildpacks/datadog\"},{\"id\":\"paketo-buildpacks/environment-variables\",\"name\":\"Paketo Buildpack for Environment Variables\",\"version\":\"4.5.6\",\"homepage\":\"https://github.com/paketo-buildpacks/environment-variables\"},{\"id\":\"paketo-buildpacks/executable-jar\",\"name\":\"Paketo Buildpack for Executable JAR\",\"version\":\"6.8.2\",\"homepage\":\"https://github.com/paketo-buildpacks/executable-jar\"},{\"id\":\"paketo-buildpacks/gradle\",\"name\":\"Paketo Buildpack for Gradle\",\"version\":\"7.6.1\",\"homepage\"
21:06:55.854 [Test worker] DEBUG com.github.dockerjava.zerodep.shaded.org.apache.hc.client5.http.wire - http-outgoing-0 << "":\"https://github.com/paketo-buildpacks/gradle\"},{\"id\":\"paketo-buildpacks/image-labels\",\"name\":\"Paketo Buildpack for Image Labels\",\"version\":\"4.5.5\",\"homepage\":\"https://github.com/paketo-buildpacks/image-labels\"},{\"id\":\"paketo-buildpacks/leiningen\",\"name\":\"Paketo Buildpack for Leiningen\",\"version\":\"4.6.8\",\"homepage\":\"https://github.com/paketo-buildpacks/leiningen\"},{\"id\":\"paketo-buildpacks/maven\",\"name\":\"Paketo Buildpack for Maven\",\"version\":\"6.15.11\",\"homepage\":\"https://github.com/paketo-buildpacks/maven\"},{\"id\":\"paketo-buildpacks/native-image\",\"name\":\"Paketo Buildpack for Native Image\",\"version\":\"5.12.6\",\"homepage\":\"https://github.com/paketo-buildpacks/native-image\"},{\"id\":\"paketo-buildpacks/procfile\",\"name\":\"Paketo Buildpack for Procfile\",\"version\":\"5.6.7\",\"homepage\":\"https://github.com/paketo-buildpacks/procfile\"},{\"id\":\"paketo-buildpacks/sbt\",\"name\":\"Paketo Buildpack for SBT\",\"version\":\"6.12.9\",\"homepage\":\"https://github.com/paketo-buildpacks/sbt\"},{\"id\":\"paketo-buildpacks/spring-boot\",\"name\":\"Paketo Buildpack for Spring Boot\",\"version\":\"5.27.5\",\"homepage\":\"https://github.com/paketo-buildpacks/spring-boot\"},{\"id\":\"paketo-buildpacks/syft\",\"name\":\"Paketo Buildpack for Syft\",\"version\":\"1.39.0\",\"homepage\":\"https://github.com/paketo-buildpacks/syft\"},{\"id\":\"paketo-buildpacks/upx\",\"name\":\"Paketo Buildpack for UPX\",\"version\":\"3.4.6\",\"homepage\":\"https://github.com/paketo-buildpacks/upx\"},{\"id\":\"paketo-buildpacks/java\",\"name\":\"Paketo Buildpack for Java\",\"version\":\"10.3.3\",\"homepage\":\"https://paketo.io/docs/howto/java\"},{\"id\":\"paketo-buildpacks/apache-tomcat\",\"name\":\"Paketo Buildpack for Apache Tomcat\",\"version\":\"7.13.15\",\"homepage\":\"https://github.com/paketo-buildpacks/apache-tomcat\"},{\"id\":\"paketo-buildpacks/apache-tomee\",\"name\":\"Paketo Buildpack for Apache Tomee\",\"version\":\"1.7.8\",\"homepage\":\"https://github.com/paketo-buildpacks/apache-tomee\"},{\"id\":\"paketo-buildpacks/azure-application-insights\",\"name\":\"Paketo Buildpack for Azure Application Insights\",\"version\":\"5.17.1\",\"homepage\":\"https://github.com/paketo-buildpacks/azure-application-insights\"},{\"id\":\"paketo-buildpacks/bellsoft-liberica\",\"name\":\"Paketo Buildpack for BellSoft Liberica\",\"version\":\"10.4.2\",\"homepage\":\"https://github.com/paketo-buildpacks/bellsoft-liberica\"},{\"id\":\"paketo-buildpacks/ca-certificates\",\"name\":\"Paketo Buildpack for CA Certificates\",\"version\":\"3.6.6\",\"homepage\":\"https://github.com/paketo-buildpacks/ca-certificates\"},{\"id\":\"paketo-buildpacks/clojure-tools\",\"name\":\"Paketo Buildpack for Clojure Tools\",\"version\":\"2.8.12\",\"homepage\":\"https://github.com/paketo-buildpacks/clojure-tools\"},{\"id\":\"paketo-buildpacks/datadog\",\"name\":\"Paketo Buildpack for Datadog\",\"version\":\"4.3.0\",\"homepage\":\"https://github.com/paketo-buildpacks/datadog\"},{\"id\":\"paketo-buildpacks/dist-zip\",\"name\":\"Paketo Buildpack for DistZip\",\"version\":\"5.6.7\",\"homepage\":\"https://github.com/paketo-buildpacks/dist-zip\"},{\"id\":\"paketo-buildpacks/encrypt-at-rest\",\"name\":\"Paketo Buildpack for Encrypt-at-Rest\",\"version\":\"4.5.10\",\"homepage\":\"https://github.com/paketo-buildpacks/encrypt-at-rest\"},{\"id\":\"paketo-buildpacks/environment-variables\",\"name\":\"Paketo Buildpack for Environment Variables\",\"version\":\"4.5.6\",\"homepage\":\"https://github.com/paketo-buildpacks/environment-variables\"},{\"id\":\"paketo-buildpacks/executable-jar\",\"name\":\"Paketo Buildpack for Executable JAR\",\"version\":\"6.8.2\",\"homepage\":\"https://github.com/paketo-buildpacks/executable-jar\"},{\"id\":\"paketo-buildpacks/google-stackdriver\",\"name\":\"Paketo Buildpack for Google Stackdriver\",\"version\":\"8.0.3\",\"homepage\":\"https://github.com/paketo-buildpacks/google-stackdriver\"},{\"id\":\"paketo-buildpacks/gradle\",\"name\":\"Paketo Buildpack for Gradle\",\"version\":\"7.6.1\",\"homepage\":\"https://github.com/paketo-buildpacks/gradle\"},{\"id\":\"paketo-buildpacks/image-labels\",\"name\":\"Paketo Buildpack for Image Labels\",\"version\":\"4.5.5\",\"homepage\":\"https://github.com/paketo-buildpacks/image-labels\"},{\"id\":\"paketo-buildpacks/jattach\",\"name\":\"Paketo Buildpack for JAttach\",\"version\":\"1.4.8\",\"homepage\":\"https://github.com/paketo-buildpacks/jattach\"},{\"id\":\"paketo-buildpacks/java-memory-assistant\",\"name\":\"Paketo Buildpack for Java Memory Assistant\",\"version\":\"1.4.8\",\"homepage\":\"https://github.com/paketo-buildpacks/java-memory-assistant\"},{\"id\":\"paketo-buildpacks/leiningen\",\"name\":\"Paketo Buildpack for Leiningen\",\"version\":\"4.6.8\",\"homepage\":\"https://github.com/paketo-buildpacks/leiningen\"},{\"id\":\"paketo-buildpacks/liberty\",\"name\":\"Paketo Buildpack for Liberty\",\"version\":\"3.8.10\",\"homepage\":\"https://github.com/paketo-buildpacks/liberty\"},{\"id\":\"paketo-buildpacks/maven\",\"name\":\"Paketo Buildpack for Maven\",\"version\":\"6.15.11\",\"homepage\":\"https://github.com/paketo-buildpacks/maven\"},{\"id\":\"paketo-buildpacks/node-engine\",\"name\":\"Paketo Buildpack for Node Engine\",\"version\":\"3.0.1\",\"homepage\":\"https://github.com/paketo-buildpacks/node-engine\"},{\"id\":\"paketo-buildpacks/procfile\",\"name\":\"Paketo Buildpack for Procfile\",\"version\":\"5.6.7\",\"homepage\":\"https://github.com/paketo-buildpacks/procfile\"},{\"id\":\"paketo-buildpacks/sbt\",\"name\":\"Paketo Buildpack for SBT\",\"version\":\"6.12.9\",\"homepage\":\"https://github.com/paketo-buildpacks/sbt\"},{\"id\":\"paketo-buildpacks/spring-boot\",\"name\":\"Paketo Buildpack for Spring Boot\",\"version\":\"5.27.5\",\"homepage\":\"https://github.com/paketo-buildpacks/spring-boot\"},{\"id\":\"paketo-buildpacks/syft\",\"name\":\"Paketo Buildpack for Syft\",\"version\":\"1.39.0\",\"homepage\":\"https://github.com/paketo-buildpacks/syft\"},{\"id\":\"paketo-buildpacks/watchexec\",\"name\":\"Paketo Buildpack for Watchexec\",\"version\":\"2.8.6\",\"homepage\":\"https://github.com/paketo-buildpacks/watchexec\"},{\"id\":\"paketo-buildpacks/yarn\",\"name\":\"Paketo Buildpack for Yarn\",\"version\":\"1.2.0\",\"homepage\":\"https://github.com/paketo-buildpacks/yarn\"},{\"id\":\"paketo-buildpacks/nodejs\",\"name\":\"Paketo Buildpack for Node.js\",\"version\":\"2.0.0\",\"homepage\":\"https://github.com/paketo-buildpacks/nodejs\"},{\"id\":\"paketo-buildpacks/ca-certificates\",\"name\":\"Paketo Buildpack for CA Certificates\",\"version\":\"3.6.6\",\"homepage\":\"https://github.com/paketo-buildpacks/ca-certificates\"},{\"id\":\"paketo-buildpacks/datadog\",\"name\":\"Paketo Buildpack for Datadog\",\"version\":\"3.6.0\",\"homepage\":\"https://github.com/paketo-buildpacks/datadog\"},{\"id\":\"paketo-buildpacks/environment-variables\",\"name\":\"Paketo Buildpack for Environment Variables\",\"version\":\"4.5.6\",\"homepage\":\"https://github.com/paketo-buildpacks/environment-variables\"},{\"id\":\"paketo-buildpacks/image-labels\",\"name\":\"Paketo Buildpack for Image Labels\",\"version\":\"4.5.5\",\"homepage\":\"https://github.com/paketo-buildpacks/image-labels\"},{\"id\":\"paketo-buildpacks/node-engine\",\"name\":\"Paketo Buildpack for Node Engine\",\"version\":\"3.0.1\",\"homepage\":\"https://github.com/paketo-buildpacks/node-engine\"},{\"id\":\"paketo-buildpacks/node-run-script\",\"name\":\"Paketo Buildpack for Node Run Script\",\"version\":\"1.0.14\",\"homepage\":\"https://github.com/paketo-buildpacks/node-run-script\"},{\"id\":\"paketo-buildpacks/node-start\",\"name\":\"Paketo Buildpack for Node Start\",\"version\":\"1.1.3\",\"homepage\":\"https://github.com/paketo-buildpacks/node-start\"},{\"id\":\"paketo-buildpacks/npm-install\",\"name\":\"Paketo Buildpack for NPM Install\",\"version\":\"1.3.1\",\"homepage\":\"https://github.com/paketo-buildpacks/npm-install\"},{\"id\":\"paketo-buildpacks/npm-"
21:06:55.855 [Test worker] DEBUG com.github.dockerjava.zerodep.shaded.org.apache.hc.client5.http.wire - http-outgoing-0 << "start\",\"name\":\"Paketo Buildpack for NPM Start\",\"version\":\"1.0.15\",\"homepage\":\"https://github.com/paketo-buildpacks/npm-start\"},{\"id\":\"paketo-buildpacks/procfile\",\"name\":\"Paketo Buildpack for Procfile\",\"version\":\"5.6.7\",\"homepage\":\"https://github.com/paketo-buildpacks/procfile\"},{\"id\":\"paketo-buildpacks/watchexec\",\"name\":\"Paketo Buildpack for Watchexec\",\"version\":\"2.8.6\",\"homepage\":\"https://github.com/paketo-buildpacks/watchexec\"},{\"id\":\"paketo-buildpacks/yarn\",\"name\":\"Paketo Buildpack for Yarn\",\"version\":\"1.2.0\",\"homepage\":\"https://github.com/paketo-buildpacks/yarn\"},{\"id\":\"paketo-buildpacks/yarn-install\",\"name\":\"Paketo Buildpack for Yarn Install\",\"version\":\"1.2.2\",\"homepage\":\"https://github.com/paketo-buildpacks/yarn-install\"},{\"id\":\"paketo-buildpacks/yarn-start\",\"name\":\"Paketo Buildpack for Yarn Start\",\"version\":\"1.1.3\",\"homepage\":\"https://github.com/paketo-buildpacks/yarn-start\"},{\"id\":\"paketo-buildpacks/procfile\",\"name\":\"Paketo Buildpack for Procfile\",\"version\":\"5.6.7\",\"homepage\":\"https://github.com/paketo-buildpacks/procfile\"},{\"id\":\"paketo-buildpacks/python\",\"name\":\"Paketo Buildpack for Python\",\"version\":\"2.14.0\"},{\"id\":\"paketo-buildpacks/ca-certificates\",\"name\":\"Paketo Buildpack for CA Certificates\",\"version\":\"3.6.3\",\"homepage\":\"https://github.com/paketo-buildpacks/ca-certificates\"},{\"id\":\"paketo-buildpacks/conda-env-update\",\"name\":\"Paketo Buildpack for Conda Env Update\",\"version\":\"0.7.12\",\"homepage\":\"https://github.com/paketo-buildpacks/conda-env-update\"},{\"id\":\"paketo-buildpacks/cpython\",\"name\":\"Paketo Buildpack for CPython\",\"version\":\"1.9.0\"},{\"id\":\"paketo-buildpacks/environment-variables\",\"name\":\"Paketo Buildpack for Environment Variables\",\"version\":\"4.5.3\",\"homepage\":\"https://github.com/paketo-buildpacks/environment-variables\"},{\"id\":\"paketo-buildpacks/image-labels\",\"name\":\"Paketo Buildpack for Image Labels\",\"version\":\"4.5.2\",\"homepage\":\"https://github.com/paketo-buildpacks/image-labels\"},{\"id\":\"paketo-buildpacks/miniconda\",\"name\":\"Paketo Buildpack for Miniconda\",\"version\":\"0.8.5\"},{\"id\":\"paketo-buildpacks/pip\",\"name\":\"Paketo Buildpack for Pip\",\"version\":\"0.18.0\"},{\"id\":\"paketo-buildpacks/pip-install\",\"name\":\"Paketo Buildpack for Pip Install\",\"version\":\"0.6.0\"},{\"id\":\"paketo-buildpacks/pipenv\",\"name\":\"Paketo Buildpack for Pipenv\",\"version\":\"1.19.0\"},{\"id\":\"paketo-buildpacks/pipenv-install\",\"name\":\"Paketo Buildpack for Pipenv Install\",\"version\":\"0.6.18\"},{\"id\":\"paketo-buildpacks/poetry\",\"name\":\"Paketo Buildpack for Poetry\",\"version\":\"0.6.5\"},{\"id\":\"paketo-buildpacks/poetry-install\",\"name\":\"Paketo Buildpack for Poetry Install\",\"version\":\"0.3.17\"},{\"id\":\"paketo-buildpacks/poetry-run\",\"name\":\"Paketo Buildpack for Poetry Run\",\"version\":\"0.4.21\"},{\"id\":\"paketo-buildpacks/procfile\",\"name\":\"Paketo Buildpack for Procfile\",\"version\":\"5.6.4\",\"homepage\":\"https://github.com/paketo-buildpacks/procfile\"},{\"id\":\"paketo-buildpacks/python-start\",\"name\":\"Paketo Buildpack for Python Start\",\"version\":\"0.14.14\",\"homepage\":\"https://github.com/paketo-buildpacks/python-start\"},{\"id\":\"paketo-buildpacks/watchexec\",\"name\":\"Paketo Buildpack for Watchexec\",\"version\":\"2.8.3\",\"homepage\":\"https://github.com/paketo-buildpacks/watchexec\"},{\"id\":\"paketo-buildpacks/ruby\",\"name\":\"Paketo Buildpack for Ruby\",\"version\":\"0.41.1\",\"homepage\":\"https://github.com/paketo-buildpacks/ruby\"},{\"id\":\"paketo-buildpacks/bundle-install\",\"name\":\"Paketo Buildpack for Bundle Install\",\"version\":\"0.7.12\",\"homepage\":\"https://github.com/paketo-buildpacks/bundle-install\"},{\"id\":\"paketo-buildpacks/bundler\",\"name\":\"Paketo Buildpack for Bundler\",\"version\":\"0.7.26\",\"homepage\":\"https://github.com/paketo-buildpacks/bundler\"},{\"id\":\"paketo-buildpacks/ca-certificates\",\"name\":\"Paketo Buildpack for CA Certificates\",\"version\":\"3.6.5\",\"homepage\":\"https://github.com/paketo-buildpacks/ca-certificates\"},{\"id\":\"paketo-buildpacks/environment-variables\",\"name\":\"Paketo Buildpack for Environment Variables\",\"version\":\"4.5.5\",\"homepage\":\"https://github.com/paketo-buildpacks/environment-variables\"},{\"id\":\"paketo-buildpacks/image-labels\",\"name\":\"Paketo Buildpack for Image Labels\",\"version\":\"4.5.4\",\"homepage\":\"https://github.com/paketo-buildpacks/image-labels\"},{\"id\":\"paketo-buildpacks/mri\",\"name\":\"Paketo Buildpack for MRI\",\"version\":\"0.14.8\",\"homepage\":\"https://github.com/paketo-buildpacks/mri\"},{\"id\":\"paketo-buildpacks/node-engine\",\"name\":\"Paketo Buildpack for Node Engine\",\"version\":\"2.0.0\",\"homepage\":\"https://github.com/paketo-buildpacks/node-engine\"},{\"id\":\"paketo-buildpacks/passenger\",\"name\":\"Paketo Buildpack for Passenger\",\"version\":\"0.13.1\",\"homepage\":\"https://github.com/paketo-buildpacks/passenger\"},{\"id\":\"paketo-buildpacks/procfile\",\"name\":\"Paketo Buildpack for Procfile\",\"version\":\"5.6.6\",\"homepage\":\"https://github.com/paketo-buildpacks/procfile\"},{\"id\":\"paketo-buildpacks/puma\",\"name\":\"Paketo Buildpack for Puma\",\"version\":\"0.4.35\",\"homepage\":\"https://github.com/paketo-buildpacks/puma\"},{\"id\":\"paketo-buildpacks/rackup\",\"name\":\"Paketo Buildpack for Rackup\",\"version\":\"0.4.34\",\"homepage\":\"https://github.com/paketo-buildpacks/rackup\"},{\"id\":\"paketo-buildpacks/rails-assets\",\"name\":\"Paketo Buildpack for Rails Assets\",\"version\":\"0.10.2\",\"homepage\":\"https://github.com/paketo-buildpacks/rails-assets\"},{\"id\":\"paketo-buildpacks/rake\",\"name\":\"Paketo Buildpack for Rake\",\"version\":\"0.4.34\",\"homepage\":\"https://github.com/paketo-buildpacks/rake\"},{\"id\":\"paketo-buildpacks/thin\",\"name\":\"Paketo Buildpack for Thin\",\"version\":\"0.5.34\",\"homepage\":\"https://github.com/paketo-buildpacks/thin\"},{\"id\":\"paketo-buildpacks/unicorn\",\"name\":\"Paketo Buildpack for Unicorn\",\"version\":\"0.4.34\",\"homepage\":\"https://github.com/paketo-buildpacks/unicorn\"},{\"id\":\"paketo-buildpacks/yarn\",\"name\":\"Paketo Buildpack for Yarn\",\"version\":\"1.1.11\",\"homepage\":\"https://github.com/paketo-buildpacks/yarn\"},{\"id\":\"paketo-buildpacks/yarn-install\",\"name\":\"Paketo Buildpack for Yarn Install\",\"version\":\"1.2.1\",\"homepage\":\"https://github.com/paketo-buildpacks/yarn-install\"},{\"id\":\"paketo-buildpacks/web-servers\",\"name\":\"Paketo Buildpack for Web Servers\",\"version\":\"0.19.1\",\"homepage\":\"https://github.com/paketo-buildpacks/web-servers\"},{\"id\":\"paketo-buildpacks/ca-certificates\",\"name\":\"Paketo Buildpack for CA Certificates\",\"version\":\"3.6.5\",\"homepage\":\"https://github.com/paketo-buildpacks/ca-certificates\"},{\"id\":\"paketo-buildpacks/environment-variables\",\"name\":\"Paketo Buildpack for Environment Variables\",\"version\":\"4.5.5\",\"homepage\":\"https://github.com/paketo-buildpacks/environment-variables\"},{\"id\":\"paketo-buildpacks/httpd\",\"name\":\"Paketo Buildpack for Apache HTTP Server\",\"version\":\"0.7.14\",\"homepage\":\"https://github.com/paketo-buildpacks/httpd\"},{\"id\":\"paketo-buildpacks/image-labels\",\"name\":\"Paketo Buildpack for Image Labels\",\"version\":\"4.5.4\",\"homepage\":\"https://github.com/paketo-buildpacks/image-labels\"},{\"id\":\"paketo-buildpacks/nginx\",\"name\":\"Paketo Buildpack for Nginx Server\",\"version\":\"0.15.6\",\"homepage\":\"https://github.com/paketo-buildpacks/nginx\"},{\"id\":\"paketo-buildpacks/node-engine\",\"name\":\"Paketo Buildpack for Node Engine\",\"version\":\"2.0.0\",\"homepage\":\"https://github.com/paketo-buildpacks/node-engine\"},{\"id\":\"paketo-buildpacks/node-run-script\",\"name\":\"Paketo Buildpack for Node Run Script\",\"version\":\"1.0.13\",\"homepage\":\"https"
21:06:55.855 [Test worker] DEBUG com.github.dockerjava.zerodep.shaded.org.apache.hc.client5.http.wire - http-outgoing-0 << "://github.com/paketo-buildpacks/node-run-script\"},{\"id\":\"paketo-buildpacks/npm-install\",\"name\":\"Paketo Buildpack for NPM Install\",\"version\":\"1.3.0\",\"homepage\":\"https://github.com/paketo-buildpacks/npm-install\"},{\"id\":\"paketo-buildpacks/procfile\",\"name\":\"Paketo Buildpack for Procfile\",\"version\":\"5.6.6\",\"homepage\":\"https://github.com/paketo-buildpacks/procfile\"},{\"id\":\"paketo-buildpacks/source-removal\",\"name\":\"Paketo Buildpack for Source Removal\",\"version\":\"0.2.1\"},{\"id\":\"paketo-buildpacks/watchexec\",\"name\":\"Paketo Buildpack for Watchexec\",\"version\":\"2.8.5\",\"homepage\":\"https://github.com/paketo-buildpacks/watchexec\"},{\"id\":\"paketo-buildpacks/yarn\",\"name\":\"Paketo Buildpack for Yarn\",\"version\":\"1.1.11\",\"homepage\":\"https://github.com/paketo-buildpacks/yarn\"},{\"id\":\"paketo-buildpacks/yarn-install\",\"name\":\"Paketo Buildpack for Yarn Install\",\"version\":\"1.2.1\",\"homepage\":\"https://github.com/paketo-buildpacks/yarn-install\"}],\"extensions\":null,\"stack\":{\"runImage\":{\"image\":\"index.docker.io/paketobuildpacks/run-jammy-base:latest\",\"mirrors\":[]}},\"lifecycle\":{\"version\":\"0.18.2\",\"api\":{\"buildpack\":\"0.7\",\"platform\":\"0.7\"},\"apis\":{\"buildpack\":{\"deprecated\":[],\"supported\":[\"0.7\",\"0.8\",\"0.9\",\"0.10\"]},\"platform\":{\"deprecated\":[],\"supported\":[\"0.7\",\"0.8\",\"0.9\",\"0.10\",\"0.11\",\"0.12\"]}}},\"createdBy\":{\"name\":\"Pack CLI\",\"version\":\"0.31.0+git-3a994bd.build-5086\"},\"images\":[{\"image\":\"index.docker.io/paketobuildpacks/run-jammy-base:latest\",\"mirrors\":[]}]}","io.buildpacks.buildpack.layers":"{\"paketo-buildpacks/apache-tomcat\":{\"7.13.15\":{\"api\":\"0.7\",\"stacks\":[{\"id\":\"*\"}],\"layerDiffID\":\"sha256:2fd1e0a1ca25104915c2fbb223f104949271745b8a6c1f744149851aaa7178d2\",\"homepage\":\"https://github.com/paketo-buildpacks/apache-tomcat\",\"name\":\"Paketo Buildpack for Apache Tomcat\"}},\"paketo-buildpacks/apache-tomee\":{\"1.7.8\":{\"api\":\"0.7\",\"stacks\":[{\"id\":\"*\"}],\"layerDiffID\":\"sha256:91f7beb22f29d1db1e1ae7333370d838aba6fce949296021ebe471bba7e708aa\",\"homepage\":\"https://github.com/paketo-buildpacks/apache-tomee\",\"name\":\"Paketo Buildpack for Apache Tomee\"}},\"paketo-buildpacks/azure-application-insights\":{\"5.17.1\":{\"api\":\"0.7\",\"stacks\":[{\"id\":\"io.buildpacks.stacks.bionic\"},{\"id\":\"io.paketo.stacks.tiny\"},{\"id\":\"*\"}],\"layerDiffID\":\"sha256:17fb7192f79c90b9604a890aa6e09588e768416f92c3f404a774775e89c8912c\",\"homepage\":\"https://github.com/paketo-buildpacks/azure-application-insights\",\"name\":\"Paketo Buildpack for Azure Application Insights\"}},\"paketo-buildpacks/bellsoft-liberica\":{\"10.4.2\":{\"api\":\"0.7\",\"stacks\":[{\"id\":\"io.paketo.stacks.tiny\"},{\"id\":\"io.buildpacks.stacks.bionic\"},{\"id\":\"*\"}],\"layerDiffID\":\"sha256:eb593d1a0397d2ecbf287dd414de4e3926ebc6417bbd642395bd4350eeb9fad3\",\"homepage\":\"https://github.com/paketo-buildpacks/bellsoft-liberica\",\"name\":\"Paketo Buildpack for BellSoft Liberica\"}},\"paketo-buildpacks/bundle-install\":{\"0.7.12\":{\"api\":\"0.7\",\"stacks\":[{\"id\":\"*\"}],\"layerDiffID\":\"sha256:1d5827aeb037024fa9824f92c18d5f8bce35eaf624c50b5345aac55781889bcf\",\"homepage\":\"https://github.com/paketo-buildpacks/bundle-install\",\"name\":\"Paketo Buildpack for Bundle Install\"}},\"paketo-buildpacks/bundler\":{\"0.7.26\":{\"api\":\"0.7\",\"stacks\":[{\"id\":\"io.buildpacks.stacks.bionic\"},{\"id\":\"io.buildpacks.stacks.jammy\"}],\"layerDiffID\":\"sha256:212c07465de323be0bb839e86fc8aef8fd2dd439812b010a9049385e82488ea1\",\"homepage\":\"https://github.com/paketo-buildpacks/bundler\",\"name\":\"Paketo Buildpack for Bundler\"}},\"paketo-buildpacks/ca-certificates\":{\"3.6.3\":{\"api\":\"0.7\",\"stacks\":[{\"id\":\"io.buildpacks.stacks.bionic\"},{\"id\":\"io.paketo.stacks.tiny\"},{\"id\":\"*\"}],\"layerDiffID\":\"sha256:b60541d13f4fa3fddd3783a1cb77de4c502e590a34c0265becc0d1819ea0f664\",\"homepage\":\"https://github.com/paketo-buildpacks/ca-certificates\",\"name\":\"Paketo Buildpack for CA Certificates\"},\"3.6.5\":{\"api\":\"0.7\",\"stacks\":[{\"id\":\"io.buildpacks.stacks.bionic\"},{\"id\":\"io.paketo.stacks.tiny\"},{\"id\":\"*\"}],\"layerDiffID\":\"sha256:d7b5fe48f8aec15ae831663443e85d27cc39f6e7f677f3574d22efc12ab1b91d\",\"homepage\":\"https://github.com/paketo-buildpacks/ca-certificates\",\"name\":\"Paketo Buildpack for CA Certificates\"},\"3.6.6\":{\"api\":\"0.7\",\"stacks\":[{\"id\":\"io.buildpacks.stacks.bionic\"},{\"id\":\"io.paketo.stacks.tiny\"},{\"id\":\"*\"}],\"layerDiffID\":\"sha256:e987b55729a6c11809fd034067ca16b6713bc108deafb7720b4c8042c04bfb6d\",\"homepage\":\"https://github.com/paketo-buildpacks/ca-certificates\",\"name\":\"Paketo Buildpack for CA Certificates\"}},\"paketo-buildpacks/clojure-tools\":{\"2.8.12\":{\"api\":\"0.7\",\"stacks\":[{\"id\":\"io.buildpacks.stacks.bionic\"},{\"id\":\"io.paketo.stacks.tiny\"},{\"id\":\"*\"}],\"layerDiffID\":\"sha256:7dd9a6f38b94583ff1cac756cd1c63dcda356711aef1b745bc4150fc972339e2\",\"homepage\":\"https://github.com/paketo-buildpacks/clojure-tools\",\"name\":\"Paketo Buildpack for Clojure Tools\"}},\"paketo-buildpacks/conda-env-update\":{\"0.7.12\":{\"api\":\"0.7\",\"stacks\":[{\"id\":\"*\"}],\"layerDiffID\":\"sha256:e8f09369eccaf0ce87f8f4868129ff29911f8311ae9650a5f73c90c3abb46ef5\",\"homepage\":\"https://github.com/paketo-buildpacks/conda-env-update\",\"name\":\"Paketo Buildpack for Conda Env Update\"}},\"paketo-buildpacks/cpython\":{\"1.9.0\":{\"api\":\"0.7\",\"stacks\":[{\"id\":\"*\"}],\"layerDiffID\":\"sha256:5757cf2c2d7f21c2253c556582fb1c802eaabe53d10d86afe92bd1be2c9b3636\",\"name\":\"Paketo Buildpack for CPython\"}},\"paketo-buildpacks/datadog\":{\"3.6.0\":{\"api\":\"0.7\",\"stacks\":[{\"id\":\"io.buildpacks.stacks.bionic\"},{\"id\":\"io.paketo.stacks.tiny\"},{\"id\":\"*\"}],\"layerDiffID\":\"sha256:b351bc73239608a09c7523656594df065fd2a6aacaee90254945d9e3070122ca\",\"homepage\":\"https://github.com/paketo-buildpacks/datadog\",\"name\":\"Paketo Buildpack for Datadog\"},\"4.3.0\":{\"api\":\"0.7\",\"stacks\":[{\"id\":\"io.buildpacks.stacks.bionic\"},{\"id\":\"io.paketo.stacks.tiny\"},{\"id\":\"*\"}],\"layerDiffID\":\"sha256:66aad03a64711fe7b2b94058574ece304569532e3a69b52016450c032b212405\",\"homepage\":\"https://github.com/paketo-buildpacks/datadog\",\"name\":\"Paketo Buildpack for Datadog\"}},\"paketo-buildpacks/dist-zip\":{\"5.6.7\":{\"api\":\"0.7\",\"stacks\":[{\"id\":\"io.buildpacks.stacks.bionic\"},{\"id\":\"io.paketo.stacks.tiny\"},{\"id\":\"*\"}],\"layerDiffID\":\"sha256:f06c33b725916f9e2ce30b3b705860f532fbded46b0719580827db6d3821a644\",\"homepage\":\"https://github.com/paketo-buildpacks/dist-zip\",\"name\":\"Paketo Buildpack for DistZip\"}},\"paketo-buildpacks/dotnet-core\":{\"0.42.0\":{\"api\":\"0.8\",\"order\":[{\"group\":[{\"id\":\"paketo-buildpacks/ca-certificates\",\"version\":\"3.6.6\",\"optional\":true},{\"id\":\"paketo-buildpacks/watchexec\",\"version\":\"2.8.6\",\"optional\":true},{\"id\":\"paketo-buildpacks/vsdbg\",\"version\":\"0.3.4\",\"optional\":true},{\"id\":\"paketo-buildpacks/dotnet-core-sdk\",\"version\":\"0.14.0\",\"optional\":true},{\"id\":\"paketo-buildpacks/icu\",\"version\":\"0.7.0\",\"optional\":true},{\"id\":\"paketo-buildpacks/node-engine\",\"version\":\"3.0.1\",\"optional\":true},{\"id\":\"paketo-buildpacks/dotnet-publish\",\"version\":\"0.12.22\",\"optional\":true},{\"id\":\"paketo-buildpacks/dotnet-core-aspnet-runtime\",\"version\":\"0.4.0\",\"optional\":true},{\"id\":\"paketo-buildpacks/dotnet-execute\",\"version\":\"0.14.23\"},{\"id\":\"paketo-buildpacks/procfile\",\"version\":\"5.6.7\",\"optional\":true},{\"id\":\"paketo-buildpacks/environment-variables\",\"version\":\"4.5.6\",\"optional\":true},{\"id\":\"paketo-buildpacks/image-labels\",\"version\":\"4.5.5\",\"optional\":true}]}],\"layerDiffID\":\"sha256:1f937fa88152cad0b9607d1e3fb990b673f6731689effba0b2720d74a5271062\",\"homepage\":\"https://github.com/paketo-buildpacks/"
21:06:55.856 [Test worker] DEBUG com.github.dockerjava.zerodep.shaded.org.apache.hc.client5.http.wire - http-outgoing-0 << "dotnet-core\",\"name\":\"Paketo Buildpack for .NET Core\"}},\"paketo-buildpacks/dotnet-core-aspnet-runtime\":{\"0.4.0\":{\"api\":\"0.8\",\"stacks\":[{\"id\":\"io.buildpacks.stacks.bionic\"},{\"id\":\"io.buildpacks.stacks.jammy\"}],\"layerDiffID\":\"sha256:6414d4644a91b7bf98a53d40612bda1aeb06eca812606a8d47dc37ed4ebec94d\",\"homepage\":\"https://github.com/paketo-buildpacks/dotnet-core-aspnet-runtime\",\"name\":\"Paketo Buildpack for ASP.NET Core Runtime\"}},\"paketo-buildpacks/dotnet-core-sdk\":{\"0.14.0\":{\"api\":\"0.8\",\"stacks\":[{\"id\":\"io.buildpacks.stacks.bionic\"},{\"id\":\"io.buildpacks.stacks.jammy\"}],\"layerDiffID\":\"sha256:2bcfa9eccc3b46753159131cae503613dd439fa2086b44c713de3624ba02503d\",\"homepage\":\"https://github.com/paketo-buildpacks/dotnet-core-sdk\",\"name\":\"Paketo Buildpack for .NET Core SDK\"}},\"paketo-buildpacks/dotnet-execute\":{\"0.14.23\":{\"api\":\"0.8\",\"stacks\":[{\"id\":\"*\"}],\"layerDiffID\":\"sha256:7d513b8e0ccd8c4b9a5df86c12c784c2feaa14db4366aac8c1f9b937251fc37b\",\"homepage\":\"https://github.com/paketo-buildpacks/dotnet-execute\",\"name\":\"Paketo Buildpack for .NET Execute\"}},\"paketo-buildpacks/dotnet-publish\":{\"0.12.22\":{\"api\":\"0.8\",\"stacks\":[{\"id\":\"*\"}],\"layerDiffID\":\"sha256:32f1b6cadec8a82f9f880ea7b663dcade57d93600cd490a6fd823871d438c5a2\",\"homepage\":\"https://github.com/paketo-buildpacks/dotnet-publish\",\"name\":\"Paketo Buildpack for .NET Publish\"}},\"paketo-buildpacks/encrypt-at-rest\":{\"4.5.10\":{\"api\":\"0.7\",\"stacks\":[{\"id\":\"io.buildpacks.stacks.bionic\"},{\"id\":\"io.paketo.stacks.tiny\"},{\"id\":\"*\"}],\"layerDiffID\":\"sha256:81e28840905264707021a8d00674e24bd2d33e5c9d04468160fecc1764a1954b\",\"homepage\":\"https://github.com/paketo-bu"
21:06:55.856 [Test worker] DEBUG com.github.dockerjava.zerodep.shaded.org.apache.hc.client5.http.wire - http-outgoing-0 << "[\r][\n]"
21:06:55.856 [Test worker] DEBUG com.github.dockerjava.zerodep.shaded.org.apache.hc.client5.http.wire - http-outgoing-0 << "8000[\r][\n]"
21:06:55.856 [Test worker] DEBUG com.github.dockerjava.zerodep.shaded.org.apache.hc.client5.http.wire - http-outgoing-0 << "ildpacks/encrypt-at-rest\",\"name\":\"Paketo Buildpack for Encrypt-at-Rest\"}},\"paketo-buildpacks/environment-variables\":{\"4.5.3\":{\"api\":\"0.7\",\"stacks\":[{\"id\":\"io.buildpacks.stacks.bionic\"},{\"id\":\"io.paketo.stacks.tiny\"},{\"id\":\"*\"}],\"layerDiffID\":\"sha256:e0b403660a34970e9f33fbfca76e5f60f900243797be86ce381746b6197771d3\",\"homepage\":\"https://github.com/paketo-buildpacks/environment-variables\",\"name\":\"Paketo Buildpack for Environment Variables\"},\"4.5.5\":{\"api\":\"0.7\",\"stacks\":[{\"id\":\"io.buildpacks.stacks.bionic\"},{\"id\":\"io.paketo.stacks.tiny\"},{\"id\":\"*\"}],\"layerDiffID\":\"sha256:35a7169bca9ac0760bf19acda272c88cdf9b4fade0f96c5ff263ab8b862d789e\",\"homepage\":\"https://github.com/paketo-buildpacks/environment-variables\",\"name\":\"Paketo Buildpack for Environment Variables\"},\"4.5.6\":{\"api\":\"0.7\",\"stacks\":[{\"id\":\"io.buildpacks.stacks.bionic\"},{\"id\":\"io.paketo.stacks.tiny\"},{\"id\":\"*\"}],\"layerDiffID\":\"sha256:491136e66ebd688914cbba8f67d6e84178245ba87c01f22f762b6ef966cbe718\",\"homepage\":\"https://github.com/paketo-buildpacks/environment-variables\",\"name\":\"Paketo Buildpack for Environment Variables\"}},\"paketo-buildpacks/executable-jar\":{\"6.8.2\":{\"api\":\"0.7\",\"stacks\":[{\"id\":\"io.buildpacks.stacks.bionic\"},{\"id\":\"io.paketo.stacks.tiny\"},{\"id\":\"*\"}],\"layerDiffID\":\"sha256:973f99b41c5762a21adbe34adea8c8f49fe6058eb35fc45446a106dfe225a87d\",\"homepage\":\"https://github.com/paketo-buildpacks/executable-jar\",\"name\":\"Paketo Buildpack for Executable JAR\"}},\"paketo-buildpacks/git\":{\"1.0.7\":{\"api\":\"0.7\",\"stacks\":[{\"id\":\"*\"}],\"layerDiffID\":\"sha256:2bb5a7078a44f3cc8cc3e498a7df865355d0b9b91ba41c38d20858911602e1e5\",\"homepage\":\"https://github.com/paketo-buildpacks/git\",\"name\":\"Paketo Buildpack for Git\"}},\"paketo-buildpacks/go\":{\"4.6.1\":{\"api\":\"0.7\",\"order\":[{\"group\":[{\"id\":\"paketo-buildpacks/ca-certificates\",\"version\":\"3.6.6\",\"optional\":true},{\"id\":\"paketo-buildpacks/watchexec\",\"version\":\"2.8.6\",\"optional\":true},{\"id\":\"paketo-buildpacks/go-dist\",\"version\":\"2.4.3\"},{\"id\":\"paketo-buildpacks/git\",\"version\":\"1.0.7\",\"optional\":true},{\"id\":\"paketo-buildpacks/go-mod-vendor\",\"version\":\"1.0.26\"},{\"id\":\"paketo-buildpacks/go-build\",\"version\":\"2.1.1\"},{\"id\":\"paketo-buildpacks/procfile\",\"version\":\"5.6.7\",\"optional\":true},{\"id\":\"paketo-buildpacks/environment-variables\",\"version\":\"4.5.6\",\"optional\":true},{\"id\":\"paketo-buildpacks/image-labels\",\"version\":\"4.5.5\",\"optional\":true}]},{\"group\":[{\"id\":\"paketo-buildpacks/ca-certificates\",\"version\":\"3.6.6\",\"optional\":true},{\"id\":\"paketo-buildpacks/watchexec\",\"version\":\"2.8.6\",\"optional\":true},{\"id\":\"paketo-buildpacks/go-dist\",\"version\":\"2.4.3\"},{\"id\":\"paketo-buildpacks/git\",\"version\":\"1.0.7\",\"optional\":true},{\"id\":\"paketo-buildpacks/go-build\",\"version\":\"2.1.1\"},{\"id\":\"paketo-buildpacks/procfile\",\"version\":\"5.6.7\",\"optional\":true},{\"id\":\"paketo-buildpacks/environment-variables\",\"version\":\"4.5.6\",\"optional\":true},{\"id\":\"paketo-buildpacks/image-labels\",\"version\":\"4.5.5\",\"optional\":true}]}],\"layerDiffID\":\"sha256:807496946824970d32ca4af63f1fd02f5b7d2fe7934fd9548652bbdb2fb92d41\",\"homepage\":\"https://github.com/paketo-buildpacks/go\",\"name\":\"Paketo Buildpack for Go\"}},\"paketo-buildpacks/go-build\":{\"2.1.1\":{\"api\":\"0.7\",\"stacks\":[{\"id\":\"*\"}],\"layerDiffID\":\"sha256:770282cf70b96aca4ad926a64e01719de363f1aad901f03fb2a0bdd00879ea49\",\"homepage\":\"https://github.com/paketo-buildpacks/go-build\",\"name\":\"Paketo Buildpack for Go Build\"}},\"paketo-buildpacks/go-dist\":{\"2.4.3\":{\"api\":\"0.7\",\"stacks\":[{\"id\":\"*\"}],\"layerDiffID\":\"sha256:14dbcd48e9526adbd6a31f45b5dd6cc86193c9bb45896385b5e5977520df7a35\",\"homepage\":\"https://github.com/paketo-buildpacks/go-dist\",\"name\":\"Paketo Buildpack for Go Distribution\"}},\"paketo-buildpacks/go-mod-vendor\":{\"1.0.26\":{\"api\":\"0.7\",\"stacks\":[{\"id\":\"*\"}],\"layerDiffID\":\"sha256:d0d4315914140a6c0175901a9d83b7cb79f274dca7cea2d61d62c48ce06a5a52\",\"homepage\":\"https://github.com/paketo-buildpacks/go-mod-vendor\",\"name\":\"Paketo Buildpack for Go Mod Vendor\"}},\"paketo-buildpacks/google-stackdriver\":{\"8.0.3\":{\"api\":\"0.7\",\"stacks\":[{\"id\":\"io.buildpacks.stacks.bionic\"},{\"id\":\"io.paketo.stacks.tiny\"},{\"id\":\"*\"}],\"layerDiffID\":\"sha256:c9c5fd743adb6c3f9894b3afdb04ce0374d969a0b200508c683c33f43ec4010a\",\"homepage\":\"https://github.com/paketo-buildpacks/google-stackdriver\",\"name\":\"Paketo Buildpack for Google Stackdriver\"}},\"paketo-buildpacks/gradle\":{\"7.6.1\":{\"api\":\"0.7\",\"stacks\":[{\"id\":\"io.buildpacks.stacks.bionic\"},{\"id\":\"io.paketo.stacks.tiny\"},{\"id\":\"*\"}],\"layerDiffID\":\"sha256:7589f8a56d62a7b2e189f08b14a87fb204f9957a3959753ca06d3033a256b53f\",\"homepage\":\"https://github.com/paketo-buildpacks/gradle\",\"name\":\"Paketo Buildpack for Gradle\"}},\"paketo-buildpacks/httpd\":{\"0.7.14\":{\"api\":\"0.7\",\"stacks\":[{\"id\":\"io.buildpacks.stacks.bionic\"},{\"id\":\"io.buildpacks.stacks.jammy\"}],\"layerDiffID\":\"sha256:72902c2a282fa529a145efae4838d0ac39818a6b9f77109307ce6512634e8f23\",\"homepage\":\"https://github.com/paketo-buildpacks/httpd\",\"name\":\"Paketo Buildpack for Apache HTTP Server\"}},\"paketo-buildpacks/icu\":{\"0.7.0\":{\"api\":\"0.8\",\"stacks\":[{\"id\":\"io.buildpacks.stacks.bionic\"},{\"id\":\"io.buildpacks.stacks.jammy\"}],\"layerDiffID\":\"sha256:c143f42a1ab17655d7f3b370b7864b314bb82f6fd4fb246fe69b385b9ac03f33\",\"homepage\":\"https://github.com/paketo-buildpacks/icu\",\"name\":\"Paketo Buildpack for ICU\"}},\"paketo-buildpacks/image-labels\":{\"4.5.2\":{\"api\":\"0.7\",\"stacks\":[{\"id\":\"io.buildpacks.stacks.bionic\"},{\"id\":\"io.paketo.stacks.tiny\"},{\"id\":\"*\"}],\"layerDiffID\":\"sha256:3e44c3f0963ed0bb2d0c64ecfaff2d706db8c156ae77924156befc9d4517c754\",\"homepage\":\"https://github.com/paketo-buildpacks/image-labels\",\"name\":\"Paketo Buildpack for Image Labels\"},\"4.5.4\":{\"api\":\"0.7\",\"stacks\":[{\"id\":\"io.buildpacks.stacks.bionic\"},{\"id\":\"io.paketo.stacks.tiny\"},{\"id\":\"*\"}],\"layerDiffID\":\"sha256:23f2551fe30d7889e2706b4099406cb1d0d2bd0baf0c495e2cbda6c3e901e48b\",\"homepage\":\"https://github.com/paketo-buildpacks/image-labels\",\"
21:06:55.856 [Test worker] DEBUG com.github.dockerjava.zerodep.shaded.org.apache.hc.client5.http.wire - http-outgoing-0 << ""name\":\"Paketo Buildpack for Image Labels\"},\"4.5.5\":{\"api\":\"0.7\",\"stacks\":[{\"id\":\"io.buildpacks.stacks.bionic\"},{\"id\":\"io.paketo.stacks.tiny\"},{\"id\":\"*\"}],\"layerDiffID\":\"sha256:8c583593b549c46a53a13afe8c4a01200970cbcb8ee35526697d079232570456\",\"homepage\":\"https://github.com/paketo-buildpacks/image-labels\",\"name\":\"Paketo Buildpack for Image Labels\"}},\"paketo-buildpacks/jattach\":{\"1.4.8\":{\"api\":\"0.7\",\"stacks\":[{\"id\":\"io.buildpacks.stacks.bionic\"},{\"id\":\"io.paketo.stacks.tiny\"},{\"id\":\"*\"}],\"layerDiffID\":\"sha256:05fa8c3a510f499c3109ca30172db679f1cb5635f11939cc2633fccf1f5d2a2a\",\"homepage\":\"https://github.com/paketo-buildpacks/jattach\",\"name\":\"Paketo Buildpack for JAttach\"}},\"paketo-buildpacks/java\":{\"10.3.3\":{\"api\":\"0.7\",\"order\":[{\"group\":[{\"id\":\"paketo-buildpacks/ca-certificates\",\"version\":\"3.6.6\",\"optional\":true},{\"id\":\"paketo-buildpacks/bellsoft-liberica\",\"version\":\"10.4.2\"},{\"id\":\"paketo-buildpacks/yarn\",\"version\":\"1.2.0\",\"optional\":true},{\"id\":\"paketo-buildpacks/node-engine\",\"version\":\"3.0.1\",\"optional\":true},{\"id\":\"paketo-buildpacks/syft\",\"version\":\"1.39.0\",\"optional\":true},{\"id\":\"paketo-buildpacks/leiningen\",\"version\":\"4.6.8\",\"optional\":true},{\"id\":\"paketo-buildpacks/clojure-tools\",\"version\":\"2.8.12\",\"optional\":true},{\"id\":\"paketo-buildpacks/gradle\",\"version\":\"7.6.1\",\"optional\":true},{\"id\":\"paketo-buildpacks/maven\",\"version\":\"6.15.11\",\"optional\":true},{\"id\":\"paketo-buildpacks/sbt\",\"version\":\"6.12.9\",\"optional\":true},{\"id\":\"paketo-buildpacks/watchexec\",\"version\":\"2.8.6\",\"optional\":true},{\"id\":\"paketo-buildpacks/executable-jar\",\"version\":\"6.8.2\",\"optional\":true},{\"id\":\"paketo-buildpacks/apache-tomcat\",\"version\":\"7.13.15\",\"optional\":true},{\"id\":\"paketo-buildpacks/apache-tomee\",\"version\":\"1.7.8\",\"optional\":true},{\"id\":\"paketo-buildpacks/liberty\",\"version\":\"3.8.10\",\"optional\":true},{\"id\":\"paketo-buildpacks/dist-zip\",\"version\":\"5.6.7\",\"optional\":true},{\"id\":\"paketo-buildpacks/spring-boot\",\"version\":\"5.27.5\",\"optional\":true},{\"id\":\"paketo-buildpacks/procfile\",\"version\":\"5.6.7\",\"optional\":true},{\"id\":\"paketo-buildpacks/jattach\",\"version\":\"1.4.8\",\"optional\":true},{\"id\":\"paketo-buildpacks/azure-application-insights\",\"version\":\"5.17.1\",\"optional\":true},{\"id\":\"paketo-buildpacks/google-stackdriver\",\"version\":\"8.0.3\",\"optional\":true},{\"id\":\"paketo-buildpacks/datadog\",\"version\":\"4.3.0\",\"optional\":true},{\"id\":\"paketo-buildpacks/java-memory-assistant\",\"version\":\"1.4.8\",\"optional\":true},{\"id\":\"paketo-buildpacks/encrypt-at-rest\",\"version\":\"4.5.10\",\"optional\":true},{\"id\":\"paketo-buildpacks/environment-variables\",\"version\":\"4.5.6\",\"optional\":true},{\"id\":\"paketo-buildpacks/image-labels\",\"version\":\"4.5.5\",\"optional\":true}]}],\"layerDiffID\":\"sha256:cdaa116ca84bc9645eda6f7c9e48f2737f0ed8a7ca6d646f38947eb003c89ebb\",\"homepage\":\"https://paketo.io/docs/howto/java\",\"name\":\"Paketo Buildpack for Java\"}},\"paketo-buildpacks/java-memory-assistant\":{\"1.4.8\":{\"api\":\"0.7\",\"stacks\":[{\"id\":\"io.buildpacks.stacks.bionic\"},{\"id\":\"io.paketo.stacks.tiny\"},{\"id\":\"*\"}],\"layerDiffID\":\"sha256:35fff5643f1bdfb655ec06dee946a98be087764a8534355055e5b3f6df69264f\",\"homepage\":\"https://github.com/paketo-buildpacks/java-memory-assistant\",\"name\":\"Paketo Buildpack for Java Memory Assistant\"}},\"paketo-buildpacks/java-native-image\":{\"8.22.0\":{\"api\":\"0.7\",\"order\":[{\"group\":[{\"id\":\"paketo-buildpacks/ca-certificates\",\"version\":\"3.6.6\",\"optional\":true},{\"id\":\"paketo-buildpacks/upx\",\"version\":\"3.4.6\",\"optional\":true},{\"id\":\"paketo-buildpacks/bellsoft-liberica\",\"version\":\"10.4.2\"},{\"id\":\"paketo-buildpacks/syft\",\"version\":\"1.39.0\",\"optional\":true},{\"id\":\"paketo-buildpacks/leiningen\",\"version\":\"4.6.8\",\"optional\":true},{\"id\":\"paketo-buildpacks/gradle\",\"version\":\"7.6.1\",\"optional\":true},{\"id\":\"paketo-buildpacks/maven\",\"version\":\"6.15.11\",\"optional\":true},{\"id\":\"paketo-buildpacks/sbt\",\"version\":\"6.12.9\",\"optional\":true},{\"id\":\"paketo-buildpacks/executable-jar\",\"version\":\"6.8.2\",\"optional\":true},{\"id\":\"paketo-buildpacks/spring-boot\",\"version\":\"5.27.5\",\"optional\":true},{\"id\":\"paketo-buildpacks/datadog\",\"version\":\"4.3.0\",\"optional\":true},{\"id\":\"paketo-buildpacks/native-image\",\"version\":\"5.12.6\"},{\"id\":\"paketo-buildpacks/procfile\",\"version\":\"5.6.7\",\"optional\":true},{\"id\":\"paketo-buildpacks/environment-variables\",\"version\":\"4.5.6\",\"optional\":true},{\"id\":\"paketo-buildpacks/image-labels\",\"version\":\"4.5.5\",\"optional\":true}]}],\"layerDiffID\":\"sha256:57deeebd7fe8c02b16f283bfd387bfe793403b74bdd8f6e3f1ab503e99cc970b\",\"homepage\":\"https://paketo.io/docs/howto/java/#build-an-app-as-a-graalvm-native-image-application\",\"name\":\"Paketo Buildpack for Java Native Image\"}},\"paketo-buildpacks/leiningen\":{\"4.6.8\":{\"api\":\"0.7\",\"stacks\":[{\"id\":\"io.buildpacks.stacks.bionic\"},{\"id\":\"io.paketo.stacks.tiny\"},{\"id\":\"*\"}],\"layerDiffID\":\"sha256:faf6ec610d060338b151508e3812c9c0f97a262d7f5286d27d2423c5d571cfac\",\"homepage\":\"https://github.com/paketo-buildpacks/leiningen\",\"name\":\"Paketo Buildpack for Leiningen\"}},\"paketo-buildpacks/liberty\":{\"3.8.10\":{\"api\":\"0.7\",\"stacks\":[{\"id\":\"*\"}],\"layerDiffID\":\"sha256:d2262c93d92b0c6c6914f17739830d57e8f7b83188855b1ba33b566e682aee15\",\"homepage\":\"https://github.com/paketo-buildpacks/liberty\",\"name\":\"Paketo Buildpack for Liberty\"}},\"paketo-buildpacks/maven\":{\"6.15.11\":{\"api\":\"0.7\",\"stacks\":[{\"id\":\"io.buildpacks.stacks.bionic\"},{\"id\":\"io.paketo.stacks.tiny\"},{\"id\":\"*\"}],\"layerDiffID\":\"sha256:2c93e455e5b676a2ffeb4c53357531e688ae566b2cf8b2ee677ca82f0ffe08f8\",\"homepage\":\"https://github.com/paketo-buildpacks/maven\",\"name\":\"Paketo Buildpack for Maven\"}},\"paketo-buildpacks/miniconda\":{\"0.8.5\":{\"api\":\"0.7\",\"stacks\":[{\"id\":\"*\"}],\"layerDiffID\":\"sha256:ddfaf04fb79c40ef178e264699a6e20723b9cebf4e6f42147629e99239bec874\",\"name\":\"Paketo Buildpack for Miniconda\"}},\"paketo-buildpacks/mri\":{\"0.14.8\":{\"api\":\"0.7\",\"stacks\":[{\"id\":\"io.buildpacks.stacks.bionic\"},{\"id\":\"io.buildpacks.stacks.jammy\"}],\"layerDiffID\":\"sha256:53d074f357c9d7040df9631acc009cf9805f46f41050347511df1bc5b4262e5e\",\"homepage\":\"https://github.com/paketo-buildpacks/mri\",\"name\":\"Paketo Buildpack for MRI\"}},\"paketo-buildpacks/native-image\":{\"5.12.6\":{\"api\":\"0.7\",\"stacks\":[{\"id\":\"*\"}],\"layerDiffID\":\"sha256:4a21b9c4404beee9fa50a50dcf69f1644b67e811b004de04df9656935e32e3eb\",\"homepage\":\"https://github.com/paketo-buildpacks/native-image\",\"name\":\"Paketo Buildpack for Native Image\"}},\"paketo-buildpacks/nginx\":{\"0.15.6\":{\"api\":\"0.7\",\"stacks\":[{\"id\":\"io.buildpacks.stacks.bionic\"},{\"id\":\"io.buildpacks.stacks.jammy\"}],\"layerDiffID\":\"sha256:7a890b446c99ed0c593a9670e7d7c645de98855dc63288c64f04549c3622e7ec\",\"homepage\":\"https://github.com/paketo-buildpacks/nginx\",\"name\":\"Paketo Buildpack for Nginx Server\"}},\"paketo-buildpacks/node-engine\":{\"2.0.0\":{\"api\":\"0.7\",\"stacks\":[{\"id\":\"io.buildpacks.stacks.bionic\"},{\"id\":\"io.buildpacks.stacks.jammy\"},{\"id\":\"*\"}],\"layerDiffID\":\"sha256:762574589a15aa16b3f268c5c648d64631fd529181d287150dbb6a93c6a74714\",\"homepage\":\"https://github.com/paketo-buildpacks/node-engine\",\"name\":\"Paketo Buildpack for Node Engine\"},\"3.0.1\":{\"api\":\"0.7\",\"stacks\":[{\"id\":\"io.buildpacks.stacks.bionic\"},{\"id\":\"io.buildpacks.stacks.jammy\"},{\"id\":\"*\"}],\"layerDiffID\":\"sha256:ab2f69aa057c098d00d41e989b4dae371f763e75e456c9a655e6289a0c3a060c\",\"homepage\":\"https://github.com/paketo-buildpacks/no"
21:06:55.857 [Test worker] DEBUG com.github.dockerjava.zerodep.shaded.org.apache.hc.client5.http.wire - http-outgoing-0 << "de-engine\",\"name\":\"Paketo Buildpack for Node Engine\"}},\"paketo-buildpacks/node-run-script\":{\"1.0.13\":{\"api\":\"0.7\",\"stacks\":[{\"id\":\"*\"}],\"layerDiffID\":\"sha256:14704ae575228cecd0daf36e21239c71c6ae9065b4d00ea7c1ead4001da552c4\",\"homepage\":\"https://github.com/paketo-buildpacks/node-run-script\",\"name\":\"Paketo Buildpack for Node Run Script\"},\"1.0.14\":{\"api\":\"0.7\",\"stacks\":[{\"id\":\"*\"}],\"layerDiffID\":\"sha256:831f58054738183092d1a3fac71c0b39b16a6649b032529f078e7f18f900e415\",\"homepage\":\"https://github.com/paketo-buildpacks/node-run-script\",\"name\":\"Paketo Buildpack for Node Run Script\"}},\"paketo-buildpacks/node-start\":{\"1.1.3\":{\"api\":\"0.7\",\"stacks\":[{\"id\":\"*\"}],\"layerDiffID\":\"sha256:cf5619cb7b7168ec95f4bb572d8c79416fdb33421a2ff2dce55d4476265fed0a\",\"homepage\":\"https://github.com/paketo-buildpacks/node-start\",\"name\":\"Paketo Buildpack for Node Start\"}},\"paketo-buildpacks/nodejs\":{\"2.0.0\":{\"api\":\"0.7\",\"order\":[{\"group\":[{\"id\":\"paketo-buildpacks/ca-certificates\",\"version\":\"3.6.6\",\"optional\":true},{\"id\":\"paketo-buildpacks/watchexec\",\"version\":\"2.8.6\",\"optional\":true},{\"id\":\"paketo-buildpacks/node-engine\",\"version\":\"3.0.1\"},{\"id\":\"paketo-buildpacks/yarn\",\"version\":\"1.2.0\"},{\"id\":\"paketo-buildpacks/yarn-install\",\"version\":\"1.2.2\"},{\"id\":\"paketo-buildpacks/node-run-script\",\"version\":\"1.0.14\",\"optional\":true},{\"id\":\"paketo-buildpacks/node-start\",\"version\":\"1.1.3\",\"optional\":true},{\"id\":\"paketo-buildpacks/yarn-start\",\"version\":\"1.1.3\",\"optional\":true},{\"id\":\"paketo-buildpacks/procfile\",\"version\":\"5.6.7\",\"optional\":true},{\"id\":\"paketo-buildpacks/datadog\",\"version\":\"3.6.0\",\"optional\":true},{\"id\":\"paketo-buildpacks/environment-variables\",\"version\":\"4.5.6\",\"optional\":true},{\"id\":\"paketo-buildpacks/image-labels\",\"version\":\"4.5.5\",\"optional\":true}]},{\"group\":[{\"id\":\"paketo-buildpacks/ca-certificates\",\"version\":\"3.6.6\",\"optional\":true},{\"id\":\"paketo-buildpacks/watchexec\",\"version\":\"2.8.6\",\"optional\":true},{\"id\":\"paketo-buildpacks/node-engine\",\"version\":\"3.0.1\"},{\"id\":\"paketo-buildpacks/npm-install\",\"version\":\"1.3.1\"},{\"id\":\"paketo-buildpacks/node-run-script\",\"version\":\"1.0.14\",\"optional\":true},{\"id\":\"paketo-buildpacks/node-start\",\"version\":\"1.1.3\",\"optional\":true},{\"id\":\"paketo-buildpacks/npm-start\",\"version\":\"1.0.15\",\"optional\":true},{\"id\":\"paketo-buildpacks/procfile\",\"version\":\"5.6.7\",\"optional\":true},{\"id\":\"paketo-buildpacks/datadog\",\"version\":\"3.6.0\",\"optional\":true},{\"id\":\"paketo-buildpacks/environment-variables\",\"version\":\"4.5.6\",\"optional\":true},{\"id\":\"paketo-buildpacks/image-labels\",\"version\":\"4.5.5\",\"optional\":true}]},{\"group\":[{\"id\":\"paketo-buildpacks/ca-certificates\",\"version\":\"3.6.6\",\"optional\":true},{\"id\":\"paketo-buildpacks/watchexec\",\"version\":\"2.8.6\",\"optional\":true},{\"id\":\"paketo-buildpacks/node-engine\",\"version\":\"3.0.1\"},{\"id\":\"paketo-buildpacks/node-start\",\"version\":\"1.1.3\"},{\"id\":\"paketo-buildpacks/procfile\",\"version\":\"5.6.7\",\"optional\":true},{\"id\":\"paketo-buildpacks/datadog\",\"version\":\"3.6.0\",\"optional\":true},{\"id\":\"paketo-buildpacks/environment-variables\",\"version\":\"4.5.6\",\"optional\":true},{\"id\":\"paketo-buildpacks/image-labels\",\"version\":\"4.5.5\",\"optional\":true}]}],\"layerDiffID\":\"sha256:efa2f539b939405e5b27af54bcd3cf6e74165b5a3ab70cc4424c2a8e4e88c619\",\"homepage\":\"https://github.com/paketo-buildpacks/nodejs\",\"name\":\"Paketo Buildpack for Node.js\"}},\"paketo-buildpacks/npm-install\":{\"1.3.0\":{\"api\":\"0.7\",\"stacks\":[{\"id\":\"*\"}],\"layerDiffID\":\"sha256:bd7446c321e344099f19f232f61b4f43a650aa88e5891100579f2a7b7e577f17\",\"homepage\":\"https://github.com/paketo-buildpacks/npm-install\",\"name\":\"Paketo Buildpack for NPM Install\"},\"1.3.1\":{\"api\":\"0.7\",\"stacks\":[{\"id\":\"*\"}],\"layerDiffID\":\"sha256:22d2108f6ba3dc7aeb52bb971367cdef215f24bc2ed07401499c111162001bd1\",\"homepage\":\"https://github.com/paketo-buildpacks/npm-install\",\"name\":\"Paketo Buildpack for NPM Install\"}},\"paketo-buildpacks/npm-start\":{\"1.0.15\":{\"api\":\"0.7\",\"stacks\":[{\"id\":\"*\"}],\"layerDiffID\":\"sha256:a3713bbd7bf2d8c4093a766214251db9660cf72020d645072a73dce9ff017c19\",\"homepage\":\"https://github.com/paketo-buildpacks/npm-start\",\"name\":\"Paketo Buildpack for NPM Start\"}},\"paketo-buildpacks/passenger\":{\"0.13.1\":{\"api\":\"0.7\",\"stacks\":[{\"id\":\"io.buildpacks.stacks.bionic\"},{\"id\":\"io.buildpacks.stacks.jammy\"}],\"layerDiffID\":\"sha256:4b8a12eabb23ccff89deddd4e3a7695a2794a15a861e6d29f09f31b96e627a89\",\"homepage\":\"https://github.com/paketo-buildpacks/passenger\",\"name\":\"Paketo Buildpack for Passenger\"}},\"paketo-buildpacks/pip\":{\"0.18.0\":{\"api\":\"0.7\",\"stacks\":[{\"id\":\"*\"}],\"layerDiffID\":\"sha256:427ee111c07faab6e8b9ee58fdd2447cc19de7f1daa99eeb234d61b38e706868\",\"name\":\"Paketo Buildpack for Pip\"}},\"paketo-buildpacks/pip-install\":{\"0.6.0\":{\"api\":\"0.7\",\"stacks\":[{\"id\":\"*\"}],\"layerDiffID\":\"sha256:5a61b8c6a643a5ab8801eb74d53288276f70b0fad35422ae3dbe31129a86f10d\",\"name\":\"Paketo Buildpack for Pip Install\"}},\"paketo-buildpacks/pipenv\":{\"1.19.0\":{\"api\":\"0.7\",\"stacks\":[{\"id\":\"*\"}],\"layerDiffID\":\"sha256:0f1253493befe7e470e5adf66e8f3f81fc95fb7a11e8eaa4ef27edd6a4620232\",\"name\":\"Paketo Buildpack for Pipenv\"}},\"paketo-buildpacks/pipenv-install\":{\"0.6.18\":{\"api\":\"0.7\",\"stacks\":[{\"id\":\"*\"}],\"layerDiffID\":\"sha256:8b9dac6ff7b7b833eed3aa511de4c7a0ae4dcb58d22873aee20f84187466fbe9\",\"name\":\"Paketo Buildpack for Pipenv Install\"}},\"paketo-buildpacks/poetry\":{\"0.6.5\":{\"api\":\"0.7\",\"stacks\":[{\"id\":\"*\"}],\"layerDiffID\":\"sha256:fbad9e9552228860a9e0b81109861cb3b94377485a0d9e603aec4d01bb8d2409\",\"name\":\"Paketo Buildpack for Poetry\"}},\"paketo-buildpacks/poetry-install\":{\"0.3.17\":{\"api\":\"0.7\",\"stacks\":[{\"id\":\"*\"}],\"layerDiffID\":\"sha256:b945b2a8add8dd4f225975cd962e56ffdd9b26a3af90b9d23fbe7b725625ba2f\",\"name\":\"Paketo Buildpack for Poetry Install\"}},\"paketo-buildpacks/poetry-run\":{\"0.4.21\":{\"api\":\"0.8\",\"stacks\":[{\"id\":\"*\"}],\"layerDiffID\":\"sha256:6945394fc466897bba06908c5ab1b0ed68d71e64820b40dfc9d58740275882c5\",\"name\":\"Paketo Buildpack for Poetry Run\"}},\"paketo-buildpacks/procfile\":{\"5.6.4\":{\"api\":\"0.7\",\"stacks\":[{\"id\":\"*\"}],\"layerDiffID\":\"sha256:549522d4bb1bbe20f18b678d3db1c71cb6013c26a8ce444998175fa8a75fde94\",\"homepage\":\"https://github.com/paketo-buildpacks/procfile\",\"name\":\"Paketo Buildpack for Procfile\"},\"5.6.6\":{\"api\":\"0.7\",\"stacks\":[{\"id\":\"*\"}],\"layerDiffID\":\"sha256:d8fc272d6a7d4016559553a56e8140f0f871284f47978820c6d2c480fcf356c2\",\"homepage\":\"https://github.com/paketo-buildpacks/procfile\",\"name\":\"Paketo Buildpack for Procfile\"},\"5.6.7\":{\"api\":\"0.7\",\"stacks\":[{\"id\":\"*\"}],\"layerDiffID\":\"sha256:8c16fe2c06e19c4e70d50c3321e88ef66a9bcd896a498313a91e8cf7cda42d4f\",\"homepage\":\"https://github.com/paketo-buildpacks/procfile\",\"name\":\"Paketo Buildpack for Procfile\"}},\"paketo-buildpacks/puma\":{\"0.4.35\":{\"api\":\"0.7\",\"stacks\":[{\"id\":\"*\"}],\"layerDiffID\":\"sha256:4629add84560863558a7bd774a3f421b962f83ab5b8e6aa4ff2145d853fe1aed\",\"homepage\":\"https://github.com/paketo-buildpacks/puma\",\"name\":\"Paketo Buildpack for Puma\"}},\"paketo-buildpacks/python\":{\"2.14.0\":{\"api\":\"0.8\",\"order\":[{\"group\":[{\"id\":\"paketo-buildpacks/ca-certificates\",\"version\":\"3.6.3\",\"optional\":true},{\"id\":\"paketo-buildpacks/watchexec\",\"version\":\"2.8.3\",\"optional\":true},{\"id\":\"paketo-buildpacks/cpython\",\"version\":\"1.9.0\"},{\"id\":\"paketo-buildpacks/pip\",\"version\":\"0.18.0\"},{\"id\":\"paketo-buildpacks/pipenv\",\"version\":\"1.19.0\"},{\"i"
21:06:55.857 [Test worker] DEBUG com.github.dockerjava.zerodep.shaded.org.apache.hc.client5.http.wire - http-outgoing-0 << "d\":\"paketo-buildpacks/pipenv-install\",\"version\":\"0.6.18\"},{\"id\":\"paketo-buildpacks/python-start\",\"version\":\"0.14.14\"},{\"id\":\"paketo-buildpacks/procfile\",\"version\":\"5.6.4\",\"optional\":true},{\"id\":\"paketo-buildpacks/environment-variables\",\"version\":\"4.5.3\",\"optional\":true},{\"id\":\"paketo-buildpacks/image-labels\",\"version\":\"4.5.2\",\"optional\":true}]},{\"group\":[{\"id\":\"paketo-buildpacks/ca-certificates\",\"version\":\"3.6.3\",\"optional\":true},{\"id\":\"paketo-buildpacks/watchexec\",\"version\":\"2.8.3\",\"optional\":true},{\"id\":\"paketo-buildpacks/cpython\",\"version\":\"1.9.0\"},{\"id\":\"paketo-buildpacks/pip\",\"version\":\"0.18.0\"},{\"id\":\"paketo-buildpacks/pip-install\",\"version\":\"0.6.0\"},{\"id\":\"paketo-buildpacks/python-start\",\"version\":\"0.14.14\"},{\"id\":\"paketo-buildpacks/procfile\",\"version\":\"5.6.4\",\"optional\":true},{\"id\":\"paketo-buildpacks/environment-variables\",\"version\":\"4.5.3\",\"optional\":true},{\"id\":\"paketo-buildpacks/image-labels\",\"version\":\"4.5.2\",\"optional\":true}]},{\"group\":[{\"id\":\"paketo-buildpacks/ca-certificates\",\"version\":\"3.6.3\",\"optional\":true},{\"id\":\"paketo-buildpacks/watchexec\",\"version\":\"2.8.3\",\"optional\":true},{\"id\":\"paketo-buildpacks/miniconda\",\"version\":\"0.8.5\"},{\"id\":\"paketo-buildpacks/conda-env-update\",\"version\":\"0.7.12\"},{\"id\":\"paketo-buildpacks/python-start\",\"version\":\"0.14.14\"},{\"id\":\"paketo-buildpacks/procfile\",\"version\":\"5.6.4\",\"optional\":true},{\"id\":\"paketo-buildpacks/environment-variables\",\"version\":\"4.5.3\",\"optional\":true},{\"id\":\"paketo-buildpacks/image-labels\",\"version\":\"4.5.2\",\"optional\":true}]},{\"group\":[{\"id\":\"paketo-buildpacks/ca-certificates\",\"version\":\"3.6.3\",\"optional\":true},{\"id\":\"paketo-buildpacks/watchexec\",\"version\":\"2.8.3\",\"optional\":true},{\"id\":\"paketo-buildpacks/cpython\",\"version\":\"1.9.0\"},{\"id\":\"paketo-buildpacks/pip\",\"version\":\"0.18.0\"},{\"id\":\"paketo-buildpacks/poetry\",\"version\":\"0.6.5\"},{\"id\":\"paketo-buildpacks/poetry-install\",\"version\":\"0.3.17\"},{\"id\":\"paketo-buildpacks/poetry-run\",\"version\":\"0.4.21\"},{\"id\":\"paketo-buildpacks/procfile\",\"version\":\"5.6.4\",\"optional\":true},{\"id\":\"paketo-buildpacks/environment-variables\",\"version\":\"4.5.3\",\"optional\":true},{\"id\":\"paketo-buildpacks/image-labels\",\"version\":\"4.5.2\",\"optional\":true}]},{\"group\":[{\"id\":\"paketo-buildpacks/ca-certificates\",\"version\":\"3.6.3\",\"optional\":true},{\"id\":\"paketo-buildpacks/watchexec\",\"version\":\"2.8.3\",\"optional\":true},{\"id\":\"paketo-buildpacks/cpython\",\"version\":\"1.9.0\"},{\"id\":\"paketo-buildpacks/pip\",\"version\":\"0.18.0\"},{\"id\":\"paketo-buildpacks/poetry\",\"version\":\"0.6.5\"},{\"id\":\"paketo-buildpacks/poetry-install\",\"version\":\"0.3.17\"},{\"id\":\"paketo-buildpacks/python-start\",\"version\":\"0.14.14\"},{\"id\":\"paketo-buildpacks/procfile\",\"version\":\"5.6.4\",\"optional\":true},{\"id\":\"paketo-buildpacks/environment-variables\",\"version\":\"4.5.3\",\"optional\":true},{\"id\":\"paketo-buildpacks/image-labels\",\"version\":\"4.5.2\",\"optional\":true}]},{\"group\":[{\"id\":\"paketo-buildpacks/ca-certificates\",\"version\":\"3.6.3\",\"optional\":true},{\"id\":\"paketo-buildpacks/watchexec\",\"version\":\"2.8.3\",\"optional\":true},{\"id\":\"paketo-buildpacks/cpython\",\"version\":\"1.9.0\"},{\"id\":\"paketo-buildpacks/python-start\",\"version\":\"0.14.14\"},{\"id\":\"paketo-buildpacks/procfile\",\"version\":\"5.6.4\",\"optional\":true},{\"id\":\"paketo-buildpacks/environment-variables\",\"version\":\"4.5.3\",\"optional\":true},{\"id\":\"paketo-buildpacks/image-labels\",\"version\":\"4.5.2\",\"optional\":true}]}],\"layerDiffID\":\"sha256:442267367faf5de598f76a55eda8246802498bd8603b33e64fa478c1865a313d\",\"name\":\"Paketo Buildpack for Python\"}},\"paketo-buildpacks/python-start\":{\"0.14.14\":{\"api\":\"0.8\",\"stacks\":[{\"id\":\"*\"}],\"layerDiffID\":\"sha256:cc5f2a129069824d2b544daa7953a5897f25514a7f1288bdab7b118a22c96e1d\",\"homepage\":\"https://github.com/paketo-buildpacks/python-start\",\"name\":\"Paketo Buildpack for Python Start\"}},\"paketo-buildpacks/rackup\":{\"0.4.34\":{\"api\":\"0.7\",\"stacks\":[{\"id\":\"*\"}],\"layerDiffID\":\"sha256:61759235ad1a75399bb975c1c57c0260062c3933a9efd5fc634afbfb4c5999f3\",\"homepage\":\"https://github.com/paketo-buildpacks/rackup\",\"name\":\"Paketo Buildpack for Rackup\"}},\"paketo-buildpacks/rails-assets\":{\"0.10.2\":{\"api\":\"0.7\",\"stacks\":[{\"id\":\"*\"}],\"layerDiffID\":\"sha256:1ced510ad2ba02707512a10d56f0de53586b00b53bdc2510879af7a3f9cc587e\",\"homepage\":\"https://github.com/paketo-buildpacks/rails-assets\",\"name\":\"Paketo Buildpack for Rails Assets\"}},\"paketo-buildpacks/rake\":{\"0.4.34\":{\"api\":\"0.7\",\"stacks\":[{\"id\":\"*\"}],\"layerDiffID\":\"sha256:a0a372b2d91118d938b1d75f1bd751e12864583df2c3d481cf1bf6641f79b6b3\",\"homepage\":\"https://github.com/paketo-buildpacks/rake\",\"name\":\"Paketo Buildpack for Rake\"}},\"paketo-buildpacks/ruby\":{\"0.41.1\":{\"api\":\"0.7\",\"order\":[{\"group\":[{\"id\":\"paketo-buildpacks/ca-certificates\",\"version\":\"3.6.5\",\"optional\":true},{\"id\":\"paketo-buildpacks/mri\",\"version\":\"0.14.8\"},{\"id\":\"paketo-buildpacks/bundler\",\"version\":\"0.7.26\"},{\"id\":\"paketo-buildpacks/bundle-install\",\"version\":\"0.7.12\"},{\"id\":\"paketo-buildpacks/node-engine\",\"version\":\"2.0.0\",\"optional\":true},{\"id\":\"paketo-buildpacks/yarn\",\"version\":\"1.1.11\",\"optional\":true},{\"id\":\"paketo-buildpacks/yarn-install\",\"version\":\"1.2.1\",\"optional\":true},{\"id\":\"paketo-buildpacks/rails-assets\",\"version\":\"0.10.2\",\"optional\":true},{\"id\":\"paketo-buildpacks/puma\",\"version\":\"0.4.35\"},{\"id\":\"paketo-buildpacks/procfile\",\"version\":\"5.6.6\",\"optional\":true},{\"id\":\"paketo-buildpacks/environment-variables\",\"version\":\"4.5.5\",\"optional\":true},{\"id\":\"paketo-buildpacks/image-labels\",\"version\":\"4.5.4\",\"optional\":true}]},{\"group\":[{\"id\":\"paketo-buildpacks/ca-certificates\",\"version\":\"3.6.5\",\"optional\":true},{\"id\":\"paketo-buildpacks/mri\",\"version\":\"0.14.8\"},{\"id\":\"paketo-buildpacks/bundler\",\"version\":\"0.7.26\"},{\"id\":\"paketo-buildpacks/bundle-install\",\"version\":\"0.7.12\"},{\"id\":\"paketo-buildpacks/node-engine\",\"version\":\"2.0.0\",\"optional\":true},{\"id\":\"paketo-buildpacks/yarn\",\"version\":\"1.1.11\",\"optional\":true},{\"id\":\"paketo-buildpacks/yarn-install\",\"version\":\"1.2.1\",\"optional\":true},{\"id\":\"paketo-buildpacks/rails-assets\",\"version\":\"0.10.2\",\"optional\":true},{\"id\":\"paketo-buildpacks/thin\",\"version\":\"0.5.34\"},{\"id\":\"paketo-buildpacks/procfile\",\"version\":\"5.6.6\",\"optional\":true},{\"id\":\"paketo-buildpacks/environment-variables\",\"version\":\"4.5.5\",\"optional\":true},{\"id\":\"paketo-buildpacks/image-labels\",\"version\":\"4.5.4\",\"optional\":true}]},{\"group\":[{\"id\":\"paketo-buildpacks/ca-certificates\",\"version\":\"3.6.5\",\"optional\":true},{\"id\":\"paketo-buildpacks/mri\",\"version\":\"0.14.8\"},{\"id\":\"paketo-buildpacks/bundler\",\"version\":\"0.7.26\"},{\"id\":\"paketo-buildpacks/bundle-install\",\"version\":\"0.7.12\"},{\"id\":\"paketo-buildpacks/node-engine\",\"version\":\"2.0.0\",\"optional\":true},{\"id\":\"paketo-buildpacks/yarn\",\"version\":\"1.1.11\",\"optional\":true},{\"id\":\"paketo-buildpacks/yarn-install\",\"version\":\"1.2.1\",\"optional\":true},{\"id\":\"paketo-buildpacks/rails-assets\",\"version\":\"0.10.2\",\"optional\":true},{\"id\":\"paketo-buildpacks/unicorn\",\"version\":\"0.4.34\"},{\"id\":\"paketo-buildpacks/procfile\",\"version\":\"5.6.6\",\"optional\":true},{\"id\":\"paketo-buildpacks/environment-variables\",\"version\":\"4.5.5\",\"optional\":true},{\"id\":\"paketo-buildpacks/image-labels\",\"version\":\"4.5.4\",\"optional\":true}]},{\"group\":[{\"id\":\"paketo-bu"
21:06:55.857 [Test worker] DEBUG com.github.dockerjava.zerodep.shaded.org.apache.hc.client5.http.wire - http-outgoing-0 << "ildpacks/ca-certificates\",\"version\":\"3.6.5\",\"optional\":true},{\"id\":\"paketo-buildpacks/mri\",\"version\":\"0.14.8\"},{\"id\":\"paketo-buildpacks/bundler\",\"version\":\"0.7.26\"},{\"id\":\"paketo-buildpacks/bundle-install\",\"version\":\"0.7.12\"},{\"id\":\"paketo-buildpacks/node-engine\",\"version\":\"2.0.0\",\"optional\":true},{\"id\":\"paketo-buildpacks/yarn\",\"version\":\"1.1.11\",\"optional\":true},{\"id\":\"paketo-buildpacks/yarn-install\",\"version\":\"1.2.1\",\"optional\":true},{\"id\":\"paketo-buildpacks/rails-assets\",\"version\":\"0.10.2\",\"optional\":true},{\"id\":\"paketo-buildpacks/passenger\",\"version\":\"0.13.1\"},{\"id\":\"paketo-buildpacks/procfile\",\"version\":\"5.6.6\",\"optional\":true},{\"id\":\"paketo-buildpacks/environment-variables\",\"version\":\"4.5.5\",\"optional\":true},{\"id\":\"paketo-buildpacks/image-labels\",\"version\":\"4.5.4\",\"optional\":true}]},{\"group\":[{\"id\":\"paketo-buildpacks/ca-certificates\",\"version\":\"3.6.5\",\"optional\":true},{\"id\":\"paketo-buildpacks/mri\",\"version\":\"0.14.8\"},{\"id\":\"paketo-buildpacks/bundler\",\"version\":\"0.7.26\"},{\"id\":\"paketo-buildpacks/bundle-install\",\"version\":\"0.7.12\"},{\"id\":\"paketo-buildpacks/node-engine\",\"version\":\"2.0.0\",\"optional\":true},{\"id\":\"paketo-buildpacks/yarn\",\"version\":\"1.1.11\",\"optional\":true},{\"id\":\"paketo-buildpacks/yarn-install\",\"version\":\"1.2.1\",\"optional\":true},{\"id\":\"paketo-buildpacks/rails-assets\",\"version\":\"0.10.2\",\"optional\":true},{\"id\":\"paketo-buildpacks/rackup\",\"version\":\"0.4.34\"},{\"id\":\"paketo-buildpacks/procfile\",\"version\":\"5.6.6\",\"optional\":true},{\"id\":\"paketo-buildpacks/environment-variables\",\"version\":\"4.5.5\",\"optional\":true},{\"id\":\"paketo-buildpacks/image-labels\",\"version\":\"4.5.4\",\"optional\":true}]},{\"group\":[{\"id\":\"paketo-buildpacks/ca-certificates\",\"version\":\"3.6.5\",\"optional\":true},{\"id\":\"paketo-buildpacks/mri\",\"version\":\"0.14.8\"},{\"id\":\"paketo-buildpacks/bundler\",\"version\":\"0.7.26\",\"optional\":true},{\"id\":\"paketo-buildpacks/bundle-install\",\"version\":\"0.7.12\",\"optional\":true},{\"id\":\"paketo-buildpacks/rake\",\"version\":\"0.4.34\"},{\"id\":\"paketo-buildpacks/procfile\",\"version\":\"5.6.6\",\"optional\":true},{\"id\":\"paketo-buildpac"
21:06:55.857 [Test worker] DEBUG com.github.dockerjava.zerodep.shaded.org.apache.hc.client5.http.wire - http-outgoing-0 << "[\r][\n]"
21:06:55.859 [Test worker] DEBUG com.github.dockerjava.zerodep.shaded.org.apache.hc.client5.http.wire - http-outgoing-0 << "8000[\r][\n]"
21:06:55.860 [Test worker] DEBUG com.github.dockerjava.zerodep.shaded.org.apache.hc.client5.http.wire - http-outgoing-0 << "ks/environment-variables\",\"version\":\"4.5.5\",\"optional\":true},{\"id\":\"paketo-buildpacks/image-labels\",\"version\":\"4.5.4\",\"optional\":true}]}],\"layerDiffID\":\"sha256:b92026a552f6d1e11f0bdb8c1bfb7662ef894dd982c3050532b1c3c1fd6f7548\",\"homepage\":\"https://github.com/paketo-buildpacks/ruby\",\"name\":\"Paketo Buildpack for Ruby\"}},\"paketo-buildpacks/sbt\":{\"6.12.9\":{\"api\":\"0.7\",\"stacks\":[{\"id\":\"io.buildpacks.stacks.bionic\"},{\"id\":\"io.paketo.stacks.tiny\"},{\"id\":\"*\"}],\"layerDiffID\":\"sha256:7e60bdbb2608069374d1e224860ddeda0636fd89c110ff6d005f8b2cf6a2c3f8\",\"homepage\":\"https://github.com/paketo-buildpacks/sbt\",\"name\":\"Paketo Buildpack for SBT\"}},\"paketo-buildpacks/source-removal\":{\"0.2.1\":{\"api\":\"0.7\",\"stacks\":[{\"id\":\"*\"}],\"layerDiffID\":\"sha256:c9b2b4846699e199bf3baa9f694c2914da8404ab2278da08576a53ecd11cd608\",\"name\":\"Paketo Buildpack for Source Removal\"}},\"paketo-buildpacks/spring-boot\":{\"5.27.5\":{\"api\":\"0.7\",\"stacks\":[{\"id\":\"io.buildpacks.stacks.bionic\"},{\"id\":\"io.paketo.stacks.tiny\"},{\"id\":\"*\"}],\"layerDiffID\":\"sha256:9428f54379c37135e5a9874e36bc5194f17441a1ad08d1234dbd0bf52980094d\",\"homepage\":\"https://github.com/paketo-buildpacks/spring-boot\",\"name\":\"Paketo Buildpack for Spring Boot\"}},\"paketo-buildpacks/syft\":{\"1.39.0\":{\"api\":\"0.7\",\"stacks\":[{\"id\":\"io.buildpacks.stacks.bionic\"},{\"id\":\"io.paketo.stacks.tiny\"},{\"id\":\"*\"}],\"layerDiffID\":\"sha256:362bd36c176cd46ca575a29797ec78ba9fdc4f484dbae0159b02cfde04e3e15a\",\"homepage\":\"https://github.com/paketo-buildpacks/syft\",\"name\":\"Paketo Buildpack for Syft\"}},\"paketo-buildpacks/thin\":{\"0.5.34\":{\"api\":\"0.7\",\"stacks\":[{\"id\":\"*\"}],\"layerDiffID\":\"sha256:61fa1934a6a7731cb2f66c4ee2424b0dca9f661f69f0c804eaf90de7fedbdde7\",\"homepage\":\"https://github.com/paketo-buildpacks/thin\",\"name\":\"Paketo Buildpack for Thin\"}},\"paketo-buildpacks/unicorn\":{\"0.4.34\":{\"api\":\"0.7\",\"stacks\":[{\"id\":\"*\"}],\"layerDiffID\":\"sha256:5400cbf7ffcabe452deaddde4968496bb5ced564cdb71e930cac5577cb9f331a\",\"homepage\":\"https://github.com/paketo-buildpacks/unicorn\",\"name\":\"Paketo Buildpack for Unicorn\"}},\"paketo-buildpacks/upx\":{\"3.4.6\":{\"api\":\"0.7\",\"stacks\":[{\"id\":\"io.buildpacks.stacks.bionic\"},{\"id\":\"io.paketo.stacks.tiny\"},{\"id\":\"*\"}],\"layerDiffID\":\"sha256:81431da72727491324cfc2eb7b0eddcda161c544b4670ce92bd5c4d0683415f3\",\"homepage\":\"https://github.com/paketo-buildpacks/upx\",\"name\":\"Paketo Buildpack for UPX\"}},\"paketo-buildpacks/vsdbg\":{\"0.3.4\":{\"api\":\"0.8\",\"stacks\":[{\"id\":\"io.buildpacks.stacks.bionic\"},{\"id\":\"io.buildpacks.stacks.jammy\"}],\"layerDiffID\":\"sha256:24c85518a8b01cd111d1274daba7a6df32fc9c4e08e33a41e9bb149fb56f1c53\",\"name\":\"Paketo Buildpack for Visual Studio Debugger\"}},\"paketo-buildpacks/watchexec\":{\"2.8.3\":{\"api\":\"0.7\",\"stacks\":[{\"id\":\"io.buildpacks.stacks.bionic\"},{\"id\":\"io.paketo.stacks.tiny\"},{\"id\":\"*\"}],\"layerDiffID\":\"sha256:7091071dbf9c60845a16f05a7c8edab69cc2c26aa13ba32c096f1f2097b91e72\",\"homepage\":\"https://github.com/paketo-buildpacks/watchexec\",\"name\":\"Paketo Buildpack for Watchexec\"},\"2.8.5\":{\"api\":\"0.7\",\"stacks\":[{\"id\":\"io.buildpacks.stacks.bionic\"},{\"id\":\"io.paketo.stacks.tiny\"},{\"id\":\"*\"}],\"layerDiffID\":\"sha256:11f60937526ebc92492d6a33591e0b2099c585ba920a78da56b476afcf8c7ac3\",\"homepage\":\"https://github.com/paketo-buildpacks/watchexec\",\"name\":\"Paketo Buildpack for Watchexec\"},\"2.8.6\":{\"api\":\"0.7\",\"stacks\":[{\"id\":\"io.buildpacks.stacks.bionic\"},{\"id\":\"io.paketo.stacks.tiny\"},{\"id\":\"*\"}],\"layerDiffID\":\"sha256:59ed9760c40281504b679fd3c24acba2fd5df71f4deb25caeb6f2d4611cd0b34\",\"homepage\":\"https://github.com/paketo-buildpacks/watchexec\",\"name\":\"Paketo Buildpack for Watchexec\"}},\"paketo-buildpacks/web-servers\":{\"0.19.1\":{\"api\":\"0.7\",\"order\":[{\"group\":[{\"id\":\"paketo-buildpacks/ca-certificates\",\"version\":\"3.6.5\",\"optional\":true},{\"id\":\"paketo-buildpacks/watchexec\",\"version\":\"2.8.5\",\"optional\":true},{\"id\":\"paketo-buildpacks/node-engine\",\"version\":\"2.0.0\"},{\"id\":\"paketo-buildpacks/yarn\",\"version\":\"1.1.11\"},{\"id\":\"paketo-buildpacks/yarn-install\",\"version\":\"1.2.1\"},{\"id\":\"paketo-buildpacks/node-run-script\",\"version\":\"1.0.13\"},{\"id\":\"paketo-buildpacks/nginx\",\"version\":\"0.15.6\"},{\"id\":\"paketo-buildpacks/procfile\",\"version\":\"5.6.6\",\"optional\":true},{\"id\":\"paketo-buildpacks/environment-variables\",\"version\":\"4.5.5\",\"optional\":true},{\"id\":\"paketo-buildpacks/image-labels\",\"version\":\"4.5.4\",\"optional\":true},{\"id\":\"paketo-buildpacks/source-removal\",\"version\":\"0.2.1\"}]},{\"group\":[{\"id\":\"paketo-buildpacks/ca-certificates\",\"version\":\"3.6.5\",\"optional\":true},{\"id\":\"paketo-buildpacks/watchexec\",\"version\":\"2.8.5\",\"optional\":true},{\"id\":\"paketo-buildpacks/node-engine\",\"version\":\"2.0.0\"},{\"id\":\"paketo-buildpacks/npm-install\",\"version\":\"1.3.0\"},{\"id\":\"paketo-buildpacks/node-run-script\",\"version\":\"1.0.13\"},{\"id\":\"paketo-buildpacks/nginx\",\"version\":\"0.15.6\"},{\"id\":\"paketo-buildpacks/procfile\",\"version\":\"5.6.6\",\"optional\":true},{\"id\":\"paketo-buildpacks/environment-variables\",\"version\":\"4.5.5\",\"optional\":true},{\"id\":\"paketo-buildpacks/image-labels\",\"version\":\"4.5.4\",\"optional\":true},{\"id\":\"paketo-buildpacks/source-removal\",\"version\":\"0.2.1\"}]},{\"group\":[{\"id\":\"paketo-buildpacks/ca-certificates\",\"version\":\"3.6.5\",\"optional\":true},{\"id\":\"paketo-buildpacks/watchexec\",\"version\":\"2.8.5\",\"optional\":true},{\"id\":\"paketo-buildpacks/node-engine\",\"version\":\"2.0.0\"},{\"id\":\"paketo-buildpacks/yarn\",\"version\":\"1.1.11\"},{\"id\":\"paketo-buildpacks/yarn-install\",\"version\":\"1.2.1\"},{\"id\":\"paketo-buildpacks/node-run-script\",\"version\":\"1.0.13\"},{\"id\":\"paketo-buildpacks/httpd\",\"version\":\"0.7.14\"},{\"id\":\"paketo-buildpacks/procfile\",\"version\":\"5.6.6\",\"optional\":true},{\"id\":\"paketo-buildpacks/environment-variables\",\"version\":\"4.5.5\",\"optional\":true},{\"id\":\"paketo-buildpacks/image-labels\",\"version\":\"4.5.4\",\"optional\":true},{\"id\":\"paketo-buildpacks/source-removal\",\"version\":\"0.2.1\"}]},{\"group\":[{\"id\":\"paketo-buildpacks/ca-certificates\",\"version\":\"3.6.5\",\"optional\":true},{\"id\":\"paketo-buildpacks/watchexec\",\"version\":\"2.8.5\",\"optional\":true},{\"id\":\"paketo-buildpacks/node-engine\",\"version\":\"2.0.0\"},{\"id\":\"paketo-buildpacks/npm-install\",\"version\":\"1.3.0\"},{\"id\":\"paketo-buildpacks/node-run-script\",\"version\":\"1.0.13\"},{\"id\":\"paketo-buildpacks/httpd\",\"version\":\"0.7.14\"},{\"id\":\"paketo-buildpacks/procfile\",\"version\":\"5.6.6\",\"optional\":true},{\"id\":\"paketo-buildpacks/environment-variables\",\"version\":\"4.5.5\",\"optional\":true},{\"id\":\"paketo-buildpacks/image-labels\",\"version\":\"4.5.4\",\"optional\":true},{\"id\":\"paketo-buildpacks/source-removal\",\"version\":\"0.2.1\"}]},{\"group\":[{\"id\":\"paketo-buildpacks/ca-certificates\",\"version\":\"3.6.5\",\"optional\":true},{\"id\":\"paketo-buildpacks/watchexec\",\"version\":\"2.8.5\",\"optional\":true},{\"id\":\"paketo-buildpacks/nginx\",\"version\":\"0.15.6\"},{\"id\":\"paketo-buildpacks/procfile\",\"version\":\"5.6.6\",\"optional\":true},{\"id\":\"paketo-buildpacks/environment-variables\",\"version\":\"4.5.5\",\"optional\":true},{\"id\":\"paketo-buildpacks/image-labels\",\"version\":\"4.5.4\",\"optional\":true},{\"id\":\"paketo-buildpacks/source-removal\",\"version\":\"0.2.1\"}]},{\"group\":[{\"id\":\"paketo-buildpacks/ca-certificates\",\"version\":\"3.6.5\",\"optional\":true},{\"id\":\"paketo-buildpacks/watchexec\",\"version\":\"2.8.5\",\"optional\":true},{\"id\":\"paketo-buildpacks/httpd\",\"version\":\"0.7.14\"},{\"id\":\"paketo-buildpacks/procfile\",\"version\":\"5.6.6\",\"optional\":true},{\"id\":\"paketo-buildpacks/environment-variables\",\"version\":\"4.5.5\",\"optional\":true},{\"id\":\"paketo-buildpacks/image-labels\",\"ve"
21:06:55.860 [Test worker] DEBUG com.github.dockerjava.zerodep.shaded.org.apache.hc.client5.http.wire - http-outgoing-0 << "rsion\":\"4.5.4\",\"optional\":true},{\"id\":\"paketo-buildpacks/source-removal\",\"version\":\"0.2.1\"}]}],\"layerDiffID\":\"sha256:60b2632955c147fd465b110c148052c946dcc0af762ae3f2875da59c87e08516\",\"homepage\":\"https://github.com/paketo-buildpacks/web-servers\",\"name\":\"Paketo Buildpack for Web Servers\"}},\"paketo-buildpacks/yarn\":{\"1.1.11\":{\"api\":\"0.7\",\"stacks\":[{\"id\":\"io.buildpacks.stacks.bionic\"},{\"id\":\"io.buildpacks.stacks.jammy\"},{\"id\":\"*\"}],\"layerDiffID\":\"sha256:a7184382daf5436fe33ca5a0d69053fad35d1e13eb1047b6b908041ba9ca995e\",\"homepage\":\"https://github.com/paketo-buildpacks/yarn\",\"name\":\"Paketo Buildpack for Yarn\"},\"1.2.0\":{\"api\":\"0.7\",\"stacks\":[{\"id\":\"io.buildpacks.stacks.bionic\"},{\"id\":\"io.buildpacks.stacks.jammy\"},{\"id\":\"*\"}],\"layerDiffID\":\"sha256:ec468a227ffad6f302bab3acf85e994c7e7d35d413e0682ad2cd9d3c8ab17d80\",\"homepage\":\"https://github.com/paketo-buildpacks/yarn\",\"name\":\"Paketo Buildpack for Yarn\"}},\"paketo-buildpacks/yarn-install\":{\"1.2.1\":{\"api\":\"0.7\",\"stacks\":[{\"id\":\"*\"}],\"layerDiffID\":\"sha256:00eba1517d53a91e912fc8d03c7335ca58477b7412b458041e674ae1f60bf204\",\"homepage\":\"https://github.com/paketo-buildpacks/yarn-install\",\"name\":\"Paketo Buildpack for Yarn Install\"},\"1.2.2\":{\"api\":\"0.7\",\"stacks\":[{\"id\":\"*\"}],\"layerDiffID\":\"sha256:e23c3fb0f408926d15a29044d91de04e61dc35068fb3552604f410cfe68be161\",\"homepage\":\"https://github.com/paketo-buildpacks/yarn-install\",\"name\":\"Paketo Buildpack for Yarn Install\"}},\"paketo-buildpacks/yarn-start\":{\"1.1.3\":{\"api\":\"0.7\",\"stacks\":[{\"id\":\"*\"}],\"layerDiffID\":\"sha256:c19038830466a1990b14ed00f7b0464b4a7ad57c8c663398513f17524f97db95\",\"homepage\":\"https://github.com/paketo-buildpacks/yarn-start\",\"name\":\"Paketo Buildpack for Yarn Start\"}}}","io.buildpacks.buildpack.order":"[{\"group\":[{\"id\":\"paketo-buildpacks/ruby\",\"version\":\"0.41.1\"}]},{\"group\":[{\"id\":\"paketo-buildpacks/dotnet-core\",\"version\":\"0.42.0\"}]},{\"group\":[{\"id\":\"paketo-buildpacks/go\",\"version\":\"4.6.1\"}]},{\"group\":[{\"id\":\"paketo-buildpacks/java-native-image\",\"version\":\"8.22.0\"}]},{\"group\":[{\"id\":\"paketo-buildpacks/java\",\"version\":\"10.3.3\"}]},{\"group\":[{\"id\":\"paketo-buildpacks/web-servers\",\"version\":\"0.19.1\"}]},{\"group\":[{\"id\":\"paketo-buildpacks/nodejs\",\"version\":\"2.0.0\"}]},{\"group\":[{\"id\":\"paketo-buildpacks/python\",\"version\":\"2.14.0\"}]},{\"group\":[{\"id\":\"paketo-buildpacks/procfile\",\"version\":\"5.6.7\"}]}]","io.buildpacks.buildpack.order-extensions":"null","io.buildpacks.extension.layers":"{}","io.buildpacks.stack.description":"ubuntu:jammy with compilers and shell utilities","io.buildpacks.stack.distro.name":"ubuntu","io.buildpacks.stack.distro.version":"22.04","io.buildpacks.stack.homepage":"https://github.com/paketo-buildpacks/jammy-base-stack","io.buildpacks.stack.id":"io.buildpacks.stacks.jammy","io.buildpacks.stack.maintainer":"Paketo Buildpacks","io.buildpacks.stack.metadata":"{}","io.buildpacks.stack.mixins":"null","io.buildpacks.stack.released":"2023-11-23T02:39:42Z","org.opencontainers.image.ref.name":"ubuntu","org.opencontainers.image.version":"22.04"},"ParentId":"","RepoDigests":["paketobuildpacks/builder-jammy-base@sha256:f8dce306dbcf00e8c1ee324be2ac52c18c3ccc14e196e19ed302432368fd2f2c"],"RepoTags":null,"SharedSize":-1,"Size":1547671803,"VirtualSize":1547671803},{"Containers":-1,"Created":315532801,"Id":"sha256:55bf4b4953ea8ec498c955b5c7b7b8154c0ed48f5aa38998b38d345bb25beace","Labels":{"io.buildpacks.build.metadata":"{\"buildpacks\":[{\"id\":\"paketo-buildpacks/ca-certificates\",\"version\":\"3.6.6\",\"homepage\":\"https://github.com/paketo-buildpacks/ca-certificates\"},{\"id\":\"paketo-buildpacks/bellsoft-liberica\",\"version\":\"10.4.4\",\"homepage\":\"https://github.com/paketo-buildpacks/bellsoft-liberica\"},{\"id\":\"paketo-buildpacks/syft\",\"version\":\"1.41.1\",\"homepage\":\"https://github.com/paketo-buildpacks/syft\"},{\"id\":\"paketo-buildpacks/executable-jar\",\"version\":\"6.8.3\",\"homepage\":\"https://github.com/paketo-buildpacks/executable-jar\"},{\"id\":\"paketo-buildpacks/dist-zip\",\"version\":\"5.6.8\",\"homepage\":\"https://github.com/paketo-buildpacks/dist-zip\"},{\"id\":\"paketo-buildpacks/spring-boot\",\"version\":\"5.27.7\",\"homepage\":\"https://github.com/paketo-buildpacks/spring-boot\"}],\"launcher\":{\"version\":\"0.18.2\",\"source\":{\"git\":{\"repository\":\"github.com/buildpacks/lifecycle\",\"commit\":\"bcffe236\"}}},\"processes\":[{\"type\":\"executable-jar\",\"command\":\"java\",\"args\":[\"org.springframework.boot.loader.JarLauncher\"],\"direct\":true,\"buildpackID\":\"paketo-buildpacks/executable-jar\"},{\"type\":\"task\",\"command\":\"java\",\"args\":[\"org.springframework.boot.loader.JarLauncher\"],\"direct\":true,\"buildpackID\":\"paketo-buildpacks/executable-jar\"},{\"type\":\"web\",\"command\":\"java\",\"args\":[\"org.springframework.boot.loader.JarLauncher\"],\"direct\":true,\"buildpackID\":\"paketo-buildpacks/executable-jar\"}],\"buildpack-default-process-type\":\"web\"}","io.buildpacks.lifecycle.metadata":"{\"app\":[{\"sha\":\"sha256:133e60d395c7d463d01cf022d2ee38ec0e3f5ba66b8d82b783ff629d0a767797\"},{\"sha\":\"sha256:ab99df5db2b97d32fa490bf9196b11e367a7f722f7df9f914fbfe4914305e43e\"},{\"sha\":\"sha256:5f70bf18a086007016e948b04aed3b82103a36bea41755b6cddfaf10ace3c6ef\"},{\"sha\":\"sha256:9601c0cdf50d3cdcb8df68196675671043378058586363b28e2811e9452f108c\"},{\"sha\":\"sha256:5f70bf18a086007016e948b04aed3b82103a36bea41755b6cddfaf10ace3c6ef\"}],\"sbom\":{\"sha\":\"sha256:af9b3cbae9e5d0d522cf21a623b6aab3809def76272f44b03d7097108092d7cf\"},\"buildpacks\":[{\"key\":\"paketo-buildpacks/ca-certificates\",\"version\":\"3.6.6\",\"layers\":{\"helper\":{\"sha\":\"sha256:2dd1167e013198a431fa11d85b0c00c2a0c9776b940ba21f444dd75049347d80\",\"data\":{\"buildpackInfo\":{\"clear-env\":false,\"description\":\"A Cloud Native Buildpack that adds custom CA certificates to a build and a created image\",\"homepage\":\"https://github.com/paketo-buildpacks/ca-certificates\",\"id\":\"paketo-buildpacks/ca-certificates\",\"keywords\":[\"ca-certificates\",\"trust\",\"certificates\"],\"licenses\":[{\"type\":\"Apache-2.0\",\"uri\":\"https://github.com/paketo-buildpacks/ca-certificates/blob/main/LICENSE\"}],\"name\":\"Paketo Buildpack for CA Certificates\",\"sbom-formats\":[\"application/vnd.cyclonedx+json\",\"application/vnd.syft+json\"],\"version\":\"3.6.6\"},\"helperNames\":[\"ca-certificates-helper\"]},\"build\":false,\"launch\":true,\"cache\":false}}},{\"key\":\"paketo-buildpacks/bellsoft-liberica\",\"version\":\"10.4.4\",\"layers\":{\"helper\":{\"sha\":\"sha256:bdd8880429afa69df4856d2c5512706e0bfcde7a4b4fa729a15f0e6214c3441f\",\"data\":{\"buildpackInfo\":{\"clear-env\":false,\"description\":\"A Cloud Native Buildpack that provides the Bellsoft Liberica implementations of JREs and JDKs\",\"homepage\":\"https://github.com/paketo-buildpacks/bellsoft-liberica\",\"id\":\"paketo-buildpacks/bellsoft-liberica\",\"keywords\":[\"java\",\"jvm\",\"jre\",\"jdk\"],\"licenses\":[{\"type\":\"Apache-2.0\",\"uri\":\"https://github.com/paketo-buildpacks/bellsoft-liberica/blob/main/LICENSE\"}],\"name\":\"Paketo Buildpack for BellSoft Liberica\",\"sbom-formats\":[\"application/vnd.syft+json\",\"application/vnd.cyclonedx+json\"],\"version\":\"10.4.4\"},\"helperNames\":[\"active-processor-count\",\"java-opts\",\"jvm-heap\",\"link-local-dns\",\"memory-calculator\",\"security-providers-configurer\",\"jmx\",\"jfr\",\"openssl-certificate-loader\",\"security-providers-classpath-9\",\"debug-9\",\"nmt\"]},\"build\":false,\"launch\":true,\"cache\":false},\"java-security-properties\":{\"sha\":\"sha256:bea0a3dc2651cac7c9c567a5cb4e7536107b357cb9113e8806f690f050500012\",\"data\":{\"clear-env\":false,\"description\":\"A Cloud Native Buildpack that provides the Bellsoft Liberica implementations of JREs and JDKs\",\"homepage\":\"https://"
21:06:55.862 [Test worker] DEBUG com.github.dockerjava.zerodep.shaded.org.apache.hc.client5.http.wire - http-outgoing-0 << "github.com/paketo-buildpacks/bellsoft-liberica\",\"id\":\"paketo-buildpacks/bellsoft-liberica\",\"keywords\":[\"java\",\"jvm\",\"jre\",\"jdk\"],\"licenses\":[{\"type\":\"Apache-2.0\",\"uri\":\"https://github.com/paketo-buildpacks/bellsoft-liberica/blob/main/LICENSE\"}],\"name\":\"Paketo Buildpack for BellSoft Liberica\",\"sbom-formats\":[\"application/vnd.syft+json\",\"application/vnd.cyclonedx+json\"],\"version\":\"10.4.4\"},\"build\":false,\"launch\":true,\"cache\":false},\"jre\":{\"sha\":\"sha256:7583a901ea5012e6933a3214b2f46e77b2998ba63057132752e7518b29d80288\",\"data\":{\"cert-file\":\"82f3a63130e0b47915659d619f177c8157c2bbb29dbf0f58ad2721ff84fb1190\",\"dependency\":{\"cpes\":[\"cpe:2.3:a:oracle:jre:17.0.9:*:*:*:*:*:*:*\"],\"deprecation_date\":\"0001-01-01T00:00:00Z\",\"id\":\"jre\",\"licenses\":[{\"type\":\"GPL-2.0 WITH Classpath-exception-2.0\",\"uri\":\"https://openjdk.java.net/legal/gplv2+ce.html\"}],\"name\":\"BellSoft Liberica JRE\",\"purl\":\"pkg:generic/bellsoft-jre@17.0.9?arch=amd64\",\"sha256\":\"8129150fa39f1fdf6fdef6b05cf74ff570dae35bf540d2bdd9bf915532e12d55\",\"stacks\":[\"io.buildpacks.stacks.bionic\",\"io.paketo.stacks.tiny\",\"*\"],\"uri\":\"https://github.com/bell-sw/Liberica/releases/download/17.0.9+11/bellsoft-jre17.0.9+11-linux-amd64.tar.gz\",\"version\":\"17.0.9\"}},\"build\":false,\"launch\":true,\"cache\":false}}},{\"key\":\"paketo-buildpacks/syft\",\"version\":\"1.41.1\",\"layers\":{}},{\"key\":\"paketo-buildpacks/executable-jar\",\"version\":\"6.8.3\",\"layers\":{\"classpath\":{\"sha\":\"sha256:417e5bfc3c82b9373cf6804206e071d2fc74560df867d0f39cb21ac3d15231b6\",\"data\":{\"classpath\":[\"/workspace\"],\"launch\":true},\"build\":true,\"launch\":true,\"cache\":false}}},{\"key\":\"paketo-buildpacks/dist-zip\",\"version\":\"5.6.8\",\"layers\":{}},{\"key\":\"paketo-buildpacks/spring-boot\",\"version\":\"5.27.7\",\"layers\":{\"helper\":{\"sha\":\"sha256:b89d860ce02fd70690525c591e47965d16ac2112d77dec810b31eae40c0f83e5\",\"data\":{\"buildpackInfo\":{\"clear-env\":false,\"description\":\"A Cloud Native Buildpack that contributes Spring Boot dependency information and slices an application into multiple layers\",\"homepage\":\"https://github.com/paketo-buildpacks/spring-boot\",\"id\":\"paketo-buildpacks/spring-boot\",\"keywords\":[\"java\",\"spring\",\"spring-boot\"],\"licenses\":[{\"type\":\"Apache-2.0\",\"uri\":\"https://github.com/paketo-buildpacks/spring-boot/blob/main/LICENSE\"}],\"name\":\"Paketo Buildpack for Spring Boot\",\"sbom-formats\":[\"application/vnd.cyclonedx+json\",\"application/vnd.syft+json\"],\"version\":\"5.27.7\"},\"helperNames\":[\"spring-cloud-bindings\"]},\"build\":false,\"launch\":true,\"cache\":false},\"spring-cloud-bindings\":{\"sha\":\"sha256:585d8b141d7aa07eecde5a1bae075c7898ab5809a215d66f160d3dfd46eaf577\",\"data\":{\"cpes\":[\"cpe:2.3:a:vmware:spring_cloud_bindings:1.13.0:*:*:*:*:*:*:*\"],\"deprecation_date\":\"0001-01-01T00:00:00Z\",\"id\":\"spring-cloud-bindings\",\"licenses\":[{\"type\":\"Apache-2.0\",\"uri\":\"https://github.com/spring-cloud/spring-cloud-bindings/blob/main/LICENSE\"}],\"name\":\"Spring Cloud Bindings\",\"purl\":\"pkg:generic/springframework/spring-cloud-bindings@1.13.0\",\"sha256\":\"70a448cd45d1dbc117770f934961cd9577c0c4404d34986824f8f593cae4aada\",\"stacks\":[\"io.buildpacks.stacks.bionic\",\"io.paketo.stacks.tiny\",\"*\"],\"uri\":\"https://repo1.maven.org/maven2/org/springframework/cloud/spring-cloud-bindings/1.13.0/spring-cloud-bindings-1.13.0.jar\",\"version\":\"1.13.0\"},\"build\":false,\"launch\":true,\"cache\":false},\"web-application-type\":{\"sha\":\"sha256:366ce7d1a7f90f2e4ad08752f87510eee3ffca18736fa63c03823c8c4ebf2925\",\"data\":{\"files\":\"cd3e6d909b0fa7762a9ecd132e1d0ea165d0c7346a0973fc3bd55cd465144a10\"},\"build\":false,\"launch\":true,\"cache\":false}}}],\"config\":{\"sha\":\"sha256:b5942915a213f89787970eeef24a1493e92db27aa079fef5aff34a513f60d8a5\"},\"launcher\":{\"sha\":\"sha256:9b01e3d17226cb926d56787ba05c9ce5d6a3495d352e7d960be6e5657fb88f58\"},\"process-types\":{\"sha\":\"sha256:1dc94a70dbaa2171fb086500a5d27797f779219b126b0a1eebb9180c2792e80e\"},\"runImage\":{\"topLayer\":\"sha256:bdca9ff99e18151e890f916e05bb2a08b9519cec1802eae2b67087fbdcfec0f7\",\"reference\":\"a9420c939c6e54f715b8c542f7a01038914fdffe0d399072c9d98d535ba6815c\"},\"stack\":{\"runImage\":{\"image\":\"index.docker.io/paketobuildpacks/run-jammy-base:latest\"}}}","io.buildpacks.project.metadata":"{}","io.buildpacks.stack.description":"ubuntu:jammy with some common dependencies like tzdata and openssl","io.buildpacks.stack.distro.name":"ubuntu","io.buildpacks.stack.distro.version":"22.04","io.buildpacks.stack.homepage":"https://github.com/paketo-buildpacks/jammy-base-stack","io.buildpacks.stack.id":"io.buildpacks.stacks.jammy","io.buildpacks.stack.maintainer":"Paketo Buildpacks","io.buildpacks.stack.metadata":"{}","io.buildpacks.stack.released":"2023-12-11T14:36:54Z","org.opencontainers.image.ref.name":"ubuntu","org.opencontainers.image.version":"22.04","org.springframework.boot.version":"2.7.18"},"ParentId":"","RepoDigests":["<none>@<none>"],"RepoTags":["<none>:<none>"],"SharedSize":-1,"Size":348630644,"VirtualSize":348630644},{"Containers":-1,"Created":315532801,"Id":"sha256:96c08ff98344d60ca3b85f0dd5c59caec97d278cce87dd70a61e3bc984500f85","Labels":{"io.buildpacks.build.metadata":"{\"buildpacks\":[{\"id\":\"paketo-buildpacks/ca-certificates\",\"version\":\"3.6.6\",\"homepage\":\"https://github.com/paketo-buildpacks/ca-certificates\"},{\"id\":\"paketo-buildpacks/bellsoft-liberica\",\"version\":\"10.4.4\",\"homepage\":\"https://github.com/paketo-buildpacks/bellsoft-liberica\"},{\"id\":\"paketo-buildpacks/syft\",\"version\":\"1.41.1\",\"homepage\":\"https://github.com/paketo-buildpacks/syft\"},{\"id\":\"paketo-buildpacks/executable-jar\",\"version\":\"6.8.3\",\"homepage\":\"https://github.com/paketo-buildpacks/executable-jar\"},{\"id\":\"paketo-buildpacks/dist-zip\",\"version\":\"5.6.8\",\"homepage\":\"https://github.com/paketo-buildpacks/dist-zip\"},{\"id\":\"paketo-buildpacks/spring-boot\",\"version\":\"5.27.7\",\"homepage\":\"https://github.com/paketo-buildpacks/spring-boot\"}],\"launcher\":{\"version\":\"0.18.2\",\"source\":{\"git\":{\"repository\":\"github.com/buildpacks/lifecycle\",\"commit\":\"bcffe236\"}}},\"processes\":[{\"type\":\"executable-jar\",\"command\":\"java\",\"args\":[\"org.springframework.boot.loader.JarLauncher\"],\"direct\":true,\"buildpackID\":\"paketo-buildpacks/executable-jar\"},{\"type\":\"task\",\"command\":\"java\",\"args\":[\"org.springframework.boot.loader.JarLauncher\"],\"direct\":true,\"buildpackID\":\"paketo-buildpacks/executable-jar\"},{\"type\":\"web\",\"command\":\"java\",\"args\":[\"org.springframework.boot.loader.JarLauncher\"],\"direct\":true,\"buildpackID\":\"paketo-buildpacks/executable-jar\"}],\"buildpack-default-process-type\":\"web\"}","io.buildpacks.lifecycle.metadata":"{\"app\":[{\"sha\":\"sha256:31252726c749a70a0bc2369356b079a4a3c411a4740441084465bbd585dd7dfa\"},{\"sha\":\"sha256:ab99df5db2b97d32fa490bf9196b11e367a7f722f7df9f914fbfe4914305e43e\"},{\"sha\":\"sha256:5f70bf18a086007016e948b04aed3b82103a36bea41755b6cddfaf10ace3c6ef\"},{\"sha\":\"sha256:1c9a8cab53db4c5c25d1c86c229e7dd69f3257f7a6611899b8dce57ec0d5022f\"},{\"sha\":\"sha256:5f70bf18a086007016e948b04aed3b82103a36bea41755b6cddfaf10ace3c6ef\"}],\"sbom\":{\"sha\":\"sha256:e96dcf1a2c768d3ad31cacb4c1ceaf7591419ccc13d450ffb8ec53f6fb65afb3\"},\"buildpacks\":[{\"key\":\"paketo-buildpacks/ca-certificates\",\"version\":\"3.6.6\",\"layers\":{\"helper\":{\"sha\":\"sha256:2dd1167e013198a431fa11d85b0c00c2a0c9776b940ba21f444dd75049347d80\",\"data\":{\"buildpackInfo\":{\"clear-env\":false,\"description\":\"A Cloud Native Buildpack that adds custom CA certificates to a build and a created image\",\"homepage\":\"https://github.com/paketo-buildpacks/ca-certificates\",\"id\":\"paketo-buildpacks/ca-certificates\",\"keywords\":[\"ca-certificates\",\"trust\",\"certificates\"],\"licenses\":[{\"type\":\"Apache-2.0\","
21:06:55.862 [Test worker] DEBUG com.github.dockerjava.zerodep.shaded.org.apache.hc.client5.http.wire - http-outgoing-0 << "\"uri\":\"https://github.com/paketo-buildpacks/ca-certificates/blob/main/LICENSE\"}],\"name\":\"Paketo Buildpack for CA Certificates\",\"sbom-formats\":[\"application/vnd.cyclonedx+json\",\"application/vnd.syft+json\"],\"version\":\"3.6.6\"},\"helperNames\":[\"ca-certificates-helper\"]},\"build\":false,\"launch\":true,\"cache\":false}}},{\"key\":\"paketo-buildpacks/bellsoft-liberica\",\"version\":\"10.4.4\",\"layers\":{\"helper\":{\"sha\":\"sha256:bdd8880429afa69df4856d2c5512706e0bfcde7a4b4fa729a15f0e6214c3441f\",\"data\":{\"buildpackInfo\":{\"clear-env\":false,\"description\":\"A Cloud Native Buildpack that provides the Bellsoft Liberica implementations of JREs and JDKs\",\"homepage\":\"https://github.com/paketo-buildpacks/bellsoft-liberica\",\"id\":\"paketo-buildpacks/bellsoft-liberica\",\"keywords\":[\"java\",\"jvm\",\"jre\",\"jdk\"],\"licenses\":[{\"type\":\"Apache-2.0\",\"uri\":\"https://github.com/paketo-buildpacks/bellsoft-liberica/blob/main/LICENSE\"}],\"name\":\"Paketo Buildpack for BellSoft Liberica\",\"sbom-formats\":[\"application/vnd.syft+json\",\"application/vnd.cyclonedx+json\"],\"version\":\"10.4.4\"},\"helperNames\":[\"active-processor-count\",\"java-opts\",\"jvm-heap\",\"link-local-dns\",\"memory-calculator\",\"security-providers-configurer\",\"jmx\",\"jfr\",\"openssl-certificate-loader\",\"security-providers-classpath-9\",\"debug-9\",\"nmt\"]},\"build\":false,\"launch\":true,\"cache\":false},\"java-security-properties\":{\"sha\":\"sha256:bea0a3dc2651cac7c9c567a5cb4e7536107b357cb9113e8806f690f050500012\",\"data\":{\"clear-env\":false,\"description\":\"A Cloud Native Buildpack that provides the Bellsoft Liberica implementations of JREs and JDKs\",\"homepage\":\"https://github.com/paketo-buildpacks/bellsoft-liberica\",\"id\":\"paketo-buildpacks/bellsoft-liberica\",\"keywords\":[\"java\",\"jvm\",\"jre\",\"jdk\"],\"licenses\":[{\"type\":\"Apache-2.0\",\"uri\":\"https://github.com/paketo-buildpacks/bellsoft-liberica/blob/main/LICENSE\"}],\"name\":\"Paketo Buildpack for BellSoft Liberica\",\"sbom-formats\":[\"application/vnd.syft+json\",\"application/vnd.cyclonedx+json\"],\"version\":\"10.4.4\"},\"build\":false,\"launch\":true,\"cache\":false},\"jre\":{\"sha\":\"sha256:7583a901ea5012e6933a3214b2f46e77b2998ba63057132752e7518b29d80288\",\"data\":{\"cert-file\":\"82f3a63130e0b47915659d619f177c8157c2bbb29dbf0f58ad2721ff84fb1190\",\"dependency\":{\"cpes\":[\"cpe:2.3:a:oracle:jre:17.0.9:*:*:*:*:*:*:*\"],\"deprecation_date\":\"0001-01-01T00:00:00Z\",\"id\":\"jre\",\"licenses\":[{\"type\":\"GPL-2.0 WITH Classpath-exception-2.0\",\"uri\":\"https://openjdk.java.net/legal/gplv2+ce.html\"}],\"name\":\"BellSoft Liberica JRE\",\"purl\":\"pkg:generic/bellsoft-jre@17.0.9?arch=amd64\",\"sha256\":\"8129150fa39f1fdf6fdef6b05cf74ff570dae35bf540d2bdd9bf915532e12d55\",\"stacks\":[\"io.buildpacks.stacks.bionic\",\"io.paketo.stacks.tiny\",\"*\"],\"uri\":\"https://github.com/bell-sw/Liberica/releases/download/17.0.9+11/bellsoft-jre17.0.9+11-linux-amd64.tar.gz\",\"version\":\"17.0.9\"}},\"build\":false,\"launch\":true,\"cache\":false}}},{\"key\":\"paketo-buildpacks/syft\",\"version\":\"1.41.1\",\"layers\":{}},{\"key\":\"paketo-buildpacks/executable-jar\",\"version\":\"6.8.3\",\"layers\":{\"classpath\":{\"sha\":\"sha256:417e5bfc3c82b9373cf6804206e071d2fc74560df867d0f39cb21ac3d15231b6\",\"data\":{\"classpath\":[\"/workspace\"],\"launch\":true},\"build\":true,\"launch\":true,\"cache\":false}}},{\"key\":\"paketo-buildpacks/dist-zip\",\"version\":\"5.6.8\",\"layers\":{}},{\"key\":\"paketo-buildpacks/spring-boot\",\"version\":\"5.27.7\",\"layers\":{\"helper\":{\"sha\":\"sha256:b89d860ce02fd70690525c591e47965d16ac2112d77dec810b31eae40c0f83e5\",\"data\":{\"buildpackInfo\":{\"clear-env\":false,\"description\":\"A Cloud Native Buildpack that contributes Spring Boot dependency information and slices an application into multiple layers\",\"homepage\":\"https://github.com/paketo-buildpacks/spring-boot\",\"id\":\"paketo-buildpacks/spring-boot\",\"keywords\":[\"java\",\"spring\",\"spring-boot\"],\"licenses\":[{\"type\":\"Apache-2.0\",\"uri\":\"https://github.com/paketo-buildpacks/spring-boot/blob/main/LICENSE\"}],\"name\":\"Paketo Buildpack for Spring Boot\",\"sbom-formats\":[\"application/vnd.cyclonedx+json\",\"application/vnd.syft+json\"],\"version\":\"5.27.7\"},\"helperNames\":[\"spring-cloud-bindings\"]},\"build\":false,\"launch\":true,\"cache\":false},\"spring-cloud-bindings\":{\"sha\":\"sha256:585d8b141d7aa07eecde5a1bae075c7898ab5809a215d66f160d3dfd46eaf577\",\"data\":{\"cpes\":[\"cpe:2.3:a:vmware:spring_cloud_bindings:1.13.0:*:*:*:*:*:*:*\"],\"deprecation_date\":\"0001-01-01T00:00:00Z\",\"id\":\"spring-cloud-bindings\",\"licenses\":[{\"type\":\"Apache-2.0\",\"uri\":\"https://github.com/spring-cloud/spring-cloud-bindings/blob/main/LICENSE\"}],\"name\":\"Spring Cloud Bindings\",\"purl\":\"pkg:generic/springframework/spring-cloud-bindings@1.13.0\",\"sha256\":\"70a448cd45d1dbc117770f934961cd9577c0c4404d34986824f8f593cae4aada\",\"stacks\":[\"io.buildpacks.stacks.bionic\",\"io.paketo.stacks.tiny\",\"*\"],\"uri\":\"https://repo1.maven.org/maven2/org/springframework/cloud/spring-cloud-bindings/1.13.0/spring-cloud-bindings-1.13.0.jar\",\"version\":\"1.13.0\"},\"build\":false,\"launch\":true,\"cache\":false},\"web-application-type\":{\"sha\":\"sha256:366ce7d1a7f90f2e4ad08752f87510eee3ffca18736fa63c03823c8c4ebf2925\",\"data\":{\"files\":\"ff41b9fe8d541c47ff243798488441b99752e5301163312aa4e4fe8abc3112d2\"},\"build\":false,\"launch\":true,\"cache\":false}}}],\"config\":{\"sha\":\"sha256:b5942915a213f89787970eeef24a1493e92db27aa079fef5aff34a513f60d8a5\"},\"launcher\":{\"sha\":\"sha256:9b01e3d17226cb926d56787ba05c9ce5d6a3495d352e7d960be6e5657fb88f58\"},\"process-types\":{\"sha\":\"sha256:1dc94a70dbaa2171fb086500a5d27797f779219b126b0a1eebb9180c2792e80e\"},\"runImage\":{\"topLayer\":\"sha256:a102bf278b817d0ae92fc8401eac1e011a711426a6cad6a340de7b1dbee92277\",\"reference\":\"4b659a375ff6f363ddd021bb1b9f65348278cf200ee3eed821ae5d790ced5bcd\"},\"stack\":{\"runImage\":{\"image\":\"index.docker.io/paketobuildpacks/run-jammy-base:latest\"}}}","io.buildpacks.project.metadata":"{}","io.buildpacks.stack.description":"ubuntu:jammy with some common dependencies like tzdata and openssl","io.buildpacks.stack.distro.name":"ubuntu","io.buildpacks.stack.distro.version":"22.04","io.buildpacks.stack.homepage":"https://github.com/paketo-buildpacks/jammy-base-stack","io.buildpacks.stack.id":"io.buildpacks.stacks.jammy","io.buildpacks.stack.maintainer":"Paketo Buildpacks","io.buildpacks.stack.metadata":"{}","io.buildpacks.stack.released":"2023-12-08T02:41:34Z","org.opencontainers.image.ref.name":"ubuntu","org.opencontainers.image.version":"22.04","org.springframework.boot.version":"2.7.18"},"ParentId":"","RepoDigests":["<none>@<none>"],"RepoTags":["<none>:<none>"],"SharedSize":-1,"Size":330759811,"VirtualSize":330759811},{"Containers":-1,"Created":315532801,"Id":"sha256:ded3a0aedaaf553ea06eb876170245327c226d9d414e6b012b4b7a2ea7ef1af2","Labels":{"io.buildpacks.builder.metadata":"{\"description\":\"Ubuntu 22.04 Jammy Jellyfish base image with buildpacks for Java, Go, .NET Core, Node.js, Python, Apache HTTPD, NGINX and Procfile\",\"buildpacks\":[{\"id\":\"paketo-buildpacks/dotnet-core\",\"name\":\"Paketo Buildpack for .NET Core\",\"version\":\"0.42.1\",\"homepage\":\"https://github.com/paketo-buildpacks/dotnet-core\"},{\"id\":\"paketo-buildpacks/ca-certificates\",\"name\":\"Paketo Buildpack for CA Certificates\",\"version\":\"3.6.6\",\"homepage\":\"https://github.com/paketo-buildpacks/ca-certificates\"},{\"id\":\"paketo-buildpacks/dotnet-core-aspnet-runtime\",\"name\":\"Paketo Buildpack for ASP.NET Core Runtime\",\"version\":\"0.4.1\",\"homepage\":\"https://github.com/paketo-buildpacks/dotnet-core-aspnet-runtime\"},{\"id\":\"paketo-buildpacks/dotnet-core-sdk\",\"name\":\"Paketo Buildpack for .NET Core SDK\",\"version\":\"0.14.1\",\"homepage\":\"https://github.com/paketo-buildpacks/dotnet-core-sdk\"},{\"id\":\"p"
21:06:55.862 [Test worker] DEBUG com.github.dockerjava.zerodep.shaded.org.apache.hc.client5.http.wire - http-outgoing-0 << "aketo-buildpacks/dotnet-execute\",\"name\":\"Paketo Buildpack for .NET Execute\",\"version\":\"0.14.24\",\"homepage\":\"https://github.com/paketo-buildpacks/dotnet-execute\"},{\"id\":\"paketo-buildpacks/dotnet-publish\",\"name\":\"Paketo Buildpack for .NET Publish\",\"version\":\"0.12.23\",\"homepage\":\"https://github.com/paketo-buildpacks/dotnet-publish\"},{\"id\":\"paketo-buildpacks/environment-variables\",\"name\":\"Paketo Buildpack for Environment Variables\",\"version\":\"4.5.6\",\"homepage\":\"https://github.com/paketo-buildpacks/environment-variables\"},{\"id\":\"pake"
21:06:55.862 [Test worker] DEBUG com.github.dockerjava.zerodep.shaded.org.apache.hc.client5.http.wire - http-outgoing-0 << "[\r][\n]"
21:06:55.863 [Test worker] DEBUG com.github.dockerjava.zerodep.shaded.org.apache.hc.client5.http.wire - http-outgoing-0 << "8000[\r][\n]"
21:06:55.863 [Test worker] DEBUG com.github.dockerjava.zerodep.shaded.org.apache.hc.client5.http.wire - http-outgoing-0 << "to-buildpacks/icu\",\"name\":\"Paketo Buildpack for ICU\",\"version\":\"0.7.1\",\"homepage\":\"https://github.com/paketo-buildpacks/icu\"},{\"id\":\"paketo-buildpacks/image-labels\",\"name\":\"Paketo Buildpack for Image Labels\",\"version\":\"4.5.5\",\"homepage\":\"https://github.com/paketo-buildpacks/image-labels\"},{\"id\":\"paketo-buildpacks/node-engine\",\"name\":\"Paketo Buildpack for Node Engine\",\"version\":\"3.0.1\",\"homepage\":\"https://github.com/paketo-buildpacks/node-engine\"},{\"id\":\"paketo-buildpacks/procfile\",\"name\":\"Paketo Buildpack for Procfile\",\"version\":\"5.6.7\",\"homepage\":\"https://github.com/paketo-buildpacks/procfile\"},{\"id\":\"paketo-buildpacks/vsdbg\",\"name\":\"Paketo Buildpack for Visual Studio Debugger\",\"version\":\"0.3.5\"},{\"id\":\"paketo-buildpacks/watchexec\",\"name\":\"Paketo Buildpack for Watchexec\",\"version\":\"2.8.6\",\"homepage\":\"https://github.com/paketo-buildpacks/watchexec\"},{\"id\":\"paketo-buildpacks/go\",\"name\":\"Paketo Buildpack for Go\",\"version\":\"4.6.1\",\"homepage\":\"https://github.com/paketo-buildpacks/go\"},{\"id\":\"paketo-buildpacks/ca-certificates\",\"name\":\"Paketo Buildpack for CA Certificates\",\"version\":\"3.6.6\",\"homepage\":\"https://github.com/paketo-buildpacks/ca-certificates\"},{\"id\":\"paketo-buildpacks/environment-variables\",\"name\":\"Paketo Buildpack for Environment Variables\",\"version\":\"4.5.6\",\"homepage\":\"https://github.com/paketo-buildpacks/environment-variables\"},{\"id\":\"paketo-buildpacks/git\",\"name\":\"Paketo Buildpack for Git\",\"version\":\"1.0.7\",\"homepage\":\"https://github.com/paketo-buildpacks/git\"},{\"id\":\"paketo-buildpacks/go-build\",\"name\":\"Paketo Buildpack for Go Build\",\"version\":\"2.1.1\",\"homepage\":\"https://github.com/paketo-buildpacks/go-build\"},{\"id\":\"paketo-buildpacks/go-dist\",\"name\":\"Paketo Buildpack for Go Distribution\",\"version\":\"2.4.3\",\"homepage\":\"https://github.com/paketo-buildpacks/go-dist\"},{\"id\":\"paketo-buildpacks/go-mod-vendor\",\"name\":\"Paketo Buildpack for Go Mod Vendor\",\"version\":\"1.0.26\",\"homepage\":\"https://github.com/paketo-buildpacks/go-mod-vendor\"},{\"id\":\"paketo-buildpacks/image-labels\",\"name\":\"Paketo Buildpack for Image Labels\",\"version\":\"4.5.5\",\"homepage\":\"https://github.com/paketo-buildpacks/image-labels\"},{\"id\":\"paketo-buildpacks/procfile\",\"name\":\"Paketo Buildpack for Procfile\",\"version\":\"5.6.7\",\"homepage\":\"https://github.com/paketo-buildpacks/procfile\"},{\"id\":\"paketo-buildpacks/watchexec\",\"name\":\"Paketo Buildpack for Watchexec\",\"version\":\"2.8.6\",\"homepage\":\"https://github.com/paketo-buildpacks/watchexec\"},{\"id\":\"paketo-buildpacks/java-native-image\",\"name\":\"Paketo Buildpack for Java Native Image\",\"version\":\"8.24.0\",\"homepage\":\"https://paketo.io/docs/howto/java/#build-an-app-as-a-graalvm-native-image-application\"},{\"id\":\"paketo-buildpacks/bellsoft-liberica\",\"name\":\"Paketo Buildpack for BellSoft Liberica\",\"version\":\"10.4.4\",\"homepage\":\"https://github.com/paketo-buildpacks/bellsoft-liberica\"},{\"id\":\"paketo-buildpacks/ca-certificates\",\"name\":\"Paketo Buildpack for CA Certificates\",\"version\":\"3.6.6\",\"homepage\":\"https://github.com/paketo-buildpacks/ca-certificates\"},{\"id\":\"paketo-buildpacks/datadog\",\"name\":\"Paketo Buildpack for Datadog\",\"version\":\"4.6.0\",\"homepage\":\"https://github.com/paketo-buildpacks/datadog\"},{\"id\":\"paketo-buildpacks/environment-variables\",\"name\":\"Paketo Buildpack for Environment Variables\",\"version\":\"4.5.6\",\"homepage\":\"https://github.com/paketo-buildpacks/environment-variables\"},{\"id\":\"paketo-buildpacks/executable-jar\",\"name\":\"Paketo Buildpack for Executable JAR\",\"version\":\"6.8.3\",\"homepage\":\"https://github.com/paketo-buildpacks/executable-jar\"},{\"id\":\"paketo-buildpacks/gradle\",\"name\":\"Paketo Buildpack for Gradle\",\"version\":\"7.7.1\",\"homepage\":\"https://github.com/paketo-buildpacks/gradle\"},{\"id\":\"paketo-buildpacks/image-labels\",\"name\":\"Paketo Buildpack for Image Labels\",\"version\":\"4.5.5\",\"homepage\":\"https://github.com/paketo-buildpacks/image-labels\"},{\"id\":\"paketo-buildpacks/leiningen\",\"name\":\"Paketo Buildpack for Leiningen\",\"version\":\"4.6.9\",\"homepage\":\"https://github.com/paketo-buildpacks/leiningen\"},{\"id\":\"paketo-buildpacks/maven\",\"name\":\"Paketo Buildpack for Maven\",\"version\":\"6.15.12\",\"homepage\":\"https://github.com/paketo-buildpacks/maven\"},{\"id\":\"paketo-buildpacks/native-image\",\"name\":\"Paketo Buildpack for Native Image\",\"version\":\"5.12.7\",\"homepage\":\"https://github.com/paketo-buildpacks/native-image\"},{\"id\":\"paketo-buildpacks/procfile\",\"name\":\"Paketo Buildpack for Procfile\",\"version\":\"5.6.7\",\"homepage\":\"https://github.com/paketo-buildpacks/procfile\"},{\"id\":\"paketo-buildpacks/sbt\",\"name\":\"Paketo Buildpack for SBT\",\"version\":\"6.12.10\",\"homepage\":\"https://github.com/paketo-buildpacks/sbt\"},{\"id\":\"paketo-buildpacks/spring-boot\",\"name\":\"Paketo Buildpack for Spring Boot\",\"version\":\"5.27.7\",\"homepage\":\"https://github.com/paketo-buildpacks/spring-boot\"},{\"id\":\"paketo-buildpacks/syft\",\"name\":\"Paketo Buildpack for Syft\",\"version\":\"1.41.1\",\"homepage\":\"https://github.com/paketo-buildpacks/syft\"},{\"id\":\"paketo-buildpacks/upx\",\"name\":\"Paketo Buildpack for UPX\",\"version\":\"3.4.6\",\"homepage\":\"https://github.com/paketo-buildpacks/upx\"},{\"id\":\"paketo-buildpacks/java\",\"name\":\"Paketo Buildpack for Java\",\"version\":\"10.5.0\",\"homepage\":\"https://paketo.io/docs/howto/java\"},{\"id\":\"paketo-buildpacks/apache-tomcat\",\"name\":\"Paketo Buildpack for Apache Tomcat\",\"version\":\"7.14.1\",\"homepage\":\"https://github.com/paketo-buildpacks/apache-tomcat\"},{\"id\":\"paketo-buildpacks/apache-tomee\",\"name\":\"Paketo Buildpack for Apache Tomee\",\"version\":\"1.7.9\",\"homepage\":\"https://github.com/paketo-buildpacks/apache-tomee\"},{\"id\":\"paketo-buildpacks/azure-application-insights\",\"name\":\"Paketo Buildpack for Azure Application Insights\",\"version\":\"5.17.2\",\"homepage\":\"https://github.com/paketo-buildpacks/azure-application-insights\"},{\"id\":\"paketo-buildpacks/bellsoft-liberica\",\"name\":\"Paketo Buildpack for BellSoft Liberica\",\"version\":\"10.4.4\",\"homepage\":\"https://github.com/paketo-buildpacks/bellsoft-liberica\"},{\"id\":\"paketo-buildpacks/ca-certificates\",\"name\":\"Paketo Buildpack for CA Certificates\",\"version\":\"3.6.6\",\"homepage\":\"https://github.com/paketo-buildpacks/ca-certificates\"},{\"id\":\"paketo-buildpacks/clojure-tools\",\"name\":\"Paketo Buildpack for Clojure Tools\",\"version\":\"2.8.13\",\"homepage\":\"https://github.com/paketo-buildpacks/clojure-tools\"},{\"id\":\"paketo-buildpacks/datadog\",\"name\":\"Paketo Buildpack for Datadog\",\"version\":\"4.6.0\",\"homepage\":\"https://github.com/paketo-buildpacks/datadog\"},{\"id\":\"paketo-buildpacks/dist-zip\",\"name\":\"Paketo Buildpack for DistZip\",\"version\":\"5.6.8\",\"homepage\":\"https://github.com/paketo-buildpacks/dist-zip\"},{\"id\":\"paketo-buildpacks/encrypt-at-rest\",\"name\":\"Paketo Buildpack for Encrypt-at-Rest\",\"version\":\"4.5.12\",\"homepage\":\"https://github.com/paketo-buildpacks/encrypt-at-rest\"},{\"id\":\"paketo-buildpacks/environment-variables\",\"name\":\"Paketo Buildpack for Environment Variables\",\"version\":\"4.5.6\",\"homepage\":\"https://github.com/paketo-buildpacks/environment-variables\"},{\"id\":\"paketo-buildpacks/executable-jar\",\"name\":\"Paketo Buildpack for Executable JAR\",\"version\":\"6.8.3\",\"homepage\":\"https://github.com/paketo-buildpacks/executable-jar\"},{\"id\":\"paketo-buildpacks/google-stackdriver\",\"name\":\"Paketo Buildpack for Google Stackdriver\",\"version\":\"8.0.4\",\"homepage\":\"https://github.com/paketo-buildpacks/google-stackdriver\"},{\"id\":\"paketo-buildpacks/gradle\",\"name\":\"Paketo Buildpack for Gradle\",\"version\":\"7.7.1\",\"homepage\":\"https://github.com/paketo-buildpacks/gradle\"},{\"id\":\"paketo-buildpacks/image-labels\",\"name\":\"Paketo Buildpack for I"
21:06:55.870 [Test worker] DEBUG com.github.dockerjava.zerodep.shaded.org.apache.hc.client5.http.wire - http-outgoing-0 << "mage Labels\",\"version\":\"4.5.5\",\"homepage\":\"https://github.com/paketo-buildpacks/image-labels\"},{\"id\":\"paketo-buildpacks/jattach\",\"name\":\"Paketo Buildpack for JAttach\",\"version\":\"1.4.9\",\"homepage\":\"https://github.com/paketo-buildpacks/jattach\"},{\"id\":\"paketo-buildpacks/java-memory-assistant\",\"name\":\"Paketo Buildpack for Java Memory Assistant\",\"version\":\"1.4.9\",\"homepage\":\"https://github.com/paketo-buildpacks/java-memory-assistant\"},{\"id\":\"paketo-buildpacks/leiningen\",\"name\":\"Paketo Buildpack for Leiningen\",\"version\":\"4.6.9\",\"homepage\":\"https://github.com/paketo-buildpacks/leiningen\"},{\"id\":\"paketo-buildpacks/liberty\",\"name\":\"Paketo Buildpack for Liberty\",\"version\":\"3.8.11\",\"homepage\":\"https://github.com/paketo-buildpacks/liberty\"},{\"id\":\"paketo-buildpacks/maven\",\"name\":\"Paketo Buildpack for Maven\",\"version\":\"6.15.12\",\"homepage\":\"https://github.com/paketo-buildpacks/maven\"},{\"id\":\"paketo-buildpacks/node-engine\",\"name\":\"Paketo Buildpack for Node Engine\",\"version\":\"3.0.1\",\"homepage\":\"https://github.com/paketo-buildpacks/node-engine\"},{\"id\":\"paketo-buildpacks/procfile\",\"name\":\"Paketo Buildpack for Procfile\",\"version\":\"5.6.7\",\"homepage\":\"https://github.com/paketo-buildpacks/procfile\"},{\"id\":\"paketo-buildpacks/sbt\",\"name\":\"Paketo Buildpack for SBT\",\"version\":\"6.12.10\",\"homepage\":\"https://github.com/paketo-buildpacks/sbt\"},{\"id\":\"paketo-buildpacks/spring-boot\",\"name\":\"Paketo Buildpack for Spring Boot\",\"version\":\"5.27.7\",\"homepage\":\"https://github.com/paketo-buildpacks/spring-boot\"},{\"id\":\"paketo-buildpacks/syft\",\"name\":\"Paketo Buildpack for Syft\",\"version\":\"1.41.1\",\"homepage\":\"https://github.com/paketo-buildpacks/syft\"},{\"id\":\"paketo-buildpacks/watchexec\",\"name\":\"Paketo Buildpack for Watchexec\",\"version\":\"2.8.6\",\"homepage\":\"https://github.com/paketo-buildpacks/watchexec\"},{\"id\":\"paketo-buildpacks/yarn\",\"name\":\"Paketo Buildpack for Yarn\",\"version\":\"1.2.0\",\"homepage\":\"https://github.com/paketo-buildpacks/yarn\"},{\"id\":\"paketo-buildpacks/nodejs\",\"name\":\"Paketo Buildpack for Node.js\",\"version\":\"2.0.0\",\"homepage\":\"https://github.com/paketo-buildpacks/nodejs\"},{\"id\":\"paketo-buildpacks/ca-certificates\",\"name\":\"Paketo Buildpack for CA Certificates\",\"version\":\"3.6.6\",\"homepage\":\"https://github.com/paketo-buildpacks/ca-certificates\"},{\"id\":\"paketo-buildpacks/datadog\",\"name\":\"Paketo Buildpack for Datadog\",\"version\":\"3.6.0\",\"homepage\":\"https://github.com/paketo-buildpacks/datadog\"},{\"id\":\"paketo-buildpacks/environment-variables\",\"name\":\"Paketo Buildpack for Environment Variables\",\"version\":\"4.5.6\",\"homepage\":\"https://github.com/paketo-buildpacks/environment-variables\"},{\"id\":\"paketo-buildpacks/image-labels\",\"name\":\"Paketo Buildpack for Image Labels\",\"version\":\"4.5.5\",\"homepage\":\"https://github.com/paketo-buildpacks/image-labels\"},{\"id\":\"paketo-buildpacks/node-engine\",\"name\":\"Paketo Buildpack for Node Engine\",\"version\":\"3.0.1\",\"homepage\":\"https://github.com/paketo-buildpacks/node-engine\"},{\"id\":\"paketo-buildpacks/node-run-script\",\"name\":\"Paketo Buildpack for Node Run Script\",\"version\":\"1.0.14\",\"homepage\":\"https://github.com/paketo-buildpacks/node-run-script\"},{\"id\":\"paketo-buildpacks/node-start\",\"name\":\"Paketo Buildpack for Node Start\",\"version\":\"1.1.3\",\"homepage\":\"https://github.com/paketo-buildpacks/node-start\"},{\"id\":\"paketo-buildpacks/npm-install\",\"name\":\"Paketo Buildpack for NPM Install\",\"version\":\"1.3.1\",\"homepage\":\"https://github.com/paketo-buildpacks/npm-install\"},{\"id\":\"paketo-buildpacks/npm-start\",\"name\":\"Paketo Buildpack for NPM Start\",\"version\":\"1.0.15\",\"homepage\":\"https://github.com/paketo-buildpacks/npm-start\"},{\"id\":\"paketo-buildpacks/procfile\",\"name\":\"Paketo Buildpack for Procfile\",\"version\":\"5.6.7\",\"homepage\":\"https://github.com/paketo-buildpacks/procfile\"},{\"id\":\"paketo-buildpacks/watchexec\",\"name\":\"Paketo Buildpack for Watchexec\",\"version\":\"2.8.6\",\"homepage\":\"https://github.com/paketo-buildpacks/watchexec\"},{\"id\":\"paketo-buildpacks/yarn\",\"name\":\"Paketo Buildpack for Yarn\",\"version\":\"1.2.0\",\"homepage\":\"https://github.com/paketo-buildpacks/yarn\"},{\"id\":\"paketo-buildpacks/yarn-install\",\"name\":\"Paketo Buildpack for Yarn Install\",\"version\":\"1.2.2\",\"homepage\":\"https://github.com/paketo-buildpacks/yarn-install\"},{\"id\":\"paketo-buildpacks/yarn-start\",\"name\":\"Paketo Buildpack for Yarn Start\",\"version\":\"1.1.3\",\"homepage\":\"https://github.com/paketo-buildpacks/yarn-start\"},{\"id\":\"paketo-buildpacks/procfile\",\"name\":\"Paketo Buildpack for Procfile\",\"version\":\"5.6.7\",\"homepage\":\"https://github.com/paketo-buildpacks/procfile\"},{\"id\":\"paketo-buildpacks/python\",\"name\":\"Paketo Buildpack for Python\",\"version\":\"2.14.0\"},{\"id\":\"paketo-buildpacks/ca-certificates\",\"name\":\"Paketo Buildpack for CA Certificates\",\"version\":\"3.6.3\",\"homepage\":\"https://github.com/paketo-buildpacks/ca-certificates\"},{\"id\":\"paketo-buildpacks/conda-env-update\",\"name\":\"Paketo Buildpack for Conda Env Update\",\"version\":\"0.7.12\",\"homepage\":\"https://github.com/paketo-buildpacks/conda-env-update\"},{\"id\":\"paketo-buildpacks/cpython\",\"name\":\"Paketo Buildpack for CPython\",\"version\":\"1.9.0\"},{\"id\":\"paketo-buildpacks/environment-variables\",\"name\":\"Paketo Buildpack for Environment Variables\",\"version\":\"4.5.3\",\"homepage\":\"https://github.com/paketo-buildpacks/environment-variables\"},{\"id\":\"paketo-buildpacks/image-labels\",\"name\":\"Paketo Buildpack for Image Labels\",\"version\":\"4.5.2\",\"homepage\":\"https://github.com/paketo-buildpacks/image-labels\"},{\"id\":\"paketo-buildpacks/miniconda\",\"name\":\"Paketo Buildpack for Miniconda\",\"version\":\"0.8.5\"},{\"id\":\"paketo-buildpacks/pip\",\"name\":\"Paketo Buildpack for Pip\",\"version\":\"0.18.0\"},{\"id\":\"paketo-buildpacks/pip-install\",\"name\":\"Paketo Buildpack for Pip Install\",\"version\":\"0.6.0\"},{\"id\":\"paketo-buildpacks/pipenv\",\"name\":\"Paketo Buildpack for Pipenv\",\"version\":\"1.19.0\"},{\"id\":\"paketo-buildpacks/pipenv-install\",\"name\":\"Paketo Buildpack for Pipenv Install\",\"version\":\"0.6.18\"},{\"id\":\"paketo-buildpacks/poetry\",\"name\":\"Paketo Buildpack for Poetry\",\"version\":\"0.6.5\"},{\"id\":\"paketo-buildpacks/poetry-install\",\"name\":\"Paketo Buildpack for Poetry Install\",\"version\":\"0.3.17\"},{\"id\":\"paketo-buildpacks/poetry-run\",\"name\":\"Paketo Buildpack for Poetry Run\",\"version\":\"0.4.21\"},{\"id\":\"paketo-buildpacks/procfile\",\"name\":\"Paketo Buildpack for Procfile\",\"version\":\"5.6.4\",\"homepage\":\"https://github.com/paketo-buildpacks/procfile\"},{\"id\":\"paketo-buildpacks/python-start\",\"name\":\"Paketo Buildpack for Python Start\",\"version\":\"0.14.14\",\"homepage\":\"https://github.com/paketo-buildpacks/python-start\"},{\"id\":\"paketo-buildpacks/watchexec\",\"name\":\"Paketo Buildpack for Watchexec\",\"version\":\"2.8.3\",\"homepage\":\"https://github.com/paketo-buildpacks/watchexec\"},{\"id\":\"paketo-buildpacks/ruby\",\"name\":\"Paketo Buildpack for Ruby\",\"version\":\"0.42.0\",\"homepage\":\"https://github.com/paketo-buildpacks/ruby\"},{\"id\":\"paketo-buildpacks/bundle-install\",\"name\":\"Paketo Buildpack for Bundle Install\",\"version\":\"0.8.0\",\"homepage\":\"https://github.com/paketo-buildpacks/bundle-install\"},{\"id\":\"paketo-buildpacks/bundler\",\"name\":\"Paketo Buildpack for Bundler\",\"version\":\"0.7.27\",\"homepage\":\"https://github.com/paketo-buildpacks/bundler\"},{\"id\":\"paketo-buildpacks/ca-certificates\",\"name\":\"Paketo Buildpack for CA Certificates\",\"version\":\"3.6.6\",\"homepage\":\"https://github.com/paketo-buildpacks/ca-certificates\"
21:06:55.870 [Test worker] DEBUG com.github.dockerjava.zerodep.shaded.org.apache.hc.client5.http.wire - http-outgoing-0 << ""},{\"id\":\"paketo-buildpacks/environment-variables\",\"name\":\"Paketo Buildpack for Environment Variables\",\"version\":\"4.5.6\",\"homepage\":\"https://github.com/paketo-buildpacks/environment-variables\"},{\"id\":\"paketo-buildpacks/image-labels\",\"name\":\"Paketo Buildpack for Image Labels\",\"version\":\"4.5.5\",\"homepage\":\"https://github.com/paketo-buildpacks/image-labels\"},{\"id\":\"paketo-buildpacks/mri\",\"name\":\"Paketo Buildpack for MRI\",\"version\":\"0.14.9\",\"homepage\":\"https://github.com/paketo-buildpacks/mri\"},{\"id\":\"paketo-buildpacks/node-engine\",\"name\":\"Paketo Buildpack for Node Engine\",\"version\":\"3.0.1\",\"homepage\":\"https://github.com/paketo-buildpacks/node-engine\"},{\"id\":\"paketo-buildpacks/passenger\",\"name\":\"Paketo Buildpack for Passenger\",\"version\":\"0.13.2\",\"homepage\":\"https://github.com/paketo-buildpacks/passenger\"},{\"id\":\"paketo-buildpacks/procfile\",\"name\":\"Paketo Buildpack for Procfile\",\"version\":\"5.6.7\",\"homepage\":\"https://github.com/paketo-buildpacks/procfile\"},{\"id\":\"paketo-buildpacks/puma\",\"name\":\"Paketo Buildpack for Puma\",\"version\":\"0.4.36\",\"homepage\":\"https://github.com/paketo-buildpacks/puma\"},{\"id\":\"paketo-buildpacks/rackup\",\"name\":\"Paketo Buildpack for Rackup\",\"version\":\"0.4.35\",\"homepage\":\"https://github.com/paketo-buildpacks/rackup\"},{\"id\":\"paketo-buildpacks/rails-assets\",\"name\":\"Paketo Buildpack for Rails Assets\",\"version\":\"0.10.3\",\"homepage\":\"https://github.com/paketo-buildpacks/rails-assets\"},{\"id\":\"paketo-buildpacks/rake\",\"name\":\"Paketo Buildpack for Rake\",\"version\":\"0.4.35\",\"homepage\":\"https://github.com/paketo-buildpacks/rake\"},{\"id\":\"paketo-buildpacks/thin\",\"name\":\"Paketo Buildpack for Thin\",\"version\":\"0.5.35\",\"homepage\":\"https://github.com/paketo-buildpacks/thin\"},{\"id\":\"paketo-buildpacks/unicorn\",\"name\":\"Paketo Buildpack for Unicorn\",\"version\":\"0.4.35\",\"homepage\":\"https://github.com/paketo-buildpacks/unicorn\"},{\"id\":\"paketo-buildpacks/yarn\",\"name\":\"Paketo Buildpack for Yarn\",\"version\":\"1.2.0\",\"homepage\":\"https://github.com/paketo-buildpacks/yarn\"},{\"id\":\"paketo-buildpacks/yarn-install\",\"name\":\"Paketo Buildpack for Yarn Install\",\"version\":\"1.2.2\",\"homepage\":\"https://github.com/paketo-buildpacks/yarn-install\"},{\"id\":\"paketo-buildpacks/web-servers\",\"name\":\"Paketo Buildpack for Web Servers\",\"version\":\"0.19.1\",\"homepage\":\"https://github.com/paketo-buildpacks/web-servers\"},{\"id\":\"paketo-buildpacks/ca-certificates\",\"name\":\"Paketo Buildpack for CA Certificates\",\"version\":\"3.6.5\",\"homepage\":\"https://github.com/paketo-buildpacks/ca-certificates\"},{\"id\":\"paketo-buildpacks/environment-variables\",\"name\":\"Paketo Buildpack for Environment Variables\",\"version\":\"4.5.5\",\"homepage\":\"https://github.com/paketo-buildpacks/environment-variables\"},{\"id\":\"paketo-buildpacks/httpd\",\"name\":\"Paketo Buildpack for Apache HTTP Server\",\"version\":\"0.7.14\",\"homepage\":\"https://github.com/paketo-buildpacks/httpd\"},{\"id\":\"paketo-buildpacks/image-labels\",\"name\":\"Paketo Buildpack for Image Labels\",\"version\":\"4.5.4\",\"homepage\":\"https://github.com/paketo-buildpacks/image-labels\"},{\"id\":\"paketo-buildpacks/nginx\",\"name\":\"Paketo Buildpack for Nginx Server\",\"version\":\"0.15.6\",\"homepage\":\"https://github.com/paketo-buildpacks/nginx\"},{\"id\":\"paketo-buildpacks/node-engine\",\"name\":\"Paketo Buildpack for Node Engine\",\"version\":\"2.0.0\",\"homepage\":\"https://github.com/paketo-buildpacks/node-engine\"},{\"id\":\"paketo-buildpacks/node-run-script\",\"name\":\"Paketo Buildpack for Node Run Script\",\"version\":\"1.0.13\",\"homepage\":\"https://github.com/paketo-buildpacks/node-run-script\"},{\"id\":\"paketo-buildpacks/npm-install\",\"name\":\"Paketo Buildpack for NPM Install\",\"version\":\"1.3.0\",\"homepage\":\"https://github.com/paketo-buildpacks/npm-install\"},{\"id\":\"paketo-buildpacks/procfile\",\"name\":\"Paketo Buildpack for Procfile\",\"version\":\"5.6.6\",\"homepage\":\"https://github.com/paketo-buildpacks/procfile\"},{\"id\":\"paketo-buildpacks/source-removal\",\"name\":\"Paketo Buildpack for Source Removal\",\"version\":\"0.2.1\"},{\"id\":\"paketo-buildpacks/watchexec\",\"name\":\"Paketo Buildpack for Watchexec\",\"version\":\"2.8.5\",\"homepage\":\"https://github.com/paketo-buildpacks/watchexec\"},{\"id\":\"paketo-buildpacks/yarn\",\"name\":\"Paketo Buildpack for Yarn\",\"version\":\"1.1.11\",\"homepage\":\"https://github.com/paketo-buildpacks/yarn\"},{\"id\":\"paketo-buildpacks/yarn-install\",\"name\":\"Paketo Buildpack for Yarn Install\",\"version\":\"1.2.1\",\"homepage\":\"https://github.com/paketo-buildpacks/yarn-install\"}],\"extensions\":null,\"stack\":{\"runImage\":{\"image\":\"index.docker.io/paketobuildpacks/run-jammy-base:latest\",\"mirrors\":[]}},\"lifecycle\":{\"version\":\"0.18.2\",\"api\":{\"buildpack\":\"0.7\",\"platform\":\"0.7\"},\"apis\":{\"buildpack\":{\"deprecated\":[],\"supported\":[\"0.7\",\"0.8\",\"0.9\",\"0.10\"]},\"platform\":{\"deprecated\":[],\"supported\":[\"0.7\",\"0.8\",\"0.9\",\"0.10\",\"0.11\",\"0.12\"]}}},\"createdBy\":{\"name\":\"Pack CLI\",\"version\":\"0.31.0+git-3a994bd.build-5086\"},\"images\":[{\"image\":\"index.docker.io/paketobuildpacks/run-jammy-base:latest\",\"mirrors\":[]}]}","io.buildpacks.buildpack.layers":"{\"paketo-buildpacks/apache-tomcat\":{\"7.14.1\":{\"api\":\"0.7\",\"stacks\":[{\"id\":\"*\"}],\"layerDiffID\":\"sha256:cbeef4b353f2f6c8399702a263d091068f805efe97b510719cf4b53413b04a97\",\"homepage\":\"https://github.com/paketo-buildpacks/apache-tomcat\",\"name\":\"Paketo Buildpack for Apache Tomcat\"}},\"paketo-buildpacks/apache-tomee\":{\"1.7.9\":{\"api\":\"0.7\",\"stacks\":[{\"id\":\"*\"}],\"layerDiffID\":\"sha256:6f3f9fa91cd222f53b9d038d711aaf18874e5b82cf85298ba50dd2e38624aa2f\",\"homepage\":\"https://github.com/paketo-buildpacks/apache-tomee\",\"name\":\"Paketo Buildpack for Apache Tomee\"}},\"paketo-buildpacks/azure-application-insights\":{\"5.17.2\":{\"api\":\"0.7\",\"stacks\":[{\"id\":\"io.buildpacks.stacks.bionic\"},{\"id\":\"io.paketo.stacks.tiny\"},{\"id\":\"*\"}],\"layerDiffID\":\"sha256:1c51a21adcea6e0c2af7119f4bf5613c0af07444a180d1df031567aa9572c38a\",\"homepage\":\"https://github.com/paketo-buildpacks/azure-application-insights\",\"name\":\"Paketo Buildpack for Azure Application Insights\"}},\"paketo-buildpacks/bellsoft-liberica\":{\"10.4.4\":{\"api\":\"0.7\",\"stacks\":[{\"id\":\"io.paketo.stacks.tiny\"},{\"id\":\"io.buildpacks.stacks.bionic\"},{\"id\":\"*\"}],\"layerDiffID\":\"sha256:07de586e9118a13b87e3bb0326af1de2d04254f2e7e7e4ca99d4730de69c44b1\",\"homepage\":\"https://github.com/paketo-buildpacks/bellsoft-liberica\",\"name\":\"Paketo Buildpack for BellSoft Liberica\"}},\"paketo-buildpacks/bundle-install\":{\"0.8.0\":{\"api\":\"0.7\",\"stacks\":[{\"id\":\"*\"}],\"layerDiffID\":\"sha256:badf16868bf5a632c377c6779eafe809d1d4846d2867d9d6420ee5cd3d33f206\",\"homepage\":\"https://github.com/paketo-buildpacks/bundle-install\",\"name\":\"Paketo Buildpack for Bundle Install\"}},\"paketo-buildpacks/bundler\":{\"0.7.27\":{\"api\":\"0.7\",\"stacks\":[{\"id\":\"io.buildpacks.stacks.bionic\"},{\"id\":\"io.buildpacks.stacks.jammy\"}],\"layerDiffID\":\"sha256:e9e8f5dcf0114be381c6a6799c13b8d2e6b10c210f980f67aaf7323fb70b7583\",\"homepage\":\"https://github.com/paketo-buildpacks/bundler\",\"name\":\"Paketo Buildpack for Bundler\"}},\"paketo-buildpacks/ca-certificates\":{\"3.6.3\":{\"api\":\"0.7\",\"stacks\":[{\"id\":\"io.buildpacks.stacks.bionic\"},{\"id\":\"io.paketo.stacks.tiny\"},{\"id\":\"*\"}],\"layerDiffID\":\"sha256:b60541d13f4fa3fddd3783a1cb77de4c502e590a34c0265becc0d1819ea0f664\",\"homepage\":\"https://github.com/paketo-buildpacks/ca-certificates\",\"name\":\"Paketo Buildpack for CA Certificates\"},\"3.6.5\":{\"api\":\"0.7\",\"stacks\":[{\"id\":\"io.buildpacks.stacks.bionic\"},{\"id\":\"io.paketo.sta"
21:06:55.870 [Test worker] DEBUG com.github.dockerjava.zerodep.shaded.org.apache.hc.client5.http.wire - http-outgoing-0 << "cks.tiny\"},{\"id\":\"*\"}],\"layerDiffID\":\"sha256:d7b5fe48f8aec15ae831663443e85d27cc39f6e7f677f3574d22efc12ab1b91d\",\"homepage\":\"https://github.com/paketo-buildpacks/ca-certificates\",\"name\":\"Paketo Buildpack for CA Certificates\"},\"3.6.6\":{\"api\":\"0.7\",\"stacks\":[{\"id\":\"io.buildpacks.stacks.bionic\"},{\"id\":\"io.paketo.stacks.tiny\"},{\"id\":\"*\"}],\"layerDiffID\":\"sha256:e987b55729a6c11809fd034067ca16b6713bc108deafb7720b4c8042c04bfb6d\",\"homepage\":\"https://github.com/paketo-buildpacks/ca-certificates\",\"name\":\"Paketo Buildpack for CA Certificates\"}},\"paketo-buildpacks/clojure-tools\":{\"2.8.13\":{\"api\":\"0.7\",\"stacks\":[{\"id\":\"io.buildpacks.stacks.bionic\"},{\"id\":\"io.paketo.stacks.tiny\"},{\"id\":\"*\"}],\"layerDiffID\":\"sha256:8e7390a65595d6ba91dc72a85e5d5fdc85dfe9213ad45814920e2addba52ed63\",\"homepage\":\"https://github.com/paketo-buildpacks/clojure-tools\",\"name\":\"Paketo Buildpack for Clojure Tools\"}},\"paketo-buildpacks/conda-env-update\":{\"0.7.12\":{\"api\":\"0.7\",\"stacks\":[{\"id\":\"*\"}],\"layerDiffID\":\"sha256:e8f09369eccaf0ce87f8f4868129ff29911f8311ae9650a5f73c90c3abb46ef5\",\"homepage\":\"https://github.com/paketo-buildpacks/conda-env-update\",\"name\":\"Paketo Buildpack for Conda Env Update\"}},\"paketo-buildpacks/cpython\":{\"1.9.0\":{\"api\":\"0.7\",\"stacks\":[{\"id\":\"*\"}],\"layerDiffID\":\"sha256:5757cf2c2d7f21c2253c556582fb1c802eaabe53d10d86afe92bd1be2c9b3636\",\"name\":\"Paketo Buildpack for CPython\"}},\"paketo-buildpacks/datadog\":{\"3.6.0\":{\"api\":\"0.7\",\"stacks\":[{\"id\":\"io.buildpacks.stacks.bionic\"},{\"id\":\"io.paketo.stacks.tiny\"},{\"id\":\"*\"}],\"layerDiffID\":\"sha256:b351bc73239608a09c7523656594df065fd2a6aacaee90254945d9e3070122ca\",\"homepage\":\"https://github.com/paketo-buildpacks/datadog\",\"name\":\"Paketo Buildpack for Datadog\"},\"4.6.0\":{\"api\":\"0.7\",\"stacks\":[{\"id\":\"io.buildpacks.stacks.bionic\"},{\"id\":\"io.paketo.stacks.tiny\"},{\"id\":\"*\"}],\"layerDiffID\":\"sha256:2c010efe42116cf027daa2714b21558f4bd7f3785883de66e6b22d0787db4d01\",\"homepage\":\"https://github.com/paketo-buildpacks/datadog\",\"name\":\"Paketo Buildpack for Datadog\"}},\"paketo-buildpacks/dist-zip\":{\"5.6.8\":{\"api\":\"0.7\",\"stacks\":[{\"id\":\"io.buildpacks.stacks.bionic\"},{\"id\":\"io.paketo.stacks.tiny\"},{\"id\":\"*\"}],\"layerDiffID\":\"sha256:b5beba4f9e9f9235a1982e02e9441f4974e94bb0a4a218de5a77abdfbd88f723\",\"homepage\":\"https://github.com/paketo-buildpacks/dist-zip\",\"name\":\"Paketo Buildpack for DistZip\"}},\"paketo-buildpacks/dotnet-core\":{\"0.42.1\":{\"api\":\"0.8\",\"order\":[{\"group\":[{\"id\":\"paketo-buildpacks/ca-certificates\",\"version\":\"3.6.6\",\"optional\":true},{\"id\":\"paketo-buildpacks/watchexec\",\"version\":\"2.8.6\",\"optional\":true},{\"id\":\"paketo-buildpacks/vsdbg\",\"version\":\"0.3.5\",\"optional\":true},{\"id\":\"paketo-buildpacks/dotnet-core-sdk\",\"version\":\"0.14.1\",\"optional\":true},{\"id\":\"paketo-buildpacks/icu\",\"version\":\"0.7.1\",\"optional\":true},{\"id\":\"paketo-buildpacks/node-engine\",\"version\":\"3.0.1\",\"optional\":true},{\"id\":\"paketo-buildpacks/dotnet-publish\",\"version\":\"0.12.23\",\"optional\":true},{\"id\":\"paketo-buildpacks/dotnet-core-aspnet-runtime\",\"version\":\"0.4.1\",\"optional\":true},{\"id\":\"paketo-buildpacks/dotnet-execute\",\"version\":\"0.14.24\"},{\"id\":\"paketo-buildpacks/procfile\",\"version\":\"5.6.7\",\"optional\":true},{\"id\":\"paketo-buildpacks/environment-variables\",\"version\":\"4.5.6\",\"optional\":true},{\"id\":\"paketo-buildpacks/image-labels\",\"version\":\"4.5.5\",\"optional\":true}]}],\"layerDiffID\":\"sha256:baadd75e3e33f4f2a7cf5990e170801b1b23a63994cff2c39f4a76b6b3a8ec86\",\"homepage\":\"https://github.com/paketo-buildpacks/dotnet-core\",\"name\":\"Paketo Buildpack for .NET Core\"}},\"paketo-buildpacks/dotnet-core-aspnet-runtime\":{\"0.4.1\":{\"api\":\"0.8\",\"stacks\":[{\"id\":\"io.buildpacks.stacks.bionic\"},{\"id\":\"io.buildpacks.stacks.jammy\"}],\"layerDiffID\":\"sha256:f60957ac69200c4d177040e56f01254115b85f324a95fb00da08969c597f82cf\",\"homepage\":\"https://github.com/paketo-buildpacks/dotnet-core-aspnet-runtime\",\"name\":\"Paketo Buildpack for ASP.NET Core Runtime\"}},\"paketo-buildpacks/dotnet-core-sdk\":{\"0.14.1\":{\"api\":\"0.8\",\"stacks\":[{\"id\":\"io.buildpacks.stacks.bionic\"},{\"id\":\"io.buildpacks.stacks.jammy\"}],\"layerDiffID\":\"sha256:72b5e13d61de4de9043061b609296d8bd70170fed11c75762d01a384c6425815\",\"homepage\":\"https://github.com/paketo-buildpacks/dotnet-core-sdk\",\"name\":\"Paketo Buildpack for .NET Core SDK\"}},\"paketo-buildpacks/dotnet-execute\":{\"0.14.24\":{\"api\":\"0.8\",\"stacks\":[{\"id\":\"*\"}],\"layerDiffID\":\"sha256:992a24b4700a76644fdae2a31067766c76bd4eae34b31f013a7767f8206a0b00\",\"homepage\":\"https://github.com/paketo-buildpacks/dotnet-execute\",\"name\":\"Paketo Buildpack for .NET Execute\"}},\"paketo-buildpacks/dotnet-publish\":{\"0.12.23\":{\"api\":\"0.8\",\"stacks\":[{\"id\":\"*\"}],\"layerDiffID\":\"sha256:3133dbf77822acf1f9d3b572762b54e68d02bee4e971124e8a0a85119470582c\",\"homepage\":\"https://github.com/paketo-buildpacks/dotnet-publish\",\"name\":\"Paketo Buildpack for .NET Publish\"}},\"paketo-buildpacks/encrypt-at-rest\":{\"4.5.12\":{\"api\":\"0.7\",\"stacks\":[{\"id\":\"io.buildpacks.stacks.bionic\"},{\"id\":\"io.paketo.stacks.tiny\"},{\"id\":\"*\"}],\"layerDiffID\":\"sha256:496a26cc8ef01775c8e2328e41db1d471344f9fca0dfc88717f6c3a718031f6c\",\"homepage\":\"https://github.com/paketo-buildpacks/encrypt-at-rest\",\"name\":\"Paketo Buildpack for Encrypt-at-Rest\"}},\"paketo-buildpacks/environment-variables\":{\"4.5.3\":{\"api\":\"0.7\",\"stacks\":[{\"id\":\"io.buildpacks.stacks.bionic\"},{\"id\":\"io.paketo.stacks.tiny\"},{\"id\":\"*\"}],\"layerDiffID\":\"sha256:e0b403660a34970e9f33fbfca76e5f60f900243797be86ce381746b6197771d3\",\"homepage\":\"https://github.com/paketo-buildpacks/environment-variables\",\"name\":\"Paketo Buildpack for Environment Variables\"},\"4.5.5\":{\"api\":\"0.7\",\"stacks\":[{\"id\":\"io.buildpacks.stacks.bionic\"},{\"id\":\"io.paketo.stacks.tiny\"},{\"id\":\"*\"}],\"layerDiffID\":\"sha256:35a7169bca9ac0760bf19acda272c88cdf9b4fade0f96c5ff263ab8b862d789e\",\"homepage\":\"https://github.com/paketo-buildpacks/environment-variables\",\"name\":\"Paketo Buildpack for Environment Variables\"},\"4.5.6\":{\"api\":\"0.7\",\"stacks\":[{\"id\":\"io.buildpacks.stacks.bionic\"},{\"id\":\"io.paketo.stacks.tiny\"},{\"id\":\"*\"}],\"layerDiffID\":\"sha256:491136e66ebd688914cbba8f67d6e84178245ba87c01f22f762b6ef966cbe718\",\"homepage\":\"https://github.com/paketo-buildpacks/environment-variables\",\"name\":\"Paketo Buildpack for Environment Variables\"}},\"paketo-buildpacks/executable-jar\":{\"6.8.3\":{\"api\":\"0.7\",\"stacks\":[{\"id\":\"io.buildpacks.stacks.bionic\"},{\"id\":\"io.paketo.stacks.tiny\"},{\"id\":\"*\"}],\"layerDiffID\":\"sha256:07713a584e9c73cf2397531b4e3d669ff2d4578e1706ca5395dbfe683804e627\",\"homepage\":\"https://github.com/paketo-buildpacks/executable-jar\",\"name\":\"Paketo Buildpack for Executable JAR\"}},\"paketo-buildpacks/git\":{\"1.0.7\":{\"api\":\"0.7\",\"stacks\":[{\"id\":\"*\"}],\"layerDiffID\":\"sha256:2bb5a7078a44f3cc8cc3e498a7df865355d0b9b91ba41c38d20858911602e1e5\",\"homepage\":\"https://github.com/paketo-buildpacks/git\",\"name\":\"Paketo Buildpack for Git\"}},\"paketo-buildpacks/go\":{\"4.6.1\":{\"api\":\"0.7\",\"order\":[{\"group\":[{\"id\":\"paketo-buildpacks/ca-certificates\",\"version\":\"3.6.6\",\"optional\":true},{\"id\":\"paketo-buildpacks/watchexec\",\"version\":\"2.8.6\",\"optional\":true},{\"id\":\"paketo-buildpacks/go-dist\",\"version\":\"2.4.3\"},{\"id\":\"paketo-buildpacks/git\",\"version\":\"1.0.7\",\"optional\":true},{\"id\":\"paketo-buildpacks/go-mod-vendor\",\"version\":\"1.0.26\"},{\"id\":\"paketo-buildpacks/go-build\",\"version\":\"2.1.1\"},{\"id\":\"paketo-buildpacks/procfile\",\"version\":\"5.6.7\",\"optional\":true},{\"id\":\"paketo-buildpacks/"
21:06:55.870 [Test worker] DEBUG com.github.dockerjava.zerodep.shaded.org.apache.hc.client5.http.wire - http-outgoing-0 << "environment-variables\",\"version\":\"4.5.6\",\"optional\":true},{\"id\":\"paketo-buildpacks/image-labels\",\"version\":\"4.5.5\",\"optional\":true}]},{\"group\":[{\"id\":\"paketo-buildpacks/ca-certificates\",\"version\":\"3.6.6\",\"optional\":true},{\"id\":\"paketo-buildpacks/watchexec\",\"version\":\"2.8.6\",\"optional\":true},{\"id\":\"paketo-buildpacks/go-dist\",\"version\":\"2.4.3\"},{\"id\":\"paketo-buildpacks/git\",\"version\":\"1.0.7\",\"optional\":true},{\"id\":\"paketo-buildpacks/go-build\",\"version\":\"2.1.1\"},{\"id\":\"paketo-buildpacks/procfile\",\"version\":\""
21:06:55.870 [Test worker] DEBUG com.github.dockerjava.zerodep.shaded.org.apache.hc.client5.http.wire - http-outgoing-0 << "[\r][\n]"
21:06:55.870 [Test worker] DEBUG com.github.dockerjava.zerodep.shaded.org.apache.hc.client5.http.wire - http-outgoing-0 << "8000[\r][\n]"
21:06:55.870 [Test worker] DEBUG com.github.dockerjava.zerodep.shaded.org.apache.hc.client5.http.wire - http-outgoing-0 << "5.6.7\",\"optional\":true},{\"id\":\"paketo-buildpacks/environment-variables\",\"version\":\"4.5.6\",\"optional\":true},{\"id\":\"paketo-buildpacks/image-labels\",\"version\":\"4.5.5\",\"optional\":true}]}],\"layerDiffID\":\"sha256:807496946824970d32ca4af63f1fd02f5b7d2fe7934fd9548652bbdb2fb92d41\",\"homepage\":\"https://github.com/paketo-buildpacks/go\",\"name\":\"Paketo Buildpack for Go\"}},\"paketo-buildpacks/go-build\":{\"2.1.1\":{\"api\":\"0.7\",\"stacks\":[{\"id\":\"*\"}],\"layerDiffID\":\"sha256:770282cf70b96aca4ad926a64e01719de363f1aad901f03fb2a0bdd00879ea49\",\"homepage\":\"https://github.com/paketo-buildpacks/go-build\",\"name\":\"Paketo Buildpack for Go Build\"}},\"paketo-buildpacks/go-dist\":{\"2.4.3\":{\"api\":\"0.7\",\"stacks\":[{\"id\":\"*\"}],\"layerDiffID\":\"sha256:14dbcd48e9526adbd6a31f45b5dd6cc86193c9bb45896385b5e5977520df7a35\",\"homepage\":\"https://github.com/paketo-buildpacks/go-dist\",\"name\":\"Paketo Buildpack for Go Distribution\"}},\"paketo-buildpacks/go-mod-vendor\":{\"1.0.26\":{\"api\":\"0.7\",\"stacks\":[{\"id\":\"*\"}],\"layerDiffID\":\"sha256:d0d4315914140a6c0175901a9d83b7cb79f274dca7cea2d61d62c48ce06a5a52\",\"homepage\":\"https://github.com/paketo-buildpacks/go-mod-vendor\",\"name\":\"Paketo Buildpack for Go Mod Vendor\"}},\"paketo-buildpacks/google-stackdriver\":{\"8.0.4\":{\"api\":\"0.7\",\"stacks\":[{\"id\":\"io.buildpacks.stacks.bionic\"},{\"id\":\"io.paketo.stacks.tiny\"},{\"id\":\"*\"}],\"layerDiffID\":\"sha256:bb061969c1853e50cb7411bd0946c87d32871631e9c7c3cc03eb3739e7f8d350\",\"homepage\":\"https://github.com/paketo-buildpacks/google-stackdriver\",\"name\":\"Paketo Buildpack for Google Stackdriver\"}},\"paketo-buildpacks/gradle\":{\"7.7.1\":{\"api\":\"0.7\",\"stacks\":[{\"id\":\"io.buildpacks.stacks.bionic\"},{\"id\":\"io.paketo.stacks.tiny\"},{\"id\":\"*\"}],\"layerDiffID\":\"sha256:5ad6a561c7da2aee1cc382514511fb5c0d37c1309f5ae0f092bfb3b0a6b111dc\",\"homepage\":\"https://github.com/paketo-buildpacks/gradle\",\"name\":\"Paketo Buildpack for Gradle\"}},\"paketo-buildpacks/httpd\":{\"0.7.14\":{\"api\":\"0.7\",\"stacks\":[{\"id\":\"io.buildpacks.stacks.bionic\"},{\"id\":\"io.buildpacks.stacks.jammy\"}],\"layerDiffID\":\"sha256:72902c2a282fa529a145efae4838d0ac39818a6b9f77109307ce6512634e8f23\",\"homepage\":\"https://github.com/paketo-buildpacks/httpd\",\"name\":\"Paketo Buildpack for Apache HTTP Server\"}},\"paketo-buildpacks/icu\":{\"0.7.1\":{\"api\":\"0.8\",\"stacks\":[{\"id\":\"io.buildpacks.stacks.bionic\"},{\"id\":\"io.buildpacks.stacks.jammy\"}],\"layerDiffID\":\"sha256:83aa04b49127327637739eaeec36f71c6a30ceb456e6b16c1a3b8ff654b57fce\",\"homepage\":\"https://github.com/paketo-buildpacks/icu\",\"name\":\"Paketo Buildpack for ICU\"}},\"paketo-buildpacks/image-labels\":{\"4.5.2\":{\"api\":\"0.7\",\"stacks\":[{\"id\":\"io.buildpacks.stacks.bionic\"},{\"id\":\"io.paketo.stacks.tiny\"},{\"id\":\"*\"}],\"layerDiffID\":\"sha256:3e44c3f0963ed0bb2d0c64ecfaff2d706db8c156ae77924156befc9d4517c754\",\"homepage\":\"https://github.com/paketo-buildpacks/image-labels\",\"name\":\"Paketo Buildpack for Image Labels\"},\"4.5.4\":{\"api\":\"0.7\",\"stacks\":[{\"id\":\"io.buildpacks.stacks.bionic\"},{\"id\":\"io.paketo.stacks.tiny\"},{\"id\":\"*\"}],\"layerDiffID\":\"sha256:23f2551fe30d7889e2706b4099406cb1d0d2bd0baf0c495e2cbda6c3e901e48b\",\"homepage\":\"https://github.com/paketo-buildpacks/image-labels\",\"name\":\"Paketo Buildpack for Image Labels\"},\"4.5.5\":{\"api\":\"0.7\",\"stacks\":[{\"id\":\"io.buildpacks.stacks.bionic\"},{\"id\":\"io.paketo.stacks.tiny\"},{\"id\":\"*\"}],\"layerDiffID\":\"sha256:8c583593b549c46a53a13afe8c4a01200970cbcb8ee35526697d079232570456\",\"homepage\":\"https://github.com/paketo-buildpacks/image-labels\",\"name\":\"Paketo Buildpack for Image Labels\"}},\"paketo-buildpacks/jattach\":{\"1.4.9\":{\"api\":\"0.7\",\"stacks\":[{\"id\":\"io.buildpacks.stacks.bionic\"},{\"id\":\"io.paketo.stacks.tiny\"},{\"id\":\"*\"}],\"layerDiffID\":\"sha256:edb7e84d3ccbcdbe00586d0fcd187f6515809f38b35937727b59b15d33eb00fe\",\"homepage\":\"https://github.com/paketo-buildpacks/jattach\",\"name\":\"Paketo Buildpack for JAttach\"}},\"paketo-buildpacks/java\":{\"10.5.0\":{\"api\":\"0.7\",\"order\":[{\"group\":[{\"id\":\"paketo-buildpacks/ca-certificates\",\"version\":\"3.6.6\",\"optional\":true},{\"id\":\"paketo-buildpacks/bellsoft-liberica\",\"version\":\"10.4.4\"},{\"id\":\"paketo-buildpacks/yarn\",\"version\":\"1.2.0\",\"optional\":true},{\"id\":\"paketo-buildpacks/node-engine\",\"version\":\"3.0.1\",\"optional\":true},{\"id\":\"paketo-buildpacks/syft\",\"version\":\"1.41.1\",\"optional\":true},{\"id\":\"paketo-buildpacks/leiningen\",\"version\":\"4.6.9\",\"optional\":true},{\"id\":\"paketo-buildpacks/clojure-tools\",\"version\":\"2.8.13\",\"optional\":true},{\"id\":\"paketo-buildpacks/gradle\",\"version\":\"7.7.1\",\"optional\":true},{\"id\":\"paketo-buildpacks/maven\",\"version\":\"6.15.12\",\"optional\":true},{\"id\":\"paketo-buildpacks/sbt\",\"version\":\"6.12.10\",\"optional\":true},{\"id\":\"paketo-buildpacks/watchexec\",\"version\":\"2.8.6\",\"optional\":true},{\"id\":\"paketo-buildpacks/executable-jar\",\"version\":\"6.8.3\",\"optional\":true},{\"id\":\"paketo-buildpacks/apache-tomcat\",\"version\":\"7.14.1\",\"optional\":true},{\"id\":\"paketo-buildpacks/apache-tomee\",\"version\":\"1.7.9\",\"optional\":true},{\"id\":\"paketo-buildpacks/liberty\",\"version\":\"3.8.11\",\"optional\":true},{\"id\":\"paketo-buildpacks/dist-zip\",\"version\":\"5.6.8\",\"optional\":true},{\"id\":\"paketo-buildpacks/spring-boot\",\"version\":\"5.27.7\",\"optional\":true},{\"id\":\"paketo-buildpacks/procfile\",\"version\":\"5.6.7\",\"optional\":true},{\"id\":\"paketo-buildpacks/jattach\",\"version\":\"1.4.9\",\"optional\":true},{\"id\":\"paketo-buildpacks/azure-application-insights\",\"version\":\"5.17.2\",\"optional\":true},{\"id\":\"paketo-buildpacks/google-stackdriver\",\"version\":\"8.0.4\",\"optional\":true},{\"id\":\"paketo-buildpacks/datadog\",\"version\":\"4.6.0\",\"optional\":true},{\"id\":\"paketo-buildpacks/java-memory-assistant\",\"version\":\"1.4.9\",\"optional\":true},{\"id\":\"paketo-buildpacks/encrypt-at-rest\",\"version\":\"4.5.12\",\"optional\":true},{\"id\":\"paketo-buildpacks/environment-variables\",\"version\":\"4.5.6\",\"optional\":true},{\"id\":\"paketo-buildpacks/image-labels\",\"version\":\"4.5.5\",\"optional\":true}]}],\"layerDiffID\":\"sha256:2d133024b3edfe851e0ea589fa8e424f04dae5881ac4a865ccb2abd5e0a32634\",\"homepage\":\"https://paketo.io/docs/howto/java\",\"name\":\"Paketo Buildpack for Java\"}},\"paketo-buildpacks/java-memory-assistant\":{\"1.4.9\":{\"api\":\"0.7\",\"stacks\":[{\"id\":\"io.buildpacks.stacks.bionic\"},{\"id\":\"io.paketo.stacks.tiny\"},{\"id\":\"*\"}],\"layerDiffID\":\"sha256:b1059cc190c5c858b3ef697e123743ab2981d48b0de2b177f621c21795d1f4cc\",\"homepage\":\"https://github.com/paketo-buildpacks/java-memory-assistant\",\"name\":\"Paketo Buildpack for Java Memory Assistant\"}},\"paketo-buildpacks/java-native-image\":{\"8.24.0\":{\"api\":\"0.7\",\"order\":[{\"group\":[{\"id\":\"paketo-buildpacks/ca-certificates\",\"version\":\"3.6.6\",\"optional\":true},{\"id\":\"paketo-buildpacks/upx\",\"version\":\"3.4.6\",\"optional\":true},{\"id\":\"paketo-buildpacks/bellsoft-liberica\",\"version\":\"10.4.4\"},{\"id\":\"paketo-buildpacks/syft\",\"version\":\"1.41.1\",\"optional\":true},{\"id\":\"paketo-buildpacks/leiningen\",\"version\":\"4.6.9\",\"optional\":true},{\"id\":\"paketo-buildpacks/gradle\",\"version\":\"7.7.1\",\"optional\":true},{\"id\":\"paketo-buildpacks/maven\",\"version\":\"6.15.12\",\"optional\":true},{\"id\":\"paketo-buildpacks/sbt\",\"version\":\"6.12.10\",\"optional\":true},{\"id\":\"paketo-buildpacks/executable-jar\",\"version\":\"6.8.3\",\"optional\":true},{\"id\":\"paketo-buildpacks/spring-boot\",\"version\":\"5.27.7\",\"optional\":true},{\"id\":\"paketo-buildpacks/datadog\",\"version\":\"4.6.0\",\"optional\":true},{\"id\":\"paketo-buildpacks/native-image\",\"version\":\"5.12.7\"},{\"id\":\"paketo-buildpacks/procfile\",\"version\":\"5.6.7\",\"optional\":true},{\"id\":\"paketo-buildpacks/environment-variables\",\"version\":\"4.5.6\",\"optional\":true},{\"id\":\"paket"
21:06:55.870 [Test worker] DEBUG com.github.dockerjava.zerodep.shaded.org.apache.hc.client5.http.wire - http-outgoing-0 << "o-buildpacks/image-labels\",\"version\":\"4.5.5\",\"optional\":true}]}],\"layerDiffID\":\"sha256:20cc32f92661f639b84172e6d7121fb52e0449a643da78b55869e9f6247030d5\",\"homepage\":\"https://paketo.io/docs/howto/java/#build-an-app-as-a-graalvm-native-image-application\",\"name\":\"Paketo Buildpack for Java Native Image\"}},\"paketo-buildpacks/leiningen\":{\"4.6.9\":{\"api\":\"0.7\",\"stacks\":[{\"id\":\"io.buildpacks.stacks.bionic\"},{\"id\":\"io.paketo.stacks.tiny\"},{\"id\":\"*\"}],\"layerDiffID\":\"sha256:7f08c1f7191e025630591734cc2518ee31ece6f91b184f8379428cab1d11e4f3\",\"homepage\":\"https://github.com/paketo-buildpacks/leiningen\",\"name\":\"Paketo Buildpack for Leiningen\"}},\"paketo-buildpacks/liberty\":{\"3.8.11\":{\"api\":\"0.7\",\"stacks\":[{\"id\":\"*\"}],\"layerDiffID\":\"sha256:e9ffa46d650cf2c33019de117be5a2adfe099553247da8647a2dc20df9be60af\",\"homepage\":\"https://github.com/paketo-buildpacks/liberty\",\"name\":\"Paketo Buildpack for Liberty\"}},\"paketo-buildpacks/maven\":{\"6.15.12\":{\"api\":\"0.7\",\"stacks\":[{\"id\":\"io.buildpacks.stacks.bionic\"},{\"id\":\"io.paketo.stacks.tiny\"},{\"id\":\"*\"}],\"layerDiffID\":\"sha256:556e2a8dfa041a33fc99b6bf252158f8ae6c9f987b24d8d51b60b5f47dde63db\",\"homepage\":\"https://github.com/paketo-buildpacks/maven\",\"name\":\"Paketo Buildpack for Maven\"}},\"paketo-buildpacks/miniconda\":{\"0.8.5\":{\"api\":\"0.7\",\"stacks\":[{\"id\":\"*\"}],\"layerDiffID\":\"sha256:ddfaf04fb79c40ef178e264699a6e20723b9cebf4e6f42147629e99239bec874\",\"name\":\"Paketo Buildpack for Miniconda\"}},\"paketo-buildpacks/mri\":{\"0.14.9\":{\"api\":\"0.7\",\"stacks\":[{\"id\":\"io.buildpacks.stacks.bionic\"},{\"id\":\"io.buildpacks.stacks.jammy\"}],\"layerDiffID\":\"sha256:fc3429003a77b8831e7939e8915fbe5be66ce1b28a249ea92b006c5fb9184b80\",\"homepage\":\"https://github.com/paketo-buildpacks/mri\",\"name\":\"Paketo Buildpack for MRI\"}},\"paketo-buildpacks/native-image\":{\"5.12.7\":{\"api\":\"0.7\",\"stacks\":[{\"id\":\"*\"}],\"layerDiffID\":\"sha256:6703f08ed36fa7863406b2a33a881f74648e9659aaa712fadb5bf40009a4558c\",\"homepage\":\"https://github.com/paketo-buildpacks/native-image\",\"name\":\"Paketo Buildpack for Native Image\"}},\"paketo-buildpacks/nginx\":{\"0.15.6\":{\"api\":\"0.7\",\"stacks\":[{\"id\":\"io.buildpacks.stacks.bionic\"},{\"id\":\"io.buildpacks.stacks.jammy\"}],\"layerDiffID\":\"sha256:7a890b446c99ed0c593a9670e7d7c645de98855dc63288c64f04549c3622e7ec\",\"homepage\":\"https://github.com/paketo-buildpacks/nginx\",\"name\":\"Paketo Buildpack for Nginx Server\"}},\"paketo-buildpacks/node-engine\":{\"2.0.0\":{\"api\":\"0.7\",\"stacks\":[{\"id\":\"io.buildpacks.stacks.bionic\"},{\"id\":\"io.buildpacks.stacks.jammy\"},{\"id\":\"*\"}],\"layerDiffID\":\"sha256:762574589a15aa16b3f268c5c648d64631fd529181d287150dbb6a93c6a74714\",\"homepage\":\"https://github.com/paketo-buildpacks/node-engine\",\"name\":\"Paketo Buildpack for Node Engine\"},\"3.0.1\":{\"api\":\"0.7\",\"stacks\":[{\"id\":\"io.buildpacks.stacks.bionic\"},{\"id\":\"io.buildpacks.stacks.jammy\"},{\"id\":\"*\"}],\"layerDiffID\":\"sha256:ab2f69aa057c098d00d41e989b4dae371f763e75e456c9a655e6289a0c3a060c\",\"homepage\":\"https://github.com/paketo-buildpacks/node-engine\",\"name\":\"Paketo Buildpack for Node Engine\"}},\"paketo-buildpacks/node-run-script\":{\"1.0.13\":{\"api\":\"0.7\",\"stacks\":[{\"id\":\"*\"}],\"layerDiffID\":\"sha256:14704ae575228cecd0daf36e21239c71c6ae9065b4d00ea7c1ead4001da552c4\",\"homepage\":\"https://github.com/paketo-buildpacks/node-run-script\",\"name\":\"Paketo Buildpack for Node Run Script\"},\"1.0.14\":{\"api\":\"0.7\",\"stacks\":[{\"id\":\"*\"}],\"layerDiffID\":\"sha256:831f58054738183092d1a3fac71c0b39b16a6649b032529f078e7f18f900e415\",\"homepage\":\"https://github.com/paketo-buildpacks/node-run-script\",\"name\":\"Paketo Buildpack for Node Run Script\"}},\"paketo-buildpacks/node-start\":{\"1.1.3\":{\"api\":\"0.7\",\"stacks\":[{\"id\":\"*\"}],\"layerDiffID\":\"sha256:cf5619cb7b7168ec95f4bb572d8c79416fdb33421a2ff2dce55d4476265fed0a\",\"homepage\":\"https://github.com/paketo-buildpacks/node-start\",\"name\":\"Paketo Buildpack for Node Start\"}},\"paketo-buildpacks/nodejs\":{\"2.0.0\":{\"api\":\"0.7\",\"order\":[{\"group\":[{\"id\":\"paketo-buildpacks/ca-certificates\",\"version\":\"3.6.6\",\"optional\":true},{\"id\":\"paketo-buildpacks/watchexec\",\"version\":\"2.8.6\",\"optional\":true},{\"id\":\"paketo-buildpacks/node-engine\",\"version\":\"3.0.1\"},{\"id\":\"paketo-buildpacks/yarn\",\"version\":\"1.2.0\"},{\"id\":\"paketo-buildpacks/yarn-install\",\"version\":\"1.2.2\"},{\"id\":\"paketo-buildpacks/node-run-script\",\"version\":\"1.0.14\",\"optional\":true},{\"id\":\"paketo-buildpacks/node-start\",\"version\":\"1.1.3\",\"optional\":true},{\"id\":\"paketo-buildpacks/yarn-start\",\"version\":\"1.1.3\",\"optional\":true},{\"id\":\"paketo-buildpacks/procfile\",\"version\":\"5.6.7\",\"optional\":true},{\"id\":\"paketo-buildpacks/datadog\",\"version\":\"3.6.0\",\"optional\":true},{\"id\":\"paketo-buildpacks/environment-variables\",\"version\":\"4.5.6\",\"optional\":true},{\"id\":\"paketo-buildpacks/image-labels\",\"version\":\"4.5.5\",\"optional\":true}]},{\"group\":[{\"id\":\"paketo-buildpacks/ca-certificates\",\"version\":\"3.6.6\",\"optional\":true},{\"id\":\"paketo-buildpacks/watchexec\",\"version\":\"2.8.6\",\"optional\":true},{\"id\":\"paketo-buildpacks/node-engine\",\"version\":\"3.0.1\"},{\"id\":\"paketo-buildpacks/npm-install\",\"version\":\"1.3.1\"},{\"id\":\"paketo-buildpacks/node-run-script\",\"version\":\"1.0.14\",\"optional\":true},{\"id\":\"paketo-buildpacks/node-start\",\"version\":\"1.1.3\",\"optional\":true},{\"id\":\"paketo-buildpacks/npm-start\",\"version\":\"1.0.15\",\"optional\":true},{\"id\":\"paketo-buildpacks/procfile\",\"version\":\"5.6.7\",\"optional\":true},{\"id\":\"paketo-buildpacks/datadog\",\"version\":\"3.6.0\",\"optional\":true},{\"id\":\"paketo-buildpacks/environment-variables\",\"version\":\"4.5.6\",\"optional\":true},{\"id\":\"paketo-buildpacks/image-labels\",\"version\":\"4.5.5\",\"optional\":true}]},{\"group\":[{\"id\":\"paketo-buildpacks/ca-certificates\",\"version\":\"3.6.6\",\"optional\":true},{\"id\":\"paketo-buildpacks/watchexec\",\"version\":\"2.8.6\",\"optional\":true},{\"id\":\"paketo-buildpacks/node-engine\",\"version\":\"3.0.1\"},{\"id\":\"paketo-buildpacks/node-start\",\"version\":\"1.1.3\"},{\"id\":\"paketo-buildpacks/procfile\",\"version\":\"5.6.7\",\"optional\":true},{\"id\":\"paketo-buildpacks/datadog\",\"version\":\"3.6.0\",\"optional\":true},{\"id\":\"paketo-buildpacks/environment-variables\",\"version\":\"4.5.6\",\"optional\":true},{\"id\":\"paketo-buildpacks/image-labels\",\"version\":\"4.5.5\",\"optional\":true}]}],\"layerDiffID\":\"sha256:efa2f539b939405e5b27af54bcd3cf6e74165b5a3ab70cc4424c2a8e4e88c619\",\"homepage\":\"https://github.com/paketo-buildpacks/nodejs\",\"name\":\"Paketo Buildpack for Node.js\"}},\"paketo-buildpacks/npm-install\":{\"1.3.0\":{\"api\":\"0.7\",\"stacks\":[{\"id\":\"*\"}],\"layerDiffID\":\"sha256:bd7446c321e344099f19f232f61b4f43a650aa88e5891100579f2a7b7e577f17\",\"homepage\":\"https://github.com/paketo-buildpacks/npm-install\",\"name\":\"Paketo Buildpack for NPM Install\"},\"1.3.1\":{\"api\":\"0.7\",\"stacks\":[{\"id\":\"*\"}],\"layerDiffID\":\"sha256:22d2108f6ba3dc7aeb52bb971367cdef215f24bc2ed07401499c111162001bd1\",\"homepage\":\"https://github.com/paketo-buildpacks/npm-install\",\"name\":\"Paketo Buildpack for NPM Install\"}},\"paketo-buildpacks/npm-start\":{\"1.0.15\":{\"api\":\"0.7\",\"stacks\":[{\"id\":\"*\"}],\"layerDiffID\":\"sha256:a3713bbd7bf2d8c4093a766214251db9660cf72020d645072a73dce9ff017c19\",\"homepage\":\"https://github.com/paketo-buildpacks/npm-start\",\"name\":\"Paketo Buildpack for NPM Start\"}},\"paketo-buildpacks/passenger\":{\"0.13.2\":{\"api\":\"0.7\",\"stacks\":[{\"id\":\"io.buildpacks.stacks.bionic\"},{\"id\":\"io.buildpacks.stacks.jammy\"}],\"layerDiffID\":\"sha256:4013824bdce2bb63d0c95b1bc633ec9710da45c88cd98255457a53b95ef54b3e\","
21:06:55.871 [Test worker] DEBUG com.github.dockerjava.zerodep.shaded.org.apache.hc.client5.http.wire - http-outgoing-0 << "\"homepage\":\"https://github.com/paketo-buildpacks/passenger\",\"name\":\"Paketo Buildpack for Passenger\"}},\"paketo-buildpacks/pip\":{\"0.18.0\":{\"api\":\"0.7\",\"stacks\":[{\"id\":\"*\"}],\"layerDiffID\":\"sha256:427ee111c07faab6e8b9ee58fdd2447cc19de7f1daa99eeb234d61b38e706868\",\"name\":\"Paketo Buildpack for Pip\"}},\"paketo-buildpacks/pip-install\":{\"0.6.0\":{\"api\":\"0.7\",\"stacks\":[{\"id\":\"*\"}],\"layerDiffID\":\"sha256:5a61b8c6a643a5ab8801eb74d53288276f70b0fad35422ae3dbe31129a86f10d\",\"name\":\"Paketo Buildpack for Pip Install\"}},\"paketo-buildpacks/pipenv\":{\"1.19.0\":{\"api\":\"0.7\",\"stacks\":[{\"id\":\"*\"}],\"layerDiffID\":\"sha256:0f1253493befe7e470e5adf66e8f3f81fc95fb7a11e8eaa4ef27edd6a4620232\",\"name\":\"Paketo Buildpack for Pipenv\"}},\"paketo-buildpacks/pipenv-install\":{\"0.6.18\":{\"api\":\"0.7\",\"stacks\":[{\"id\":\"*\"}],\"layerDiffID\":\"sha256:8b9dac6ff7b7b833eed3aa511de4c7a0ae4dcb58d22873aee20f84187466fbe9\",\"name\":\"Paketo Buildpack for Pipenv Install\"}},\"paketo-buildpacks/poetry\":{\"0.6.5\":{\"api\":\"0.7\",\"stacks\":[{\"id\":\"*\"}],\"layerDiffID\":\"sha256:fbad9e9552228860a9e0b81109861cb3b94377485a0d9e603aec4d01bb8d2409\",\"name\":\"Paketo Buildpack for Poetry\"}},\"paketo-buildpacks/poetry-install\":{\"0.3.17\":{\"api\":\"0.7\",\"stacks\":[{\"id\":\"*\"}],\"layerDiffID\":\"sha256:b945b2a8add8dd4f225975cd962e56ffdd9b26a3af90b9d23fbe7b725625ba2f\",\"name\":\"Paketo Buildpack for Poetry Install\"}},\"paketo-buildpacks/poetry-run\":{\"0.4.21\":{\"api\":\"0.8\",\"stacks\":[{\"id\":\"*\"}],\"layerDiffID\":\"sha256:6945394fc466897bba06908c5ab1b0ed68d71e64820b40dfc9d58740275882c5\",\"name\":\"Paketo Buildpack for Poetry Run\"}},\"paketo-buildpacks/procfile\":{\"5.6.4\":{\"api\":\"0.7\",\"stacks\":[{\"id\":\"*\"}],\"layerDiffID\":\"sha256:549522d4bb1bbe20f18b678d3db1c71cb6013c26a8ce444998175fa8a75fde94\",\"homepage\":\"https://github.com/paketo-buildpacks/procfile\",\"name\":\"Paketo Buildpack for Procfile\"},\"5.6.6\":{\"api\":\"0.7\",\"stacks\":[{\"id\":\"*\"}],\"layerDiffID\":\"sha256:d8fc272d6a7d4016559553a56e8140f0f871284f47978820c6d2c480fcf356c2\",\"homepage\":\"https://github.com/paketo-buildpacks/procfile\",\"name\":\"Paketo Buildpack for Procfile\"},\"5.6.7\":{\"api\":\"0.7\",\"stacks\":[{\"id\":\"*\"}],\"layerDiffID\":\"sha256:8c16fe2c06e19c4e70d50c3321e88ef66a9bcd896a498313a91e8cf7cda42d4f\",\"homepage\":\"https://github.com/paketo-buildpacks/procfile\",\"name\":\"Paketo Buildpack for Procfile\"}},\"paketo-buildpacks/puma\":{\"0.4.36\":{\"api\":\"0.7\",\"stacks\":[{\"id\":\"*\"}],\"layerDiffID\":\"sha256:6f89a9ce5f425b3e5a6420d6e7ff5076f96fe863a8fb0e7142cf77369edc40ae\",\"homepage\":\"https://github.com/paketo-buildpacks/puma\",\"name\":\"Paketo Buildpack for Puma\"}},\"paketo-buildpacks/python\":{\"2.14.0\":{\"api\":\"0.8\",\"order\":[{\"group\":[{\"id\":\"paketo-buildpacks/ca-certificates\",\"version\":\"3.6.3\",\"optional\":true},{\"id\":\"paketo-buildpacks/watchexec\",\"version\":\"2.8.3\",\"optional\":true},{\"id\":\"paketo-buildpacks/cpython\",\"version\":\"1.9.0\"},{\"id\":\"paketo-buildpacks/pip\",\"version\":\"0.18.0\"},{\"id\":\"paketo-buildpacks/pipenv\",\"version\":\"1.19.0\"},{\"id\":\"paketo-buildpacks/pipenv-install\",\"version\":\"0.6.18\"},{\"id\":\"paketo-buildpacks/python-start\",\"version\":\"0.14.14\"},{\"id\":\"paketo-buildpacks/procfile\",\"version\":\"5.6.4\",\"optional\":true},{\"id\":\"paketo-buildpacks/environment-variables\",\"version\":\"4.5.3\",\"optional\":true},{\"id\":\"paketo-buildpacks/image-labels\",\"version\":\"4.5.2\",\"optional\":true}]},{\"group\":[{\"id\":\"paketo-buildpacks/ca-certificates\",\"version\":\"3.6.3\",\"optional\":true},{\"id\":\"paketo-buildpacks/watchexec\",\"version\":\"2.8.3\",\"optional\":true},{\"id\":\"paketo-buildpacks/cpython\",\"version\":\"1.9.0\"},{\"id\":\"paketo-buildpacks/pip\",\"version\":\"0.18.0\"},{\"id\":\"paketo-buildpacks/pip-install\",\"version\":\"0.6.0\"},{\"id\":\"paketo-buildpacks/python-start\",\"version\":\"0.14.14\"},{\"id\":\"paketo-buildpacks/procfile\",\"version\":\"5.6.4\",\"optional\":true},{\"id\":\"paketo-buildpacks/environment-variables\",\"version\":\"4.5.3\",\"optional\":true},{\"id\":\"paketo-buildpacks/image-labels\",\"version\":\"4.5.2\",\"optional\":true}]},{\"group\":[{\"id\":\"paketo-buildpacks/ca-certificates\",\"version\":\"3.6.3\",\"optional\":true},{\"id\":\"paketo-buildpacks/watchexec\",\"version\":\"2.8.3\",\"optional\":true},{\"id\":\"paketo-buildpacks/miniconda\",\"version\":\"0.8.5\"},{\"id\":\"paketo-buildpacks/conda-env-update\",\"version\":\"0.7.12\"},{\"id\":\"paketo-buildpacks/python-start\",\"version\":\"0.14.14\"},{\"id\":\"paketo-buildpacks/procfile\",\"version\":\"5.6.4\",\"optional\":true},{\"id\":\"paketo-buildpacks/environment-variables\",\"version\":\"4.5.3\",\"optional\":true},{\"id\":\"paketo-buildpacks/image-labels\",\"version\":\"4.5.2\",\"optional\":true}]},{\"group\":[{\"id\":\"paketo-buildpacks/ca-certificates\",\"version\":\"3.6.3\",\"optional\":true},{\"id\":\"paketo-buildpacks/watchexec\",\"version\":\"2.8.3\",\"optional\":true},{\"id\":\"paketo-buildpacks/cpython\",\"version\":\"1.9.0\"},{\"id\":\"paketo-buildpacks/pip\",\"version\":\"0.18.0\"},{\"id\":\"paketo-buildpacks/poetry\",\"version\":\"0.6.5\"},{\"id\":\"paketo-buildpacks/poetry-install\",\"version\":\"0.3.17\"},{\"id\":\"paketo-buildpacks/poetry-run\",\"version\":\"0.4.21\"},{\"id\":\"paketo-buildpacks/procfile\",\"version\":\"5.6.4\",\"optional\":true},{\"id\":\"paketo-buildpacks/environment-variables\",\"version\":\"4.5.3\",\"optional\":true},{\"id\":\"paketo-buildpacks/image-labels\",\"version\":\"4.5.2\",\"optional\":true}]},{\"group\":[{\"id\":\"paketo-buildpacks/ca-certificates\",\"version\":\"3.6.3\",\"optional\":true},{\"id\":\"paketo-buildpacks/watchexec\",\"version\":\"2.8.3\",\"optional\":true},{\"id\":\"paketo-buildpacks/cpython\",\"version\":\"1.9.0\"},{\"id\":\"paketo-buildpacks/pip\",\"version\":\"0.18.0\"},{\"id\":\"paketo-buildpacks/poetry\",\"version\":\"0.6.5\"},{\"id\":\"paketo-buildpacks/poetry-install\",\"version\":\"0.3.17\"},{\"id\":\"paketo-buildpacks/python-start\",\"version\":\"0.14.14\"},{\"id\":\"paketo-buildpacks/procfile\",\"version\":\"5.6.4\",\"optional\":true},{\"id\":\"paketo-buildpacks/environment-variables\",\"version\":\"4.5.3\",\"optional\":true},{\"id\":\"paketo-buildpacks/image-labels\",\"version\":\"4.5.2\",\"optional\":true}]},{\"group\":[{\"id\":\"paketo-buildpacks/ca-certificates\",\"version\":\"3.6.3\",\"optional\":true},{\"id\":\"paketo-buildpacks/watchexec\",\"version\":\"2.8.3\",\"optional\":true},{\"id\":\"paketo-buildpacks/cpython\",\"version\":\"1.9.0\"},{\"id\":\"paketo-buildpacks/python-start\",\"version\":\"0.14.14\"},{\"id\":\"paketo-buildpacks/procfile\",\"version\":\"5.6.4\",\"optional\":true},{\"id\":\"paketo-buildpacks/environment-variables\",\"version\":\"4.5.3\",\"optional\":true},{\"id\":\"paketo-buildpacks/image-labels\",\"version\":\"4.5.2\",\"optional\":true}]}],\"layerDiffID\":\"sha256:442267367faf5de598f76a55eda8246802498bd8603b33e64fa478c1865a313d\",\"name\":\"Paketo Buildpack for Python\"}},\"paketo-buildpacks/python-start\":{\"0.14.14\":{\"api\":\"0.8\",\"stacks\":[{\"id\":\"*\"}],\"layerDiffID\":\"sha256:cc5f2a129069824d2b544daa7953a5897f25514a7f1288bdab7b118a22c96e1d\",\"homepage\":\"https://github.com/paketo-buildpacks/python-start\",\"name\":\"Paketo Buildpack for Python Start\"}},\"paketo-buildpacks/rackup\":{\"0.4.35\":{\"api\":\"0.7\",\"stacks\":[{\"id\":\"*\"}],\"layerDiffID\":\"sha256:99b2c47ceabd4fc968466ba0d052a6e7f6c249f3f7828249005e767cf2d3d625\",\"homepage\":\"https://github.com/paketo-buildpacks/rackup\",\"name\":\"Paketo Buildpack for Rackup\"}},\"paketo-buildpacks/rails-assets\":{\"0.10.3\":{\"api\":\"0.7\",\"stacks\":[{\"id\":\"*\"}],\"layerDiffID\":\"sha256:3afc96a2ce20f153c301a4841e93e1adfb31842fb82866e1488faf5f393e1f21\",\"homepage\":\"https://github.com/paketo-buildpacks/rails-assets\",\"name\":\"Paketo Buildpack "
21:06:55.871 [Test worker] DEBUG com.github.dockerjava.zerodep.shaded.org.apache.hc.client5.http.wire - http-outgoing-0 << "for Rails Assets\"}},\"paketo-buildpacks/rake\":{\"0.4.35\":{\"api\":\"0.7\",\"stacks\":[{\"id\":\"*\"}],\"layerDiffID\":\"sha256:f1c85a8fabcc44713b287a2539a9f5a450afe031ec5013b069749190fe517172\",\"homepage\":\"https://github.com/paketo-buildpacks/rake\",\"name\":\"Paketo Buildpack for Rake\"}},\"paketo-buildpacks/ruby\":{\"0.42.0\":{\"api\":\"0.7\",\"order\":[{\"group\":[{\"id\":\"paketo-buildpacks/ca-certificates\",\"version\":\"3.6.6\",\"optional\":true},{\"id\":\"paketo-buildpacks/mri\",\"version\":\"0.14.9\"},{\"id\":\"paketo-buildpacks/bundler\",\"version\":\"0.7.27\"},{\"id\":\"paketo-buildpacks/bundle-install\",\"version\":\"0.8.0\"},{\"id\":\"paketo-buildpacks/node-engine\",\"version\":\"3.0.1\",\"optional\":true},{\"id\":\"paketo-buildpacks/yarn\",\"version\":\"1.2.0\",\"optional\":true},{\"id\":\"paketo-buildpacks/yarn-install\",\"version\":\"1.2.2\",\"optional\":true},{\"id\":\"paketo-buildpacks/rails-assets\",\"version\":\"0.10.3\",\"optional\":true},{\"id\":\"paketo-buildpacks/puma\",\"version\":\"0.4.36\"},{\"id\":\"paketo-buildpacks/procfile\",\"version\":\"5.6.7\",\"optional\":true},{\"id\":\"paketo-buildpacks/environment-variables\",\"version\":\"4.5.6\",\"optional\":true},{\"id\":\"paketo-buildpacks/image-labels\",\"version\":\"4.5.5\",\"optional\":true}]},{\"group\":[{\"id\":\"paketo-buildpacks/ca-certificates\",\"version\":\"3.6.6\",\"optional\":true},{\"id\":\"paketo-buildpacks/mri\",\"version\":\"0.14.9\"},{\"id\":\"paketo-buildpacks/bundler\",\"version\":\"0.7.27\"},{\"id\":\"paketo-buildpacks/bundle-install\",\"version\":\"0.8.0\"},{\"id\":\"paketo-buildpacks/node-engine\",\"version\":\"3.0.1\",\"optional\":true},{\"id\":\"paketo-buildpacks/yarn\",\"version\":\"1.2.0\",\"optional\":true},{\"id\":\"paketo-buildpacks/yarn-install\",\"version\":\"1.2.2\",\"optional\":true},{\"id\":\"paketo-buildpacks/rails-assets\",\"version\":\"0.10.3\",\"optional\":true},{\"id\":\"paketo-buildpacks/thin\",\"version\":\"0.5.35\"},{\"id\":\"paketo-buildpacks/procfile\",\"version\":\"5.6.7\",\"optional\":true},{\"id\":\"paketo-buildpacks/environment-variables\",\"version\":\"4.5.6\",\"optional\":true},{\"id\":\"paketo-buildpacks/image-labels\",\"version\":\"4.5.5\",\"optional\":true}]},{\"group\":[{\"id\":\"paketo-buildpacks/ca-certificates\",\"version\":\"3.6.6\",\"optional\":true},{\"id\":\"paketo-buildpacks/mri\",\"version\":\"0.14.9\"},{\"id\":\"paketo-buildpacks/bundler\",\"version\":\"0.7.27\"},{\"id\":\"paketo-buildpacks/bundle-install\",\"version\":\"0.8.0\"},{\"id\":\"paketo-buildpacks/node-engine\",\"version\":\"3.0.1\",\"optional\":true},{\"id\":\"paketo-buildpacks/yarn\",\"version\":\"1.2.0\",\"optional\":true},{\"id\":\"paketo-buildpacks/yarn-install\",\"version\":\"1.2.2\",\"optional\":true},{\"id\":\"paketo-buildpacks/rails-assets\",\"version\":\"0.10.3\",\"optional\":true},{\"id\":\"paketo-buildpacks/unicorn\",\"version\":\"0.4.35\"},{\"id\":\"paketo-buildpacks/procfile\",\"version\":\"5.6.7\",\"optional\":true},{\"id\":\"paketo-buildpacks/environment-variables\",\"version\":\"4.5.6\",\"optional\":true},{\"id\":\"paketo-buildpacks/image-labels\",\"version\":\"4.5.5\",\"optional\":true}]},{\"group\":[{\"id\":\"paketo-buildpacks/ca-certificates\",\"version\":\"3.6.6\",\"optional\":true},{\"id\":\"paketo-buildpacks/mri\",\"version\":\"0.14.9\"},{\"id\":\"paketo-buildpacks/bundler\",\"version\":\"0.7.27\"},{\"id\":\"paketo-buildpacks/bundle-install\",\"version\":\"0.8.0\"},{\"id\":\"paketo-buildpacks/node-engine\",\"version\":\"3.0.1\",\"optional\":true},{\"id\":\"paketo-buildpacks/yarn\",\"version\":\"1.2.0\",\"optional\":true},{\"id\":\"paketo-buildpacks/yarn-install\",\"version\":\"1.2.2\",\"optional\":true},{\"id\":\"paketo-buildpacks/rails-assets\",\"version\":\"0.10.3\",\"optional\":true},{\"id\":\"paketo-buildpacks/passenger\",\"version\":\"0.13.2\"},{\"id\":\"paketo-buildpacks/procfile\",\"version\":\"5.6.7\",\"optional\":true},{\"id\":\"paketo-buildpacks/environment-variables\",\"version\":\"4.5.6\",\"optional\":true},{\"id\":\"paketo-buildpacks/image-labels\",\"version\":\"4.5.5\",\"optional\":true}]},{\"group\":[{\"id\":\"paketo-buildpacks/ca-certificates\",\"version\":\"3.6.6\",\"optional\":true},{\"id\":\"paketo-buildpacks/mri\",\"version\":\"0.14.9\"},{\"id\":\"paketo-buildpacks/bundler\",\"version\":\"0.7.27\"},{\"id\":\"paketo-buildpacks/bundle-install\",\"version\":\"0.8.0\"},{\"id\":\"paketo-buildpacks/node-engine\",\"version\":\"3.0.1\",\"optional\":true},{\"id\":\"paketo-buildpacks/yarn\",\"version\":\"1.2.0\",\"optional\":true},{\"id\":\"paketo-buildpacks/yarn-install\",\"version\":\"1.2.2\",\"optional\":true},{\"id\":\"paketo-buildpacks/rails-assets\",\"version\":\"0.10.3\",\"optional\":true},{\"id\":\"paketo-buildpacks/rackup\",\"version\":\"0.4.35\"},{\"id\":\"paketo-buildpacks/procfile\",\"version\":\"5.6.7\",\"optional\":true},{\"id\":\"paketo-buildpacks/environment-variables\",\"version\":\"4.5.6\",\"optional\":true},{\"id\":\"paketo-buildpacks/image-labels\",\"version\":\"4.5.5\",\"optional\":true}]},{\"group\":[{\"id\":\"paketo-buildpacks/ca-certificates\",\"version\":\"3.6.6\",\"optional\":true},{\"id\":\"paketo-buildpacks/mri\",\"version\":\"0.14.9\"},{\"id\":\"paketo-buildpacks/bundler\",\"version\":\"0.7.27\",\"optional\":true},{\"id\":\"paketo-buildpacks/bundle-install\",\"version\":\"0.8.0\",\"optional\":true},{\"id\":\"paketo-buildpacks/rake\",\"version\":\"0.4.35\"},{\"id\":\"paketo-buildpacks/procfile\",\"version\":\"5.6.7\",\"optional\":true},{\"id\":\"paketo-buildpacks/environment-variables\",\"version\":\"4.5.6\",\"optional\":true},{\"id\":\"paketo-buildpacks/image-labels\",\"version\":\"4.5.5\",\"optional\":true}]}],\"layerDiffID\":\"sha256:8046d1b088791cd8a5c766cf10f8029cd475242887736c00cd74f3792c1dad6f\",\"homepage\":\"https://github.com/paketo-buildpacks/ruby\",\"name\":\"Paketo Buildpack for Ruby\"}},\"paketo-buildpacks/sbt\":{\"6.12.10\":{\"api\":\"0.7\",\"stacks\":[{\"id\":\"io.buildpacks.stacks.bionic\"},{\"id\":\"io.paketo.stacks.tiny\"},{\"id\":\"*\"}],\"layerDiffID\":\"sha256:65fe63989cfb8199caf97300a2c0f7a0592c07cebf8144aa12dc0c85d321fbe7\",\"homepage\":\"https://github.com/paketo-buildpacks/sbt\",\"name\":\"Paketo Buildpack for SBT\"}},\"paketo-buildpacks/source-removal\":{\"0.2.1\":{\"api\":\"0.7\",\"stacks\":[{\"id\":\"*\"}],\"layerDiffID\":\"sha256:c9b2b4846699e199bf3baa9f694c2914da8404ab2278da08576a53ecd11cd608\",\"name\":\"Paketo Buildpack for Source Removal\"}},\"paketo-buildpacks/spring-boot\":{\"5.27.7\":{\"api\":\"0.7\",\"stacks\":[{\"id\":\"io.buildpacks.stacks.bionic\"},{\"id\":\"io.paketo.stacks.tiny\"},{\"id\":\"*\"}],\"layerDiffID\":\"sha256:ba5039595a75bf813a4e4bf7ff60e1a8f6757f743d1c89203c0f71e884f4f7e1\",\"homepage\":\"https://github.com/paketo-buildpacks/spring-boot\",\"name\":\"Paketo Buildpack for Spring Boot\"}},\"paketo-buildpacks/syft\":{\"1.41.1\":{\"api\":\"0.7\",\"stacks\":[{\"id\":\"io.buildpacks.stacks.bionic\"},{\"id\":\"io.paketo.stacks.tiny\"},{\"id\":\"*\"}],\"layerDiffID\":\"sha256:ca20f0dabbd45ba53c5183831d430f570cdec3606f1283a2877a909761205138\",\"homepage\":\"https://github.com/paketo-buildpacks/syft\",\"name\":\"Paketo Buildpack for Syft\"}},\"paketo-buildpacks/thin\":{\"0.5.35\":{\"api\":\"0.7\",\"stacks\":[{\"id\":\"*\"}],\"layerDiffID\":\"sha256:9509ee62123bb3a02f3ca113d5222cd5762e24c6a748fd17ed4bc25427356e25\",\"homepage\":\"https://github.com/paketo-buildpacks/thin\",\"name\":\"Paketo Buildpack for Thin\"}},\"paketo-buildpacks/unicorn\":{\"0.4.35\":{\"api\":\"0.7\",\"stacks\":[{\"id\":\"*\"}],\"layerDiffID\":\"sha256:8476c034bcdc6cb591cfb03b2da9f4662478276127cbba5f82859267c3fc7e58\",\"homepage\":\"https://github.com/paketo-buildpacks/unicorn\",\"name\":\"Paketo Buildpack for Unicorn\"}},\"paketo-buildpacks/upx\":{\"3.4.6\":{\"api\":\"0.7\",\"stacks\":[{\"id\":\"io.buildpacks.stacks.bionic\"},{\"id\":\"io.paketo.stacks.tiny\"},{\"id\":\"*\"}],\"layerDiffID\":\"sha256:81431da72727491324cfc2eb7b0eddcda161c544b4670ce92bd5c4d0683415f3\",\"hom"
21:06:55.871 [Test worker] DEBUG com.github.dockerjava.zerodep.shaded.org.apache.hc.client5.http.wire - http-outgoing-0 << "epage\":\"https://github.com/paketo-buildpacks/upx\",\"name\":\"Paketo Buildpack for UPX\"}},\"paketo-buildpacks/vsdbg\":{\"0.3.5\":{\"api\":\"0.8\",\"stacks\":[{\"id\":\"io.buildpacks.stacks.bionic\"},{\"id\":\"io.buildpacks.stacks.jammy\"}],\"layerDiffID\":\"sha256:ed299730a7acac76a3c81f18c43e292044a1e5969d0268091ea4e55e2efca236\",\"name\":\"Paketo Buildpack for Visual Studio Debugger\"}},\"paketo-buildpacks/watchexec\":{\"2.8.3\":{\"api\":\"0.7\",\"stacks\":[{\"id\":\"io.buildpacks.stacks.bionic\"},{\"id\":\"io.paketo.stacks.tiny\"},{\"id\":\"*\"}],\"layerDiffID\":\"sha256"
21:06:55.871 [Test worker] DEBUG com.github.dockerjava.zerodep.shaded.org.apache.hc.client5.http.wire - http-outgoing-0 << "[\r][\n]"
21:06:55.871 [Test worker] DEBUG com.github.dockerjava.zerodep.shaded.org.apache.hc.client5.http.wire - http-outgoing-0 << "8000[\r][\n]"
21:06:55.871 [Test worker] DEBUG com.github.dockerjava.zerodep.shaded.org.apache.hc.client5.http.wire - http-outgoing-0 << ":7091071dbf9c60845a16f05a7c8edab69cc2c26aa13ba32c096f1f2097b91e72\",\"homepage\":\"https://github.com/paketo-buildpacks/watchexec\",\"name\":\"Paketo Buildpack for Watchexec\"},\"2.8.5\":{\"api\":\"0.7\",\"stacks\":[{\"id\":\"io.buildpacks.stacks.bionic\"},{\"id\":\"io.paketo.stacks.tiny\"},{\"id\":\"*\"}],\"layerDiffID\":\"sha256:11f60937526ebc92492d6a33591e0b2099c585ba920a78da56b476afcf8c7ac3\",\"homepage\":\"https://github.com/paketo-buildpacks/watchexec\",\"name\":\"Paketo Buildpack for Watchexec\"},\"2.8.6\":{\"api\":\"0.7\",\"stacks\":[{\"id\":\"io.buildpacks.stacks.bionic\"},{\"id\":\"io.paketo.stacks.tiny\"},{\"id\":\"*\"}],\"layerDiffID\":\"sha256:59ed9760c40281504b679fd3c24acba2fd5df71f4deb25caeb6f2d4611cd0b34\",\"homepage\":\"https://github.com/paketo-buildpacks/watchexec\",\"name\":\"Paketo Buildpack for Watchexec\"}},\"paketo-buildpacks/web-servers\":{\"0.19.1\":{\"api\":\"0.7\",\"order\":[{\"group\":[{\"id\":\"paketo-buildpacks/ca-certificates\",\"version\":\"3.6.5\",\"optional\":true},{\"id\":\"paketo-buildpacks/watchexec\",\"version\":\"2.8.5\",\"optional\":true},{\"id\":\"paketo-buildpacks/node-engine\",\"version\":\"2.0.0\"},{\"id\":\"paketo-buildpacks/yarn\",\"version\":\"1.1.11\"},{\"id\":\"paketo-buildpacks/yarn-install\",\"version\":\"1.2.1\"},{\"id\":\"paketo-buildpacks/node-run-script\",\"version\":\"1.0.13\"},{\"id\":\"paketo-buildpacks/nginx\",\"version\":\"0.15.6\"},{\"id\":\"paketo-buildpacks/procfile\",\"version\":\"5.6.6\",\"optional\":true},{\"id\":\"paketo-buildpacks/environment-variables\",\"version\":\"4.5.5\",\"optional\":true},{\"id\":\"paketo-buildpacks/image-labels\",\"version\":\"4.5.4\",\"optional\":true},{\"id\":\"paketo-buildpacks/source-removal\",\"version\":\"0.2.1\"}]},{\"group\":[{\"id\":\"paketo-buildpacks/ca-certificates\",\"version\":\"3.6.5\",\"optional\":true},{\"id\":\"paketo-buildpacks/watchexec\",\"version\":\"2.8.5\",\"optional\":true},{\"id\":\"paketo-buildpacks/node-engine\",\"version\":\"2.0.0\"},{\"id\":\"paketo-buildpacks/npm-install\",\"version\":\"1.3.0\"},{\"id\":\"paketo-buildpacks/node-run-script\",\"version\":\"1.0.13\"},{\"id\":\"paketo-buildpacks/nginx\",\"version\":\"0.15.6\"},{\"id\":\"paketo-buildpacks/procfile\",\"version\":\"5.6.6\",\"optional\":true},{\"id\":\"paketo-buildpacks/environment-variables\",\"version\":\"4.5.5\",\"optional\":true},{\"id\":\"paketo-buildpacks/image-labels\",\"version\":\"4.5.4\",\"optional\":true},{\"id\":\"paketo-buildpacks/source-removal\",\"version\":\"0.2.1\"}]},{\"group\":[{\"id\":\"paketo-buildpacks/ca-certificates\",\"version\":\"3.6.5\",\"optional\":true},{\"id\":\"paketo-buildpacks/watchexec\",\"version\":\"2.8.5\",\"optional\":true},{\"id\":\"paketo-buildpacks/node-engine\",\"version\":\"2.0.0\"},{\"id\":\"paketo-buildpacks/yarn\",\"version\":\"1.1.11\"},{\"id\":\"paketo-buildpacks/yarn-install\",\"version\":\"1.2.1\"},{\"id\":\"paketo-buildpacks/node-run-script\",\"version\":\"1.0.13\"},{\"id\":\"paketo-buildpacks/httpd\",\"version\":\"0.7.14\"},{\"id\":\"paketo-buildpacks/procfile\",\"version\":\"5.6.6\",\"optional\":true},{\"id\":\"paketo-buildpacks/environment-variables\",\"version\":\"4.5.5\",\"optional\":true},{\"id\":\"paketo-buildpacks/image-labels\",\"version\":\"4.5.4\",\"optional\":true},{\"id\":\"paketo-buildpacks/source-removal\",\"version\":\"0.2.1\"}]},{\"group\":[{\"id\":\"paketo-buildpacks/ca-certificates\",\"version\":\"3.6.5\",\"optional\":true},{\"id\":\"paketo-buildpacks/watchexec\",\"version\":\"2.8.5\",\"optional\":true},{\"id\":\"paketo-buildpacks/node-engine\",\"version\":\"2.0.0\"},{\"id\":\"paketo-buildpacks/npm-install\",\"version\":\"1.3.0\"},{\"id\":\"paketo-buildpacks/node-run-script\",\"version\":\"1.0.13\"},{\"id\":\"paketo-buildpacks/httpd\",\"version\":\"0.7.14\"},{\"id\":\"paketo-buildpacks/procfile\",\"version\":\"5.6.6\",\"optional\":true},{\"id\":\"paketo-buildpacks/environment-variables\",\"version\":\"4.5.5\",\"optional\":true},{\"id\":\"paketo-buildpacks/image-labels\",\"version\":\"4.5.4\",\"optional\":true},{\"id\":\"paketo-buildpacks/source-removal\",\"version\":\"0.2.1\"}]},{\"group\":[{\"id\":\"paketo-buildpacks/ca-certificates\",\"version\":\"3.6.5\",\"optional\":true},{\"id\":\"paketo-buildpacks/watchexec\",\"version\":\"2.8.5\",\"optional\":true},{\"id\":\"paketo-buildpacks/nginx\",\"version\":\"0.15.6\"},{\"id\":\"paketo-buildpacks/procfile\",\"version\":\"5.6.6\",\"optional\":true},{\"id\":\"paketo-buildpacks/environment-variables\",\"version\":\"4.5.5\",\"optional\":true},{\"id\":\"paketo-buildpacks/image-labels\",\"version\":\"4.5.4\",\"optional\":true},{\"id\":\"paketo-buildpacks/source-removal\",\"version\":\"0.2.1\"}]},{\"group\":[{\"id\":\"paketo-buildpacks/ca-certificates\",\"version\":\"3.6.5\",\"optional\":true},{\"id\":\"paketo-buildpacks/watchexec\",\"version\":\"2.8.5\",\"optional\":true},{\"id\":\"paketo-buildpacks/httpd\",\"version\":\"0.7.14\"},{\"id\":\"paketo-buildpacks/procfile\",\"version\":\"5.6.6\",\"optional\":true},{\"id\":\"paketo-buildpacks/environment-variables\",\"version\":\"4.5.5\",\"optional\":true},{\"id\":\"paketo-buildpacks/image-labels\",\"version\":\"4.5.4\",\"optional\":true},{\"id\":\"paketo-buildpacks/source-removal\",\"version\":\"0.2.1\"}]}],\"layerDiffID\":\"sha256:60b2632955c147fd465b110c148052c946dcc0af762ae3f2875da59c87e08516\",\"homepage\":\"https://github.com/paketo-buildpacks/web-servers\",\"name\":\"Paketo Buildpack for Web Servers\"}},\"paketo-buildpacks/yarn\":{\"1.1.11\":{\"api\":\"0.7\",\"stacks\":[{\"id\":\"io.buildpacks.stacks.bionic\"},{\"id\":\"io.buildpacks.stacks.jammy\"},{\"id\":\"*\"}],\"layerDiffID\":\"sha256:a7184382daf5436fe33ca5a0d69053fad35d1e13eb1047b6b908041ba9ca995e\",\"homepage\":\"https://github.com/paketo-buildpacks/yarn\",\"name\":\"Paketo Buildpack for Yarn\"},\"1.2.0\":{\"api\":\"0.7\",\"stacks\":[{\"id\":\"io.buildpacks.stacks.bionic\"},{\"id\":\"io.buildpacks.stacks.jammy\"},{\"id\":\"*\"}],\"layerDiffID\":\"sha256:ec468a227ffad6f302bab3acf85e994c7e7d35d413e0682ad2cd9d3c8ab17d80\",\"homepage\":\"https://github.com/paketo-buildpacks/yarn\",\"name\":\"Paketo Buildpack for Yarn\"}},\"paketo-buildpacks/yarn-install\":{\"1.2.1\":{\"api\":\"0.7\",\"stacks\":[{\"id\":\"*\"}],\"layerDiffID\":\"sha256:00eba1517d53a91e912fc8d03c7335ca58477b7412b458041e674ae1f60bf204\",\"homepage\":\"https://github.com/paketo-buildpacks/yarn-install\",\"name\":\"Paketo Buildpack for Yarn Install\"},\"1.2.2\":{\"api\":\"0.7\",\"stacks\":[{\"id\":\"*\"}],\"layerDiffID\":\"sha256:e23c3fb0f408926d15a29044d91de04e61dc35068fb3552604f410cfe68be161\",\"homepage\":\"https://github.com/paketo-buildpacks/yarn-install\",\"name\":\"Paketo Buildpack for Yarn Install\"}},\"paketo-buildpacks/yarn-start\":{\"1.1.3\":{\"api\":\"0.7\",\"stacks\":[{\"id\":\"*\"}],\"layerDiffID\":\"sha256:c19038830466a1990b14ed00f7b0464b4a7ad57c8c663398513f17524f97db95\",\"homepage\":\"https://github.com/paketo-buildpacks/yarn-start\",\"name\":\"Paketo Buildpack for Yarn Start\"}}}","io.buildpacks.buildpack.order":"[{\"group\":[{\"id\":\"paketo-buildpacks/ruby\",\"version\":\"0.42.0\"}]},{\"group\":[{\"id\":\"paketo-buildpacks/dotnet-core\",\"version\":\"0.42.1\"}]},{\"group\":[{\"id\":\"paketo-buildpacks/go\",\"version\":\"4.6.1\"}]},{\"group\":[{\"id\":\"paketo-buildpacks/java-native-image\",\"version\":\"8.24.0\"}]},{\"group\":[{\"id\":\"paketo-buildpacks/java\",\"version\":\"10.5.0\"}]},{\"group\":[{\"id\":\"paketo-buildpacks/web-servers\",\"version\":\"0.19.1\"}]},{\"group\":[{\"id\":\"paketo-buildpacks/nodejs\",\"version\":\"2.0.0\"}]},{\"group\":[{\"id\":\"paketo-buildpacks/python\",\"version\":\"2.14.0\"}]},{\"group\":[{\"id\":\"paketo-buildpacks/procfile\",\"version\":\"5.6.7\"}]}]","io.buildpacks.buildpack.order-extensions":"null","io.buildpacks.extension.layers":"{}","io.buildpacks.stack.description":"ubuntu:jammy with compilers and shell utilities","io.buildpacks.stack.distro.name":"ubuntu","io.buildpacks.stack.distro.version":"22.04","io.buildpacks.stack.homepage":"https://github.com/paketo-buildpacks/jammy-base-stack","io.buildpacks.stack.id":"io.buildpacks.stacks.jammy","io.buildpacks.stack.maintainer":"Paketo Buildpacks","io.buildpacks.stack.m"
21:06:55.871 [Test worker] DEBUG com.github.dockerjava.zerodep.shaded.org.apache.hc.client5.http.wire - http-outgoing-0 << "etadata":"{}","io.buildpacks.stack.mixins":"null","io.buildpacks.stack.released":"2023-12-08T02:41:34Z","org.opencontainers.image.ref.name":"ubuntu","org.opencontainers.image.version":"22.04"},"ParentId":"","RepoDigests":["paketobuildpacks/builder-jammy-base@sha256:9bc2779425e7f61d7eb3d273e4fa9df97057e70e29de63f5882fc0e54f9e78a4"],"RepoTags":null,"SharedSize":-1,"Size":1549274070,"VirtualSize":1549274070},{"Containers":-1,"Created":315532801,"Id":"sha256:43bae026b200b75477291fc5f39d3f3d1d4014f1de2af6085b18a71ab69c0bd7","Labels":{"io.buildpacks.build.metadata":"{\"buildpacks\":[{\"id\":\"paketo-buildpacks/ca-certificates\",\"version\":\"3.6.6\",\"homepage\":\"https://github.com/paketo-buildpacks/ca-certificates\"},{\"id\":\"paketo-buildpacks/bellsoft-liberica\",\"version\":\"10.4.4\",\"homepage\":\"https://github.com/paketo-buildpacks/bellsoft-liberica\"},{\"id\":\"paketo-buildpacks/syft\",\"version\":\"1.41.1\",\"homepage\":\"https://github.com/paketo-buildpacks/syft\"},{\"id\":\"paketo-buildpacks/executable-jar\",\"version\":\"6.8.3\",\"homepage\":\"https://github.com/paketo-buildpacks/executable-jar\"},{\"id\":\"paketo-buildpacks/dist-zip\",\"version\":\"5.6.8\",\"homepage\":\"https://github.com/paketo-buildpacks/dist-zip\"},{\"id\":\"paketo-buildpacks/spring-boot\",\"version\":\"5.27.7\",\"homepage\":\"https://github.com/paketo-buildpacks/spring-boot\"}],\"launcher\":{\"version\":\"0.18.2\",\"source\":{\"git\":{\"repository\":\"github.com/buildpacks/lifecycle\",\"commit\":\"bcffe236\"}}},\"processes\":[{\"type\":\"executable-jar\",\"command\":\"java\",\"args\":[\"org.springframework.boot.loader.JarLauncher\"],\"direct\":true,\"buildpackID\":\"paketo-buildpacks/executable-jar\"},{\"type\":\"task\",\"command\":\"java\",\"args\":[\"org.springframework.boot.loader.JarLauncher\"],\"direct\":true,\"buildpackID\":\"paketo-buildpacks/executable-jar\"},{\"type\":\"web\",\"command\":\"java\",\"args\":[\"org.springframework.boot.loader.JarLauncher\"],\"direct\":true,\"buildpackID\":\"paketo-buildpacks/executable-jar\"}],\"buildpack-default-process-type\":\"web\"}","io.buildpacks.lifecycle.metadata":"{\"app\":[{\"sha\":\"sha256:133e60d395c7d463d01cf022d2ee38ec0e3f5ba66b8d82b783ff629d0a767797\"},{\"sha\":\"sha256:ab99df5db2b97d32fa490bf9196b11e367a7f722f7df9f914fbfe4914305e43e\"},{\"sha\":\"sha256:5f70bf18a086007016e948b04aed3b82103a36bea41755b6cddfaf10ace3c6ef\"},{\"sha\":\"sha256:70472c86e741791fd6d82249430666551577528fdb85ce7a706a3420051ebd44\"},{\"sha\":\"sha256:5f70bf18a086007016e948b04aed3b82103a36bea41755b6cddfaf10ace3c6ef\"}],\"sbom\":{\"sha\":\"sha256:af9b3cbae9e5d0d522cf21a623b6aab3809def76272f44b03d7097108092d7cf\"},\"buildpacks\":[{\"key\":\"paketo-buildpacks/ca-certificates\",\"version\":\"3.6.6\",\"layers\":{\"helper\":{\"sha\":\"sha256:2dd1167e013198a431fa11d85b0c00c2a0c9776b940ba21f444dd75049347d80\",\"data\":{\"buildpackInfo\":{\"clear-env\":false,\"description\":\"A Cloud Native Buildpack that adds custom CA certificates to a build and a created image\",\"homepage\":\"https://github.com/paketo-buildpacks/ca-certificates\",\"id\":\"paketo-buildpacks/ca-certificates\",\"keywords\":[\"ca-certificates\",\"trust\",\"certificates\"],\"licenses\":[{\"type\":\"Apache-2.0\",\"uri\":\"https://github.com/paketo-buildpacks/ca-certificates/blob/main/LICENSE\"}],\"name\":\"Paketo Buildpack for CA Certificates\",\"sbom-formats\":[\"application/vnd.cyclonedx+json\",\"application/vnd.syft+json\"],\"version\":\"3.6.6\"},\"helperNames\":[\"ca-certificates-helper\"]},\"build\":false,\"launch\":true,\"cache\":false}}},{\"key\":\"paketo-buildpacks/bellsoft-liberica\",\"version\":\"10.4.4\",\"layers\":{\"helper\":{\"sha\":\"sha256:bdd8880429afa69df4856d2c5512706e0bfcde7a4b4fa729a15f0e6214c3441f\",\"data\":{\"buildpackInfo\":{\"clear-env\":false,\"description\":\"A Cloud Native Buildpack that provides the Bellsoft Liberica implementations of JREs and JDKs\",\"homepage\":\"https://github.com/paketo-buildpacks/bellsoft-liberica\",\"id\":\"paketo-buildpacks/bellsoft-liberica\",\"keywords\":[\"java\",\"jvm\",\"jre\",\"jdk\"],\"licenses\":[{\"type\":\"Apache-2.0\",\"uri\":\"https://github.com/paketo-buildpacks/bellsoft-liberica/blob/main/LICENSE\"}],\"name\":\"Paketo Buildpack for BellSoft Liberica\",\"sbom-formats\":[\"application/vnd.syft+json\",\"application/vnd.cyclonedx+json\"],\"version\":\"10.4.4\"},\"helperNames\":[\"active-processor-count\",\"java-opts\",\"jvm-heap\",\"link-local-dns\",\"memory-calculator\",\"security-providers-configurer\",\"jmx\",\"jfr\",\"openssl-certificate-loader\",\"security-providers-classpath-9\",\"debug-9\",\"nmt\"]},\"build\":false,\"launch\":true,\"cache\":false},\"java-security-properties\":{\"sha\":\"sha256:bea0a3dc2651cac7c9c567a5cb4e7536107b357cb9113e8806f690f050500012\",\"data\":{\"clear-env\":false,\"description\":\"A Cloud Native Buildpack that provides the Bellsoft Liberica implementations of JREs and JDKs\",\"homepage\":\"https://github.com/paketo-buildpacks/bellsoft-liberica\",\"id\":\"paketo-buildpacks/bellsoft-liberica\",\"keywords\":[\"java\",\"jvm\",\"jre\",\"jdk\"],\"licenses\":[{\"type\":\"Apache-2.0\",\"uri\":\"https://github.com/paketo-buildpacks/bellsoft-liberica/blob/main/LICENSE\"}],\"name\":\"Paketo Buildpack for BellSoft Liberica\",\"sbom-formats\":[\"application/vnd.syft+json\",\"application/vnd.cyclonedx+json\"],\"version\":\"10.4.4\"},\"build\":false,\"launch\":true,\"cache\":false},\"jre\":{\"sha\":\"sha256:7583a901ea5012e6933a3214b2f46e77b2998ba63057132752e7518b29d80288\",\"data\":{\"cert-file\":\"82f3a63130e0b47915659d619f177c8157c2bbb29dbf0f58ad2721ff84fb1190\",\"dependency\":{\"cpes\":[\"cpe:2.3:a:oracle:jre:17.0.9:*:*:*:*:*:*:*\"],\"deprecation_date\":\"0001-01-01T00:00:00Z\",\"id\":\"jre\",\"licenses\":[{\"type\":\"GPL-2.0 WITH Classpath-exception-2.0\",\"uri\":\"https://openjdk.java.net/legal/gplv2+ce.html\"}],\"name\":\"BellSoft Liberica JRE\",\"purl\":\"pkg:generic/bellsoft-jre@17.0.9?arch=amd64\",\"sha256\":\"8129150fa39f1fdf6fdef6b05cf74ff570dae35bf540d2bdd9bf915532e12d55\",\"stacks\":[\"io.buildpacks.stacks.bionic\",\"io.paketo.stacks.tiny\",\"*\"],\"uri\":\"https://github.com/bell-sw/Liberica/releases/download/17.0.9+11/bellsoft-jre17.0.9+11-linux-amd64.tar.gz\",\"version\":\"17.0.9\"}},\"build\":false,\"launch\":true,\"cache\":false}}},{\"key\":\"paketo-buildpacks/syft\",\"version\":\"1.41.1\",\"layers\":{}},{\"key\":\"paketo-buildpacks/executable-jar\",\"version\":\"6.8.3\",\"layers\":{\"classpath\":{\"sha\":\"sha256:417e5bfc3c82b9373cf6804206e071d2fc74560df867d0f39cb21ac3d15231b6\",\"data\":{\"classpath\":[\"/workspace\"],\"launch\":true},\"build\":true,\"launch\":true,\"cache\":false}}},{\"key\":\"paketo-buildpacks/dist-zip\",\"version\":\"5.6.8\",\"layers\":{}},{\"key\":\"paketo-buildpacks/spring-boot\",\"version\":\"5.27.7\",\"layers\":{\"helper\":{\"sha\":\"sha256:b89d860ce02fd70690525c591e47965d16ac2112d77dec810b31eae40c0f83e5\",\"data\":{\"buildpackInfo\":{\"clear-env\":false,\"description\":\"A Cloud Native Buildpack that contributes Spring Boot dependency information and slices an application into multiple layers\",\"homepage\":\"https://github.com/paketo-buildpacks/spring-boot\",\"id\":\"paketo-buildpacks/spring-boot\",\"keywords\":[\"java\",\"spring\",\"spring-boot\"],\"licenses\":[{\"type\":\"Apache-2.0\",\"uri\":\"https://github.com/paketo-buildpacks/spring-boot/blob/main/LICENSE\"}],\"name\":\"Paketo Buildpack for Spring Boot\",\"sbom-formats\":[\"application/vnd.cyclonedx+json\",\"application/vnd.syft+json\"],\"version\":\"5.27.7\"},\"helperNames\":[\"spring-cloud-bindings\"]},\"build\":false,\"launch\":true,\"cache\":false},\"spring-cloud-bindings\":{\"sha\":\"sha256:585d8b141d7aa07eecde5a1bae075c7898ab5809a215d66f160d3dfd46eaf577\",\"data\":{\"cpes\":[\"cpe:2.3:a:vmware:spring_cloud_bindings:1.13.0:*:*:*:*:*:*:*\"],\"deprecation_date\":\"0001-01-01T00:00:00Z\",\"id\":\"spring-cloud-bindings\",\"licenses\":[{\"type\":\"Apache-2.0\",\"uri\":\"https://github.com/spring-cloud/sp"
21:06:55.872 [Test worker] DEBUG com.github.dockerjava.zerodep.shaded.org.apache.hc.client5.http.wire - http-outgoing-0 << "ring-cloud-bindings/blob/main/LICENSE\"}],\"name\":\"Spring Cloud Bindings\",\"purl\":\"pkg:generic/springframework/spring-cloud-bindings@1.13.0\",\"sha256\":\"70a448cd45d1dbc117770f934961cd9577c0c4404d34986824f8f593cae4aada\",\"stacks\":[\"io.buildpacks.stacks.bionic\",\"io.paketo.stacks.tiny\",\"*\"],\"uri\":\"https://repo1.maven.org/maven2/org/springframework/cloud/spring-cloud-bindings/1.13.0/spring-cloud-bindings-1.13.0.jar\",\"version\":\"1.13.0\"},\"build\":false,\"launch\":true,\"cache\":false},\"web-application-type\":{\"sha\":\"sha256:366ce7d1a7f90f2e4ad08752f87510eee3ffca18736fa63c03823c8c4ebf2925\",\"data\":{\"files\":\"2402ab912839b720c6ff4287ee5d881ddcaefb67374c10ff627e042525b70e88\"},\"build\":false,\"launch\":true,\"cache\":false}}}],\"config\":{\"sha\":\"sha256:b5942915a213f89787970eeef24a1493e92db27aa079fef5aff34a513f60d8a5\"},\"launcher\":{\"sha\":\"sha256:9b01e3d17226cb926d56787ba05c9ce5d6a3495d352e7d960be6e5657fb88f58\"},\"process-types\":{\"sha\":\"sha256:1dc94a70dbaa2171fb086500a5d27797f779219b126b0a1eebb9180c2792e80e\"},\"runImage\":{\"topLayer\":\"sha256:a102bf278b817d0ae92fc8401eac1e011a711426a6cad6a340de7b1dbee92277\",\"reference\":\"4b659a375ff6f363ddd021bb1b9f65348278cf200ee3eed821ae5d790ced5bcd\"},\"stack\":{\"runImage\":{\"image\":\"index.docker.io/paketobuildpacks/run-jammy-base:latest\"}}}","io.buildpacks.project.metadata":"{}","io.buildpacks.stack.description":"ubuntu:jammy with some common dependencies like tzdata and openssl","io.buildpacks.stack.distro.name":"ubuntu","io.buildpacks.stack.distro.version":"22.04","io.buildpacks.stack.homepage":"https://github.com/paketo-buildpacks/jammy-base-stack","io.buildpacks.stack.id":"io.buildpacks.stacks.jammy","io.buildpacks.stack.maintainer":"Paketo Buildpacks","io.buildpacks.stack.metadata":"{}","io.buildpacks.stack.released":"2023-12-08T02:41:34Z","org.opencontainers.image.ref.name":"ubuntu","org.opencontainers.image.version":"22.04","org.springframework.boot.version":"2.7.18"},"ParentId":"","RepoDigests":["<none>@<none>"],"RepoTags":["<none>:<none>"],"SharedSize":-1,"Size":348042880,"VirtualSize":348042880},{"Containers":-1,"Created":315532801,"Id":"sha256:2fe85e973e0ae0ea4a9761e4fe082fa5b8ed77a145fb0d7e49fde52c53ebdbd6","Labels":{"io.buildpacks.build.metadata":"{\"buildpacks\":[{\"id\":\"paketo-buildpacks/ca-certificates\",\"version\":\"3.6.6\",\"homepage\":\"https://github.com/paketo-buildpacks/ca-certificates\"},{\"id\":\"paketo-buildpacks/bellsoft-liberica\",\"version\":\"10.4.4\",\"homepage\":\"https://github.com/paketo-buildpacks/bellsoft-liberica\"},{\"id\":\"paketo-buildpacks/syft\",\"version\":\"1.41.1\",\"homepage\":\"https://github.com/paketo-buildpacks/syft\"},{\"id\":\"paketo-buildpacks/executable-jar\",\"version\":\"6.8.3\",\"homepage\":\"https://github.com/paketo-buildpacks/executable-jar\"},{\"id\":\"paketo-buildpacks/dist-zip\",\"version\":\"5.6.8\",\"homepage\":\"https://github.com/paketo-buildpacks/dist-zip\"},{\"id\":\"paketo-buildpacks/spring-boot\",\"version\":\"5.27.7\",\"homepage\":\"https://github.com/paketo-buildpacks/spring-boot\"}],\"launcher\":{\"version\":\"0.18.2\",\"source\":{\"git\":{\"repository\":\"github.com/buildpacks/lifecycle\",\"commit\":\"bcffe236\"}}},\"processes\":[{\"type\":\"executable-jar\",\"command\":\"java\",\"args\":[\"org.springframework.boot.loader.JarLauncher\"],\"direct\":true,\"buildpackID\":\"paketo-buildpacks/executable-jar\"},{\"type\":\"task\",\"command\":\"java\",\"args\":[\"org.springframework.boot.loader.JarLauncher\"],\"direct\":true,\"buildpackID\":\"paketo-buildpacks/executable-jar\"},{\"type\":\"web\",\"command\":\"java\",\"args\":[\"org.springframework.boot.loader.JarLauncher\"],\"direct\":true,\"buildpackID\":\"paketo-buildpacks/executable-jar\"}],\"buildpack-default-process-type\":\"web\"}","io.buildpacks.lifecycle.metadata":"{\"app\":[{\"sha\":\"sha256:133e60d395c7d463d01cf022d2ee38ec0e3f5ba66b8d82b783ff629d0a767797\"},{\"sha\":\"sha256:ab99df5db2b97d32fa490bf9196b11e367a7f722f7df9f914fbfe4914305e43e\"},{\"sha\":\"sha256:5f70bf18a086007016e948b04aed3b82103a36bea41755b6cddfaf10ace3c6ef\"},{\"sha\":\"sha256:65285d7b3161d6ede23ad10d8c65643450dc3d23ac4531a1eceabd4bf113d464\"},{\"sha\":\"sha256:5f70bf18a086007016e948b04aed3b82103a36bea41755b6cddfaf10ace3c6ef\"}],\"sbom\":{\"sha\":\"sha256:af9b3cbae9e5d0d522cf21a623b6aab3809def76272f44b03d7097108092d7cf\"},\"buildpacks\":[{\"key\":\"paketo-buildpacks/ca-certificates\",\"version\":\"3.6.6\",\"layers\":{\"helper\":{\"sha\":\"sha256:2dd1167e013198a431fa11d85b0c00c2a0c9776b940ba21f444dd75049347d80\",\"data\":{\"buildpackInfo\":{\"clear-env\":false,\"description\":\"A Cloud Native Buildpack that adds custom CA certificates to a build and a created image\",\"homepage\":\"https://github.com/paketo-buildpacks/ca-certificates\",\"id\":\"paketo-buildpacks/ca-certificates\",\"keywords\":[\"ca-certificates\",\"trust\",\"certificates\"],\"licenses\":[{\"type\":\"Apache-2.0\",\"uri\":\"https://github.com/paketo-buildpacks/ca-certificates/blob/main/LICENSE\"}],\"name\":\"Paketo Buildpack for CA Certificates\",\"sbom-formats\":[\"application/vnd.cyclonedx+json\",\"application/vnd.syft+json\"],\"version\":\"3.6.6\"},\"helperNames\":[\"ca-certificates-helper\"]},\"build\":false,\"launch\":true,\"cache\":false}}},{\"key\":\"paketo-buildpacks/bellsoft-liberica\",\"version\":\"10.4.4\",\"layers\":{\"helper\":{\"sha\":\"sha256:bdd8880429afa69df4856d2c5512706e0bfcde7a4b4fa729a15f0e6214c3441f\",\"data\":{\"buildpackInfo\":{\"clear-env\":false,\"description\":\"A Cloud Native Buildpack that provides the Bellsoft Liberica implementations of JREs and JDKs\",\"homepage\":\"https://github.com/paketo-buildpacks/bellsoft-liberica\",\"id\":\"paketo-buildpacks/bellsoft-liberica\",\"keywords\":[\"java\",\"jvm\",\"jre\",\"jdk\"],\"licenses\":[{\"type\":\"Apache-2.0\",\"uri\":\"https://github.com/paketo-buildpacks/bellsoft-liberica/blob/main/LICENSE\"}],\"name\":\"Paketo Buildpack for BellSoft Liberica\",\"sbom-formats\":[\"application/vnd.syft+json\",\"application/vnd.cyclonedx+json\"],\"version\":\"10.4.4\"},\"helperNames\":[\"active-processor-count\",\"java-opts\",\"jvm-heap\",\"link-local-dns\",\"memory-calculator\",\"security-providers-configurer\",\"jmx\",\"jfr\",\"openssl-certificate-loader\",\"security-providers-classpath-9\",\"debug-9\",\"nmt\"]},\"build\":false,\"launch\":true,\"cache\":false},\"java-security-properties\":{\"sha\":\"sha256:bea0a3dc2651cac7c9c567a5cb4e7536107b357cb9113e8806f690f050500012\",\"data\":{\"clear-env\":false,\"description\":\"A Cloud Native Buildpack that provides the Bellsoft Liberica implementations of JREs and JDKs\",\"homepage\":\"https://github.com/paketo-buildpacks/bellsoft-liberica\",\"id\":\"paketo-buildpacks/bellsoft-liberica\",\"keywords\":[\"java\",\"jvm\",\"jre\",\"jdk\"],\"licenses\":[{\"type\":\"Apache-2.0\",\"uri\":\"https://github.com/paketo-buildpacks/bellsoft-liberica/blob/main/LICENSE\"}],\"name\":\"Paketo Buildpack for BellSoft Liberica\",\"sbom-formats\":[\"application/vnd.syft+json\",\"application/vnd.cyclonedx+json\"],\"version\":\"10.4.4\"},\"build\":false,\"launch\":true,\"cache\":false},\"jre\":{\"sha\":\"sha256:7583a901ea5012e6933a3214b2f46e77b2998ba63057132752e7518b29d80288\",\"data\":{\"cert-file\":\"82f3a63130e0b47915659d619f177c8157c2bbb29dbf0f58ad2721ff84fb1190\",\"dependency\":{\"cpes\":[\"cpe:2.3:a:oracle:jre:17.0.9:*:*:*:*:*:*:*\"],\"deprecation_date\":\"0001-01-01T00:00:00Z\",\"id\":\"jre\",\"licenses\":[{\"type\":\"GPL-2.0 WITH Classpath-exception-2.0\",\"uri\":\"https://openjdk.java.net/legal/gplv2+ce.html\"}],\"name\":\"BellSoft Liberica JRE\",\"purl\":\"pkg:generic/bellsoft-jre@17.0.9?arch=amd64\",\"sha256\":\"8129150fa39f1fdf6fdef6b05cf74ff570dae35bf540d2bdd9bf915532e12d55\",\"stacks\":[\"io.buildpacks.stacks.bionic\",\"io.paketo.stacks.tiny\",\"*\"],\"uri\":\"https://github.com/bell-sw/Liberica/releases/download/17.0.9+11/bellsoft-jre17.0.9+11-linux-amd64.tar.gz\",\"version\":\"17.0.9\"}},\"build\":false,\"launch\"
21:06:55.872 [Test worker] DEBUG com.github.dockerjava.zerodep.shaded.org.apache.hc.client5.http.wire - http-outgoing-0 << "":true,\"cache\":false}}},{\"key\":\"paketo-buildpacks/syft\",\"version\":\"1.41.1\",\"layers\":{}},{\"key\":\"paketo-buildpacks/executable-jar\",\"version\":\"6.8.3\",\"layers\":{\"classpath\":{\"sha\":\"sha256:417e5bfc3c82b9373cf6804206e071d2fc74560df867d0f39cb21ac3d15231b6\",\"data\":{\"classpath\":[\"/workspace\"],\"launch\":true},\"build\":true,\"launch\":true,\"cache\":false}}},{\"key\":\"paketo-buildpacks/dist-zip\",\"version\":\"5.6.8\",\"layers\":{}},{\"key\":\"paketo-buildpacks/spring-boot\",\"version\":\"5.27.7\",\"layers\":{\"helper\":{\"sha\":\"sha256:b89d860ce02fd70690525c591e47965d16ac2112d77dec810b31eae40c0f83e5\",\"data\":{\"buildpackInfo\":{\"clear-env\":false,\"description\":\"A Cloud Native Buildpack that contributes Spring Boot dependency information and slices an application into multiple layers\",\"homepage\":\"https://github.com/paketo-buildpacks/spring-boot\",\"id\":\"paketo-buildpacks/spring-boot\",\"keywords\":[\"java\",\"spring\",\"spring-boot\"],\"licenses\":[{\"type\":\"Apache-2.0\",\"uri\":\"https://github.com/paketo-buildpacks/spring-boot/blob/main/LICENSE\"}],\"name\":\"Paketo Buildpack for Spring Boot\",\"sbom-formats\":[\"application/vnd.cyclonedx+json\",\"application/vnd.syft+json\"],\"version\":\"5.27.7\"},\"helperNames\":[\"spring-cloud-bindings\"]},\"build\":false,\"launch\":true,\"cache\":false},\"spring-cloud-bindings\":{\"sha\":\"sha256:585d8b141d7aa07eecde5a1bae075c7898ab5809a215d66f160d3dfd46eaf577\",\"data\":{\"cpes\":[\"cpe:2.3:a:vmware:spring_cloud_bindings:1.13.0:*:*:*:*:*:*:*\"],\"deprecation_date\":\"0001-01-01T00:00:00Z\",\"id\":\"spring-cloud-bindings\",\"licenses\":[{\"type\":\"Apache-2.0\",\"uri\":\"https://github.com/spring-cloud/spring-cloud-bindings/blob/main/LICENSE\"}],\"name\":\"Spring Cloud Bindings\",\"purl\":\"pkg:generic/springframework/spring-cloud-bindings@1.13.0\",\"sha256\":\"70a448cd45d1dbc117770f934961cd9577c0c4404d34986824f8f593cae4aada\",\"stacks\":[\"io.buildpacks.stacks.bionic\",\"io.paketo.stacks.tiny\",\"*\"],\"uri\":\"https://repo1.maven.org/maven2/org/springframework/cloud/spring-cloud-bindings/1.13.0/spring-cloud-bindings-1.13.0.jar\",\"version\":\"1.13.0\"},\"build\":false,\"launch\":true,\"cache\":false},\"web-application-type\":{\"sha\":\"sha256:366ce7d1a7f90f2e4ad08752f87510eee3ffca18736fa63c03823c8c4ebf2925\",\"data\":{\"files\":\"8a71ca31dc1bbc0e7066a2958e2f68d2f4501b188f89e4e1b28a20235ec6cfbc\"},\"build\":false,\"launch\":true,\"cache\":false}}}],\"config\":{\"sha\":\"sha256:b5942915a213f89787970eeef24a1493e92db27aa079fef5aff34a513f60d8a5\"},\"launcher\":{\"sha\":\"sha256:9b01e3d17226cb926d56787ba05c9ce5d6a3495d352e7d960be6e5657fb88f58\"},\"process-types\":{\"sha\":\"sha256:1dc94a70dbaa2171fb086500a5d27797f779219b126b0a1eebb9180c2792e80e\"},\"runImage\":{\"topLayer\":\"sha256:a102bf278b817d0ae92fc8401eac1e011a711426a6cad6a340de7b1dbee92277\",\"reference\":\"4b659a375ff6f363ddd021bb1b9f65348278cf200ee3eed821ae5d790ced5bcd\"},\"stack\":{\"runImage\":{\"image\":\"index.docker.io/paketobuildpacks/run-jammy-base:latest\"}}}","io.buildpacks.project.metadata":"{}","io.buildpacks.stack.description":"ubuntu:jammy with some common dependencies like tzdata and openssl","io.buildpacks.stack.distro.name":"ubuntu","io.buildpacks.stack.distro.version":"22.04","io.buildpacks.stack.homepage":"https://github.com/paketo-buildpacks/jammy-base-stack","io.buildpacks.stack.id":"io.buildpacks.stacks.jammy","io.buildpacks.stack.maintainer":"Paketo Buildpacks","io.buildpacks.stack.metadata":"{}","io.buildpacks.stack.released":"2023-12-08T02:41:34Z","org.opencontainers.image.ref.name":"ubuntu","org.opencontainers.image.version":"22.04","org.springframework.boot.version":"2.7.18"},"ParentId":"","RepoDigests":["<none>@<none>"],"RepoTags":["<none>:<none>"],"SharedSize":-1,"Size":348042588,"VirtualSize":348042588},{"Containers":-1,"Created":315532801,"Id":"sha256:050ed48532b2372205a8bded4b0ad65578e02f979ef50cabbc587e7c157bb255","Labels":{"io.buildpacks.builder.metadata":"{\"description\":\"Ubuntu bionic base image with buildpacks for Java, .NET Core, NodeJS, Go, Python, Ruby, Apache HTTPD, NGINX and Procfile\",\"buildpacks\":[{\"id\":\"paketo-buildpacks/dotnet-core\",\"name\":\"Paketo Buildpack for .NET Core\",\"version\":\"0.38.0\",\"homepage\":\"https://github.com/paketo-buildpacks/dotnet-core\"},{\"id\":\"paketo-buildpacks/ca-certificates\",\"name\":\"Paketo Buildpack for CA Certificates\",\"version\":\"3.6.3\",\"homepage\":\"https://github.com/paketo-buildpacks/ca-certificates\"},{\"id\":\"paketo-buildpacks/dotnet-core-aspnet-runtime\",\"name\":\"Paketo Buildpack for ASP.NET Core Runtime\",\"version\":\"0.3.19\",\"homepage\":\"https://github.com/paketo-buildpacks/dotnet-core-aspnet-runtime\"},{\"id\":\"paketo-buildpacks/dotnet-core-sdk\",\"name\":\"Paketo Buildpack for .NET Core SDK\",\"version\":\"0.13.17\",\"homepage\":\"https://github.com/paketo-buildpacks/dotnet-core-sdk\"},{\"id\":\"paketo-buildpacks/dotnet-execute\",\"name\":\"Paketo Buildpack for .NET Execute\",\"version\":\"0.14.17\",\"homepage\":\"https://github.com/paketo-buildpacks/dotnet-execute\"},{\"id\":\"paketo-buildpacks/dotnet-publish\",\"name\":\"Paketo Buildpack for .NET Publish\",\"version\":\"0.12.15\",\"homepage\":\"https://github.com/paketo-buildpacks/dotnet-publish\"},{\"id\":\"paketo-buildpacks/environment-variables\",\"name\":\"Paketo Buildpack for Environment Variables\",\"version\":\"4.5.3\",\"homepage\":\"https://github.com/paketo-buildpacks/environment-variables\"},{\"id\":\"paketo-buildpacks/icu\",\"name\":\"Paketo Buildpack for ICU\",\"version\":\"0.6.14\",\"homepage\":\"https://github.com/paketo-buildpacks/icu\"},{\"id\":\"paketo-buildpacks/image-labels\",\"name\":\"Paketo Buildpack for Image Labels\",\"version\":\"4.5.2\",\"homepage\":\"https://github.com/paketo-buildpacks/image-labels\"},{\"id\":\"paketo-buildpacks/node-engine\",\"name\":\"Paketo Buildpack for Node Engine\",\"version\":\"1.6.0\",\"homepage\":\"https://github.com/paketo-buildpacks/node-engine\"},{\"id\":\"paketo-buildpacks/procfile\",\"name\":\"Paketo Buildpack for Procfile\",\"version\":\"5.6.4\",\"homepage\":\"https://github.com/paketo-buildpacks/procfile\"},{\"id\":\"paketo-buildpacks/vsdbg\",\"name\":\"Paketo Buildpack for Visual Studio Debugger\",\"version\":\"0.2.10\"},{\"id\":\"paketo-buildpacks/watchexec\",\"name\":\"Paketo Buildpack for Watchexec\",\"version\":\"2.8.3\",\"homepage\":\"https://github.com/paketo-buildpacks/watchexec\"},{\"id\":\"paketo-buildpacks/go\",\"name\":\"Paketo Buildpack for Go\",\"version\":\"4.4.3\",\"homepage\":\"https://github.com/paketo-buildpacks/go\"},{\"id\":\"paketo-buildpacks/ca-certificates\",\"name\":\"Paketo Buildpack for CA Certificates\",\"version\":\"3.6.3\",\"homepage\":\"https://github.com/paketo-buildpacks/ca-certificates\"},{\"id\":\"paketo-buildpacks/environment-variables\",\"name\":\"Paketo Buildpack for Environment Variables\",\"version\":\"4.5.3\",\"homepage\":\"https://github.com/paketo-buildpacks/environment-variables\"},{\"id\":\"paketo-buildpacks/git\",\"name\":\"Paketo Buildpack for Git\",\"version\":\"1.0.6\",\"homepage\":\"https://github.com/paketo-buildpacks/git\"},{\"id\":\"paketo-buildpacks/go-build\",\"name\":\"Paketo Buildpack for Go Build\",\"version\":\"2.0.22\",\"homepage\":\"https://github.com/paketo-buildpacks/go-build\"},{\"id\":\"paketo-buildpacks/go-dist\",\"name\":\"Paketo Buildpack for Go Distribution\",\"version\":\"2.3.10\",\"homepage\":\"https://github.com/paketo-buildpacks/go-dist\"},{\"id\":\"paketo-buildpacks/go-mod-vendor\",\"name\":\"Paketo Buildpack for Go Mod Vendor\",\"version\":\"1.0.21\",\"homepage\":\"https://github.com/paketo-buildpacks/go-mod-vendor\"},{\"id\":\"paketo-buildpacks/image-labels\",\"name\":\"Paketo Buildpack for Image Labels\",\"version\":\"4.5.2\",\"homepage\":\"https://github.com/paketo-buildpacks/image-labels\"},{\"id\":\"paketo-buildpacks/procfile\",\"name\":\"Paketo Buildpack for Procfile\",\"version\":\"5.6.4\",\"homepage\":\"h"
21:06:55.875 [Test worker] DEBUG com.github.dockerjava.zerodep.shaded.org.apache.hc.client5.http.wire - http-outgoing-0 << "ttps://github.com/paketo-buildpacks/procfile\"},{\"id\":\"paketo-buildpacks/watchexec\",\"name\":\"Paketo Buildpack for Watchexec\",\"version\":\"2.8.3\",\"homepage\":\"https://github.com/paketo-buildpacks/watchexec\"},{\"id\":\"paketo-buildpacks/java-native-image\",\"name\":\"Paketo Buildpack for Java Native Image\",\"version\":\"8.12.0\",\"homepage\":\"https://paketo.io/docs/howto/java/#build-an-app-as-a-graalvm-native-image-application\"},{\"id\":\"paketo-buildpacks/bellsoft-liberica\",\"name\":\"Paketo Buildpack for BellSoft Liberica\",\"version\":\"10.2.6\",\"homepage\":\""
21:06:55.875 [Test worker] DEBUG com.github.dockerjava.zerodep.shaded.org.apache.hc.client5.http.wire - http-outgoing-0 << "[\r][\n]"
21:06:55.875 [Test worker] DEBUG com.github.dockerjava.zerodep.shaded.org.apache.hc.client5.http.wire - http-outgoing-0 << "8000[\r][\n]"
21:06:55.875 [Test worker] DEBUG com.github.dockerjava.zerodep.shaded.org.apache.hc.client5.http.wire - http-outgoing-0 << "https://github.com/paketo-buildpacks/bellsoft-liberica\"},{\"id\":\"paketo-buildpacks/ca-certificates\",\"name\":\"Paketo Buildpack for CA Certificates\",\"version\":\"3.6.3\",\"homepage\":\"https://github.com/paketo-buildpacks/ca-certificates\"},{\"id\":\"paketo-buildpacks/datadog\",\"name\":\"Paketo Buildpack for Datadog\",\"version\":\"3.15.0\",\"homepage\":\"https://github.com/paketo-buildpacks/datadog\"},{\"id\":\"paketo-buildpacks/environment-variables\",\"name\":\"Paketo Buildpack for Environment Variables\",\"version\":\"4.5.3\",\"homepage\":\"https://github.com/paketo-buildpacks/environment-variables\"},{\"id\":\"paketo-buildpacks/executable-jar\",\"name\":\"Paketo Buildpack for Executable JAR\",\"version\":\"6.7.4\",\"homepage\":\"https://github.com/paketo-buildpacks/executable-jar\"},{\"id\":\"paketo-buildpacks/gradle\",\"name\":\"Paketo Buildpack for Gradle\",\"version\":\"7.3.0\",\"homepage\":\"https://github.com/paketo-buildpacks/gradle\"},{\"id\":\"paketo-buildpacks/image-labels\",\"name\":\"Paketo Buildpack for Image Labels\",\"version\":\"4.5.2\",\"homepage\":\"https://github.com/paketo-buildpacks/image-labels\"},{\"id\":\"paketo-buildpacks/leiningen\",\"name\":\"Paketo Buildpack for Leiningen\",\"version\":\"4.6.4\",\"homepage\":\"https://github.com/paketo-buildpacks/leiningen\"},{\"id\":\"paketo-buildpacks/maven\",\"name\":\"Paketo Buildpack for Maven\",\"version\":\"6.15.5\",\"homepage\":\"https://github.com/paketo-buildpacks/maven\"},{\"id\":\"paketo-buildpacks/native-image\",\"name\":\"Paketo Buildpack for Native Image\",\"version\":\"5.12.1\",\"homepage\":\"https://github.com/paketo-buildpacks/native-image\"},{\"id\":\"paketo-buildpacks/procfile\",\"name\":\"Paketo Buildpack for Procfile\",\"version\":\"5.6.4\",\"homepage\":\"https://github.com/paketo-buildpacks/procfile\"},{\"id\":\"paketo-buildpacks/sbt\",\"name\":\"Paketo Buildpack for SBT\",\"version\":\"6.12.2\",\"homepage\":\"https://github.com/paketo-buildpacks/sbt\"},{\"id\":\"paketo-buildpacks/spring-boot\",\"name\":\"Paketo Buildpack for Spring Boot\",\"version\":\"5.26.1\",\"homepage\":\"https://github.com/paketo-buildpacks/spring-boot\"},{\"id\":\"paketo-buildpacks/syft\",\"name\":\"Paketo Buildpack for Syft\",\"version\":\"1.32.1\",\"homepage\":\"https://github.com/paketo-buildpacks/syft\"},{\"id\":\"paketo-buildpacks/upx\",\"name\":\"Paketo Buildpack for UPX\",\"version\":\"3.4.3\",\"homepage\":\"https://github.com/paketo-buildpacks/upx\"},{\"id\":\"paketo-buildpacks/java\",\"name\":\"Paketo Buildpack for Java\",\"version\":\"9.14.0\",\"homepage\":\"https://paketo.io/docs/howto/java\"},{\"id\":\"paketo-buildpacks/apache-tomcat\",\"name\":\"Paketo Buildpack for Apache Tomcat\",\"version\":\"7.13.7\",\"homepage\":\"https://github.com/paketo-buildpacks/apache-tomcat\"},{\"id\":\"paketo-buildpacks/apache-tomee\",\"name\":\"Paketo Buildpack for Apache Tomee\",\"version\":\"1.7.4\",\"homepage\":\"https://github.com/paketo-buildpacks/apache-tomee\"},{\"id\":\"paketo-buildpacks/azure-application-insights\",\"name\":\"Paketo Buildpack for Azure Application Insights\",\"version\":\"5.15.1\",\"homepage\":\"https://github.com/paketo-buildpacks/azure-application-insights\"},{\"id\":\"paketo-buildpacks/bellsoft-liberica\",\"name\":\"Paketo Buildpack for BellSoft Liberica\",\"version\":\"10.2.6\",\"homepage\":\"https://github.com/paketo-buildpacks/bellsoft-liberica\"},{\"id\":\"paketo-buildpacks/ca-certificates\",\"name\":\"Paketo Buildpack for CA Certificates\",\"version\":\"3.6.3\",\"homepage\":\"https://github.com/paketo-buildpacks/ca-certificates\"},{\"id\":\"paketo-buildpacks/clojure-tools\",\"name\":\"Paketo Buildpack for Clojure Tools\",\"version\":\"2.8.5\",\"homepage\":\"https://github.com/paketo-buildpacks/clojure-tools\"},{\"id\":\"paketo-buildpacks/datadog\",\"name\":\"Paketo Buildpack for Datadog\",\"version\":\"3.15.0\",\"homepage\":\"https://github.com/paketo-buildpacks/datadog\"},{\"id\":\"paketo-buildpacks/dist-zip\",\"name\":\"Paketo Buildpack for DistZip\",\"version\":\"5.6.4\",\"homepage\":\"https://github.com/paketo-buildpacks/dist-zip\"},{\"id\":\"paketo-buildpacks/encrypt-at-rest\",\"name\":\"Paketo Buildpack for Encrypt-at-Rest\",\"version\":\"4.5.5\",\"homepage\":\"https://github.com/paketo-buildpacks/encrypt-at-rest\"},{\"id\":\"paketo-buildpacks/environment-variables\",\"name\":\"Paketo Buildpack for Environment Variables\",\"version\":\"4.5.3\",\"homepage\":\"https://github.com/paketo-buildpacks/environment-variables\"},{\"id\":\"paketo-buildpacks/executable-jar\",\"name\":\"Paketo Buildpack for Executable JAR\",\"version\":\"6.7.4\",\"homepage\":\"https://github.com/paketo-buildpacks/executable-jar\"},{\"id\":\"paketo-buildpacks/google-stackdriver\",\"name\":\"Paketo Buildpack for Google Stackdriver\",\"version\":\"7.6.1\",\"homepage\":\"https://github.com/paketo-buildpacks/google-stackdriver\"},{\"id\":\"paketo-buildpacks/gradle\",\"name\":\"Paketo Buildpack for Gradle\",\"version\":\"7.3.0\",\"homepage\":\"https://github.com/paketo-buildpacks/gradle\"},{\"id\":\"paketo-buildpacks/image-labels\",\"name\":\"Paketo Buildpack for Image Labels\",\"version\":\"4.5.2\",\"homepage\":\"https://github.com/paketo-buildpacks/image-labels\"},{\"id\":\"paketo-buildpacks/jattach\",\"name\":\"Paketo Buildpack for JAttach\",\"version\":\"1.4.4\",\"homepage\":\"https://github.com/paketo-buildpacks/jattach\"},{\"id\":\"paketo-buildpacks/java-memory-assistant\",\"name\":\"Paketo Buildpack for Java Memory Assistant\",\"version\":\"1.4.4\",\"homepage\":\"https://github.com/paketo-buildpacks/java-memory-assistant\"},{\"id\":\"paketo-buildpacks/leiningen\",\"name\":\"Paketo Buildpack for Leiningen\",\"version\":\"4.6.4\",\"homepage\":\"https://github.com/paketo-buildpacks/leiningen\"},{\"id\":\"paketo-buildpacks/liberty\",\"name\":\"Paketo Buildpack for Liberty\",\"version\":\"3.8.2\",\"homepage\":\"https://github.com/paketo-buildpacks/liberty\"},{\"id\":\"paketo-buildpacks/maven\",\"name\":\"Paketo Buildpack for Maven\",\"version\":\"6.15.5\",\"homepage\":\"https://github.com/paketo-buildpacks/maven\"},{\"id\":\"paketo-buildpacks/node-engine\",\"name\":\"Paketo Buildpack for Node Engine\",\"version\":\"1.6.0\",\"homepage\":\"https://github.com/paketo-buildpacks/node-engine\"},{\"id\":\"paketo-buildpacks/procfile\",\"name\":\"Paketo Buildpack for Procfile\",\"version\":\"5.6.4\",\"homepage\":\"https://github.com/paketo-buildpacks/procfile\"},{\"id\":\"paketo-buildpacks/sbt\",\"name\":\"Paketo Buildpack for SBT\",\"version\":\"6.12.2\",\"homepage\":\"https://github.com/paketo-buildpacks/sbt\"},{\"id\":\"paketo-buildpacks/spring-boot\",\"name\":\"Paketo Buildpack for Spring Boot\",\"version\":\"5.26.1\",\"homepage\":\"https://github.com/paketo-buildpacks/spring-boot\"},{\"id\":\"paketo-buildpacks/syft\",\"name\":\"Paketo Buildpack for Syft\",\"version\":\"1.32.1\",\"homepage\":\"https://github.com/paketo-buildpacks/syft\"},{\"id\":\"paketo-buildpacks/watchexec\",\"name\":\"Paketo Buildpack for Watchexec\",\"version\":\"2.8.3\",\"homepage\":\"https://github.com/paketo-buildpacks/watchexec\"},{\"id\":\"paketo-buildpacks/yarn\",\"name\":\"Paketo Buildpack for Yarn\",\"version\":\"1.1.9\",\"homepage\":\"https://github.com/paketo-buildpacks/yarn\"},{\"id\":\"paketo-buildpacks/nodejs\",\"name\":\"Paketo Buildpack for Node.js\",\"version\":\"1.7.0\",\"homepage\":\"https://github.com/paketo-buildpacks/nodejs\"},{\"id\":\"paketo-buildpacks/ca-certificates\",\"name\":\"Paketo Buildpack for CA Certificates\",\"version\":\"3.6.2\",\"homepage\":\"https://github.com/paketo-buildpacks/ca-certif"
21:06:55.875 [Test worker] DEBUG com.github.dockerjava.zerodep.shaded.org.apache.hc.client5.http.wire - http-outgoing-0 << "icates\"},{\"id\":\"paketo-buildpacks/datadog\",\"name\":\"Paketo Buildpack for Datadog\",\"version\":\"3.6.0\",\"homepage\":\"https://github.com/paketo-buildpacks/datadog\"},{\"id\":\"paketo-buildpacks/environment-variables\",\"name\":\"Paketo Buildpack for Environment Variables\",\"version\":\"4.5.2\",\"homepage\":\"https://github.com/paketo-buildpacks/environment-variables\"},{\"id\":\"paketo-buildpacks/image-labels\",\"name\":\"Paketo Buildpack for Image Labels\",\"version\":\"4.5.1\",\"homepage\":\"https://github.com/paketo-buildpacks/image-labels\"},{\"id\":\"paketo-buildpacks/node-engine\",\"name\":\"Paketo Buildpack for Node Engine\",\"version\":\"1.6.0\",\"homepage\":\"https://github.com/paketo-buildpacks/node-engine\"},{\"id\":\"paketo-buildpacks/node-run-script\",\"name\":\"Paketo Buildpack for Node Run Script\",\"version\":\"1.0.10\",\"homepage\":\"https://github.com/paketo-buildpacks/node-run-script\"},{\"id\":\"paketo-buildpacks/node-start\",\"name\":\"Paketo Buildpack for Node Start\",\"version\":\"1.0.11\",\"homepage\":\"https://github.com/paketo-buildpacks/node-start\"},{\"id\":\"paketo-buildpacks/npm-install\",\"name\":\"Paketo Buildpack for NPM Install\",\"version\":\"1.1.4\",\"homepage\":\"https://github.com/paketo-buildpacks/npm-install\"},{\"id\":\"paketo-buildpacks/npm-start\",\"name\":\"Paketo Buildpack for NPM Start\",\"version\":\"1.0.11\",\"homepage\":\"https://github.com/paketo-buildpacks/npm-start\"},{\"id\":\"paketo-buildpacks/procfile\",\"name\":\"Paketo Buildpack for Procfile\",\"version\":\"5.6.3\",\"homepage\":\"https://github.com/paketo-buildpacks/procfile\"},{\"id\":\"paketo-buildpacks/watchexec\",\"name\":\"Paketo Buildpack for Watchexec\",\"version\":\"2.8.2\",\"homepage\":\"https://github.com/paketo-buildpacks/watchexec\"},{\"id\":\"paketo-buildpacks/yarn\",\"name\":\"Paketo Buildpack for Yarn\",\"version\":\"1.1.9\",\"homepage\":\"https://github.com/paketo-buildpacks/yarn\"},{\"id\":\"paketo-buildpacks/yarn-install\",\"name\":\"Paketo Buildpack for Yarn Install\",\"version\":\"1.1.3\",\"homepage\":\"https://github.com/paketo-buildpacks/yarn-install\"},{\"id\":\"paketo-buildpacks/yarn-start\",\"name\":\"Paketo Buildpack for Yarn Start\",\"version\":\"1.0.11\",\"homepage\":\"https://github.com/paketo-buildpacks/yarn-start\"},{\"id\":\"paketo-buildpacks/procfile\",\"name\":\"Paketo Buildpack for Procfile\",\"version\":\"5.6.4\",\"homepage\":\"https://github.com/paketo-buildpacks/procfile\"},{\"id\":\"paketo-buildpacks/python\",\"name\":\"Paketo Buildpack for Python\",\"version\":\"2.13.0\"},{\"id\":\"paketo-buildpacks/ca-certificates\",\"name\":\"Paketo Buildpack for CA Certificates\",\"version\":\"3.6.3\",\"homepage\":\"https://github.com/paketo-buildpacks/ca-certificates\"},{\"id\":\"paketo-buildpacks/conda-env-update\",\"name\":\"Paketo Buildpack for Conda Env Update\",\"version\":\"0.7.11\",\"homepage\":\"https://github.com/paketo-buildpacks/conda-env-update\"},{\"id\":\"paketo-buildpacks/cpython\",\"name\":\"Paketo Buildpack for CPython\",\"version\":\"1.8.11\"},{\"id\":\"paketo-buildpacks/environment-variables\",\"name\":\"Paketo Buildpack for Environment Variables\",\"version\":\"4.5.3\",\"homepage\":\"https://github.com/paketo-buildpacks/environment-variables\"},{\"id\":\"paketo-buildpacks/image-labels\",\"name\":\"Paketo Buildpack for Image Labels\",\"version\":\"4.5.2\",\"homepage\":\"https://github.com/paketo-buildpacks/image-labels\"},{\"id\":\"paketo-buildpacks/miniconda\",\"name\":\"Paketo Buildpack for Miniconda\",\"version\":\"0.8.4\"},{\"id\":\"paketo-buildpacks/pip\",\"name\":\"Paketo Buildpack for Pip\",\"version\":\"0.17.4\"},{\"id\":\"paketo-buildpacks/pip-install\",\"name\":\"Paketo Buildpack for Pip Install\",\"version\":\"0.5.16\"},{\"id\":\"paketo-buildpacks/pipenv\",\"name\":\"Paketo Buildpack for Pipenv\",\"version\":\"1.18.0\"},{\"id\":\"paketo-buildpacks/pipenv-install\",\"name\":\"Paketo Buildpack for Pipenv Install\",\"version\":\"0.6.17\"},{\"id\":\"paketo-buildpacks/poetry\",\"name\":\"Paketo Buildpack for Poetry\",\"version\":\"0.6.4\"},{\"id\":\"paketo-buildpacks/poetry-install\",\"name\":\"Paketo Buildpack for Poetry Install\",\"version\":\"0.3.16\"},{\"id\":\"paketo-buildpacks/poetry-run\",\"name\":\"Paketo Buildpack for Poetry Run\",\"version\":\"0.4.18\"},{\"id\":\"paketo-buildpacks/procfile\",\"name\":\"Paketo Buildpack for Procfile\",\"version\":\"5.6.4\",\"homepage\":\"https://github.com/paketo-buildpacks/procfile\"},{\"id\":\"paketo-buildpacks/python-start\",\"name\":\"Paketo Buildpack for Python Start\",\"version\":\"0.14.11\",\"homepage\":\"https://github.com/paketo-buildpacks/python-start\"},{\"id\":\"paketo-buildpacks/watchexec\",\"name\":\"Paketo Buildpack for Watchexec\",\"version\":\"2.8.3\",\"homepage\":\"https://github.com/paketo-buildpacks/watchexec\"},{\"id\":\"paketo-buildpacks/ruby\",\"name\":\"Paketo Buildpack for Ruby\",\"version\":\"0.38.1\",\"homepage\":\"https://github.com/paketo-buildpacks/ruby\"},{\"id\":\"paketo-buildpacks/bundle-install\",\"name\":\"Paketo Buildpack for Bundle Install\",\"version\":\"0.7.9\",\"homepage\":\"https://github.com/paketo-buildpacks/bundle-install\"},{\"id\":\"paketo-buildpacks/bundler\",\"name\":\"Paketo Buildpack for Bundler\",\"version\":\"0.7.21\",\"homepage\":\"https://github.com/paketo-buildpacks/bundler\"},{\"id\":\"paketo-buildpacks/ca-certificates\",\"name\":\"Paketo Buildpack for CA Certificates\",\"version\":\"3.6.3\",\"homepage\":\"https://github.com/paketo-buildpacks/ca-certificates\"},{\"id\":\"paketo-buildpacks/environment-variables\",\"name\":\"Paketo Buildpack for Environment Variables\",\"version\":\"4.5.3\",\"homepage\":\"https://github.com/paketo-buildpacks/environment-variables\"},{\"id\":\"paketo-buildpacks/image-labels\",\"name\":\"Paketo Buildpack for Image Labels\",\"version\":\"4.5.2\",\"homepage\":\"https://github.com/paketo-buildpacks/image-labels\"},{\"id\":\"paketo-buildpacks/mri\",\"name\":\"Paketo Buildpack for MRI\",\"version\":\"0.14.5\",\"homepage\":\"https://github.com/paketo-buildpacks/mri\"},{\"id\":\"paketo-buildpacks/node-engine\",\"name\":\"Paketo Buildpack for Node Engine\",\"version\":\"1.6.0\",\"homepage\":\"https://github.com/paketo-buildpacks/node-engine\"},{\"id\":\"paketo-buildpacks/passenger\",\"name\":\"Paketo Buildpack for Passenger\",\"version\":\"0.10.3\",\"homepage\":\"https://github.com/paketo-buildpacks/passenger\"},{\"id\":\"paketo-buildpacks/procfile\",\"name\":\"Paketo Buildpack for Procfile\",\"version\":\"5.6.4\",\"homepage\":\"https://github.com/paketo-buildpacks/procfile\"},{\"id\":\"paketo-buildpacks/puma\",\"name\":\"Paketo Buildpack for Puma\",\"version\":\"0.4.31\",\"homepage\":\"https://github.com/paketo-buildpacks/puma\"},{\"id\":\"paketo-buildpacks/rackup\",\"name\":\"Paketo Buildpack for Rackup\",\"version\":\"0.4.30\",\"homepage\":\"https://github.com/paketo-buildpacks/rackup\"},{\"id\":\"paketo-buildpacks/rails-assets\",\"name\":\"Paketo Buildpack for Rails Assets\",\"version\":\"0.9.1\",\"homepage\":\"https://github.com/paketo-buildpacks/rails-assets\"},{\"id\":\"paketo-buildpacks/rake\",\"name\":\"Paketo Buildpack for Rake\",\"version\":\"0.4.30\",\"homepage\":\"https://github.com/paketo-buildpacks/rake\"},{\"id\":\"paketo-buildpacks/thin\",\"name\":\"Paketo Buildpack for Thin\",\"version\":\"0.5.30\",\"homepage\":\"https://github.com/paketo-buildpacks/thin\"},{\"id\":\"paketo-buildpacks/unicorn\",\"name\":\"Paketo Buildpack for Unicorn\",\"version\":\"0.4.30\",\"homepage\":\"https://github.com/paketo-buildpacks/unicorn\"},{\"id\":\"paketo-buildpacks/yarn\",\"name\":\"Paketo Buildpack for Yarn\",\"version\":\"1.1.9\",\"homepage\":\"https://github.com/paketo-buildpacks/yarn\"},{\"id\":\"paketo-buildpacks/yarn-install\",\"name\":\"Paketo Buildpack for Yarn Install\",\"version\":\"1.1.3\",\"homepage\":\"https://github.com/paketo-buildpacks/yarn-install\"},{\"id\":\"paketo-buildpacks/watchexec\",\"name\":\"Paketo Buildpack for Watchexec\",\"version\":\"
21:06:55.875 [Test worker] DEBUG com.github.dockerjava.zerodep.shaded.org.apache.hc.client5.http.wire - http-outgoing-0 << ""2.8.3\",\"homepage\":\"https://github.com/paketo-buildpacks/watchexec\"},{\"id\":\"paketo-buildpacks/web-servers\",\"name\":\"Paketo Buildpack for Web Servers\",\"version\":\"0.17.1\",\"homepage\":\"https://github.com/paketo-buildpacks/web-servers\"},{\"id\":\"paketo-buildpacks/ca-certificates\",\"name\":\"Paketo Buildpack for CA Certificates\",\"version\":\"3.6.3\",\"homepage\":\"https://github.com/paketo-buildpacks/ca-certificates\"},{\"id\":\"paketo-buildpacks/environment-variables\",\"name\":\"Paketo Buildpack for Environment Variables\",\"version\":\"4.5.3\",\"homepage\":\"https://github.com/paketo-buildpacks/environment-variables\"},{\"id\":\"paketo-buildpacks/httpd\",\"name\":\"Paketo Buildpack for Apache HTTP Server\",\"version\":\"0.7.11\",\"homepage\":\"https://github.com/paketo-buildpacks/httpd\"},{\"id\":\"paketo-buildpacks/image-labels\",\"name\":\"Paketo Buildpack for Image Labels\",\"version\":\"4.5.2\",\"homepage\":\"https://github.com/paketo-buildpacks/image-labels\"},{\"id\":\"paketo-buildpacks/nginx\",\"name\":\"Paketo Buildpack for Nginx Server\",\"version\":\"0.15.3\",\"homepage\":\"https://github.com/paketo-buildpacks/nginx\"},{\"id\":\"paketo-buildpacks/node-engine\",\"name\":\"Paketo Buildpack for Node Engine\",\"version\":\"1.6.0\",\"homepage\":\"https://github.com/paketo-buildpacks/node-engine\"},{\"id\":\"paketo-buildpacks/node-run-script\",\"name\":\"Paketo Buildpack for Node Run Script\",\"version\":\"1.0.10\",\"homepage\":\"https://github.com/paketo-buildpacks/node-run-script\"},{\"id\":\"paketo-buildpacks/npm-install\",\"name\":\"Paketo Buildpack for NPM Install\",\"version\":\"1.1.4\",\"homepage\":\"https://github.com/paketo-buildpacks/npm-install\"},{\"id\":\"paketo-buildpacks/procfile\",\"name\":\"Paketo Buildpack for Procfile\",\"version\":\"5.6.4\",\"homepage\":\"https://github.com/paketo-buildpacks/procfile\"},{\"id\":\"paketo-buildpacks/source-removal\",\"name\":\"Paketo Source Removal Buildpack\",\"version\":\"0.2.0\"},{\"id\":\"paketo-buildpacks/watchexec\",\"name\":\"Paketo Buildpack for Watchexec\",\"version\":\"2.8.3\",\"homepage\":\"https://github.com/paketo-buildpacks/watchexec\"},{\"id\":\"paketo-buildpacks/yarn\",\"name\":\"Paketo Buildpack for Yarn\",\"version\":\"1.1.9\",\"homepage\":\"https://github.com/paketo-buildpacks/yarn\"},{\"id\":\"paketo-buildpacks/yarn-install\",\"name\":\"Paketo Buildpack for Yarn Install\",\"version\":\"1.1.3\",\"homepage\":\"https://github.com/paketo-buildpacks/yarn-install\"}],\"extensions\":null,\"stack\":{\"runImage\":{\"image\":\"index.docker.io/paketobuildpacks/run:base-cnb\",\"mirrors\":[\"gcr.io/paketo-buildpacks/run:base-cnb\"]}},\"lifecycle\":{\"version\":\"0.16.5\",\"api\":{\"buildpack\":\"0.2\",\"platform\":\"0.3\"},\"apis\":{\"buildpack\":{\"deprecated\":[\"0.2\",\"0.3\",\"0.4\",\"0.5\",\"0.6\"],\"supported\":[\"0.2\",\"0.3\",\"0.4\",\"0.5\",\"0.6\",\"0.7\",\"0.8\",\"0.9\"]},\"platform\":{\"deprecated\":[\"0.3\",\"0.4\",\"0.5\",\"0.6\"],\"supported\":[\"0.3\",\"0.4\",\"0.5\",\"0.6\",\"0.7\",\"0.8\",\"0.9\",\"0.10\",\"0.11\"]}}},\"createdBy\":{\"name\":\"Pack CLI\",\"version\":\"0.29.0+git-95c8060.build-4209\"}}","io.buildpacks.buildpack.layers":"{\"paketo-buildpacks/apache-tomcat\":{\"7.13.7\":{\"api\":\"0.7\",\"stacks\":[{\"id\":\"*\"}],\"layerDiffID\":\"sha256:f51812bd748efbb0a5d00cc4c858725fa222d0cb6e6a32861b0e16c15c81f74c\",\"homepage\":\"https://github.com/paketo-buildpacks/apache-tomcat\",\"name\":\"Paketo Buildpack for Apache Tomcat\"}},\"paketo-buildpacks/apache-tomee\":{\"1.7.4\":{\"api\":\"0.7\",\"stacks\":[{\"id\":\"*\"}],\"layerDiffID\":\"sha256:9d06d8bfd1ff7131cb51c0b36cb73e1839ba7cabf475242e2f75abba7cff2b35\",\"homepage\":\"https://github.com/paketo-buildpacks/apache-tomee\",\"name\":\"Paketo Buildpack for Apache Tomee\"}},\"paketo-buildpacks/azure-application-insights\":{\"5.15.1\":{\"api\":\"0.7\",\"stacks\":[{\"id\":\"io.buildpacks.stacks.bionic\"},{\"id\":\"io.paketo.stacks.tiny\"},{\"id\":\"*\"}],\"layerDiffID\":\"sha256:f2087660da5a29cc6ef700f300c976527b58d9bcc8f1d3c9835a1c8639efdc2c\",\"homepage\":\"https://github.com/paketo-buildpacks/azure-application-insights\",\"name\":\"Paketo Buildpack for Azure Application Insights\"}},\"paketo-buildpacks/bellsoft-liberica\":{\"10.2.6\":{\"api\":\"0.7\",\"stacks\":[{\"id\":\"io.paketo.stacks.tiny\"},{\"id\":\"io.buildpacks.stacks.bionic\"},{\"id\":\"*\"}],\"layerDiffID\":\"sha256:b3cf3500a8a0b344d64a729af3015bbf0acdf7e366df9236d0413995d1021885\",\"homepage\":\"https://github.com/paketo-buildpacks/bellsoft-liberica\",\"name\":\"Paketo Buildpack for BellSoft Liberica\"}},\"paketo-buildpacks/bundle-install\":{\"0.7.9\":{\"api\":\"0.7\",\"stacks\":[{\"id\":\"*\"}],\"layerDiffID\":\"sha256:9e3065df182bcce4255c4abdb507b4d67008eeacda931695f040a6b1bf1ab914\",\"homepage\":\"https://github.com/paketo-buildpacks/bundle-install\",\"name\":\"Paketo Buildpack for Bundle Install\"}},\"paketo-buildpacks/bundler\":{\"0.7.21\":{\"api\":\"0.7\",\"stacks\":[{\"id\":\"io.buildpacks.stacks.bionic\"},{\"id\":\"io.buildpacks.stacks.jammy\"}],\"layerDiffID\":\"sha256:328f9410b29d780e094f1457344ec0843351b665df8d0c1a99596da74380e6f2\",\"homepage\":\"https://github.com/paketo-buildpacks/bundler\",\"name\":\"Paketo Buildpack for Bundler\"}},\"paketo-buildpacks/ca-certificates\":{\"3.6.2\":{\"api\":\"0.7\",\"stacks\":[{\"id\":\"io.buildpacks.stacks.bionic\"},{\"id\":\"io.paketo.stacks.tiny\"},{\"id\":\"*\"}],\"layerDiffID\":\"sha256:49631f3af5f1ff0eea827424bffab333e74e8ae66bf01fbc6cff37a8aee0aab0\",\"homepage\":\"https://github.com/paketo-buildpacks/ca-certificates\",\"name\":\"Paketo Buildpack for CA Certificates\"},\"3.6.3\":{\"api\":\"0.7\",\"stacks\":[{\"id\":\"io.buildpacks.stacks.bionic\"},{\"id\":\"io.paketo.stacks.tiny\"},{\"id\":\"*\"}],\"layerDiffID\":\"sha256:b60541d13f4fa3fddd3783a1cb77de4c502e590a34c0265becc0d1819ea0f664\",\"homepage\":\"https://github.com/paketo-buildpacks/ca-certificates\",\"name\":\"Paketo Buildpack for CA Certificates\"}},\"paketo-buildpacks/clojure-tools\":{\"2.8.5\":{\"api\":\"0.7\",\"stacks\":[{\"id\":\"io.buildpacks.stacks.bionic\"},{\"id\":\"io.paketo.stacks.tiny\"},{\"id\":\"*\"}],\"layerDiffID\":\"sha256:a3fe2380e553431c6451435c989f6688814f44374f5d478ea72bdaca33c4fcba\",\"homepage\":\"https://github.com/paketo-buildpacks/clojure-tools\",\"name\":\"Paketo Buildpack for Clojure Tools\"}},\"paketo-buildpacks/conda-env-update\":{\"0.7.11\":{\"api\":\"0.7\",\"stacks\":[{\"id\":\"*\"}],\"layerDiffID\":\"sha256:991b8686b549c9069d4c2ed69201818babd624f80856154f88efb918e4ad63b4\",\"homepage\":\"https://github.com/paketo-buildpacks/conda-env-update\",\"name\":\"Paketo Buildpack for Conda Env Update\"}},\"paketo-buildpacks/cpython\":{\"1.8.11\":{\"api\":\"0.7\",\"stacks\":[{\"id\":\"*\"}],\"layerDiffID\":\"sha256:4f522778a92c9df3bc757b5d6f7e41ec28bfed8e3e35487d7d9b06bf8d270335\",\"name\":\"Paketo Buildpack for CPython\"}},\"paketo-buildpacks/datadog\":{\"3.15.0\":{\"api\":\"0.7\",\"stacks\":[{\"id\":\"io.buildpacks.stacks.bionic\"},{\"id\":\"io.paketo.stacks.tiny\"},{\"id\":\"*\"}],\"layerDiffID\":\"sha256:50fcf21ac6fa2d6850d036c7b9d0116b30232e54daf6eb2a9f06b79f2eb018b6\",\"homepage\":\"https://github.com/paketo-buildpacks/datadog\",\"name\":\"Paketo Buildpack for Datadog\"},\"3.6.0\":{\"api\":\"0.7\",\"stacks\":[{\"id\":\"io.buildpacks.stacks.bionic\"},{\"id\":\"io.paketo.stacks.tiny\"},{\"id\":\"*\"}],\"layerDiffID\":\"sha256:b351bc73239608a09c7523656594df065fd2a6aacaee90254945d9e3070122ca\",\"homepage\":\"https://github.com/paketo-buildpacks/datadog\",\"name\":\"Paketo Buildpack for Datadog\"}},\"paketo-buildpacks/dist-zip\":{\"5.6.4\":{\"api\":\"0.7\",\"stacks\":[{\"id\":\"io.buildpacks.stacks.bionic\"},{\"id\":\"io.paketo.stacks.tiny\"},{\"id\":\"*\"}],\"layerDiffID\":\"sha256:9c2513a3481c8a568301627b8ee6a00db44341a69f599fdea4993d75fface10d\",\"homepage\":\"https://github.com/paketo-buildpacks/dist-zip\",\"name\":\"Paketo Buildpack for DistZip\"}},\"paketo-buildpacks/dotnet-core\":{\"0.38.0\":"
21:06:55.875 [Test worker] DEBUG com.github.dockerjava.zerodep.shaded.org.apache.hc.client5.http.wire - http-outgoing-0 << "{\"api\":\"0.8\",\"order\":[{\"group\":[{\"id\":\"paketo-buildpacks/ca-certificates\",\"version\":\"3.6.3\",\"optional\":true},{\"id\":\"paketo-buildpacks/watchexec\",\"version\":\"2.8.3\",\"optional\":true},{\"id\":\"paketo-buildpacks/vsdbg\",\"version\":\"0.2.10\",\"optional\":true},{\"id\":\"paketo-buildpacks/dotnet-core-sdk\",\"version\":\"0.13.17\",\"optional\":true},{\"id\":\"paketo-buildpacks/icu\",\"version\":\"0.6.14\",\"optional\":true},{\"id\":\"paketo-buildpacks/node-engine\",\"version\":\"1.6.0\",\"optional\":true},{\"id\":\"paketo-buildpacks/dotnet-publish\",\"version\":\"0.12.15\",\"optional\":true},{\"id\":\"paketo-buildpacks/dotnet-core-aspnet-runtime\",\"version\":\"0.3.19\",\"optional\":true},{\"id\":\"paketo-buildpacks/dotnet-execute\",\"version\":\"0.14.17\"},{\"id\":\"paketo-buildpacks/procfile\",\"version\":\"5.6.4\",\"optional\":true},{\"id\":\"paketo-buildpacks/environment-variables\",\"version\":\"4.5.3\",\"optional\":true},{\"id\":\"paketo-buildpacks/image-labels\",\"version\":\"4.5.2\",\"optional\":true}]}],\"layerDiffID\":\"sha256:e8a4c2b58a355e19967c399b7124d9995dae47a0616d7db98e8d98cf1a322497\",\"homepage\":\"https://github.com/paketo-buildpacks/dotnet-core\",\"name\":\"Paketo Buildpack for .NET Core\"}},\"paketo-buildpacks/dotnet-core-aspnet-runtime\":{\"0.3.19\":{\"api\":\"0.8\",\"stacks\":[{\"id\":\"io.buildpacks.stacks.bionic\"},{\"id\":\"io.buildpacks.stacks.jammy\"}],\"layerDiffID\":\"sha256:8650fe12459059281bbc881c747524e8893edb818ae161ad360afabe449582c0\",\"homepage\":\"https://github.com/paketo-buildpacks/dotnet-core-aspnet-runtime\",\"name\":\"Paketo Buildpack for ASP.NET Core Runtime\"}},\"paketo-buildpacks/dotnet-core-sdk\":{\"0.13.17\":{\"api\":\"0.8\",\"stacks\":[{\"id\":\"io.buildpacks.stacks.bionic\"},{\"id\":\"io.buildpacks.stacks.jammy\"}],\"layerDiffID\":\"sha256:01849d9f62352a43bfca1ed24de71a2ca73d2a13731de7299983484d32243fad\",\"homepage\":\"https://github.com/paketo-buildpacks/dotnet-core-sdk\",\"name\":\"Paketo Buildpack for .NET Core SDK\"}},\"paketo-buildpacks/dotnet-execute\":{\"0.14.17\":{\"api\":\"0.8\",\"stacks\":[{\"id\":\"*\"}],\"layerDiffID\":\"sha256:af256d51f2de1bb048a7291f225a393a54ca58f9db7c7c207e0cd7d64c3b25d7\",\"homepage\":\"https://github.com/paketo-buildpacks/dotnet-execute\",\"name\":\"Paketo Buildpack for .NET Execute\"}},\"paketo-buildpacks/dotnet-publish\":{\"0.12.15\":{\"api\":\"0.8\",\"stacks\":[{\"id\":\"*\"}],\"layerDiffID\":\"sha256:f59c619cb3e4822047c3d8384737fce62c8d278fee0f2b4a213c79ef1ce508b4\",\"homepage\":\"https://github.com/paketo-buildpacks/dotnet-publish\",\"name\":\"Paketo Buildpack for .NET Publish\"}},\"paketo-buildpacks/encrypt-at-rest\":{\"4.5.5\":{\"api\":\"0.7\",\"stacks\":[{\"id\":\"io.buildpacks.stacks.bionic\"},{\"id\":\"io.paketo.stacks.tiny\"},{\"id\":\"*\"}],\"layerDiffID\":\"sha256:c0dbfd2786f2da3430c2e06aa14dab332196bdf31e170ef88519da6e08f9fb23\",\"homepage\":\"https://github.com/paketo-buildpacks/encrypt-at-rest\",\"name\":\"Paketo Buildpack for Encrypt-at-Rest\"}},\"paketo-buildpacks/environment-variables\":{\"4.5.2\":{\"api\":\"0.7\",\"stacks\":[{\"id\":\"io.buildpacks.stacks.bionic\"},{\"id\":\"io.paketo.stacks.tiny\"},{\"id\":\"*\"}],\"layerDiffID\":\"sha256:9fbdf2e6696ddeef17cee730c77a608cee8ec8707301e6286e846fc40c8f02b5\",\"homepage\":\"https://github.com/paketo-buildpacks/environment-variables\",\"name\":\"Paketo Buildpack for Environment Variables\"},\"4.5.3\":{\"api\":\"0.7\",\"stacks\":[{\"id\":\"io.buildpacks.stacks.bionic\"},{\"id\":\"io.paketo.stacks.tiny\"},{\"id\":\"*\"}],\"layerDiffID\":\"sha256:e0b403660a34970e9f33fbfca76e5f60f900243797be86ce381746b6197771d3\",\"homepage\":\"https://github.com/paketo-buildpacks/environment-variables\",\"name\":\"Paketo Buildpack for Environment Variables\"}},\"paketo-buildpacks/executable-jar\":{\"6.7.4\":{\"api\":\"0.7\",\"stacks\":[{\"id\":\"io.buildpacks.stacks.bionic\"},{\"id\":\"io.paketo.stacks.tiny\"},{\"id\":\"*\"}],\"layerDiffID\":\"sha256:9164db8fc82a1acc36e6405bff527dd4749b86cde49596a4d7723ee77069741f\",\"homepage\":\"https://github.com/paketo-buildpacks/executable-jar\",\"name\":\"Paketo Buildpack for Executable JAR\"}},\"paketo-buildpacks/git\":{\"1.0.6\":{\"api\":\"0.7\",\"stacks\":[{\"id\":\"*\"}],\"layerDiffID\":\"sha256:0e31bbc7faf3323c4b9de907520c5a1e482aebaa66dcb113fb03e09bb3b7d26f\",\"homepage\":\"https://github.com/paketo-buildpacks/git\",\"name\":\"Paketo Buildpack for Git\"}},\"paketo-buildpacks/go\":{\"4.4.3\":{\"api\":\"0.7\",\"order\":[{\"group\":[{\"id\":\"paketo-buildpacks/ca-certificates\",\"version\":\"3.6.3\",\"optional\":true},{\"id\":\"paketo-buildpacks/watchexec\",\"version\":\"2.8.3\",\"optional\":true},{\"id\":\"paketo-buildpacks/go-dist\",\"version\":\"2.3.10\"},{\"id\":\"paketo-buildpacks/git\",\"version\":\"1.0.6\",\"optional\":true},{\"id\":\"paketo-buildpacks/go-mod-vendor\",\"version\":\"1.0.21\"},{\"id\":\"paketo-buildpacks/go-build\",\"version\":\"2.0.22\"},{\"id\":\"paketo-buildpacks/procfile\",\"version\":\"5.6.4\",\"optional\":true},{\"id\":\"paketo-buildpacks/environment-variables\",\"version\":\"4.5.3\",\"optional\":true},{\"id\":\"paketo-buildpacks/image-labels\",\"version\":\"4.5.2\",\"optional\":true}]},{\"group\":[{\"id\":\"paketo-buildpacks/ca-certificates\",\"version\":\"3.6.3\",\"optional\":true},{\"id\":\"paketo-buildpacks/watchexec\",\"version\":\"2.8.3\",\"optional\":true},{\"id\":\"paketo-buildpacks/go-dist\",\"version\":\"2.3.10\"},{\"id\":\"paketo-buildpacks/git\",\"version\":\"1.0.6\",\"optional\":true},{\"id\":\"paketo-buildpacks/go-build\",\"version\":\"2.0.22\"},{\"id\":\"paketo-buildpacks/procfile\",\"version\":\"5.6.4\",\"optional\":true},{\"id\":\"paketo-buildpacks/environment-variables\",\"version\":\"4.5.3\",\"optional\":true},{\"id\":\"paketo-buildpacks/image-labels\",\"version\":\"4.5.2\",\"optional\":true}]}],\"layerDiffID\":\"sha256:811b50314034a0e1fb8a4c6fe80e29894d7b7578662587dd442b9fed727a1b99\",\"homepage\":\"https://github.com/paketo-buildpacks/go\",\"name\":\"Paketo Buildpack for Go\"}},\"paketo-buildpacks/go-build\":{\"2.0.22\":{\"api\":\"0.7\",\"stacks\":[{\"id\":\"*\"}],\"layerDiffID\":\"sha256:3baabb6d3525c0f2b5871892de7a22643a073830de93488264144e880c1fe0cf\",\"homepage\":\"https://github.com/paketo-buildpacks/go-build\",\"name\":\"Paketo Buildpack for Go Build\"}},\"paketo-buildpacks/go-dist\":{\"2.3.10\":{\"api\":\"0.7\",\"stacks\":[{\"id\":\"*\"}],\"layerDiffID\":\"sha256:8b327ad0f11a83347403b4c554e6dec655490edbab90815e421550e431a0421a\",\"homepage\":\"https://github.com/paketo-buildpacks/go-dist\",\"name\":\"Paketo Buildpack for Go Distribution\"}},\"paketo-buildpacks/go-mod-vendor\":{\"1.0.21\":{\"api\":\"0.7\",\"stacks\":[{\"id\":\"*\"}],\"layerDiffID\":\"sha256:7b577412431b703d9a951ef9dd5449c24c3075099f30588b8e4245971198d67e\",\"homepage\":\"https://github.com/paketo-buildpacks/go-mod-vendor\",\"name\":\"Paketo Buildpack for Go Mod Vendor\"}},\"paketo-buildpacks/google-stackdriver\":{\"7.6.1\":{\"api\":\"0.7\",\"stacks\":[{\"id\":\"io.buildpacks.stacks.bionic\"},{\"id\":\"io.paketo.stacks.tiny\"},{\"id\":\"*\"}],\"layerDiffID\":\"sha256:19f2954bc0c4ae07c37d5852d53d51a02faf9a5916d0f6bfb167ccaa859e2071\",\"homepage\":\"https://github.com/paketo-buildpacks/google-stackdriver\",\"name\":\"Paketo Buildpack for Google Stackdriver\"}},\"paketo-buildpacks/gradle\":{\"7.3.0\":{\"api\":\"0.7\",\"stacks\":[{\"id\":\"io.buildpacks.stacks.bionic\"},{\"id\":\"io.paketo.stacks.tiny\"},{\"id\":\"*\"}],\"layerDiffID\":\"sha256:c9fa23813e4f74c0102a33d21f23b88016ca216d181500c4d39288cfb468929c\",\"homepage\":\"https://github.com/paketo-buildpacks/gradle\",\"name\":\"Paketo Buildpack for Gradle\"}},\"paketo-buildpacks/httpd\":{\"0.7.11\":{\"api\":\"0.7\",\"stacks\":[{\"id\":\"io.buildpacks.stacks.bionic\"},{\"id\":\"io.buildpacks.stacks.jammy\"}],\"layerDiffID\":\"sha256:44b162604a3ba2eb10f9fc8da5ca13ab3991bb59bb363ba83f9a2f04675cf864\",\"homepage\":\"https://github.com/paketo-buildpacks/httpd\",\"name\":\"Paketo Buildpack "
21:06:55.875 [Test worker] DEBUG com.github.dockerjava.zerodep.shaded.org.apache.hc.client5.http.wire - http-outgoing-0 << "for Apache HTTP Server\"}},\"paketo-buildpacks/icu\":{\"0.6.14\":{\"api\":\"0.8\",\"stacks\":[{\"id\":\"io.buildpacks.stacks.bionic\"},{\"id\":\"io.buildpacks.stacks.jammy\"}],\"layerDiffID\":\"sha256:efd9e6d7d12f991d817fa5277e4b5241997df315f9eff9ca049f08e7668da352\",\"homepage\":\"https://github.com/paketo-buildpacks/icu\",\"name\":\"Paketo Buildpack for ICU\"}},\"paketo-buildpacks/image-labels\":{\"4.5.1\":{\"api\":\"0.7\",\"stacks\":[{\"id\":\"io.buildpacks.stacks.bionic\"},{\"id\":\"io.paketo.stacks.tiny\"},{\"id\":\"*\"}],\"layerDiffID\":\"sha256:92055394022b2e31575c386be58baab894ef3f8d3120930774739fa6fe7ae6ae\",\"homepage\":\"https://github.com/paketo-buildpacks/image-labels\",\"name\":\"Paketo Buildpack for Image Labels\"},\"4.5.2\":{\"api\":\"0.7\",\"stacks\":[{\"id\":\"io.buildpacks.stacks.bionic\"},{\"id\":\"io.paketo.stacks.tiny\"},{\"id\":\"*\"}],\"layerDiffID\":\"sha256:3e44c3f0963ed0bb2d0c64ecfaff2d706db8c156ae77924156befc9d4517c754\",\"homepage\":\"https://github.com/paketo-buildpacks/image-labels\",\"name\":\"Paketo Buildpack for Image Labels\"}},\"paketo-buildpacks/jattach\":{\"1.4.4\":{\"api\":\"0.7\",\"stacks\":[{\"id\":\"io.buildp"
21:06:55.875 [Test worker] DEBUG com.github.dockerjava.zerodep.shaded.org.apache.hc.client5.http.wire - http-outgoing-0 << "[\r][\n]"
21:06:55.875 [Test worker] DEBUG com.github.dockerjava.zerodep.shaded.org.apache.hc.client5.http.wire - http-outgoing-0 << "8000[\r][\n]"
21:06:55.875 [Test worker] DEBUG com.github.dockerjava.zerodep.shaded.org.apache.hc.client5.http.wire - http-outgoing-0 << "acks.stacks.bionic\"},{\"id\":\"io.paketo.stacks.tiny\"},{\"id\":\"*\"}],\"layerDiffID\":\"sha256:5a0503f05e7572bf56d05032a7731db8645024b56adc3e2b0300147339347a23\",\"homepage\":\"https://github.com/paketo-buildpacks/jattach\",\"name\":\"Paketo Buildpack for JAttach\"}},\"paketo-buildpacks/java\":{\"9.14.0\":{\"api\":\"0.7\",\"order\":[{\"group\":[{\"id\":\"paketo-buildpacks/ca-certificates\",\"version\":\"3.6.3\",\"optional\":true},{\"id\":\"paketo-buildpacks/bellsoft-liberica\",\"version\":\"10.2.6\"},{\"id\":\"paketo-buildpacks/yarn\",\"version\":\"1.1.9\",\"optional\":true},{\"id\":\"paketo-buildpacks/node-engine\",\"version\":\"1.6.0\",\"optional\":true},{\"id\":\"paketo-buildpacks/syft\",\"version\":\"1.32.1\",\"optional\":true},{\"id\":\"paketo-buildpacks/leiningen\",\"version\":\"4.6.4\",\"optional\":true},{\"id\":\"paketo-buildpacks/clojure-tools\",\"version\":\"2.8.5\",\"optional\":true},{\"id\":\"paketo-buildpacks/gradle\",\"version\":\"7.3.0\",\"optional\":true},{\"id\":\"paketo-buildpacks/maven\",\"version\":\"6.15.5\",\"optional\":true},{\"id\":\"paketo-buildpacks/sbt\",\"version\":\"6.12.2\",\"optional\":true},{\"id\":\"paketo-buildpacks/watchexec\",\"version\":\"2.8.3\",\"optional\":true},{\"id\":\"paketo-buildpacks/executable-jar\",\"version\":\"6.7.4\",\"optional\":true},{\"id\":\"paketo-buildpacks/apache-tomcat\",\"version\":\"7.13.7\",\"optional\":true},{\"id\":\"paketo-buildpacks/apache-tomee\",\"version\":\"1.7.4\",\"optional\":true},{\"id\":\"paketo-buildpacks/liberty\",\"version\":\"3.8.2\",\"optional\":true},{\"id\":\"paketo-buildpacks/dist-zip\",\"version\":\"5.6.4\",\"optional\":true},{\"id\":\"paketo-buildpacks/spring-boot\",\"version\":\"5.26.1\",\"optional\":true},{\"id\":\"paketo-buildpacks/procfile\",\"version\":\"5.6.4\",\"optional\":true},{\"id\":\"paketo-buildpacks/jattach\",\"version\":\"1.4.4\",\"optional\":true},{\"id\":\"paketo-buildpacks/azure-application-insights\",\"version\":\"5.15.1\",\"optional\":true},{\"id\":\"paketo-buildpacks/google-stackdriver\",\"version\":\"7.6.1\",\"optional\":true},{\"id\":\"paketo-buildpacks/datadog\",\"version\":\"3.15.0\",\"optional\":true},{\"id\":\"paketo-buildpacks/java-memory-assistant\",\"version\":\"1.4.4\",\"optional\":true},{\"id\":\"paketo-buildpacks/encrypt-at-rest\",\"version\":\"4.5.5\",\"optional\":true},{\"id\":\"paketo-buildpacks/environment-variables\",\"version\":\"4.5.3\",\"optional\":true},{\"id\":\"paketo-buildpacks/image-labels\",\"version\":\"4.5.2\",\"optional\":true}]}],\"layerDiffID\":\"sha256:8b9f37ce38254948be4009454d283239bb8d3cfb594c54b2517548d065a0a871\",\"homepage\":\"https://paketo.io/docs/howto/java\",\"name\":\"Paketo Buildpack for Java\"}},\"paketo-buildpacks/java-memory-assistant\":{\"1.4.4\":{\"api\":\"0.7\",\"stacks\":[{\"id\":\"io.buildpacks.stacks.bionic\"},{\"id\":\"io.paketo.stacks.tiny\"},{\"id\":\"*\"}],\"layerDiffID\":\"sha256:f397c0703d00eb24ef091ec917ab4eff8f324044dd66cf1950b92545b59d96bc\",\"homepage\":\"https://github.com/paketo-buildpacks/java-memory-assistant\",\"name\":\"Paketo Buildpack for Java Memory Assistant\"}},\"paketo-buildpacks/java-native-image\":{\"8.12.0\":{\"api\":\"0.7\",\"order\":[{\"group\":[{\"id\":\"paketo-buildpacks/ca-certificates\",\"version\":\"3.6.3\",\"optional\":true},{\"id\":\"paketo-buildpacks/upx\",\"version\":\"3.4.3\",\"optional\":true},{\"id\":\"paketo-buildpacks/bellsoft-liberica\",\"version\":\"10.2.6\"},{\"id\":\"paketo-buildpacks/syft\",\"version\":\"1.32.1\",\"optional\":true},{\"id\":\"paketo-buildpacks/leiningen\",\"version\":\"4.6.4\",\"optional\":true},{\"id\":\"paketo-buildpacks/gradle\",\"version\":\"7.3.0\",\"optional\":true},{\"id\":\"paketo-buildpacks/maven\",\"version\":\"6.15.5\",\"optional\":true},{\"id\":\"paketo-buildpacks/sbt\",\"version\":\"6.12.2\",\"optional\":true},{\"id\":\"paketo-buildpacks/executable-jar\",\"version\":\"6.7.4\",\"optional\":true},{\"id\":\"paketo-buildpacks/spring-boot\",\"version\":\"5.26.1\",\"optional\":true},{\"id\":\"paketo-buildpacks/datadog\",\"version\":\"3.15.0\",\"optional\":true},{\"id\":\"paketo-buildpacks/native-image\",\"version\":\"5.12.1\"},{\"id\":\"paketo-buildpacks/procfile\",\"version\":\"5.6.4\",\"optional\":true},{\"id\":\"paketo-buildpacks/environment-variables\",\"version\":\"4.5.3\",\"optional\":true},{\"id\":\"paketo-buildpacks/image-labels\",\"version\":\"4.5.2\",\"optional\":true}]}],\"layerDiffID\":\"sha256:81efbf4b98992e231445884101129d86b5b349ceb5ca85a56a50f036c7155288\",\"homepage\":\"https://paketo.io/docs/howto/java/#build-an-app-as-a-graalvm-native-image-application\",\"name\":\"Paketo Buildpack for Java Native Image\"}},\"paketo-buildpacks/leiningen\":{\"4.6.4\":{\"api\":\"0.7\",\"stacks\":[{\"id\":\"io.buildpacks.stacks.bionic\"},{\"id\":\"io.paketo.stacks.tiny\"},{\"id\":\"*\"}],\"layerDiffID\":\"sha256:51a1d14190072b27247e6190c08ea9b37d6cd3939e5079c9cea397728bd2934c\",\"homepage\":\"https://github.com/paketo-buildpacks/leiningen\",\"name\":\"Paketo Buildpack for Leiningen\"}},\"paketo-buildpacks/liberty\":{\"3.8.2\":{\"api\":\"0.7\",\"stacks\":[{\"id\":\"*\"}],\"layerDiffID\":\"sha256:0a56c8139693e0b0650d9bf163d6630ebe4b5772031d830dcc1a16bafe72a470\",\"homepage\":\"https://github.com/paketo-buildpacks/liberty\",\"name\":\"Paketo Buildpack for Liberty\"}},\"paketo-buildpacks/maven\":{\"6.15.5\":{\"api\":\"0.7\",\"stacks\":[{\"id\":\"io.buildpacks.stacks.bionic\"},{\"id\":\"io.paketo.stacks.tiny\"},{\"id\":\"*\"}],\"layerDiffID\":\"sha256:297f8018ff161f17778c9787380e237e7e1cc9b5b0789e50a2c5bb6f70c2ed53\",\"homepage\":\"https://github.com/paketo-buildpacks/maven\",\"name\":\"Paketo Buildpack for Maven\"}},\"paketo-buildpacks/miniconda\":{\"0.8.4\":{\"api\":\"0.7\",\"stacks\":[{\"id\":\"*\"}],\"layerDiffID\":\"sha256:725498971b1fd120b4910bce512055db7a606d3ed0963d55a00c80e12f1878c0\",\"name\":\"Paketo Buildpack for Miniconda\"}},\"paketo-buildpacks/mri\":{\"0.14.5\":{\"api\":\"0.7\",\"stacks\":[{\"id\":\"io.buildpacks.stacks.bionic\"},{\"id\":\"io.buildpacks.stacks.jammy\"}],\"layerDiffID\":\"sha256:b3645fffc74f3f65f66267648bf0324f632e37f3401d8056ac245b3da1dda0e5\",\"homepage\":\"https://github.com/paketo-buildpacks/mri\",\"name\":\"Paketo Buildpack for MRI\"}},\"paketo-buildpacks/native-image\":{\"5.12.1\":{\"api\":\"0.7\",\"stacks\":[{\"id\":\"*\"}],\"layerDiffID\":\"sha256:ca3e2f5c15a17fb806aa553394f8c2c117c6aa92ef19d46e0269539f2a920c31\",\"homepage\":\"https://github.com/paketo-buildpacks/native-image\",\"name\":\"Paketo Buildpack for Native Image\"}},\"paketo-buildpacks/nginx\":{\"0.15.3\":{\"api\":\"0.7\",\"stacks\":[{\"id\":\"io.buildpacks.stacks.bionic\"},{\"id\":\"io.buildpacks.stacks.jammy\"}],\"layerDiffID\":\"sha256:eb95d7b71e3cd68b9bb4071e36e22e6bf1639ac28b9ae6a9961695670cfdeed3\",\"homepage\":\"https://github.com/paketo-buildpacks/nginx\",\"name\":\"Paketo Buildpack for Nginx Server\"}},\"paketo-buildpacks/node-engine\":{\"1.6.0\":{\"api\":\"0.7\",\"stacks\":[{\"id\":\"io.buildpacks.stacks.bionic\"},{\"id\":\"io.buildpacks.stacks.jammy\"},"
21:06:55.876 [Test worker] DEBUG com.github.dockerjava.zerodep.shaded.org.apache.hc.client5.http.wire - http-outgoing-0 << "{\"id\":\"*\"}],\"layerDiffID\":\"sha256:4fda6b553771b7b64d944d58a72ba6ed9fe206120f00b799c1f29abb7e430c76\",\"homepage\":\"https://github.com/paketo-buildpacks/node-engine\",\"name\":\"Paketo Buildpack for Node Engine\"}},\"paketo-buildpacks/node-run-script\":{\"1.0.10\":{\"api\":\"0.7\",\"stacks\":[{\"id\":\"*\"}],\"layerDiffID\":\"sha256:9d5bfd35eccd98e6bdef9a74cf080de4277c7c889c8c9b34ae2631f6eff601e6\",\"homepage\":\"https://github.com/paketo-buildpacks/node-run-script\",\"name\":\"Paketo Buildpack for Node Run Script\"}},\"paketo-buildpacks/node-start\":{\"1.0.11\":{\"api\":\"0.7\",\"stacks\":[{\"id\":\"*\"}],\"layerDiffID\":\"sha256:5a7f9bfe040480de7034c6e0dd116225a2fb50de18505ce9b7fd96afa82426ef\",\"homepage\":\"https://github.com/paketo-buildpacks/node-start\",\"name\":\"Paketo Buildpack for Node Start\"}},\"paketo-buildpacks/nodejs\":{\"1.7.0\":{\"api\":\"0.7\",\"order\":[{\"group\":[{\"id\":\"paketo-buildpacks/ca-certificates\",\"version\":\"3.6.2\",\"optional\":true},{\"id\":\"paketo-buildpacks/watchexec\",\"version\":\"2.8.2\",\"optional\":true},{\"id\":\"paketo-buildpacks/node-engine\",\"version\":\"1.6.0\"},{\"id\":\"paketo-buildpacks/yarn\",\"version\":\"1.1.9\"},{\"id\":\"paketo-buildpacks/yarn-install\",\"version\":\"1.1.3\"},{\"id\":\"paketo-buildpacks/node-run-script\",\"version\":\"1.0.10\",\"optional\":true},{\"id\":\"paketo-buildpacks/node-start\",\"version\":\"1.0.11\",\"optional\":true},{\"id\":\"paketo-buildpacks/yarn-start\",\"version\":\"1.0.11\",\"optional\":true},{\"id\":\"paketo-buildpacks/procfile\",\"version\":\"5.6.3\",\"optional\":true},{\"id\":\"paketo-buildpacks/datadog\",\"version\":\"3.6.0\",\"optional\":true},{\"id\":\"paketo-buildpacks/environment-variables\",\"version\":\"4.5.2\",\"optional\":true},{\"id\":\"paketo-buildpacks/image-labels\",\"version\":\"4.5.1\",\"optional\":true}]},{\"group\":[{\"id\":\"paketo-buildpacks/ca-certificates\",\"version\":\"3.6.2\",\"optional\":true},{\"id\":\"paketo-buildpacks/watchexec\",\"version\":\"2.8.2\",\"optional\":true},{\"id\":\"paketo-buildpacks/node-engine\",\"version\":\"1.6.0\"},{\"id\":\"paketo-buildpacks/npm-install\",\"version\":\"1.1.4\"},{\"id\":\"paketo-buildpacks/node-run-script\",\"version\":\"1.0.10\",\"optional\":true},{\"id\":\"paketo-buildpacks/node-start\",\"version\":\"1.0.11\",\"optional\":true},{\"id\":\"paketo-buildpacks/npm-start\",\"version\":\"1.0.11\",\"optional\":true},{\"id\":\"paketo-buildpacks/procfile\",\"version\":\"5.6.3\",\"optional\":true},{\"id\":\"paketo-buildpacks/datadog\",\"version\":\"3.6.0\",\"optional\":true},{\"id\":\"paketo-buildpacks/environment-variables\",\"version\":\"4.5.2\",\"optional\":true},{\"id\":\"paketo-buildpacks/image-labels\",\"version\":\"4.5.1\",\"optional\":true}]},{\"group\":[{\"id\":\"paketo-buildpacks/ca-certificates\",\"version\":\"3.6.2\",\"optional\":true},{\"id\":\"paketo-buildpacks/watchexec\",\"version\":\"2.8.2\",\"optional\":true},{\"id\":\"paketo-buildpacks/node-engine\",\"version\":\"1.6.0\"},{\"id\":\"paketo-buildpacks/node-start\",\"version\":\"1.0.11\"},{\"id\":\"paketo-buildpacks/procfile\",\"version\":\"5.6.3\",\"optional\":true},{\"id\":\"paketo-buildpacks/datadog\",\"version\":\"3.6.0\",\"optional\":true},{\"id\":\"paketo-buildpacks/environment-variables\",\"version\":\"4.5.2\",\"optional\":true},{\"id\":\"paketo-buildpacks/image-labels\",\"version\":\"4.5.1\",\"optional\":true}]}],\"layerDiffID\":\"sha256:3b0484bbc19e449ef311516fcfd9ca41cd662799f5888f065e562c526d728c35\",\"homepage\":\"https://github.com/paketo-buildpacks/nodejs\",\"name\":\"Paketo Buildpack for Node.js\"}},\"paketo-buildpacks/npm-install\":{\"1.1.4\":{\"api\":\"0.7\",\"stacks\":[{\"id\":\"*\"}],\"layerDiffID\":\"sha256:d55ba37268c2f9634061f3649cb18e6e3f63d8d7c4092f87b623a946b442b60b\",\"homepage\":\"https://github.com/paketo-buildpacks/npm-install\",\"name\":\"Paketo Buildpack for NPM Install\"}},\"paketo-buildpacks/npm-start\":{\"1.0.11\":{\"api\":\"0.7\",\"stacks\":[{\"id\":\"*\"}],\"layerDiffID\":\"sha256:21ee2da7af7144ab8a058f2ea76d3d092fe9a057238020c181c6a115a6045ec2\",\"homepage\":\"https://github.com/paketo-buildpacks/npm-start\",\"name\":\"Paketo Buildpack for NPM Start\"}},\"paketo-buildpacks/passenger\":{\"0.10.3\":{\"api\":\"0.7\",\"stacks\":[{\"id\":\"io.buildpacks.stacks.bionic\"},{\"id\":\"io.buildpacks.stacks.jammy\"}],\"layerDiffID\":\"sha256:6f552da08d08e516c5895bc532afb8951643934fddb3e6f7d670350fdc4684ac\",\"homepage\":\"https://github.com/paketo-buildpacks/passenger\",\"name\":\"Paketo Buildpack for Passenger\"}},\"paketo-buildpacks/pip\":{\"0.17.4\":{\"api\":\"0.7\",\"stacks\":[{\"id\":\"*\"}],\"layerDiffID\":\"sha256:6d6161bf23f098e1277af2f973e2753c12799d5378844dbf15faed612088f6a5\",\"name\":\"Paketo Buildpack for Pip\"}},\"paketo-buildpacks/pip-install\":{\"0.5.16\":{\"api\":\"0.7\",\"stacks\":[{\"id\":\"*\"}],\"layerDiffID\":\"sha256:9b8a7648eec0ca9baadc77a38902ea104858fb1d0a543a45c99deea894deb225\",\"name\":\"Paketo Buildpack for Pip Install\"}},\"paketo-buildpacks/pipenv\":{\"1.18.0\":{\"api\":\"0.7\",\"stacks\":[{\"id\":\"*\"}],\"layerDiffID\":\"sha256:1e89f3e02ae401fc031add8d32d9d54e4a99f000a7d3082da8fe4b5f7a08aa64\",\"name\":\"Paketo Buildpack for Pipenv\"}},\"paketo-buildpacks/pipenv-install\":{\"0.6.17\":{\"api\":\"0.7\",\"stacks\":[{\"id\":\"*\"}],\"layerDiffID\":\"sha256:a99d0911bb017373aedfc9e964e507a8b5ccc15ad8bc4a1bfecd873b6a5bfc94\",\"name\":\"Paketo Buildpack for Pipenv Install\"}},\"paketo-buildpacks/poetry\":{\"0.6.4\":{\"api\":\"0.7\",\"stacks\":[{\"id\":\"*\"}],\"layerDiffID\":\"sha256:071527f4e560e06abb13dd7269a4527f87d6bcdc1dd09c6450281a24e2752ea3\",\"name\":\"Paketo Buildpack for Poetry\"}},\"paketo-buildpacks/poetry-install\":{\"0.3.16\":{\"api\":\"0.7\",\"stacks\":[{\"id\":\"*\"}],\"layerDiffID\":\"sha256:4f08edccc4f4b6478f7ec984f782dfd1767eaa221973c4724a417c196e15cb87\",\"name\":\"Paketo Buildpack for Poetry Install\"}},\"paketo-buildpacks/poetry-run\":{\"0.4.18\":{\"api\":\"0.8\",\"stacks\":[{\"id\":\"*\"}],\"layerDiffID\":\"sha256:2efe5dbd6c368618fa26a71653dca536b24cc8b444f85deb49ee777223f5c486\",\"name\":\"Paketo Buildpack for Poetry Run\"}},\"paketo-buildpacks/procfile\":{\"5.6.3\":{\"api\":\"0.7\",\"stacks\":[{\"id\":\"*\"}],\"layerDiffID\":\"sha256:340082143189ad3e6b8f0f00e74be847bd82577674e1f2c502a18fb38dfed377\",\"homepage\":\"https://github.com/paketo-buildpacks/procfile\",\"name\":\"Paketo Buildpack for Procfile\"},\"5.6.4\":{\"api\":\"0.7\",\"stacks\":[{\"id\":\"*\"}],\"layerDiffID\":\"sha256:549522d4bb1bbe20f18b678d3db1c71cb6013c26a8ce444998175fa8a75fde94\",\"homepage\":\"https://github.com/paketo-buildpacks/procfile\",\"name\":\"Paketo Buildpack for Procfile\"}},\"paketo-buildpacks/puma\":{\"0.4.31\":{\"api\":\"0.7\",\"stacks\":[{\"id\":\"*\"}],\"layerDiffID\":\"sha256:6c1fd380349d21ddc25dc3f73f955b17da944b64ef54d18173c0bc44c297c3c9\",\"homepage\":\"https://github.com/paketo-buildpacks/puma\",\"name\":\"Paketo Buildpack for Puma\"}},\"paketo-buildpacks/python\":{\"2.13.0\":{\"api\":\"0.8\",\"order\":[{\"group\":[{\"id\":\"paketo-buildpacks/ca-certificates\",\"version\":\"3.6.3\",\"optional\":true},{\"id\":\"paketo-buildpacks/watchexec\",\"version\":\"2.8.3\",\"optional\":true},{\"id\":\"paketo-buildpacks/cpython\",\"version\":\"1.8.11\"},{\"id\":\"paketo-buildpacks/pip\",\"version\":\"0.17.4\"},{\"id\":\"paketo-buildpacks/pipenv\",\"version\":\"1.18.0\"},{\"id\":\"paketo-buildpacks/pipenv-install\",\"version\":\"0.6.17\"},{\"id\":\"paketo-buildpacks/python-start\",\"version\":\"0.14.11\"},{\"id\":\"paketo-buildpacks/procfile\",\"version\":\"5.6.4\",\"optional\":true},{\"id\":\"paketo-buildpacks/environment-variables\",\"version\":\"4.5.3\",\"optional\":true},{\"id\":\"paketo-buildpacks/image-labels\",\"version\":\"4.5.2\",\"optional\":true}]},{\"group\":[{\"id\":\"paketo-buildpacks/ca-certificates\",\"version\":\"3.6.3\",\"optional\":true},{\"id\":\"paketo-buildpacks/watchexec\",\"version\":\"2.8.3\",\"optional\":true},{\"id\":\"paketo-buildpacks/cpython\",\"ve"
21:06:55.876 [Test worker] DEBUG com.github.dockerjava.zerodep.shaded.org.apache.hc.client5.http.wire - http-outgoing-0 << "rsion\":\"1.8.11\"},{\"id\":\"paketo-buildpacks/pip\",\"version\":\"0.17.4\"},{\"id\":\"paketo-buildpacks/pip-install\",\"version\":\"0.5.16\"},{\"id\":\"paketo-buildpacks/python-start\",\"version\":\"0.14.11\"},{\"id\":\"paketo-buildpacks/procfile\",\"version\":\"5.6.4\",\"optional\":true},{\"id\":\"paketo-buildpacks/environment-variables\",\"version\":\"4.5.3\",\"optional\":true},{\"id\":\"paketo-buildpacks/image-labels\",\"version\":\"4.5.2\",\"optional\":true}]},{\"group\":[{\"id\":\"paketo-buildpacks/ca-certificates\",\"version\":\"3.6.3\",\"optional\":true},{\"id\":\"paketo-buildpacks/watchexec\",\"version\":\"2.8.3\",\"optional\":true},{\"id\":\"paketo-buildpacks/miniconda\",\"version\":\"0.8.4\"},{\"id\":\"paketo-buildpacks/conda-env-update\",\"version\":\"0.7.11\"},{\"id\":\"paketo-buildpacks/python-start\",\"version\":\"0.14.11\"},{\"id\":\"paketo-buildpacks/procfile\",\"version\":\"5.6.4\",\"optional\":true},{\"id\":\"paketo-buildpacks/environment-variables\",\"version\":\"4.5.3\",\"optional\":true},{\"id\":\"paketo-buildpacks/image-labels\",\"version\":\"4.5.2\",\"optional\":true}]},{\"group\":[{\"id\":\"paketo-buildpacks/ca-certificates\",\"version\":\"3.6.3\",\"optional\":true},{\"id\":\"paketo-buildpacks/watchexec\",\"version\":\"2.8.3\",\"optional\":true},{\"id\":\"paketo-buildpacks/cpython\",\"version\":\"1.8.11\"},{\"id\":\"paketo-buildpacks/pip\",\"version\":\"0.17.4\"},{\"id\":\"paketo-buildpacks/poetry\",\"version\":\"0.6.4\"},{\"id\":\"paketo-buildpacks/poetry-install\",\"version\":\"0.3.16\"},{\"id\":\"paketo-buildpacks/poetry-run\",\"version\":\"0.4.18\"},{\"id\":\"paketo-buildpacks/procfile\",\"version\":\"5.6.4\",\"optional\":true},{\"id\":\"paketo-buildpacks/environment-variables\",\"version\":\"4.5.3\",\"optional\":true},{\"id\":\"paketo-buildpacks/image-labels\",\"version\":\"4.5.2\",\"optional\":true}]},{\"group\":[{\"id\":\"paketo-buildpacks/ca-certificates\",\"version\":\"3.6.3\",\"optional\":true},{\"id\":\"paketo-buildpacks/watchexec\",\"version\":\"2.8.3\",\"optional\":true},{\"id\":\"paketo-buildpacks/cpython\",\"version\":\"1.8.11\"},{\"id\":\"paketo-buildpacks/pip\",\"version\":\"0.17.4\"},{\"id\":\"paketo-buildpacks/poetry\",\"version\":\"0.6.4\"},{\"id\":\"paketo-buildpacks/poetry-install\",\"version\":\"0.3.16\"},{\"id\":\"paketo-buildpacks/python-start\",\"version\":\"0.14.11\"},{\"id\":\"paketo-buildpacks/procfile\",\"version\":\"5.6.4\",\"optional\":true},{\"id\":\"paketo-buildpacks/environment-variables\",\"version\":\"4.5.3\",\"optional\":true},{\"id\":\"paketo-buildpacks/image-labels\",\"version\":\"4.5.2\",\"optional\":true}]},{\"group\":[{\"id\":\"paketo-buildpacks/ca-certificates\",\"version\":\"3.6.3\",\"optional\":true},{\"id\":\"paketo-buildpacks/watchexec\",\"version\":\"2.8.3\",\"optional\":true},{\"id\":\"paketo-buildpacks/cpython\",\"version\":\"1.8.11\"},{\"id\":\"paketo-buildpacks/python-start\",\"version\":\"0.14.11\"},{\"id\":\"paketo-buildpacks/procfile\",\"version\":\"5.6.4\",\"optional\":true},{\"id\":\"paketo-buildpacks/environment-variables\",\"version\":\"4.5.3\",\"optional\":true},{\"id\":\"paketo-buildpacks/image-labels\",\"version\":\"4.5.2\",\"optional\":true}]}],\"layerDiffID\":\"sha256:c9767b04daf02b9b7574451827cdfc269986531a8cb35b7f6ff6aa5de1dc79c1\",\"name\":\"Paketo Buildpack for Python\"}},\"paketo-buildpacks/python-start\":{\"0.14.11\":{\"api\":\"0.8\",\"stacks\":[{\"id\":\"*\"}],\"layerDiffID\":\"sha256:132646a69a29786e0c2894bff8e2abf4ce19fd2292ebd3d4b8f28dcd66c55b79\",\"homepage\":\"https://github.com/paketo-buildpacks/python-start\",\"name\":\"Paketo Buildpack for Python Start\"}},\"paketo-buildpacks/rackup\":{\"0.4.30\":{\"api\":\"0.7\",\"stacks\":[{\"id\":\"*\"}],\"layerDiffID\":\"sha256:c6b083979a65cb61bbd0632688ac69effca0f988d921ca827aaffc6a69b0f31c\",\"homepage\":\"https://github.com/paketo-buildpacks/rackup\",\"name\":\"Paketo Buildpack for Rackup\"}},\"paketo-buildpacks/rails-assets\":{\"0.9.1\":{\"api\":\"0.7\",\"stacks\":[{\"id\":\"*\"}],\"layerDiffID\":\"sha256:8f1cbdbe575c6b6c576cab29dac99a03498b1ffc60ecb0f7c233aca3236de0da\",\"homepage\":\"https://github.com/paketo-buildpacks/rails-assets\",\"name\":\"Paketo Buildpack for Rails Assets\"}},\"paketo-buildpacks/rake\":{\"0.4.30\":{\"api\":\"0.7\",\"stacks\":[{\"id\":\"*\"}],\"layerDiffID\":\"sha256:258315b279992ccc95b9e279027c502680a3e5df07f52df9bf0796c17819942c\",\"homepage\":\"https://github.com/paketo-buildpacks/rake\",\"name\":\"Paketo Buildpack for Rake\"}},\"paketo-buildpacks/ruby\":{\"0.38.1\":{\"api\":\"0.7\",\"order\":[{\"group\":[{\"id\":\"paketo-buildpacks/ca-certificates\",\"version\":\"3.6.3\",\"optional\":true},{\"id\":\"paketo-buildpacks/mri\",\"version\":\"0.14.5\"},{\"id\":\"paketo-buildpacks/bundler\",\"version\":\"0.7.21\"},{\"id\":\"paketo-buildpacks/bundle-install\",\"version\":\"0.7.9\"},{\"id\":\"paketo-buildpacks/node-engine\",\"version\":\"1.6.0\",\"optional\":true},{\"id\":\"paketo-buildpacks/yarn\",\"version\":\"1.1.9\",\"optional\":true},{\"id\":\"paketo-buildpacks/yarn-install\",\"version\":\"1.1.3\",\"optional\":true},{\"id\":\"paketo-buildpacks/rails-assets\",\"version\":\"0.9.1\",\"optional\":true},{\"id\":\"paketo-buildpacks/puma\",\"version\":\"0.4.31\"},{\"id\":\"paketo-buildpacks/procfile\",\"version\":\"5.6.4\",\"optional\":true},{\"id\":\"paketo-buildpacks/environment-variables\",\"version\":\"4.5.3\",\"optional\":true},{\"id\":\"paketo-buildpacks/image-labels\",\"version\":\"4.5.2\",\"optional\":true}]},{\"group\":[{\"id\":\"paketo-buildpacks/ca-certificates\",\"version\":\"3.6.3\",\"optional\":true},{\"id\":\"paketo-buildpacks/mri\",\"version\":\"0.14.5\"},{\"id\":\"paketo-buildpacks/bundler\",\"version\":\"0.7.21\"},{\"id\":\"paketo-buildpacks/bundle-install\",\"version\":\"0.7.9\"},{\"id\":\"paketo-buildpacks/node-engine\",\"version\":\"1.6.0\",\"optional\":true},{\"id\":\"paketo-buildpacks/yarn\",\"version\":\"1.1.9\",\"optional\":true},{\"id\":\"paketo-buildpacks/yarn-install\",\"version\":\"1.1.3\",\"optional\":true},{\"id\":\"paketo-buildpacks/rails-assets\",\"version\":\"0.9.1\",\"optional\":true},{\"id\":\"paketo-buildpacks/thin\",\"version\":\"0.5.30\"},{\"id\":\"paketo-buildpacks/procfile\",\"version\":\"5.6.4\",\"optional\":true},{\"id\":\"paketo-buildpacks/environment-variables\",\"version\":\"4.5.3\",\"optional\":true},{\"id\":\"paketo-buildpacks/image-labels\",\"version\":\"4.5.2\",\"optional\":true}]},{\"group\":[{\"id\":\"paketo-buildpacks/ca-certificates\",\"version\":\"3.6.3\",\"optional\":true},{\"id\":\"paketo-buildpacks/mri\",\"version\":\"0.14.5\"},{\"id\":\"paketo-buildpacks/bundler\",\"version\":\"0.7.21\"},{\"id\":\"paketo-buildpacks/bundle-install\",\"version\":\"0.7.9\"},{\"id\":\"paketo-buildpacks/node-engine\",\"version\":\"1.6.0\",\"optional\":true},{\"id\":\"paketo-buildpacks/yarn\",\"version\":\"1.1.9\",\"optional\":true},{\"id\":\"paketo-buildpacks/yarn-install\",\"version\":\"1.1.3\",\"optional\":true},{\"id\":\"paketo-buildpacks/rails-assets\",\"version\":\"0.9.1\",\"optional\":true},{\"id\":\"paketo-buildpacks/unicorn\",\"version\":\"0.4.30\"},{\"id\":\"paketo-buildpacks/procfile\",\"version\":\"5.6.4\",\"optional\":true},{\"id\":\"paketo-buildpacks/environment-variables\",\"version\":\"4.5.3\",\"optional\":true},{\"id\":\"paketo-buildpacks/image-labels\",\"version\":\"4.5.2\",\"optional\":true}]},{\"group\":[{\"id\":\"paketo-buildpacks/ca-certificates\",\"version\":\"3.6.3\",\"optional\":true},{\"id\":\"paketo-buildpacks/mri\",\"version\":\"0.14.5\"},{\"id\":\"paketo-buildpacks/bundler\",\"version\":\"0.7.21\"},{\"id\":\"paketo-buildpacks/bundle-install\",\"version\":\"0.7.9\"},{\"id\":\"paketo-buildpacks/node-engine\",\"version\":\"1.6.0\",\"optional\":true},{\"id\":\"paketo-buildpacks/yarn\",\"version\":\"1.1.9\",\"optional\":true},{\"id\":\"paketo-buildpacks/yarn-install\",\"version\":\"1.1.3\",\"optional\":true},{\"id\":\"paketo-buildpacks/rails-assets\",\"version\":\"0.9.1\",\"optional\":true},{\"id\":\"paketo-buildpacks/passenge"
21:06:55.876 [Test worker] DEBUG com.github.dockerjava.zerodep.shaded.org.apache.hc.client5.http.wire - http-outgoing-0 << "r\",\"version\":\"0.10.3\"},{\"id\":\"paketo-buildpacks/procfile\",\"version\":\"5.6.4\",\"optional\":true},{\"id\":\"paketo-buildpacks/environment-variables\",\"version\":\"4.5.3\",\"optional"
21:06:55.877 [Test worker] DEBUG com.github.dockerjava.zerodep.shaded.org.apache.hc.client5.http.wire - http-outgoing-0 << "\":true},{\"id\":\"paketo-buildpacks/image-labels\",\"version\":\"4.5.2\",\"optional\":true}]},{\"group\":[{\"id\":\"paketo-buildpacks/ca-certificates\",\"version\":\"3.6.3\",\"optional\":true},{\"id\":\"paketo-buildpacks/mri\",\"version\":\"0.14.5\"},{\"id\":\"paketo-buildpacks/bundler\",\"version\":\"0.7.21\"},{\"id\":\"paketo-buildpacks/bundle-install\",\"version\":\"0.7.9\"},{\"id\":\"paketo-buildpacks/node-engine\",\"version\":\"1.6.0\",\"optional\":true},{\"id\":\"paketo-buildpacks/yarn\",\"version\":\"1.1.9\",\"optional\":true},{\"id\":\"paketo-buildpacks/yarn-install\",\"version\":\"1.1.3\",\"optional\":true},{\"id\":\"paketo-buildpacks/rails-assets\",\"version\":\"0.9.1\",\"optional\":true},{\"id\":\"paketo-buildpacks/rackup\",\"version\":\"0.4.30\"},{\"id\":\"paketo-buildpacks/procfile\",\"version\":\"5.6.4\",\"optional\":true},{\"id\":\"paketo-buildpacks/environment-variables\",\"version\":\"4.5.3\",\"optional\":true},{\"id\":\"paketo-buildpacks/image-labels\",\"version\":\"4.5.2\",\"optional\":true}]},{\"group\":[{\"id\":\"paketo-buildpacks/ca-certificates\",\"version\":\"3.6.3\",\"optional\":true},{\"id\":\"paketo-buildpacks/mri\",\"version\":\"0.14.5\"},{\"id\":\"paketo-buildpacks/bundler\",\"version\":\"0.7.21\",\"optional\":true},{\"id\":\"paketo-buildpacks/bundle-install\",\"version\":\"0.7.9\",\"optional\":true},{\"id\":\"paketo-buildpacks/rake\",\"version\":\"0.4.30\"},{\"id\":\"paketo-buildpacks/procfile\",\"version\":\"5.6.4\",\"optional\":true},{\"id\":\"paketo-buildpacks/environment-variables\",\"version\":\"4.5.3\",\"optional\":true},{\"id\":\"paketo-buildpacks/image-labels\",\"version\":\"4.5.2\",\"optional\":true}]}],\"layerDiffID\":\"sha256:758627c4310f6023906482d592d516899f4461ae95bf41742cdac0ef0fa66fcd\",\"homepage\":\"https://github.com/paketo-buildpacks/ruby\",\"name\":\"Paketo Buildpack for Ruby\"}},\"paketo-buildpacks/sbt\":{\"6.12.2\":{\"api\":\"0.7\",\"stacks\":[{\"id\":\"io.buildpacks.stacks.bionic\"},{\"id\":\"io.paketo.stacks.tiny\"},{\"id\":\"*\"}],\"layerDiffID\":\"sha256:2cad08f7e1dd7a83a95154b6342f2f3b6c4c1ae425a2fb15e94e95dbbd5dd63b\",\"homepage\":\"https://github.com/paketo-buildpacks/sbt\",\"name\":\"Paketo Buildpack for SBT\"}},\"paketo-buildpacks/source-removal\":{\"0.2.0\":{\"api\":\"0.7\",\"stacks\":[{\"id\":\"*\"}],\"layerDiffID\":\"sha256:48658139cea6ec5ba5e85f9f8c63b18b3b81bc6414f01a87340c1f9c5b18cad5\",\"name\":\"Paketo Source Removal Buildpack\"}},\"paketo-buildpacks/spring-boot\":{\"5.26.1\":{\"api\":\"0.7\",\"stacks\":[{\"id\":\"io.buildpacks.stacks.bionic\"},{\"id\":\"io.paketo.stacks.tiny\"},{\"id\":\"*\"}],\"layerDiffID\":\"sha256:dfd66ad43293a1841a227ce12b3dc62e1b7f08416264de94ec9ab0559f14c61e\",\"homepage\":\"https://github.com/paketo-buildpacks/spring-boot\",\"name\":\"Paketo Buildpack for Spring Boot\"}},\"paketo-buildpacks/syft\":{\"1.32.1\":{\"api\":\"0.7\",\"stacks\":[{\"id\":\"io.buildpacks.stacks.bionic\"},{\"id\":\"io.paketo.stacks.tiny\"},{\"id\":\"*\"}],\"layerDiffID\":\"sha256:be0f1a2c13c38a9cef63c3d4b05016cdf30aa39606f18992c9968ccb7dfa1857\",\"homepage\":\"https://github.com/paketo-buildpacks/syft\",\"name\":\"Paketo Buildpack for Syft\"}},\"paketo-buildpacks/thin\":{\"0.5.30\":{\"api\":\"0.7\",\"stacks\":[{\"id\":\"*\"}],\"layerDiffID\":\"sha256:ad85dc9ba91e0455a6e8afb8bc1b60242b215f7466263ce6e048547e0eda2a5a\",\"homepage\":\"https://github.com/paketo-buildpacks/thin\",\"name\":\"Paketo Buildpack for Thin\"}},\"paketo-buildpacks/unicorn\":{\"0.4.30\":{\"api\":\"0.7\",\"stacks\":[{\"id\":\"*\"}],\"layerDiffID\":\"sha256:1c4f8c92904ec95c6ca63d9d88928abb23bc17596b91152d1e4199b286bf63bb\",\"homepage\":\"https://github.com/paketo-buildpacks/unicorn\",\"name\":\"Paketo Buildpack for Unicorn\"}},\"paketo-buildpacks/upx\":{\"3.4.3\":{\"api\":\"0.7\",\"stacks\":[{\"id\":\"io.buildpacks.stacks.bionic\"},{\"id\":\"io.paketo.stacks.tiny\"},{\"id\":\"*\"}],\"layerDiffID\":\"sha256:9cce1a6a42f5910114527ad1b6cad70d676e6cb047859fb236081997a6137064\",\"homepage\":\"https://github.com/paketo-buildpacks/upx\",\"name\":\"Paketo Buildpack for UPX\"}},\"paketo-buildpacks/vsdbg\":{\"0.2.10\":{\"api\":\"0.8\",\"stacks\":[{\"id\":\"io.buildpacks.stacks.bionic\"},{\"id\":\"io.buildpacks.stacks.jammy\"}],\"layerDiffID\":\"sha256:f721aea43a3f68a92b455ce02c3d9e9267af14c368c97fdd16d9d70904fdcc6e\",\"name\":\"Paketo Buildpack for Visual Studio Debugger\"}},\"paketo-buildpacks/watchexec\":{\"2.8.2\":{\"api\":\"0.7\",\"stacks\":[{\"id\":\"io.buildpacks.stacks.bionic\"},{\"id\":\"io.paketo.stacks.tiny\"},{\"id\":\"*\"}],\"layerDiffID\":\"sha256:86c7b64202c12c6db3e5fc4bbab2065676047170b5b29fd625c0b79074acdb3f\",\"homepage\":\"https://github.com/paketo-buildpacks/watchexec\",\"name\":\"Paketo Buildpack for Watchexec\"},\"2.8.3\":{\"api\":\"0.7\",\"stacks\":[{\"id\":\"io.buildpacks.stacks.bionic\"},{\"id\":\"io.paketo.stacks.tiny\"},{\"id\":\"*\"}],\"layerDiffID\":\"sha256:7091071dbf9c60845a16f05a7c8edab69cc2c26aa13ba32c096f1f2097b91e72\",\"homepage\":\"https://github.com/paketo-buildpacks/watchexec\",\"name\":\"Paketo Buildpack for Watchexec\"}},\"paketo-buildpacks/web-servers\":{\"0.17.1\":{\"api\":\"0.7\",\"order\":[{\"group\":[{\"id\":\"paketo-buildpacks/ca-certificates\",\"version\":\"3.6.3\",\"optional\":true},{\"id\":\"paketo-buildpacks/watchexec\",\"version\":\"2.8.3\",\"optional\":true},{\"id\":\"paketo-buildpacks/node-engine\",\"version\":\"1.6.0\"},{\"id\":\"paketo-buildpacks/yarn\",\"version\":\"1.1.9\"},{\"id\":\"paketo-buildpacks/yarn-install\",\"version\":\"1.1.3\"},{\"id\":\"paketo-buildpacks/node-run-script\",\"version\":\"1.0.10\"},{\"id\":\"paketo-buildpacks/nginx\",\"version\":\"0.15.3\"},{\"id\":\"paketo-buildpacks/procfile\",\"version\":\"5.6.4\",\"optional\":true},{\"id\":\"paketo-buildpacks/environment-variables\",\"version\":\"4.5.3\",\"optional\":true},{\"id\":\"paketo-buildpacks/image-labels\",\"version\":\"4.5.2\",\"optional\":true},{\"id\":\"paketo-buildpacks/source-removal\",\"version\":\"0.2.0\"}]},{\"group\":[{\"id\":\"paketo-buildpacks/ca-certificates\",\"version\":\"3.6.3\",\"optional\":true},{\"id\":\"paketo-buildpacks/watchexec\",\"version\":\"2.8.3\",\"optional\":true},{\"id\":\"paketo-buildpacks/node-engine\",\"version\":\"1.6.0\"},{\"id\":\"paketo-buildpacks/npm-install\",\"version\":\"1.1.4\"},{\"id\":\"paketo-buildpacks/node-run-script\",\"version\":\"1.0.10\"},{\"id\":\"paketo-buildpacks/nginx\",\"version\":\"0.15.3\"},{\"id\":\"paketo-buildpacks/procfile\",\"version\":\"5.6.4\",\"optional\":true},{\"id\":\"paketo-buildpacks/environment-variables\",\"version\":\"4.5.3\",\"optional\":true},{\"id\":\"paketo-buildpacks/image-labels\",\"version\":\"4.5.2\",\"optional\":true},{\"id\":\"paketo-buildpacks/source-removal\",\"version\":\"0.2.0\"}]},{\"group\":[{\"id\":\"paketo-buildpacks/ca-certificates\",\"version\":\"3.6.3\",\"optional\":true},{\"id\":\"paketo-buildpacks/watchexec\",\"version\":\"2.8.3\",\"optional\":true},{\"id\":\"paketo-buildpacks/node-engine\",\"version\":\"1.6.0\"},{\"id\":\"paketo-buildpacks/yarn\",\"version\":\"1.1.9\"},{\"id\":\"paketo-buildpacks/yarn-install\",\"version\":\"1.1.3\"},{\"id\":\"paketo-buildpacks/node-run-script\",\"version\":\"1.0.10\"},{\"id\":\"paketo-buildpacks/httpd\",\"version\":\"0.7.11\"},{\"id\":\"paketo-buildpacks/procfile\",\"version\":\"5.6.4\",\"optional\":true},{\"id\":\"paketo-buildpacks/environment-variables\",\"version\":\"4.5.3\",\"optional\":true},{\"id\":\"paketo-buildpacks/image-labels\",\"version\":\"4.5.2\",\"optional\":true},{\"id\":\"paketo-buildpacks/source-removal\",\"version\":\"0.2.0\"}]},{\"group\":[{\"id\":\"paketo-buildpacks/ca-certificates\",\"version\":\"3.6.3\",\"optional\":true},{\"id\":\"paketo-buildpacks/watchexec\",\"version\":\"2.8.3\",\"optional\":true},{\"id\":\"paketo-buildpacks/node-engine\",\"version\":\"1.6.0\"},{\"id\":\"paketo-buildpacks/npm-install\",\"version\":\"1.1.4\"},{\"id\":\"paketo-buildpacks/node-run-script\",\"version\":\"1.0.10\"},{\"id\":\"paketo-buildpacks/httpd\",\"version\":\"
21:06:55.877 [Test worker] DEBUG com.github.dockerjava.zerodep.shaded.org.apache.hc.client5.http.wire - http-outgoing-0 << ""0.7.11\"},{\"id\":\"paketo-buildpacks/procfile\",\"version\":\"5.6.4\",\"optional\":true},{\"id\":\"paketo-buildpacks/environment-variables\",\"version\":\"4.5.3\",\"optional\":true},{\"id\":\"paketo-buildpacks/image-labels\",\"version\":\"4.5.2\",\"optional\":true},{\"id\":\"paketo-buildpacks/source-removal\",\"version\":\"0.2.0\"}]},{\"group\":[{\"id\":\"paketo-buildpacks/ca-certificates\",\"version\":\"3.6.3\",\"optional\":true},{\"id\":\"paketo-buildpacks/watchexec\",\"version\":\"2.8.3\",\"optional\":true},{\"id\":\"paketo-buildpacks/nginx\",\"version\":\"0.15.3\"},{\"id\":\"paketo-buildpacks/procfile\",\"version\":\"5.6.4\",\"optional\":true},{\"id\":\"paketo-buildpacks/environment-variables\",\"version\":\"4.5.3\",\"optional\":true},{\"id\":\"paketo-buildpacks/image-labels\",\"version\":\"4.5.2\",\"optional\":true},{\"id\":\"paketo-buildpacks/source-removal\",\"version\":\"0.2.0\"}]},{\"group\":[{\"id\":\"paketo-buildpacks/ca-certificates\",\"version\":\"3.6.3\",\"optional\":true},{\"id\":\"paketo-buildpacks/watchexec\",\"version\":\"2.8.3\",\"optional\":true},{\"id\":\"paketo-buildpacks/httpd\",\"version\":\"0.7.11\"},{\"id\":\"paketo-buildpacks/procfile\",\"version\":\"5.6.4\",\"optional\":true},{\"id\":\"paketo-buildpacks/environment-variables\",\"version\":\"4.5.3\",\"optional\":true},{\"id\":\"paketo-buildpacks/image-labels\",\"version\":\"4.5.2\",\"optional\":true},{\"id\":\"paketo-buildpacks/source-removal\",\"version\":\"0.2.0\"}]}],\"layerDiffID\":\"sha256:0926baa4af0cacdcc9686dfdf344ebfbaa9fbd595e90df93e8b7e225f2bb13"
21:06:55.877 [Test worker] DEBUG com.github.dockerjava.zerodep.shaded.org.apache.hc.client5.http.wire - http-outgoing-0 << "[\r][\n]"
21:06:55.877 [Test worker] DEBUG com.github.dockerjava.zerodep.shaded.org.apache.hc.client5.http.wire - http-outgoing-0 << "8000[\r][\n]"
21:06:55.877 [Test worker] DEBUG com.github.dockerjava.zerodep.shaded.org.apache.hc.client5.http.wire - http-outgoing-0 << "97\",\"homepage\":\"https://github.com/paketo-buildpacks/web-servers\",\"name\":\"Paketo Buildpack for Web Servers\"}},\"paketo-buildpacks/yarn\":{\"1.1.9\":{\"api\":\"0.7\",\"stacks\":[{\"id\":\"io.buildpacks.stacks.bionic\"},{\"id\":\"io.buildpacks.stacks.jammy\"},{\"id\":\"*\"}],\"layerDiffID\":\"sha256:7def0fea237cb9742521855c24cc74385c0a5b1029e8e0bff6df847c7d4b0d04\",\"homepage\":\"https://github.com/paketo-buildpacks/yarn\",\"name\":\"Paketo Buildpack for Yarn\"}},\"paketo-buildpacks/yarn-install\":{\"1.1.3\":{\"api\":\"0.7\",\"stacks\":[{\"id\":\"*\"}],\"layerDiffID\":\"sha256:094d697aec9965a45f943669fc32d87caa77037709e4525d0088d2c85be170fa\",\"homepage\":\"https://github.com/paketo-buildpacks/yarn-install\",\"name\":\"Paketo Buildpack for Yarn Install\"}},\"paketo-buildpacks/yarn-start\":{\"1.0.11\":{\"api\":\"0.7\",\"stacks\":[{\"id\":\"*\"}],\"layerDiffID\":\"sha256:23de49f0705f9f4da17411790ca61029013be4936f66ca7c9cd4e46ad6b491d1\",\"homepage\":\"https://github.com/paketo-buildpacks/yarn-start\",\"name\":\"Paketo Buildpack for Yarn Start\"}}}","io.buildpacks.buildpack.order":"[{\"group\":[{\"id\":\"paketo-buildpacks/ruby\",\"version\":\"0.38.1\"}]},{\"group\":[{\"id\":\"paketo-buildpacks/dotnet-core\",\"version\":\"0.38.0\"}]},{\"group\":[{\"id\":\"paketo-buildpacks/go\",\"version\":\"4.4.3\"}]},{\"group\":[{\"id\":\"paketo-buildpacks/python\",\"version\":\"2.13.0\"}]},{\"group\":[{\"id\":\"paketo-buildpacks/web-servers\",\"version\":\"0.17.1\"}]},{\"group\":[{\"id\":\"paketo-buildpacks/java-native-image\",\"version\":\"8.12.0\"}]},{\"group\":[{\"id\":\"paketo-buildpacks/java\",\"version\":\"9.14.0\"}]},{\"group\":[{\"id\":\"paketo-buildpacks/nodejs\",\"version\":\"1.7.0\"}]},{\"group\":[{\"id\":\"paketo-buildpacks/procfile\",\"version\":\"5.6.4\"}]}]","io.buildpacks.buildpack.order-extensions":"null","io.buildpacks.extension.layers":"{}","io.buildpacks.stack.description":"ubuntu:bionic with compilers and shell utilities","io.buildpacks.stack.distro.name":"ubuntu","io.buildpacks.stack.distro.version":"18.04","io.buildpacks.stack.homepage":"https://github.com/paketo-buildpacks/bionic-base-stack","io.buildpacks.stack.id":"io.buildpacks.stacks.bionic","io.buildpacks.stack.maintainer":"Paketo Buildpacks","io.buildpacks.stack.metadata":"{}","io.buildpacks.stack.mixins":"[\"libaudit1\",\"liblzma5\",\"libncurses5\",\"passwd\",\"zlib1g\",\"dpkg\",\"libgcrypt20\",\"libdebconfclient0\",\"liblz4-1\",\"libbz2-1.0\",\"gcc-8-base\",\"gpgv\",\"base-passwd\",\"libudev1\",\"mount\",\"sed\",\"libpam-modules-bin\",\"libseccomp2\",\"libss2\",\"tar\",\"sysvinit-utils\",\"grep\",\"libcap-ng0\",\"libcom-err2\",\"libext2fs2\",\"libgcc1\",\"locales\",\"netbase\",\"libblkid1\",\"libuuid1\",\"mawk\",\"libgmp10\",\"libsepol1\",\"findutils\",\"libffi6\",\"libidn2-0\",\"login\",\"dash\",\"libc-bin\",\"libselinux1\",\"tzdata\",\"diffutils\",\"libpam-modules\",\"libpam0g\",\"libpcre3\",\"libyaml-0-2\",\"openssl\",\"libc6\",\"ncurses-bin\",\"libaudit-common\",\"libncursesw5\",\"gzip\",\"libzstd1\",\"fdisk\",\"libapt-pkg5.0\",\"lsb-base\",\"ca-certificates\",\"libattr1\",\"perl-base\",\"ubuntu-keyring\",\"apt\",\"libprocps6\",\"debianutils\",\"libtasn1-6\",\"libtinfo5\",\"adduser\",\"init-system-helpers\",\"libsemanage1\",\"bash\",\"hostname\",\"libdb5.3\",\"libsmartcols1\",\"bzip2\",\"e2fsprogs\",\"libgnutls30\",\"libsystemd0\",\"libunistring2\",\"libsemanage-common\",\"libgpg-error0\",\"procps\",\"libexpat1\",\"libacl1\",\"libfdisk1\",\"ncurses-base\",\"sensible-utils\",\"util-linux\",\"bsdutils\",\"debconf\",\"libhogweed4\",\"libnettle6\",\"libp11-kit0\",\"base-files\",\"libmount1\",\"libpam-runtime\",\"coreutils\",\"libstdc++6\",\"libssl1.1\",\"build:libmpc3\",\"build:libstdc++-7-dev\",\"build:libjq1\",\"build:curl\",\"build:libasan4\",\"build:libhx509-5-heimdal\",\"build:cpp-7\",\"build:perl-modules-5.26\",\"build:libgomp1\",\"build:libldap-2.4-2\",\"build:gcc-7\",\"build:libc6-dev\",\"build:libnghttp2-14\",\"build:build-essential\",\"build:libsasl2-modules-db\",\"build:librtmp1\",\"build:libisl19\",\"build:libquadmath0\",\"build:binutils-x86-64-linux-gnu\",\"build:github.com/BurntSushi/toml\",\"build:libonig4\",\"build:git\",\"build:g++\",\"build:libasn1-8-heimdal\",\"build:libbinutils\",\"build:libgdbm-compat4\",\"build:git-man\",\"build:libpsl5\",\"build:xz-utils\",\"build:binutils-common\",\"build:libitm1\",\"build:libgcc-7-dev\",\"build:libkrb5support0\",\"build:libsasl2-2\",\"build:libatomic1\",\"build:cpp\",\"build:gcc\",\"build:libdpkg-perl\",\"build:libmpfr6\",\"build:libmpx2\",\"build:make\",\"build:binutils\",\"build:dpkg-dev\",\"build:libkeyutils1\",\"build:jq\",\"build:libhcrypto4-heimdal\",\"build:g++-7\",\"build:libkrb5-3\",\"build:libldap-common\",\"build:libroken18-heimdal\",\"build:libtsan0\",\"build:github.com/hashicorp/hcl\",\"build:libgssapi-krb5-2\",\"build:libheimntlm0-heimdal\",\"build:libk5crypto3\",\"build:libsqlite3-0\",\"build:libcurl3-gnutls\",\"build:libc-dev-bin\",\"build:libcilkrts5\",\"build:liblsan0\",\"build:perl\",\"build:github.com/sclevine/yj/v5\",\"build:libgssapi3-heimdal\",\"build:libheimbase1-heimdal\",\"build:libkrb5-26-heimdal\",\"build:libwind0-heimdal\",\"build:libcc1-0\",\"build:libperl5.26\",\"build:linux-libc-dev\",\"build:patch\",\"build:gcc-7-base\",\"build:libubsan0\",\"build:libgmpxx4ldbl\",\"build:zlib1g-dev\",\"build:gopkg.in/yaml.v3\",\"build:libcurl4\",\"build:liberror-perl\",\"build:libgdbm5\",\"build:libgmp-dev\"]","io.buildpacks.stack.released":"2023-06-29T19:41:56Z","io.paketo.stack.packages":"[{\"name\":\"adduser\",\"version\":\"3.116ubuntu1\",\"arch\":\"all\",\"source\":{\"name\":\"\"},\"summary\":\"add and remove users and groups\"},{\"name\":\"apt\",\"version\":\"1.6.17\",\"arch\":\"amd64\",\"source\":{\"name\":\"\"},\"summary\":\"commandline package manager\"},{\"name\":\"base-files\",\"version\":\"10.1ubuntu2.11\",\"arch\":\"amd64\",\"source\":{\"name\":\"\"},\"summary\":\"Debian base system miscellaneous files\"},{\"name\":\"base-passwd\",\"version\":\"3.5.44\",\"arch\":\"amd64\",\"source\":{\"name\":\"\"},\"summary\":\"Debian base system master password and group files\"},{\"name\":\"bash\",\"version\":\"4.4.18-2ubuntu1.3\",\"arch\":\"amd64\",\"source\":{\"name\":\"\"},\"summary\":\"GNU Bourne Again SHell\"},{\"name\":\"binutils\",\"version\":\"2.30-21ubuntu1~18.04.9\",\"arch\":\"amd64\",\"source\":{\"name\":\"\"},\"summary\":\"GNU assembler, linker and binary utilities\"},{\"name\":\"binutils-common\",\"version\":\"2.30-21ubuntu1~18.04.9\",\"arch\":\"amd64\",\"source\":{\"name\":\"binutils\"},\"summary\":\"Common files for the GNU assembler, linker "
21:06:55.878 [Test worker] DEBUG com.github.dockerjava.zerodep.shaded.org.apache.hc.client5.http.wire - http-outgoing-0 << "and binary utilities\"},{\"name\":\"binutils-x86-64-linux-gnu\",\"version\":\"2.30-21ubuntu1~18.04.9\",\"arch\":\"amd64\",\"source\":{\"name\":\"binutils\"},\"summary\":\"GNU binary utilities, for x86-64-linux-gnu target\"},{\"name\":\"bsdutils\",\"version\":\"1:2.31.1-0.4ubuntu3.7\",\"arch\":\"amd64\",\"source\":{\"name\":\"util-linux\",\"version\":\"2.31.1-0.4ubuntu3.7\",\"upstreamVersion\":\"2.31.1\"},\"summary\":\"basic utilities from 4.4BSD-Lite\"},{\"name\":\"build-essential\",\"version\":\"12.4ubuntu1\",\"arch\":\"amd64\",\"source\":{\"name\":\"\"},\"summary\":\"Informational list of build-essential packages\"},{\"name\":\"bzip2\",\"version\":\"1.0.6-8.1ubuntu0.2\",\"arch\":\"amd64\",\"source\":{\"name\":\"\"},\"summary\":\"high-quality block-sorting file compressor - utilities\"},{\"name\":\"ca-certificates\",\"version\":\"20230311ubuntu0.18.04.1\",\"arch\":\"all\",\"source\":{\"name\":\"\"},\"summary\":\"Common CA certificates\"},{\"name\":\"coreutils\",\"version\":\"8.28-1ubuntu1\",\"arch\":\"amd64\",\"source\":{\"name\":\"\"},\"summary\":\"GNU core utilities\"},{\"name\":\"cpp\",\"version\":\"4:7.4.0-1ubuntu2.3\",\"arch\":\"amd64\",\"source\":{\"name\":\"gcc-defaults\",\"version\":\"1.176ubuntu2.3\",\"upstreamVersion\":\"1.176ubuntu2.3\"},\"summary\":\"GNU C preprocessor (cpp)\"},{\"name\":\"cpp-7\",\"version\":\"7.5.0-3ubuntu1~18.04\",\"arch\":\"amd64\",\"source\":{\"name\":\"gcc-7\"},\"summary\":\"GNU C preprocessor\"},{\"name\":\"curl\",\"version\":\"7.58.0-2ubuntu3.24\",\"arch\":\"amd64\",\"source\":{\"name\":\"\"},\"summary\":\"command line tool for transferring data with URL syntax\"},{\"name\":\"dash\",\"version\":\"0.5.8-2.10\",\"arch\":\"amd64\",\"source\":{\"name\":\"\"},\"summary\":\"POSIX-compliant shell\"},{\"name\":\"debconf\",\"version\":\"1.5.66ubuntu1\",\"arch\":\"all\",\"source\":{\"name\":\"\"},\"summary\":\"Debian configuration management system\"},{\"name\":\"debianutils\",\"version\":\"4.8.4\",\"arch\":\"amd64\",\"source\":{\"name\":\"\"},\"summary\":\"Miscellaneous utilities specific to Debian\"},{\"name\":\"diffutils\",\"version\":\"1:3.6-1\",\"arch\":\"amd64\",\"source\":{\"name\":\"\"},\"summary\":\"File comparison utilities\"},{\"name\":\"dpkg\",\"version\":\"1.19.0.5ubuntu2.4\",\"arch\":\"amd64\",\"source\":{\"name\":\"\"},\"summary\":\"Debian package management system\"},{\"name\":\"dpkg-dev\",\"version\":\"1.19.0.5ubuntu2.4\",\"arch\":\"all\",\"source\":{\"name\":\"dpkg\"},\"summary\":\"Debian package development tools\"},{\"name\":\"e2fsprogs\",\"version\":\"1.44.1-1ubuntu1.4\",\"arch\":\"amd64\",\"source\":{\"name\":\"\"},\"summary\":\"ext2/ext3/ext4 file system utilities\"},{\"name\":\"fdisk\",\"version\":\"2.31.1-0.4ubuntu3.7\",\"arch\":\"amd64\",\"source\":{\"name\":\"util-linux\"},\"summary\":\"collection of partitioning utilities\"},{\"name\":\"findutils\",\"version\":\"4.6.0+git+20170828-2\",\"arch\":\"amd64\",\"source\":{\"name\":\"\"},\"summary\":\"utilities for finding files--find, xargs\"},{\"name\":\"g++\",\"version\":\"4:7.4.0-1ubuntu2.3\",\"arch\":\"amd64\",\"source\":{\"name\":\"gcc-defaults\",\"version\":\"1.176ubuntu2.3\",\"upstreamVersion\":\"1.176ubuntu2.3\"},\"summary\":\"GNU C++ compiler\"},{\"name\":\"g++-7\",\"version\":\"7.5.0-3ubuntu1~18.04\",\"arch\":\"amd64\",\"source\":{\"name\":\"gcc-7\"},\"summary\":\"GNU C++ compiler\"},{\"name\":\"gcc\",\"version\":\"4:7.4.0-1ubuntu2.3\",\"arch\":\"amd64\",\"source\":{\"name\":\"gcc-defaults\",\"version\":\"1.176ubuntu2.3\",\"upstreamVersion\":\"1.176ubuntu2.3\"},\"summary\":\"GNU C compiler\"},{\"name\":\"gcc-7\",\"version\":\"7.5.0-3ubuntu1~18.04\",\"arch\":\"amd64\",\"source\":{\"name\":\"\"},\"summary\":\"GNU C compiler\"},{\"name\":\"gcc-7-base\",\"version\":\"7.5.0-3ubuntu1~18.04\",\"arch\":\"amd64\",\"source\":{\"name\":\"gcc-7\"},\"summary\":\"GCC, the GNU Compiler Collection (base package)\"},{\"name\":\"gcc-8-base\",\"version\":\"8.4.0-1ubuntu1~18.04\",\"arch\":\"amd64\",\"source\":{\"name\":\"gcc-8\"},\"summary\":\"GCC, the GNU Compiler Collection (base package)\"},{\"name\":\"git\",\"version\":\"1:2.17.1-1ubuntu0.18\",\"arch\":\"amd64\",\"source\":{\"name\":\"\"},\"summary\":\"fast, scalable, distributed revision control system\"},{\"name\":\"git-man\",\"version\":\"1:2.17.1-1ubuntu0.18\",\"arch\":\"all\",\"source\":{\"name\":\"git\"},\"summary\":\"fast, scalable, distributed revision control system (manual pages)\"},{\"name\":\"gpgv\",\"version\":\"2.2.4-1ubuntu1.6\",\"arch\":\"amd64\",\"source\":{\"name\":\"gnupg2\"},\"summary\":\"GNU privacy guard - signature verification tool\"},{\"name\":\"grep\",\"version\":\"3.1-2build1\",\"arch\":\"amd64\",\"source\":{\"name\":\"\"},\"summary\":\"GNU grep, egrep and fgrep\"},{\"name\":\"gzip\",\"version\":\"1.6-5ubuntu1.2\",\"arch\":\"amd64\",\"source\":{\"name\":\"\"},\"summary\":\"GNU compression utilities\"},{\"name\":\"hostname\",\"version\":\"3.20\",\"arch\":\"amd64\",\"source\":{\"name\":\"\"},\"summary\":\"utility to set/show the host name or domain name\"},{\"name\":\"init-system-helpers\",\"version\":\"1.51\",\"arch\":\"all\",\"source\":{\"name\":\"\"},\"summary\":\"helper tools for all init systems\"},{\"name\":\"jq\",\"version\":\"1.5+dfsg-2\",\"arch\":\"amd64\",\"source\":{\"name\":\"\"},\"summary\":\"lightweight and flexible command-line JSON processor\"},{\"name\":\"libacl1\",\"version\":\"2.2.52-3build1\",\"arch\":\"amd64\",\"source\":{\"name\":\"acl\"},\"summary\":\"Access control list shared library\"},{\"name\":\"libapt-pkg5.0\",\"version\":\"1.6.17\",\"arch\":\"amd64\",\"source\":{\"name\":\"apt\"},\"summary\":\"package management runtime library\"},{\"name\":\"libasan4\",\"version\":\"7.5.0-3ubuntu1~18.04\",\"arch\":\"amd64\",\"source\":{\"name\":\"gcc-7\"},\"summary\":\"AddressSanitizer -- a fast memory error detector\"},{\"name\":\"libasn1-8-heimdal\",\"version\":\"7.5.0+dfsg-1ubuntu0.4\",\"arch\":\"amd64\",\"source\":{\"name\":\"heimdal\"},\"summary\":\"Heimdal Kerberos - ASN.1 library\"},{\"name\":\"libatomic1\",\"version\":\"8.4.0-1ubuntu1~18.04\",\"arch\":\"amd64\",\"source\":{\"name\":\"gcc-8\"},\"summary\":\"support library providing __atomic built-in functions\"},{\"name\":\"libattr1\",\"version\":\"1:2.4.47-2build1\",\"arch\":\"amd64\",\"source\":{\"name\":\"attr\"},\"summary\":\"Extended attribute shared library\"},{\"name\":\"libaudit-common\",\"version\":\"1:2.8.2-1ubuntu1.1\",\"arch\":\"all\",\"source\":{\"name\":\"audit\"},\"summary\":\"Dynamic library for security auditing - common files\"},{\"name\":\"libaudit1\",\"version\":\"1:2.8.2-1ubuntu1.1\",\"arch\":\"amd64\",\"source\":{\"name\":\"audit\"},\"summary\":\"Dynamic library for security auditing\"},{\"name\":\"libbinutils\",\"version\":\"2.30-21ubuntu1~18.04.9\",\"arch\":\"amd64\",\"source\":{\"name\":\"binutils\"},\"summary\":\"GNU binary utilities (private shared library)\"},{\"name\":\"libblkid1\",\"version\":\"2.31.1-0.4ubuntu3.7\",\"arch\":\"amd64\",\"source\":{\"name\":\"util-linux\"},\"summary\":\"block device ID library\"},{\"name\":\"libbz2-1.0\",\"version\":\"1.0.6-8.1ubuntu0.2\",\"arch\":\"amd64\",\"source\":{\"name\":\"bzip2\"},\"summary\":\"high-quality block-sorting file compressor library - runtime\"},{\"name\":\"libc-bin\",\"version\":\"2.27-3ubuntu1.6\",\"arch\":\"amd64\",\"source\":{\"name\":\"glibc\"},\"summary\":\"GNU C Library: Binaries\"},{\"name\":\"libc-dev-bin\",\"version\":\"2.27-3ubuntu1.6\",\"arch\":\"amd64\",\"source\":{\"name\":\"glibc\"},\"summary\":\"GNU C Library: Development binaries\"},{\"name\":\"libc6\",\"version\":\"2.27-3ubuntu1.6\",\"arch\":\"amd64\",\"source\":{\"name\":\"glibc\"},\"summary\":\"GNU C Library: Shared libraries\"},{\"name\":\"libc6-dev\",\"version\":\"2.27-3ubuntu1.6\",\"arch\":\"amd64\",\"source\":{\"name\":\"glibc\"},\"summary\":\"GNU C Library: Development Libraries and Header Files\"},{\"name\":\"libcap-ng0\",\"version\":\"0.7.7-3.1\",\"arch\":\"amd64\",\"source\":{\"name\":\"libcap-ng\"},\"summary\":\"An alternate POSIX capabilities library"
21:06:55.878 [Test worker] DEBUG com.github.dockerjava.zerodep.shaded.org.apache.hc.client5.http.wire - http-outgoing-0 << "\"},{\"name\":\"libcc1-0\",\"version\":\"8.4.0-1ubuntu1~18.04\",\"arch\":\"amd64\",\"source\":{\"name\":\"gcc-8\"},\"summary\":\"GCC cc1 plugin for GDB\"},{\"name\":\"libcilkrts5\",\"version\":\"7.5.0-3ubuntu1~18.04\",\"arch\":\"amd64\",\"source\":{\"name\":\"gcc-7\"},\"summary\":\"Intel Cilk Plus language extensions (runtime)\"},{\"name\":\"libcom-err2\",\"version\":\"1.44.1-1ubuntu1.4\",\"arch\":\"amd64\",\"source\":{\"name\":\"e2fsprogs\"},\"summary\":\"common error description library\"},{\"name\":\"libcurl3-gnutls\",\"version\":\"7.58.0-2ubuntu3.24\",\"arch\":\"amd64\",\"source\":{\"name\":\"curl\"},\"summary\":\"easy-to-use client-side URL transfer library (GnuTLS flavour)\"},{\"name\":\"libcurl4\",\"version\":\"7.58.0-2ubuntu3.24\",\"arch\":\"amd64\",\"source\":{\"name\":\"curl\"},\"summary\":\"easy-to-use client-side URL transfer library (OpenSSL flavour)\"},{\"name\":\"libdb5.3\",\"version\":\"5.3.28-13.1ubuntu1.1\",\"arch\":\"amd64\",\"source\":{\"name\":\"db5.3\"},\"summary\":\"Berkeley v5.3 Database Libraries [runtime]\"},{\"name\":\"libdebconfclient0\",\"version\":\"0.213ubuntu1\",\"arch\":\"amd64\",\"source\":{\"name\":\"cdebconf\"},\"summary\":\"Debian Configuration Management System (C-implementation library)\"},{\"name\":\"libdpkg-perl\",\"version\":\"1.19.0.5ubuntu2.4\",\"arch\":\"all\",\"source\":{\"name\":\"dpkg\"},\"summary\":\"Dpkg perl modules\"},{\"name\":\"liberror-perl\",\"version\":\"0.17025-1\",\"arch\":\"all\",\"source\":{\"name\":\"\"},\"summary\":\"Perl module for error/exception handling in an OO-ish way\"},{\"name\":\"libexpat1\",\"version\":\"2.2.5-3ubuntu0.9\",\"arch\":\"amd64\",\"source\":{\"name\":\"expat\"},\"summary\":\"XML parsing C library - runtime library\"},{\"name\":\"libext2fs2\",\"version\":\"1.44.1-1ubuntu1.4\",\"arch\":\"amd64\",\"source\":{\"name\":\"e2fsprogs\"},\"summary\":\"ext2/ext3/ext4 file system libraries\"},{\"name\":\"libfdisk1\",\"version\":\"2.31.1-0.4ubuntu3.7\",\"arch\":\"amd64\",\"source\":{\"name\":\"util-linux\"},\"summary\":\"fdisk partitioning library\"},{\"name\":\"libffi6\",\"version\":\"3.2.1-8\",\"arch\":\"amd64\",\"source\":{\"name\":\"libffi\"},\"summary\":\"Foreign Function Interface library runtime\"},{\"name\":\"libgcc-7-dev\",\"version\":\"7.5.0-3ubuntu1~18.04\",\"arch\":\"amd64\",\"source\":{\"name\":\"gcc-7\"},\"summary\":\"GCC support library (development files)\"},{\"name\":\"libgcc1\",\"version\":\"1:8.4.0-1ubuntu1~18.04\",\"arch\":\"amd64\",\"source\":{\"name\":\"gcc-8\",\"version\":\"8.4.0-1ubuntu1~18.04\",\"upstreamVersion\":\"8.4.0\"},\"summary\":\"GCC support library\"},{\"name\":\"libgcrypt20\",\"version\":\"1.8.1-4ubuntu1.3\",\"arch\":\"amd64\",\"source\":{\"name\":\"\"},\"summary\":\"LGPL Crypto library - runtime library\"},{\"name\":\"libgdbm-compat4\",\"version\":\"1.14.1-6\",\"arch\":\"amd64\",\"source\":{\"name\":\"gdbm\"},\"summary\":\"GNU dbm database routines (legacy support runtime version)\"},{\"name\":\"libgdbm5\",\"version\":\"1.14.1-6\",\"arch\":\"amd64\",\"source\":{\"name\":\"gdbm\"},\"summary\":\"GNU dbm database routines (runtime version)\"},{\"name\":\"libgmp-dev\",\"version\":\"2:6.1.2+dfsg-2ubuntu0.1\",\"arch\":\"amd64\",\"source\":{\"name\":\"gmp\"},\"summary\":\"Multiprecision arithmetic library developers tools\"},{\"name\":\"libgmp10\",\"version\":\"2:6.1.2+dfsg-2ubuntu0.1\",\"arch\":\"amd64\",\"source\":{\"name\":\"gmp\"},\"summary\":\"Multiprecision arithmetic library\"},{\"name\":\"libgmpxx4ldbl\",\"version\":\"2:6.1.2+dfsg-2ubuntu0.1\",\"arch\":\"amd64\",\"source\":{\"name\":\"gmp\"},\"summary\":\"Multiprecision arithmetic library (C++ bindings)\"},{\"name\":\"libgnutls30\",\"version\":\"3.5.18-1ubuntu1.6\",\"arch\":\"amd64\",\"source\":{\"name\":\"gnutls28\"},\"summary\":\"GNU TLS library - main runtime library\"},{\"name\":\"libgomp1\",\"version\":\"8.4.0-1ubuntu1~18.04\",\"arch\":\"amd64\",\"source\":{\"name\":\"gcc-8\"},\"summary\":\"GCC OpenMP (GOMP) support library\"},{\"name\":\"libgpg-error0\",\"version\":\"1.27-6\",\"arch\":\"amd64\",\"source\":{\"name\":\"libgpg-error\"},\"summary\":\"library for common error values and messages in GnuPG components\"},{\"name\":\"libgssapi-krb5-2\",\"version\":\"1.16-2ubuntu0.4\",\"arch\":\"amd64\",\"source\":{\"name\":\"krb5\"},\"summary\":\"MIT Kerberos runtime libraries - krb5 GSS-API Mechanism\"},{\"name\":\"libgssapi3-heimdal\",\"version\":\"7.5.0+dfsg-1ubuntu0.4\",\"arch\":\"amd64\",\"source\":{\"name\":\"heimdal\"},\"summary\":\"Heimdal Kerberos - GSSAPI support library\"},{\"name\":\"libhcrypto4-heimdal\",\"version\":\"7.5.0+dfsg-1ubuntu0.4\",\"arch\":\"amd64\",\"source\":{\"name\":\"heimdal\"},\"summary\":\"Heimdal Kerberos - crypto library\"},{\"name\":\"libheimbase1-heimdal\",\"version\":\"7.5.0+dfsg-1ubuntu0.4\",\"arch\":\"amd64\",\"source\":{\"name\":\"heimdal\"},\"summary\":\"Heimdal Kerberos - Base library\"},{\"name\":\"libheimntlm0-heimdal\",\"version\":\"7.5.0+dfsg-1ubuntu0.4\",\"arch\":\"amd64\",\"source\":{\"name\":\"heimdal\"},\"summary\":\"Heimdal Kerberos - NTLM support library\"},{\"name\":\"libhogweed4\",\"version\":\"3.4.1-0ubuntu0.18.04.1\",\"arch\":\"amd64\",\"source\":{\"name\":\"nettle\"},\"summary\":\"low level cryptographic library (public-key cryptos)\"},{\"name\":\"libhx509-5-heimdal\",\"version\":\"7.5.0+dfsg-1ubuntu0.4\",\"arch\":\"amd64\",\"source\":{\"name\":\"heimdal\"},\"summary\":\"Heimdal Kerberos - X509 support library\"},{\"name\":\"libidn2-0\",\"version\":\"2.0.4-1.1ubuntu0.2\",\"arch\":\"amd64\",\"source\":{\"name\":\"libidn2\"},\"summary\":\"Internationalized domain names (IDNA2008/TR46) library\"},{\"name\":\"libisl19\",\"version\":\"0.19-1\",\"arch\":\"amd64\",\"source\":{\"name\":\"isl\"},\"summary\":\"manipulating sets and relations of integer points bounded by linear constraints\"},{\"name\":\"libitm1\",\"version\":\"8.4.0-1ubuntu1~18.04\",\"arch\":\"amd64\",\"source\":{\"name\":\"gcc-8\"},\"summary\":\"GNU Transactional Memory Library\"},{\"name\":\"libjq1\",\"version\":\"1.5+dfsg-2\",\"arch\":\"amd64\",\"source\":{\"name\":\"jq\"},\"summary\":\"lightweight and flexible command-line JSON processor - shared library\"},{\"name\":\"libk5crypto3\",\"version\":\"1.16-2ubuntu0.4\",\"arch\":\"amd64\",\"source\":{\"name\":\"krb5\"},\"summary\":\"MIT Kerberos runtime libraries - Crypto Library\"},{\"name\":\"libkeyutils1\",\"version\":\"1.5.9-9.2ubuntu2.1\",\"arch\":\"amd64\",\"source\":{\"name\":\"keyutils\"},\"summary\":\"Linux Key Management Utilities (library)\"},{\"name\":\"libkrb5-26-heimdal\",\"version\":\"7.5.0+dfsg-1ubuntu0.4\",\"arch\":\"amd64\",\"source\":{\"name\":\"heimdal\"},\"summary\":\"Heimdal Kerberos - libraries\"},{\"name\":\"libkrb5-3\",\"version\":\"1.16-2ubuntu0.4\",\"arch\":\"amd64\",\"source\":{\"name\":\"krb5\"},\"summary\":\"MIT Kerberos runtime libraries\"},{\"name\":\"libkrb5support0\",\"version\":\"1.16-2ubuntu0.4\",\"arch\":\"amd64\",\"source\":{\"name\":\"krb5\"},\"summary\":\"MIT Kerberos runtime libraries - Support library\"},{\"name\":\"libldap-2.4-2\",\"version\":\"2.4.45+dfsg-1ubuntu1.11\",\"arch\":\"amd64\",\"source\":{\"name\":\"openldap\"},\"summary\":\"OpenLDAP libraries\"},{\"name\":\"libldap-common\",\"version\":\"2.4.45+dfsg-1ubuntu1.11\",\"arch\":\"all\",\"source\":{\"name\":\"openldap\"},\"summary\":\"OpenLDAP common files for libraries\"},{\"name\":\"liblsan0\",\"version\":\"8.4.0-1ubuntu1~18.04\",\"arch\":\"amd64\",\"source\":{\"name\":\"gcc-8\"},\"summary\":\"LeakSanitizer -- a memory leak detector (runtime)\"},{\"name\":\"liblz4-1\",\"version\":\"0.0~r131-2ubuntu3.1\",\"arch\":\"amd64\",\"source\":{\"name\":\"lz4\"},\"summary\":\"Fast LZ compression algorithm library - runtime\"},{\"name\":\"liblzma5\",\"version\":\"5.2.2-1.3ubuntu0.1\",\"arch\":\"amd64\",\"source\":{\"name\":\"xz-utils\"},\"summary\":\"XZ-format compression library\"},{\"name\":\"libmount1\",\"version\":\"2.31.1-0.4ubuntu3.7\",\"arch\":\"amd64\",\"source\":{\"name\":\"util-linux\"},\"summary\":\"device mounting library\"},{\"nam"
21:06:55.878 [Test worker] DEBUG com.github.dockerjava.zerodep.shaded.org.apache.hc.client5.http.wire - http-outgoing-0 << "e\":\"libmpc3\",\"version\":\"1.1.0-1\",\"arch\":\"amd64\",\"source\":{\"name\":\"mpclib3\"},\"summary\":\"multiple precision complex floating-point library\"},{\"name\":\"libmpfr6\",\"version\":\"4.0.1-1\",\"arch\":\"amd64\",\"source\":{\"name\":\"mpfr4\"},\"summary\":\"multiple precision floating-point computation\"},{\"name\":\"libmpx2\",\"version\":\"8.4.0-1ubuntu1~18.04\",\"arch\":\"amd64\",\"source\":{\"name\":\"gcc-8\"},\"summary\":\"Intel memory protection extensions (runtime)\"},{\"name\":\"libncurses5\",\"version\":\"6.1-1ubuntu1.18.04.1\",\"arch\":\"amd64\",\"source\":{\"name\":\"ncurses\"},\"summary\":\"shared libraries for terminal handling\"},{\"name\":\"libncursesw5\",\"version\":\"6.1-1ubuntu1.18.04.1\",\"arch\":\"amd64\",\"source\":{\"name\":\"ncurses\"},\"summary\":\"shared libraries for terminal handling (wide character support)\"},{\"name\":\"libnettle6\",\"version\":\"3.4.1-0ubuntu0.18.04.1\",\"arch\":\"amd64\",\"source\":{\"name\":\"nettle\"},\"summary\":\"low level cryptographic library (symmetric and one-way cryptos)\"},{\"name\":\"libnghttp2-14\",\"version\":\"1.30.0-1ubuntu1\",\"arch\":\"amd64\",\"source\":{\"name\":\"nghttp2\"},\"summary\":\"library implementing HTTP/2 protocol (shared library)\"},{\"name\":\"libonig4\",\"version\":\"6.7.0-1\",\"arch\":\"amd64\",\"source\":{\"name\":\"libonig\"},\"summary\":\"regular expressions library\"},{\"name\":\"libp11-kit0\",\"version\":\"0.23.9-2ubuntu0.1\",\"arch\":\"amd64\",\"source\":{\"name\":\"p11-kit\"},\"summary\":\"library for loading and coordinating access to PKCS#11 modules - runtime\"},{\"name\":\"libpam-modules\",\"version\":\"1.1.8-3.6ubuntu2.18.04.6\",\"arch\":\"amd64\",\"source\":{\"name\":\"pam\"},\"summary\":\"Pluggable Authentication Modules for PAM\"},{\"name\":\"libpam-modules-bin\",\"version\":\"1.1.8-3.6ubuntu2.18.04.6\",\"arch\":\"amd64\",\"source\":{\"name\":\"pam\"},\"summary\":\"Pluggable Authentication Modules for PAM - helper binaries\"},{\"name\":\"libpam-runtime\",\"version\":\"1.1.8-3.6ubuntu2.18.04.6\",\"arch\":\"all\",\"source\":{\"name\":\"pam\"},\"summary\":\"Runtime support for the PAM library\"},{\"name\":\"libpam0g\",\"version\":\"1.1.8-3.6ubuntu2.18.04.6\",\"arch\":\"amd64\",\"source\":{\"name\":\"pam\"},\"summary\":\"Pluggable Authentication Modules library\"},{\"name\":\"libpcre3\",\"version\":\"2:8.39-9ubuntu0.1\",\"arch\":\"amd64\",\"source\":{\"name\":\"pcre3\"},\"summary\":\"Old Perl 5 Compatible Regular Expression Library - runtime files\"},{\"name\":\"libperl5.26\",\"version\":\"5.26.1-6ubuntu0.7\",\"arch\":\"amd64\",\"source\":{\"name\":\"perl\"},\"summary\":\"shared Perl library\"},{\"name\":\"libprocps6\",\"version\":\"2:3.3.12-3ubuntu1.2\",\"arch\":\"amd64\",\"source\":{\"name\":\"procps\"},\"summary\":\"library for accessing process information from /proc\"},{\"name\":\"libpsl5\",\"version\":\"0.19.1-5build1\",\"arch\":\"amd64\",\"source\":{\"name\":\"libpsl\"},\"summary\":\"Library for Public Suffix List (shared libraries)\"},{\"name\":\"libquadmath0\",\"version\":\"8.4.0-1ubuntu1~18.04\",\"arch\":\"amd64\",\"source\":{\"name\":\"gcc-8\"},\"summary\":\"GCC Quad-Precision Math Library\"},{\"name\":\"libroken18-heimdal\",\"version\":\"7.5.0+dfsg-1ubuntu0.4\",\"arch\":\"amd64\",\"source\":{\"name\":\"heimdal\"},\"summary\":\"Heimdal Kerberos - roken support library\"},{\"name\":\"librtmp1\",\"version\":\"2.4+20151223.gitfa8646d.1-1\",\"arch\":\"amd64\",\"source\":{\"name\":\"rtmpdump\"},\"summary\":\"toolkit for RTMP streams (shared library)\"},{\"name\":\"libsasl2-2\",\"version\":\"2.1.27~101-g0780600+dfsg-3ubuntu2.4\",\"arch\":\"amd64\",\"source\":{\"name\":\"cyrus-sasl2\"},\"summary\":\"Cyrus SASL - authentication abstraction library\"},{\"name\":\"libsasl2-modules-db\",\"version\":\"2.1.27~101-g0780600+dfsg-3ubuntu2.4\",\"arch\":\"amd64\",\"source\":{\"name\":\"cyrus-sasl2\"},\"summary\":\"Cyrus SASL - pluggable authentication modules (DB)\"},{\"name\":\"libseccomp2\",\"version\":\"2.5.1-1ubuntu1~18.04.2\",\"arch\":\"amd64\",\"source\":{\"name\":\"libseccomp\"},\"summary\":\"high level interface to Linux seccomp filter\"},{\"name\":\"libselinux1\",\"version\":\"2.7-2build2\",\"arch\":\"amd64\",\"source\":{\"name\":\"libselinux\"},\"summary\":\"SELinux runtime shared libraries\"},{\"name\":\"libsemanage-common\",\"version\":\"2.7-2build2\",\"arch\":\"all\",\"source\":{\"name\":\"libsemanage\"},\"summary\":\"Common files for SELinux policy management libraries\"},{\"name\":\"libsemanage1\",\"version\":\"2.7-2build2\",\"arch\":\"amd64\",\"source\":{\"name\":\"libsemanage\"},\"summary\":\"SELinux policy management library\"},{\"name\":\"libsepol1\",\"version\":\"2.7-1ubuntu0.1\",\"arch\":\"amd64\",\"source\":{\"name\":\"libsepol\"},\"summary\":\"SELinux library for manipulating binary security policies\"},{\"name\":\"libsmartcols1\",\"version\":\"2.31.1-0.4ubuntu3.7\",\"arch\":\"amd64\",\"source\":{\"name\":\"util-linux\"},\"summary\":\"smart column output alignment library\"},{\"name\":\"libsqlite3-0\",\"version\":\"3.22.0-1ubuntu0.7\",\"arch\":\"amd64\",\"source\":{\"name\":\"sqlite3\"},\"summary\":\"SQLite 3 shared library\"},{\"name\":\"libss2\",\"version\":\"1.44.1-1ubuntu1.4\",\"arch\":\"amd64\",\"source\":{\"name\":\"e2fsprogs\"},\"summary\":\"command-line interface parsing library\"},{\"name\":\"libssl1.1\",\"version\":\"1.1.1-1ubuntu2.1~18.04.23\",\"arch\":\"amd64\",\"source\":{\"name\":\"openssl\"},\"summary\":\"Secure Sockets Layer toolkit - shared libraries\"},{\"name\":\"libstdc++-7-dev\",\"version\":\"7.5.0-3ubuntu1~18.04\",\"arch\":\"amd64\",\"source\":{\"name\":\"gcc-7\"},\"summary\":\"GNU Standard C++ Library v3 (development files)\"},{\"name\":\"libstdc++6\",\"version\":\"8.4.0-1ubuntu1~18.04\",\"arch\":\"amd64\",\"source\":{\"name\":\"gcc-8\"},\"summary\":\"GNU Standard C++ Library v3\"},{\"name\":\"libsystemd0\",\"version\":\"237-3ubuntu10.57\",\"arch\":\"amd64\",\"source\":{\"name\":\"systemd\"},\"summary\":\"systemd utility library\"},{\"name\":\"libtasn1-6\",\"version\":\"4.13-2\",\"arch\":\"amd64\",\"source\":{\"name\":\"\"},\"summary\":\"Manage ASN.1 structures (runtime)\"},{\"name\":\"libtinfo5\",\"version\":\"6.1-1ubuntu1.18.04.1\",\"arch\":\"amd64\",\"source\":{\"name\":\"ncurses\"},\"summary\":\"shared low-level terminfo library for terminal handling\"},{\"name\":\"libtsan0\",\"version\":\"8.4.0-1ubuntu1~18.04\",\"arch\":\"amd64\",\"source\":{\"name\":\"gcc-8\"},\"summary\":\"ThreadSanitizer -- a Valgrind-based detector of data races (runtime)\"},{\"name\":\"libubsan0\",\"version\":\"7.5.0-3ubuntu1~18.04\",\"arch\":\"amd64\",\"source\":{\"name\":\"gcc-7\"},\"summary\":\"UBSan -- undefined behaviour sanitizer (runtime)\"},{\"name\":\"libudev1\",\"version\":\"237-3ubuntu10.57\",\"arch\":\"amd64\",\"source\":{\"name\":\"systemd\"},\"summary\":\"libudev shared library\"},{\"name\":\"libunistring2\",\"version\":\"0.9.9-0ubuntu2\",\"arch\":\"amd64\",\"source\":{\"name\":\"libunistring\"},\"summary\":\"Unicode string library for C\"},{\"name\":\"libuuid1\",\"version\":\"2.31.1-0.4ubuntu3.7\",\"arch\":\"amd64\",\"source\":{\"name\":\"util-linux\"},\"summary\":\"Universally Unique ID library\"},{\"name\":\"libwind0-heimdal\",\"version\":\"7.5.0+dfsg-1ubuntu0.4\",\"arch\":\"amd64\",\"source\":{\"name\":\"heimdal\"},\"summary\":\"Heimdal Kerberos - stringprep implementation\"},{\"name\":\"libyaml-0-2\",\"version\":\"0.1.7-2ubuntu3\",\"arch\":\"amd64\",\"source\":{\"name\":\"libyaml\"},\"summary\":\"Fast YAML 1.1 parser and emitter library\"},{\"name\":\"libzstd1\",\"version\":\"1.3.3+dfsg-2ubuntu1.2\",\"arch\":\"amd64\",\"source\":{\"name\":\"libzstd\"},\"summary\":\"fast lossless compression algorithm\"},{\"name\":\"linux-libc-dev\",\"version\":\"4.15.0-213.224\",\"arch\":\"amd64\",\"source\":{\"name\":\"linux\"},\"summary\":\"Linux Kernel Headers for development\"},{\"name\":\"locales\",\"version\":\"2.27-3ubuntu1.6\",\"arch\":\"all\",\"source\":{\"name\":\"glibc\"},\"summary\":\"GNU C Library: National Languag"
21:06:55.878 [Test worker] DEBUG com.github.dockerjava.zerodep.shaded.org.apache.hc.client5.http.wire - http-outgoing-0 << "e (locale) data [support]\"},{\"name\":\"login\",\"version\":\"1:4.5-1ubuntu2.5\",\"arch\":\"amd64\",\"source\":{\"name\":\"shadow\"},\"summary\":\"system login tools\"},{\"name\":\"lsb-base\",\"version\":\"9.20170808ubuntu1\",\"arch\":\"all\",\"source\":{\"name\":\"lsb\"},\"summary\":\"Linux Standard Base init script functionality\"},{\"name\":\"make\",\"version\":\"4.1-9.1ubuntu1\",\"arch\":\"amd64\",\"source\":{\"name\":\"make-dfsg\"},\"summary\":\"utility for directing compilation\"},{\"name\":\"mawk\",\"version\":\"1.3.3-17ubuntu3\",\"arch\":\"amd64\",\"source\":{\"name\":\"\"},\"summary\":\"a pattern scanning and text processing language\"},{\"name\":\"mount\",\"version\":\"2.31.1-0.4ubuntu3.7\",\"arch\":\"amd64\",\"source\":{\"name\":\"util-linux\"},\"summary\":\"tools for mounting and manipulating filesystems\"},{\"name\":\"ncurses-base\",\"version\":\"6.1-1ubuntu1.18.04.1\",\"arch\":\"all\",\"source\":{\"name\":\"ncurses\"},\"summary\":\"basic terminal type definitions\"},{\"name\":\"ncurses-bin\",\"version\":\"6.1-1ubuntu1.18.04.1\",\"arch\":\"amd64\",\"source\":{\"name\":\"ncurses\"},\"summary\":\"terminal-related programs and man pages\"},{\"name\":\"netbase\",\"version\":\"5.4\",\"arch\":\"all\",\"source\":{\"name\":\"\"},\"summary\":\"Basic TCP/IP networking system\"},{\"name\":\"openssl\",\"version\":\"1.1.1-1ubuntu2.1~18.04.23\",\"arch\":\"amd64\",\"source\":{\"name\":\"\"},\"summary\":\"Secure Sockets Layer toolkit - cryptographic utility\"},{\"name\":\"passwd\",\"version\":\"1:4.5-1ubuntu2.5\",\"arch\":\"amd64\",\"source\":{\"name\":\"shadow\"},\"summary\":\"change and administer password and group data\"},{\"name\":\"patch\",\"version\":\"2.7.6-2ubuntu1.1\",\"arch\":\"amd64\",\"source\":{\"name\":\"\"},\"summary\":\"Apply a diff file to an original\"},{\"name\":\"perl\",\"version\":\"5.26.1-6ubuntu0.7\",\"arch\":\"amd64\",\"source\":{\"name\":\"\"},\"summary\":\"Larry Wall's Practical Extraction and Report Language\"},{\"name\":\"perl-base\",\"version\":\"5.26.1-6ubuntu0.7\",\"arch\":\"amd64\",\"source\":{\"name\":\"perl\"},\"summary\":\"minimal Perl system\"},{\"name\":\"perl-modules-5.2"
21:06:55.878 [Test worker] DEBUG com.github.dockerjava.zerodep.shaded.org.apache.hc.client5.http.wire - http-outgoing-0 << "[\r][\n]"
21:06:55.878 [Test worker] DEBUG com.github.dockerjava.zerodep.shaded.org.apache.hc.client5.http.wire - http-outgoing-0 << "8000[\r][\n]"
21:06:55.878 [Test worker] DEBUG com.github.dockerjava.zerodep.shaded.org.apache.hc.client5.http.wire - http-outgoing-0 << "6\",\"version\":\"5.26.1-6ubuntu0.7\",\"arch\":\"all\",\"source\":{\"name\":\"perl\"},\"summary\":\"Core Perl modules\"},{\"name\":\"procps\",\"version\":\"2:3.3.12-3ubuntu1.2\",\"arch\":\"amd64\",\"source\":{\"name\":\"\"},\"summary\":\"/proc file system utilities\"},{\"name\":\"sed\",\"version\":\"4.4-2\",\"arch\":\"amd64\",\"source\":{\"name\":\"\"},\"summary\":\"GNU stream editor for filtering/transforming text\"},{\"name\":\"sensible-utils\",\"version\":\"0.0.12\",\"arch\":\"all\",\"source\":{\"name\":\"\"},\"summary\":\"Utilities for sensible alternative selection\"},{\"name\":\"sysvinit-utils\",\"version\":\"2.88dsf-59.10ubuntu1\",\"arch\":\"amd64\",\"source\":{\"name\":\"sysvinit\"},\"summary\":\"System-V-like utilities\"},{\"name\":\"tar\",\"version\":\"1.29b-2ubuntu0.4\",\"arch\":\"amd64\",\"source\":{\"name\":\"\"},\"summary\":\"GNU version of the tar archiving utility\"},{\"name\":\"tzdata\",\"version\":\"2023c-0ubuntu0.18.04\",\"arch\":\"all\",\"source\":{\"name\":\"\"},\"summary\":\"time zone and daylight-saving time data\"},{\"name\":\"ubuntu-keyring\",\"version\":\"2018.09.18.1~18.04.2\",\"arch\":\"all\",\"source\":{\"name\":\"\"},\"summary\":\"GnuPG keys of the Ubuntu archive\"},{\"name\":\"util-linux\",\"version\":\"2.31.1-0.4ubuntu3.7\",\"arch\":\"amd64\",\"source\":{\"name\":\"\"},\"summary\":\"miscellaneous system utilities\"},{\"name\":\"xz-utils\",\"version\":\"5.2.2-1.3ubuntu0.1\",\"arch\":\"amd64\",\"source\":{\"name\":\"\"},\"summary\":\"XZ-format compression utilities\"},{\"name\":\"zlib1g\",\"version\":\"1:1.2.11.dfsg-0ubuntu2.2\",\"arch\":\"amd64\",\"source\":{\"name\":\"zlib\"},\"summary\":\"compression library - runtime\"},{\"name\":\"zlib1g-dev\",\"version\":\"1:1.2.11.dfsg-0ubuntu2.2\",\"arch\":\"amd64\",\"source\":{\"name\":\"zlib\"},\"summary\":\"compression library - development\"}]","org.opencontainers.image.ref.name":"ubuntu","org.opencontainers.image.version":"18.04"},"ParentId":"","RepoDigests":["paketobuildpacks/builder@sha256:17ea21162ba8c7717d3ead3ee3836a368aced7f02f2e59658e52029bd6d149e7"],"RepoTags":["paketobuildpacks/builder:base"],"SharedSize":-1,"Size":1313090445,"VirtualSize":1313090445},{"Containers":-1,"Created":315532801,"Id":"sha256:f44ffa4a5eaa828025d276ae8c6ee37828f42f36943bf42c417d225cb8eba67f","Labels":{"io.buildpacks.build.metadata":"{\"buildpacks\":[{\"id\":\"paketo-buildpacks/ca-certificates\",\"version\":\"3.6.6\",\"homepage\":\"https://github.com/paketo-buildpacks/ca-certificates\"},{\"id\":\"paketo-buildpacks/bellsoft-liberica\",\"version\":\"10.4.4\",\"homepage\":\"https://github.com/paketo-buildpacks/bellsoft-liberica\"},{\"id\":\"paketo-buildpacks/syft\",\"version\":\"1.41.1\",\"homepage\":\"https://github.com/paketo-buildpacks/syft\"},{\"id\":\"paketo-buildpacks/executable-jar\",\"version\":\"6.8.3\",\"homepage\":\"https://github.com/paketo-buildpacks/executable-jar\"},{\"id\":\"paketo-buildpacks/dist-zip\",\"version\":\"5.6.8\",\"homepage\":\"https://github.com/paketo-buildpacks/dist-zip\"},{\"id\":\"paketo-buildpacks/spring-boot\",\"version\":\"5.27.7\",\"homepage\":\"https://github.com/paketo-buildpacks/spring-boot\"}],\"launcher\":{\"version\":\"0.18.2\",\"source\":{\"git\":{\"repository\":\"github.com/buildpacks/lifecycle\",\"commit\":\"bcffe236\"}}},\"processes\":[{\"type\":\"executable-jar\",\"command\":\"java\",\"args\":[\"org.springframework.boot.loader.JarLauncher\"],\"direct\":true,\"buildpackID\":\"paketo-buildpacks/executable-jar\"},{\"type\":\"task\",\"command\":\"java\",\"args\":[\"org.springframework.boot.loader.JarLauncher\"],\"direct\":true,\"buildpackID\":\"paketo-buildpacks/executable-jar\"},{\"type\":\"web\",\"command\":\"java\",\"args\":[\"org.springframework.boot.loader.JarLauncher\"],\"direct\":true,\"buildpackID\":\"paketo-buildpacks/executable-jar\"}],\"buildpack-default-process-type\":\"web\"}","io.buildpacks.lifecycle.metadata":"{\"app\":[{\"sha\":\"sha256:133e60d395c7d463d01cf022d2ee38ec0e3f5ba66b8d82b783ff629d0a767797\"},{\"sha\":\"sha256:ab99df5db2b97d32fa490bf9196b11e367a7f722f7df9f914fbfe4914305e43e\"},{\"sha\":\"sha256:5f70bf18a086007016e948b04aed3b82103a36bea41755b6cddfaf10ace3c6ef\"},{\"sha\":\"sha256:fa77f03feac5cb22002e96cbd263c356f70fd2ede27483c68634f4bfe1ca617b\"},{\"sha\":\"sha256:5f70bf18a086007016e948b04aed3b82103a36bea41755b6cddfaf10ace3c6ef\"}],\"sbom\":{\"sha\":\"sha256:af9b3cbae9e5d0d522cf21a623b6aab3809def76272f44b03d7097108092d7cf\"},\"buildpacks\":[{\"key\":\"paketo-buildpacks/ca-certificates\",\"version\":\"3.6.6\",\"layers\":{\"helper\":{\"sha\":\"sha256:2dd1167e013198a431fa11d85b0c00c2a0c9776b940ba21f444dd75049347d80\",\"data\":{\"buildpackInfo\":{\"clear-env\":false,\"description\":\"A Cloud Native Buildpack that adds custom CA certificates to a build and a created image\",\"homepage\":\"https://github.com/paketo-buildpacks/ca-certificates\",\"id\":\"paketo-buildpacks/ca-certificates\",\"keywords\":[\"ca-certificates\",\"trust\",\"certificates\"],\"licenses\":[{\"type\":\"Apache-2.0\",\"uri\":\"https://github.com/paketo-buildpacks/ca-certificates/blob/main/LICENSE\"}],\"name\":\"Paketo Buildpack for CA Certificates\",\"sbom-formats\":[\"application/vnd.cyclonedx+json\",\"application/vnd.syft+json\"],\"version\":\"3.6.6\"},\"helperNames\":[\"ca-certificates-helper\"]},\"build\":false,\"launch\":true,\"cache\":false}}},{\"key\":\"paketo-buildpacks/bellsoft-liberica\",\"version\":\"10.4.4\",\"layers\":{\"helper\":{\"sha\":\"sha256:bdd8880429afa69df4856d2c5512706e0bfcde7a4b4fa729a15f0e6214c3441f\",\"data\":{\"buildpackInfo\":{\"clear-env\":false,\"description\":\"A Cloud Native Buildpack that provides the Bellsoft Liberica implementations of JREs and JDKs\",\"homepage\":\"https://github.com/paketo-buildpacks/bellsoft-liberica\",\"id\":\"paketo-buildpacks/bellsoft-liberica\",\"keywords\":[\"java\",\"jvm\",\"jre\",\"jdk\"],\"licenses\":[{\"type\":\"Apache-2.0\",\"uri\":\"https://github.com/paketo-buildpacks/bellsoft-liberica/blob/main/LICENSE\"}],\"name\":\"Paketo Buildpack for BellSoft Liberica\",\"sbom-formats\":[\"application/vnd.syft+json\",\"application/vnd.cyclonedx+json\"],\"version\":\"10.4.4\"},\"helperNames\":[\"active-processor-count\",\"java-opts\",\"jvm-heap\",\"link-local-dns\",\"memory-calculator\",\"security-providers-configurer\",\"jmx\",\"jfr\",\"openssl-certificate-loader\",\"security-providers-classpath-9\",\"debug-9\",\"nmt\"]},\"build\":false,\"launch\":true,\"cache\":false},\"java-security-properties\":{\"sha\":\"sha256:bea0a3dc2651cac7c9c567a5cb4e7536107b357cb9113e8806f690f050500012\",\"data\":{\"clear-env\":false,\"description\":\"A Cloud Native Buildpack that provides the Bellsoft Liberica implementations of JREs and JDKs\",\"homepage\":\"https://github.com/paketo-buildpacks/bellsoft-liberica\",\"id\":\"paketo-buildpacks/bellsoft-liberica\",\"keywords\":[\"java\",\"jvm\",\"jre\",\"jdk\"],\"licenses\":[{\"type\":\"Apache-2.0\",\"uri\":\"https://github.com/paketo-buildpacks/bellsoft-liberica/blob/main/LICENSE\"}],\"name\":\"Paketo Buildpack for BellSoft Liberica\",\"sbom-formats\":[\"application/vnd.syft+json\",\"application/vnd.cyclonedx+json\"],\"version\":\"10.4.4\"},\"build\":false,\"launch\":true,\"cache\":false},\"jre\":{\"sha\":\"sha256:7583a901ea5012e6933a3214b2f46e77b2998ba63057132752e7518b29d80288\",\"data\":{\"cert-file\":\"82f3a63130e0b47915659d619f177c8157c2bbb29dbf0f58ad2721ff84fb1190\",\"dependency\":{\"cpes\":[\"cpe:2.3:a:oracle:jre:17.0.9:*:*:*:*:*:*:*\"],\"deprecation_date\":\"0001-01-01T00:00:00Z\",\"id\":\"jre\",\"licenses\":[{\"type\":\"GPL-2.0 WITH Classpath-exception-2.0\",\"uri\":\"https://openjdk.java.net/legal/gplv2+ce.html\"}],\"name\":\"BellSoft Liberica JRE\",\"purl\":\"pkg:generic/bellsoft-jre@17.0.9?arch=amd64\",\"sha256\":\"8129150fa39f1fdf6fdef6b05cf74ff570dae35bf540d2bdd9bf915532e12d55\",\"stacks\":[\"io.buildpacks.stacks.bionic\",\"io.paketo.stacks.tiny\",\"*\"],\"uri\":\"https://github.com/bell-sw/Liberica/releases/download/17.0.9+11/bellsoft-jre17.0.9+11-linux-amd64.tar.gz\",\"version\":\"17.0.9\"}},\"build\":false,\"launch\":true,\"cache\":false}}},{\"key\":\"paketo-buildpacks/syft\",\"version\":\"1.41.1\",\"layers\":{}},{\"key\":\"paketo-buildpacks/execu"
21:06:55.879 [Test worker] DEBUG com.github.dockerjava.zerodep.shaded.org.apache.hc.client5.http.wire - http-outgoing-0 << "table-jar\",\"version\":\"6.8.3\",\"layers\":{\"classpath\":{\"sha\":\"sha256:417e5bfc3c82b9373cf6804206e071d2fc74560df867d0f39cb21ac3d15231b6\",\"data\":{\"classpath\":[\"/workspace\"],\"launch\":true},\"build\":true,\"launch\":true,\"cache\":false}}},{\"key\":\"paketo-buildpacks/dist-zip\",\"version\":\"5.6.8\",\"layers\":{}},{\"key\":\"paketo-buildpacks/spring-boot\",\"version\":\"5.27.7\",\"layers\":{\"helper\":{\"sha\":\"sha256:b89d860ce02fd70690525c591e47965d16ac2112d77dec810b31eae40c0f83e5\",\"data\":{\"buildpackInfo\":{\"clear-env\":false,\"description\":\"A Cloud Native Buildpack that contributes Spring Boot dependency information and slices an application into multiple layers\",\"homepage\":\"https://github.com/paketo-buildpacks/spring-boot\",\"id\":\"paketo-buildpacks/spring-boot\",\"keywords\":[\"java\",\"spring\",\"spring-boot\"],\"licenses\":[{\"type\":\"Apache-2.0\",\"uri\":\"https://github.com/paketo-buildpacks/spring-boot/blob/main/LICENSE\"}],\"name\":\"Paketo Buildpack for Spring Boot\",\"sbom-formats\":[\"application/vnd.cyclonedx+json\",\"application/vnd.syft+json\"],\"version\":\"5.27.7\"},\"helperNames\":[\"spring-cloud-bindings\"]},\"build\":false,\"launch\":true,\"cache\":false},\"spring-cloud-bindings\":{\"sha\":\"sha256:585d8b141d7aa07eecde5a1bae075c7898ab5809a215d66f160d3dfd46eaf577\",\"data\":{\"cpes\":[\"cpe:2.3:a:vmware:spring_cloud_bindings:1.13.0:*:*:*:*:*:*:*\"],\"deprecation_date\":\"0001-01-01T00:00:00Z\",\"id\":\"spring-cloud-bindings\",\"licenses\":[{\"type\":\"Apache-2.0\",\"uri\":\"https://github.com/spring-cloud/spring-cloud-bindings/blob/main/LICENSE\"}],\"name\":\"Spring Cloud Bindings\",\"purl\":\"pkg:generic/springframework/spring-cloud-bindings@1.13.0\",\"sha256\":\"70a448cd45d1dbc117770f934961cd9577c0c4404d34986824f8f593cae4aada\",\"stacks\":[\"io.buildpacks.stacks.bionic\",\"io.paketo.stacks.tiny\",\"*\"],\"uri\":\"https://repo1.maven.org/maven2/org/springframework/cloud/spring-cloud-bindings/1.13.0/spring-cloud-bindings-1.13.0.jar\",\"version\":\"1.13.0\"},\"build\":false,\"launch\":true,\"cache\":false},\"web-application-type\":{\"sha\":\"sha256:366ce7d1a7f90f2e4ad08752f87510eee3ffca18736fa63c03823c8c4ebf2925\",\"data\":{\"files\":\"d06cc1eb61feb578c84060b9236923cacc1a4a511b398ae48bf185d066ea3f24\"},\"build\":false,\"launch\":true,\"cache\":false}}}],\"config\":{\"sha\":\"sha256:b5942915a213f89787970eeef24a1493e92db27aa079fef5aff34a513f60d8a5\"},\"launcher\":{\"sha\":\"sha256:9b01e3d17226cb926d56787ba05c9ce5d6a3495d352e7d960be6e5657fb88f58\"},\"process-types\":{\"sha\":\"sha256:1dc94a70dbaa2171fb086500a5d27797f779219b126b0a1eebb9180c2792e80e\"},\"runImage\":{\"topLayer\":\"sha256:23b290dd5910d7a077b6ba0179996fde21aee29ea23f216bf58aaee98773f91d\",\"reference\":\"1a35dc911a52a2e6674717b8d971d97c707bfd40c153bdaed61fc2ed3c3d0cb9\"},\"stack\":{\"runImage\":{\"image\":\"index.docker.io/paketobuildpacks/run-jammy-base:latest\"}}}","io.buildpacks.project.metadata":"{}","io.buildpacks.stack.description":"ubuntu:jammy with some common dependencies like tzdata and openssl","io.buildpacks.stack.distro.name":"ubuntu","io.buildpacks.stack.distro.version":"22.04","io.buildpacks.stack.homepage":"https://github.com/paketo-buildpacks/jammy-base-stack","io.buildpacks.stack.id":"io.buildpacks.stacks.jammy","io.buildpacks.stack.maintainer":"Paketo Buildpacks","io.buildpacks.stack.metadata":"{}","io.buildpacks.stack.released":"2023-12-11T02:42:03Z","org.opencontainers.image.ref.name":"ubuntu","org.opencontainers.image.version":"22.04","org.springframework.boot.version":"2.7.18"},"ParentId":"","RepoDigests":["<none>@<none>"],"RepoTags":["<none>:<none>"],"SharedSize":-1,"Size":348630606,"VirtualSize":348630606},{"Containers":-1,"Created":315532801,"Id":"sha256:c8d038cce8f97667c98de931088fb5222bb7e12b3bd3d21135e2edf21e7008ae","Labels":{"io.buildpacks.build.metadata":"{\"buildpacks\":[{\"id\":\"paketo-buildpacks/ca-certificates\",\"version\":\"3.6.6\",\"homepage\":\"https://github.com/paketo-buildpacks/ca-certificates\"},{\"id\":\"paketo-buildpacks/bellsoft-liberica\",\"version\":\"10.4.2\",\"homepage\":\"https://github.com/paketo-buildpacks/bellsoft-liberica\"},{\"id\":\"paketo-buildpacks/syft\",\"version\":\"1.39.0\",\"homepage\":\"https://github.com/paketo-buildpacks/syft\"},{\"id\":\"paketo-buildpacks/executable-jar\",\"version\":\"6.8.2\",\"homepage\":\"https://github.com/paketo-buildpacks/executable-jar\"},{\"id\":\"paketo-buildpacks/dist-zip\",\"version\":\"5.6.7\",\"homepage\":\"https://github.com/paketo-buildpacks/dist-zip\"},{\"id\":\"paketo-buildpacks/spring-boot\",\"version\":\"5.27.5\",\"homepage\":\"https://github.com/paketo-buildpacks/spring-boot\"}],\"launcher\":{\"version\":\"0.18.2\",\"source\":{\"git\":{\"repository\":\"github.com/buildpacks/lifecycle\",\"commit\":\"bcffe236\"}}},\"processes\":[{\"type\":\"executable-jar\",\"command\":[\"java\"],\"args\":[\"org.springframework.boot.loader.launch.JarLauncher\"],\"direct\":true,\"buildpackID\":\"paketo-buildpacks/executable-jar\"},{\"type\":\"task\",\"command\":[\"java\"],\"args\":[\"org.springframework.boot.loader.launch.JarLauncher\"],\"direct\":true,\"buildpackID\":\"paketo-buildpacks/executable-jar\"},{\"type\":\"web\",\"command\":[\"java\"],\"args\":[\"org.springframework.boot.loader.launch.JarLauncher\"],\"direct\":true,\"buildpackID\":\"paketo-buildpacks/executable-jar\"}],\"buildpack-default-process-type\":\"web\"}","io.buildpacks.lifecycle.metadata":"{\"app\":[{\"sha\":\"sha256:86fee999b0ca7ee320beee608878169782f5fe24ee41f79d2145a82c7694015e\"},{\"sha\":\"sha256:e027a754162f3c77c251aaf4ae4ece976d2be185cc599be59b9975affda20655\"},{\"sha\":\"sha256:5f70bf18a086007016e948b04aed3b82103a36bea41755b6cddfaf10ace3c6ef\"},{\"sha\":\"sha256:0586dff069e9bcd049cfc909fdf5c32be0829783996009b5b62c3a58f6afafa6\"},{\"sha\":\"sha256:5f70bf18a086007016e948b04aed3b82103a36bea41755b6cddfaf10ace3c6ef\"}],\"sbom\":{\"sha\":\"sha256:8bce9a0d71dcb1309a4220c453a534e7f18315e588a678e45351fcfe39e4d988\"},\"buildpacks\":[{\"key\":\"paketo-buildpacks/ca-certificates\",\"version\":\"3.6.6\",\"layers\":{\"helper\":{\"sha\":\"sha256:2dd1167e013198a431fa11d85b0c00c2a0c9776b940ba21f444dd75049347d80\",\"data\":{\"buildpackInfo\":{\"clear-env\":false,\"description\":\"A Cloud Native Buildpack that adds custom CA certificates to a build and a created image\",\"homepage\":\"https://github.com/paketo-buildpacks/ca-certificates\",\"id\":\"paketo-buildpacks/ca-certificates\",\"keywords\":[\"ca-certificates\",\"trust\",\"certificates\"],\"licenses\":[{\"type\":\"Apache-2.0\",\"uri\":\"https://github.com/paketo-buildpacks/ca-certificates/blob/main/LICENSE\"}],\"name\":\"Paketo Buildpack for CA Certificates\",\"sbom-formats\":[\"application/vnd.cyclonedx+json\",\"application/vnd.syft+json\"],\"version\":\"3.6.6\"},\"helperNames\":[\"ca-certificates-helper\"]},\"build\":false,\"launch\":true,\"cache\":false}}},{\"key\":\"paketo-buildpacks/bellsoft-liberica\",\"version\":\"10.4.2\",\"layers\":{\"helper\":{\"sha\":\"sha256:8cba59f44bc278b679704fc23b095494f918eaf1969f05980090f16f80f5461e\",\"data\":{\"buildpackInfo\":{\"clear-env\":false,\"description\":\"A Cloud Native Buildpack that provides the Bellsoft Liberica implementations of JREs and JDKs\",\"homepage\":\"https://github.com/paketo-buildpacks/bellsoft-liberica\",\"id\":\"paketo-buildpacks/bellsoft-liberica\",\"keywords\":[\"java\",\"jvm\",\"jre\",\"jdk\"],\"licenses\":[{\"type\":\"Apache-2.0\",\"uri\":\"https://github.com/paketo-buildpacks/bellsoft-liberica/blob/main/LICENSE\"}],\"name\":\"Paketo Buildpack for BellSoft Liberica\",\"sbom-formats\":[\"application/vnd.syft+json\",\"application/vnd.cyclonedx+json\"],\"version\":\"10.4.2\"},\"helperNames\":[\"active-processor-count\",\"java-opts\",\"jvm-heap\",\"link-local-dns\",\"memory-calculator\",\"security-providers-configurer\",\"jmx\",\"jfr\",\"security-providers-classpath-9\",\"debug-9\",\"nmt\",\"openssl-certificate-loader\"]},\"build\":false,\"launch\":true,\"cache\":false},\"java-secu"
21:06:55.879 [Test worker] DEBUG com.github.dockerjava.zerodep.shaded.org.apache.hc.client5.http.wire - http-outgoing-0 << "rity-properties\":{\"sha\":\"sha256:bea0a3dc2651cac7c9c567a5cb4e7536107b357cb9113e8806f690f050500012\",\"data\":{\"clear-env\":false,\"description\":\"A Cloud Native Buildpack that provides the Bellsoft Liberica implementations of JREs and JDKs\",\"homepage\":\"https://github.com/paketo-buildpacks/bellsoft-liberica\",\"id\":\"paketo-buildpacks/bellsoft-liberica\",\"keywords\":[\"java\",\"jvm\",\"jre\",\"jdk\"],\"licenses\":[{\"type\":\"Apache-2.0\",\"uri\":\"https://github.com/paketo-buildpacks/bellsoft-liberica/blob/main/LICENSE\"}],\"name\":\"Paketo Buildpack for BellSoft Liberica\",\"sbom-formats\":[\"application/vnd.syft+json\",\"application/vnd.cyclonedx+json\"],\"version\":\"10.4.2\"},\"build\":false,\"launch\":true,\"cache\":false},\"jre\":{\"sha\":\"sha256:7583a901ea5012e6933a3214b2f46e77b2998ba63057132752e7518b29d80288\",\"data\":{\"cert-file\":\"82f3a63130e0b47915659d619f177c8157c2bbb29dbf0f58ad2721ff84fb1190\",\"dependency\":{\"cpes\":[\"cpe:2.3:a:oracle:jre:17.0.9:*:*:*:*:*:*:*\"],\"deprecation_date\":\"0001-01-01T00:00:00Z\",\"id\":\"jre\",\"licenses\":[{\"type\":\"GPL-2.0 WITH Classpath-exception-2.0\",\"uri\":\"https://openjdk.java.net/legal/gplv2+ce.html\"}],\"name\":\"BellSoft Liberica JRE\",\"purl\":\"pkg:generic/bellsoft-jre@17.0.9?arch=amd64\",\"sha256\":\"8129150fa39f1fdf6fdef6b05cf74ff570dae35bf540d2bdd9bf915532e12d55\",\"stacks\":[\"io.buildpacks.stacks.bionic\",\"io.paketo.stacks.tiny\",\"*\"],\"uri\":\"https://github.com/bell-sw/Liberica/releases/download/17.0.9+11/bellsoft-jre17.0.9+11-linux-amd64.tar.gz\",\"version\":\"17.0.9\"}},\"build\":false,\"launch\":true,\"cache\":false}}},{\"key\":\"paketo-buildpacks/syft\",\"version\":\"1.39.0\",\"layers\":{}},{\"key\":\"paketo-buildpacks/executable-jar\",\"version\":\"6.8.2\",\"layers\":{\"classpath\":{\"sha\":\"sha256:417e5bfc3c82b9373cf6804206e071d2fc74560df867d0f39cb21ac3d15231b6\",\"data\":{\"classpath\":[\"/workspace\"],\"launch\":true},\"build\":true,\"launch\":true,\"cache\":false}}},{\"key\":\"paketo-buildpacks/dist-zip\",\"version\":\"5.6.7\",\"layers\":{}},{\"key\":\"paketo-buildpacks/spring-boot\",\"version\":\"5.27.5\",\"layers\":{\"helper\":{\"sha\":\"sha256:009231a6b92598caa65c72f0fc40487703cae4321d6522607534d5dbf0cd146c\",\"data\":{\"buildpackInfo\":{\"clear-env\":false,\"description\":\"A Cloud Native Buildpack that contributes Spring Boot dependency information and slices an application into multiple layers\",\"homepage\":\"https://github.com/paketo-buildpacks/spring-boot\",\"id\":\"paketo-buildpacks/spring-boot\",\"keywords\":[\"java\",\"spring\",\"spring-boot\"],\"licenses\":[{\"type\":\"Apache-2.0\",\"uri\":\"https://github.com/paketo-buildpacks/spring-boot/blob/main/LICENSE\"}],\"name\":\"Paketo Buildpack for Spring Boot\",\"sbom-formats\":[\"application/vnd.cyclonedx+json\",\"application/vnd.syft+json\"],\"version\":\"5.27.5\"},\"helperNames\":[\"spring-cloud-bindings\"]},\"build\":false,\"launch\":true,\"cache\":false},\"spring-cloud-bindings\":{\"sha\":\"sha256:aa8d810d715f62cc4d4a82522dadeeba0d9b3a60f927c84ee2c1d9172ca23975\",\"data\":{\"cpes\":[\"cpe:2.3:a:vmware:spring_cloud_bindings:2.0.0:*:*:*:*:*:*:*\"],\"deprecation_date\":\"0001-01-01T00:00:00Z\",\"id\":\"spring-cloud-bindings\",\"licenses\":[{\"type\":\"Apache-2.0\",\"uri\":\"https://github.com/spring-cloud/spring-cloud-bindings/blob/main/LICENSE\"}],\"name\":\"Spring Cloud Bindings\",\"purl\":\"pkg:generic/springframework/spring-cloud-bindings@2.0.0\",\"sha256\":\"dab47967bffb29c5b4c41653e9741b6ca15cde483926d7f9d0a04956247fb680\",\"stacks\":[\"io.buildpacks.stacks.bionic\",\"io.paketo.stacks.tiny\",\"*\"],\"uri\":\"https://repo1.maven.org/maven2/org/springframework/cloud/spring-cloud-bindings/2.0.2/spring-cloud-bindings-2.0.2.jar\",\"version\":\"2.0.2\"},\"build\":false,\"launch\":true,\"cache\":false},\"web-application-type\":{\"sha\":\"sha256:cdd4575ae9b376f8c8925c9b305123f24c4afaf52bfe5efcbf0283adfbd4fc6a\",\"data\":{\"files\":\"492268077004706327f2889f4d3793c91c15bfd8ff2edeea25d918533e373985\"},\"build\":false,\"launch\":true,\"cache\":false}}}],\"config\":{\"sha\":\"sha256:2f68390a881d9cf27ecb3b9da13298b272c8ad403d181f3c44d920657a20614a\"},\"launcher\":{\"sha\":\"sha256:9b01e3d17226cb926d56787ba05c9ce5d6a3495d352e7d960be6e5657fb88f58\"},\"process-types\":{\"sha\":\"sha256:1dc94a70dbaa2171fb086500a5d27797f779219b126b0a1eebb9180c2792e80e\"},\"runImage\":{\"topLayer\":\"sha256:74ff64d6cdf08518f4e782d8fe09e819622ad7279675cc13525648952de73af3\",\"reference\":\"447584c41ab68a6b218fe166233d649323807242788c49bfefbec363a53a0b78\",\"image\":\"index.docker.io/paketobuildpacks/run-jammy-base:latest\"},\"stack\":{\"runImage\":{\"image\":\"index.docker.io/paketobuildpacks/run-jammy-base:latest\"}}}","io.buildpacks.project.metadata":"{}","io.buildpacks.stack.description":"ubuntu:jammy with some common dependencies like tzdata and openssl","io.buildpacks.stack.distro.name":"ubuntu","io.buildpacks.stack.distro.version":"22.04","io.buildpacks.stack.homepage":"https://github.com/paketo-buildpacks/jammy-base-stack","io.buildpacks.stack.id":"io.buildpacks.stacks.jammy","io.buildpacks.stack.maintainer":"Paketo Buildpacks","io.buildpacks.stack.metadata":"{}","io.buildpacks.stack.released":"2023-11-23T02:39:42Z","org.opencontainers.image.ref.name":"ubuntu","org.opencontainers.image.title":"edge-service","org.opencontainers.image.version":"0.0.1-SNAPSHOT","org.springframework.boot.version":"3.2.0"},"ParentId":"","RepoDigests":["<none>@<none>"],"RepoTags":["<none>:<none>"],"SharedSize":-1,"Size":333701262,"VirtualSize":333701262},{"Containers":-1,"Created":315532801,"Id":"sha256:3ce54988f35b884058b03d606752ee05f048826bc477746b6114ce8cb5b1ac6e","Labels":{"io.buildpacks.build.metadata":"{\"bom\":[{\"name\":\"Nginx Server\",\"metadata\":{\"checksum\":{\"algorithm\":\"SHA-256\",\"hash\":\"7e9d6556a4749b1a7a8fa5ab8e05ec15193b609fcc14aede69080accac21b3df\"},\"cpe\":\"cpe:2.3:a:nginx:nginx:1.21.6:*:*:*:*:*:*:*\",\"licenses\":[\"BSD-2-Clause\"],\"purl\":\"pkg:generic/nginx@1.21.6?checksum=66dc7081488811e9f925719e34d1b4504c2801c81dee2920e5452a86b11405ae\\u0026download_url=http://nginx.org/download/nginx-1.21.6.tar.gz\",\"source\":{\"checksum\":{\"algorithm\":\"SHA-256\",\"hash\":\"66dc7081488811e9f925719e34d1b4504c2801c81dee2920e5452a86b11405ae\"},\"uri\":\"http://nginx.org/download/nginx-1.21.6.tar.gz\"},\"uri\":\"https://deps.paketo.io/nginx/nginx_1.21.6_linux_x64_bionic_7e9d6556.tgz\",\"version\":\"1.21.6\"},\"buildpack\":{\"id\":\"paketo-buildpacks/nginx\",\"version\":\"0.5.3\"}}],\"buildpacks\":[{\"homepage\":\"https://github.com/paketo-buildpacks/nginx\",\"id\":\"paketo-buildpacks/nginx\",\"version\":\"0.5.3\"}],\"launcher\":{\"version\":\"0.13.5\",\"source\":{\"git\":{\"repository\":\"github.com/buildpacks/lifecycle\",\"commit\":\"fede5f9b\"}}},\"processes\":[{\"type\":\"web\",\"command\":\"nginx -p $PWD -c \\\"/workspace/nginx.conf\\\"\",\"args\":[],\"direct\":false,\"buildpackID\":\"paketo-buildpacks/nginx\"}],\"buildpack-default-process-type\":\"web\"}","io.buildpacks.lifecycle.metadata":"{\"app\":[{\"sha\":\"sha256:a6d661d80afa0e832554a92962078b3eb16b25f68c297a578c057a508d1a986d\"}],\"buildpacks\":[{\"key\":\"paketo-buildpacks/nginx\",\"version\":\"0.5.3\",\"layers\":{\"nginx\":{\"sha\":\"sha256:0af5c5db5e5f945fcba5db08155924fc9f4e14a54ddba3d7ae89f18f000b030c\",\"data\":{\"built_at\":\"2022-03-18T21:38:38.685041525Z\",\"configure-bin-sha\":\"95672c441f56337c2a3388361294f16f3e47c03aa08e0714cbb9238b749bd820\",\"dependency-sha\":\"7e9d6556a4749b1a7a8fa5ab8e05ec15193b609fcc14aede69080accac21b3df\"},\"build\":false,\"launch\":true,\"cache\":false}}}],\"config\":{\"sha\":\"sha256:f416041c611cb43b9cb73b19ed9384ef3fe7dccbc4e3facae8590efd0b6bde1a\"},\"launcher\":{\"sha\":\"sha256:b28e272ad893e56da882e42ab8cfcaa51703df86a2e50c2c07e14a805cbd444d\"},\"process-types\":{\"sha\":\"sha256:83d85471d9f8a3834b4e27cf701e3f0aef220cc816d9c173c7d32cd73909a590\"},\"runImage\":{\"topLayer\":\"sha256:a520e745736fa17b0d2b52255f5b722b5cccceb"
21:06:55.879 [Test worker] DEBUG com.github.dockerjava.zerodep.shaded.org.apache.hc.client5.http.wire - http-outgoing-0 << "77663a6d724a6232e641cea90\",\"reference\":\"e357715e807556d929bc5716cd0823b90a411d0deb1827fc08fb21a7a76b9ddf\"},\"stack\":{\"runImage\":{\"image\":\"index.docker.io/paketobuildpacks/run:base-cnb\",\"mirrors\":[\"gcr.io/paketo-buildpacks/run:base-cnb\"]}}}","io.buildpacks.project.metadata":"{}","io.buildpacks.stack.description":"ubuntu:bionic + openssl + CA certs","io.buildpacks.stack.distro.name":"Ubuntu","io.buildpacks.stack.distro.version":"18.04","io.buildpacks.stack.homepage":"https://github.com/paketo-buildpacks/stacks","io.buildpacks.stack.id":"io.buildpacks.stacks.bionic","io.buildpacks.stack.maintainer":"Paketo Buildpacks","io.buildpacks.stack.metadata":"{\"base-image\": \"paketobuildpacks/run@sha256:a1f751bd6ff992f5607a2e7d3f4bc33f1a66a3df94f22729936cf30fc27bb634\"}","io.buildpacks.stack.mixins":"[\"adduser\",\"apt\",\"base-files\",\"base-passwd\",\"bash\",\"bsdutils\",\"bzip2\",\"ca-certificates\",\"coreutils\",\"dash\",\"debconf\",\"debianutils\",\"diffutils\",\"dpkg\",\"e2fsprogs\",\"fdisk\",\"findutils\",\"gcc-8-base\",\"gpgv\",\"grep\",\"gzip\",\"hostname\",\"init-system-helpers\",\"libacl1\",\"libapt-pkg5.0\",\"libattr1\",\"libaudit-common\",\"libaudit1\",\"libblkid1\",\"libbz2-1.0\",\"libc-bin\",\"libc6\",\"libcap-ng0\",\"libcom-err2\",\"libdb5.3\",\"libdebconfclient0\",\"libext2fs2\",\"libfdisk1\",\"libffi6\",\"libgcc1\",\"libgcrypt20\",\"libgmp10\",\"libgnutls30\",\"libgpg-error0\",\"libhogweed4\",\"libidn2-0\",\"liblz4-1\",\"liblzma5\",\"libmount1\",\"libncurses5\",\"libncursesw5\",\"libnettle6\",\"libp11-kit0\",\"libpam-modules\",\"libpam-modules-bin\",\"libpam-runtime\",\"libpam0g\",\"libpcre3\",\"libprocps6\",\"libseccomp2\",\"libselinux1\",\"libsemanage-common\",\"libsemanage1\",\"libsepol1\",\"libsmartcols1\",\"libss2\",\"libssl1.1\",\"libstdc++6\",\"libsystemd0\",\"libtasn1-6\",\"libtinfo5\",\"libudev1\",\"libunistring2\",\"libuuid1\",\"libyaml-0-2\",\"libzstd1\",\"locales\",\"login\",\"lsb-base\",\"mawk\",\"mount\",\"ncurses-base\",\"ncurses-bin\",\"netbase\",\"openssl\",\"passwd\",\"perl-base\",\"procps\",\"sed\",\"sensible-utils\",\"sysvinit-utils\",\"tar\",\"tzdata\",\"ubuntu-keyring\",\"util-linux\",\"zlib1g\"]","io.buildpacks.stack.released":"2022-03-15T18:02:48Z","io.paketo.stack.packages":"[{\"name\":\"adduser\",\"version\":\"3.116ubuntu1\",\"arch\":\"all\",\"source\":{\"name\":\"adduser\",\"version\":\"3.116ubuntu1\",\"upstreamVersion\":\"3.116ubuntu1\"},\"summary\":\"add and remove users and groups\"},{\"name\":\"apt\",\"version\":\"1.6.14\",\"arch\":\"amd64\",\"source\":{\"name\":\"apt\",\"version\":\"1.6.14\",\"upstreamVersion\":\"1.6.14\"},\"summary\":\"commandline package manager\"},{\"name\":\"base-files\",\"version\":\"10.1ubuntu2.11\",\"arch\":\"amd64\",\"source\":{\"name\":\"base-files\",\"version\":\"10.1ubuntu2.11\",\"upstreamVersion\":\"10.1ubuntu2.11\"},\"summary\":\"Debian base system miscellaneous files\"},{\"name\":\"base-passwd\",\"version\":\"3.5.44\",\"arch\":\"amd64\",\"source\":{\"name\":\"base-passwd\",\"version\":\"3.5.44\",\"upstreamVersion\":\"3.5.44\"},\"summary\":\"Debian base system master password and group files\"},{\"name\":\"bash\",\"version\":\"4.4.18-2ubuntu1.2\",\"arch\":\"amd64\",\"source\":{\"name\":\"bash\",\"version\":\"4.4.18-2ubuntu1.2\",\"upstreamVersion\":\"4.4.18\"},\"summary\":\"GNU Bourne Again SHell\"},{\"name\":\"bsdutils\",\"version\":\"1:2.31.1-0.4ubuntu3.7\",\"arch\":\"amd64\",\"source\":{\"name\":\"util-linux\",\"version\":\"2.31.1-0.4ubuntu3.7\",\"upstreamVersion\":\"2.31.1\"},\"summary\":\"basic utilities from 4.4BSD-Lite\"},{\"name\":\"bzip2\",\"version\":\"1.0.6-8.1ubuntu0.2\",\"arch\":\"amd64\",\"source\":{\"name\":\"bzip2\",\"version\":\"1.0.6-8.1ubuntu0.2\",\"upstreamVersion\":\"1.0.6\"},\"summary\":\"high-quality block-sorting file compressor - utilities\"},{\"name\":\"ca-certificates\",\"version\":\"20210119~18.04.2\",\"arch\":\"all\",\"source\":{\"name\":\"ca-certificates\",\"version\":\"20210119~18.04.2\",\"upstreamVersion\":\"20210119~18.04.2\"},\"summary\":\"Common CA certificates\"},{\"name\":\"coreutils\",\"version\":\"8.28-1ubuntu1\",\"arch\":\"amd64\",\"source\":{\"name\":\"coreutils\",\"version\":\"8.28-1ubuntu1\",\"upstreamVersion\":\"8.28\"},\"summary\":\"GNU core utilities\"},{\"name\":\"dash\",\"version\":\"0.5.8-2.10\",\"arch\":\"amd64\",\"source\":{\"name\":\"dash\",\"version\":\"0.5.8-2.10\",\"upstreamVersion\":\"0.5.8\"},\"summary\":\"POSIX-compliant shell\"},{\"name\":\"debconf\",\"version\":\"1.5.66ubuntu1\",\"arch\":\"all\",\"source\":{\"name\":\"debconf\",\"version\":\"1.5.66ubuntu1\",\"upstreamVersion\":\"1.5.66ubuntu1\"},\"summary\":\"Debian configuration management system\"},{\"name\":\"debianutils\",\"version\":\"4.8.4\",\"arch\":\"amd64\",\"source\":{\"name\":\"debianutils\",\"version\":\"4.8.4\",\"upstreamVersion\":\"4.8.4\"},\"summary\":\"Miscellaneous utilities specific to Debian\"},{\"name\":\"diffutils\",\"version\":\"1:3.6-1\",\"arch\":\"amd64\",\"source\":{\"name\":\"diffutils\",\"version\":\"1:3.6-1\",\"upstreamVersion\":\"3.6\"},\"summary\":\"File comparison utilities\"},{\"name\":\"dpkg\",\"version\":\"1.19.0.5ubuntu2.3\",\"arch\":\"amd64\",\"source\":{\"name\":\"dpkg\",\"version\":\"1.19.0.5ubuntu2.3\",\"upstreamVersion\":\"1.19.0.5ubuntu2.3\"},\"summary\":\"Debian package management system\"},{\"name\":\"e2fsprogs\",\"version\":\"1.44.1-1ubuntu1.3\",\"arch\":\"amd64\",\"source\":{\"name\":\"e2fsprogs\",\"version\":\"1.44.1-1ubuntu1.3\",\"upstreamVersion\":\"1.44.1\"},\"summary\":\"ext2/ext3/ext4 file system utilities\"},{\"name\":\"fdisk\",\"version\":\"2.31.1-0.4ubuntu3.7\",\"arch\":\"amd64\",\"source\":{\"name\":\"util-linux\",\"version\":\"2.31.1-0.4ubuntu3.7\",\"upstreamVersion\":\"2.31.1\"},\"summary\":\"collection of partitioning utilities\"},{\"name\":\"findutils\",\"version\":\"4.6.0+git+20170828-2\",\"arch\":\"amd64\",\"source\":{\"name\":\"findutils\",\"version\":\"4.6.0+git+20170828-2\",\"upstreamVersion\":\"4.6.0+git+20170828\"},\"summary\":\"utilities for finding files--find, xargs\"},{\"name\":\"gcc-8-base:amd64\",\"version\":\"8.4.0-1ubuntu1~18.04\",\"arch\":\"amd64\",\"source\":{\"name\":\"gcc-8\",\"version\":\"8.4.0-1ubuntu1~18.04\",\"upstreamVersion\":\"8.4.0\"},\"summary\":\"GCC, the GNU Compiler Collection (base package)\"},{\"name\":\"gpgv\",\"version\":\"2.2.4-1ubuntu1.4\",\"arch\":\"amd64\",\"source\":{\"name\":\"gnupg2\",\"version\":\"2.2.4-1ubuntu1.4\",\"upstreamVersion\":\"2.2.4\"},\"summary\":\"GNU privacy guard - signature verification tool\"},{\"name\":\"grep\",\"version\":\"3.1-2build1\",\"arch\":\"amd64\",\"source\":{\"name\":\"grep\",\"version\":\"3.1-2build1\",\"upstreamVersion\":\"3.1\"},\"summary\":\"GNU grep, egrep and fgrep\"},{\"name\":\"gzip\",\"version\":\"1.6-5ubuntu1.1\",\"arch\":\"amd64\",\"source\":{\"name\":\"gzip\",\"version\":\"1.6-5ubuntu1.1\",\"upstreamVersion\":\"1.6\"},\"summary\":\"GNU compression utilities\"},{\"name\":\"hostname\",\"version\":\"3.20\",\"arch\":\"amd64\",\"source\":{\"name\":\"hostname\",\"version\":\"3.20\",\"upstreamVersion\":\"3.20\"},\"summary\":\"utility to set/show the host name or domain name\"},{\"name\":\"init-system-helpers\",\"version\":\"1.51\",\"arch\":\"all\",\"source\":{\"name\":\"init-system-helpers\",\"version\":\"1.51\",\"upstreamVersion\":\"1.51\"},\"summary\":\"helper tools for all init systems\"},{\"name\":\"libacl1:amd64\",\"version\":\"2.2.52-3build1\",\"arch\":\"amd64\",\"source\":{\"name\":\"acl\",\"version\":\"2.2.52-3build1\",\"upstreamVersion\":\"2.2.52\"},\"summary\":\"Access control list shared library\"},{\"name\":\"libapt-pkg5.0:amd64\",\"version\":\"1.6.14\",\"arch\":\"amd64\",\"source\":{\"name\":\"apt\",\"version\":\"1.6.14\",\"upstreamVersion\":\"1.6.14\"},\"summary\":\"package management runtime library\"},{\"name\":\"libattr1:amd64\",\"version\":\"1:2.4.47-2build1\",\"arch\":\"amd64\",\"source\":{\"name\":\"attr\",\"version\":\"1:2.4.47-2build1\",\"upstreamVersion\":\"2.4.47\"},\"summary\":\"Extended attribute s"
21:06:55.879 [Test worker] DEBUG com.github.dockerjava.zerodep.shaded.org.apache.hc.client5.http.wire - http-outgoing-0 << "hared library\"},{\"name\":\"libaudit-common\",\"version\":\"1:2.8.2-1ubuntu1.1\",\"arch\":\"all\",\"source\":{\"name\":\"audit\",\"version\":\"1:2.8.2-1ubuntu1.1\",\"upstreamVersion\":\"2.8.2"
21:06:55.880 [Test worker] DEBUG com.github.dockerjava.zerodep.shaded.org.apache.hc.client5.http.wire - http-outgoing-0 << "\"},\"summary\":\"Dynamic library for security auditing - common files\"},{\"name\":\"libaudit1:amd64\",\"version\":\"1:2.8.2-1ubuntu1.1\",\"arch\":\"amd64\",\"source\":{\"name\":\"audit\",\"version\":\"1:2.8.2-1ubuntu1.1\",\"upstreamVersion\":\"2.8.2\"},\"summary\":\"Dynamic library for security auditing\"},{\"name\":\"libblkid1:amd64\",\"version\":\"2.31.1-0.4ubuntu3.7\",\"arch\":\"amd64[\r][\n]"
21:06:55.880 [Test worker] DEBUG com.github.dockerjava.zerodep.shaded.org.apache.hc.client5.http.wire - http-outgoing-0 << "8000[\r][\n]"
21:06:55.880 [Test worker] DEBUG com.github.dockerjava.zerodep.shaded.org.apache.hc.client5.http.wire - http-outgoing-0 << "\",\"source\":{\"name\":\"util-linux\",\"version\":\"2.31.1-0.4ubuntu3.7\",\"upstreamVersion\":\"2.31.1\"},\"summary\":\"block device ID library\"},{\"name\":\"libbz2-1.0:amd64\",\"version\":\"1.0.6-8.1ubuntu0.2\",\"arch\":\"amd64\",\"source\":{\"name\":\"bzip2\",\"version\":\"1.0.6-8.1ubuntu0.2\",\"upstreamVersion\":\"1.0.6\"},\"summary\":\"high-quality block-sorting file compressor library - runtime\"},{\"name\":\"libc-bin\",\"version\":\"2.27-3ubuntu1.5\",\"arch\":\"amd64\",\"source\":{\"name\":\"glibc\",\"version\":\"2.27-3ubuntu1.5\",\"upstreamVersion\":\"2.27\"},\"summary\":\"GNU C Library: Binaries\"},{\"name\":\"libc6:amd64\",\"version\":\"2.27-3ubuntu1.5\",\"arch\":\"amd64\",\"source\":{\"name\":\"glibc\",\"version\":\"2.27-3ubuntu1.5\",\"upstreamVersion\":\"2.27\"},\"summary\":\"GNU C Library: Shared libraries\"},{\"name\":\"libcap-ng0:amd64\",\"version\":\"0.7.7-3.1\",\"arch\":\"amd64\",\"source\":{\"name\":\"libcap-ng\",\"version\":\"0.7.7-3.1\",\"upstreamVersion\":\"0.7.7\"},\"summary\":\"An alternate POSIX capabilities library\"},{\"name\":\"libcom-err2:amd64\",\"version\":\"1.44.1-1ubuntu1.3\",\"arch\":\"amd64\",\"source\":{\"name\":\"e2fsprogs\",\"version\":\"1.44.1-1ubuntu1.3\",\"upstreamVersion\":\"1.44.1\"},\"summary\":\"common error description library\"},{\"name\":\"libdb5.3:amd64\",\"version\":\"5.3.28-13.1ubuntu1.1\",\"arch\":\"amd64\",\"source\":{\"name\":\"db5.3\",\"version\":\"5.3.28-13.1ubuntu1.1\",\"upstreamVersion\":\"5.3.28\"},\"summary\":\"Berkeley v5.3 Database Libraries [runtime]\"},{\"name\":\"libdebconfclient0:amd64\",\"version\":\"0.213ubuntu1\",\"arch\":\"amd64\",\"source\":{\"name\":\"cdebconf\",\"version\":\"0.213ubuntu1\",\"upstreamVersion\":\"0.213ubuntu1\"},\"summary\":\"Debian Configuration Management System (C-implementation library)\"},{\"name\":\"libext2fs2:amd64\",\"version\":\"1.44.1-1ubuntu1.3\",\"arch\":\"amd64\",\"source\":{\"name\":\"e2fsprogs\",\"version\":\"1.44.1-1ubuntu1.3\",\"upstreamVersion\":\"1.44.1\"},\"summary\":\"ext2/ext3/ext4 file system libraries\"},{\"name\":\"libfdisk1:amd64\",\"version\":\"2.31.1-0.4ubuntu3.7\",\"arch\":\"amd64\",\"source\":{\"name\":\"util-linux\",\"version\":\"2.31.1-0.4ubuntu3.7\",\"upstreamVersion\":\"2.31.1\"},\"summary\":\"fdisk partitioning library\"},{\"name\":\"libffi6:amd64\",\"version\":\"3.2.1-8\",\"arch\":\"amd64\",\"source\":{\"name\":\"libffi\",\"version\":\"3.2.1-8\",\"upstreamVersion\":\"3.2.1\"},\"summary\":\"Foreign Function Interface library runtime\"},{\"name\":\"libgcc1:amd64\",\"version\":\"1:8.4.0-1ubuntu1~18.04\",\"arch\":\"amd64\",\"source\":{\"name\":\"gcc-8\",\"version\":\"8.4.0-1ubuntu1~18.04\",\"upstreamVersion\":\"8.4.0\"},\"summary\":\"GCC support library\"},{\"name\":\"libgcrypt20:amd64\",\"version\":\"1.8.1-4ubuntu1.3\",\"arch\":\"amd64\",\"source\":{\"name\":\"libgcrypt20\",\"version\":\"1.8.1-4ubuntu1.3\",\"upstreamVersion\":\"1.8.1\"},\"summary\":\"LGPL Crypto library - runtime library\"},{\"name\":\"libgmp10:amd64\",\"version\":\"2:6.1.2+dfsg-2\",\"arch\":\"amd64\",\"source\":{\"name\":\"gmp\",\"version\":\"2:6.1.2+dfsg-2\",\"upstreamVersion\":\"6.1.2+dfsg\"},\"summary\":\"Multiprecision arithmetic library\"},{\"name\":\"libgnutls30:amd64\",\"version\":\"3.5.18-1ubuntu1.5\",\"arch\":\"amd64\",\"source\":{\"name\":\"gnutls28\",\"version\":\"3.5.18-1ubuntu1.5\",\"upstreamVersion\":\"3.5.18\"},\"summary\":\"GNU TLS library - main runtime library\"},{\"name\":\"libgpg-error0:amd64\",\"version\":\"1.27-6\",\"arch\":\"amd64\",\"source\":{\"name\":\"libgpg-error\",\"version\":\"1.27-6\",\"upstreamVersion\":\"1.27\"},\"summary\":\"library for common error values and messages in GnuPG components\"},{\"name\":\"libhogweed4:amd64\",\"version\":\"3.4.1-0ubuntu0.18.04.1\",\"arch\":\"amd64\",\"source\":{\"name\":\"nettle\",\"version\":\"3.4.1-0ubuntu0.18.04.1\",\"upstreamVersion\":\"3.4.1\"},\"summary\":\"low level cryptographic library (public-key cryptos)\"},{\"name\":\"libidn2-0:amd64\",\"version\":\"2.0.4-1.1ubuntu0.2\",\"arch\":\"amd64\",\"source\":{\"name\":\"libidn2\",\"version\":\"2.0.4-1.1ubuntu0.2\",\"upstreamVersion\":\"2.0.4\"},\"summary\":\"Internationalized domain names (IDNA2008/TR46) library\"},{\"name\":\"liblz4-1:amd64\",\"version\":\"0.0~r131-2ubuntu3.1\",\"arch\":\"amd64\",\"source\":{\"name\":\"lz4\",\"version\":\"0.0~r131-2ubuntu3.1\",\"upstreamVersion\":\"0.0~r131\"},\"summary\":\"Fast LZ compression algorithm library - runtime\"},{\"name\":\"liblzma5:amd64\",\"version\":\"5.2.2-1.3\",\"arch\":\"amd64\",\"source\":{\"name\":\"xz-utils\",\"version\":\"5.2.2-1.3\",\"upstreamVersion\":\"5.2.2\"},\"summary\":\"XZ-format compression library\"},{\"name\":\"libmount1:amd64\",\"version\":\"2.31.1-0.4ubuntu3.7\",\"arch\":\"amd64\",\"source\":{\"name\":\"util-linux\",\"version\":\"2.31.1-0.4ubuntu3.7\",\"upstreamVersion\":\"2.31.1\"},\"summary\":\"device mounting library\"},{\"name\":\"libncurses5:amd64\",\"version\":\"6.1-1ubuntu1.18.04\",\"arch\":\"amd64\",\"source\":{\"name\":\"ncurses\",\"version\":\"6.1-1ubuntu1.18.04\",\"upstreamVersion\":\"6.1\"},\"summary\":\"shared libraries for terminal handling\"},{\"name\":\"libncursesw5:amd64\",\"version\":\"6.1-1ubuntu1.18.04\",\"arch\":\"amd64\",\"source\":{\"name\":\"ncurses\",\"version\":\"6.1-1ubuntu1.18.04\",\"upstreamVersion\":\"6.1\"},\"summary\":\"shared libraries for terminal handling (wide character support)\"},{\"name\":\"libnettle6:amd64\",\"version\":\"3.4.1-0ubuntu0.18.04.1\",\"arch\":\"amd64\",\"source\":{\"name\":\"nettle\",\"version\":\"3.4.1-0ubuntu0.18.04.1\",\"upstreamVersion\":\"3.4.1\"},\"summary\":\"low level cryptographic library (symmetric and one-way cryptos)\"},{\"name\":\"libp11-kit0:amd64\",\"version\":\"0.23.9-2ubuntu0.1\",\"arch\":\"amd64\",\"source\":{\"name\":\"p11-kit\",\"version\":\"0.23.9-2ubuntu0.1\",\"upstreamVersion\":\"0.23.9\"},\"summary\":\"library for loading and coordinating access to PKCS#11 modules - runtime\"},{\"name\":\"libpam-modules:amd64\",\"version\":\"1.1.8-3.6ubuntu2.18.04.3\",\"arch\":\"amd64\",\"source\":{\"name\":\"pam\",\"version\":\"1.1.8-3.6ubuntu2.18.04.3\",\"upstreamVersion\":\"1.1.8\"},\"summary\":\"Pluggable Authentication Modules for PAM\"},{\"name\":\"libpam-modules-bin\",\"version\":\"1.1.8-3.6ubuntu2.18.04.3\",\"arch\":\"amd64\",\"source\":{\"name\":\"pam\",\"version\":\"1.1.8-3.6ubuntu2.18.04.3\",\"upstreamVersion\":\"1.1.8\"},\"summary\":\"Pluggable Authentication Modules for PAM - helper binaries\"},{\"name\":\"libpam-runtime\",\"version\":\"1.1.8-3.6ubuntu2.18.04.3\",\"arch\":\"all\",\"source\":{\"name\":\"pam\",\"version\":\"1.1.8-3.6ubuntu2.18.04.3\",\"upstreamVersion\":\"1.1.8\"},\"summary\":\"Runtime support for the PAM library\"},{\"name\":\"libpam0g:amd64\",\"version\":\"1.1.8-3.6ubuntu2.18.04.3\",\"arch\":\"amd64\",\"source\":{\"name\":\"pam\",\"version\":\"1.1.8-3.6ubuntu2.18.04.3\",\"upstreamVersion\":\"1.1.8\"},\"summary\":\"Pluggable Authentication Modules library\"},{\"name\":\"libpcre3:amd64\",\"version\":\"2:8.39-9\",\"arch\":\"amd64\",\"source\":{\"name\":\"pcre3\",\"version\":\"2:8.39-9\",\"upstreamVersion\":\"8.39\"},\"summary\":\"Old Perl 5 Compatible Regular Expression Library - runtime files\"},{\"name\":\"libprocps6:amd64\",\"version\":\"2:3.3.12-3ubuntu1.2\",\"arch\":\"amd64\",\"source\":{\"name\":\"procps\",\"version\":\"2:3.3.12-3ubuntu1.2\",\"upstreamVersion\":\"3.3.12\"},\"summary\":\"library for accessing process information from /proc\"},{\"name\":\"libseccomp2:amd64\",\"version\":\"2.5.1-1ubuntu1~18.04.2\",\"arch\":\"amd64\",\"source\":{\"name\":\"libseccomp\",\"version\":\"2.5.1-1ubuntu1~18.04.2\",\"upstreamVersion\":\"2.5.1\"},\"summary\":\"high level interface to Linux seccomp filter\"},{\"name\":\"libselinux1:amd64\",\"version\":\"2.7-2build2\",\"arch\":\"amd64\",\"source\"
21:06:55.881 [Test worker] DEBUG com.github.dockerjava.zerodep.shaded.org.apache.hc.client5.http.wire - http-outgoing-0 << "":{\"name\":\"libselinux\",\"version\":\"2.7-2build2\",\"upstreamVersion\":\"2.7\"},\"summary\":\"SELinux runtime shared libraries\"},{\"name\":\"libsemanage-common\",\"version\":\"2.7-2build2\",\"arch\":\"all\",\"source\":{\"name\":\"libsemanage\",\"version\":\"2.7-2build2\",\"upstreamVersion\":\"2.7\"},\"summary\":\"Common files for SELinux policy management libraries\"},{\"name\":\"libsemanage1:amd64\",\"version\":\"2.7-2build2\",\"arch\":\"amd64\",\"source\":{\"name\":\"libsemanage\",\"version\":\"2.7-2build2\",\"upstreamVersion\":\"2.7\"},\"summary\":\"SELinux policy management library\"},{\"name\":\"libsepol1:amd64\",\"version\":\"2.7-1\",\"arch\":\"amd64\",\"source\":{\"name\":\"libsepol\",\"version\":\"2.7-1\",\"upstreamVersion\":\"2.7\"},\"summary\":\"SELinux library for manipulating binary security policies\"},{\"name\":\"libsmartcols1:amd64\",\"version\":\"2.31.1-0.4ubuntu3.7\",\"arch\":\"amd64\",\"source\":{\"name\":\"util-linux\",\"version\":\"2.31.1-0.4ubuntu3.7\",\"upstreamVersion\":\"2.31.1\"},\"summary\":\"smart column output alignment library\"},{\"name\":\"libss2:amd64\",\"version\":\"1.44.1-1ubuntu1.3\",\"arch\":\"amd64\",\"source\":{\"name\":\"e2fsprogs\",\"version\":\"1.44.1-1ubuntu1.3\",\"upstreamVersion\":\"1.44.1\"},\"summary\":\"command-line interface parsing library\"},{\"name\":\"libssl1.1:amd64\",\"version\":\"1.1.1-1ubuntu2.1~18.04.15\",\"arch\":\"amd64\",\"source\":{\"name\":\"openssl\",\"version\":\"1.1.1-1ubuntu2.1~18.04.15\",\"upstreamVersion\":\"1.1.1\"},\"summary\":\"Secure Sockets Layer toolkit - shared libraries\"},{\"name\":\"libstdc++6:amd64\",\"version\":\"8.4.0-1ubuntu1~18.04\",\"arch\":\"amd64\",\"source\":{\"name\":\"gcc-8\",\"version\":\"8.4.0-1ubuntu1~18.04\",\"upstreamVersion\":\"8.4.0\"},\"summary\":\"GNU Standard C++ Library v3\"},{\"name\":\"libsystemd0:amd64\",\"version\":\"237-3ubuntu10.53\",\"arch\":\"amd64\",\"source\":{\"name\":\"systemd\",\"version\":\"237-3ubuntu10.53\",\"upstreamVersion\":\"237\"},\"summary\":\"systemd utility library\"},{\"name\":\"libtasn1-6:amd64\",\"version\":\"4.13-2\",\"arch\":\"amd64\",\"source\":{\"name\":\"libtasn1-6\",\"version\":\"4.13-2\",\"upstreamVersion\":\"4.13\"},\"summary\":\"Manage ASN.1 structures (runtime)\"},{\"name\":\"libtinfo5:amd64\",\"version\":\"6.1-1ubuntu1.18.04\",\"arch\":\"amd64\",\"source\":{\"name\":\"ncurses\",\"version\":\"6.1-1ubuntu1.18.04\",\"upstreamVersion\":\"6.1\"},\"summary\":\"shared low-level terminfo library for terminal handling\"},{\"name\":\"libudev1:amd64\",\"version\":\"237-3ubuntu10.53\",\"arch\":\"amd64\",\"source\":{\"name\":\"systemd\",\"version\":\"237-3ubuntu10.53\",\"upstreamVersion\":\"237\"},\"summary\":\"libudev shared library\"},{\"name\":\"libunistring2:amd64\",\"version\":\"0.9.9-0ubuntu2\",\"arch\":\"amd64\",\"source\":{\"name\":\"libunistring\",\"version\":\"0.9.9-0ubuntu2\",\"upstreamVersion\":\"0.9.9\"},\"summary\":\"Unicode string library for C\"},{\"name\":\"libuuid1:amd64\",\"version\":\"2.31.1-0.4ubuntu3.7\",\"arch\":\"amd64\",\"source\":{\"name\":\"util-linux\",\"version\":\"2.31.1-0.4ubuntu3.7\",\"upstreamVersion\":\"2.31.1\"},\"summary\":\"Universally Unique ID library\"},{\"name\":\"libyaml-0-2:amd64\",\"version\":\"0.1.7-2ubuntu3\",\"arch\":\"amd64\",\"source\":{\"name\":\"libyaml\",\"version\":\"0.1.7-2ubuntu3\",\"upstreamVersion\":\"0.1.7\"},\"summary\":\"Fast YAML 1.1 parser and emitter library\"},{\"name\":\"libzstd1:amd64\",\"version\":\"1.3.3+dfsg-2ubuntu1.2\",\"arch\":\"amd64\",\"source\":{\"name\":\"libzstd\",\"version\":\"1.3.3+dfsg-2ubuntu1.2\",\"upstreamVersion\":\"1.3.3+dfsg\"},\"summary\":\"fast lossless compression algorithm\"},{\"name\":\"locales\",\"version\":\"2.27-3ubuntu1.5\",\"arch\":\"all\",\"source\":{\"name\":\"glibc\",\"version\":\"2.27-3ubuntu1.5\",\"upstreamVersion\":\"2.27\"},\"summary\":\"GNU C Library: National Language (locale) data [support]\"},{\"name\":\"login\",\"version\":\"1:4.5-1ubuntu2.2\",\"arch\":\"amd64\",\"source\":{\"name\":\"shadow\",\"version\":\"1:4.5-1ubuntu2.2\",\"upstreamVersion\":\"4.5\"},\"summary\":\"system login tools\"},{\"name\":\"lsb-base\",\"version\":\"9.20170808ubuntu1\",\"arch\":\"all\",\"source\":{\"name\":\"lsb\",\"version\":\"9.20170808ubuntu1\",\"upstreamVersion\":\"9.20170808ubuntu1\"},\"summary\":\"Linux Standard Base init script functionality\"},{\"name\":\"mawk\",\"version\":\"1.3.3-17ubuntu3\",\"arch\":\"amd64\",\"source\":{\"name\":\"mawk\",\"version\":\"1.3.3-17ubuntu3\",\"upstreamVersion\":\"1.3.3\"},\"summary\":\"a pattern scanning and text processing language\"},{\"name\":\"mount\",\"version\":\"2.31.1-0.4ubuntu3.7\",\"arch\":\"amd64\",\"source\":{\"name\":\"util-linux\",\"version\":\"2.31.1-0.4ubuntu3.7\",\"upstreamVersion\":\"2.31.1\"},\"summary\":\"tools for mounting and manipulating filesystems\"},{\"name\":\"ncurses-base\",\"version\":\"6.1-1ubuntu1.18.04\",\"arch\":\"all\",\"source\":{\"name\":\"ncurses\",\"version\":\"6.1-1ubuntu1.18.04\",\"upstreamVersion\":\"6.1\"},\"summary\":\"basic terminal type definitions\"},{\"name\":\"ncurses-bin\",\"version\":\"6.1-1ubuntu1.18.04\",\"arch\":\"amd64\",\"source\":{\"name\":\"ncurses\",\"version\":\"6.1-1ubuntu1.18.04\",\"upstreamVersion\":\"6.1\"},\"summary\":\"terminal-related programs and man pages\"},{\"name\":\"netbase\",\"version\":\"5.4\",\"arch\":\"all\",\"source\":{\"name\":\"netbase\",\"version\":\"5.4\",\"upstreamVersion\":\"5.4\"},\"summary\":\"Basic TCP/IP networking system\"},{\"name\":\"openssl\",\"version\":\"1.1.1-1ubuntu2.1~18.04.15\",\"arch\":\"amd64\",\"source\":{\"name\":\"openssl\",\"version\":\"1.1.1-1ubuntu2.1~18.04.15\",\"upstreamVersion\":\"1.1.1\"},\"summary\":\"Secure Sockets Layer toolkit - cryptographic utility\"},{\"name\":\"passwd\",\"version\":\"1:4.5-1ubuntu2.2\",\"arch\":\"amd64\",\"source\":{\"name\":\"shadow\",\"version\":\"1:4.5-1ubuntu2.2\",\"upstreamVersion\":\"4.5\"},\"summary\":\"change and administer password and group data\"},{\"name\":\"perl-base\",\"version\":\"5.26.1-6ubuntu0.5\",\"arch\":\"amd64\",\"source\":{\"name\":\"perl\",\"version\":\"5.26.1-6ubuntu0.5\",\"upstreamVersion\":\"5.26.1\"},\"summary\":\"minimal Perl system\"},{\"name\":\"procps\",\"version\":\"2:3.3.12-3ubuntu1.2\",\"arch\":\"amd64\",\"source\":{\"name\":\"procps\",\"version\":\"2:3.3.12-3ubuntu1.2\",\"upstreamVersion\":\"3.3.12\"},\"summary\":\"/proc file system utilities\"},{\"name\":\"sed\",\"version\":\"4.4-2\",\"arch\":\"amd64\",\"source\":{\"name\":\"sed\",\"version\":\"4.4-2\",\"upstreamVersion\":\"4.4\"},\"summary\":\"GNU stream editor for filtering/transforming text\"},{\"name\":\"sensible-utils\",\"version\":\"0.0.12\",\"arch\":\"all\",\"source\":{\"name\":\"sensible-utils\",\"version\":\"0.0.12\",\"upstreamVersion\":\"0.0.12\"},\"summary\":\"Utilities for sensible alternative selection\"},{\"name\":\"sysvinit-utils\",\"version\":\"2.88dsf-59.10ubuntu1\",\"arch\":\"amd64\",\"source\":{\"name\":\"sysvinit\",\"version\":\"2.88dsf-59.10ubuntu1\",\"upstreamVersion\":\"2.88dsf\"},\"summary\":\"System-V-like utilities\"},{\"name\":\"tar\",\"version\":\"1.29b-2ubuntu0.3\",\"arch\":\"amd64\",\"source\":{\"name\":\"tar\",\"version\":\"1.29b-2ubuntu0.3\",\"upstreamVersion\":\"1.29b\"},\"summary\":\"GNU version of the tar archiving utility\"},{\"name\":\"tzdata\",\"version\":\"2021e-0ubuntu0.18.04\",\"arch\":\"all\",\"source\":{\"name\":\"tzdata\",\"version\":\"2021e-0ubuntu0.18.04\",\"upstreamVersion\":\"2021e\"},\"summary\":\"time zone and daylight-saving time data\"},{\"name\":\"ubuntu-keyring\",\"version\":\"2018.09.18.1~18.04.2\",\"arch\":\"all\",\"source\":{\"name\":\"ubuntu-keyring\",\"version\":\"2018.09.18.1~18.04.2\",\"upstreamVersion\":\"2018.09.18.1~18.04.2\"},\"summary\":\"GnuPG keys of the Ubuntu archive\"},{\"name\":\"util-linux\",\"version\":\"2.31.1-0.4ubuntu3.7\",\"arch\":\"amd64\",\"source\":{\"name\":\"util-linux\",\"version\":\"2.31.1-0.4ubuntu3.7\",\"upstreamVersion\":\"2.31.1\"},\"summary\":\"miscellaneous system utilities\"},{\"name\":\"zli"
21:06:55.881 [Test worker] DEBUG com.github.dockerjava.zerodep.shaded.org.apache.hc.client5.http.wire - http-outgoing-0 << "b1g:amd64\",\"version\":\"1:1.2.11.dfsg-0ubuntu2\",\"arch\":\"amd64\",\"source\":{\"name\":\"zlib\",\"version\":\"1:1.2.11.dfsg-0ubuntu2\",\"upstreamVersion\":\"1.2.11.dfsg\"},\"summary\":\"compression library - runtime\"}]"},"ParentId":"","RepoDigests":["ghcr.io/polarbookshop/polar-ui@sha256:c6b42e2ebaabbb7e8da8c007146d64daaac27f870b5592f00d881642cded8a36"],"RepoTags":["ghcr.io/polarbookshop/polar-ui:v1"],"SharedSize":-1,"Size":100508703,"VirtualSize":100508703},{"Containers":-1,"Created":315532801,"Id":"sha256:18539cda0b750ca8a6b1d6648eca48fc25acacbcdeddeebca7f20a34641e20fb","Labels":{"io.buildpacks.build.metadata":"{\"buildpacks\":[{\"id\":\"paketo-buildpacks/ca-certificates\",\"version\":\"3.6.6\",\"homepage\":\"https://github.com/paketo-buildpacks/ca-certificates\"},{\"id\":\"paketo-buildpacks/bellsoft-liberica\",\"version\":\"10.4.4\",\"homepage\":\"https://github.com/paketo-buildpacks/bellsoft-liberica\"},{\"id\":\"paketo-buildpacks/syft\",\"version\":\"1.41.1\",\"homepage\":\"https://github.com/paketo-buildpacks/syft\"},{\"id\":\"paketo-buildpacks/executable-jar\",\"version\":\"6.8.3\",\"homepage\":\"https://github.com/paketo-buildpacks/executable-jar\"},{\"id\":\"paketo-buildpacks/dist-zip\",\"version\":\"5.6.8\",\"homepage\":\"https://github.com/paketo-buildpacks/dist-zip\"},{\"id\":\"paketo-buildpacks/spring-boot\",\"version\":\"5.27.7\",\"homepage\":\"https://github.com/paketo-buildpacks/spring-boot\"}],\"launcher\":{\"version\":\"0.18.2\",\"source\":{\"git\":{\"repository\":\"github.com/buildpacks/lifecycle\",\"commit\":\"bcffe236\"}}},\"processes\":[{\"type\":\"executable-jar\",\"command\":\"java\",\"args\":[\"org.springframework.boot.loader.JarLauncher\"],\"direct\":true,\"buildpackID\":\"paketo-buildpacks/executable-jar\"},{\"type\":\"task\",\"command\":\"java\",\"args\":[\"org.springframework.boot.loader.JarLauncher\"],\"direct\":true,\"buildpackID\":\"paketo-buildpacks/executable-jar\"},{\"type\":\"web\",\"command\":\"java\",\"args\":[\"org.springframework.boot.loader.JarLauncher\"],\"direct\":true,\"buildpackID\":\"paketo-buildpacks/executable-jar\"}],\"buildpack-default-process-type\":\"web\"}","io.buildpacks.lifecycle.metadata":"{\"app\":[{\"sha\":\"sha256:133e60d395c7d463d01cf022d2ee38ec0e3f5ba66b8d82b783ff629d0a767797\"},{\"sha\":\"sha256:ab99df5db2b97d32fa490bf9196b11e367a7f722f7df9f914fbfe4914305e43e\"},{\"sha\":\"sha256:5f70bf18a086007016e948b04aed3b82103a36bea41755b6cddfaf10ace3c6ef\"},{\"sha\":\"sha256:e45ebca1d3e809c68b67bee936a5b4dc6604542e7dade345ebb79686f2e7777b\"},{\"sha\":\"sha256:5f70bf18a086007016e948b04aed3b82103a36bea41755b6cddfaf10ace3c6ef\"}],\"sbom\":{\"sha\":\"sha256:af9b3cbae9e5d0d522cf21a623b6aab3809def76272f44b03d7097108092d7cf\"},\"buildpacks\":[{\"key\":\"paketo-buildpacks/ca-certificates\",\"version\":\"3.6.6\",\"layers\":{\"helper\":{\"sha\":\"sha256:2dd1167e013198a431fa11d85b0c00c2a0c9776b940ba21f444dd75049347d80\",\"data\":{\"buildpackInfo\":{\"clear-env\":false,\"description\":\"A Cloud Native Buildpack that adds custom CA certificates to a build and a created image\",\"homepage\":\"https://github.com/paketo-buildpacks/ca-certificates\",\"id\":\"paketo-buildpacks/ca-certificates\",\"keywords\":[\"ca-certificates\",\"trust\",\"certificates\"],\"licenses\":[{\"type\":\"Apache-2.0\",\"uri\":\"https://github.com/paketo-buildpacks/ca-certificates/blob/main/LICENSE\"}],\"name\":\"Paketo Buildpack for CA Certificates\",\"sbom-formats\":[\"application/vnd.cyclonedx+json\",\"application/vnd.syft+json\"],\"version\":\"3.6.6\"},\"helperNames\":[\"ca-certificates-helper\"]},\"build\":false,\"launch\":true,\"cache\":false}}},{\"key\":\"paketo-buildpacks/bellsoft-liberica\",\"version\":\"10.4.4\",\"layers\":{\"helper\":{\"sha\":\"sha256:bdd8880429afa69df4856d2c5512706e0bfcde7a4b4fa729a15f0e6214c3441f\",\"data\":{\"buildpackInfo\":{\"clear-env\":false,\"description\":\"A Cloud Native Buildpack that provides the Bellsoft Liberica implementations of JREs and JDKs\",\"homepage\":\"https://github.com/paketo-buildpacks/bellsoft-liberica\",\"id\":\"paketo-buildpacks/bellsoft-liberica\",\"keywords\":[\"java\",\"jvm\",\"jre\",\"jdk\"],\"licenses\":[{\"type\":\"Apache-2.0\",\"uri\":\"https://github.com/paketo-buildpacks/bellsoft-liberica/blob/main/LICENSE\"}],\"name\":\"Paketo Buildpack for BellSoft Liberica\",\"sbom-formats\":[\"application/vnd.syft+json\",\"application/vnd.cyclonedx+json\"],\"version\":\"10.4.4\"},\"helperNames\":[\"active-processor-count\",\"java-opts\",\"jvm-heap\",\"link-local-dns\",\"memory-calculator\",\"security-providers-configurer\",\"jmx\",\"jfr\",\"openssl-certificate-loader\",\"security-providers-classpath-9\",\"debug-9\",\"nmt\"]},\"build\":false,\"launch\":true,\"cache\":false},\"java-security-properties\":{\"sha\":\"sha256:bea0a3dc2651cac7c9c567a5cb4e7536107b357cb9113e8806f690f050500012\",\"data\":{\"clear-env\":false,\"description\":\"A Cloud Native Buildpack that provides the Bellsoft Liberica implementations of JREs and JDKs\",\"homepage\":\"https://github.com/paketo-buildpacks/bellsoft-liberica\",\"id\":\"paketo-buildpacks/bellsoft-liberica\",\"keywords\":[\"java\",\"jvm\",\"jre\",\"jdk\"],\"licenses\":[{\"type\":\"Apache-2.0\",\"uri\":\"https://github.com/paketo-buildpacks/bellsoft-liberica/blob/main/LICENSE\"}],\"name\":\"Paketo Buildpack for BellSoft Liberica\",\"sbom-formats\":[\"application/vnd.syft+json\",\"application/vnd.cyclonedx+json\"],\"version\":\"10.4.4\"},\"build\":false,\"launch\":true,\"cache\":false},\"jre\":{\"sha\":\"sha256:7583a901ea5012e6933a3214b2f46e77b2998ba63057132752e7518b29d80288\",\"data\":{\"cert-file\":\"82f3a63130e0b47915659d619f177c8157c2bbb29dbf0f58ad2721ff84fb1190\",\"dependency\":{\"cpes\":[\"cpe:2.3:a:oracle:jre:17.0.9:*:*:*:*:*:*:*\"],\"deprecation_date\":\"0001-01-01T00:00:00Z\",\"id\":\"jre\",\"licenses\":[{\"type\":\"GPL-2.0 WITH Classpath-exception-2.0\",\"uri\":\"https://openjdk.java.net/legal/gplv2+ce.html\"}],\"name\":\"BellSoft Liberica JRE\",\"purl\":\"pkg:generic/bellsoft-jre@17.0.9?arch=amd64\",\"sha256\":\"8129150fa39f1fdf6fdef6b05cf74ff570dae35bf540d2bdd9bf915532e12d55\",\"stacks\":[\"io.buildpacks.stacks.bionic\",\"io.paketo.stacks.tiny\",\"*\"],\"uri\":\"https://github.com/bell-sw/Liberica/releases/download/17.0.9+11/bellsoft-jre17.0.9+11-linux-amd64.tar.gz\",\"version\":\"17.0.9\"}},\"build\":false,\"launch\":true,\"cache\":false}}},{\"key\":\"paketo-buildpacks/syft\",\"version\":\"1.41.1\",\"layers\":{}},{\"key\":\"paketo-buildpacks/executable-jar\",\"version\":\"6.8.3\",\"layers\":{\"classpath\":{\"sha\":\"sha256:417e5bfc3c82b9373cf6804206e071d2fc74560df867d0f39cb21ac3d15231b6\",\"data\":{\"classpath\":[\"/workspace\"],\"launch\":true},\"build\":true,\"launch\":true,\"cache\":false}}},{\"key\":\"paketo-buildpacks/dist-zip\",\"version\":\"5.6.8\",\"layers\":{}},{\"key\":\"paketo-buildpacks/spring-boot\",\"version\":\"5.27.7\",\"layers\":{\"helper\":{\"sha\":\"sha256:b89d860ce02fd70690525c591e47965d16ac2112d77dec810b31eae40c0f83e5\",\"data\":{\"buildpackInfo\":{\"clear-env\":false,\"description\":\"A Cloud Native Buildpack that contributes Spring Boot dependency information and slices an application into multiple layers\",\"homepage\":\"https://github.com/paketo-buildpacks/spring-boot\",\"id\":\"paketo-buildpacks/spring-boot\",\"keywords\":[\"java\",\"spring\",\"spring-boot\"],\"licenses\":[{\"type\":\"Apache-2.0\",\"uri\":\"https://github.com/paketo-buildpacks/spring-boot/blob/main/LICENSE\"}],\"name\":\"Paketo Buildpack for Spring Boot\",\"sbom-formats\":[\"application/vnd.cyclonedx+json\",\"application/vnd.syft+json\"],\"version\":\"5.27.7\"},\"helperNames\":[\"spring-cloud-bindings\"]},\"build\":false,\"launch\":true,\"cache\":false},\"spring-cloud-bindings\":{\"sha\":\"sha256:585d8b141d7aa07eecde5a1bae075c7898ab5809a215d66f160d3dfd46eaf577\",\"data\":{\"cpes\":[\"cpe:2.3:a:vmware:spring_cloud_bindings:1.13.0:*:*:*:*:*:*:*\"],\"deprecation_date\":\"0001-01-01T00:00:00Z\",\"id\":\"spring-cloud-bindings\",\"licenses\":[{\"type\":"
21:06:55.882 [Test worker] DEBUG com.github.dockerjava.zerodep.shaded.org.apache.hc.client5.http.wire - http-outgoing-0 << "\"Apache-2.0\",\"uri\":\"https://github.com/spring-cloud/spring-cloud-bindings/blob/main/LICENSE\"}],\"name\":\"Spring Cloud Bindings\",\"purl\":\"pkg:generic/springframework/spring-cloud-bindings@1.13.0\",\"sha256\":\"70a448cd45d1dbc117770f934961cd9577c0c4404d34986824f8f593cae4aada\",\"stacks\":[\"io.buildpacks.stacks.bionic\",\"io.paketo.stacks.tiny\",\"*\"],\"uri\":\"https://repo1.maven.org/maven2/org/springframework/cloud/spring-cloud-bindings/1.13.0/spring-cloud-bindings-1.13.0.jar\",\"version\":\"1.13.0\"},\"build\":false,\"launch\":true,\"cache\":false},\"web-application-type\":{\"sha\":\"sha256:366ce7d1a7f90f2e4ad08752f87510eee3ffca18736fa63c03823c8c4ebf2925\",\"data\":{\"files\":\"15ef66f849337d4c31f29f1dc398e2f04bf9525dcbfe8c876f3cc887671c18a8\"},\"build\":false,\"launch\":true,\"cache\":false}}}],\"config\":{\"sha\":\"sha256:b5942915a213f89787970eeef24a1493e92db27aa079fef5aff34a513f60d8a5\"},\"launcher\":{\"sha\":\"sha256:9b01e3d17226cb926d56787ba05c9ce5d6a3495d352e7d960be6e5657fb88f58\"},\"process-types\":{\"sha\":\"sha256:1dc94a70dbaa2171fb086500a5d27797f779219b126b0a1eebb9180c2792e80e\"},\"runImage\":{\"topLayer\":\"sha256:bdca9ff99e18151e890f916e05bb2a08b9519cec1802eae2b67087fbdcfec0f7\",\"reference\":\"a9420c939c6e54f715b8c542f7a01038914fdffe0d399072c9d98d535ba6815c\"},\"stack\":{\"runImage\":{\"image\":\"index.docker.io/paketobuildpacks/run-jammy-base:latest\"}}}","io.buildpacks.project.metadata":"{}","io.buildpacks.stack.description":"ubuntu:jammy with some common dependencies like tzdata and openssl","io.buildpacks.stack.distro.name":"ubuntu","io.buildpacks.stack.distro.version":"22.04","io.buildpacks.stack.homepage":"https://github.com/paketo-buildpacks/jammy-base-stack","io.buildpacks.stack.id":"io.buildpacks.stacks.jammy","io.buildpacks.stack.maintainer":"Paketo Buildpacks","io.buildpacks.stack.metadata":"{}","io.buildpacks.stack.released":"2023-12-11T14:36:54Z","org.opencontainers.image.ref.name":"ubuntu","org.opencontainers.image.version":"22.04","org.springframework.boot.version":"2.7.18"},"ParentId":"","RepoDigests":["<none>@<none>"],"RepoTags":["<none>:<none>"],"SharedSize":-1,"Size":348630644,"VirtualSize":348630644},{"Containers":-1,"Created":315532801,"Id":"sha256:0f620a02ded607d5308dee6b2eb06878e47e2893e1306d469418b721078b6942","Labels":{"io.buildpacks.builder.metadata":"{\n  \"description\" : \"Ubuntu 22.04 Jammy Jellyfish base image with buildpacks for Java, Go, .NET Core, Node.js, Python, Apache HTTPD, NGINX and Procfile\",\n  \"buildpacks\" : [ {\n    \"id\" : \"paketo-buildpacks/dotnet-core\",\n    \"name\" : \"Paketo Buildpack for .NET Core\",\n    \"version\" : \"0.42.1\",\n    \"homepage\" : \"https://github.com/paketo-buildpacks/dotnet-core\"\n  }, {\n    \"id\" : \"paketo-buildpacks/ca-certificates\",\n    \"name\" : \"Paketo Buildpack for CA Certificates\",\n    \"version\" : \"3.6.6\",\n    \"homepage\" : \"https://github.com/paketo-buildpacks/ca-certificates\"\n  }, {\n    \"id\" : \"paketo-buildpacks/dotnet-core-aspnet-runtime\",\n    \"name\" : \"Paketo Buildpack for ASP.NET Core Runtime\",\n    \"version\" : \"0.4.1\",\n    \"homepage\" : \"https://github.com/paketo-buildpacks/dotnet-core-aspnet-runtime\"\n  }, {\n    \"id\" : \"paketo-buildpacks/dotnet-core-sdk\",\n    \"name\" : \"Paketo Buildpack for .NET Core SDK\",\n    \"version\" : \"0.14.1\",\n    \"homepage\" : \"https://github.com/paketo-buildpacks/dotnet-core-sdk\"\n  }, {\n    \"id\" : \"paketo-buildpacks/dotnet-execute\",\n    \"name\" : \"Paketo Buildpack for .NET Execute\",\n    \"version\" : \"0.14.24\",\n    \"homepage\" : \"https://github.com/paketo-buildpacks/dotnet-execute\"\n  }, {\n    \"id\" : \"paketo-buildpacks/dotnet-publish\",\n    \"name\" : \"Paketo Buildpack for .NET Publish\",\n    \"version\" : \"0.12.23\",\n    \"homepage\" : \"https://github.com/paketo-buildpacks/dotnet-publish\"\n  }, {\n    \"id\" : \"paketo-buildpacks/environment-variables\",\n    \"name\" : \"Paketo Buildpack for Environment Variables\",\n    \"version\" : \"4.5.6\",\n    \"homepage\" : \"https://github.com/paketo-buildpacks/environment-variables\"\n  }, {\n    \"id\" : \"paketo-buildpacks/icu\",\n    \"name\" : \"Paketo Buildpack for ICU\",\n    \"version\" : \"0.7.1\",\n    \"homepage\" : \"https://github.com/paketo-buildpacks/icu\"\n  }, {\n    \"id\" : \"paketo-buildpacks/image-labels\",\n    \"name\" : \"Paketo Buildpack for Image Labels\",\n    \"version\" : \"4.5.5\",\n    \"homepage\" : \"https://github.com/paketo-buildpacks/image-labels\"\n  }, {\n    \"id\" : \"paketo-buildpacks/node-engine\",\n    \"name\" : \"Paketo Buildpack for Node Engine\",\n    \"version\" : \"3.0.1\",\n    \"homepage\" : \"https://github.com/paketo-buildpacks/node-engine\"\n  }, {\n    \"id\" : \"paketo-buildpacks/procfile\",\n    \"name\" : \"Paketo Buildpack for Procfile\",\n    \"version\" : \"5.6.7\",\n    \"homepage\" : \"https://github.com/paketo-buildpacks/procfile\"\n  }, {\n    \"id\" : \"paketo-buildpacks/vsdbg\",\n    \"name\" : \"Paketo Buildpack for Visual Studio Debugger\",\n    \"version\" : \"0.3.5\"\n  }, {\n    \"id\" : \"paketo-buildpacks/watchexec\",\n    \"name\" : \"Paketo Buildpack for Watchexec\",\n    \"version\" : \"2.8.6\",\n    \"homepage\" : \"https://github.com/paketo-buildpacks/watchexec\"\n  }, {\n    \"id\" : \"paketo-buildpacks/go\",\n    \"name\" : \"Paketo Buildpack for Go\",\n    \"version\" : \"4.6.1\",\n    \"homepage\" : \"https://github.com/paketo-buildpacks/go\"\n  }, {\n    \"id\" : \"paketo-buildpacks/ca-certificates\",\n    \"name\" : \"Paketo Buildpack for CA Certificates\",\n    \"version\" : \"3.6.6\",\n    \"homepage\" : \"https://github.com/paketo-buildpacks/ca-certificates\"\n  }, {\n    \"id\" : \"paketo-buildpacks/environment-variables\",\n    \"name\" : \"Paketo Buildpack for Environment Variables\",\n    \"version\" : \"4.5.6\",\n    \"homepage\" : \"https://github.com/paketo-buildpacks/environment-variables\"\n  }, {\n    \"id\" : \"paketo-buildpacks/git\",\n    \"name\" : \"Paketo Buildpack for Git\",\n    \"version\" : \"1.0.7\",\n    \"homepage\" : \"https://github.com/paketo-buildpacks/git\"\n  }, {\n    \"id\" : \"paketo-buildpacks/go-build\",\n    \"name\" : \"Paketo Buildpack for Go Build\",\n    \"version\" : \"2.1.1\",\n    \"homepage\" : \"https://github.com/paketo-buildpacks/go-build\"\n  }, {\n    \"id\" : \"paketo-buildpacks/go-dist\",\n    \"name\" : \"Paketo Buildpack for Go Distribution\",\n    \"version\" : \"2.4.3\",\n    \"homepage\" : \"https://github.com/paketo-buildpacks/go-dist\"\n  }, {\n    \"id\" : \"paketo-buildpacks/go-mod-vendor\",\n    \"name\" : \"Paketo Buildpack for Go Mod Vendor\",\n    \"version\" : \"1.0.26\",\n    \"homepage\" : \"https://github.com/paketo-buildpacks/go-mod-vendor\"\n  }, {\n    \"id\" : \"paketo-buildpacks/image-labels\",\n    \"name\" : \"Paketo Buildpack for Image Labels\",\n    \"version\" : \"4.5.5\",\n    \"homepage\" : \"https://github.com/paketo-buildpacks/image-labels\"\n  }, {\n    \"id\" : \"paketo-buildpacks/procfile\",\n    \"name\" : \"Paketo Buildpack for Procfile\",\n    \"version\" : \"5.6.7\",\n    \"homepage\" : \"https://github.com/paketo-buildpacks/procfile\"\n  }, {\n    \"id\" : \"paketo-buildpacks/watchexec\",\n    \"name\" : \"Paketo Buildpack for Watchexec\",\n    \"version\" : \"2.8.6\",\n    \"homepage\" : \"https://github.com/paketo-buildpacks/watchexec\"\n  }, {\n    \"id\" : \"paketo-buildpacks/java-native-image\",\n    \"name\" : \"Paketo Buildpack for Java Native Image\",\n    \"version\" : \"8.24.0\",\n    \"homepage\" : \"https://paketo.io/docs/howto/java/#build-an-app-as-a-graalvm-native-image-application\"\n  }, {\n    \"id\" : \"paketo-buildpacks/bellsoft-liberica\",\n    \"name\" : \"Paketo Buildpack for BellSoft Liberica\",\n    \"version\" : \"10.4.4\",\n    \"homepage\" : \"https://github.com/paketo-buildpacks/bellsoft-liberica\"\n  }, {\n    \"id\" : \"paketo-buildpacks/ca-certificates\",\n    \"name\" : \"Paketo "
21:06:55.882 [Test worker] DEBUG com.github.dockerjava.zerodep.shaded.org.apache.hc.client5.http.wire - http-outgoing-0 << "Buildpack for CA Certificates\",\n    \"version\" : \"3.6.6\",\n    \"homepage\" : \"https://github.com/paketo-buildpacks/ca-certificates\"\n  }, {\n    \"id\" : \"paketo-buildpacks/datadog\",\n    \"name\" : \"Paketo Buildpack for Datadog\",\n    \"version\" : \"4.6.0\",\n    \"homepage\" : \"https://github.com/paketo-buildpacks/datadog\"\n  }, {\n    \"id\" : \"paketo-buildpacks/environment-variables\",\n    \"name\" : \"Paketo Buildpack for Environment Variables\",\n    \"version\" : \"4.5.6\",\n    \"homepage\" : \"https://github.com/paketo-buildpacks/environment-variables\"\n  }, {\n    \"id\" : \"paketo-buildpacks/executable-jar\",\n    \"name\" : \"Paketo Buildpack for Executable JAR\",\n    \"version\" : \"6.8.3\",\n    \"homepage\" : \"https://github.com/paketo-buildpacks/executable-jar\"\n  }, {\n    \"id\" : \"paketo-buildpacks/gradle\",\n    \"name\" : \"Paketo Buildpack for Gradle\",\n    \"version\" : \"7.7.1\",\n    \"homepage\" : \"https://github"
21:06:55.882 [Test worker] DEBUG com.github.dockerjava.zerodep.shaded.org.apache.hc.client5.http.wire - http-outgoing-0 << "[\r][\n]"
21:06:55.883 [Test worker] DEBUG com.github.dockerjava.zerodep.shaded.org.apache.hc.client5.http.wire - http-outgoing-0 << "8000[\r][\n]"
21:06:55.883 [Test worker] DEBUG com.github.dockerjava.zerodep.shaded.org.apache.hc.client5.http.wire - http-outgoing-0 << ".com/paketo-buildpacks/gradle\"\n  }, {\n    \"id\" : \"paketo-buildpacks/image-labels\",\n    \"name\" : \"Paketo Buildpack for Image Labels\",\n    \"version\" : \"4.5.5\",\n    \"homepage\" : \"https://github.com/paketo-buildpacks/image-labels\"\n  }, {\n    \"id\" : \"paketo-buildpacks/leiningen\",\n    \"name\" : \"Paketo Buildpack for Leiningen\",\n    \"version\" : \"4.6.9\",\n    \"homepage\" : \"https://github.com/paketo-buildpacks/leiningen\"\n  }, {\n    \"id\" : \"paketo-buildpacks/maven\",\n    \"name\" : \"Paketo Buildpack for Maven\",\n    \"version\" : \"6.15.12\",\n    \"homepage\" : \"https://github.com/paketo-buildpacks/maven\"\n  }, {\n    \"id\" : \"paketo-buildpacks/native-image\",\n    \"name\" : \"Paketo Buildpack for Native Image\",\n    \"version\" : \"5.12.7\",\n    \"homepage\" : \"https://github.com/paketo-buildpacks/native-image\"\n  }, {\n    \"id\" : \"paketo-buildpacks/procfile\",\n    \"name\" : \"Paketo Buildpack for Procfile\",\n    \"version\" : \"5.6.7\",\n    \"homepage\" : \"https://github.com/paketo-buildpacks/procfile\"\n  }, {\n    \"id\" : \"paketo-buildpacks/sbt\",\n    \"name\" : \"Paketo Buildpack for SBT\",\n    \"version\" : \"6.12.10\",\n    \"homepage\" : \"https://github.com/paketo-buildpacks/sbt\"\n  }, {\n    \"id\" : \"paketo-buildpacks/spring-boot\",\n    \"name\" : \"Paketo Buildpack for Spring Boot\",\n    \"version\" : \"5.27.7\",\n    \"homepage\" : \"https://github.com/paketo-buildpacks/spring-boot\"\n  }, {\n    \"id\" : \"paketo-buildpacks/syft\",\n    \"name\" : \"Paketo Buildpack for Syft\",\n    \"version\" : \"1.41.1\",\n    \"homepage\" : \"https://github.com/paketo-buildpacks/syft\"\n  }, {\n    \"id\" : \"paketo-buildpacks/upx\",\n    \"name\" : \"Paketo Buildpack for UPX\",\n    \"version\" : \"3.4.6\",\n    \"homepage\" : \"https://github.com/paketo-buildpacks/upx\"\n  }, {\n    \"id\" : \"paketo-buildpacks/java\",\n    \"name\" : \"Paketo Buildpack for Java\",\n    \"version\" : \"10.5.0\",\n    \"homepage\" : \"https://paketo.io/docs/howto/java\"\n  }, {\n    \"id\" : \"paketo-buildpacks/apache-tomcat\",\n    \"name\" : \"Paketo Buildpack for Apache Tomcat\",\n    \"version\" : \"7.14.1\",\n    \"homepage\" : \"https://github.com/paketo-buildpacks/apache-tomcat\"\n  }, {\n    \"id\" : \"paketo-buildpacks/apache-tomee\",\n    \"name\" : \"Paketo Buildpack for Apache Tomee\",\n    \"version\" : \"1.7.9\",\n    \"homepage\" : \"https://github.com/paketo-buildpacks/apache-tomee\"\n  }, {\n    \"id\" : \"paketo-buildpacks/azure-application-insights\",\n    \"name\" : \"Paketo Buildpack for Azure Application Insights\",\n    \"version\" : \"5.17.2\",\n    \"homepage\" : \"https://github.com/paketo-buildpacks/azure-application-insights\"\n  }, {\n    \"id\" : \"paketo-buildpacks/bellsoft-liberica\",\n    \"name\" : \"Paketo Buildpack for BellSoft Liberica\",\n    \"version\" : \"10.4.4\",\n    \"homepage\" : \"https://github.com/paketo-buildpacks/bellsoft-liberica\"\n  }, {\n    \"id\" : \"paketo-buildpacks/ca-certificates\",\n    \"name\" : \"Paketo Buildpack for CA Certificates\",\n    \"version\" : \"3.6.6\",\n    \"homepage\" : \"https://github.com/paketo-buildpacks/ca-certificates\"\n  }, {\n    \"id\" : \"paketo-buildpacks/clojure-tools\",\n    \"name\" : \"Paketo Buildpack for Clojure Tools\",\n    \"version\" : \"2.8.13\",\n    \"homepage\" : \"https://github.com/paketo-buildpacks/clojure-tools\"\n  }, {\n    \"id\" : \"paketo-buildpacks/datadog\",\n    \"name\" : \"Paketo Buildpack for Datadog\",\n    \"version\" : \"4.6.0\",\n    \"homepage\" : \"https://github.com/paketo-buildpacks/datadog\"\n  }, {\n    \"id\" : \"paketo-buildpacks/dist-zip\",\n    \"name\" : \"Paketo Buildpack for DistZip\",\n    \"version\" : \"5.6.8\",\n    \"homepage\" : \"https://github.com/paketo-buildpacks/dist-zip\"\n  }, {\n    \"id\" : \"paketo-buildpacks/encrypt-at-rest\",\n    \"name\" : \"Paketo Buildpack for Encrypt-at-Rest\",\n    \"version\" : \"4.5.12\",\n    \"homepage\" : \"https://github.com/paketo-buildpacks/encrypt-at-rest\"\n  }, {\n    \"id\" : \"paketo-buildpacks/environment-variables\",\n    \"name\" : \"Paketo Buildpack for Environment Variables\",\n    \"version\" : \"4.5.6\",\n    \"homepage\" : \"https://github.com/paketo-buildpacks/environment-variables\"\n  }, {\n    \"id\" : \"paketo-buildpacks/executable-jar\",\n    \"name\" : \"Paketo Buildpack for Executable JAR\",\n    \"version\" : \"6.8.3\",\n    \"homepage\" : \"https://github.com/paketo-buildpacks/executable-jar\"\n  }, {\n    \"id\" : \"paketo-buildpacks/google-stackdriver\",\n    \"name\" : \"Paketo Buildpack for Google Stackdriver\",\n    \"version\" : \"8.0.4\",\n    \"homepage\" : \"https://github.com/paketo-buildpacks/google-stackdriver\"\n  }, {\n    \"id\" : \"paketo-buildpacks/gradle\",\n    \"name\" : \"Paketo Buildpack for Gradle\",\n    \"version\" : \"7.7.1\",\n    \"homepage\" : \"https://github.com/paketo-buildpacks/gradle\"\n  }, {\n    \"id\" : \"paketo-buildpacks/image-labels\",\n    \"name\" : \"Paketo Buildpack for Image Labels\",\n    \"version\" : \"4.5.5\",\n    \"homepage\" : \"https://github.com/paketo-buildpacks/image-labels\"\n  }, {\n    \"id\" : \"paketo-buildpacks/jattach\",\n    \"name\" : \"Paketo Buildpack for JAttach\",\n    \"version\" : \"1.4.9\",\n    \"homepage\" : \"https://github.com/paketo-buildpacks/jattach\"\n  }, {\n    \"id\" : \"paketo-buildpacks/java-memory-assistant\",\n    \"name\" : \"Paketo Buildpack for Java Memory Assistant\",\n    \"version\" : \"1.4.9\",\n    \"homepage\" : \"https://github.com/paketo-buildpacks/java-memory-assistant\"\n  }, {\n    \"id\" : \"paketo-buildpacks/leiningen\",\n    \"name\" : \"Paketo Buildpack for Leiningen\",\n    \"version\" : \"4.6.9\",\n    \"homepage\" : \"https://github.com/paketo-buildpacks/leiningen\"\n  }, {\n    \"id\" : \"paketo-buildpacks/liberty\",\n    \"name\" : \"Paketo Buildpack for Liberty\",\n    \"version\" : \"3.8.11\",\n    \"homepage\" : \"https://github.com/paketo-buildpacks/liberty\"\n  }, {\n    \"id\" : \"paketo-buildpacks/maven\",\n    \"name\" : \"Paketo Buildpack for Maven\",\n    \"version\" : \"6.15.12\",\n    \"homepage\" : \"https://github.com/paketo-buildpacks/maven\"\n  }, {\n    \"id\" : \"paketo-buildpacks/node-engine\",\n    \"name\" : \"Paketo Buildpack for Node Engine\",\n    \"version\" : \"3.0.1\",\n    \"homepage\" : \"https://github.com/paketo-buildpacks/node-engine\"\n  }, {\n    \"id\" : \"paketo-buildpacks/procfile\",\n    \"name\" : \"Paketo Buildpack for Procfile\",\n    \"version\" : \"5.6.7\",\n    \"homepage\" : \"https://github.com/paketo-buildpacks/procfile\"\n  }, {\n    \"id\" : \"paketo-buildpacks/sbt\",\n    \"name\" : \"Paketo Buildpack for SBT\",\n    \"version\" : \"6.12.10\",\n    \"homepage\" : \"https://github.com/paketo-buildpacks/sbt\"\n  }, {\n    \"id\" : \"paketo-buildpacks/spring-boot\",\n    \"name\" : \"Paketo Buildpack for Spring Boot\",\n    \"version\" : \"5.27.7\",\n    \"homepage\" : \"https://github.com/paketo-buildpacks/spring-boot\"\n  }, {\n    \"id\" : \"paketo-buildpacks/syft\",\n    \"name\" : \"Paketo Buildpack for Syft\",\n    \"version\" : \"1.41.1\",\n    \"homepage\" : \"https://github.com/paketo-buildpacks/syft\"\n  }, {\n    \"id\" : \"paketo-buildpacks/watchexec\",\n    \"name\" : \"Paketo Buildpack for Watchexec\",\n    \"version\" : \"2.8.6\",\n    \"homepage\" : \"https://github.com/paketo-buildpacks/watchexec\"\n  }, {\n    \"id\" : \"paketo-buildpacks/yarn\",\n    \"name\" : \"Paketo Buildpack for Yarn\",\n    \"version\" : \"1.2.0\",\n    \"homepage\" : \"https://github.com/paketo-buildpacks/yarn\"\n  }, {\n    \"id\" : \"paketo-buildpacks/nodejs\",\n    \"name\" : \"Paketo Buildpack for Node.js\",\n    \"version\" : \"2.0.0\",\n    \"homepage\" : \"https://github.com/paketo-buildpacks/nodejs\"\n  }, {\n    \"id\" : \"paketo-buildpacks/ca-certificates\",\n    \"name\" : \"Paketo Buildpack for CA Certificates\",\n    \"version\" : \"3.6.6\",\n    \"homepage\" : \"https://github.com/paketo-buildpacks/ca-certificates\"\n  }, {\n    \"id\" : \"paketo-buildpacks/datadog\",\n    \"name\" : \"Paketo Buildpack for Datadog\"
21:06:55.883 [Test worker] DEBUG com.github.dockerjava.zerodep.shaded.org.apache.hc.client5.http.wire - http-outgoing-0 << "",\n    \"version\" : \"3.6.0\",\n    \"homepage\" : \"https://github.com/paketo-buildpacks/datadog\"\n  }, {\n    \"id\" : \"paketo-buildpacks/environment-variables\",\n    \"name\" : \"Paketo Buildpack for Environment Variables\",\n    \"version\" : \"4.5.6\",\n    \"homepage\" : \"https://github.com/paketo-buildpacks/environment-variables\"\n  }, {\n    \"id\" : \"paketo-buildpacks/image-labels\",\n    \"name\" : \"Paketo Buildpack for Image Labels\",\n    \"version\" : \"4.5.5\",\n    \"homepage\" : \"https://github.com/paketo-buildpacks/image-labels\"\n  }, {\n    \"id\" : \"paketo-buildpacks/node-engine\",\n    \"name\" : \"Paketo Buildpack for Node Engine\",\n    \"version\" : \"3.0.1\",\n    \"homepage\" : \"https://github.com/paketo-buildpacks/node-engine\"\n  }, {\n    \"id\" : \"paketo-buildpacks/node-run-script\",\n    \"name\" : \"Paketo Buildpack for Node Run Script\",\n    \"version\" : \"1.0.14\",\n    \"homepage\" : \"https://github.com/paketo-buildpacks/node-run-script\"\n  }, {\n    \"id\" : \"paketo-buildpacks/node-start\",\n    \"name\" : \"Paketo Buildpack for Node Start\",\n    \"version\" : \"1.1.3\",\n    \"homepage\" : \"https://github.com/paketo-buildpacks/node-start\"\n  }, {\n    \"id\" : \"paketo-buildpacks/npm-install\",\n    \"name\" : \"Paketo Buildpack for NPM Install\",\n    \"version\" : \"1.3.1\",\n    \"homepage\" : \"https://github.com/paketo-buildpacks/npm-install\"\n  }, {\n    \"id\" : \"paketo-buildpacks/npm-start\",\n    \"name\" : \"Paketo Buildpack for NPM Start\",\n    \"version\" : \"1.0.15\",\n    \"homepage\" : \"https://github.com/paketo-buildpacks/npm-start\"\n  }, {\n    \"id\" : \"paketo-buildpacks/procfile\",\n    \"name\" : \"Paketo Buildpack for Procfile\",\n    \"version\" : \"5.6.7\",\n    \"homepage\" : \"https://github.com/paketo-buildpacks/procfile\"\n  }, {\n    \"id\" : \"paketo-buildpacks/watchexec\",\n    \"name\" : \"Paketo Buildpack for Watchexec\",\n    \"version\" : \"2.8.6\",\n    \"homepage\" : \"https://github.com/paketo-buildpacks/watchexec\"\n  }, {\n    \"id\" : \"paketo-buildpacks/yarn\",\n    \"name\" : \"Paketo Buildpack for Yarn\",\n    \"version\" : \"1.2.0\",\n    \"homepage\" : \"https://github.com/paketo-buildpacks/yarn\"\n  }, {\n    \"id\" : \"paketo-buildpacks/yarn-install\",\n    \"name\" : \"Paketo Buildpack for Yarn Install\",\n    \"version\" : \"1.2.2\",\n    \"homepage\" : \"https://github.com/paketo-buildpacks/yarn-install\"\n  }, {\n    \"id\" : \"paketo-buildpacks/yarn-start\",\n    \"name\" : \"Paketo Buildpack for Yarn Start\",\n    \"version\" : \"1.1.3\",\n    \"homepage\" : \"https://github.com/paketo-buildpacks/yarn-start\"\n  }, {\n    \"id\" : \"paketo-buildpacks/procfile\",\n    \"name\" : \"Paketo Buildpack for Procfile\",\n    \"version\" : \"5.6.7\",\n    \"homepage\" : \"https://github.com/paketo-buildpacks/procfile\"\n  }, {\n    \"id\" : \"paketo-buildpacks/python\",\n    \"name\" : \"Paketo Buildpack for Python\",\n    \"version\" : \"2.14.0\"\n  }, {\n    \"id\" : \"paketo-buildpacks/ca-certificates\",\n    \"name\" : \"Paketo Buildpack for CA Certificates\",\n    \"version\" : \"3.6.3\",\n    \"homepage\" : \"https://github.com/paketo-buildpacks/ca-certificates\"\n  }, {\n    \"id\" : \"paketo-buildpacks/conda-env-update\",\n    \"name\" : \"Paketo Buildpack for Conda Env Update\",\n    \"version\" : \"0.7.12\",\n    \"homepage\" : \"https://github.com/paketo-buildpacks/conda-env-update\"\n  }, {\n    \"id\" : \"paketo-buildpacks/cpython\",\n    \"name\" : \"Paketo Buildpack for CPython\",\n    \"version\" : \"1.9.0\"\n  }, {\n    \"id\" : \"paketo-buildpacks/environment-variables\",\n    \"name\" : \"Paketo Buildpack for Environment Variables\",\n    \"version\" : \"4.5.3\",\n    \"homepage\" : \"https://github.com/paketo-buildpacks/environment-variables\"\n  }, {\n    \"id\" : \"paketo-buildpacks/image-labels\",\n    \"name\" : \"Paketo Buildpack for Image Labels\",\n    \"version\" : \"4.5.2\",\n    \"homepage\" : \"https://github.com/paketo-buildpacks/image-labels\"\n  }, {\n    \"id\" : \"paketo-buildpacks/miniconda\",\n    \"name\" : \"Paketo Buildpack for Miniconda\",\n    \"version\" : \"0.8.5\"\n  }, {\n    \"id\" : \"paketo-buildpacks/pip\",\n    \"name\" : \"Paketo Buildpack for Pip\",\n    \"version\" : \"0.18.0\"\n  }, {\n    \"id\" : \"paketo-buildpacks/pip-install\",\n    \"name\" : \"Paketo Buildpack for Pip Install\",\n    \"version\" : \"0.6.0\"\n  }, {\n    \"id\" : \"paketo-buildpacks/pipenv\",\n    \"name\" : \"Paketo Buildpack for Pipenv\",\n    \"version\" : \"1.19.0\"\n  }, {\n    \"id\" : \"paketo-buildpacks/pipenv-install\",\n    \"name\" : \"Paketo Buildpack for Pipenv Install\",\n    \"version\" : \"0.6.18\"\n  }, {\n    \"id\" : \"paketo-buildpacks/poetry\",\n    \"name\" : \"Paketo Buildpack for Poetry\",\n    \"version\" : \"0.6.5\"\n  }, {\n    \"id\" : \"paketo-buildpacks/poetry-install\",\n    \"name\" : \"Paketo Buildpack for Poetry Install\",\n    \"version\" : \"0.3.17\"\n  }, {\n    \"id\" : \"paketo-buildpacks/poetry-run\",\n    \"name\" : \"Paketo Buildpack for Poetry Run\",\n    \"version\" : \"0.4.21\"\n  }, {\n    \"id\" : \"paketo-buildpacks/procfile\",\n    \"name\" : \"Paketo Buildpack for Procfile\",\n    \"version\" : \"5.6.4\",\n    \"homepage\" : \"https://github.com/paketo-buildpacks/procfile\"\n  }, {\n    \"id\" : \"paketo-buildpacks/python-start\",\n    \"name\" : \"Paketo Buildpack for Python Start\",\n    \"version\" : \"0.14.14\",\n    \"homepage\" : \"https://github.com/paketo-buildpacks/python-start\"\n  }, {\n    \"id\" : \"paketo-buildpacks/watchexec\",\n    \"name\" : \"Paketo Buildpack for Watchexec\",\n    \"version\" : \"2.8.3\",\n    \"homepage\" : \"https://github.com/paketo-buildpacks/watchexec\"\n  }, {\n    \"id\" : \"paketo-buildpacks/ruby\",\n    \"name\" : \"Paketo Buildpack for Ruby\",\n    \"version\" : \"0.42.0\",\n    \"homepage\" : \"https://github.com/paketo-buildpacks/ruby\"\n  }, {\n    \"id\" : \"paketo-buildpacks/bundle-install\",\n    \"name\" : \"Paketo Buildpack for Bundle Install\",\n    \"version\" : \"0.8.0\",\n    \"homepage\" : \"https://github.com/paketo-buildpacks/bundle-install\"\n  }, {\n    \"id\" : \"paketo-buildpacks/bundler\",\n    \"name\" : \"Paketo Buildpack for Bundler\",\n    \"version\" : \"0.7.27\",\n    \"homepage\" : \"https://github.com/paketo-buildpacks/bundler\"\n  }, {\n    \"id\" : \"paketo-buildpacks/ca-certificates\",\n    \"name\" : \"Paketo Buildpack for CA Certificates\",\n    \"version\" : \"3.6.6\",\n    \"homepage\" : \"https://github.com/paketo-buildpacks/ca-certificates\"\n  }, {\n    \"id\" : \"paketo-buildpacks/environment-variables\",\n    \"name\" : \"Paketo Buildpack for Environment Variables\",\n    \"version\" : \"4.5.6\",\n    \"homepage\" : \"https://github.com/paketo-buildpacks/environment-variables\"\n  }, {\n    \"id\" : \"paketo-buildpacks/image-labels\",\n    \"name\" : \"Paketo Buildpack for Image Labels\",\n    \"version\" : \"4.5.5\",\n    \"homepage\" : \"https://github.com/paketo-buildpacks/image-labels\"\n  }, {\n    \"id\" : \"paketo-buildpacks/mri\",\n    \"name\" : \"Paketo Buildpack for MRI\",\n    \"version\" : \"0.14.9\",\n    \"homepage\" : \"https://github.com/paketo-buildpacks/mri\"\n  }, {\n    \"id\" : \"paketo-buildpacks/node-engine\",\n    \"name\" : \"Paketo Buildpack for Node Engine\",\n    \"version\" : \"3.0.1\",\n    \"homepage\" : \"https://github.com/paketo-buildpacks/node-engine\"\n  }, {\n    \"id\" : \"paketo-buildpacks/passenger\",\n    \"name\" : \"Paketo Buildpack for Passenger\",\n    \"version\" : \"0.13.2\",\n    \"homepage\" : \"https://github.com/paketo-buildpacks/passenger\"\n  }, {\n    \"id\" : \"paketo-buildpacks/procfile\",\n    \"name\" : \"Paketo Buildpack for Procfile\",\n    \"version\" : \"5.6.7\",\n    \"homepage\" : \"https://github.com/paketo-buildpacks/procfile\"\n  }, {\n    \"id\" : \"paketo-buildpacks/puma\",\n    \"name\" : \"Paketo Buildpack for P"
21:06:55.883 [Test worker] DEBUG com.github.dockerjava.zerodep.shaded.org.apache.hc.client5.http.wire - http-outgoing-0 << "uma\",\n    \"version\" : \"0.4.36\",\n    \"homepage\" : \"https://github.com/paketo-buildpacks/puma\"\n  }, {\n    \"id\" : \"paketo-buildpacks/rackup\",\n    \"name\" : \"Paketo Buildpack for Rackup\",\n    \"version\" : \"0.4.35\",\n    \"homepage\" : \"https://github.com/paketo-buildpacks/rackup\"\n  }, {\n    \"id\" : \"paketo-buildpacks/rails-assets\",\n    \"name\" : \"Paketo Buildpack for Rails Assets\",\n    \"version\" : \"0.10.3\",\n    \"homepage\" : \"https://github.com/paketo-buildpacks/rails-assets\"\n  }, {\n    \"id\" : \"paketo-buildpacks/rake\",\n    \"name\" : \"Paketo Buildpack for Rake\",\n    \"version\" : \"0.4.35\",\n    \"homepage\" : \"https://github.com/paketo-buildpacks/rake\"\n  }, {\n    \"id\" : \"paketo-buildpacks/thin\",\n    \"name\" : \"Paketo Buildpack for Thin\",\n    \"version\" : \"0.5.35\",\n    \"homepage\" : \"https://github.com/paketo-buildpacks/thin\"\n  }, {\n    \"id\" : \"paketo-buildpacks/unicorn\",\n    \"name\" : \"Paketo Buildpack for Unicorn\",\n    \"version\" : \"0.4.35\",\n    \"homepage\" : \"https://github.com/paketo-buildpacks/unicorn\"\n  }, {\n    \"id\" : \"paketo-buildpacks/yarn\",\n    \"name\" : \"Paketo Buildpack for Yarn\",\n    \"version\" : \"1.2.0\",\n    \"homepage\" : \"https://github.com/paketo-buildpacks/yarn\"\n  }, {\n    \"id\" : \"paketo-buildpacks/yarn-install\",\n    \"name\" : \"Paketo Buildpack for Yarn Install\",\n    \"version\" : \"1.2.2\",\n    \"homepage\" : \"https://github.com/paketo-buildpacks/yarn-install\"\n  }, {\n    \"id\" : \"paketo-buildpacks/web-servers\",\n    \"name\" : \"Paketo Buildpack for Web Servers\",\n    \"version\" : \"0.19.1\",\n    \"homepage\" : \"https://github.com/paketo-buildpacks/web-servers\"\n  }, {\n    \"id\" : \"paketo-buildpacks/ca-certificates\",\n    \"name\" : \"Paketo Buildpack for CA Certificates\",\n    \"version\" : \"3.6.5\",\n    \"homepage\" : \"https://github.com/paketo-buildpacks/ca-certificates\"\n  }, {\n    \"id\" : \"paketo-buildpacks/environment-variables\",\n    \"name\" : \"Paketo Buildpack for Environment Variables\",\n    \"version\" : \"4.5.5\",\n    \"homepage\" : \"https://github.com/paketo-buildpacks/environment-variables\"\n  }, {\n    \"id\" : \"paketo-buildpacks/httpd\",\n    \"name\" : \"Paketo Buildpack for Apache HTTP Server\",\n    \"version\" : \"0.7.14\",\n    \"homepage\" : \"https://github.com/paketo-buildpacks/httpd\"\n  }, {\n    \"id\" : \"paketo-buildpacks/image-labels\",\n    \"name\" : \"Paketo Buildpack for Image Labels\",\n    \"version\" : \"4.5.4\",\n    \"homepage\" : \"https://github.com/paketo-buildpacks/image-labels\"\n  }, {\n    \"id\" : \"paketo-buildpacks/nginx\",\n    \"name\" : \"Paketo Buildpack for Nginx Server\",\n    \"version\" : \"0.15.6\",\n    \"homepage\" : \"https://github.com/paketo-buildpacks/nginx\"\n  }, {\n    \"id\" : \"paketo-buildpacks/node-engine\",\n    \"name\" : \"Paketo Buildpack for Node Engine\",\n    \"version\" : \"2.0.0\",\n    \"homepage\" : \"https://github.com/paketo-buildpacks/node-engine\"\n  }, {\n    \"id\" : \"paketo-buildpacks/node-run-script\",\n    \"name\" : \"Paketo Buildpack for Node Run Script\",\n    \"version\" : \"1.0.13\",\n    \"homepage\" : \"https://github.com/paketo-buildpacks/node-run-script\"\n  }, {\n    \"id\" : \"paketo-buildpacks/npm-install\",\n    \"name\" : \"Paketo Buildpack for NPM Install\",\n    \"version\" : \"1.3.0\",\n    \"homepage\" : \"https://github.com/paketo-buildpacks/npm-install\"\n  }, {\n    \"id\" : \"paketo-buildpacks/procfile\",\n    \"name\" : \"Paketo Buildpack for Procfile\",\n    \"version\" : \"5.6.6\",\n    \"homepage\" : \"https://github.com/paketo-buildpacks/procfile\"\n  }, {\n    \"id\" : \"paketo-buildpacks/source-removal\",\n    \"name\" : \"Paketo Buildpack for Source Removal\",\n    \"version\" : \"0.2.1\"\n  }, {\n    \"id\" : \"paketo-buildpacks/watchexec\",\n    \"name\" : \"Paketo Buildpack for Watchexec\",\n    \"version\" : \"2.8.5\",\n    \"homepage\" : \"https://github.com/paketo-buildpacks/watchexec\"\n  }, {\n    \"id\" : \"paketo-buildpacks/yarn\",\n    \"name\" : \"Paketo Buildpack for Yarn\",\n    \"version\" : \"1.1.11\",\n    \"homepage\" : \"https://github.com/paketo-buildpacks/yarn\"\n  }, {\n    \"id\" : \"paketo-buildpacks/yarn-install\",\n    \"name\" : \"Paketo Buildpack for Yarn Install\",\n    \"version\" : \"1.2.1\",\n    \"homepage\" : \"https://github.com/paketo-buildpacks/yarn-install\"\n  } ],\n  \"extensions\" : null,\n  \"stack\" : {\n    \"runImage\" : {\n      \"image\" : \"index.docker.io/paketobuildpacks/run-jammy-base:latest\",\n      \"mirrors\" : [ ]\n    }\n  },\n  \"lifecycle\" : {\n    \"version\" : \"0.18.2\",\n    \"api\" : {\n      \"buildpack\" : \"0.7\",\n      \"platform\" : \"0.7\"\n    },\n    \"apis\" : {\n      \"buildpack\" : {\n        \"deprecated\" : [ ],\n        \"supported\" : [ \"0.7\", \"0.8\", \"0.9\", \"0.10\" ]\n      },\n      \"platform\" : {\n        \"deprecated\" : [ ],\n        \"supported\" : [ \"0.7\", \"0.8\", \"0.9\", \"0.10\", \"0.11\", \"0.12\" ]\n      }\n    }\n  },\n  \"createdBy\" : {\n    \"name\" : \"Spring Boot\",\n    \"version\" : \"2.7.18\"\n  },\n  \"images\" : [ {\n    \"image\" : \"index.docker.io/paketobuildpacks/run-jammy-base:latest\",\n    \"mirrors\" : [ ]\n  } ]\n}","io.buildpacks.buildpack.layers":"{\"paketo-buildpacks/apache-tomcat\":{\"7.14.1\":{\"api\":\"0.7\",\"stacks\":[{\"id\":\"*\"}],\"layerDiffID\":\"sha256:cbeef4b353f2f6c8399702a263d091068f805efe97b510719cf4b53413b04a97\",\"homepage\":\"https://github.com/paketo-buildpacks/apache-tomcat\",\"name\":\"Paketo Buildpack for Apache Tomcat\"}},\"paketo-buildpacks/apache-tomee\":{\"1.7.9\":{\"api\":\"0.7\",\"stacks\":[{\"id\":\"*\"}],\"layerDiffID\":\"sha256:6f3f9fa91cd222f53b9d038d711aaf18874e5b82cf85298ba50dd2e38624aa2f\",\"homepage\":\"https://github.com/paketo-buildpacks/apache-tomee\",\"name\":\"Paketo Buildpack for Apache Tomee\"}},\"paketo-buildpacks/azure-application-insights\":{\"5.17.2\":{\"api\":\"0.7\",\"stacks\":[{\"id\":\"io.buildpacks.stacks.bionic\"},{\"id\":\"io.paketo.stacks.tiny\"},{\"id\":\"*\"}],\"layerDiffID\":\"sha256:1c51a21adcea6e0c2af7119f4bf5613c0af07444a180d1df031567aa9572c38a\",\"homepage\":\"https://github.com/paketo-buildpacks/azure-application-insights\",\"name\":\"Paketo Buildpack for Azure Application Insights\"}},\"paketo-buildpacks/bellsoft-liberica\":{\"10.4.4\":{\"api\":\"0.7\",\"stacks\":[{\"id\":\"io.paketo.stacks.tiny\"},{\"id\":\"io.buildpacks.stacks.bionic\"},{\"id\":\"*\"}],\"layerDiffID\":\"sha256:07de586e9118a13b87e3bb0326af1de2d04254f2e7e7e4ca99d4730de69c44b1\",\"homepage\":\"https://github.com/paketo-buildpacks/bellsoft-liberica\",\"name\":\"Paketo Buildpack for BellSoft Liberica\"}},\"paketo-buildpacks/bundle-install\":{\"0.8.0\":{\"api\":\"0.7\",\"stacks\":[{\"id\":\"*\"}],\"layerDiffID\":\"sha256:badf16868bf5a632c377c6779eafe809d1d4846d2867d9d6420ee5cd3d33f206\",\"homepage\":\"https://github.com/paketo-buildpacks/bundle-install\",\"name\":\"Paketo Buildpack for Bundle Install\"}},\"paketo-buildpacks/bundler\":{\"0.7.27\":{\"api\":\"0.7\",\"stacks\":[{\"id\":\"io.buildpacks.stacks.bionic\"},{\"id\":\"io.buildpacks.stacks.jammy\"}],\"layerDiffID\":\"sha256:e9e8f5dcf0114be381c6a6799c13b8d2e6b10c210f980f67aaf7323fb70b7583\",\"homepage\":\"https://github.com/paketo-buildpacks/bundler\",\"name\":\"Paketo Buildpack for Bundler\"}},\"paketo-buildpacks/ca-certificates\":{\"3.6.3\":{\"api\":\"0.7\",\"stacks\":[{\"id\":\"io.buildpacks.stacks.bionic\"},{\"id\":\"io.paketo.stacks.tiny\"},{\"id\":\"*\"}],\"layerDiffID\":\"sha256:b60541d13f4fa3fddd3783a1cb77de4c502e590a34c0265becc0d1819ea0f664\",\"homepage\":\"https://github.com/paketo-buildpacks/ca-certificates\",\"name\":\"Paketo Buildpack for CA Certificates\"},\"3.6.5\":{\"api\":\"0.7\",\"stacks\":[{\"id\":\"io.buildpacks.stacks.bionic\"},{\"id\":\"io.paketo.stacks.tiny\"},{\"id\":\"*\"}],\"layerDiffID\":\"sha256:d7b5fe48f8aec15ae831663443e85d27cc"
21:06:55.883 [Test worker] DEBUG com.github.dockerjava.zerodep.shaded.org.apache.hc.client5.http.wire - http-outgoing-0 << "39f6e7f677f3574d22efc12ab1b91d\",\"homepage\":\"https://github.com/paketo-buildpacks/ca-certificates\",\"name\":\"Paketo Buildpack for CA Certificates\"},\"3.6.6\":{\"api\":\"0.7\",\"stacks\":[{\"id\":\"io.buildpacks.stacks.bionic\"},{\"id\":\"io.paketo.stacks.tiny\"},{\"id\":\"*\"}],\"layerDiffID\":\"sha256:e987b55729a6c11809fd034067ca16b6713bc108deafb7720b4c8042c04bfb6d\",\"homepage\":\"https://github.com/paketo-buildpacks/ca-certificates\",\"name\":\"Paketo Buildpack for CA Certificates\"}},\"paketo-buildpacks/clojure-tools\":{\"2.8.13\":{\"api\":\"0.7\",\"stacks\":[{\"id\":\"io.buildpacks.stacks.bionic\"},{\"id\":\"io.paketo.stacks.tiny\"},{\"id\":\"*\"}],\"layerDiffID\":\"sha256:8e7390a65595d6ba91dc72a85e5d5fdc85dfe9213ad45814920e2addba52ed63\",\"homepage\":\"https://github.com/paketo-buildpacks/clojure-tools\",\"name\":\"Paketo Buildpack for Clojure Tools\"}},\"paketo-buildpacks/conda-env-update\":{\"0.7.12\":{\"api\":\"0.7\",\"stacks\":[{\"id\":\"*\"}],\"layerDiffID\":\"sha256:e8f09369eccaf0ce87f8f4868129ff29911f8311ae9650a5f73c90c3abb46ef5\",\"homepage\":\"https://github.com/paketo-buildpacks/conda-env-update\",\"name\":\"Paketo Buildpack for Conda Env Update\"}},\"paketo-buildpacks/cpython\":{\"1.9.0\":{\"api\":\"0.7\",\"stacks\":[{\"id\":\"*\"}],\"layerDiffID\":\"sha256:5757cf2c2d7f21c2253c556582fb1c802eaabe53d10d86afe92bd1be2c9b3636\",\"name\":\"Paketo Buildpack for CPython\"}},\"paketo-buildpacks/datadog\":{\"3.6.0\":{\"api\":\"0.7\",\"stacks\":[{\"id\":\"io.buildpacks.stacks.bionic\"},{\"id\":\"io.paketo.stacks.tiny\"},{\"id\":\"*\"}],\"layerDiffID\":\"sha256:b351bc73239608a09c7523656594df065fd2a6aacaee90254945d9e3070122ca\",\"homepage\":\"https://github.com/paketo-buildpacks/datadog\",\"name\":\"Paketo Buildpack for Datadog\"},\"4.6.0\":{\"api\":\"0.7\",\"stacks\":[{\"id\":\"io.buildpacks.stacks.bionic\"},{\"id\":\"io.paketo.stacks.tiny\"},{\"id\":\"*\"}],\"layerDiffID\":\"sha256:2c010efe42116cf027daa2714b21558f4bd7f3785883de66e6b22d0787db4d01\",\"homepage\":\"https://github.com/paketo-buildpacks/datadog\",\"name\":\"Paketo Buildpack for Datadog\"}},\"paketo-buildpacks/dist-zip\":{\"5.6.8\":{\"api\":\"0.7\",\"stacks\":[{\"id\":\"io.buildpacks.stacks.bionic\"},{\"id\":\"io.paketo.stacks.tiny\"},{\"id\":\"*\"}],\"layerDiffID\":\"sha256:b5beba4f9e9f9235a1982e02e9441f4974e94bb0a4a218de5a77abdfbd88f723\",\"homepage\":\"https://github.com/paketo-buildpacks/dist-zip\",\"name\":\"Paketo Buildpack for DistZip\"}},\"paketo-buildpacks/dotnet-core\":{\"0.42.1\":{\"api\":\"0.8\",\"order\":[{\"group\":[{\"id\":\"paketo-buildpacks/ca-certificates\",\"version\":\"3.6.6\",\"optional\":true},{\"id\":\"paketo-buildpacks/watchexec\",\"version\":\"2.8.6\",\"optional\":true},{\"id\":\"paketo-buildpacks/vsdbg\",\"version\":\"0.3.5\",\"optional\":true},{\"id\":\"paketo-buildpacks/dotnet-core-sdk\",\"version\":\"0.14.1\",\"optional\":true},{\"id\":\"paketo-buildpacks/icu\",\"version\":\"0.7.1\",\"optional\":true},{\"id\":\"paketo-buildpacks/node-engine\",\"version\":\"3.0.1\",\"optional\":true},{\"id\":\"paketo-buildpacks/dotnet-publish\",\"version\":\"0.12.23\",\"optional\":true},{\"id\":\"paketo-buildpacks/dotnet-core-aspnet-runtime\",\"version\":\"0.4.1\",\"optional\":true},{\"id\":\"paketo-buildpacks/dotnet-execute\",\"version\":\"0.14.24\"},{\"id\":\"paketo-buildpacks/procfile\",\"version\":\"5.6.7\",\"optional\":true},{\"id\":\"paketo-buildpacks/environment-variables\",\"version\":\"4.5.6\",\"optional\":true},{\"id\":\"paketo-buildpacks/image-labels\",\"version\":\"4.5.5\",\"optional\":true}]}],\"layerDiffID\":\"sha256:baadd75e3e33f4f2a7cf5990e170801b1b23a63994cff2c39f4a76b6b3a8ec86\",\"homepage\":\"https://github.com/paketo-buildpacks/dotnet-core\",\"name\":\"Paketo Buildpack for .NET Core\"}},\"paketo-buildpacks/dotnet-core-aspnet-runtime\":{\"0.4.1\":{\"api\":\"0.8\",\"stacks\":[{\"id\":\"io.buildpacks.stacks.bionic\"},{\"id\":\"io.buildpacks.stacks.jammy\"}],\"layerDiffID\":\"sha256:f60957ac69200c4d177040e56f01254115b85f324a95fb00da08969c597f82cf\",\"homepage\":\"https://github.com/paketo-buildpacks/dotnet-core-aspnet-runtime\",\"name\":\"Paketo Buildpack for ASP.NET Core Runtime\"}},\"paketo-buildpacks/dotnet-core-sdk\":{\"0.14.1\":{\"api\":\"0.8\",\"stacks\":[{\"id\":\"io.buildpacks.stacks.bionic\"},{\"id\":\"io.buildpacks.stacks.jammy\"}],\"layerDiffID\":\"sha256:72b5e13d61de4de9043061b609296d8bd70170fed11c75762d01a384c6425815\",\"homepage\":\"https://github.com/paketo-buildpacks/dotnet-core-sdk\",\"name\":\"Paketo Buildpack for .NET Core SDK\"}},\"paketo-buildpacks/dotnet-execute\":{\"0.14.24\":{\"api\":\"0.8\",\"stacks\":[{\"id\":\"*\"}],\"layerDiffID\":\"sha256:992a24b4700a76644fdae2a31067766c76bd4eae34b31f013a7767f8206a0b00\",\"homepage\":\"https://github.com/paketo-buildpacks/dotnet-execute\",\"name\":\"Paketo Buildpack for .NET Execute\"}},\"paketo-buildpacks/dotnet-publish\":{\"0.12.23\":{\"api\":\"0.8\",\"stacks\":[{\"id\":\"*\"}],\"layerDiffID\":\"sha256:3133dbf77822acf1f9d3b572762b54e68d02bee4e971124e8a0a85119470582c\",\"homepage\":\"https://github.com/paketo-buildpacks/dotnet-publish\",\"name\":\"Paketo Buildpack for .NET Publish\"}},\"paketo-buildpacks/encrypt-at-rest\":{\"4.5.12\":{\"api\":\"0.7\",\"stacks\":[{\"id\":\"io.buildpacks.stacks.bionic\"},{\"id\":\"io.paketo.stacks.tiny\"},{\"id\":\"*\"}],\"layerDiffID\":\"sha256:496a26cc8ef01775c8e2328e41db1d471344f9fca0dfc88717f6c3a718031f6c\",\"homepage\":\"https://github.com/paketo-buildpacks/encrypt-at-rest\",\"name\":\"Paketo Buildpack for Encrypt-at-Rest\"}},\"paketo-buildpacks/environment-variables\":{\"4.5.3\":{\"api\":\"0.7\",\"stacks\":[{\"id\":\"io.buildpacks.stacks.bionic\"},{\"id\":\"io.paketo.stacks.tiny\"},{\"id\":\"*\"}],\"layerDiffID\":\"sha256:e0b403660a34970e9f33fbfca76e5f60f900243797be86ce381746b6197771d3\",\"homepage\":\"https://github.com/paketo-buildpacks/environment-variables\",\"name\":\"Paketo Buildpack for Environment Variables\"},\"4.5.5\":{\"api\":\"0.7\",\"stacks\":[{\"id\":\"io.buildpacks.stacks.bionic\"},{\"id\":\"io.paketo.stacks.tiny\"},{\"id\":\"*\"}],\"layerDiffID\":\"sha256:35a7169bca9ac0760bf19acda272c88cdf9b4fade0f96c5ff263ab8b862d789e\",\"homepage\":\"https://github.com/paketo-buildpacks/environment-variables\",\"name\":\"Paketo Buildpack for Environment Variables\"},\"4.5.6\":{\"api\":\"0.7\",\"stacks\":[{\"id\":\"io.buildpacks.stacks.bionic\"},{\"id\":\"io.paketo.stacks.tiny\"},{\"id\":\"*\"}],\"layerDiffID\":\"sha256:491136e66ebd688914cbba8f67d6e84178245ba87c01f22f762b6ef966cbe718\",\"homepage\":\"https://github.com/paketo-buildpacks/environment-variables\",\"name\":\"Paketo Buildpack for Environment Variables\"}},\"paketo-buildpacks/executable-jar\":{\"6.8.3\":{\"api\":\"0.7\",\"stacks\":[{\"id\":\"io.buildpacks.stacks.bionic\"},{\"id\":\"io.paketo.stacks.tiny\"},{\"id\":\"*\"}],\"layerDiffID\":\"sha256:07713a584e9c73cf2397531b4e3d669ff2d4578e1706ca5395dbfe683804e627\",\"homepage\":\"https://github.com/paketo-buildpacks/executable-jar\",\"name\":\"Paketo Buildpack for Executable JAR\"}},\"paketo-buildpacks/git\":{\"1.0.7\":{\"api\":\"0.7\",\"stacks\":[{\"id\":\"*\"}],\"layerDiffID\":\"sha256:2bb5a7078a44f3cc8cc3e498a7df865355d0b9b91ba41c38d20858911602e1e5\",\"homepage\":\"https://github.com/paketo-buildpacks/git\",\"name\":\"Paketo Buildpack for Git\"}},\"paketo-buildpacks/go\":{\"4.6.1\":{\"api\":\"0.7\",\"order\":[{\"group\":[{\"id\":\"paketo-buildpacks/ca-certificates\",\"version\":\"3.6.6\",\"optional\":true},{\"id\":\"paketo-buildpacks/watchexec\",\"version\":\"2.8.6\",\"optional\":true},{\"id\":\"paketo-buildpacks/go-dist\",\"version\":\"2.4.3\"},{\"id\":\"paketo-buildpacks/git\",\"version\":\"1.0.7\",\"optional\":true},{\"id\":\"paketo-buildpacks/go-mod-vendor\",\"version\":\"1.0.26\"},{\"id\":\"paketo-buildpacks/go-build\",\"version\":\"2.1.1\"},{\"id\":\"paketo-buildpacks/procfile\",\"version\":\"5.6.7\",\"optional\":true},{\"id\":\"paketo-buildpacks/environment-variables\",\"version\":\"4.5.6\",\"optional\":true},{\"id\":\"paketo-build"
21:06:55.883 [Test worker] DEBUG com.github.dockerjava.zerodep.shaded.org.apache.hc.client5.http.wire - http-outgoing-0 << "packs/image-labels\",\"version\":\"4.5.5\",\"optional\":true}]},{\"group\":[{\"id\":\"paketo-buildpacks/ca-certificates\",\"version\":\"3.6.6\",\"optional\":true},{\"id\":\"paketo-buildpacks/watchexec\",\"version\":\"2.8.6\",\"optional\":true},{\"id\":\"paketo-buildpacks/go-dist\",\"version\":\"2.4.3\"},{\"id\":\"paketo-buildpacks/git\",\"version\":\"1.0.7\",\"optional\":true},{\"id\":\"paketo-buildpacks/go-build\",\"version\":\"2.1.1\"},{\"id\":\"paketo-buildpacks/procfile\",\"version\":\"5.6.7\",\"optional\":true},{\"id\":\"paketo-buildpacks/environment-variables\",\"versio"
21:06:55.883 [Test worker] DEBUG com.github.dockerjava.zerodep.shaded.org.apache.hc.client5.http.wire - http-outgoing-0 << "[\r][\n]"
21:06:55.884 [Test worker] DEBUG com.github.dockerjava.zerodep.shaded.org.apache.hc.client5.http.wire - http-outgoing-0 << "8000[\r][\n]"
21:06:55.884 [Test worker] DEBUG com.github.dockerjava.zerodep.shaded.org.apache.hc.client5.http.wire - http-outgoing-0 << "n\":\"4.5.6\",\"optional\":true},{\"id\":\"paketo-buildpacks/image-labels\",\"version\":\"4.5.5\",\"optional\":true}]}],\"layerDiffID\":\"sha256:807496946824970d32ca4af63f1fd02f5b7d2fe7934fd9548652bbdb2fb92d41\",\"homepage\":\"https://github.com/paketo-buildpacks/go\",\"name\":\"Paketo Buildpack for Go\"}},\"paketo-buildpacks/go-build\":{\"2.1.1\":{\"api\":\"0.7\",\"stacks\":[{\"id\":\"*\"}],\"layerDiffID\":\"sha256:770282cf70b96aca4ad926a64e01719de363f1aad901f03fb2a0bdd00879ea49\",\"homepage\":\"https://github.com/paketo-buildpacks/go-build\",\"name\":\"Paketo Buildpack for Go Build\"}},\"paketo-buildpacks/go-dist\":{\"2.4.3\":{\"api\":\"0.7\",\"stacks\":[{\"id\":\"*\"}],\"layerDiffID\":\"sha256:14dbcd48e9526adbd6a31f45b5dd6cc86193c9bb45896385b5e5977520df7a35\",\"homepage\":\"https://github.com/paketo-buildpacks/go-dist\",\"name\":\"Paketo Buildpack for Go Distribution\"}},\"paketo-buildpacks/go-mod-vendor\":{\"1.0.26\":{\"api\":\"0.7\",\"stacks\":[{\"id\":\"*\"}],\"layerDiffID\":\"sha256:d0d4315914140a6c0175901a9d83b7cb79f274dca7cea2d61d62c48ce06a5a52\",\"homepage\":\"https://github.com/paketo-buildpacks/go-mod-vendor\",\"name\":\"Paketo Buildpack for Go Mod Vendor\"}},\"paketo-buildpacks/google-stackdriver\":{\"8.0.4\":{\"api\":\"0.7\",\"stacks\":[{\"id\":\"io.buildpacks.stacks.bionic\"},{\"id\":\"io.paketo.stacks.tiny\"},{\"id\":\"*\"}],\"layerDiffID\":\"sha256:bb061969c1853e50cb7411bd0946c87d32871631e9c7c3cc03eb3739e7f8d350\",\"homepage\":\"https://github.com/paketo-buildpacks/google-stackdriver\",\"name\":\"Paketo Buildpack for Google Stackdriver\"}},\"paketo-buildpacks/gradle\":{\"7.7.1\":{\"api\":\"0.7\",\"stacks\":[{\"id\":\"io.buildpacks.stacks.bionic\"},{\"id\":\"io.paketo.stacks.tiny\"},{\"id\":\"*\"}],\"layerDiffID\":\"sha256:5ad6a561c7da2aee1cc382514511fb5c0d37c1309f5ae0f092bfb3b0a6b111dc\",\"homepage\":\"https://github.com/paketo-buildpacks/gradle\",\"name\":\"Paketo Buildpack for Gradle\"}},\"paketo-buildpacks/httpd\":{\"0.7.14\":{\"api\":\"0.7\",\"stacks\":[{\"id\":\"io.buildpacks.stacks.bionic\"},{\"id\":\"io.buildpacks.stacks.jammy\"}],\"layerDiffID\":\"sha256:72902c2a282fa529a145efae4838d0ac39818a6b9f77109307ce6512634e8f23\",\"homepage\":\"https://github.com/paketo-buildpacks/httpd\",\"name\":\"Paketo Buildpack for Apache HTTP Server\"}},\"paketo-buildpacks/icu\":{\"0.7.1\":{\"api\":\"0.8\",\"stacks\":[{\"id\":\"io.buildpacks.stacks.bionic\"},{\"id\":\"io.buildpacks.stacks.jammy\"}],\"layerDiffID\":\"sha256:83aa04b49127327637739eaeec36f71c6a30ceb456e6b16c1a3b8ff654b57fce\",\"homepage\":\"https://github.com/paketo-buildpacks/icu\",\"name\":\"Paketo Buildpack for ICU\"}},\"paketo-buildpacks/image-labels\":{\"4.5.2\":{\"api\":\"0.7\",\"stacks\":[{\"id\":\"io.buildpacks.stacks.bionic\"},{\"id\":\"io.paketo.stacks.tiny\"},{\"id\":\"*\"}],\"layerDiffID\":\"sha256:3e44c3f0963ed0bb2d0c64ecfaff2d706db8c156ae77924156befc9d4517c754\",\"homepage\":\"https://github.com/paketo-buildpacks/image-labels\",\"name\":\"Paketo Buildpack for Image Labels\"},\"4.5.4\":{\"api\":\"0.7\",\"stacks\":[{\"id\":\"io.buildpacks.stacks.bionic\"},{\"id\":\"io.paketo.stacks.tiny\"},{\"id\":\"*\"}],\"layerDiffID\":\"sha256:23f2551fe30d7889e2706b4099406cb1d0d2bd0baf0c495e2cbda6c3e901e48b\",\"homepage\":\"https://github.com/paketo-buildpacks/image-labels\",\"name\":\"Paketo Buildpack for Image Labels\"},\"4.5.5\":{\"api\":\"0.7\",\"stacks\":[{\"id\":\"io.buildpacks.stacks.bionic\"},{\"id\":\"io.paketo.stacks.tiny\"},{\"id\":\"*\"}],\"layerDiffID\":\"sha256:8c583593b549c46a53a13afe8c4a01200970cbcb8ee35526697d079232570456\",\"homepage\":\"https://github.com/paketo-buildpacks/image-labels\",\"name\":\"Paketo Buildpack for Image Labels\"}},\"paketo-buildpacks/jattach\":{\"1.4.9\":{\"api\":\"0.7\",\"stacks\":[{\"id\":\"io.buildpacks.stacks.bionic\"},{\"id\":\"io.paketo.stacks.tiny\"},{\"id\":\"*\"}],\"layerDiffID\":\"sha256:edb7e84d3ccbcdbe00586d0fcd187f6515809f38b35937727b59b15d33eb00fe\",\"homepage\":\"https://github.com/paketo-buildpacks/jattach\",\"name\":\"Paketo Buildpack for JAttach\"}},\"paketo-buildpacks/java\":{\"10.5.0\":{\"api\":\"0.7\",\"order\":[{\"group\":[{\"id\":\"paketo-buildpacks/ca-certificates\",\"version\":\"3.6.6\",\"optional\":true},{\"id\":\"paketo-buildpacks/bellsoft-liberica\",\"version\":\"10.4.4\"},{\"id\":\"paketo-buildpacks/yarn\",\"version\":\"1.2.0\",\"optional\":true},{\"id\":\"paketo-buildpacks/node-engine\",\"version\":\"3.0.1\",\"optional\":true},{\"id\":\"paketo-buildpacks/syft\",\"version\":\"1.41.1\",\"optional\":true},{\"id\":\"paketo-buildpacks/leiningen\",\"version\":\"4.6.9\",\"optional\":true},{\"id\":\"paketo-buildpacks/clojure-tools\",\"version\":\"2.8.13\",\"optional\":true},{\"id\":\"paketo-buildpacks/gradle\",\"version\":\"7.7.1\",\"optional\":true},{\"id\":\"paketo-buildpacks/maven\",\"version\":\"6.15.12\",\"optional\":true},{\"id\":\"paketo-buildpacks/sbt\",\"version\":\"6.12.10\",\"optional\":true},{\"id\":\"paketo-buildpacks/watchexec\",\"version\":\"2.8.6\",\"optional\":true},{\"id\":\"paketo-buildpacks/executable-jar\",\"version\":\"6.8.3\",\"optional\":true},{\"id\":\"paketo-buildpacks/apache-tomcat\",\"version\":\"7.14.1\",\"optional\":true},{\"id\":\"paketo-buildpacks/apache-tomee\",\"version\":\"1.7.9\",\"optional\":true},{\"id\":\"paketo-buildpacks/liberty\",\"version\":\"3.8.11\",\"optional\":true},{\"id\":\"paketo-buildpacks/dist-zip\",\"version\":\"5.6.8\",\"optional\":true},{\"id\":\"paketo-buildpacks/spring-boot\",\"version\":\"5.27.7\",\"optional\":true},{\"id\":\"paketo-buildpacks/procfile\",\"version\":\"5.6.7\",\"optional\":true},{\"id\":\"paketo-buildpacks/jattach\",\"version\":\"1.4.9\",\"optional\":true},{\"id\":\"paketo-buildpacks/azure-application-insights\",\"version\":\"5.17.2\",\"optional\":true},{\"id\":\"paketo-buildpacks/google-stackdriver\",\"version\":\"8.0.4\",\"optional\":true},{\"id\":\"paketo-buildpacks/datadog\",\"version\":\"4.6.0\",\"optional\":true},{\"id\":\"paketo-buildpacks/java-memory-assistant\",\"version\":\"1.4.9\",\"optional\":true},{\"id\":\"paketo-buildpacks/encrypt-at-rest\",\"version\":\"4.5.12\",\"optional\":true},{\"id\":\"paketo-buildpacks/environment-variables\",\"version\":\"4.5.6\",\"optional\":true},{\"id\":\"paketo-buildpacks/image-labels\",\"version\":\"4.5.5\",\"optional\":true}]}],\"layerDiffID\":\"sha256:2d133024b3edfe851e0ea589fa8e424f04dae5881ac4a865ccb2abd5e0a32634\",\"homepage\":\"https://paketo.io/docs/howto/java\",\"name\":\"Paketo Buildpack for Java\"}},\"paketo-buildpacks/java-memory-assistant\":{\"1.4.9\":{\"api\":\"0.7\",\"stacks\":[{\"id\":\"io.buildpacks.stacks.bionic\"},{\"id\":\"io.paketo.stacks.tiny\"},{\"id\":\"*\"}],\"layerDiffID\":\"sha256:b1059cc190c5c858b3ef697e123743ab2981d48b0de2b177f621c21795d1f4cc\",\"homepage\":\"https://github.com/paketo-buildpacks/java-memory-assistant\",\"name\":\"Paketo Buildpack for Java Memory Assistant\"}},\"paketo-buildpacks/java-native-image\":{\"8.24.0\":{\"api\":\"0.7\",\"order\":[{\"group\":[{\"id\":\"paketo-buildpacks/ca-certificates\",\"version\":\"3.6.6\",\"optional\":true},{\"id\":\"paketo-buildpacks/upx\",\"version\":\"3.4.6\",\"optional\":true},{\"id\":\"paketo-buildpacks/bellsoft-liberica\",\"version\":\"10.4.4\"},{\"id\":\"paketo-buildpacks/syft\",\"version\":\"1.41.1\",\"optional\":true},{\"id\":\"paketo-buildpacks/leiningen\",\"version\":\"4.6.9\",\"optional\":true},{\"id\":\"paketo-buildpacks/gradle\",\"version\":\"7.7.1\",\"optional\":true},{\"id\":\"paketo-buildpacks/maven\",\"version\":\"6.15.12\",\"optional\":true},{\"id\":\"paketo-buildpacks/sbt\",\"version\":\"6.12.10\",\"optional\":true},{\"id\":\"paketo-buildpacks/executable-jar\",\"version\":\"6.8.3\",\"optional\":true},{\"id\":\"paketo-buildpacks/spring-boot\",\"version\":\"5.27.7\",\"optional\":true},{\"id\":\"paketo-buildpacks/datadog\",\"version\":\"4.6.0\",\"optional\":true},{\"id\":\"paketo-buildpacks/native-image\",\"version\":\"5.12.7\"},{\"id\":\"paketo-buildpacks/procfile\",\"version\":\"5.6.7\",\"optional\":true},{\"id\":\"paketo-buildpacks/environment-variables\",\"version\":\"4.5.6\",\"optional\":true},{\"id\":\"paketo-buildpacks/image-labels\",\"version\":\"4.5.5\",\"optional\":true}]}],\"layerDiffID\""
21:06:55.884 [Test worker] DEBUG com.github.dockerjava.zerodep.shaded.org.apache.hc.client5.http.wire - http-outgoing-0 << ":\"sha256:20cc32f92661f639b84172e6d7121fb52e0449a643da78b55869e9f6247030d5\",\"homepage\":\"https://paketo.io/docs/howto/java/#build-an-app-as-a-graalvm-native-image-application\",\"name\":\"Paketo Buildpack for Java Native Image\"}},\"paketo-buildpacks/leiningen\":{\"4.6.9\":{\"api\":\"0.7\",\"stacks\":[{\"id\":\"io.buildpacks.stacks.bionic\"},{\"id\":\"io.paketo.stacks.tiny\"},{\"id\":\"*\"}],\"layerDiffID\":\"sha256:7f08c1f7191e025630591734cc2518ee31ece6f91b184f8379428cab1d11e4f3\",\"homepage\":\"https://github.com/paketo-buildpacks/leiningen\",\"name\":\"Paketo Buildpack for Leiningen\"}},\"paketo-buildpacks/liberty\":{\"3.8.11\":{\"api\":\"0.7\",\"stacks\":[{\"id\":\"*\"}],\"layerDiffID\":\"sha256:e9ffa46d650cf2c33019de117be5a2adfe099553247da8647a2dc20df9be60af\",\"homepage\":\"https://github.com/paketo-buildpacks/liberty\",\"name\":\"Paketo Buildpack for Liberty\"}},\"paketo-buildpacks/maven\":{\"6.15.12\":{\"api\":\"0.7\",\"stacks\":[{\"id\":\"io.buildpacks.stacks.bionic\"},{\"id\":\"io.paketo.stacks.tiny\"},{\"id\":\"*\"}],\"layerDiffID\":\"sha256:556e2a8dfa041a33fc99b6bf252158f8ae6c9f987b24d8d51b60b5f47dde63db\",\"homepage\":\"https://github.com/paketo-buildpacks/maven\",\"name\":\"Paketo Buildpack for Maven\"}},\"paketo-buildpacks/miniconda\":{\"0.8.5\":{\"api\":\"0.7\",\"stacks\":[{\"id\":\"*\"}],\"layerDiffID\":\"sha256:ddfaf04fb79c40ef178e264699a6e20723b9cebf4e6f42147629e99239bec874\",\"name\":\"Paketo Buildpack for Miniconda\"}},\"paketo-buildpacks/mri\":{\"0.14.9\":{\"api\":\"0.7\",\"stacks\":[{\"id\":\"io.buildpacks.stacks.bionic\"},{\"id\":\"io.buildpacks.stacks.jammy\"}],\"layerDiffID\":\"sha256:fc3429003a77b8831e7939e8915fbe5be66ce1b28a249ea92b006c5fb9184b80\",\"homepage\":\"https://github.com/paketo-buildpacks/mri\",\"name\":\"Paketo Buildpack for MRI\"}},\"paketo-buildpacks/native-image\":{\"5.12.7\":{\"api\":\"0.7\",\"stacks\":[{\"id\":\"*\"}],\"layerDiffID\":\"sha256:6703f08ed36fa7863406b2a33a881f74648e9659aaa712fadb5bf40009a4558c\",\"homepage\":\"https://github.com/paketo-buildpacks/native-image\",\"name\":\"Paketo Buildpack for Native Image\"}},\"paketo-buildpacks/nginx\":{\"0.15.6\":{\"api\":\"0.7\",\"stacks\":[{\"id\":\"io.buildpacks.stacks.bionic\"},{\"id\":\"io.buildpacks.stacks.jammy\"}],\"layerDiffID\":\"sha256:7a890b446c99ed0c593a9670e7d7c645de98855dc63288c64f04549c3622e7ec\",\"homepage\":\"https://github.com/paketo-buildpacks/nginx\",\"name\":\"Paketo Buildpack for Nginx Server\"}},\"paketo-buildpacks/node-engine\":{\"2.0.0\":{\"api\":\"0.7\",\"stacks\":[{\"id\":\"io.buildpacks.stacks.bionic\"},{\"id\":\"io.buildpacks.stacks.jammy\"},{\"id\":\"*\"}],\"layerDiffID\":\"sha256:762574589a15aa16b3f268c5c648d64631fd529181d287150dbb6a93c6a74714\",\"homepage\":\"https://github.com/paketo-buildpacks/node-engine\",\"name\":\"Paketo Buildpack for Node Engine\"},\"3.0.1\":{\"api\":\"0.7\",\"stacks\":[{\"id\":\"io.buildpacks.stacks.bionic\"},{\"id\":\"io.buildpacks.stacks.jammy\"},{\"id\":\"*\"}],\"layerDiffID\":\"sha256:ab2f69aa057c098d00d41e989b4dae371f763e75e456c9a655e6289a0c3a060c\",\"homepage\":\"https://github.com/paketo-buildpacks/node-engine\",\"name\":\"Paketo Buildpack for Node Engine\"}},\"paketo-buildpacks/node-run-script\":{\"1.0.13\":{\"api\":\"0.7\",\"stacks\":[{\"id\":\"*\"}],\"layerDiffID\":\"sha256:14704ae575228cecd0daf36e21239c71c6ae9065b4d00ea7c1ead4001da552c4\",\"homepage\":\"https://github.com/paketo-buildpacks/node-run-script\",\"name\":\"Paketo Buildpack for Node Run Script\"},\"1.0.14\":{\"api\":\"0.7\",\"stacks\":[{\"id\":\"*\"}],\"layerDiffID\":\"sha256:831f58054738183092d1a3fac71c0b39b16a6649b032529f078e7f18f900e415\",\"homepage\":\"https://github.com/paketo-buildpacks/node-run-script\",\"name\":\"Paketo Buildpack for Node Run Script\"}},\"paketo-buildpacks/node-start\":{\"1.1.3\":{\"api\":\"0.7\",\"stacks\":[{\"id\":\"*\"}],\"layerDiffID\":\"sha256:cf5619cb7b7168ec95f4bb572d8c79416fdb33421a2ff2dce55d4476265fed0a\",\"homepage\":\"https://github.com/paketo-buildpacks/node-start\",\"name\":\"Paketo Buildpack for Node Start\"}},\"paketo-buildpacks/nodejs\":{\"2.0.0\":{\"api\":\"0.7\",\"order\":[{\"group\":[{\"id\":\"paketo-buildpacks/ca-certificates\",\"version\":\"3.6.6\",\"optional\":true},{\"id\":\"paketo-buildpacks/watchexec\",\"version\":\"2.8.6\",\"optional\":true},{\"id\":\"paketo-buildpacks/node-engine\",\"version\":\"3.0.1\"},{\"id\":\"paketo-buildpacks/yarn\",\"version\":\"1.2.0\"},{\"id\":\"paketo-buildpacks/yarn-install\",\"version\":\"1.2.2\"},{\"id\":\"paketo-buildpacks/node-run-script\",\"version\":\"1.0.14\",\"optional\":true},{\"id\":\"paketo-buildpacks/node-start\",\"version\":\"1.1.3\",\"optional\":true},{\"id\":\"paketo-buildpacks/yarn-start\",\"version\":\"1.1.3\",\"optional\":true},{\"id\":\"paketo-buildpacks/procfile\",\"version\":\"5.6.7\",\"optional\":true},{\"id\":\"paketo-buildpacks/datadog\",\"version\":\"3.6.0\",\"optional\":true},{\"id\":\"paketo-buildpacks/environment-variables\",\"version\":\"4.5.6\",\"optional\":true},{\"id\":\"paketo-buildpacks/image-labels\",\"version\":\"4.5.5\",\"optional\":true}]},{\"group\":[{\"id\":\"paketo-buildpacks/ca-certificates\",\"version\":\"3.6.6\",\"optional\":true},{\"id\":\"paketo-buildpacks/watchexec\",\"version\":\"2.8.6\",\"optional\":true},{\"id\":\"paketo-buildpacks/node-engine\",\"version\":\"3.0.1\"},{\"id\":\"paketo-buildpacks/npm-install\",\"version\":\"1.3.1\"},{\"id\":\"paketo-buildpacks/node-run-script\",\"version\":\"1.0.14\",\"optional\":true},{\"id\":\"paketo-buildpacks/node-start\",\"version\":\"1.1.3\",\"optional\":true},{\"id\":\"paketo-buildpacks/npm-start\",\"version\":\"1.0.15\",\"optional\":true},{\"id\":\"paketo-buildpacks/procfile\",\"version\":\"5.6.7\",\"optional\":true},{\"id\":\"paketo-buildpacks/datadog\",\"version\":\"3.6.0\",\"optional\":true},{\"id\":\"paketo-buildpacks/environment-variables\",\"version\":\"4.5.6\",\"optional\":true},{\"id\":\"paketo-buildpacks/image-labels\",\"version\":\"4.5.5\",\"optional\":true}]},{\"group\":[{\"id\":\"paketo-buildpacks/ca-certificates\",\"version\":\"3.6.6\",\"optional\":true},{\"id\":\"paketo-buildpacks/watchexec\",\"version\":\"2.8.6\",\"optional\":true},{\"id\":\"paketo-buildpacks/node-engine\",\"version\":\"3.0.1\"},{\"id\":\"paketo-buildpacks/node-start\",\"version\":\"1.1.3\"},{\"id\":\"paketo-buildpacks/procfile\",\"version\":\"5.6.7\",\"optional\":true},{\"id\":\"paketo-buildpacks/datadog\",\"version\":\"3.6.0\",\"optional\":true},{\"id\":\"paketo-buildpacks/environment-variables\",\"version\":\"4.5.6\",\"optional\":true},{\"id\":\"paketo-buildpacks/image-labels\",\"version\":\"4.5.5\",\"optional\":true}]}],\"layerDiffID\":\"sha256:efa2f539b939405e5b27af54bcd3cf6e74165b5a3ab70cc4424c2a8e4e88c619\",\"homepage\":\"https://github.com/paketo-buildpacks/nodejs\",\"name\":\"Paketo Buildpack for Node.js\"}},\"paketo-buildpacks/npm-install\":{\"1.3.0\":{\"api\":\"0.7\",\"stacks\":[{\"id\":\"*\"}],\"layerDiffID\":\"sha256:bd7446c321e344099f19f232f61b4f43a650aa88e5891100579f2a7b7e577f17\",\"homepage\":\"https://github.com/paketo-buildpacks/npm-install\",\"name\":\"Paketo Buildpack for NPM Install\"},\"1.3.1\":{\"api\":\"0.7\",\"stacks\":[{\"id\":\"*\"}],\"layerDiffID\":\"sha256:22d2108f6ba3dc7aeb52bb971367cdef215f24bc2ed07401499c111162001bd1\",\"homepage\":\"https://github.com/paketo-buildpacks/npm-install\",\"name\":\"Paketo Buildpack for NPM Install\"}},\"paketo-buildpacks/npm-start\":{\"1.0.15\":{\"api\":\"0.7\",\"stacks\":[{\"id\":\"*\"}],\"layerDiffID\":\"sha256:a3713bbd7bf2d8c4093a766214251db9660cf72020d645072a73dce9ff017c19\",\"homepage\":\"https://github.com/paketo-buildpacks/npm-start\",\"name\":\"Paketo Buildpack for NPM Start\"}},\"paketo-buildpacks/passenger\":{\"0.13.2\":{\"api\":\"0.7\",\"stacks\":[{\"id\":\"io.buildpacks.stacks.bionic\"},{\"id\":\"io.buildpacks.stacks.jammy\"}],\"layerDiffID\":\"sha256:4013824bdce2bb63d0c95b1bc633ec9710da45c88cd98255457a53b95ef54b3e\",\"homepage\":\"https://github.com/paketo-buildpacks/passenger\",\"name\":\"Paketo Build"
21:06:55.884 [Test worker] DEBUG com.github.dockerjava.zerodep.shaded.org.apache.hc.client5.http.wire - http-outgoing-0 << "pack for Passenger\"}},\"paketo-buildpacks/pip\":{\"0.18.0\":{\"api\":\"0.7\",\"stacks\":[{\"id\":\"*\"}],\"layerDiffID\":\"sha256:427ee111c07faab6e8b9ee58fdd2447cc19de7f1daa99eeb234d61b38e706868\",\"name\":\"Paketo Buildpack for Pip\"}},\"paketo-buildpacks/pip-install\":{\"0.6.0\":{\"api\":\"0.7\",\"stacks\":[{\"id\":\"*\"}],\"layerDiffID\":\"sha256:5a61b8c6a643a5ab8801eb74d53288276f70b0fad35422ae3dbe31129a86f10d\",\"name\":\"Paketo Buildpack for Pip Install\"}},\"paketo-buildpacks/pipenv\":{\"1.19.0\":{\"api\":\"0.7\",\"stacks\":[{\"id\":\"*\"}],\"layerDiffID\":\"sha256:0f1253493befe7e470e5adf66e8f3f81fc95fb7a11e8eaa4ef27edd6a4620232\",\"name\":\"Paketo Buildpack for Pipenv\"}},\"paketo-buildpacks/pipenv-install\":{\"0.6.18\":{\"api\":\"0.7\",\"stacks\":[{\"id\":\"*\"}],\"layerDiffID\":\"sha256:8b9dac6ff7b7b833eed3aa511de4c7a0ae4dcb58d22873aee20f84187466fbe9\",\"name\":\"Paketo Buildpack for Pipenv Install\"}},\"paketo-buildpacks/poetry\":{\"0.6.5\":{\"api\":\"0.7\",\"stacks\":[{\"id\":\"*\"}],\"layerDiffID\":\"sha256:fbad9e9552228860a9e0b81109861cb3b94377485a0d9e603aec4d01bb8d2409\",\"name\":\"Paketo Buildpack for Poetry\"}},\"paketo-buildpacks/poetry-install\":{\"0.3.17\":{\"api\":\"0.7\",\"stacks\":[{\"id\":\"*\"}],\"layerDiffID\":\"sha256:b945b2a8add8dd4f225975cd962e56ffdd9b26a3af90b9d23fbe7b725625ba2f\",\"name\":\"Paketo Buildpack for Poetry Install\"}},\"paketo-buildpacks/poetry-run\":{\"0.4.21\":{\"api\":\"0.8\",\"stacks\":[{\"id\":\"*\"}],\"layerDiffID\":\"sha256:6945394fc466897bba06908c5ab1b0ed68d71e64820b40dfc9d58740275882c5\",\"name\":\"Paketo Buildpack for Poetry Run\"}},\"paketo-buildpacks/procfile\":{\"5.6.4\":{\"api\":\"0.7\",\"stacks\":[{\"id\":\"*\"}],\"layerDiffID\":\"sha256:549522d4bb1bbe20f18b678d3db1c71cb6013c26a8ce444998175fa8a75fde94\",\"homepage\":\"https://github.com/paketo-buildpacks/procfile\",\"name\":\"Paketo Buildpack for Procfile\"},\"5.6.6\":{\"api\":\"0.7\",\"stacks\":[{\"id\":\"*\"}],\"layerDiffID\":\"sha256:d8fc272d6a7d4016559553a56e8140f0f871284f47978820c6d2c480fcf356c2\",\"homepage\":\"https://github.com/paketo-buildpacks/procfile\",\"name\":\"Paketo Buildpack for Procfile\"},\"5.6.7\":{\"api\":\"0.7\",\"stacks\":[{\"id\":\"*\"}],\"layerDiffID\":\"sha256:8c16fe2c06e19c4e70d50c3321e88ef66a9bcd896a498313a91e8cf7cda42d4f\",\"homepage\":\"https://github.com/paketo-buildpacks/procfile\",\"name\":\"Paketo Buildpack for Procfile\"}},\"paketo-buildpacks/puma\":{\"0.4.36\":{\"api\":\"0.7\",\"stacks\":[{\"id\":\"*\"}],\"layerDiffID\":\"sha256:6f89a9ce5f425b3e5a6420d6e7ff5076f96fe863a8fb0e7142cf77369edc40ae\",\"homepage\":\"https://github.com/paketo-buildpacks/puma\",\"name\":\"Paketo Buildpack for Puma\"}},\"paketo-buildpacks/python\":{\"2.14.0\":{\"api\":\"0.8\",\"order\":[{\"group\":[{\"id\":\"paketo-buildpacks/ca-certificates\",\"version\":\"3.6.3\",\"optional\":true},{\"id\":\"paketo-buildpacks/watchexec\",\"version\":\"2.8.3\",\"optional\":true},{\"id\":\"paketo-buildpacks/cpython\",\"version\":\"1.9.0\"},{\"id\":\"paketo-buildpacks/pip\",\"version\":\"0.18.0\"},{\"id\":\"paketo-buildpacks/pipenv\",\"version\":\"1.19.0\"},{\"id\":\"paketo-buildpacks/pipenv-install\",\"version\":\"0.6.18\"},{\"id\":\"paketo-buildpacks/python-start\",\"version\":\"0.14.14\"},{\"id\":\"paketo-buildpacks/procfile\",\"version\":\"5.6.4\",\"optional\":true},{\"id\":\"paketo-buildpacks/environment-variables\",\"version\":\"4.5.3\",\"optional\":true},{\"id\":\"paketo-buildpacks/image-labels\",\"version\":\"4.5.2\",\"optional\":true}]},{\"group\":[{\"id\":\"paketo-buildpacks/ca-certificates\",\"version\":\"3.6.3\",\"optional\":true},{\"id\":\"paketo-buildpacks/watchexec\",\"version\":\"2.8.3\",\"optional\":true},{\"id\":\"paketo-buildpacks/cpython\",\"version\":\"1.9.0\"},{\"id\":\"paketo-buildpacks/pip\",\"version\":\"0.18.0\"},{\"id\":\"paketo-buildpacks/pip-install\",\"version\":\"0.6.0\"},{\"id\":\"paketo-buildpacks/python-start\",\"version\":\"0.14.14\"},{\"id\":\"paketo-buildpacks/procfile\",\"version\":\"5.6.4\",\"optional\":true},{\"id\":\"paketo-buildpacks/environment-variables\",\"version\":\"4.5.3\",\"optional\":true},{\"id\":\"paketo-buildpacks/image-labels\",\"version\":\"4.5.2\",\"optional\":true}]},{\"group\":[{\"id\":\"paketo-buildpacks/ca-certificates\",\"version\":\"3.6.3\",\"optional\":true},{\"id\":\"paketo-buildpacks/watchexec\",\"version\":\"2.8.3\",\"optional\":true},{\"id\":\"paketo-buildpacks/miniconda\",\"version\":\"0.8.5\"},{\"id\":\"paketo-buildpacks/conda-env-update\",\"version\":\"0.7.12\"},{\"id\":\"paketo-buildpacks/python-start\",\"version\":\"0.14.14\"},{\"id\":\"paketo-buildpacks/procfile\",\"version\":\"5.6.4\",\"optional\":true},{\"id\":\"paketo-buildpacks/environment-variables\",\"version\":\"4.5.3\",\"optional\":true},{\"id\":\"paketo-buildpacks/image-labels\",\"version\":\"4.5.2\",\"optional\":true}]},{\"group\":[{\"id\":\"paketo-buildpacks/ca-certificates\",\"version\":\"3.6.3\",\"optional\":true},{\"id\":\"paketo-buildpacks/watchexec\",\"version\":\"2.8.3\",\"optional\":true},{\"id\":\"paketo-buildpacks/cpython\",\"version\":\"1.9.0\"},{\"id\":\"paketo-buildpacks/pip\",\"version\":\"0.18.0\"},{\"id\":\"paketo-buildpacks/poetry\",\"version\":\"0.6.5\"},{\"id\":\"paketo-buildpacks/poetry-install\",\"version\":\"0.3.17\"},{\"id\":\"paketo-buildpacks/poetry-run\",\"version\":\"0.4.21\"},{\"id\":\"paketo-buildpacks/procfile\",\"version\":\"5.6.4\",\"optional\":true},{\"id\":\"paketo-buildpacks/environment-variables\",\"version\":\"4.5.3\",\"optional\":true},{\"id\":\"paketo-buildpacks/image-labels\",\"version\":\"4.5.2\",\"optional\":true}]},{\"group\":[{\"id\":\"paketo-buildpacks/ca-certificates\",\"version\":\"3.6.3\",\"optional\":true},{\"id\":\"paketo-buildpacks/watchexec\",\"version\":\"2.8.3\",\"optional\":true},{\"id\":\"paketo-buildpacks/cpython\",\"version\":\"1.9.0\"},{\"id\":\"paketo-buildpacks/pip\",\"version\":\"0.18.0\"},{\"id\":\"paketo-buildpacks/poetry\",\"version\":\"0.6.5\"},{\"id\":\"paketo-buildpacks/poetry-install\",\"version\":\"0.3.17\"},{\"id\":\"paketo-buildpacks/python-start\",\"version\":\"0.14.14\"},{\"id\":\"paketo-buildpacks/procfile\",\"version\":\"5.6.4\",\"optional\":true},{\"id\":\"paketo-buildpacks/environment-variables\",\"version\":\"4.5.3\",\"optional\":true},{\"id\":\"paketo-buildpacks/image-labels\",\"version\":\"4.5.2\",\"optional\":true}]},{\"group\":[{\"id\":\"paketo-buildpacks/ca-certificates\",\"version\":\"3.6.3\",\"optional\":true},{\"id\":\"paketo-buildpacks/watchexec\",\"version\":\"2.8.3\",\"optional\":true},{\"id\":\"paketo-buildpacks/cpython\",\"version\":\"1.9.0\"},{\"id\":\"paketo-buildpacks/python-start\",\"version\":\"0.14.14\"},{\"id\":\"paketo-buildpacks/procfile\",\"version\":\"5.6.4\",\"optional\":true},{\"id\":\"paketo-buildpacks/environment-variables\",\"version\":\"4.5.3\",\"optional\":true},{\"id\":\"paketo-buildpacks/image-labels\",\"version\":\"4.5.2\",\"optional\":true}]}],\"layerDiffID\":\"sha256:442267367faf5de598f76a55eda8246802498bd8603b33e64fa478c1865a313d\",\"name\":\"Paketo Buildpack for Python\"}},\"paketo-buildpacks/python-start\":{\"0.14.14\":{\"api\":\"0.8\",\"stacks\":[{\"id\":\"*\"}],\"layerDiffID\":\"sha256:cc5f2a129069824d2b544daa7953a5897f25514a7f1288bdab7b118a22c96e1d\",\"homepage\":\"https://github.com/paketo-buildpacks/python-start\",\"name\":\"Paketo Buildpack for Python Start\"}},\"paketo-buildpacks/rackup\":{\"0.4.35\":{\"api\":\"0.7\",\"stacks\":[{\"id\":\"*\"}],\"layerDiffID\":\"sha256:99b2c47ceabd4fc968466ba0d052a6e7f6c249f3f7828249005e767cf2d3d625\",\"homepage\":\"https://github.com/paketo-buildpacks/rackup\",\"name\":\"Paketo Buildpack for Rackup\"}},\"paketo-buildpacks/rails-assets\":{\"0.10.3\":{\"api\":\"0.7\",\"stacks\":[{\"id\":\"*\"}],\"layerDiffID\":\"sha256:3afc96a2ce20f153c301a4841e93e1adfb31842fb82866e1488faf5f393e1f21\",\"homepage\":\"https://github.com/paketo-buildpacks/rails-assets\",\"name\":\"Paketo Buildpack for Rails Assets\"}},\"paketo-buildpacks/rake\":{\"0.4.35\":{\"api\":\"0.7\",\"stacks\""
21:06:55.884 [Test worker] DEBUG com.github.dockerjava.zerodep.shaded.org.apache.hc.client5.http.wire - http-outgoing-0 << ":[{\"id\":\"*\"}],\"layerDiffID\":\"sha256:f1c85a8fabcc44713b287a2539a9f5a450afe031ec5013b069749190fe517172\",\"homepage\":\"https://github.com/paketo-buildpacks/rake\",\"name\":\"Paketo Buildpack for Rake\"}},\"paketo-buildpacks/ruby\":{\"0.42.0\":{\"api\":\"0.7\",\"order\":[{\"group\":[{\"id\":\"paketo-buildpacks/ca-certificates\",\"version\":\"3.6.6\",\"optional\":true},{\"id\":\"paketo-buildpacks/mri\",\"version\":\"0.14.9\"},{\"id\":\"paketo-buildpacks/bundler\",\"version\":\"0.7.27\"},{\"id\":\"paketo-buildpacks/bundle-install\",\"version\":\"0.8.0\"},{\"id\":\"paketo-buildpacks/node-engine\",\"version\":\"3.0.1\",\"optional\":true},{\"id\":\"paketo-buildpacks/yarn\",\"version\":\"1.2.0\",\"optional\":true},{\"id\":\"paketo-buildpacks/yarn-install\",\"version\":\"1.2.2\",\"optional\":true},{\"id\":\"paketo-buildpacks/rails-assets\",\"version\":\"0.10.3\",\"optional\":true},{\"id\":\"paketo-buildpacks/puma\",\"version\":\"0.4.36\"},{\"id\":\"paketo-buildpacks/procfile\",\"version\":\"5.6.7\",\"optional\":true},{\"id\":\"paketo-buildpacks/environment-variables\",\"version\":\"4.5.6\",\"optional\":true},{\"id\":\"paketo-buildpacks/image-labels\",\"version\":\"4.5.5\",\"optional\":true}]},{\"group\":[{\"id\":\"paketo-buildpacks/ca-certificates\",\"version\":\"3.6.6\",\"optional\":true},{\"id\":\"paketo-buildpacks/mri\",\"version\":\"0.14.9\"},{\"id\":\"paketo-buildpacks/bundler\",\"version\":\"0.7.27\"},{\"id\":\"paketo-buildpacks/bundle-install\",\"version\":\"0.8.0\"},{\"id\":\"paketo-buildpacks/node-engine\",\"version\":\"3.0.1\",\"optional\":true},{\"id\":\"paketo-buildpacks/yarn\",\"version\":\"1.2.0\",\"optional\":true},{\"id\":\"paketo-buildpacks/yarn-install\",\"version\":\"1.2.2\",\"optional\":true},{\"id\":\"paketo-buildpacks/rails-assets\",\"version\":\"0.10.3\",\"optional\":true},{\"id\":\"paketo-buildpacks/thin\",\"version\":\"0.5.35\"},{\"id\":\"paketo-buildpacks/procfile\",\"version\":\"5.6.7\",\"optional\":true},{\"id\":\"paketo-buildpacks/environment-variables\",\"version\":\"4.5.6\",\"optional\":true},{\"id\":\"paketo-buildpacks/image-labels\",\"version\":\"4.5.5\",\"optional\":true}]},{\"group\":[{\"id\":\"paketo-buildpacks/ca-certificates\",\"version\":\"3.6.6\",\"optional\":true},{\"id\":\"paketo-buildpacks/mri\",\"version\":\"0.14.9\"},{\"id\":\"paketo-buildpacks/bundler\",\"version\":\"0.7.27\"},{\"id\":\"paketo-buildpacks/bundle-install\",\"version\":\"0.8.0\"},{\"id\":\"paketo-buildpacks/node-engine\",\"version\":\"3.0.1\",\"optional\":true},{\"id\":\"paketo-buildpacks/yarn\",\"version\":\"1.2.0\",\"optional\":true},{\"id\":\"paketo-buildpacks/yarn-install\",\"version\":\"1.2.2\",\"optional\":true},{\"id\":\"paketo-buildpacks/rails-assets\",\"version\":\"0.10.3\",\"optional\":true},{\"id\":\"paketo-buildpacks/unicorn\",\"version\":\"0.4.35\"},{\"id\":\"paketo-buildpacks/procfile\",\"version\":\"5.6.7\",\"optional\":true},{\"id\":\"paketo-buildpacks/environment-variables\",\"version\":\"4.5.6\",\"optional\":true},{\"id\":\"paketo-buildpacks/image-labels\",\"version\":\"4.5.5\",\"optional\":true}]},{\"group\":[{\"id\":\"paketo-buildpacks/ca-certificates\",\"version\":\"3.6.6\",\"optional\":true},{\"id\":\"paketo-buildpacks/mri\",\"version\":\"0.14.9\"},{\"id\":\"paketo-buildpacks/bundler\",\"version\":\"0.7.27\"},{\"id\":\"paketo-buildpacks/bundle-install\",\"version\":\"0.8.0\"},{\"id\":\"paketo-buildpacks/node-engine\",\"version\":\"3.0.1\",\"optional\":true},{\"id\":\"paketo-buildpacks/yarn\",\"version\":\"1.2.0\",\"optional\":true},{\"id\":\"paketo-buildpacks/yarn-install\",\"version\":\"1.2.2\",\"optional\":true},{\"id\":\"paketo-buildpacks/rails-assets\",\"version\":\"0.10.3\",\"optional\":true},{\"id\":\"paketo-buildpacks/passenger\",\"version\":\"0.13.2\"},{\"id\":\"paketo-buildpacks/procfile\",\"version\":\"5.6.7\",\"optional\":true},{\"id\":\"paketo-buildpacks/environment-variables\",\"version\":\"4.5.6\",\"optional\":true},{\"id\":\"paketo-buildpacks/image-labels\",\"version\":\"4.5.5\",\"optional\":true}]},{\"group\":[{\"id\":\"paketo-buildpacks/ca-certificates\",\"version\":\"3.6.6\",\"optional\":true},{\"id\":\"paketo-buildpacks/mri\",\"version\":\"0.14.9\"},{\"id\":\"paketo-buildpacks/bundler\",\"version\":\"0.7.27\"},{\"id\":\"paketo-buildpacks/bundle-install\",\"version\":\"0.8.0\"},{\"id\":\"paketo-buildpacks/node-engine\",\"version\":\"3.0.1\",\"optional\":true},{\"id\":\"paketo-buildpacks/yarn\",\"version\":\"1.2.0\",\"optional\":true},{\"id\":\"paketo-buildpacks/yarn-install\",\"version\":\"1.2.2\",\"optional\":true},{\"id\":\"paketo-buildpacks/rails-assets\",\"version\":\"0.10.3\",\"optional\":true},{\"id\":\"paketo-buildpacks/rackup\",\"version\":\"0.4.35\"},{\"id\":\"paketo-buildpacks/procfile\",\"version\":\"5.6.7\",\"optional\":true},{\"id\":\"paketo-buildpacks/environment-variables\",\"version\":\"4.5.6\",\"optional\":true},{\"id\":\"paketo-buildpacks/image-labels\",\"version\":\"4.5.5\",\"optional\":true}]},{\"group\":[{\"id\":\"paketo-buildpacks/ca-certificates\",\"version\":\"3.6.6\",\"optional\":true},{\"id\":\"paketo-buildpacks/mri\",\"version\":\"0.14.9\"},{\"id\":\"paketo-buildpacks/bundler\",\"version\":\"0.7.27\",\"optional\":true},{\"id\":\"paketo-buildpacks/bundle-install\",\"version\":\"0.8.0\",\"optional\":true},{\"id\":\"paketo-buildpacks/rake\",\"version\":\"0.4.35\"},{\"id\":\"paketo-buildpacks/procfile\",\"version\":\"5.6.7\",\"optional\":true},{\"id\":\"paketo-buildpacks/environment-variables\",\"version\":\"4.5.6\",\"optional\":true},{\"id\":\"paketo-buildpacks/image-labels\",\"version\":\"4.5.5\",\"optional\":true}]}],\"layerDiffID\":\"sha256:8046d1b088791cd8a5c766cf10f8029cd475242887736c00cd74f3792c1dad6f\",\"homepage\":\"https://github.com/paketo-buildpacks/ruby\",\"name\":\"Paketo Buildpack for Ruby\"}},\"paketo-buildpacks/sbt\":{\"6.12.10\":{\"api\":\"0.7\",\"stacks\":[{\"id\":\"io.buildpacks.stacks.bionic\"},{\"id\":\"io.paketo.stacks.tiny\"},{\"id\":\"*\"}],\"layerDiffID\":\"sha256:65fe63989cfb8199caf97300a2c0f7a0592c07cebf8144aa12dc0c85d321fbe7\",\"homepage\":\"https://github.com/paketo-buildpacks/sbt\",\"name\":\"Paketo Buildpack for SBT\"}},\"paketo-buildpacks/source-removal\":{\"0.2.1\":{\"api\":\"0.7\",\"stacks\":[{\"id\":\"*\"}],\"layerDiffID\":\"sha256:c9b2b4846699e199bf3baa9f694c2914da8404ab2278da08576a53ecd11cd608\",\"name\":\"Paketo Buildpack for Source Removal\"}},\"paketo-buildpacks/spring-boot\":{\"5.27.7\":{\"api\":\"0.7\",\"stacks\":[{\"id\":\"io.buildpacks.stacks.bionic\"},{\"id\":\"io.paketo.stacks.tiny\"},{\"id\":\"*\"}],\"layerDiffID\":\"sha256:ba5039595a75bf813a4e4bf7ff60e1a8f6757f743d1c89203c0f71e884f4f7e1\",\"homepage\":\"https://github.com/paketo-buildpacks/spring-boot\",\"name\":\"Paketo Buildpack for Spring Boot\"}},\"paketo-buildpacks/syft\":{\"1.41.1\":{\"api\":\"0.7\",\"stacks\":[{\"id\":\"io.buildpacks.stacks.bionic\"},{\"id\":\"io.paketo.stacks.tiny\"},{\"id\":\"*\"}],\"layerDiffID\":\"sha256:ca20f0dabbd45ba53c5183831d430f570cdec3606f1283a2877a909761205138\",\"homepage\":\"https://github.com/paketo-buildpacks/syft\",\"name\":\"Paketo Buildpack for Syft\"}},\"paketo-buildpacks/thin\":{\"0.5.35\":{\"api\":\"0.7\",\"stacks\":[{\"id\":\"*\"}],\"layerDiffID\":\"sha256:9509ee62123bb3a02f3ca113d5222cd5762e24c6a748fd17ed4bc25427356e25\",\"homepage\":\"https://github.com/paketo-buildpacks/thin\",\"name\":\"Paketo Buildpack for Thin\"}},\"paketo-buildpacks/unicorn\":{\"0.4.35\":{\"api\":\"0.7\",\"stacks\":[{\"id\":\"*\"}],\"layerDiffID\":\"sha256:8476c034bcdc6cb591cfb03b2da9f4662478276127cbba5f82859267c3fc7e58\",\"homepage\":\"https://github.com/paketo-buildpacks/unicorn\",\"name\":\"Paketo Buildpack for Unicorn\"}},\"paketo-buildpacks/upx\":{\"3.4.6\":{\"api\":\"0.7\",\"stacks\":[{\"id\":\"io.buildpacks.stacks.bionic\"},{\"id\":\"io.paketo.stacks.tiny\"},{\"id\":\"*\"}],\"layerDiffID\":\"sha256:81431da72727491324cfc2eb7b0eddcda161c544b4670ce92bd5c4d0683415f3\",\"homepage\":\"https://github.com/paketo-buildpacks/upx\",\"name\":\"Paketo Buildpack for UP"
21:06:55.884 [Test worker] DEBUG com.github.dockerjava.zerodep.shaded.org.apache.hc.client5.http.wire - http-outgoing-0 << "X\"}},\"paketo-buildpacks/vsdbg\":{\"0.3.5\":{\"api\":\"0.8\",\"stacks\":[{\"id\":\"io.buildpacks.stacks.bionic\"},{\"id\":\"io.buildpacks.stacks.jammy\"}],\"layerDiffID\":\"sha256:ed299730a7acac76a3c81f18c43e292044a1e5969d0268091ea4e55e2efca236\",\"name\":\"Paketo Buildpack for Visual Studio Debugger\"}},\"paketo-buildpacks/watchexec\":{\"2.8.3\":{\"api\":\"0.7\",\"stacks\":[{\"id\":\"io.buildpacks.stacks.bionic\"},{\"id\":\"io.paketo.stacks.tiny\"},{\"id\":\"*\"}],\"layerDiffID\":\"sha256:7091071dbf9c60845a16f05a7c8edab69cc2c26aa13ba32c096f1f2097b91e72\",\"homepage\":\"http"
21:06:55.884 [Test worker] DEBUG com.github.dockerjava.zerodep.shaded.org.apache.hc.client5.http.wire - http-outgoing-0 << "[\r][\n]"
21:06:55.884 [Test worker] DEBUG com.github.dockerjava.zerodep.shaded.org.apache.hc.client5.http.wire - http-outgoing-0 << "8000[\r][\n]"
21:06:55.884 [Test worker] DEBUG com.github.dockerjava.zerodep.shaded.org.apache.hc.client5.http.wire - http-outgoing-0 << "s://github.com/paketo-buildpacks/watchexec\",\"name\":\"Paketo Buildpack for Watchexec\"},\"2.8.5\":{\"api\":\"0.7\",\"stacks\":[{\"id\":\"io.buildpacks.stacks.bionic\"},{\"id\":\"io.paketo.stacks.tiny\"},{\"id\":\"*\"}],\"layerDiffID\":\"sha256:11f60937526ebc92492d6a33591e0b2099c585ba920a78da56b476afcf8c7ac3\",\"homepage\":\"https://github.com/paketo-buildpacks/watchexec\",\"name\":\"Paketo Buildpack for Watchexec\"},\"2.8.6\":{\"api\":\"0.7\",\"stacks\":[{\"id\":\"io.buildpacks.stacks.bionic\"},{\"id\":\"io.paketo.stacks.tiny\"},{\"id\":\"*\"}],\"layerDiffID\":\"sha256:59ed9760c40281504b679fd3c24acba2fd5df71f4deb25caeb6f2d4611cd0b34\",\"homepage\":\"https://github.com/paketo-buildpacks/watchexec\",\"name\":\"Paketo Buildpack for Watchexec\"}},\"paketo-buildpacks/web-servers\":{\"0.19.1\":{\"api\":\"0.7\",\"order\":[{\"group\":[{\"id\":\"paketo-buildpacks/ca-certificates\",\"version\":\"3.6.5\",\"optional\":true},{\"id\":\"paketo-buildpacks/watchexec\",\"version\":\"2.8.5\",\"optional\":true},{\"id\":\"paketo-buildpacks/node-engine\",\"version\":\"2.0.0\"},{\"id\":\"paketo-buildpacks/yarn\",\"version\":\"1.1.11\"},{\"id\":\"paketo-buildpacks/yarn-install\",\"version\":\"1.2.1\"},{\"id\":\"paketo-buildpacks/node-run-script\",\"version\":\"1.0.13\"},{\"id\":\"paketo-buildpacks/nginx\",\"version\":\"0.15.6\"},{\"id\":\"paketo-buildpacks/procfile\",\"version\":\"5.6.6\",\"optional\":true},{\"id\":\"paketo-buildpacks/environment-variables\",\"version\":\"4.5.5\",\"optional\":true},{\"id\":\"paketo-buildpacks/image-labels\",\"version\":\"4.5.4\",\"optional\":true},{\"id\":\"paketo-buildpacks/source-removal\",\"version\":\"0.2.1\"}]},{\"group\":[{\"id\":\"paketo-buildpacks/ca-certificates\",\"version\":\"3.6.5\",\"optional\":true},{\"id\":\"paketo-buildpacks/watchexec\",\"version\":\"2.8.5\",\"optional\":true},{\"id\":\"paketo-buildpacks/node-engine\",\"version\":\"2.0.0\"},{\"id\":\"paketo-buildpacks/npm-install\",\"version\":\"1.3.0\"},{\"id\":\"paketo-buildpacks/node-run-script\",\"version\":\"1.0.13\"},{\"id\":\"paketo-buildpacks/nginx\",\"version\":\"0.15.6\"},{\"id\":\"paketo-buildpacks/procfile\",\"version\":\"5.6.6\",\"optional\":true},{\"id\":\"paketo-buildpacks/environment-variables\",\"version\":\"4.5.5\",\"optional\":true},{\"id\":\"paketo-buildpacks/image-labels\",\"version\":\"4.5.4\",\"optional\":true},{\"id\":\"paketo-buildpacks/source-removal\",\"version\":\"0.2.1\"}]},{\"group\":[{\"id\":\"paketo-buildpacks/ca-certificates\",\"version\":\"3.6.5\",\"optional\":true},{\"id\":\"paketo-buildpacks/watchexec\",\"version\":\"2.8.5\",\"optional\":true},{\"id\":\"paketo-buildpacks/node-engine\",\"version\":\"2.0.0\"},{\"id\":\"paketo-buildpacks/yarn\",\"version\":\"1.1.11\"},{\"id\":\"paketo-buildpacks/yarn-install\",\"version\":\"1.2.1\"},{\"id\":\"paketo-buildpacks/node-run-script\",\"version\":\"1.0.13\"},{\"id\":\"paketo-buildpacks/httpd\",\"version\":\"0.7.14\"},{\"id\":\"paketo-buildpacks/procfile\",\"version\":\"5.6.6\",\"optional\":true},{\"id\":\"paketo-buildpacks/environment-variables\",\"version\":\"4.5.5\",\"optional\":true},{\"id\":\"paketo-buildpacks/image-labels\",\"version\":\"4.5.4\",\"optional\":true},{\"id\":\"paketo-buildpacks/source-removal\",\"version\":\"0.2.1\"}]},{\"group\":[{\"id\":\"paketo-buildpacks/ca-certificates\",\"version\":\"3.6.5\",\"optional\":true},{\"id\":\"paketo-buildpacks/watchexec\",\"version\":\"2.8.5\",\"optional\":true},{\"id\":\"paketo-buildpacks/node-engine\",\"version\":\"2.0.0\"},{\"id\":\"paketo-buildpacks/npm-install\",\"version\":\"1.3.0\"},{\"id\":\"paketo-buildpacks/node-run-script\",\"version\":\"1.0.13\"},{\"id\":\"paketo-buildpacks/httpd\",\"version\":\"0.7.14\"},{\"id\":\"paketo-buildpacks/procfile\",\"version\":\"5.6.6\",\"optional\":true},{\"id\":\"paketo-buildpacks/environment-variables\",\"version\":\"4.5.5\",\"optional\":true},{\"id\":\"paketo-buildpacks/image-labels\",\"version\":\"4.5.4\",\"optional\":true},{\"id\":\"paketo-buildpacks/source-removal\",\"version\":\"0.2.1\"}]},{\"group\":[{\"id\":\"paketo-buildpacks/ca-certificates\",\"version\":\"3.6.5\",\"optional\":true},{\"id\":\"paketo-buildpacks/watchexec\",\"version\":\"2.8.5\",\"optional\":true},{\"id\":\"paketo-buildpacks/nginx\",\"version\":\"0.15.6\"},{\"id\":\"paketo-buildpacks/procfile\",\"version\":\"5.6.6\",\"optional\":true},{\"id\":\"paketo-buildpacks/environment-variables\",\"version\":\"4.5.5\",\"optional\":true},{\"id\":\"paketo-buildpacks/image-labels\",\"version\":\"4.5.4\",\"optional\":true},{\"id\":\"paketo-buildpacks/source-removal\",\"version\":\"0.2.1\"}]},{\"group\":[{\"id\":\"paketo-buildpacks/ca-certificates\",\"version\":\"3.6.5\",\"optional\":true},{\"id\":\"paketo-buildpacks/watchexec\",\"version\":\"2.8.5\",\"optional\":true},{\"id\":\"paketo-buildpacks/httpd\",\"version\":\"0.7.14\"},{\"id\":\"paketo-buildpacks/procfile\",\"version\":\"5.6.6\",\"optional\":true},{\"id\":\"paketo-buildpacks/environment-variables\",\"version\":\"4.5.5\",\"optional\":true},{\"id\":\"paketo-buildpacks/image-labels\",\"version\":\"4.5.4\",\"optional\":true},{\"id\":\"paketo-buildpacks/source-removal\",\"version\":\"0.2.1\"}]}],\"layerDiffID\":\"sha256:60b2632955c147fd465b110c148052c946dcc0af762ae3f2875da59c87e08516\",\"homepage\":\"https://github.com/paketo-buildpacks/web-servers\",\"name\":\"Paketo Buildpack for Web Servers\"}},\"paketo-buildpacks/yarn\":{\"1.1.11\":{\"api\":\"0.7\",\"stacks\":[{\"id\":\"io.buildpacks.stacks.bionic\"},{\"id\":\"io.buildpacks.stacks.jammy\"},{\"id\":\"*\"}],\"layerDiffID\":\"sha256:a7184382daf5436fe33ca5a0d69053fad35d1e13eb1047b6b908041ba9ca995e\",\"homepage\":\"https://github.com/paketo-buildpacks/yarn\",\"name\":\"Paketo Buildpack for Yarn\"},\"1.2.0\":{\"api\":\"0.7\",\"stacks\":[{\"id\":\"io.buildpacks.stacks.bionic\"},{\"id\":\"io.buildpacks.stacks.jammy\"},{\"id\":\"*\"}],\"layerDiffID\":\"sha256:ec468a227ffad6f302bab3acf85e994c7e7d35d413e0682ad2cd9d3c8ab17d80\",\"homepage\":\"https://github.com/paketo-buildpacks/yarn\",\"name\":\"Paketo Buildpack for Yarn\"}},\"paketo-buildpacks/yarn-install\":{\"1.2.1\":{\"api\":\"0.7\",\"stacks\":[{\"id\":\"*\"}],\"layerDiffID\":\"sha256:00eba1517d53a91e912fc8d03c7335ca58477b7412b458041e674ae1f60bf204\",\"homepage\":\"https://github.com/paketo-buildpacks/yarn-install\",\"name\":\"Paketo Buildpack for Yarn Install\"},\"1.2.2\":{\"api\":\"0.7\",\"stacks\":[{\"id\":\"*\"}],\"layerDiffID\":\"sha256:e23c3fb0f408926d15a29044d91de04e61dc35068fb3552604f410cfe68be161\",\"homepage\":\"https://github.com/paketo-buildpacks/yarn-install\",\"name\":\"Paketo Buildpack for Yarn Install\"}},\"paketo-buildpacks/yarn-start\":{\"1.1.3\":{\"api\":\"0.7\",\"stacks\":[{\"id\":\"*\"}],\"layerDiffID\":\"sha256:c19038830466a1990b14ed00f7b0464b4a7ad57c8c663398513f17524f97db95\",\"homepage\":\"https://github.com/paketo-buildpacks/yarn-start\",\"name\":\"Paketo Buildpack for Yarn Start\"}}}","io.buildpacks.buildpack.order":"[{\"group\":[{\"id\":\"paketo-buildpacks/ruby\",\"version\":\"0.42.0\"}]},{\"group\":[{\"id\":\"paketo-buildpacks/dotnet-core\",\"version\":\"0.42.1\"}]},{\"group\":[{\"id\":\"paketo-buildpacks/go\",\"version\":\"4.6.1\"}]},{\"group\":[{\"id\":\"paketo-buildpacks/java-native-image\",\"version\":\"8.24.0\"}]},{\"group\":[{\"id\":\"paketo-buildpacks/java\",\"version\":\"10.5.0\"}]},{\"group\":[{\"id\":\"paketo-buildpacks/web-servers\",\"version\":\"0.19.1\"}]},{\"group\":[{\"id\":\"paketo-buildpacks/nodejs\",\"version\":\"2.0.0\"}]},{\"group\":[{\"id\":\"paketo-buildpacks/python\",\"version\":\"2.14.0\"}]},{\"group\":[{\"id\":\"paketo-buildpacks/procfile\",\"version\":\"5.6.7\"}]}]","io.buildpacks.buildpack.order-extensions":"null","io.buildpacks.extension.layers":"{}","io.buildpacks.stack.description":"ubuntu:jammy with compilers and shell utilities","io.buildpacks.stack.distro.name":"ubuntu","io.buildpacks.stack.distro.version":"22.04","io.buildpacks.stack.homepage":"https://github.com/paketo-buildpacks/jammy-base-stack","io.buildpacks.stack.id":"io.buildpacks.stacks.jammy","io.buildpacks.stack.maintainer":"Paketo Buildpacks","io.buildpacks.stack.metadata":"{}","io.buildpacks.stack.mixins":"null","io.buildpacks.stack.released":"2023-12"
21:06:55.885 [Test worker] DEBUG com.github.dockerjava.zerodep.shaded.org.apache.hc.client5.http.wire - http-outgoing-0 << "-08T02:41:34Z","org.opencontainers.image.ref.name":"ubuntu","org.opencontainers.image.version":"22.04","org.springframework.boot.builderFor":"docker.io/library/catalog-service:latest"},"ParentId":"","RepoDigests":null,"RepoTags":["pack.local/builder/vrdlyifcte:latest"],"SharedSize":-1,"Size":1549274072,"VirtualSize":1549274072},{"Containers":-1,"Created":315532801,"Id":"sha256:76d32a83b488f26d8de7ba1c64bc18e211229e61be1f45fec16747e1dedc3d1c","Labels":{"io.buildpacks.build.metadata":"{\"buildpacks\":[{\"id\":\"paketo-buildpacks/ca-certificates\",\"version\":\"3.6.6\",\"homepage\":\"https://github.com/paketo-buildpacks/ca-certificates\"},{\"id\":\"paketo-buildpacks/bellsoft-liberica\",\"version\":\"10.4.2\",\"homepage\":\"https://github.com/paketo-buildpacks/bellsoft-liberica\"},{\"id\":\"paketo-buildpacks/syft\",\"version\":\"1.39.0\",\"homepage\":\"https://github.com/paketo-buildpacks/syft\"},{\"id\":\"paketo-buildpacks/executable-jar\",\"version\":\"6.8.2\",\"homepage\":\"https://github.com/paketo-buildpacks/executable-jar\"},{\"id\":\"paketo-buildpacks/dist-zip\",\"version\":\"5.6.7\",\"homepage\":\"https://github.com/paketo-buildpacks/dist-zip\"},{\"id\":\"paketo-buildpacks/spring-boot\",\"version\":\"5.27.5\",\"homepage\":\"https://github.com/paketo-buildpacks/spring-boot\"}],\"launcher\":{\"version\":\"0.18.2\",\"source\":{\"git\":{\"repository\":\"github.com/buildpacks/lifecycle\",\"commit\":\"bcffe236\"}}},\"processes\":[{\"type\":\"executable-jar\",\"command\":[\"java\"],\"args\":[\"org.springframework.boot.loader.launch.JarLauncher\"],\"direct\":true,\"buildpackID\":\"paketo-buildpacks/executable-jar\"},{\"type\":\"task\",\"command\":[\"java\"],\"args\":[\"org.springframework.boot.loader.launch.JarLauncher\"],\"direct\":true,\"buildpackID\":\"paketo-buildpacks/executable-jar\"},{\"type\":\"web\",\"command\":[\"java\"],\"args\":[\"org.springframework.boot.loader.launch.JarLauncher\"],\"direct\":true,\"buildpackID\":\"paketo-buildpacks/executable-jar\"}],\"buildpack-default-process-type\":\"web\"}","io.buildpacks.lifecycle.metadata":"{\"app\":[{\"sha\":\"sha256:86fee999b0ca7ee320beee608878169782f5fe24ee41f79d2145a82c7694015e\"},{\"sha\":\"sha256:e027a754162f3c77c251aaf4ae4ece976d2be185cc599be59b9975affda20655\"},{\"sha\":\"sha256:5f70bf18a086007016e948b04aed3b82103a36bea41755b6cddfaf10ace3c6ef\"},{\"sha\":\"sha256:0586dff069e9bcd049cfc909fdf5c32be0829783996009b5b62c3a58f6afafa6\"},{\"sha\":\"sha256:5f70bf18a086007016e948b04aed3b82103a36bea41755b6cddfaf10ace3c6ef\"}],\"sbom\":{\"sha\":\"sha256:8bce9a0d71dcb1309a4220c453a534e7f18315e588a678e45351fcfe39e4d988\"},\"buildpacks\":[{\"key\":\"paketo-buildpacks/ca-certificates\",\"version\":\"3.6.6\",\"layers\":{\"helper\":{\"sha\":\"sha256:2dd1167e013198a431fa11d85b0c00c2a0c9776b940ba21f444dd75049347d80\",\"data\":{\"buildpackInfo\":{\"clear-env\":false,\"description\":\"A Cloud Native Buildpack that adds custom CA certificates to a build and a created image\",\"homepage\":\"https://github.com/paketo-buildpacks/ca-certificates\",\"id\":\"paketo-buildpacks/ca-certificates\",\"keywords\":[\"ca-certificates\",\"trust\",\"certificates\"],\"licenses\":[{\"type\":\"Apache-2.0\",\"uri\":\"https://github.com/paketo-buildpacks/ca-certificates/blob/main/LICENSE\"}],\"name\":\"Paketo Buildpack for CA Certificates\",\"sbom-formats\":[\"application/vnd.cyclonedx+json\",\"application/vnd.syft+json\"],\"version\":\"3.6.6\"},\"helperNames\":[\"ca-certificates-helper\"]},\"build\":false,\"launch\":true,\"cache\":false}}},{\"key\":\"paketo-buildpacks/bellsoft-liberica\",\"version\":\"10.4.2\",\"layers\":{\"helper\":{\"sha\":\"sha256:8cba59f44bc278b679704fc23b095494f918eaf1969f05980090f16f80f5461e\",\"data\":{\"buildpackInfo\":{\"clear-env\":false,\"description\":\"A Cloud Native Buildpack that provides the Bellsoft Liberica implementations of JREs and JDKs\",\"homepage\":\"https://github.com/paketo-buildpacks/bellsoft-liberica\",\"id\":\"paketo-buildpacks/bellsoft-liberica\",\"keywords\":[\"java\",\"jvm\",\"jre\",\"jdk\"],\"licenses\":[{\"type\":\"Apache-2.0\",\"uri\":\"https://github.com/paketo-buildpacks/bellsoft-liberica/blob/main/LICENSE\"}],\"name\":\"Paketo Buildpack for BellSoft Liberica\",\"sbom-formats\":[\"application/vnd.syft+json\",\"application/vnd.cyclonedx+json\"],\"version\":\"10.4.2\"},\"helperNames\":[\"active-processor-count\",\"java-opts\",\"jvm-heap\",\"link-local-dns\",\"memory-calculator\",\"security-providers-configurer\",\"jmx\",\"jfr\",\"security-providers-classpath-9\",\"debug-9\",\"nmt\",\"openssl-certificate-loader\"]},\"build\":false,\"launch\":true,\"cache\":false},\"java-security-properties\":{\"sha\":\"sha256:bea0a3dc2651cac7c9c567a5cb4e7536107b357cb9113e8806f690f050500012\",\"data\":{\"clear-env\":false,\"description\":\"A Cloud Native Buildpack that provides the Bellsoft Liberica implementations of JREs and JDKs\",\"homepage\":\"https://github.com/paketo-buildpacks/bellsoft-liberica\",\"id\":\"paketo-buildpacks/bellsoft-liberica\",\"keywords\":[\"java\",\"jvm\",\"jre\",\"jdk\"],\"licenses\":[{\"type\":\"Apache-2.0\",\"uri\":\"https://github.com/paketo-buildpacks/bellsoft-liberica/blob/main/LICENSE\"}],\"name\":\"Paketo Buildpack for BellSoft Liberica\",\"sbom-formats\":[\"application/vnd.syft+json\",\"application/vnd.cyclonedx+json\"],\"version\":\"10.4.2\"},\"build\":false,\"launch\":true,\"cache\":false},\"jre\":{\"sha\":\"sha256:7583a901ea5012e6933a3214b2f46e77b2998ba63057132752e7518b29d80288\",\"data\":{\"cert-file\":\"82f3a63130e0b47915659d619f177c8157c2bbb29dbf0f58ad2721ff84fb1190\",\"dependency\":{\"cpes\":[\"cpe:2.3:a:oracle:jre:17.0.9:*:*:*:*:*:*:*\"],\"deprecation_date\":\"0001-01-01T00:00:00Z\",\"id\":\"jre\",\"licenses\":[{\"type\":\"GPL-2.0 WITH Classpath-exception-2.0\",\"uri\":\"https://openjdk.java.net/legal/gplv2+ce.html\"}],\"name\":\"BellSoft Liberica JRE\",\"purl\":\"pkg:generic/bellsoft-jre@17.0.9?arch=amd64\",\"sha256\":\"8129150fa39f1fdf6fdef6b05cf74ff570dae35bf540d2bdd9bf915532e12d55\",\"stacks\":[\"io.buildpacks.stacks.bionic\",\"io.paketo.stacks.tiny\",\"*\"],\"uri\":\"https://github.com/bell-sw/Liberica/releases/download/17.0.9+11/bellsoft-jre17.0.9+11-linux-amd64.tar.gz\",\"version\":\"17.0.9\"}},\"build\":false,\"launch\":true,\"cache\":false}}},{\"key\":\"paketo-buildpacks/syft\",\"version\":\"1.39.0\",\"layers\":{}},{\"key\":\"paketo-buildpacks/executable-jar\",\"version\":\"6.8.2\",\"layers\":{\"classpath\":{\"sha\":\"sha256:417e5bfc3c82b9373cf6804206e071d2fc74560df867d0f39cb21ac3d15231b6\",\"data\":{\"classpath\":[\"/workspace\"],\"launch\":true},\"build\":true,\"launch\":true,\"cache\":false}}},{\"key\":\"paketo-buildpacks/dist-zip\",\"version\":\"5.6.7\",\"layers\":{}},{\"key\":\"paketo-buildpacks/spring-boot\",\"version\":\"5.27.5\",\"layers\":{\"helper\":{\"sha\":\"sha256:009231a6b92598caa65c72f0fc40487703cae4321d6522607534d5dbf0cd146c\",\"data\":{\"buildpackInfo\":{\"clear-env\":false,\"description\":\"A Cloud Native Buildpack that contributes Spring Boot dependency information and slices an application into multiple layers\",\"homepage\":\"https://github.com/paketo-buildpacks/spring-boot\",\"id\":\"paketo-buildpacks/spring-boot\",\"keywords\":[\"java\",\"spring\",\"spring-boot\"],\"licenses\":[{\"type\":\"Apache-2.0\",\"uri\":\"https://github.com/paketo-buildpacks/spring-boot/blob/main/LICENSE\"}],\"name\":\"Paketo Buildpack for Spring Boot\",\"sbom-formats\":[\"application/vnd.cyclonedx+json\",\"application/vnd.syft+json\"],\"version\":\"5.27.5\"},\"helperNames\":[\"spring-cloud-bindings\"]},\"build\":false,\"launch\":true,\"cache\":false},\"spring-cloud-bindings\":{\"sha\":\"sha256:aa8d810d715f62cc4d4a82522dadeeba0d9b3a60f927c84ee2c1d9172ca23975\",\"data\":{\"cpes\":[\"cpe:2.3:a:vmware:spring_cloud_bindings:2.0.0:*:*:*:*:*:*:*\"],\"deprecation_date\":\"0001-01-01T00:00:00Z\",\"id\":\"spring-cloud-bindings\",\"licenses\":[{\"type\":\"Apache-2.0\",\"uri\":\"https://github.com/spring-cloud/spring-cloud-bindings/blob/main/LICENSE\"}],\"name\":\""
21:06:55.885 [Test worker] DEBUG com.github.dockerjava.zerodep.shaded.org.apache.hc.client5.http.wire - http-outgoing-0 << "Spring Cloud Bindings\",\"purl\":\"pkg:generic/springframework/spring-cloud-bindings@2.0.0\",\"sha256\":\"dab47967bffb29c5b4c41653e9741b6ca15cde483926d7f9d0a04956247fb680\",\"stacks\":[\"io.buildpacks.stacks.bionic\",\"io.paketo.stacks.tiny\",\"*\"],\"uri\":\"https://repo1.maven.org/maven2/org/springframework/cloud/spring-cloud-bindings/2.0.2/spring-cloud-bindings-2.0.2.jar\",\"version\":\"2.0.2\"},\"build\":false,\"launch\":true,\"cache\":false},\"web-application-type\":{\"sha\":\"sha256:cdd4575ae9b376f8c8925c9b305123f24c4afaf52bfe5efcbf0283adfbd4fc6a\",\"data\":{\"files\":\"492268077004706327f2889f4d3793c91c15bfd8ff2edeea25d918533e373985\"},\"build\":false,\"launch\":true,\"cache\":false}}}],\"config\":{\"sha\":\"sha256:2f68390a881d9cf27ecb3b9da13298b272c8ad403d181f3c44d920657a20614a\"},\"launcher\":{\"sha\":\"sha256:9b01e3d17226cb926d56787ba05c9ce5d6a3495d352e7d960be6e5657fb88f58\"},\"process-types\":{\"sha\":\"sha256:1dc94a70dbaa2171fb086500a5d27797f779219b126b0a1eebb9180c2792e80e\"},\"runImage\":{\"topLayer\":\"sha256:0ef5dedd5851c1c58a8952944910acd2d038b603e0b5813ef3391911e3edfe0d\",\"reference\":\"4b9bf2d33b920851260faf1799be1a2a3caebd0b47d55e8932c5fe7a593c5a06\",\"image\":\"index.docker.io/paketobuildpacks/run-jammy-base:latest\"},\"stack\":{\"runImage\":{\"image\":\"index.docker.io/paketobuildpacks/run-jammy-base:latest\"}}}","io.buildpacks.project.metadata":"{}","io.buildpacks.stack.description":"ubuntu:jammy with some common dependencies like tzdata and openssl","io.buildpacks.stack.distro.name":"ubuntu","io.buildpacks.stack.distro.version":"22.04","io.buildpacks.stack.homepage":"https://github.com/paketo-buildpacks/jammy-base-stack","io.buildpacks.stack.id":"io.buildpacks.stacks.jammy","io.buildpacks.stack.maintainer":"Paketo Buildpacks","io.buildpacks.stack.metadata":"{}","io.buildpacks.stack.released":"2023-11-28T02:41:38Z","org.opencontainers.image.ref.name":"ubuntu","org.opencontainers.image.title":"edge-service","org.opencontainers.image.version":"0.0.1-SNAPSHOT","org.springframework.boot.version":"3.2.0"},"ParentId":"","RepoDigests":null,"RepoTags":["edge-service:0.0.1-SNAPSHOT","edge-service:latest"],"SharedSize":-1,"Size":341095333,"VirtualSize":341095333},{"Containers":-1,"Created":315532801,"Id":"sha256:7f10e4958cc93d16792ae9141cabfb2c010674f4684d912bb75c81d5fd4d6749","Labels":{"io.buildpacks.build.metadata":"{\"buildpacks\":[{\"id\":\"paketo-buildpacks/ca-certificates\",\"version\":\"3.6.6\",\"homepage\":\"https://github.com/paketo-buildpacks/ca-certificates\"},{\"id\":\"paketo-buildpacks/bellsoft-liberica\",\"version\":\"10.4.4\",\"homepage\":\"https://github.com/paketo-buildpacks/bellsoft-liberica\"},{\"id\":\"paketo-buildpacks/syft\",\"version\":\"1.41.1\",\"homepage\":\"https://github.com/paketo-buildpacks/syft\"},{\"id\":\"paketo-buildpacks/executable-jar\",\"version\":\"6.8.3\",\"homepage\":\"https://github.com/paketo-buildpacks/executable-jar\"},{\"id\":\"paketo-buildpacks/dist-zip\",\"version\":\"5.6.8\",\"homepage\":\"https://github.com/paketo-buildpacks/dist-zip\"},{\"id\":\"paketo-buildpacks/spring-boot\",\"version\":\"5.27.7\",\"homepage\":\"https://github.com/paketo-buildpacks/spring-boot\"}],\"launcher\":{\"version\":\"0.18.2\",\"source\":{\"git\":{\"repository\":\"github.com/buildpacks/lifecycle\",\"commit\":\"bcffe236\"}}},\"processes\":[{\"type\":\"executable-jar\",\"command\":\"java\",\"args\":[\"org.springframework.boot.loader.JarLauncher\"],\"direct\":true,\"buildpackID\":\"paketo-buildpacks/executable-jar\"},{\"type\":\"task\",\"command\":\"java\",\"args\":[\"org.springframework.boot.loader.JarLauncher\"],\"direct\":true,\"buildpackID\":\"paketo-buildpacks/executable-jar\"},{\"type\":\"web\",\"command\":\"java\",\"args\":[\"org.springframework.boot.loader.JarLauncher\"],\"direct\":true,\"buildpackID\":\"paketo-buildpacks/executable-jar\"}],\"buildpack-default-process-type\":\"web\"}","io.buildpacks.lifecycle.metadata":"{\"app\":[{\"sha\":\"sha256:133e60d395c7d463d01cf022d2ee38ec0e3f5ba66b8d82b783ff629d0a767797\"},{\"sha\":\"sha256:ab99df5db2b97d32fa490bf9196b11e367a7f722f7df9f914fbfe4914305e43e\"},{\"sha\":\"sha256:5f70bf18a086007016e948b04aed3b82103a36bea41755b6cddfaf10ace3c6ef\"},{\"sha\":\"sha256:a341e1f025481b4961d0d8a8ee053bf36922b8caa36add293b6b6f2b934238ea\"},{\"sha\":\"sha256:5f70bf18a086007016e948b04aed3b82103a36bea41755b6cddfaf10ace3c6ef\"}],\"sbom\":{\"sha\":\"sha256:af9b3cbae9e5d0d522cf21a623b6aab3809def76272f44b03d7097108092d7cf\"},\"buildpacks\":[{\"key\":\"paketo-buildpacks/ca-certificates\",\"version\":\"3.6.6\",\"layers\":{\"helper\":{\"sha\":\"sha256:2dd1167e013198a431fa11d85b0c00c2a0c9776b940ba21f444dd75049347d80\",\"data\":{\"buildpackInfo\":{\"clear-env\":false,\"description\":\"A Cloud Native Buildpack that adds custom CA certificates to a build and a created image\",\"homepage\":\"https://github.com/paketo-buildpacks/ca-certificates\",\"id\":\"paketo-buildpacks/ca-certificates\",\"keywords\":[\"ca-certificates\",\"trust\",\"certificates\"],\"licenses\":[{\"type\":\"Apache-2.0\",\"uri\":\"https://github.com/paketo-buildpacks/ca-certificates/blob/main/LICENSE\"}],\"name\":\"Paketo Buildpack for CA Certificates\",\"sbom-formats\":[\"application/vnd.cyclonedx+json\",\"application/vnd.syft+json\"],\"version\":\"3.6.6\"},\"helperNames\":[\"ca-certificates-helper\"]},\"build\":false,\"launch\":true,\"cache\":false}}},{\"key\":\"paketo-buildpacks/bellsoft-liberica\",\"version\":\"10.4.4\",\"layers\":{\"helper\":{\"sha\":\"sha256:bdd8880429afa69df4856d2c5512706e0bfcde7a4b4fa729a15f0e6214c3441f\",\"data\":{\"buildpackInfo\":{\"clear-env\":false,\"description\":\"A Cloud Native Buildpack that provides the Bellsoft Liberica implementations of JREs and JDKs\",\"homepage\":\"https://github.com/paketo-buildpacks/bellsoft-liberica\",\"id\":\"paketo-buildpacks/bellsoft-liberica\",\"keywords\":[\"java\",\"jvm\",\"jre\",\"jdk\"],\"licenses\":[{\"type\":\"Apache-2.0\",\"uri\":\"https://github.com/paketo-buildpacks/bellsoft-liberica/blob/main/LICENSE\"}],\"name\":\"Paketo Buildpack for BellSoft Liberica\",\"sbom-formats\":[\"application/vnd.syft+json\",\"application/vnd.cyclonedx+json\"],\"version\":\"10.4.4\"},\"helperNames\":[\"active-processor-count\",\"java-opts\",\"jvm-heap\",\"link-local-dns\",\"memory-calculator\",\"security-providers-configurer\",\"jmx\",\"jfr\",\"openssl-certificate-loader\",\"security-providers-classpath-9\",\"debug-9\",\"nmt\"]},\"build\":false,\"launch\":true,\"cache\":false},\"java-security-properties\":{\"sha\":\"sha256:bea0a3dc2651cac7c9c567a5cb4e7536107b357cb9113e8806f690f050500012\",\"data\":{\"clear-env\":false,\"description\":\"A Cloud Native Buildpack that provides the Bellsoft Liberica implementations of JREs and JDKs\",\"homepage\":\"https://github.com/paketo-buildpacks/bellsoft-liberica\",\"id\":\"paketo-buildpacks/bellsoft-liberica\",\"keywords\":[\"java\",\"jvm\",\"jre\",\"jdk\"],\"licenses\":[{\"type\":\"Apache-2.0\",\"uri\":\"https://github.com/paketo-buildpacks/bellsoft-liberica/blob/main/LICENSE\"}],\"name\":\"Paketo Buildpack for BellSoft Liberica\",\"sbom-formats\":[\"application/vnd.syft+json\",\"application/vnd.cyclonedx+json\"],\"version\":\"10.4.4\"},\"build\":false,\"launch\":true,\"cache\":false},\"jre\":{\"sha\":\"sha256:7583a901ea5012e6933a3214b2f46e77b2998ba63057132752e7518b29d80288\",\"data\":{\"cert-file\":\"82f3a63130e0b47915659d619f177c8157c2bbb29dbf0f58ad2721ff84fb1190\",\"dependency\":{\"cpes\":[\"cpe:2.3:a:oracle:jre:17.0.9:*:*:*:*:*:*:*\"],\"deprecation_date\":\"0001-01-01T00:00:00Z\",\"id\":\"jre\",\"licenses\":[{\"type\":\"GPL-2.0 WITH Classpath-exception-2.0\",\"uri\":\"https://openjdk.java.net/legal/gplv2+ce.html\"}],\"name\":\"BellSoft Liberica JRE\",\"purl\":\"pkg:generic/bellsoft-jre@17.0.9?arch=amd64\",\"sha256\":\"8129150fa39f1fdf6fdef6b05cf74ff570dae35bf540d2bdd9bf915532e12d55\",\"stacks\":[\"io.buildpacks.stacks.bionic\",\"io.paketo.stacks.tiny\",\"*\"],\"uri\":\"https://github.com/bell-sw/Liberica/releases/download/17.0.9+11/be"
21:06:55.885 [Test worker] DEBUG com.github.dockerjava.zerodep.shaded.org.apache.hc.client5.http.wire - http-outgoing-0 << "llsoft-jre17.0.9+11-linux-amd64.tar.gz\",\"version\":\"17.0.9\"}},\"build\":false,\"launch\":true,\"cache\":false}}},{\"key\":\"paketo-buildpacks/syft\",\"version\":\"1.41.1\",\"layers\":{}},{\"key\":\"paketo-buildpacks/executable-jar\",\"version\":\"6.8.3\",\"layers\":{\"classpath\":{\"sha\":\"sha256:417e5bfc3c82b9373cf6804206e071d2fc74560df867d0f39cb21ac3d15231b6\",\"data\":{\"classpath\":[\"/workspace\"],\"launch\":true},\"build\":true,\"launch\":true,\"cache\":false}}},{\"key\":\"paketo-buildpacks/dist-zip\",\"version\":\"5.6.8\",\"layers\":{}},{\"key\":\"paketo-buildpacks/spring-boot\",\"version\":\"5.27.7\",\"layers\":{\"helper\":{\"sha\":\"sha256:b89d860ce02fd70690525c591e47965d16ac2112d77dec810b31eae40c0f83e5\",\"data\":{\"buildpackInfo\":{\"clear-env\":false,\"description\":\"A Cloud Native Buildpack that contributes Spring Boot dependency information and slices an application into multiple layers\",\"homepage\":\"https://github.com/paketo-buildpacks/spring-boot\",\"id\":\"paketo-buildpacks/spring-boot\",\"keywords\":[\"java\",\"spring\",\"spring-boot\"],\"licenses\":[{\"type\":\"Apache-2.0\",\"uri\":\"https://github.com/paketo-buildpacks/spring-boot/blob/main/LICENSE\"}],\"name\":\"Paketo Buildpack for Spring Boot\",\"sbom-formats\":[\"application/vnd.cyclonedx+json\",\"application/vnd.syft+json\"],\"version\":\"5.27.7\"},\"helperNames\":[\"spring-cloud-bindings\"]},\"build\":false,\"launch\":true,\"cache\":false},\"spring-cloud-bindings\":{\"sha\":\"sha256:585d8b141d7aa07eecde5a1bae075c7898ab5809a215d66f160d3dfd46eaf577\",\"data\":{\"cpes\":[\"cpe:2.3:a:vmware:spring_cloud_bindings:1.13.0:*:*:*:*:*:*:*\"],\"deprecation_date\":\"0001-01-01T00:00:00Z\",\"id\":\"spring-cloud-bindings\",\"licenses\":[{\"type\":\"Apache-2.0\",\"uri\":\"https://github.com/spring-cloud/spring-cloud-bindings/blob/main/LICENSE\"}],\"name\":\"Spring Cloud Bindings\",\"purl\":\"pkg:generic/springframework/spring-cloud-bindings@1.13.0\",\"sha256\":\"70a448cd45d1dbc117770f934961cd9577c0c4404d34986824f8f593cae4aada\",\"stacks\":[\"io.buildpacks.stacks.bionic\",\"io.paketo.stacks.tiny\",\"*\"],\"uri\":\"https://repo1.maven.org/maven2/org/springframework/cloud/spring-cloud-bindings/1.13.0/spring-cloud-bindings-1.13.0.jar\",\"version\":\"1.13.0\"},\"build\":false,\"launch\":true,\"cache\":false},\"web-application-type\":{\"sha\":\"sha256:366ce7d1a7f90f2e4ad08752f87510eee3ffca18736fa63c03823c8c4ebf2925\",\"data\":{\"files\":\"cb0e81b237e500e67cc6a489ae60d4a093033dc1b3be395d7982f5bd180c78f4\"},\"build\":false,\"launch\":true,\"cache\":false}}}],\"config\":{\"sha\":\"sha256:b5942915a213f89787970eeef24a1493e92db27aa079fef5aff34a513f60d8a5\"},\"launcher\":{\"sha\":\"sha256:9b01e3d17226cb926d56787ba05c9ce5d6a3495d352e7d960be6e5657fb88f58\"},\"process-types\":{\"sha\":\"sha256:1dc94a70dbaa2171fb086500a5d27797f779219b126b0a1eebb9180c2792e80e\"},\"runImage\":{\"topLayer\":\"sha256:bdca9ff99e18151e890f916e05bb2a08b9519cec1802eae2b67087fbdcfec0f7\",\"reference\":\"a9420c939c6e54f715b8c542f7a01038914fdffe0d399072c9d98d535ba6815c\"},\"stack\":{\"runImage\":{\"image\":\"index.docker.io/paketobuildpacks/run-jammy-base:latest\"}}}","io.buildpacks.project.metadata":"{}","io.buildpacks.stack.description":"ubuntu:jammy with some common dependencies like tzdata and openssl","io.buildpacks.stack.distro.name":"ubuntu","io.buildpacks.stack.distro.version":"22.04","io.buildpacks.stack.homepage":"https://github.com/paketo-buildpacks/jammy-base-stack","io.buildpacks.stack.id":"io.buildpacks.stacks.jammy","io.buildpacks.stack.maintainer":"Paketo Buildpacks","io.buildpacks.stack.metadata":"{}","io.buildpacks.stack.released":"2023-12-11T14:36:54Z","org.opencontainers.image.ref.name":"ubuntu","org.opencontainers.image.version":"22.04","org.springframework.boot.version":"2.7.18"},"ParentId":"","RepoDigests":null,"RepoTags":["catalog-service:latest"],"SharedSize":-1,"Size":348630644,"VirtualSize":348630644},{"Containers":-1,"Created":315532801,"Id":"sha256:d7f4db12062bdf7dc3622be4068b1aee7bc22d8dda6b201ed680d66b4c9d7dd1","Labels":{"io.buildpacks.build.metadata":"{\"buildpacks\":[{\"id\":\"paketo-buildpacks/ca-certificates\",\"version\":\"3.6.6\",\"homepage\":\"https://github.com/paketo-buildpacks/ca-certificates\"},{\"id\":\"paketo-buildpacks/bellsoft-liberica\",\"version\":\"10.4.4\",\"homepage\":\"https://github.com/paketo-buildpacks/bellsoft-liberica\"},{\"id\":\"paketo-buildpacks/syft\",\"version\":\"1.41.1\",\"homepage\":\"https://github.com/paketo-buildpacks/syft\"},{\"id\":\"paketo-buildpacks/executable-jar\",\"version\":\"6.8.3\",\"homepage\":\"https://github.com/paketo-buildpacks/executable-jar\"},{\"id\":\"paketo-buildpacks/dist-zip\",\"version\":\"5.6.8\",\"homepage\":\"https://github.com/paketo-buildpacks/dist-zip\"},{\"id\":\"paketo-buildpacks/spring-boot\",\"version\":\"5.27.7\",\"homepage\":\"https://github.com/paketo-buildpacks/spring-boot\"}],\"launcher\":{\"version\":\"0.18.2\",\"source\":{\"git\":{\"repository\":\"github.com/buildpacks/lifecycle\",\"commit\":\"bcffe236\"}}},\"processes\":[{\"type\":\"executable-jar\",\"command\":\"java\",\"args\":[\"org.springframework.boot.loader.JarLauncher\"],\"direct\":true,\"buildpackID\":\"paketo-buildpacks/executable-jar\"},{\"type\":\"task\",\"command\":\"java\",\"args\":[\"org.springframework.boot.loader.JarLauncher\"],\"direct\":true,\"buildpackID\":\"paketo-buildpacks/executable-jar\"},{\"type\":\"web\",\"command\":\"java\",\"args\":[\"org.springframework.boot.loader.JarLauncher\"],\"direct\":true,\"buildpackID\":\"paketo-buildpacks/executable-jar\"}],\"buildpack-default-process-type\":\"web\"}","io.buildpacks.lifecycle.metadata":"{\"app\":[{\"sha\":\"sha256:2db426fd9f1263c671dcc03f9b653425ff40125751d7c8e5e56d71e74702ab4e\"},{\"sha\":\"sha256:ab99df5db2b97d32fa490bf9196b11e367a7f722f7df9f914fbfe4914305e43e\"},{\"sha\":\"sha256:5f70bf18a086007016e948b04aed3b82103a36bea41755b6cddfaf10ace3c6ef\"},{\"sha\":\"sha256:b99f51b72a6b6f6962cedf97759d5d1f1a7f4468926d5f85a9b7eb1e6289c108\"},{\"sha\":\"sha256:5f70bf18a086007016e948b04aed3b82103a36bea41755b6cddfaf10ace3c6ef\"}],\"sbom\":{\"sha\":\"sha256:9c3ebd9d91931e5b90cd55acf0ea14962e35d7ed8793216f6e1f880aa37c639d\"},\"buildpacks\":[{\"key\":\"paketo-buildpacks/ca-certificates\",\"version\":\"3.6.6\",\"layers\":{\"helper\":{\"sha\":\"sha256:2dd1167e013198a431fa11d85b0c00c2a0c9776b940ba21f444dd75049347d80\",\"data\":{\"buildpackInfo\":{\"clear-env\":false,\"description\":\"A Cloud Native Buildpack that adds custom CA certificates to a build and a created image\",\"homepage\":\"https://github.com/paketo-buildpacks/ca-certificates\",\"id\":\"paketo-buildpacks/ca-certificates\",\"keywords\":[\"ca-certificates\",\"trust\",\"certificates\"],\"licenses\":[{\"type\":\"Apache-2.0\",\"uri\":\"https://github.com/paketo-buildpacks/ca-certificates/blob/main/LICENSE\"}],\"name\":\"Paketo Buildpack for CA Certificates\",\"sbom-formats\":[\"application/vnd.cyclonedx+json\",\"application/vnd.syft+json\"],\"version\":\"3.6.6\"},\"helperNames\":[\"ca-certificates-helper\"]},\"build\":false,\"launch\":true,\"cache\":false}}},{\"key\":\"paketo-buildpacks/bellsoft-liberica\",\"version\":\"10.4.4\",\"layers\":{\"helper\":{\"sha\":\"sha256:bdd8880429afa69df4856d2c5512706e0bfcde7a4b4fa729a15f0e6214c3441f\",\"data\":{\"buildpackInfo\":{\"clear-env\":false,\"description\":\"A Cloud Native Buildpack that provides the Bellsoft Liberica implementations of JREs and JDKs\",\"homepage\":\"https://github.com/paketo-buildpacks/bellsoft-liberica\",\"id\":\"paketo-buildpacks/bellsoft-liberica\",\"keywords\":[\"java\",\"jvm\",\"jre\",\"jdk\"],\"licenses\":[{\"type\":\"Apache-2.0\",\"uri\":\"https://github.com/paketo-buildpacks/bellsoft-liberica/blob/main/LICENSE\"}],\"name\":\"Paketo Buildpack for BellSoft Liberica\",\"sbom-formats\":[\"application/vnd.syft+json\",\"application/vnd.cyclonedx+json\"],\"version\":\"10.4.4\"},\"helperNames\":[\"active-processor-count\",\"java-opts\",\"jvm-heap\",\"link-local-dns\",\"memory-calculator\",\"se"
21:06:55.885 [Test worker] DEBUG com.github.dockerjava.zerodep.shaded.org.apache.hc.client5.http.wire - http-outgoing-0 << "curity-providers-configurer\",\"jmx\",\"jfr\",\"openssl-certificate-loader\",\"security-providers-classpath-9\",\"debug-9\",\"nmt\"]},\"build\":false,\"launch\":true,\"cache\":false},\"java-security-properties\":{\"sha\":\"sha256:bea0a3dc2651cac7c9c567a5cb4e7536107b357cb9113e8806f690f050500012\",\"data\":{\"clear-env\":false,\"description\":\"A Cloud Native Buildpack that provides the Bellsoft Liberica implementations of JREs and JDKs\",\"homepage\":\"https://github.com/paketo-buildpacks/bellsoft-liberica\",\"id\":\"paketo-buildpacks/bellsoft-liberica\",\"keywords\":[\"java\""
21:06:55.886 [Test worker] DEBUG com.github.dockerjava.zerodep.shaded.org.apache.hc.client5.http.wire - http-outgoing-0 << "[\r][\n]"
21:06:55.886 [Test worker] DEBUG com.github.dockerjava.zerodep.shaded.org.apache.hc.client5.http.wire - http-outgoing-0 << "8000[\r][\n]"
21:06:55.886 [Test worker] DEBUG com.github.dockerjava.zerodep.shaded.org.apache.hc.client5.http.wire - http-outgoing-0 << ",\"jvm\",\"jre\",\"jdk\"],\"licenses\":[{\"type\":\"Apache-2.0\",\"uri\":\"https://github.com/paketo-buildpacks/bellsoft-liberica/blob/main/LICENSE\"}],\"name\":\"Paketo Buildpack for BellSoft Liberica\",\"sbom-formats\":[\"application/vnd.syft+json\",\"application/vnd.cyclonedx+json\"],\"version\":\"10.4.4\"},\"build\":false,\"launch\":true,\"cache\":false},\"jre\":{\"sha\":\"sha256:7583a901ea5012e6933a3214b2f46e77b2998ba63057132752e7518b29d80288\",\"data\":{\"cert-file\":\"82f3a63130e0b47915659d619f177c8157c2bbb29dbf0f58ad2721ff84fb1190\",\"dependency\":{\"cpes\":[\"cpe:2.3:a:oracle:jre:17.0.9:*:*:*:*:*:*:*\"],\"deprecation_date\":\"0001-01-01T00:00:00Z\",\"id\":\"jre\",\"licenses\":[{\"type\":\"GPL-2.0 WITH Classpath-exception-2.0\",\"uri\":\"https://openjdk.java.net/legal/gplv2+ce.html\"}],\"name\":\"BellSoft Liberica JRE\",\"purl\":\"pkg:generic/bellsoft-jre@17.0.9?arch=amd64\",\"sha256\":\"8129150fa39f1fdf6fdef6b05cf74ff570dae35bf540d2bdd9bf915532e12d55\",\"stacks\":[\"io.buildpacks.stacks.bionic\",\"io.paketo.stacks.tiny\",\"*\"],\"uri\":\"https://github.com/bell-sw/Liberica/releases/download/17.0.9+11/bellsoft-jre17.0.9+11-linux-amd64.tar.gz\",\"version\":\"17.0.9\"}},\"build\":false,\"launch\":true,\"cache\":false}}},{\"key\":\"paketo-buildpacks/syft\",\"version\":\"1.41.1\",\"layers\":{}},{\"key\":\"paketo-buildpacks/executable-jar\",\"version\":\"6.8.3\",\"layers\":{\"classpath\":{\"sha\":\"sha256:417e5bfc3c82b9373cf6804206e071d2fc74560df867d0f39cb21ac3d15231b6\",\"data\":{\"classpath\":[\"/workspace\"],\"launch\":true},\"build\":true,\"launch\":true,\"cache\":false}}},{\"key\":\"paketo-buildpacks/dist-zip\",\"version\":\"5.6.8\",\"layers\":{}},{\"key\":\"paketo-buildpacks/spring-boot\",\"version\":\"5.27.7\",\"layers\":{\"helper\":{\"sha\":\"sha256:b89d860ce02fd70690525c591e47965d16ac2112d77dec810b31eae40c0f83e5\",\"data\":{\"buildpackInfo\":{\"clear-env\":false,\"description\":\"A Cloud Native Buildpack that contributes Spring Boot dependency information and slices an application into multiple layers\",\"homepage\":\"https://github.com/paketo-buildpacks/spring-boot\",\"id\":\"paketo-buildpacks/spring-boot\",\"keywords\":[\"java\",\"spring\",\"spring-boot\"],\"licenses\":[{\"type\":\"Apache-2.0\",\"uri\":\"https://github.com/paketo-buildpacks/spring-boot/blob/main/LICENSE\"}],\"name\":\"Paketo Buildpack for Spring Boot\",\"sbom-formats\":[\"application/vnd.cyclonedx+json\",\"application/vnd.syft+json\"],\"version\":\"5.27.7\"},\"helperNames\":[\"spring-cloud-bindings\"]},\"build\":false,\"launch\":true,\"cache\":false},\"spring-cloud-bindings\":{\"sha\":\"sha256:585d8b141d7aa07eecde5a1bae075c7898ab5809a215d66f160d3dfd46eaf577\",\"data\":{\"cpes\":[\"cpe:2.3:a:vmware:spring_cloud_bindings:1.13.0:*:*:*:*:*:*:*\"],\"deprecation_date\":\"0001-01-01T00:00:00Z\",\"id\":\"spring-cloud-bindings\",\"licenses\":[{\"type\":\"Apache-2.0\",\"uri\":\"https://github.com/spring-cloud/spring-cloud-bindings/blob/main/LICENSE\"}],\"name\":\"Spring Cloud Bindings\",\"purl\":\"pkg:generic/springframework/spring-cloud-bindings@1.13.0\",\"sha256\":\"70a448cd45d1dbc117770f934961cd9577c0c4404d34986824f8f593cae4aada\",\"stacks\":[\"io.buildpacks.stacks.bionic\",\"io.paketo.stacks.tiny\",\"*\"],\"uri\":\"https://repo1.maven.org/maven2/org/springframework/cloud/spring-cloud-bindings/1.13.0/spring-cloud-bindings-1.13.0.jar\",\"version\":\"1.13.0\"},\"build\":false,\"launch\":true,\"cache\":false},\"web-application-type\":{\"sha\":\"sha256:366ce7d1a7f90f2e4ad08752f87510eee3ffca18736fa63c03823c8c4ebf2925\",\"data\":{\"files\":\"47e97452477c97d615bdbbdf1bf9cb64e4a4c6be1e42a870dd1d1276948e47ab\"},\"build\":false,\"launch\":true,\"cache\":false}}}],\"config\":{\"sha\":\"sha256:b5942915a213f89787970eeef24a1493e92db27aa079fef5aff34a513f60d8a5\"},\"launcher\":{\"sha\":\"sha256:9b01e3d17226cb926d56787ba05c9ce5d6a3495d352e7d960be6e5657fb88f58\"},\"process-types\":{\"sha\":\"sha256:1dc94a70dbaa2171fb086500a5d27797f779219b126b0a1eebb9180c2792e80e\"},\"runImage\":{\"topLayer\":\"sha256:a102bf278b817d0ae92fc8401eac1e011a711426a6cad6a340de7b1dbee92277\",\"reference\":\"4b659a375ff6f363ddd021bb1b9f65348278cf200ee3eed821ae5d790ced5bcd\"},\"stack\":{\"runImage\":{\"image\":\"index.docker.io/paketobuildpacks/run-jammy-base:latest\"}}}","io.buildpacks.project.metadata":"{}","io.buildpacks.stack.description":"ubuntu:jammy with some common dependencies like tzdata and openssl","io.buildpacks.stack.distro.name":"ubuntu","io.buildpacks.stack.distro.version":"22.04","io.buildpacks.stack.homepage":"https://github.com/paketo-buildpacks/jammy-base-stack","io.buildpacks.stack.id":"io.buildpacks.stacks.jammy","io.buildpacks.stack.maintainer":"Paketo Buildpacks","io.buildpacks.stack.metadata":"{}","io.buildpacks.stack.released":"2023-12-08T02:41:34Z","org.opencontainers.image.ref.name":"ubuntu","org.opencontainers.image.version":"22.04","org.springframework.boot.version":"2.7.18"},"ParentId":"","RepoDigests":["<none>@<none>"],"RepoTags":["<none>:<none>"],"SharedSize":-1,"Size":329607412,"VirtualSize":329607412},{"Containers":-1,"Created":315532801,"Id":"sha256:2e6fa1ba11be273b8350621533e6f11ed33d1643a004f2279904dac4af3cbb6a","Labels":{"io.buildpacks.build.metadata":"{\"buildpacks\":[{\"id\":\"paketo-buildpacks/ca-certificates\",\"version\":\"3.6.3\",\"homepage\":\"https://github.com/paketo-buildpacks/ca-certificates\"},{\"id\":\"paketo-buildpacks/bellsoft-liberica\",\"version\":\"10.2.6\",\"homepage\":\"https://github.com/paketo-buildpacks/bellsoft-liberica\"},{\"id\":\"paketo-buildpacks/syft\",\"version\":\"1.32.1\",\"homepage\":\"https://github.com/paketo-buildpacks/syft\"},{\"id\":\"paketo-buildpacks/executable-jar\",\"version\":\"6.7.4\",\"homepage\":\"https://github.com/paketo-buildpacks/executable-jar\"},{\"id\":\"paketo-buildpacks/dist-zip\",\"version\":\"5.6.4\",\"homepage\":\"https://github.com/paketo-buildpacks/dist-zip\"},{\"id\":\"paketo-buildpacks/spring-boot\",\"version\":\"5.26.1\",\"homepage\":\"https://github.com/paketo-buildpacks/spring-boot\"}],\"launcher\":{\"version\":\"0.16.5\",\"source\":{\"git\":{\"repository\":\"github.com/buildpacks/lifecycle\",\"commit\":\"7679c687\"}}},\"processes\":[{\"type\":\"executable-jar\",\"command\":\"java\",\"args\":[\"org.springframework.boot.loader.JarLauncher\"],\"direct\":true,\"buildpackID\":\"paketo-buildpacks/executable-jar\"},{\"type\":\"task\",\"command\":\"java\",\"args\":[\"org.springframework.boot.loader.JarLauncher\"],\"direct\":true,\"buildpackID\":\"paketo-buildpacks/executable-jar\"},{\"type\":\"web\",\"command\":\"java\",\"args\":[\"org.springframework.boot.loader.JarLauncher\"],\"direct\":true,\"buildpackID\":\"paketo-buildpacks/executable-jar\"}],\"buildpack-default-process-type\":\"web\"}","io.buildpacks.lifecycle.metadata":"{\"app\":[{\"sha\":\"sha256:5883c001b9fad49879499a422c6d5c97274c8706b36e9e2a0871a7a7cb70df42\"},{\"sha\":\"sha256:54d0092f953f34659e84cb0eedb1dce1981ae35fedbd546c32e4b729bbee62c0\"},{\"sha\":\"sha256:5f70bf18a086007016e948b04aed3b82103a36bea41755b6cddfaf10ace3c6ef\"},{\"sha\":\"sha256:b661e9107aeea1e0a4f6abad9186aee9e9b6dcfe26ceb75a9ecd0eee81f76630\"},{\"sha\":\"sha256:5f70bf18a086007016e948b04aed3b82103a36bea41755b6cddfaf10ace3c6ef\"}],\"sbom\":{\"sha\":\"sha256:9c5732a76425315483a2327ebe710c8365f0f83898fcda876c07a5f0f3f88499\"},\"buildpacks\":[{\"key\":\"paketo-buildpacks/ca-certificates\",\"version\":\"3.6.3\",\"layers\":{\"helper\":{\"sha\":\"sha256:52efb1a98ceb0545c30700c5bc1e45de8b127e200710de2ec377b775648c90bb\",\"data\":{\"buildpackInfo\":{\"clear-env\":false,\"description\":\"A Cloud Native Buildpack th"
21:06:55.886 [Test worker] DEBUG com.github.dockerjava.zerodep.shaded.org.apache.hc.client5.http.wire - http-outgoing-0 << "at adds custom CA certificates to a build and a created image\",\"homepage\":\"https://github.com/paketo-buildpacks/ca-certificates\",\"id\":\"paketo-buildpacks/ca-certificates\",\"keywords\":[\"ca-certificates\",\"trust\",\"certificates\"],\"licenses\":[{\"type\":\"Apache-2.0\",\"uri\":\"https://github.com/paketo-buildpacks/ca-certificates/blob/main/LICENSE\"}],\"name\":\"Paketo Buildpack for CA Certificates\",\"sbom-formats\":[\"application/vnd.cyclonedx+json\",\"application/vnd.syft+json\"],\"version\":\"3.6.3\"},\"helperNames\":[\"ca-certificates-helper\"]},\"build\":false,\"launch\":true,\"cache\":false}}},{\"key\":\"paketo-buildpacks/bellsoft-liberica\",\"version\":\"10.2.6\",\"layers\":{\"helper\":{\"sha\":\"sha256:ec60a3e886a65d45e73f148733724a216c16fc0589f56baa0c334a348ff05fca\",\"data\":{\"buildpackInfo\":{\"clear-env\":false,\"description\":\"A Cloud Native Buildpack that provides the Bellsoft Liberica implementations of JREs and JDKs\",\"homepage\":\"https://github.com/paketo-buildpacks/bellsoft-liberica\",\"id\":\"paketo-buildpacks/bellsoft-liberica\",\"keywords\":[\"java\",\"jvm\",\"jre\",\"jdk\"],\"licenses\":[{\"type\":\"Apache-2.0\",\"uri\":\"https://github.com/paketo-buildpacks/bellsoft-liberica/blob/main/LICENSE\"}],\"name\":\"Paketo Buildpack for BellSoft Liberica\",\"sbom-formats\":[\"application/vnd.syft+json\",\"application/vnd.cyclonedx+json\"],\"version\":\"10.2.6\"},\"helperNames\":[\"active-processor-count\",\"java-opts\",\"jvm-heap\",\"link-local-dns\",\"memory-calculator\",\"security-providers-configurer\",\"jmx\",\"jfr\",\"security-providers-classpath-9\",\"debug-9\",\"nmt\",\"openssl-certificate-loader\"]},\"build\":false,\"launch\":true,\"cache\":false},\"java-security-properties\":{\"sha\":\"sha256:ec0381c8f32136ad9564b114b2271d1181e0c181957acb6707e6ff4713a7a89d\",\"data\":{\"clear-env\":false,\"description\":\"A Cloud Native Buildpack that provides the Bellsoft Liberica implementations of JREs and JDKs\",\"homepage\":\"https://github.com/paketo-buildpacks/bellsoft-liberica\",\"id\":\"paketo-buildpacks/bellsoft-liberica\",\"keywords\":[\"java\",\"jvm\",\"jre\",\"jdk\"],\"licenses\":[{\"type\":\"Apache-2.0\",\"uri\":\"https://github.com/paketo-buildpacks/bellsoft-liberica/blob/main/LICENSE\"}],\"name\":\"Paketo Buildpack for BellSoft Liberica\",\"sbom-formats\":[\"application/vnd.syft+json\",\"application/vnd.cyclonedx+json\"],\"version\":\"10.2.6\"},\"build\":false,\"launch\":true,\"cache\":false},\"jre\":{\"sha\":\"sha256:f245ab22134ec9da25aafafc3571b265fe89b451f7f8507509a4b5186a2b18f4\",\"data\":{\"cert-file\":\"82f3a63130e0b47915659d619f177c8157c2bbb29dbf0f58ad2721ff84fb1190\",\"dependency\":{\"cpes\":[\"cpe:2.3:a:oracle:jre:17.0.7:*:*:*:*:*:*:*\"],\"deprecation_date\":\"0001-01-01T00:00:00Z\",\"id\":\"jre\",\"licenses\":[{\"type\":\"GPL-2.0 WITH Classpath-exception-2.0\",\"uri\":\"https://openjdk.java.net/legal/gplv2+ce.html\"}],\"name\":\"BellSoft Liberica JRE\",\"purl\":\"pkg:generic/bellsoft-jre@17.0.7?arch=amd64\",\"sha256\":\"e80d5884fb25840243f231b01c17364fe0f6ef2d68d090d3aa5bf795d1458261\",\"stacks\":[\"io.buildpacks.stacks.bionic\",\"io.paketo.stacks.tiny\",\"*\"],\"uri\":\"https://github.com/bell-sw/Liberica/releases/download/17.0.7+7/bellsoft-jre17.0.7+7-linux-amd64.tar.gz\",\"version\":\"17.0.7\"}},\"build\":false,\"launch\":true,\"cache\":false}}},{\"key\":\"paketo-buildpacks/syft\",\"version\":\"1.32.1\",\"layers\":{}},{\"key\":\"paketo-buildpacks/executable-jar\",\"version\":\"6.7.4\",\"layers\":{\"classpath\":{\"sha\":\"sha256:7fbc97c38fad01ae2b8189c8d9a0a0149932192accc4ad253b0f8186d0793e9a\",\"data\":{\"classpath\":[\"/workspace\"],\"launch\":true},\"build\":true,\"launch\":true,\"cache\":false}}},{\"key\":\"paketo-buildpacks/dist-zip\",\"version\":\"5.6.4\",\"layers\":{}},{\"key\":\"paketo-buildpacks/spring-boot\",\"version\":\"5.26.1\",\"layers\":{\"helper\":{\"sha\":\"sha256:4d96b6b9eccafa56279da4cf36a48e954e6b25d0c165c7d5360688e3dbdc7c24\",\"data\":{\"buildpackInfo\":{\"clear-env\":false,\"description\":\"A Cloud Native Buildpack that contributes Spring Boot dependency information and slices an application into multiple layers\",\"homepage\":\"https://github.com/paketo-buildpacks/spring-boot\",\"id\":\"paketo-buildpacks/spring-boot\",\"keywords\":[\"java\",\"spring\",\"spring-boot\"],\"licenses\":[{\"type\":\"Apache-2.0\",\"uri\":\"https://github.com/paketo-buildpacks/spring-boot/blob/main/LICENSE\"}],\"name\":\"Paketo Buildpack for Spring Boot\",\"sbom-formats\":[\"application/vnd.cyclonedx+json\",\"application/vnd.syft+json\"],\"version\":\"5.26.1\"},\"helperNames\":[\"spring-cloud-bindings\"]},\"build\":false,\"launch\":true,\"cache\":false},\"spring-cloud-bindings\":{\"sha\":\"sha256:9743316173d36245da7b0da03a836616c7acf4dc1e6a5b7cdeba75e818e9d839\",\"data\":{\"cpes\":[\"cpe:2.3:a:vmware:spring_cloud_bindings:1.13.0:*:*:*:*:*:*:*\"],\"deprecation_date\":\"0001-01-01T00:00:00Z\",\"id\":\"spring-cloud-bindings\",\"licenses\":[{\"type\":\"Apache-2.0\",\"uri\":\"https://github.com/spring-cloud/spring-cloud-bindings/blob/main/LICENSE\"}],\"name\":\"Spring Cloud Bindings\",\"purl\":\"pkg:generic/springframework/spring-cloud-bindings@1.13.0\",\"sha256\":\"70a448cd45d1dbc117770f934961cd9577c0c4404d34986824f8f593cae4aada\",\"stacks\":[\"io.buildpacks.stacks.bionic\",\"io.paketo.stacks.tiny\",\"*\"],\"uri\":\"https://repo1.maven.org/maven2/org/springframework/cloud/spring-cloud-bindings/1.13.0/spring-cloud-bindings-1.13.0.jar\",\"version\":\"1.13.0\"},\"build\":false,\"launch\":true,\"cache\":false},\"web-application-type\":{\"sha\":\"sha256:6763b99e37924a36f5ebbaa60cceda209369919ee2ff6b0623381f10222a4dfd\",\"data\":{\"files\":\"d4c8ebd4ece07e95d133f31a703654365cd41594f08f49176355f3aa8e2c2332\"},\"build\":false,\"launch\":true,\"cache\":false}}}],\"config\":{\"sha\":\"sha256:75c0d3eaaa3ad2dc15dad769e9447291a2120c4260073b2ed3260df23a02d2d8\"},\"launcher\":{\"sha\":\"sha256:8812c86dc680eff86adb495d4be1891b3f209f7af25ae9a389cb433c3f3748ea\"},\"process-types\":{\"sha\":\"sha256:1dc94a70dbaa2171fb086500a5d27797f779219b126b0a1eebb9180c2792e80e\"},\"runImage\":{\"topLayer\":\"sha256:1eb5983d73014e2f11902c90f9af0f0dd6b4b1cb128a57b1cebee6ef54252199\",\"reference\":\"f2e5000af0cb0db7d16a2939fc88c2aa522e91826c0e87ef2a4ec2825b213585\"},\"stack\":{\"runImage\":{\"image\":\"index.docker.io/paketobuildpacks/run:base-cnb\",\"mirrors\":[\"gcr.io/paketo-buildpacks/run:base-cnb\"]}}}","io.buildpacks.project.metadata":"{}","io.buildpacks.stack.description":"ubuntu:bionic with some common dependencies like tzdata and openssl","io.buildpacks.stack.distro.name":"ubuntu","io.buildpacks.stack.distro.version":"18.04","io.buildpacks.stack.homepage":"https://github.com/paketo-buildpacks/bionic-base-stack","io.buildpacks.stack.id":"io.buildpacks.stacks.bionic","io.buildpacks.stack.maintainer":"Paketo Buildpacks","io.buildpacks.stack.metadata":"{}","io.buildpacks.stack.mixins":"[\"libaudit1\",\"liblzma5\",\"libncurses5\",\"passwd\",\"zlib1g\",\"dpkg\",\"libgcrypt20\",\"libdebconfclient0\",\"liblz4-1\",\"libbz2-1.0\",\"gcc-8-base\",\"gpgv\",\"base-passwd\",\"libudev1\",\"mount\",\"sed\",\"libpam-modules-bin\",\"libseccomp2\",\"libss2\",\"tar\",\"sysvinit-utils\",\"grep\",\"libcap-ng0\",\"libcom-err2\",\"libext2fs2\",\"libgcc1\",\"locales\",\"netbase\",\"libblkid1\",\"libuuid1\",\"mawk\",\"libgmp10\",\"libsepol1\",\"findutils\",\"libffi6\",\"libidn2-0\",\"login\",\"dash\",\"libc-bin\",\"libselinux1\",\"tzdata\",\"diffutils\",\"libpam-modules\",\"libpam0g\",\"libpcre3\",\"libyaml-0-2\",\"openssl\",\"libc6\",\"ncurses-bin\",\"libaudit-common\",\"libncursesw5\",\"gzip\",\"libzstd1\",\"fdisk\",\"libapt-pkg5.0\",\"lsb-base\",\"ca-certificates\",\"libattr1\",\"perl-base\",\"ubuntu-keyring\",\"apt\",\"libprocps6\",\"debianutils\",\"libtasn1-6\",\"libtinfo5\",\"adduser\",\"init-system-helpers\",\"libsemanage1\",\"bash\",\"hostname\",\"libdb5.3\",\"libsmartcols1\",\"bzip2\",\"e2fsprogs\",\"libgnutls30\",\"libsystemd0\",\"libunistring2\",\"
21:06:55.886 [Test worker] DEBUG com.github.dockerjava.zerodep.shaded.org.apache.hc.client5.http.wire - http-outgoing-0 << ""libsemanage-common\",\"libgpg-error0\",\"procps\",\"libexpat1\",\"libacl1\",\"libfdisk1\",\"ncurses-base\",\"sensible-utils\",\"util-linux\",\"bsdutils\",\"debconf\",\"libhogweed4\",\"libnettle6\",\"libp11-kit0\",\"base-files\",\"libmount1\",\"libpam-runtime\",\"coreutils\",\"libstdc++6\",\"libssl1.1\"]","io.buildpacks.stack.released":"2023-06-29T19:41:56Z","io.paketo.stack.packages":"[{\"name\":\"adduser\",\"version\":\"3.116ubuntu1\",\"arch\":\"all\",\"source\":{\"name\":\"\"},\"summary\":\"add and remove users and groups\"},{\"name\":\"apt\",\"version\":\"1.6.17\",\"arch\":\"amd64\",\"source\":{\"name\":\"\"},\"summary\":\"commandline package manager\"},{\"name\":\"base-files\",\"version\":\"10.1ubuntu2.11\",\"arch\":\"amd64\",\"source\":{\"name\":\"\"},\"summary\":\"Debian base system miscellaneous files\"},{\"name\":\"base-passwd\",\"version\":\"3.5.44\",\"arch\":\"amd64\",\"source\":{\"name\":\"\"},\"summary\":\"Debian base system master password and group files\"},{\"name\":\"bash\",\"version\":\"4.4.18-2ubuntu1.3\",\"arch\":\"amd64\",\"source\":{\"name\":\"\"},\"summary\":\"GNU Bourne Again SHell\"},{\"name\":\"bsdutils\",\"version\":\"1:2.31.1-0.4ubuntu3.7\",\"arch\":\"amd64\",\"source\":{\"name\":\"util-linux\",\"version\":\"2.31.1-0.4ubuntu3.7\",\"upstreamVersion\":\"2.31.1\"},\"summary\":\"basic utilities from 4.4BSD-Lite\"},{\"name\":\"bzip2\",\"version\":\"1.0.6-8.1ubuntu0.2\",\"arch\":\"amd64\",\"source\":{\"name\":\"\"},\"summary\":\"high-quality block-sorting file compressor - utilities\"},{\"name\":\"ca-certificates\",\"version\":\"20230311ubuntu0.18.04.1\",\"arch\":\"all\",\"source\":{\"name\":\"\"},\"summary\":\"Common CA certificates\"},{\"name\":\"coreutils\",\"version\":\"8.28-1ubuntu1\",\"arch\":\"amd64\",\"source\":{\"name\":\"\"},\"summary\":\"GNU core utilities\"},{\"name\":\"dash\",\"version\":\"0.5.8-2.10\",\"arch\":\"amd64\",\"source\":{\"name\":\"\"},\"summary\":\"POSIX-compliant shell\"},{\"name\":\"debconf\",\"version\":\"1.5.66ubuntu1\",\"arch\":\"all\",\"source\":{\"name\":\"\"},\"summary\":\"Debian configuration management system\"},{\"name\":\"debianutils\",\"version\":\"4.8.4\",\"arch\":\"amd64\",\"source\":{\"name\":\"\"},\"summary\":\"Miscellaneous utilities specific to Debian\"},{\"name\":\"diffutils\",\"version\":\"1:3.6-1\",\"arch\":\"amd64\",\"source\":{\"name\":\"\"},\"summary\":\"File comparison utilities\"},{\"name\":\"dpkg\",\"version\":\"1.19.0.5ubuntu2.4\",\"arch\":\"amd64\",\"source\":{\"name\":\"\"},\"summary\":\"Debian package management system\"},{\"name\":\"e2fsprogs\",\"version\":\"1.44.1-1ubuntu1.4\",\"arch\":\"amd64\",\"source\":{\"name\":\"\"},\"summary\":\"ext2/ext3/ext4 file system utilities\"},{\"name\":\"fdisk\",\"version\":\"2.31.1-0.4ubuntu3.7\",\"arch\":\"amd64\",\"source\":{\"name\":\"util-linux\"},\"summary\":\"collection of partitioning utilities\"},{\"name\":\"findutils\",\"version\":\"4.6.0+git+20170828-2\",\"arch\":\"amd64\",\"source\":{\"name\":\"\"},\"summary\":\"utilities for finding files--find, xargs\"},{\"name\":\"gcc-8-base\",\"version\":\"8.4.0-1ubuntu1~18.04\",\"arch\":\"amd64\",\"source\":{\"name\":\"gcc-8\"},\"summary\":\"GCC, the GNU Compiler Collection (base package)\"},{\"name\":\"gpgv\",\"version\":\"2.2.4-1ubuntu1.6\",\"arch\":\"amd64\",\"source\":{\"name\":\"gnupg2\"},\"summary\":\"GNU privacy guard - signature verification tool\"},{\"name\":\"grep\",\"version\":\"3.1-2build1\",\"arch\":\"amd64\",\"source\":{\"name\":\"\"},\"summary\":\"GNU grep, egrep and fgrep\"},{\"name\":\"gzip\",\"version\":\"1.6-5ubuntu1.2\",\"arch\":\"amd64\",\"source\":{\"name\":\"\"},\"summary\":\"GNU compression utilities\"},{\"name\":\"hostname\",\"version\":\"3.20\",\"arch\":\"amd64\",\"source\":{\"name\":\"\"},\"summary\":\"utility to set/show the host name or domain name\"},{\"name\":\"init-system-helpers\",\"version\":\"1.51\",\"arch\":\"all\",\"source\":{\"name\":\"\"},\"summary\":\"helper tools for all init systems\"},{\"name\":\"libacl1\",\"version\":\"2.2.52-3build1\",\"arch\":\"amd64\",\"source\":{\"name\":\"acl\"},\"summary\":\"Access control list shared library\"},{\"name\":\"libapt-pkg5.0\",\"version\":\"1.6.17\",\"arch\":\"amd64\",\"source\":{\"name\":\"apt\"},\"summary\":\"package management runtime library\"},{\"name\":\"libattr1\",\"version\":\"1:2.4.47-2build1\",\"arch\":\"amd64\",\"source\":{\"name\":\"attr\"},\"summary\":\"Extended attribute shared library\"},{\"name\":\"libaudit-common\",\"version\":\"1:2.8.2-1ubuntu1.1\",\"arch\":\"all\",\"source\":{\"name\":\"audit\"},\"summary\":\"Dynamic library for security auditing - common files\"},{\"name\":\"libaudit1\",\"version\":\"1:2.8.2-1ubuntu1.1\",\"arch\":\"amd64\",\"source\":{\"name\":\"audit\"},\"summary\":\"Dynamic library for security auditing\"},{\"name\":\"libblkid1\",\"version\":\"2.31.1-0.4ubuntu3.7\",\"arch\":\"amd64\",\"source\":{\"name\":\"util-linux\"},\"summary\":\"block device ID library\"},{\"name\":\"libbz2-1.0\",\"version\":\"1.0.6-8.1ubuntu0.2\",\"arch\":\"amd64\",\"source\":{\"name\":\"bzip2\"},\"summary\":\"high-quality block-sorting file compressor library - runtime\"},{\"name\":\"libc-bin\",\"version\":\"2.27-3ubuntu1.6\",\"arch\":\"amd64\",\"source\":{\"name\":\"glibc\"},\"summary\":\"GNU C Library: Binaries\"},{\"name\":\"libc6\",\"version\":\"2.27-3ubuntu1.6\",\"arch\":\"amd64\",\"source\":{\"name\":\"glibc\"},\"summary\":\"GNU C Library: Shared libraries\"},{\"name\":\"libcap-ng0\",\"version\":\"0.7.7-3.1\",\"arch\":\"amd64\",\"source\":{\"name\":\"libcap-ng\"},\"summary\":\"An alternate POSIX capabilities library\"},{\"name\":\"libcom-err2\",\"version\":\"1.44.1-1ubuntu1.4\",\"arch\":\"amd64\",\"source\":{\"name\":\"e2fsprogs\"},\"summary\":\"common error description library\"},{\"name\":\"libdb5.3\",\"version\":\"5.3.28-13.1ubuntu1.1\",\"arch\":\"amd64\",\"source\":{\"name\":\"db5.3\"},\"summary\":\"Berkeley v5.3 Database Libraries [runtime]\"},{\"name\":\"libdebconfclient0\",\"version\":\"0.213ubuntu1\",\"arch\":\"amd64\",\"source\":{\"name\":\"cdebconf\"},\"summary\":\"Debian Configuration Management System (C-implementation library)\"},{\"name\":\"libexpat1\",\"version\":\"2.2.5-3ubuntu0.9\",\"arch\":\"amd64\",\"source\":{\"name\":\"expat\"},\"summary\":\"XML parsing C library - runtime library\"},{\"name\":\"libext2fs2\",\"version\":\"1.44.1-1ubuntu1.4\",\"arch\":\"amd64\",\"source\":{\"name\":\"e2fsprogs\"},\"summary\":\"ext2/ext3/ext4 file system libraries\"},{\"name\":\"libfdisk1\",\"version\":\"2.31.1-0.4ubuntu3.7\",\"arch\":\"amd64\",\"source\":{\"name\":\"util-linux\"},\"summary\":\"fdisk partitioning library\"},{\"name\":\"libffi6\",\"version\":\"3.2.1-8\",\"arch\":\"amd64\",\"source\":{\"name\":\"libffi\"},\"summary\":\"Foreign Function Interface library runtime\"},{\"name\":\"libgcc1\",\"version\":\"1:8.4.0-1ubuntu1~18.04\",\"arch\":\"amd64\",\"source\":{\"name\":\"gcc-8\",\"version\":\"8.4.0-1ubuntu1~18.04\",\"upstreamVersion\":\"8.4.0\"},\"summary\":\"GCC support library\"},{\"name\":\"libgcrypt20\",\"version\":\"1.8.1-4ubuntu1.3\",\"arch\":\"amd64\",\"source\":{\"name\":\"\"},\"summary\":\"LGPL Crypto library - runtime library\"},{\"name\":\"libgmp10\",\"version\":\"2:6.1.2+dfsg-2ubuntu0.1\",\"arch\":\"amd64\",\"source\":{\"name\":\"gmp\"},\"summary\":\"Multiprecision arithmetic library\"},{\"name\":\"libgnutls30\",\"version\":\"3.5.18-1ubuntu1.6\",\"arch\":\"amd64\",\"source\":{\"name\":\"gnutls28\"},\"summary\":\"GNU TLS library - main runtime library\"},{\"name\":\"libgpg-error0\",\"version\":\"1.27-6\",\"arch\":\"amd64\",\"source\":{\"name\":\"libgpg-error\"},\"summary\":\"library for common error values and messages in GnuPG components\"},{\"name\":\"libhogweed4\",\"version\":\"3.4.1-0ubuntu0.18.04.1\",\"arch\":\"amd64\",\"source\":{\"name\":\"nettle\"},\"summary\":\"low level cryptographic library (public-key cryptos)\"},{\"name\":\"libidn2-0\",\"version\":\"2.0.4-1.1ubuntu0.2\",\"arch\":\"amd64\",\"source\":{\"name\":\"libidn2\"},\"summary\":\"Internationalized d"
21:06:55.886 [Test worker] DEBUG com.github.dockerjava.zerodep.shaded.org.apache.hc.client5.http.wire - http-outgoing-0 << "omain names (IDNA2008/TR46) library\"},{\"name\":\"liblz4-1\",\"version\":\"0.0~r131-2ubuntu3.1\",\"arch\":\"amd64\",\"source\":{\"name\":\"lz4\"},\"summary\":\"Fast LZ compression algorithm library - runtime\"},{\"name\":\"liblzma5\",\"version\":\"5.2.2-1.3ubuntu0.1\",\"arch\":\"amd64\",\"source\":{\"name\":\"xz-utils\"},\"summary\":\"XZ-format compression library\"},{\"name\":\"libmount1\",\"version\":\"2.31.1-0.4ubuntu3.7\",\"arch\":\"amd64\",\"source\":{\"name\":\"util-linux\"},\"summary\":\"device mounting library\"},{\"name\":\"libncurses5\",\"version\":\"6.1-1ubuntu1.18.04.1\",\"arch\":\"amd64\",\"source\":{\"name\":\"ncurses\"},\"summary\":\"shared libraries for terminal handling\"},{\"name\":\"libncursesw5\",\"version\":\"6.1-1ubuntu1.18.04.1\",\"arch\":\"amd64\",\"source\":{\"name\":\"ncurses\"},\"summary\":\"shared libraries for terminal handling (wide character support)\"},{\"name\":\"libnettle6\",\"version\":\"3.4.1-0ubuntu0.18.04.1\",\"arch\":\"amd64\",\"source\":{\"name\":\"nettle\"},\"summary\":\"low level cryptographic library (symmetric and one-way cryptos)\"},{\"name\":\"libp11-kit0\",\"version\":\"0.23.9-2ubuntu0.1\",\"arch\":\"amd64\",\"source\":{\"name\":\"p11-kit\"},\"summary\":\"library for loading and coordinating access to PKCS#11 modules - runtime\"},{\"name\":\"libpam-modules\",\"version\":\"1.1.8-3.6ubuntu2.18.04.6\",\"arch\":\"amd64\",\"source\":{\"name\":\"pam\"},\"summary\":\"Pluggable Authentication Modules for PAM\"},{\"name\":\"libpam-modules-bin\",\"version\":\"1.1.8-3.6ubuntu2.18.04.6\",\"arch\":\"amd64\",\"source\":{\"name\":\"pam\"},\"summary\":\"Pluggable Authentication Modules for PAM - helper binaries\"},{\"name\":\"libpam-runtime\",\"version\":\"1.1.8-3.6ubuntu2.18.04.6\",\"arch\":\"all\",\"source\":{\"name\":\"pam\"},\"summary\":\"Runtime support for the PAM library\"},{\"name\":\"libpam0g\",\"version\":\"1.1.8-3.6ubuntu2.18.04.6\",\"arch\":\"amd64\",\"source\":{\"name\":\"pam\"},\"summary\":\"Pluggable Authentication Modules library\"},{\"name\":\"libpcre3\",\"version\":\"2:8.39-9ubuntu0.1\",\"arch\":\"amd64\",\"source\":{\"name\":\"pcre3\"},\"summary\":\"Old Perl 5 Compatible Regular Expression Library - runtime files\"},{\"name\":\"libprocps6\",\"version\":\"2:3.3.12-3ubuntu1.2\",\"arch\":\"amd64\",\"source\":{\"name\":\"procps\"},\"summary\":\"library for accessing process information from /proc\"},{\"name\":\"libseccomp2\",\"version\":\"2.5.1-1ubuntu1~18.04.2\",\"arch\":\"amd64\",\"source\":{\"name\":\"libseccomp\"},\"summary\":\"high level interface to Linux seccomp filter\"},{\"name\":\"libselinux1\",\"version\":\"2.7-2build2\",\"arch\":\"amd64\",\"source\":{\"name\":\"libselinux\"},\"summary\":\"SELinux runtime shared libraries\"},{\"name\":\"libsemanage-common\",\"version\":\"2.7-2build2\",\"arch\":\"all\",\"source\":{\"name\":\"libsemanage\"},\"summary\":\"Common files for SELinux policy management libraries\"},{\"name\":\"libsemanage1\",\"version\":\"2.7-2build2\",\"arch\":\"amd64\",\"source\":{\"name\":\"libsemanage\"},\"summary\":\"SELinux policy management library\"},{\"name\":\"libsepol1\",\"version\":\"2.7-1ubuntu0.1\",\"arch\":\"amd64\",\"source\":{\"name\":\"libsepol\"},\"summary\":\"SELinux library for manipulating binary security policies\"},{\"name\":\"libsmartcols1\",\"version\":\"2.31.1-0.4ubuntu3.7\",\"arch\":\"amd64\",\"source\":{\"name\":\"util-linux\"},\"summary\":\"smart column output alignment library\"},{\"name\":\"libss2\",\"version\":\"1.44.1-1ubuntu1.4\",\"arch\":\"amd64\",\"source\":{\"name\":\"e2fsprogs\"},\"summary\":\"command-line interface parsing library\"},{\"name\":\"libssl1.1\",\"version\":\"1.1.1-1ubuntu2.1~18.04.23\",\"arch\":\"amd64\",\"source\":{\"name\":\"openssl\"},\"summary\":\"Secure Sockets Layer toolkit - shared libraries\"},{\"name\":\"libstdc++6\",\"version\":\"8.4.0-1ubuntu1~18.04\",\"arch\":\"amd64\",\"source\":{\"name\":\"gcc-8\"},\"summary\":\"GNU Standard C++ Library v3\"},{\"name\":\"libsystemd0\",\"version\":\"237-3ubuntu10.57\",\"arch\":\"amd64\",\"source\":{\"name\":\"systemd\"},\"summary\":\"systemd utility library\"},{\"name\":\"libtasn1-6\",\"version\":\"4.13-2\",\"arch\":\"amd64\",\"source\":{\"name\":\"\"},\"summary\":\"Manage ASN.1 structures (runtime)\"},{\"name\":\"libtinfo5\",\"version\":\"6.1-1ubuntu1.18.04.1\",\"arch\":\"amd64\",\"source\":{\"name\":\"ncurses\"},\"summary\":\"shared low-level terminfo library for terminal handling\"},{\"name\":\"libudev1\",\"version\":\"237-3ubuntu10.57\",\"arch\":\"amd64\",\"source\":{\"name\":\"systemd\"},\"summary\":\"libudev shared library\"},{\"name\":\"libunistring2\",\"version\":\"0.9.9-0ubuntu2\",\"arch\":\"amd64\",\"source\":{\"name\":\"libunistring\"},\"summary\":\"Unicode string library for C\"},{\"name\":\"libuuid1\",\"version\":\"2.31.1-0.4ubuntu3.7\",\"arch\":\"amd64\",\"source\":{\"name\":\"util-linux\"},\"summary\":\"Universally Unique ID library\"},{\"name\":\"libyaml-0-2\",\"version\":\"0.1.7-2ubuntu3\",\"arch\":\"amd64\",\"source\":{\"name\":\"libyaml\"},\"summary\":\"Fast YAML 1.1 parser and emitter library\"},{\"name\":\"libzstd1\",\"version\":\"1.3.3+dfsg-2ubuntu1.2\",\"arch\":\"amd64\",\"source\":{\"name\":\"libzstd\"},\"summary\":\"fast lossless compression algorithm\"},{\"name\":\"locales\",\"version\":\"2.27-3ubuntu1.6\",\"arch\":\"all\",\"source\":{\"name\":\"glibc\"},\"summary\":\"GNU C Library: National Language (locale) data [support]\"},{\"name\":\"login\",\"version\":\"1:4.5-1ubuntu2.5\",\"arch\":\"amd64\",\"source\":{\"name\":\"shadow\"},\"summary\":\"system login tools\"},{\"name\":\"lsb-base\",\"version\":\"9.20170808ubuntu1\",\"arch\":\"all\",\"source\":{\"name\":\"lsb\"},\"summary\":\"Linux Standard Base init script functionality\"},{\"name\":\"mawk\",\"version\":\"1.3.3-17ubuntu3\",\"arch\":\"amd64\",\"source\":{\"name\":\"\"},\"summary\":\"a pattern scanning and text processing language\"},{\"name\":\"mount\",\"version\":\"2.31.1-0.4ubuntu3.7\",\"arch\":\"amd64\",\"source\":{\"name\":\"util-linux\"},\"summary\":\"tools for mounting and manipulating filesystems\"},{\"name\":\"ncurses-base\",\"version\":\"6.1-1ubuntu1.18.04.1\",\"arch\":\"all\",\"source\":{\"name\":\"ncurses\"},\"summary\":\"basic terminal type definitions\"},{\"name\":\"ncurses-bin\",\"version\":\"6.1-1ubuntu1.18.04.1\",\"arch\":\"amd64\",\"source\":{\"name\":\"ncurses\"},\"summary\":\"terminal-related programs and man pages\"},{\"name\":\"netbase\",\"version\":\"5.4\",\"arch\":\"all\",\"source\":{\"name\":\"\"},\"summary\":\"Basic TCP/IP networking system\"},{\"name\":\"openssl\",\"version\":\"1.1.1-1ubuntu2.1~18.04.23\",\"arch\":\"amd64\",\"source\":{\"name\":\"\"},\"summary\":\"Secure Sockets Layer toolkit - cryptographic utility\"},{\"name\":\"passwd\",\"version\":\"1:4.5-1ubuntu2.5\",\"arch\":\"amd64\",\"source\":{\"name\":\"shadow\"},\"summary\":\"change and administer password and group data\"},{\"name\":\"perl-base\",\"version\":\"5.26.1-6ubuntu0.7\",\"arch\":\"amd64\",\"source\":{\"name\":\"perl\"},\"summary\":\"minimal Perl system\"},{\"name\":\"procps\",\"version\":\"2:3.3.12-3ubuntu1.2\",\"arch\":\"amd64\",\"source\":{\"name\":\"\"},\"summary\":\"/proc file system utilities\"},{\"name\":\"sed\",\"version\":\"4.4-2\",\"arch\":\"amd64\",\"source\":{\"name\":\"\"},\"summary\":\"GNU stream editor for filtering/transforming text\"},{\"name\":\"sensible-utils\",\"version\":\"0.0.12\",\"arch\":\"all\",\"source\":{\"name\":\"\"},\"summary\":\"Utilities for sensible alternative selection\"},{\"name\":\"sysvinit-utils\",\"version\":\"2.88dsf-59.10ubuntu1\",\"arch\":\"amd64\",\"source\":{\"name\":\"sysvinit\"},\"summary\":\"System-V-like utilities\"},{\"name\":\"tar\",\"version\":\"1.29b-2ubuntu0.4\",\"arch\":\"amd64\",\"source\":{\"name\":\"\"},\"summary\":\"GNU version of the tar archiving utility\"},{\"name\":\"tzdata\",\"version\":\"2023c-0ubuntu0.18.04\",\"arch\":\"all\",\"source\":{\"name\":\"\"},\"summary\":\"time zone and daylight-saving time data\"},{\"name\":\"ubuntu-keyring\",\"versi"
21:06:55.887 [Test worker] DEBUG com.github.dockerjava.zerodep.shaded.org.apache.hc.client5.http.wire - http-outgoing-0 << "on\":\"2018.09.18.1~18.04.2\",\"arch\":\"all\",\"source\":{\"name\":\"\"},\"summary\":\"GnuPG keys of the Ubuntu archive\"},{\"name\":\"util-linux\",\"version\":\"2.31.1-0.4ubuntu3.7\",\"arch\":\"amd64\",\"source\":{\"name\":\"\"},\"summary\":\"miscellaneous system utilities\"},{\"name\":\"zlib1g\",\"version\":\"1:1.2.11.dfsg-0ubuntu2.2\",\"arch\":\"amd64\",\"source\":{\"name\":\"zlib\"},\"summary\":\"compression library - runtime\"}]","org.opencontainers.image.ref.name":"ubuntu","org.opencontainers.image.version":"18.04","org.springframework.boot.version":"2.7.17"},"ParentId":"","RepoDigests":["<none>@<none>"],"RepoTags":["<none>:<none>"],"SharedSize":-1,"Size":292764194,"VirtualSize":292764194},{"Containers":-1,"Created":315532801,"Id":"sha256:10570b883f9a63464cf67d6da5184208e99a525efb389d4e84d2a44bec1077a9","Labels":{"io.buildpacks.build.metadata":"{\"buildpacks\":[{\"id\":\"paketo-buildpacks/ca-certificates\",\"version\":\"3.6.6\",\"homepage\":\"https://github.com/paketo-buildpacks/ca-certificates\"},{\"id\":\"paketo-buildpacks/bellsoft-liberica\",\"version\":\"10.4.4\",\"homepage\":\"https://github.com/paketo-buildpacks/bellsoft-liberica\"},{\"
21:06:55.887 [Test worker] DEBUG com.github.dockerjava.zerodep.shaded.org.apache.hc.client5.http.wire - http-outgoing-0 << "[\r][\n]"
21:06:55.887 [Test worker] DEBUG com.github.dockerjava.zerodep.shaded.org.apache.hc.client5.http.wire - http-outgoing-0 << "8000[\r][\n]"
21:06:55.887 [Test worker] DEBUG com.github.dockerjava.zerodep.shaded.org.apache.hc.client5.http.wire - http-outgoing-0 << ""id\":\"paketo-buildpacks/syft\",\"version\":\"1.41.1\",\"homepage\":\"https://github.com/paketo-buildpacks/syft\"},{\"id\":\"paketo-buildpacks/executable-jar\",\"version\":\"6.8.3\",\"homepage\":\"https://github.com/paketo-buildpacks/executable-jar\"},{\"id\":\"paketo-buildpacks/dist-zip\",\"version\":\"5.6.8\",\"homepage\":\"https://github.com/paketo-buildpacks/dist-zip\"},{\"id\":\"paketo-buildpacks/spring-boot\",\"version\":\"5.27.7\",\"homepage\":\"https://github.com/paketo-buildpacks/spring-boot\"}],\"launcher\":{\"version\":\"0.18.2\",\"source\":{\"git\":{\"repository\":\"github.com/buildpacks/lifecycle\",\"commit\":\"bcffe236\"}}},\"processes\":[{\"type\":\"executable-jar\",\"command\":\"java\",\"args\":[\"org.springframework.boot.loader.JarLauncher\"],\"direct\":true,\"buildpackID\":\"paketo-buildpacks/executable-jar\"},{\"type\":\"task\",\"command\":\"java\",\"args\":[\"org.springframework.boot.loader.JarLauncher\"],\"direct\":true,\"buildpackID\":\"paketo-buildpacks/executable-jar\"},{\"type\":\"web\",\"command\":\"java\",\"args\":[\"org.springframework.boot.loader.JarLauncher\"],\"direct\":true,\"buildpackID\":\"paketo-buildpacks/executable-jar\"}],\"buildpack-default-process-type\":\"web\"}","io.buildpacks.lifecycle.metadata":"{\"app\":[{\"sha\":\"sha256:62af09580da1507e4128f0df6ba6d5701a322a43f00e3f93f313c35159e6abf1\"},{\"sha\":\"sha256:ab99df5db2b97d32fa490bf9196b11e367a7f722f7df9f914fbfe4914305e43e\"},{\"sha\":\"sha256:5f70bf18a086007016e948b04aed3b82103a36bea41755b6cddfaf10ace3c6ef\"},{\"sha\":\"sha256:457caa3ad57067dc7b191b66fa61dd9c2129663c2919935a2239cb36c2446cbb\"},{\"sha\":\"sha256:5f70bf18a086007016e948b04aed3b82103a36bea41755b6cddfaf10ace3c6ef\"}],\"sbom\":{\"sha\":\"sha256:cdfe06cbe442088a2a1bab3e643c6a7625e7b9a27bc0e66a1caaec2525590b9a\"},\"buildpacks\":[{\"key\":\"paketo-buildpacks/ca-certificates\",\"version\":\"3.6.6\",\"layers\":{\"helper\":{\"sha\":\"sha256:2dd1167e013198a431fa11d85b0c00c2a0c9776b940ba21f444dd75049347d80\",\"data\":{\"buildpackInfo\":{\"clear-env\":false,\"description\":\"A Cloud Native Buildpack that adds custom CA certificates to a build and a created image\",\"homepage\":\"https://github.com/paketo-buildpacks/ca-certificates\",\"id\":\"paketo-buildpacks/ca-certificates\",\"keywords\":[\"ca-certificates\",\"trust\",\"certificates\"],\"licenses\":[{\"type\":\"Apache-2.0\",\"uri\":\"https://github.com/paketo-buildpacks/ca-certificates/blob/main/LICENSE\"}],\"name\":\"Paketo Buildpack for CA Certificates\",\"sbom-formats\":[\"application/vnd.cyclonedx+json\",\"application/vnd.syft+json\"],\"version\":\"3.6.6\"},\"helperNames\":[\"ca-certificates-helper\"]},\"build\":false,\"launch\":true,\"cache\":false}}},{\"key\":\"paketo-buildpacks/bellsoft-liberica\",\"version\":\"10.4.4\",\"layers\":{\"helper\":{\"sha\":\"sha256:bdd8880429afa69df4856d2c5512706e0bfcde7a4b4fa729a15f0e6214c3441f\",\"data\":{\"buildpackInfo\":{\"clear-env\":false,\"description\":\"A Cloud Native Buildpack that provides the Bellsoft Liberica implementations of JREs and JDKs\",\"homepage\":\"https://github.com/paketo-buildpacks/bellsoft-liberica\",\"id\":\"paketo-buildpacks/bellsoft-liberica\",\"keywords\":[\"java\",\"jvm\",\"jre\",\"jdk\"],\"licenses\":[{\"type\":\"Apache-2.0\",\"uri\":\"https://github.com/paketo-buildpacks/bellsoft-liberica/blob/main/LICENSE\"}],\"name\":\"Paketo Buildpack for BellSoft Liberica\",\"sbom-formats\":[\"application/vnd.syft+json\",\"application/vnd.cyclonedx+json\"],\"version\":\"10.4.4\"},\"helperNames\":[\"active-processor-count\",\"java-opts\",\"jvm-heap\",\"link-local-dns\",\"memory-calculator\",\"security-providers-configurer\",\"jmx\",\"jfr\",\"openssl-certificate-loader\",\"security-providers-classpath-9\",\"debug-9\",\"nmt\"]},\"build\":false,\"launch\":true,\"cache\":false},\"java-security-properties\":{\"sha\":\"sha256:bea0a3dc2651cac7c9c567a5cb4e7536107b357cb9113e8806f690f050500012\",\"data\":{\"clear-env\":false,\"description\":\"A Cloud Native Buildpack that provides the Bellsoft Liberica implementations of JREs and JDKs\",\"homepage\":\"https://github.com/paketo-buildpacks/bellsoft-liberica\",\"id\":\"paketo-buildpacks/bellsoft-liberica\",\"keywords\":[\"java\",\"jvm\",\"jre\",\"jdk\"],\"licenses\":[{\"type\":\"Apache-2.0\",\"uri\":\"https://github.com/paketo-buildpacks/bellsoft-liberica/blob/main/LICENSE\"}],\"name\":\"Paketo Buildpack for BellSoft Liberica\",\"sbom-formats\":[\"application/vnd.syft+json\",\"application/vnd.cyclonedx+json\"],\"version\":\"10.4.4\"},\"build\":false,\"launch\":true,\"cache\":false},\"jre\":{\"sha\":\"sha256:7583a901ea5012e6933a3214b2f46e77b2998ba63057132752e7518b29d80288\",\"data\":{\"cert-file\":\"82f3a63130e0b47915659d619f177c8157c2bbb29dbf0f58ad2721ff84fb1190\",\"dependency\":{\"cpes\":[\"cpe:2.3:a:oracle:jre:17.0.9:*:*:*:*:*:*:*\"],\"deprecation_date\":\"0001-01-01T00:00:00Z\",\"id\":\"jre\",\"licenses\":[{\"type\":\"GPL-2.0 WITH Classpath-exception-2.0\",\"uri\":\"https://openjdk.java.net/legal/gplv2+ce.html\"}],\"name\":\"BellSoft Liberica JRE\",\"purl\":\"pkg:generic/bellsoft-jre@17.0.9?arch=amd64\",\"sha256\":\"8129150fa39f1fdf6fdef6b05cf74ff570dae35bf540d2bdd9bf915532e12d55\",\"stacks\":[\"io.buildpacks.stacks.bionic\",\"io.paketo.stacks.tiny\",\"*\"],\"uri\":\"https://github.com/bell-sw/Liberica/releases/download/17.0.9+11/bellsoft-jre17.0.9+11-linux-amd64.tar.gz\",\"version\":\"17.0.9\"}},\"build\":false,\"launch\":true,\"cache\":false}}},{\"key\":\"paketo-buildpacks/syft\",\"version\":\"1.41.1\",\"layers\":{}},{\"key\":\"paketo-buildpacks/executable-jar\",\"version\":\"6.8.3\",\"layers\":{\"classpath\":{\"sha\":\"sha256:417e5bfc3c82b9373cf6804206e071d2fc74560df867d0f39cb21ac3d15231b6\",\"data\":{\"classpath\":[\"/workspace\"],\"launch\":true},\"build\":true,\"launch\":true,\"cache\":false}}},{\"key\":\"paketo-buildpacks/dist-zip\",\"version\":\"5.6.8\",\"layers\":{}},{\"key\":\"paketo-buildpacks/spring-boot\",\"version\":\"5.27.7\",\"layers\":{\"helper\":{\"sha\":\"sha256:b89d860ce02fd70690525c591e47965d16ac2112d77dec810b31eae40c0f83e5\",\"data\":{\"buildpackInfo\":{\"clear-env\":false,\"description\":\"A Cloud Native Buildpack that contributes Spring Boot dependency information and slices an application into multiple layers\",\"homepage\":\"https://github.com/paketo-buildpacks/spring-boot\",\"id\":\"paketo-buildpacks/spring-boot\",\"keywords\":[\"java\",\"spring\",\"spring-boot\"],\"licenses\":[{\"type\":\"Apache-2.0\",\"uri\":\"https://github.com/paketo-buildpacks/spring-boot/blob/main/LICENSE\"}],\"name\":\"Paketo Buildpack for Spring Boot\",\"sbom-formats\":[\"application/vnd.cyclonedx+json\",\"application/vnd.syft+json\"],\"version\":\"5.27.7\"},\"helperNames\":[\"spring-cloud-bindings\"]},\"build\":false,\"launch\":true,\"cache\":false},\"spring-cloud-bindings\":{\"sha\":\"sha256:585d8b141d7aa07eecde5a1bae075c7898ab5809a215d66f160d3dfd46eaf577\",\"data\":{\"cpes\":[\"cpe:2.3:a:vmware:spring_cloud_bindings:1.13.0:*:*:*:*:*:*:*\"],\"deprecation_date\":\"0001-01-01T00:00:00Z\",\"i"
21:06:55.887 [Test worker] DEBUG com.github.dockerjava.zerodep.shaded.org.apache.hc.client5.http.wire - http-outgoing-0 << "d\":\"spring-cloud-bindings\",\"licenses\":[{\"type\":\"Apache-2.0\",\"uri\":\"https://github.com/spring-cloud/spring-cloud-bindings/blob/main/LICENSE\"}],\"name\":\"Spring Cloud Bindings\",\"purl\":\"pkg:generic/springframework/spring-cloud-bindings@1.13.0\",\"sha256\":\"70a448cd45d1dbc117770f934961cd9577c0c4404d34986824f8f593cae4aada\",\"stacks\":[\"io.buildpacks.stacks.bionic\",\"io.paketo.stacks.tiny\",\"*\"],\"uri\":\"https://repo1.maven.org/maven2/org/springframework/cloud/spring-cloud-bindings/1.13.0/spring-cloud-bindings-1.13.0.jar\",\"version\":\"1.13.0\"},\"build\":false,\"launch\":true,\"cache\":false},\"web-application-type\":{\"sha\":\"sha256:366ce7d1a7f90f2e4ad08752f87510eee3ffca18736fa63c03823c8c4ebf2925\",\"data\":{\"files\":\"7c818f00912e60e714e1d970ad1be4fd3d5c6d4c994a26819bad89f9b1908c0a\"},\"build\":false,\"launch\":true,\"cache\":false}}}],\"config\":{\"sha\":\"sha256:765f76ac96c2c5f9438942904fea7f4800cc10b00405f18032b1fafc3a98018c\"},\"launcher\":{\"sha\":\"sha256:9b01e3d17226cb926d56787ba05c9ce5d6a3495d352e7d960be6e5657fb88f58\"},\"process-types\":{\"sha\":\"sha256:1dc94a70dbaa2171fb086500a5d27797f779219b126b0a1eebb9180c2792e80e\"},\"runImage\":{\"topLayer\":\"sha256:a102bf278b817d0ae92fc8401eac1e011a711426a6cad6a340de7b1dbee92277\",\"reference\":\"4b659a375ff6f363ddd021bb1b9f65348278cf200ee3eed821ae5d790ced5bcd\"},\"stack\":{\"runImage\":{\"image\":\"index.docker.io/paketobuildpacks/run-jammy-base:latest\"}}}","io.buildpacks.project.metadata":"{}","io.buildpacks.stack.description":"ubuntu:jammy with some common dependencies like tzdata and openssl","io.buildpacks.stack.distro.name":"ubuntu","io.buildpacks.stack.distro.version":"22.04","io.buildpacks.stack.homepage":"https://github.com/paketo-buildpacks/jammy-base-stack","io.buildpacks.stack.id":"io.buildpacks.stacks.jammy","io.buildpacks.stack.maintainer":"Paketo Buildpacks","io.buildpacks.stack.metadata":"{}","io.buildpacks.stack.released":"2023-12-08T02:41:34Z","org.opencontainers.image.ref.name":"ubuntu","org.opencontainers.image.version":"22.04","org.springframework.boot.version":"2.7.17"},"ParentId":"","RepoDigests":null,"RepoTags":["config-service:0.0.1-SNAPSHOT"],"SharedSize":-1,"Size":322509380,"VirtualSize":322509380},{"Containers":-1,"Created":315532801,"Id":"sha256:e973c6f4367d02cefda4f86eff07a548c8cbe134e0d28e22ae0eaa095efdab86","Labels":{"io.buildpacks.build.metadata":"{\"buildpacks\":[{\"id\":\"paketo-buildpacks/ca-certificates\",\"version\":\"3.6.6\",\"homepage\":\"https://github.com/paketo-buildpacks/ca-certificates\"},{\"id\":\"paketo-buildpacks/bellsoft-liberica\",\"version\":\"10.4.4\",\"homepage\":\"https://github.com/paketo-buildpacks/bellsoft-liberica\"},{\"id\":\"paketo-buildpacks/syft\",\"version\":\"1.41.1\",\"homepage\":\"https://github.com/paketo-buildpacks/syft\"},{\"id\":\"paketo-buildpacks/executable-jar\",\"version\":\"6.8.3\",\"homepage\":\"https://github.com/paketo-buildpacks/executable-jar\"},{\"id\":\"paketo-buildpacks/dist-zip\",\"version\":\"5.6.8\",\"homepage\":\"https://github.com/paketo-buildpacks/dist-zip\"},{\"id\":\"paketo-buildpacks/spring-boot\",\"version\":\"5.27.7\",\"homepage\":\"https://github.com/paketo-buildpacks/spring-boot\"}],\"launcher\":{\"version\":\"0.18.2\",\"source\":{\"git\":{\"repository\":\"github.com/buildpacks/lifecycle\",\"commit\":\"bcffe236\"}}},\"processes\":[{\"type\":\"executable-jar\",\"command\":\"java\",\"args\":[\"org.springframework.boot.loader.JarLauncher\"],\"direct\":true,\"buildpackID\":\"paketo-buildpacks/executable-jar\"},{\"type\":\"task\",\"command\":\"java\",\"args\":[\"org.springframework.boot.loader.JarLauncher\"],\"direct\":true,\"buildpackID\":\"paketo-buildpacks/executable-jar\"},{\"type\":\"web\",\"command\":\"java\",\"args\":[\"org.springframework.boot.loader.JarLauncher\"],\"direct\":true,\"buildpackID\":\"paketo-buildpacks/executable-jar\"}],\"buildpack-default-process-type\":\"web\"}","io.buildpacks.lifecycle.metadata":"{\"app\":[{\"sha\":\"sha256:2db426fd9f1263c671dcc03f9b653425ff40125751d7c8e5e56d71e74702ab4e\"},{\"sha\":\"sha256:ab99df5db2b97d32fa490bf9196b11e367a7f722f7df9f914fbfe4914305e43e\"},{\"sha\":\"sha256:5f70bf18a086007016e948b04aed3b82103a36bea41755b6cddfaf10ace3c6ef\"},{\"sha\":\"sha256:fa9f94346258f2800fcf5474a24743301fd3641301cd4110da2cafaf1f090f79\"},{\"sha\":\"sha256:5f70bf18a086007016e948b04aed3b82103a36bea41755b6cddfaf10ace3c6ef\"}],\"sbom\":{\"sha\":\"sha256:9c3ebd9d91931e5b90cd55acf0ea14962e35d7ed8793216f6e1f880aa37c639d\"},\"buildpacks\":[{\"key\":\"paketo-buildpacks/ca-certificates\",\"version\":\"3.6.6\",\"layers\":{\"helper\":{\"sha\":\"sha256:2dd1167e013198a431fa11d85b0c00c2a0c9776b940ba21f444dd75049347d80\",\"data\":{\"buildpackInfo\":{\"clear-env\":false,\"description\":\"A Cloud Native Buildpack that adds custom CA certificates to a build and a created image\",\"homepage\":\"https://github.com/paketo-buildpacks/ca-certificates\",\"id\":\"paketo-buildpacks/ca-certificates\",\"keywords\":[\"ca-certificates\",\"trust\",\"certificates\"],\"licenses\":[{\"type\":\"Apache-2.0\",\"uri\":\"https://github.com/paketo-buildpacks/ca-certificates/blob/main/LICENSE\"}],\"name\":\"Paketo Buildpack for CA Certificates\",\"sbom-formats\":[\"application/vnd.cyclonedx+json\",\"application/vnd.syft+json\"],\"version\":\"3.6.6\"},\"helperNames\":[\"ca-certificates-helper\"]},\"build\":false,\"launch\":true,\"cache\":false}}},{\"key\":\"paketo-buildpacks/bellsoft-liberica\",\"version\":\"10.4.4\",\"layers\":{\"helper\":{\"sha\":\"sha256:bdd8880429afa69df4856d2c5512706e0bfcde7a4b4fa729a15f0e6214c3441f\",\"data\":{\"buildpackInfo\":{\"clear-env\":false,\"description\":\"A Cloud Native Buildpack that provides the Bellsoft Liberica implementations of JREs and JDKs\",\"homepage\":\"https://github.com/paketo-buildpacks/bellsoft-liberica\",\"id\":\"paketo-buildpacks/bellsoft-liberica\",\"keywords\":[\"java\",\"jvm\",\"jre\",\"jdk\"],\"licenses\":[{\"type\":\"Apache-2.0\",\"uri\":\"https://github.com/paketo-buildpacks/bellsoft-liberica/blob/main/LICENSE\"}],\"name\":\"Paketo Buildpack for BellSoft Liberica\",\"sbom-formats\":[\"application/vnd.syft+json\",\"application/vnd.cyclonedx+json\"],\"version\":\"10.4.4\"},\"helperNames\":[\"active-processor-count\",\"java-opts\",\"jvm-heap\",\"link-local-dns\",\"memory-calculator\",\"security-providers-configurer\",\"jmx\",\"jfr\",\"openssl-certificate-loader\",\"security-providers-classpath-9\",\"debug-9\",\"nmt\"]},\"build\":false,\"launch\":true,\"cache\":false},\"java-security-properties\":{\"sha\":\"sha256:bea0a3dc2651cac7c9c567a5cb4e7536107b357cb9113e8806f690f050500012\",\"data\":{\"clear-env\":false,\"description\":\"A Cloud Native Buildpack that provides the Bellsoft Liberica implementations of JREs and JDKs\",\"homepage\":\"https://github.com/paketo-buildpacks/bellsoft-liberica\",\"id\":\"paketo-buildpacks/bellsoft-liberica\",\"keywords\":[\"java\",\"jvm\",\"jre\",\"jdk\"],\"licenses\":[{\"type\":\"Apache-2.0\",\"uri\":\"https://github.com/paketo-buildpacks/bellsoft-liberica/blob/main/LICENSE\"}],\"name\":\"Paketo Buildpack for BellSoft Liberica\",\"sbom-formats\":[\"application/vnd.syft+json\",\"application/vnd.cyclonedx+json\"],\"version\":\"10.4.4\"},\"build\":false,\"launch\":true,\"cache\":false},\"jre\":{\"sha\":\"sha256:7583a901ea5012e6933a3214b2f46e77b2998ba63057132752e7518b29d80288\",\"data\":{\"cert-file\":\"82f3a63130e0b47915659d619f177c8157c2bbb29dbf0f58ad2721ff84fb1190\",\"dependency\":{\"cpes\":[\"cpe:2.3:a:oracle:jre:17.0.9:*:*:*:*:*:*:*\"],\"deprecation_date\":\"0001-01-01T00:00:00Z\",\"id\":\"jre\",\"licenses\":[{\"type\":\"GPL-2.0 WITH Classpath-exception-2.0\",\"uri\":\"https://openjdk.java.net/legal/gplv2+ce.html\"}],\"name\":\"BellSoft Liberica JRE\",\"purl\":\"pkg:generic/bellsoft-jre@17.0.9?arch=amd64\",\"sha256\":\"8129150fa39f1fdf6fdef6b05cf74ff570dae35bf540d2bdd9bf915532e12d55\",\"stacks\":[\"io.buildpacks.stacks.bionic\",\"io.paketo.stacks.tiny\",\"*\"],\"uri\":\"https://github.com/bell-sw/Liberica/relea"
21:06:55.888 [Test worker] DEBUG com.github.dockerjava.zerodep.shaded.org.apache.hc.client5.http.wire - http-outgoing-0 << "ses/download/17.0.9+11/bellsoft-jre17.0.9+11-linux-amd64.tar.gz\",\"version\":\"17.0.9\"}},\"build\":false,\"launch\":true,\"cache\":false}}},{\"key\":\"paketo-buildpacks/syft\",\"version\":\"1.41.1\",\"layers\":{}},{\"key\":\"paketo-buildpacks/executable-jar\",\"version\":\"6.8.3\",\"layers\":{\"classpath\":{\"sha\":\"sha256:417e5bfc3c82b9373cf6804206e071d2fc74560df867d0f39cb21ac3d15231b6\",\"data\":{\"classpath\":[\"/workspace\"],\"launch\":true},\"build\":true,\"launch\":true,\"cache\":false}}},{\"key\":\"paketo-buildpacks/dist-zip\",\"version\":\"5.6.8\",\"layers\":{}},{\"key\":\"paketo-buildpacks/spring-boot\",\"version\":\"5.27.7\",\"layers\":{\"helper\":{\"sha\":\"sha256:b89d860ce02fd70690525c591e47965d16ac2112d77dec810b31eae40c0f83e5\",\"data\":{\"buildpackInfo\":{\"clear-env\":false,\"description\":\"A Cloud Native Buildpack that contributes Spring Boot dependency information and slices an application into multiple layers\",\"homepage\":\"https://github.com/paketo-buildpacks/spring-boot\",\"id\":\"paketo-buildpacks/spring-boot\",\"keywords\":[\"java\",\"spring\",\"spring-boot\"],\"licenses\":[{\"type\":\"Apache-2.0\",\"uri\":\"https://github.com/paketo-buildpacks/spring-boot/blob/main/LICENSE\"}],\"name\":\"Paketo Buildpack for Spring Boot\",\"sbom-formats\":[\"application/vnd.cyclonedx+json\",\"application/vnd.syft+json\"],\"version\":\"5.27.7\"},\"helperNames\":[\"spring-cloud-bindings\"]},\"build\":false,\"launch\":true,\"cache\":false},\"spring-cloud-bindings\":{\"sha\":\"sha256:585d8b141d7aa07eecde5a1bae075c7898ab5809a215d66f160d3dfd46eaf577\",\"data\":{\"cpes\":[\"cpe:2.3:a:vmware:spring_cloud_bindings:1.13.0:*:*:*:*:*:*:*\"],\"deprecation_date\":\"0001-01-01T00:00:00Z\",\"id\":\"spring-cloud-bindings\",\"licenses\":[{\"type\":\"Apache-2.0\",\"uri\":\"https://github.com/spring-cloud/spring-cloud-bindings/blob/main/LICENSE\"}],\"name\":\"Spring Cloud Bindings\",\"purl\":\"pkg:generic/springframework/spring-cloud-bindings@1.13.0\",\"sha256\":\"70a448cd45d1dbc117770f934961cd9577c0c4404d34986824f8f593cae4aada\",\"stacks\":[\"io.buildpacks.stacks.bionic\",\"io.paketo.stacks.tiny\",\"*\"],\"uri\":\"https://repo1.maven.org/maven2/org/springframework/cloud/spring-cloud-bindings/1.13.0/spring-cloud-bindings-1.13.0.jar\",\"version\":\"1.13.0\"},\"build\":false,\"launch\":true,\"cache\":false},\"web-application-type\":{\"sha\":\"sha256:366ce7d1a7f90f2e4ad08752f87510eee3ffca18736fa63c03823c8c4ebf2925\",\"data\":{\"files\":\"f19c66dff2e876b3c10d74c005b7f0f36992e577280ca8993a950b501601581b\"},\"build\":false,\"launch\":true,\"cache\":false}}}],\"config\":{\"sha\":\"sha256:b5942915a213f89787970eeef24a1493e92db27aa079fef5aff34a513f60d8a5\"},\"launcher\":{\"sha\":\"sha256:9b01e3d17226cb926d56787ba05c9ce5d6a3495d352e7d960be6e5657fb88f58\"},\"process-types\":{\"sha\":\"sha256:1dc94a70dbaa2171fb086500a5d27797f779219b126b0a1eebb9180c2792e80e\"},\"runImage\":{\"topLayer\":\"sha256:a102bf278b817d0ae92fc8401eac1e011a711426a6cad6a340de7b1dbee92277\",\"reference\":\"4b659a375ff6f363ddd021bb1b9f65348278cf200ee3eed821ae5d790ced5bcd\"},\"stack\":{\"runImage\":{\"image\":\"index.docker.io/paketobuildpacks/run-jammy-base:latest\"}}}","io.buildpacks.project.metadata":"{}","io.buildpacks.stack.description":"ubuntu:jammy with some common dependencies like tzdata and openssl","io.buildpacks.stack.distro.name":"ubuntu","io.buildpacks.stack.distro.version":"22.04","io.buildpacks.stack.homepage":"https://github.com/paketo-buildpacks/jammy-base-stack","io.buildpacks.stack.id":"io.buildpacks.stacks.jammy","io.buildpacks.stack.maintainer":"Paketo Buildpacks","io.buildpacks.stack.metadata":"{}","io.buildpacks.stack.released":"2023-12-08T02:41:34Z","org.opencontainers.image.ref.name":"ubuntu","org.opencontainers.image.version":"22.04","org.springframework.boot.version":"2.7.18"},"ParentId":"","RepoDigests":["<none>@<none>"],"RepoTags":["<none>:<none>"],"SharedSize":-1,"Size":329607801,"VirtualSize":329607801},{"Containers":-1,"Created":315532801,"Id":"sha256:a68e7c1be5eaa49bdfa5a24a0084029274a9e5fc668d7f2184567f5849526402","Labels":{"io.buildpacks.build.metadata":"{\"buildpacks\":[{\"id\":\"paketo-buildpacks/ca-certificates\",\"version\":\"3.6.6\",\"homepage\":\"https://github.com/paketo-buildpacks/ca-certificates\"},{\"id\":\"paketo-buildpacks/bellsoft-liberica\",\"version\":\"10.4.4\",\"homepage\":\"https://github.com/paketo-buildpacks/bellsoft-liberica\"},{\"id\":\"paketo-buildpacks/syft\",\"version\":\"1.41.1\",\"homepage\":\"https://github.com/paketo-buildpacks/syft\"},{\"id\":\"paketo-buildpacks/executable-jar\",\"version\":\"6.8.3\",\"homepage\":\"https://github.com/paketo-buildpacks/executable-jar\"},{\"id\":\"paketo-buildpacks/dist-zip\",\"version\":\"5.6.8\",\"homepage\":\"https://github.com/paketo-buildpacks/dist-zip\"},{\"id\":\"paketo-buildpacks/spring-boot\",\"version\":\"5.27.7\",\"homepage\":\"https://github.com/paketo-buildpacks/spring-boot\"}],\"launcher\":{\"version\":\"0.18.2\",\"source\":{\"git\":{\"repository\":\"github.com/buildpacks/lifecycle\",\"commit\":\"bcffe236\"}}},\"processes\":[{\"type\":\"executable-jar\",\"command\":\"java\",\"args\":[\"org.springframework.boot.loader.JarLauncher\"],\"direct\":true,\"buildpackID\":\"paketo-buildpacks/executable-jar\"},{\"type\":\"task\",\"command\":\"java\",\"args\":[\"org.springframework.boot.loader.JarLauncher\"],\"direct\":true,\"buildpackID\":\"paketo-buildpacks/executable-jar\"},{\"type\":\"web\",\"command\":\"java\",\"args\":[\"org.springframework.boot.loader.JarLauncher\"],\"direct\":true,\"buildpackID\":\"paketo-buildpacks/executable-jar\"}],\"buildpack-default-process-type\":\"web\"}","io.buildpacks.lifecycle.metadata":"{\"app\":[{\"sha\":\"sha256:133e60d395c7d463d01cf022d2ee38ec0e3f5ba66b8d82b783ff629d0a767797\"},{\"sha\":\"sha256:ab99df5db2b97d32fa490bf9196b11e367a7f722f7df9f914fbfe4914305e43e\"},{\"sha\":\"sha256:5f70bf18a086007016e948b04aed3b82103a36bea41755b6cddfaf10ace3c6ef\"},{\"sha\":\"sha256:cbf71d817aabc97dbdfc67e4c17d5df02b7952f6446f237133f779b5bc3f6873\"},{\"sha\":\"sha256:5f70bf18a086007016e948b04aed3b82103a36bea41755b6cddfaf10ace3c6ef\"}],\"sbom\":{\"sha\":\"sha256:af9b3cbae9e5d0d522cf21a623b6aab3809def76272f44b03d7097108092d7cf\"},\"buildpacks\":[{\"key\":\"paketo-buildpacks/ca-certificates\",\"version\":\"3.6.6\",\"layers\":{\"helper\":{\"sha\":\"sha256:2dd1167e013198a431fa11d85b0c00c2a0c9776b940ba21f444dd75049347d80\",\"data\":{\"buildpackInfo\":{\"clear-env\":false,\"description\":\"A Cloud Native Buildpack that adds custom CA certificates to a build and a created image\",\"homepage\":\"https://github.com/paketo-buildpacks/ca-certificates\",\"id\":\"paketo-buildpacks/ca-certificates\",\"keywords\":[\"ca-certificates\",\"trust\",\"certificates\"],\"licenses\":[{\"type\":\"Apache-2.0\",\"uri\":\"https://github.com/paketo-buildpacks/ca-certificates/blob/main/LICENSE\"}],\"name\":\"Paketo Buildpack for CA Certificates\",\"sbom-formats\":[\"application/vnd.cyclonedx+json\",\"application/vnd.syft+json\"],\"version\":\"3.6.6\"},\"helperNames\":[\"ca-certificates-helper\"]},\"build\":false,\"launch\":true,\"cache\":false}}},{\"key\":\"paketo-buildpacks/bellsoft-liberica\",\"version\":\"10.4.4\",\"layers\":{\"helper\":{\"sha\":\"sha256:bdd8880429afa69df4856d2c5512706e0bfcde7a4b4fa729a15f0e6214c3441f\",\"data\":{\"buildpackInfo\":{\"clear-env\":false,\"description\":\"A Cloud Native Buildpack that provides the Bellsoft Liberica implementations of JREs and JDKs\",\"homepage\":\"https://github.com/paketo-buildpacks/bellsoft-liberica\",\"id\":\"paketo-buildpacks/bellsoft-liberica\",\"keywords\":[\"java\",\"jvm\",\"jre\",\"jdk\"],\"licenses\":[{\"type\":\"Apache-2.0\",\"uri\":\"https://github.com/paketo-buildpacks/bellsoft-liberica/blob/main/LICENSE\"}],\"name\":\"Paketo Buildpack for BellSoft Liberica\",\"sbom-formats\":[\"application/vnd.syft+json\",\"application/vnd.cyclonedx+json\"],\"version\":\"10.4.4\"},\"helperNames\":[\"active-processor-count\",\"java-opts\",\"jvm-heap\",\"link-local-dns"
21:06:55.888 [Test worker] DEBUG com.github.dockerjava.zerodep.shaded.org.apache.hc.client5.http.wire - http-outgoing-0 << "\",\"memory-calculator\",\"security-providers-configurer\",\"jmx\",\"jfr\",\"openssl-certificate-loader\",\"security-providers-classpath-9\",\"debug-9\",\"nmt\"]},\"build\":false,\"launch\":true,\"cache\":false},\"java-security-properties\":{\"sha\":\"sha256:bea0a3dc2651cac7c9c567a5cb4e7536107b357cb9113e8806f690f050500012\",\"data\":{\"clear-env\":false,\"description\":\"A Cloud Native Buildpack that provides the Bellsoft Liberica implementations of JREs and JDKs\",\"homepage\":\"https://github.com/paketo-buildpacks/bellsoft-liberica\",\"id\":\"paketo-buildpacks/bellsoft-liberica\",\"keywords\":[\"java\",\"jvm\",\"jre\",\"jdk\"],\"licenses\":[{\"type\":\"Apache-2.0\",\"uri\":\"https://github.com/paketo-buildpacks/bellsoft-liberica/blob/main/LICENSE\"}],\"name\":\"Paketo Buildpack for BellSoft Liberica\",\"sbom-formats\":[\"application/vnd.syft+json\",\"application/vnd.cyclonedx+json\"],\"version\":\"10.4.4\"},\"build\":false,\"launch\":true,\"cache\":false},\"jre\":{\"sha\":\"sha256:7583a901ea5012e6933a3214b2f46e77b2998ba63057132752e7518b29d80288\",\"data\":{\"cert-file\":\"82f3a63130e0b47915659d619f177c8157c2bbb29dbf0f58ad2721ff84fb1190\",\"dependency\":{\"cpes\":[\"cpe:2.3:a:oracle:jre:17.0.9:*:*:*:*:*:*:*\"],\"deprecation_date\":\"0001-01-01T00:00:00Z\",\"id\":\"jre\",\"licenses\":[{\"type\":\"GPL-2.0 WITH Classpath-exception-2.0\",\"uri\":\"https://openjdk.java.net/legal/gplv2+ce.html\"}],\"name\":\"BellSoft Liberica JRE\",\"purl\":\"pkg:generic/bellsoft-jre@17.0.9?arch=amd64\",\"sha256\":\"8129150fa39f1fdf6fdef6b05cf74ff570dae35bf540d2bdd9bf915532e12d55\",\"stacks\":[\"io.buildpacks.stacks.bionic\",\"io.paketo.stacks.tiny\",\"*\"],\"uri\":\"https://github.com/bell-sw/Liberica/releases/download/17.0.9+11/bellsoft-jre17.0.9+11-linux-amd64.tar.gz\",\"version\":\"17.0.9\"}},\"build\":false,\"launch\":true,\"cache\":false}}},{\"key\":\"paketo-buildpacks/syft\",\"version\":\"1.41.1\",\"layers\":{}},{\"key\":\"paketo-buildpacks/executable-jar\",\"version\":\"6.8.3\",\"layers\":{\"classpath\":{\"sha\":\"sha256:417e5bfc3c82b9373cf6804206e071d2fc74560df867d0f39cb21ac3d15231b6\",\"data\":{\"classpath\":[\"/workspace\"],\"launch\":true},\"build\":true,\"launch\":true,\"cache\":false}}},{\"key\":\"paketo-buildpacks/dist-zip\",\"version\":\"5.6.8\",\"layers\":{}},{\"key\":\"paketo-buildpacks/spring-boot\",\"version\":\"5.27.7\",\"layers\":{\"helper\":{\"sha\":\"sha256:b89d860ce02fd70690525c591e47965d16ac2112d77dec810b31eae40c0f83e5\",\"data\":{\"buildpackInfo\":{\"clear-env\":false,\"description\":\"A Cloud Native Buildpack that contributes Spring Boot dependency information and slices an application into multiple layers\",\"homepage\":\"https://github.com/paketo-buildpacks/spring-boot\",\"id\":\"paketo-buildpacks/spring-boot\",\"keywords\":[\"java\",\"spring\",\"spring-boot\"],\"licenses\":[{\"type\":\"Apache-2.0\",\"uri\":\"https://github.com/paketo-buildpacks/spring-boot/blob/main/LICENSE\"}],\"name\":\"Paketo Buildpack for Spring Boot\",\"sbom-formats\":[\"application/vnd.cyclonedx+json\",\"application/vnd.syft+json\"],\"version\":\"5.27.7\"},\"helperNames\":[\"spring-cloud-bindings\"]},\"build\":false,\"launch\":true,\"cache\":false},\"spring-cloud-bindings\":{\"sha\":\"sha256:585d8b141d7aa07eecde5a1bae075c7898ab5809a215d66f160d3dfd46eaf577\",\"data\":{\"cpes\":[\"cpe:2.3:a:vmware:spring_cloud_bindings:1.13.0:*:*:*:*:*:*:*\"],\"deprecation_date\":\"0001-01-01T00:00:00Z\",\"id\":\"spring-cloud-bindings\",\"licenses\":[{\"type\":\"Apache-2.0\",\"uri\":\"https://github.com/spring-cloud/spring-cloud-bindings/blob/main/LICENSE\"}],\"name\":\"Spring Cloud Bindings\",\"purl\":\"pkg:generic/springframework/spring-cloud-bindings@1.13.0\",\"sha256\":\"70a448cd45d1dbc117770f934961cd9577c0c4404d34986824f8f593cae4aada\",\"stacks\":[\"io.buildpacks.stacks.bionic\",\"io.paketo.stacks.tiny\",\"*\"],\"uri\":\"https://repo1.maven.org/maven2/org/springframework/cloud/spring-cloud-bindings/1.13.0/spring-cloud-bindings-1.13.0.jar\",\"version\":\"1.13.0\"},\"build\":false,\"launch\":true,\"cache\":false},\"web-application-type\":{\"sha\":\"sha256:366ce7d1a7f90f2e4ad08752f87510eee3ffca18736fa63c03823c8c4ebf2925\",\"data\":{\"files\":\"6047e8d1c175510b1dbac20156b03180b8f66ac0b31d432515eebeda1f7a47f2\"},\"build\":false,\"launch\":true,\"cache\":false}}}],\"config\":{\"sha\":\"sha256:b5942915a213f89787970eeef24a1493e92db27aa079fef5aff34a513f60d8a5\"},\"launcher\":{\"sha\":\"sha256:9b01e3d17226cb926d56787ba05c9ce5d6a3495d352e7d960be6e5657fb88f58\"},\"process-types\":{\"sha\":\"sha256:1dc94a70dbaa2171fb086500a5d27797f779219b126b0a1eebb9180c2792e80e\"},\"runImage\":{\"topLayer\":\"sha256:a102bf278b817d0ae92fc8401eac1e011a711426a6cad6a340de7b1dbee92277\",\"reference\":\"4b659a375ff6f363ddd021bb1b9f65348278cf200ee3eed821ae5d790ced5bcd\"},\"stack\":{\"runImage\":{\"image\":\"index.docker.io/paketobuildpacks/run-jammy-base:latest\"}}}","io.buildpacks.project.metadata":"{}","io.buildpacks.stack.description":"ubuntu:jammy with some common dependencies like tzdata and openssl","io.buildpacks.stack.distro.name":"ubuntu","io.buildpacks.stack.distro.version":"22.04","io.buildpacks.stack.homepage":"https://github.com/paketo-buildpacks/jammy-base-stack","io.buildpacks.stack.id":"io.buildpacks.stacks.jammy","io.buildpacks.stack.maintainer":"Paketo Buildpacks","io.buildpacks.stack.metadata":"{}","io.buildpacks.stack.released":"2023-12-08T02:41:34Z","org.opencontainers.image.ref.name":"ubuntu","org.opencontainers.image.version":"22.04","org.springframework.boot.version":"2.7.18"},"ParentId":"","RepoDigests":["<none>@<none>"],"RepoTags":["<none>:<none>"],"SharedSize":-1,"Size":348042870,"VirtualSize":348042870},{"Containers":-1,"Created":315532801,"Id":"sha256:cc599c9057c19646097ebe9230c1e624d00ec92a8d409239e79c0144347e2dd0","Labels":{"io.buildpacks.build.metadata":"{\"buildpacks\":[{\"id\":\"paketo-buildpacks/ca-certificates\",\"version\":\"3.6.6\",\"homepage\":\"https://github.com/paketo-buildpacks/ca-certificates\"},{\"id\":\"paketo-buildpacks/bellsoft-liberica\",\"version\":\"10.4.4\",\"homepage\":\"https://github.com/paketo-buildpacks/bellsoft-liberica\"},{\"id\":\"paketo-buildpacks/syft\",\"version\":\"1.41.1\",\"homepage\":\"https://github.com/paketo-buildpacks/syft\"},{\"id\":\"paketo-buildpacks/executable-jar\",\"version\":\"6.8.3\",\"homepage\":\"https://github.com/paketo-buildpacks/executable-jar\"},{\"id\":\"paketo-buildpacks/dist-zip\",\"version\":\"5.6.8\",\"homepage\":\"https://github.com/paketo-buildpacks/dist-zip\"},{\"id\":\"paketo-buildpacks/spring-boot\",\"version\":\"5.27.7\",\"homepage\":\"https://github.com/paketo-buildpacks/spring-boot\"}],\"launcher\":{\"version\":\"0.18.2\",\"source\":{\"git\":{\"repository\":\"github.com/buildpacks/lifecycle\",\"commit\":\"bcffe236\"}}},\"processes\":[{\"type\":\"executable-jar\",\"command\":\"java\",\"args\":[\"org.springframework.boot.loader.JarLauncher\"],\"direct\":true,\"buildpackID\":\"paketo-buildpacks/executable-jar\"},{\"type\":\"task\",\"command\":\"java\",\"args\":[\"org.springframework.boot.loader.JarLauncher\"],\"direct\":true,\"buildpackID\":\"paketo-buildpacks/executable-jar\"},{\"type\":\"web\",\"command\":\"java\",\"args\":[\"org.springframework.boot.loader.JarLauncher\"],\"direct\":true,\"buildpackID\":\"paketo-buildpacks/executable-jar\"}],\"buildpack-default-process-type\":\"web\"}","io.buildpacks.lifecycle.metadata":"{\"app\":[{\"sha\":\"sha256:133e60d395c7d463d01cf022d2ee38ec0e3f5ba66b8d82b783ff629d0a767797\"},{\"sha\":\"sha256:ab99df5db2b97d32fa490bf9196b11e367a7f722f7df9f914fbfe4914305e43e\"},{\"sha\":\"sha256:5f70bf18a086007016e948b04aed3b82103a36bea41755b6cddfaf10ace3c6ef\"},{\"sha\":\"sha256:24912145120fb44309bce099c4e1ffa180a214d59478e33fb570da1ee091b4ef\"},{\"sha\":\"sha256:5f70bf18a086007016e948b04aed3b82103a36bea41755b6cddfaf10ace3c6ef\"}],\"sbom\":{\"sha\":\"sha256:af9b3cbae9e5d0d522cf21a623b6aab3809def76272f44b03d7097108092d7cf\"},\"buildpacks\":[{\"key\":\"paketo-buildpacks/ca-certificates\",\"version\""
21:06:55.888 [Test worker] DEBUG com.github.dockerjava.zerodep.shaded.org.apache.hc.client5.http.wire - http-outgoing-0 << ":\"3.6.6\",\"layers\":{\"helper\":{\"sha\":\"sha256:2dd1167e013198a431fa11d85b0c00c2a0c9776b940ba21f444dd75049347d80\",\"data\":{\"buildpackInfo\":{\"clear-env\":false,\"description\":\"A Cloud Native Buildpack that adds custom CA certificates to a build and a created image\",\"homepage\":\"https://github.com/paketo-buildpacks/ca-certificates\",\"id\":\"paketo-buildpacks/ca-certificates\",\"keywords\":[\"ca-certificates\",\"trust\",\"certificates\"],\"licenses\":[{\"type\":\"Apache-2.0\",\"uri\":\"https://github.com/paketo-buildpacks/ca-certificates/blob/main/LICENSE\"}],\"name\":\"Paketo Buildpack for CA Certificates\",\"sbom-formats\":[\"application/vnd.cyclonedx+json\",\"application/vnd.syft+json\"],\"version\":\"3.6.6\"},\"helperNames\":[\"ca-certificates-helper\"]},\"build\":false,\"launch\":true,\"cache\":false}}},{\"key\":\"paketo-buildpacks/bellsoft-liberica\",\"version\":\"10.4.4\",\"layers\":{\"helper\":{\"sha\":\"sha256:bdd8880429afa69df4856d2c5512706e0bfcde7a4b4fa729a15f0e6214c3441f\",\"data\":{\"buildpackInfo\":{\"clear-env\":false,\"description\":\"A Cloud Native Buildpack that provides the Bellsoft Liberica implementations of JREs and JDKs\",\"homepage\":\"https://github.com/paketo-buildpacks/bellsoft-liberica\",\"id\":\"paketo-buildpacks/bellsoft-liberica\",\"keywords\":[\"java\",\"jvm\",\"jre\",\"jdk\"],\"licenses\":[{\"type\":\"Apache-2.0\",\"uri\":\"https://github.com/paketo-buildpacks/bellsoft-liberica/blob/main/LICENSE\"}],\"name\":\"Paketo Buildpack for BellSoft Liberica\",\"sbom-formats\":[\"application/vnd.syft+json\",\"application/vnd.cyclonedx+json\"],\"version\":\"10.4.4\"},\"helperNames\":[\"active-processor-count\",\"java-opts\",\"jvm-heap\",\"link-local-dns\",\"memory-calculator\",\"security"
21:06:55.888 [Test worker] DEBUG com.github.dockerjava.zerodep.shaded.org.apache.hc.client5.http.wire - http-outgoing-0 << "[\r][\n]"
21:06:55.888 [Test worker] DEBUG com.github.dockerjava.zerodep.shaded.org.apache.hc.client5.http.wire - http-outgoing-0 << "8000[\r][\n]"
21:06:55.888 [Test worker] DEBUG com.github.dockerjava.zerodep.shaded.org.apache.hc.client5.http.wire - http-outgoing-0 << "-providers-configurer\",\"jmx\",\"jfr\",\"openssl-certificate-loader\",\"security-providers-classpath-9\",\"debug-9\",\"nmt\"]},\"build\":false,\"launch\":true,\"cache\":false},\"java-security-properties\":{\"sha\":\"sha256:bea0a3dc2651cac7c9c567a5cb4e7536107b357cb9113e8806f690f050500012\",\"data\":{\"clear-env\":false,\"description\":\"A Cloud Native Buildpack that provides the Bellsoft Liberica implementations of JREs and JDKs\",\"homepage\":\"https://github.com/paketo-buildpacks/bellsoft-liberica\",\"id\":\"paketo-buildpacks/bellsoft-liberica\",\"keywords\":[\"java\",\"jvm\",\"jre\",\"jdk\"],\"licenses\":[{\"type\":\"Apache-2.0\",\"uri\":\"https://github.com/paketo-buildpacks/bellsoft-liberica/blob/main/LICENSE\"}],\"name\":\"Paketo Buildpack for BellSoft Liberica\",\"sbom-formats\":[\"application/vnd.syft+json\",\"application/vnd.cyclonedx+json\"],\"version\":\"10.4.4\"},\"build\":false,\"launch\":true,\"cache\":false},\"jre\":{\"sha\":\"sha256:7583a901ea5012e6933a3214b2f46e77b2998ba63057132752e7518b29d80288\",\"data\":{\"cert-file\":\"82f3a63130e0b47915659d619f177c8157c2bbb29dbf0f58ad2721ff84fb1190\",\"dependency\":{\"cpes\":[\"cpe:2.3:a:oracle:jre:17.0.9:*:*:*:*:*:*:*\"],\"deprecation_date\":\"0001-01-01T00:00:00Z\",\"id\":\"jre\",\"licenses\":[{\"type\":\"GPL-2.0 WITH Classpath-exception-2.0\",\"uri\":\"https://openjdk.java.net/legal/gplv2+ce.html\"}],\"name\":\"BellSoft Liberica JRE\",\"purl\":\"pkg:generic/bellsoft-jre@17.0.9?arch=amd64\",\"sha256\":\"8129150fa39f1fdf6fdef6b05cf74ff570dae35bf540d2bdd9bf915532e12d55\",\"stacks\":[\"io.buildpacks.stacks.bionic\",\"io.paketo.stacks.tiny\",\"*\"],\"uri\":\"https://github.com/bell-sw/Liberica/releases/download/17.0.9+11/bellsoft-jre17.0.9+11-linux-amd64.tar.gz\",\"version\":\"17.0.9\"}},\"build\":false,\"launch\":true,\"cache\":false}}},{\"key\":\"paketo-buildpacks/syft\",\"version\":\"1.41.1\",\"layers\":{}},{\"key\":\"paketo-buildpacks/executable-jar\",\"version\":\"6.8.3\",\"layers\":{\"classpath\":{\"sha\":\"sha256:417e5bfc3c82b9373cf6804206e071d2fc74560df867d0f39cb21ac3d15231b6\",\"data\":{\"classpath\":[\"/workspace\"],\"launch\":true},\"build\":true,\"launch\":true,\"cache\":false}}},{\"key\":\"paketo-buildpacks/dist-zip\",\"version\":\"5.6.8\",\"layers\":{}},{\"key\":\"paketo-buildpacks/spring-boot\",\"version\":\"5.27.7\",\"layers\":{\"helper\":{\"sha\":\"sha256:b89d860ce02fd70690525c591e47965d16ac2112d77dec810b31eae40c0f83e5\",\"data\":{\"buildpackInfo\":{\"clear-env\":false,\"description\":\"A Cloud Native Buildpack that contributes Spring Boot dependency information and slices an application into multiple layers\",\"homepage\":\"https://github.com/paketo-buildpacks/spring-boot\",\"id\":\"paketo-buildpacks/spring-boot\",\"keywords\":[\"java\",\"spring\",\"spring-boot\"],\"licenses\":[{\"type\":\"Apache-2.0\",\"uri\":\"https://github.com/paketo-buildpacks/spring-boot/blob/main/LICENSE\"}],\"name\":\"Paketo Buildpack for Spring Boot\",\"sbom-formats\":[\"application/vnd.cyclonedx+json\",\"application/vnd.syft+json\"],\"version\":\"5.27.7\"},\"helperNames\":[\"spring-cloud-bindings\"]},\"build\":false,\"launch\":true,\"cache\":false},\"spring-cloud-bindings\":{\"sha\":\"sha256:585d8b141d7aa07eecde5a1bae075c7898ab5809a215d66f160d3dfd46eaf577\",\"data\":{\"cpes\":[\"cpe:2.3:a:vmware:spring_cloud_bindings:1.13.0:*:*:*:*:*:*:*\"],\"deprecation_date\":\"0001-01-01T00:00:00Z\",\"id\":\"spring-cloud-bindings\",\"licenses\":[{\"type\":\"Apache-2.0\",\"uri\":\"https://github.com/spring-cloud/spring-cloud-bindings/blob/main/LICENSE\"}],\"name\":\"Spring Cloud Bindings\",\"purl\":\"pkg:generic/springframework/spring-cloud-bindings@1.13.0\",\"sha256\":\"70a448cd45d1dbc117770f934961cd9577c0c4404d34986824f8f593cae4aada\",\"stacks\":[\"io.buildpacks.stacks.bionic\",\"io.paketo.stacks.tiny\",\"*\"],\"uri\":\"https://repo1.maven.org/maven2/org/springframework/cloud/spring-cloud-bindings/1.13.0/spring-cloud-bindings-1.13.0.jar\",\"version\":\"1.13.0\"},\"build\":false,\"launch\":true,\"cache\":false},\"web-application-type\":{\"sha\":\"sha256:366ce7d1a7f90f2e4ad08752f87510eee3ffca18736fa63c03823c8c4ebf2925\",\"data\":{\"files\":\"0592461c0932fc7113e262ee97a541d0e6aec1f33afde55a923d3a6c6f668d6b\"},\"build\":false,\"launch\":true,\"cache\":false}}}],\"config\":{\"sha\":\"sha256:b5942915a213f89787970eeef24a1493e92db27aa079fef5aff34a513f60d8a5\"},\"launcher\":{\"sha\":\"sha256:9b01e3d17226cb926d56787ba05c9ce5d6a3495d352e7d960be6e5657fb88f58\"},\"process-types\":{\"sha\":\"sha256:1dc94a70dbaa2171fb086500a5d27797f779219b126b0a1eebb9180c2792e80e\"},\"runImage\":{\"topLayer\":\"sha256:a102bf278b817d0ae92fc8401eac1e011a711426a6cad6a340de7b1dbee92277\",\"reference\":\"4b659a375ff6f363ddd021bb1b9f65348278cf200ee3eed821ae5d790ced5bcd\"},\"stack\":{\"runImage\":{\"image\":\"index.docker.io/paketobuildpacks/run-jammy-base:latest\"}}}","io.buildpacks.project.metadata":"{}","io.buildpacks.stack.description":"ubuntu:jammy with some common dependencies like tzdata and openssl","io.buildpacks.stack.distro.name":"ubuntu","io.buildpacks.stack.distro.version":"22.04","io.buildpacks.stack.homepage":"https://github.com/paketo-buildpacks/jammy-base-stack","io.buildpacks.stack.id":"io.buildpacks.stacks.jammy","io.buildpacks.stack.maintainer":"Paketo Buildpacks","io.buildpacks.stack.metadata":"{}","io.buildpacks.stack.released":"2023-12-08T02:41:34Z","org.opencontainers.image.ref.name":"ubuntu","org.opencontainers.image.version":"22.04","org.springframework.boot.version":"2.7.18"},"ParentId":"","RepoDigests":["<none>@<none>"],"RepoTags":["<none>:<none>"],"SharedSize":-1,"Size":348042418,"VirtualSize":348042418},{"Containers":-1,"Created":315532801,"Id":"sha256:1f2fd59b8d6aa15e82db5cd907784f1ea8799b8707dff94147693fb1a87597b3","Labels":{"io.buildpacks.builder.metadata":"{\"description\":\"Ubuntu 22.04 Jammy Jellyfish base image with buildpacks for Java, Go, .NET Core, Node.js, Python, Apache HTTPD, NGINX and Procfile\",\"buildpacks\":[{\"id\":\"paketo-buildpacks/dotnet-core\",\"name\":\"Paketo Buildpack for .NET Core\",\"version\":\"0.42.2\",\"homepage\":\"https://github.com/paketo-buildpacks/dotnet-core\"},{\"id\":\"paketo-buildpacks/ca-certificates\",\"name\":\"Paketo Buildpack for CA Certificates\",\"version\":\"3.6.6\",\"homepage\":\"https://github.com/paketo-buildpacks/ca-certificates\"},{\"id\":\"paketo-buildpacks/dotnet-core-aspnet-runtime\",\"name\":\"Paketo Buildpack for ASP.NET Core Runt"
21:06:55.888 [Test worker] DEBUG com.github.dockerjava.zerodep.shaded.org.apache.hc.client5.http.wire - http-outgoing-0 << "ime\",\"version\":\"0.4.2\",\"homepage\":\"https://github.com/paketo-buildpacks/dotnet-core-aspnet-runtime\"},{\"id\":\"paketo-buildpacks/dotnet-core-sdk\",\"name\":\"Paketo Buildpack for .NET Core SDK\",\"version\":\"0.14.2\",\"homepage\":\"https://github.com/paketo-buildpacks/dotnet-core-sdk\"},{\"id\":\"paketo-buildpacks/dotnet-execute\",\"name\":\"Paketo Buildpack for .NET Execute\",\"version\":\"0.14.25\",\"homepage\":\"https://github.com/paketo-buildpacks/dotnet-execute\"},{\"id\":\"paketo-buildpacks/dotnet-publish\",\"name\":\"Paketo Buildpack for .NET Publish\",\"version\":\"0.12.24\",\"homepage\":\"https://github.com/paketo-buildpacks/dotnet-publish\"},{\"id\":\"paketo-buildpacks/environment-variables\",\"name\":\"Paketo Buildpack for Environment Variables\",\"version\":\"4.5.6\",\"homepage\":\"https://github.com/paketo-buildpacks/environment-variables\"},{\"id\":\"paketo-buildpacks/icu\",\"name\":\"Paketo Buildpack for ICU\",\"version\":\"0.7.2\",\"homepage\":\"https://github.com/paketo-buildpacks/icu\"},{\"id\":\"paketo-buildpacks/image-labels\",\"name\":\"Paketo Buildpack for Image Labels\",\"version\":\"4.5.5\",\"homepage\":\"https://github.com/paketo-buildpacks/image-labels\"},{\"id\":\"paketo-buildpacks/node-engine\",\"name\":\"Paketo Buildpack for Node Engine\",\"version\":\"3.0.1\",\"homepage\":\"https://github.com/paketo-buildpacks/node-engine\"},{\"id\":\"paketo-buildpacks/procfile\",\"name\":\"Paketo Buildpack for Procfile\",\"version\":\"5.6.7\",\"homepage\":\"https://github.com/paketo-buildpacks/procfile\"},{\"id\":\"paketo-buildpacks/vsdbg\",\"name\":\"Paketo Buildpack for Visual Studio Debugger\",\"version\":\"0.3.6\"},{\"id\":\"paketo-buildpacks/watchexec\",\"name\":\"Paketo Buildpack for Watchexec\",\"version\":\"2.8.6\",\"homepage\":\"https://github.com/paketo-buildpacks/watchexec\"},{\"id\":\"paketo-buildpacks/go\",\"name\":\"Paketo Buildpack for Go\",\"version\":\"4.6.2\",\"homepage\":\"https://github.com/paketo-buildpacks/go\"},{\"id\":\"paketo-buildpacks/ca-certificates\",\"name\":\"Paketo Buildpack for CA Certificates\",\"version\":\"3.6.6\",\"homepage\":\"https://github.com/paketo-buildpacks/ca-certificates\"},{\"id\":\"paketo-buildpacks/environment-variables\",\"name\":\"Paketo Buildpack for Environment Variables\",\"version\":\"4.5.6\",\"homepage\":\"https://github.com/paketo-buildpacks/environment-variables\"},{\"id\":\"paketo-buildpacks/git\",\"name\":\"Paketo Buildpack for Git\",\"version\":\"1.0.7\",\"homepage\":\"https://github.com/paketo-buildpacks/git\"},{\"id\":\"paketo-buildpacks/go-build\",\"name\":\"Paketo Buildpack for Go Build\",\"version\":\"2.1.2\",\"homepage\":\"https://github.com/paketo-buildpacks/go-build\"},{\"id\":\"paketo-buildpacks/go-dist\",\"name\":\"Paketo Buildpack for Go Distribution\",\"version\":\"2.4.4\",\"homepage\":\"https://github.com/paketo-buildpacks/go-dist\"},{\"id\":\"paketo-buildpacks/go-mod-vendor\",\"name\":\"Paketo Buildpack for Go Mod Vendor\",\"version\":\"1.0.27\",\"homepage\":\"https://github.com/paketo-buildpacks/go-mod-vendor\"},{\"id\":\"paketo-buildpacks/image-labels\",\"name\":\"Paketo Buildpack for Image Labels\",\"version\":\"4.5.5\",\"homepage\":\"https://github.com/paketo-buildpacks/image-labels\"},{\"id\":\"paketo-buildpacks/procfile\",\"name\":\"Paketo Buildpack for Procfile\",\"version\":\"5.6.7\",\"homepage\":\"https://github.com/paketo-buildpacks/procfile\"},{\"id\":\"paketo-buildpacks/watchexec\",\"name\":\"Paketo Buildpack for Watchexec\",\"version\":\"2.8.6\",\"homepage\":\"https://github.com/paketo-buildpacks/watchexec\"},{\"id\":\"paketo-buildpacks/java-native-image\",\"name\":\"Paketo Buildpack for Java Native Image\",\"version\":\"8.24.0\",\"homepage\":\"https://paketo.io/docs/howto/java/#build-an-app-as-a-graalvm-native-image-application\"},{\"id\":\"paketo-buildpacks/bellsoft-liberica\",\"name\":\"Paketo Buildpack for BellSoft Liberica\",\"version\":\"10.4.4\",\"homepage\":\"https://github.com/paketo-buildpacks/bellsoft-liberica\"},{\"id\":\"paketo-buildpacks/ca-certificates\",\"name\":\"Paketo Buildpack for CA Certificates\",\"version\":\"3.6.6\",\"homepage\":\"https://github.com/paketo-buildpacks/ca-certificates\"},{\"id\":\"paketo-buildpacks/datadog\",\"name\":\"Paketo Buildpack for Datadog\",\"version\":\"4.6.0\",\"homepage\":\"https://github.com/paketo-buildpacks/datadog\"},{\"id\":\"paketo-buildpacks/environment-variables\",\"name\":\"Paketo Buildpack for Environment Variables\",\"version\":\"4.5.6\",\"homepage\":\"https://github.com/paketo-buildpacks/environment-variables\"},{\"id\":\"paketo-buildpacks/executable-jar\",\"name\":\"Paketo Buildpack for Executable JAR\",\"version\":\"6.8.3\",\"homepage\":\"https://github.com/paketo-buildpacks/executable-jar\"},{\"id\":\"paketo-buildpacks/gradle\",\"name\":\"Paketo Buildpack for Gradle\",\"version\":\"7.7.1\",\"homepage\":\"https://github.com/paketo-buildpacks/gradle\"},{\"id\":\"paketo-buildpacks/image-labels\",\"name\":\"Paketo Buildpack for Image Labels\",\"version\":\"4.5.5\",\"homepage\":\"https://github.com/paketo-buildpacks/image-labels\"},{\"id\":\"paketo-buildpacks/leiningen\",\"name\":\"Paketo Buildpack for Leiningen\",\"version\":\"4.6.9\",\"homepage\":\"https://github.com/paketo-buildpacks/leiningen\"},{\"id\":\"paketo-buildpacks/maven\",\"name\":\"Paketo Buildpack for Maven\",\"version\":\"6.15.12\",\"homepage\":\"https://github.com/paketo-buildpacks/maven\"},{\"id\":\"paketo-buildpacks/native-image\",\"name\":\"Paketo Buildpack for Native Image\",\"version\":\"5.12.7\",\"homepage\":\"https://github.com/paketo-buildpacks/native-image\"},{\"id\":\"paketo-buildpacks/procfile\",\"name\":\"Paketo Buildpack for Procfile\",\"version\":\"5.6.7\",\"homepage\":\"https://github.com/paketo-buildpacks/procfile\"},{\"id\":\"paketo-buildpacks/sbt\",\"name\":\"Paketo Buildpack for SBT\",\"version\":\"6.12.10\",\"homepage\":\"https://github.com/paketo-buildpacks/sbt\"},{\"id\":\"paketo-buildpacks/spring-boot\",\"name\":\"Paketo Buildpack for Spring Boot\",\"version\":\"5.27.7\",\"homepage\":\"https://github.com/paketo-buildpacks/spring-boot\"},{\"id\":\"paketo-buildpacks/syft\",\"name\":\"Paketo Buildpack for Syft\",\"version\":\"1.41.1\",\"homepage\":\"https://github.com/paketo-buildpacks/syft\"},{\"id\":\"paketo-buildpacks/upx\",\"name\":\"Paketo Buildpack for UPX\",\"version\":\"3.4.6\",\"homepage\":\"https://github.com/paketo-buildpacks/upx\"},{\"id\":\"paketo-buildpacks/java\",\"name\":\"Paketo Buildpack for Java\",\"version\":\"10.5.0\",\"homepage\":\"https://paketo.io/docs/howto/java\"},{\"id\":\"paketo-buildpacks/apache-tomcat\",\"name\":\"Paketo Buildpack for Apache Tomcat\",\"version\":\"7.14.1\",\"homepage\":\"https://github.com/paketo-buildpacks/apache-tomcat\"},{\"id\":\"paketo-buildpacks/apache-tomee\",\"name\":\"Paketo Buildpack for Apache Tomee\",\"version\":\"1.7.9\",\"homepage\":\"https://github.com/paketo-buildpacks/apache-tomee\"},{\"id\":\"paketo-buildpacks/azure-application-insights\",\"name\":\"Paketo Buildpack for Azure Application Insights\",\"version\":\"5.17.2\",\"homepage\":\"https://github.com/paketo-buildpacks/azure-application-insights\"},{\"id\":\"paketo-buildpacks/bellsoft-liberica\",\"name\":\"Paketo Buildpack for BellSoft Liberica\",\"version\":\"10.4.4\",\"homepage\":\"https://github.com/paketo-buildpacks/bellsoft-liberica\"},{\"id\":\"paketo-buildpacks/ca-certificates\",\"name\":\"Paketo Buildpack for CA Certificates\",\"version\":\"3.6.6\",\"homepage\":\"https://github.com/paketo-buildpacks/ca-certificates\"},{\"id\":\"paketo-buildpacks/clojure-tools\",\"name\":\"Paketo Buildpack for Clojure Tools\",\"version\":\"2.8.13\",\"homepage\":\"https://github.com/paketo-buildpacks/clojure-tools\"},{\"id\":\"paketo-buildpacks/datadog\",\"name\":\"Paketo Buildpack for Datadog\",\"version\":\"4.6.0\",\"homepage\":\"https://github.com/paketo-buildpacks/datadog\"},{\"id\":\"paketo-buildpacks/dist-zip\",\"name\":\"Paketo Buildpack for DistZip\",\"version\":\"5.6.8\",\"home"
21:06:55.889 [Test worker] DEBUG com.github.dockerjava.zerodep.shaded.org.apache.hc.client5.http.wire - http-outgoing-0 << "page\":\"https://github.com/paketo-buildpacks/dist-zip\"},{\"id\":\"paketo-buildpacks/encrypt-at-rest\",\"name\":\"Paketo Buildpack for Encrypt-at-Rest\",\"version\":\"4.5.12\",\"homepage\":\"https://github.com/paketo-buildpacks/encrypt-at-rest\"},{\"id\":\"paketo-buildpacks/environment-variables\",\"name\":\"Paketo Buildpack for Environment Variables\",\"version\":\"4.5.6\",\"homepage\":\"https://github.com/paketo-buildpacks/environment-variables\"},{\"id\":\"paketo-buildpacks/executable-jar\",\"name\":\"Paketo Buildpack for Executable JAR\",\"version\":\"6.8.3\",\"homepage\":\"https://github.com/paketo-buildpacks/executable-jar\"},{\"id\":\"paketo-buildpacks/google-stackdriver\",\"name\":\"Paketo Buildpack for Google Stackdriver\",\"version\":\"8.0.4\",\"homepage\":\"https://github.com/paketo-buildpacks/google-stackdriver\"},{\"id\":\"paketo-buildpacks/gradle\",\"name\":\"Paketo Buildpack for Gradle\",\"version\":\"7.7.1\",\"homepage\":\"https://github.com/paketo-buildpacks/gradle\"},{\"id\":\"paketo-buildpacks/image-labels\",\"name\":\"Paketo Buildpack for Image Labels\",\"version\":\"4.5.5\",\"homepage\":\"https://github.com/paketo-buildpacks/image-labels\"},{\"id\":\"paketo-buildpacks/jattach\",\"name\":\"Paketo Buildpack for JAttach\",\"version\":\"1.4.9\",\"homepage\":\"https://github.com/paketo-buildpacks/jattach\"},{\"id\":\"paketo-buildpacks/java-memory-assistant\",\"name\":\"Paketo Buildpack for Java Memory Assistant\",\"version\":\"1.4.9\",\"homepage\":\"https://github.com/paketo-buildpacks/java-memory-assistant\"},{\"id\":\"paketo-buildpacks/leiningen\",\"name\":\"Paketo Buildpack for Leiningen\",\"version\":\"4.6.9\",\"homepage\":\"https://github.com/paketo-buildpacks/leiningen\"},{\"id\":\"paketo-buildpacks/liberty\",\"name\":\"Paketo Buildpack for Liberty\",\"version\":\"3.8.11\",\"homepage\":\"https://github.com/paketo-buildpacks/liberty\"},{\"id\":\"paketo-buildpacks/maven\",\"name\":\"Paketo Buildpack for Maven\",\"version\":\"6.15.12\",\"homepage\":\"https://github.com/paketo-buildpacks/maven\"},{\"id\":\"paketo-buildpacks/node-engine\",\"name\":\"Paketo Buildpack for Node Engine\",\"version\":\"3.0.1\",\"homepage\":\"https://github.com/paketo-buildpacks/node-engine\"},{\"id\":\"paketo-buildpacks/procfile\",\"name\":\"Paketo Buildpack for Procfile\",\"version\":\"5.6.7\",\"homepage\":\"https://github.com/paketo-buildpacks/procfile\"},{\"id\":\"paketo-buildpacks/sbt\",\"name\":\"Paketo Buildpack for SBT\",\"version\":\"6.12.10\",\"homepage\":\"https://github.com/paketo-buildpacks/sbt\"},{\"id\":\"paketo-buildpacks/spring-boot\",\"name\":\"Paketo Buildpack for Spring Boot\",\"version\":\"5.27.7\",\"homepage\":\"https://github.com/paketo-buildpacks/spring-boot\"},{\"id\":\"paketo-buildpacks/syft\",\"name\":\"Paketo Buildpack for Syft\",\"version\":\"1.41.1\",\"homepage\":\"https://github.com/paketo-buildpacks/syft\"},{\"id\":\"paketo-buildpacks/watchexec\",\"name\":\"Paketo Buildpack for Watchexec\",\"version\":\"2.8.6\",\"homepage\":\"https://github.com/paketo-buildpacks/watchexec\"},{\"id\":\"paketo-buildpacks/yarn\",\"name\":\"Paketo Buildpack for Yarn\",\"version\":\"1.2.0\",\"homepage\":\"https://github.com/paketo-buildpacks/yarn\"},{\"id\":\"paketo-buildpacks/nodejs\",\"name\":\"Paketo Buildpack for Node.js\",\"version\":\"2.0.0\",\"homepage\":\"https://github.com/paketo-buildpacks/nodejs\"},{\"id\":\"paketo-buildpacks/ca-certificates\",\"name\":\"Paketo Buildpack for CA Certificates\",\"version\":\"3.6.6\",\"homepage\":\"https://github.com/paketo-buildpacks/ca-certificates\"},{\"id\":\"paketo-buildpacks/datadog\",\"name\":\"Paketo Buildpack for Datadog\",\"version\":\"3.6.0\",\"homepage\":\"https://github.com/paketo-buildpacks/datadog\"},{\"id\":\"paketo-buildpacks/environment-variables\",\"name\":\"Paketo Buildpack for Environment Variables\",\"version\":\"4.5.6\",\"homepage\":\"https://github.com/paketo-buildpacks/environment-variables\"},{\"id\":\"paketo-buildpacks/image-labels\",\"name\":\"Paketo Buildpack for Image Labels\",\"version\":\"4.5.5\",\"homepage\":\"https://github.com/paketo-buildpacks/image-labels\"},{\"id\":\"paketo-buildpacks/node-engine\",\"name\":\"Paketo Buildpack for Node Engine\",\"version\":\"3.0.1\",\"homepage\":\"https://github.com/paketo-buildpacks/node-engine\"},{\"id\":\"paketo-buildpacks/node-run-script\",\"name\":\"Paketo Buildpack for Node Run Script\",\"version\":\"1.0.14\",\"homepage\":\"https://github.com/paketo-buildpacks/node-run-script\"},{\"id\":\"paketo-buildpacks/node-start\",\"name\":\"Paketo Buildpack for Node Start\",\"version\":\"1.1.3\",\"homepage\":\"https://github.com/paketo-buildpacks/node-start\"},{\"id\":\"paketo-buildpacks/npm-install\",\"name\":\"Paketo Buildpack for NPM Install\",\"version\":\"1.3.1\",\"homepage\":\"https://github.com/paketo-buildpacks/npm-install\"},{\"id\":\"paketo-buildpacks/npm-start\",\"name\":\"Paketo Buildpack for NPM Start\",\"version\":\"1.0.15\",\"homepage\":\"https://github.com/paketo-buildpacks/npm-start\"},{\"id\":\"paketo-buildpacks/procfile\",\"name\":\"Paketo Buildpack for Procfile\",\"version\":\"5.6.7\",\"homepage\":\"https://github.com/paketo-buildpacks/procfile\"},{\"id\":\"paketo-buildpacks/watchexec\",\"name\":\"Paketo Buildpack for Watchexec\",\"version\":\"2.8.6\",\"homepage\":\"https://github.com/paketo-buildpacks/watchexec\"},{\"id\":\"paketo-buildpacks/yarn\",\"name\":\"Paketo Buildpack for Yarn\",\"version\":\"1.2.0\",\"homepage\":\"https://github.com/paketo-buildpacks/yarn\"},{\"id\":\"paketo-buildpacks/yarn-install\",\"name\":\"Paketo Buildpack for Yarn Install\",\"version\":\"1.2.2\",\"homepage\":\"https://github.com/paketo-buildpacks/yarn-install\"},{\"id\":\"paketo-buildpacks/yarn-start\",\"name\":\"Paketo Buildpack for Yarn Start\",\"version\":\"1.1.3\",\"homepage\":\"https://github.com/paketo-buildpacks/yarn-start\"},{\"id\":\"paketo-buildpacks/procfile\",\"name\":\"Paketo Buildpack for Procfile\",\"version\":\"5.6.7\",\"homepage\":\"https://github.com/paketo-buildpacks/procfile\"},{\"id\":\"paketo-buildpacks/python\",\"name\":\"Paketo Buildpack for Python\",\"version\":\"2.14.0\"},{\"id\":\"paketo-buildpacks/ca-certificates\",\"name\":\"Paketo Buildpack for CA Certificates\",\"version\":\"3.6.3\",\"homepage\":\"https://github.com/paketo-buildpacks/ca-certificates\"},{\"id\":\"paketo-buildpacks/conda-env-update\",\"name\":\"Paketo Buildpack for Conda Env Update\",\"version\":\"0.7.12\",\"homepage\":\"https://github.com/paketo-buildpacks/conda-env-update\"},{\"id\":\"paketo-buildpacks/cpython\",\"name\":\"Paketo Buildpack for CPython\",\"version\":\"1.9.0\"},{\"id\":\"paketo-buildpacks/environment-variables\",\"name\":\"Paketo Buildpack for Environment Variables\",\"version\":\"4.5.3\",\"homepage\":\"https://github.com/paketo-buildpacks/environment-variables\"},{\"id\":\"paketo-buildpacks/image-labels\",\"name\":\"Paketo Buildpack for Image Labels\",\"version\":\"4.5.2\",\"homepage\":\"https://github.com/paketo-buildpacks/image-labels\"},{\"id\":\"paketo-buildpacks/miniconda\",\"name\":\"Paketo Buildpack for Miniconda\",\"version\":\"0.8.5\"},{\"id\":\"paketo-buildpacks/pip\",\"name\":\"Paketo Buildpack for Pip\",\"version\":\"0.18.0\"},{\"id\":\"paketo-buildpacks/pip-install\",\"name\":\"Paketo Buildpack for Pip Install\",\"version\":\"0.6.0\"},{\"id\":\"paketo-buildpacks/pipenv\",\"name\":\"Paketo Buildpack for Pipenv\",\"version\":\"1.19.0\"},{\"id\":\"paketo-buildpacks/pipenv-install\",\"name\":\"Paketo Buildpack for Pipenv Install\",\"version\":\"0.6.18\"},{\"id\":\"paketo-buildpacks/poetry\",\"name\":\"Paketo Buildpack for Poetry\",\"version\":\"0.6.5\"},{\"id\":\"paketo-buildpacks/poetry-install\",\"name\":\"Paketo Buildpack for Poetry Install\",\"version\":\"0.3.17\"},{\"id\":\"paketo-buildpacks/poetry-run\",\"name\":\"Paketo Buildpack for Poetry Run\",\"version\":\"0.4.21\"},{\"id\":\"paketo-buildpacks/procfile\",\"name\":\"Paketo Buildpack for Procfile\",\"version\":\"5.6.4\",\"homepage\":\"https://github.com/p"
21:06:55.890 [Test worker] DEBUG com.github.dockerjava.zerodep.shaded.org.apache.hc.client5.http.wire - http-outgoing-0 << "aketo-buildpacks/procfile\"},{\"id\":\"paketo-buildpacks/python-start\",\"name\":\"Paketo Buildpack for Python Start\",\"version\":\"0.14.14\",\"homepage\":\"https://github.com/paketo-buildpacks/python-start\"},{\"id\":\"paketo-buildpacks/watchexec\",\"name\":\"Paketo Buildpack for Watchexec\",\"version\":\"2.8.3\",\"homepage\":\"https://github.com/paketo-buildpacks/watchexec\"},{\"id\":\"paketo-buildpacks/ruby\",\"name\":\"Paketo Buildpack for Ruby\",\"version\":\"0.42.0\",\"homepage\":\"https://github.com/paketo-buildpacks/ruby\"},{\"id\":\"paketo-buildpacks/bundle-install\",\"name\":\"Paketo Buildpack for Bundle Install\",\"version\":\"0.8.0\",\"homepage\":\"https://github.com/paketo-buildpacks/bundle-install\"},{\"id\":\"paketo-buildpacks/bundler\",\"name\":\"Paketo Buildpack for Bundler\",\"version\":\"0.7.27\",\"homepage\":\"https://github.com/paketo-buildpacks/bundler\"},{\"id\":\"paketo-buildpacks/ca-certificates\",\"name\":\"Paketo Buildpack for CA Certificates\",\"version\":\"3.6.6\",\"homepage\":\"https://github.com/paketo-buildpacks/ca-certificates\"},{\"id\":\"paketo-buildpacks/environment-variables\",\"name\":\"Paketo Buildpack for Environment Variables\",\"version\":\"4.5.6\",\"homepage\":\"https://github.com/paketo-buildpacks/environment-variables\"},{\"id\":\"paketo-buildpacks/image-labels\",\"name\":\"Paketo Buildpack for Image Labels\",\"version\":\"4.5.5\",\"homepage\":\"https://github.com/paketo-buildpacks/image-labels\"},{\"id\":\"paketo-buildpacks/mri\",\"name\":\"Paketo Buildpack for MRI\",\"version\":\"0.14.9\",\"homepage\":\"https://github.com/paketo-buildpacks/mri\"},{\"id\":\"paketo-buildpacks/node-engine\",\"name\":\"Paketo Buildpack for Node Engine\",\"version\":\"3.0.1\",\"homepage\":\"https://github.com/paketo-buildpacks/node-engine\"},{\"id\":\"paketo-buildpacks/passenger\",\"name\":\"Paketo Buildpack for Passenger\",\"version\":\"0.13.2\",\"homepage\":\"https://github.com/paketo-buildpacks/passenger\"},{\"id\":\"paketo-buildpacks/procfile\",\"name\":\"Paketo Buildpack for Procfile\",\"version\":\"5.6.7\",\"homepage\":\"https://github.com/paketo-buildpacks/procfile\"},{\"id\":\"paketo-buildpacks/puma\",\"name\":\"Paketo Buildpack for Puma\",\"version\":\"0.4.36\",\"homepage\":\"https://github.com/paketo-buildpacks/puma\"},{\"id\":\"paketo-buildpacks/rackup\",\"name\":\"Paketo Buildpack for Rackup\",\"version\":\"0.4.35\",\"homepage\":\"https://github.com/paketo-buildpacks/rackup\"},{\"id\":\"paketo-buildpacks/rails-assets\",\"name\":\"Paketo Buildpack for Rails Assets\",\"version\":\"0.10.3\",\"homepage\":\"https://github.com/paketo-buildpacks/rails-assets\"},{\"id\":\"paketo-buildpacks/rake\",\"name\":\"Paketo Buildpack for Rake\",\"version\":\"0.4.35\",\"homepage\":\"https://github.com/paketo-buildpacks/rake\"},{\"id\":\"paketo-buildpacks/thin\",\"name\":\"Paketo Buildpack for Thin\",\"version\":\"0.5.35\",\"homepage\":\"https://github.com/paketo-buildpacks/thin\"},{\"id\":\"paketo-buildpacks/unicorn\",\"name\":\"Paketo Buildpack for Unicorn\",\"version\":\"0.4.35\",\"homepage\":\"https://github.com/paketo-buildpacks/unicorn\"},{\"id\":\"paketo-buildpacks/yarn\",\"name\":\"Paketo Buildpack for Yarn\",\"version\":\"1.2.0\",\"homepage\":\"https://github.com/paketo-buildpacks/yarn\"},{\"id\":\"paketo-buildpacks/yarn-install\",\"name\":\"Paketo Buildpack for Yarn Install\",\"version\":\"1.2.2\",\"homepage\":\"https://github.com/paketo-buildpacks/yarn-install\"},{\"id\":\"paketo-buildpacks/web-servers\",\"name\":\"Paketo Buildpack for Web Servers\",\"version\":\"0.19.1\",\"homepage\":\"https://github.com/paketo-buildpacks/web-servers\"},{\"id\":\"paketo-buildpacks/ca-certificates\",\"name\":\"Paketo Buildpack for CA Certificates\",\"version\":\"3.6.5\",\"homepage\":\"https://github.com/paketo-buildpacks/ca-certificates\"},{\"id\":\"paketo-buildpacks/environment-variables\",\"name\":\"Paketo Buildpack for Environment Variables\",\"version\":\"4.5.5\",\"homepage\":\"https://github.com/paketo-buildpacks/environment-variables\"},{\"id\":\"paketo-buildpacks/httpd\",\"name\":\"Paketo Buildpack for Apache HTTP Server\",\"version\":\"0.7.14\",\"homepage\":\"https://github.com/paketo-buildpacks/httpd\"},{\"id\":\"paketo-buildpacks/image-labels\",\"name\":\"Paketo Buildpack for Image Labels\",\"version\":\"4.5.4\",\"homepage\":\"https://github.com/paketo-buildpacks/image-labels\"},{\"id\":\"paketo-buildpacks/nginx\",\"name\":\"Paketo Buildpack for Nginx Server\",\"version\":\"0.15.6\",\"homepage\":\"https://github.com/paketo-buildpacks/nginx\"},{\"id\":\"paketo-buildpacks/node-engine\",\"name\":\"Paketo Buildpack for Node Engine\",\"version\":\"2.0.0\",\"homepage\":\"https://github.com/paketo-buildpacks/node-engine\"},{\"id\":\"paketo-buildpacks/node-run-script\",\"name\":\"Paketo Buildpack for Node Run Script\",\"version\":\"1.0.13\",\"homepage\":\"https://github.com/paketo-buildpacks/node-run-script\"},{\"id\":\"paketo-buildpacks/npm-install\",\"name\":\"Paketo Buildpack for NPM Install\",\"version\":\"1.3.0\",\"homepage\":\"https://github.com/paketo-buildpacks/npm-install\"},{\"id\":\"paketo-buildpacks/procfile\",\"name\":\"Paketo Buildpack for Procfile\",\"version\":\"5.6.6\",\"homepage\":\"https://github.com/paketo-buildpacks/procfile\"},{\"id\":\"paketo-buildpacks/source-removal\",\"name\":\"Paketo Buildpack for Source Removal\",\"version\":\"0.2.1\"},{\"id\":\"paketo-buildpacks/watchexec\",\"name\":\"Paketo Buildpack for Watchexec\",\"version\":\"2.8.5\",\"homepage\":\"https://github.com/paketo-buildpacks/watchexec\"},{\"id\":\"paketo-buildpacks/yarn\",\"name\":\"Paketo Buildpack for Yarn\",\"version\":\"1.1.11\",\"homepage\":\"https://github.com/paketo-buildpacks/yarn\"},{\"id\":\"paketo-buildpacks/yarn-install\",\"name\":\"Paketo Buildpack for Yarn Install\",\"version\":\"1.2.1\",\"homepage\":\"https://github.com/paketo-buildpacks/yarn-install\"}],\"extensions\":null,\"stack\":{\"runImage\":{\"image\":\"index.docker.io/paketobuildpacks/run-jammy-base:latest\",\"mirrors\":[]}},\"lifecycle\":{\"version\":\"0.18.2\",\"api\":{\"buildpack\":\"0.7\",\"platform\":\"0.7\"},\"apis\":{\"buildpack\":{\"deprecated\":[],\"supported\":[\"0.7\",\"0.8\",\"0.9\",\"0.10\"]},\"platform\":{\"deprecated\":[],\"supported\":[\"0.7\",\"0.8\",\"0.9\",\"0.10\",\"0.11\",\"0.12\"]}}},\"createdBy\":{\"name\":\"Pack CLI\",\"version\":\"0.31.0+git-3a994bd.build-5086\"},\"images\":[{\"image\":\"index.docker.io/paketobuildpacks/run-jammy-base:latest\",\"mirrors\":[]}]}","io.buildpacks.buildpack.layers":"{\"paketo-buildpacks/apache-tomcat\":{\"7.14.1\":{\"api\":\"0.7\",\"stacks\":[{\"id\":\"*\"}],\"layerDiffID\":\"sha256:cbeef4b353f2f6c8399702a263d091068f805efe97b510719cf4b53413b04a97\",\"homepage\":\"https://github.com/paketo-buildpacks/apache-tomcat\",\"name\":\"Paketo Buildpack for Apache Tomcat\"}},\"paketo-buildpacks/apache-tomee\":{\"1.7.9\":{\"api\":\"0.7\",\"stacks\":[{\"id\":\"*\"}],\"layerDiffID\":\"sha256:6f3f9fa91cd222f53b9d038d711aaf18874e5b82cf85298ba50dd2e38624aa2f\",\"homepage\":\"https://github.com/paketo-buildpacks/apache-tomee\",\"name\":\"Paketo Buildpack for Apache Tomee\"}},\"paketo-buildpacks/azure-application-insights\":{\"5.17.2\":{\"api\":\"0.7\",\"stacks\":[{\"id\":\"io.buildpacks.stacks.bionic\"},{\"id\":\"io.paketo.stacks.tiny\"},{\"id\":\"*\"}],\"layerDiffID\":\"sha256:1c51a21adcea6e0c2af7119f4bf5613c0af07444a180d1df031567aa9572c38a\",\"homepage\":\"https://github.com/paketo-buildpacks/azure-application-insights\",\"name\":\"Paketo Buildpack for Azure Application Insights\"}},\"paketo-buildpacks/bellsoft-liberica\":{\"10.4.4\":{\"api\":\"0.7\",\"stacks\":[{\"id\":\"io.paketo.stacks.tiny\"},{\"id\":\"io.buildpacks.stacks.bionic\"},{\"id\":\"*\"}],\"layerDiffID\":\"sha256:07de586e9118a13b87e3bb0326af1de2d04254f2e7e7e4ca99d4730de69c44b1\",\"homepage\":\"https://github.com/paketo-buildpacks/bellsoft-liberica\",\"name\":\"Paketo Buildpack for BellSoft Liberica\"}},\"paketo-buildpacks/bundle-install\":{\"0.8.0\":{\"api\":\"0.7\","
21:06:55.890 [Test worker] DEBUG com.github.dockerjava.zerodep.shaded.org.apache.hc.client5.http.wire - http-outgoing-0 << "\"stacks\":[{\"id\":\"*\"}],\"layerDiffID\":\"sha256:badf16868bf5a632c377c6779eafe809d1d4846d2867d9d6420ee5cd3d33f206\",\"homepage\":\"https://github.com/paketo-buildpacks/bundle-install\",\"name\":\"Paketo Buildpack for Bundle Install\"}},\"paketo-buildpacks/bundler\":{\"0.7.27\":{\"api\":\"0.7\",\"stacks\":[{\"id\":\"io.buildpacks.stacks.bionic\"},{\"id\":\"io.buildpacks.stacks.jammy\"}],\"layerDiffID\":\"sha256:e9e8f5dcf0114be381c6a6799c13b8d2e6b10c210f980f67aaf7323fb70b7583\",\"homepage\":\"https://github.com/paketo-buildpacks/bundler\",\"name\":\"Paketo Buildpack for Bundler\"}},\"paketo-buildpacks/ca-certificates\":{\"3.6.3\":{\"api\":\"0.7\",\"stacks\":[{\"id\":\"io.buildpacks.stacks.bionic\"},{\"id\":\"io.paketo.stacks.tiny\"},{\"id\":\"*\"}],\"layerDiffID\":\"sha256:b60541d13f4fa3fddd3783a1cb77de4c502e590a34c0265becc0d1819ea0f664\",\"homepage\":\"https://github.com/paketo-buildpacks/ca-certificates\",\"name\":\"Paketo Buildpack for CA Certificates\"},\"3.6.5\":{\"api\":\"0.7\",\"stacks\":[{\"id\":\"io.buildpacks.stacks.bionic\"},{\"id\":\"io.paketo.stacks.tiny\"},{\"id\":\"*\"}],\"layerDiffID\":\"sha256:d7b5fe48f8aec15ae831663443e85d27cc39f6e7f677f3574d22efc12ab1b91d\",\"homepage\":\"https://github.com/paketo-buildpacks/ca-certificates\",\"name\":\"Paketo Buildpack for CA Certificates\"},\"3.6.6\":{\"api\":\"0.7\",\"stacks\":[{\"id\":\"io.buildpacks.stacks.bionic\"},{\"id\":\"io.paketo.stacks.tiny\"},{\"id\":\"*\"}],\"layerDiffID\":\"sha256:e987b55729a6c11809fd034067ca16b6713bc108deafb7720b4c8042c04bfb6d\",\"homepage\":\"https://github.com/paketo-buildpacks/ca-certificates\",\"name\":\"Paketo Buildpack for CA Certificates\"}},\"paketo-buildpacks/clojure-tools\":{\"2.8.13\":{\"api\":\"0.7\",\"stacks\":[{\"id\":\"io.buildpacks.stacks.bionic\"},{\"id\":\"io.paketo.stacks.tiny\"},{\"id\":\"*\"}],\"layerDiffID\":\"sha256:8e7390a65595d6ba91dc72a85e5d5fdc85dfe9213ad45814920e2addba52ed63\",\"homepage\":\"https://github.com/paketo-buildpacks/clojure-tools\",\"name\":\"Paketo Buildpack for Clojure Tools\"}},\"paketo-buildpacks/conda-env-update\":{\"0.7.12\":{\"api\":\"0.7\",\"stacks\":[{\"id\":\"*\"}],\"layerDiffID\":\"sha256:e8f09369eccaf0ce87f8f4868129ff29911f8311ae9650a5f73c90c3abb46ef5\",\"homepage\":\"https://github.com/paketo-buildpacks/conda-env-update\",\"name\":\"Paketo Buildpack for C"
21:06:55.890 [Test worker] DEBUG com.github.dockerjava.zerodep.shaded.org.apache.hc.client5.http.wire - http-outgoing-0 << "[\r][\n]"
21:06:55.890 [Test worker] DEBUG com.github.dockerjava.zerodep.shaded.org.apache.hc.client5.http.wire - http-outgoing-0 << "8000[\r][\n]"
21:06:55.890 [Test worker] DEBUG com.github.dockerjava.zerodep.shaded.org.apache.hc.client5.http.wire - http-outgoing-0 << "onda Env Update\"}},\"paketo-buildpacks/cpython\":{\"1.9.0\":{\"api\":\"0.7\",\"stacks\":[{\"id\":\"*\"}],\"layerDiffID\":\"sha256:5757cf2c2d7f21c2253c556582fb1c802eaabe53d10d86afe92bd1be2c9b3636\",\"name\":\"Paketo Buildpack for CPython\"}},\"paketo-buildpacks/datadog\":{\"3.6.0\":{\"api\":\"0.7\",\"stacks\":[{\"id\":\"io.buildpacks.stacks.bionic\"},{\"id\":\"io.paketo.stacks.tiny\"},{\"id\":\"*\"}],\"layerDiffID\":\"sha256:b351bc73239608a09c7523656594df065fd2a6aacaee90254945d9e3070122ca\",\"homepage\":\"https://github.com/paketo-buildpacks/datadog\",\"name\":\"Paketo Buildpack for Datadog\"},\"4.6.0\":{\"api\":\"0.7\",\"stacks\":[{\"id\":\"io.buildpacks.stacks.bionic\"},{\"id\":\"io.paketo.stacks.tiny\"},{\"id\":\"*\"}],\"layerDiffID\":\"sha256:2c010efe42116cf027daa2714b21558f4bd7f3785883de66e6b22d0787db4d01\",\"homepage\":\"https://github.com/paketo-buildpacks/datadog\",\"name\":\"Paketo Buildpack for Datadog\"}},\"paketo-buildpacks/dist-zip\":{\"5.6.8\":{\"api\":\"0.7\",\"stacks\":[{\"id\":\"io.buildpacks.stacks.bionic\"},{\"id\":\"io.paketo.stacks.tiny\"},{\"id\":\"*\"}],\"layerDiffID\":\"sha256:b5beba4f9e9f9235a1982e02e9441f4974e94bb0a4a218de5a77abdfbd88f723\",\"homepage\":\"https://github.com/paketo-buildpacks/dist-zip\",\"name\":\"Paketo Buildpack for DistZip\"}},\"paketo-buildpacks/dotnet-core\":{\"0.42.2\":{\"api\":\"0.8\",\"order\":[{\"group\":[{\"id\":\"paketo-buildpacks/ca-certificates\",\"version\":\"3.6.6\",\"optional\":true},{\"id\":\"paketo-buildpacks/watchexec\",\"version\":\"2.8.6\",\"optional\":true},{\"id\":\"paketo-buildpacks/vsdbg\",\"version\":\"0.3.6\",\"optional\":true},{\"id\":\"paketo-buildpacks/dotnet-core-sdk\",\"version\":\"0.14.2\",\"optional\":true},{\"id\":\"paketo-buildpacks/icu\",\"version\":\"0.7.2\",\"optional\":true},{\"id\":\"paketo-buildpacks/node-engine\",\"version\":\"3.0.1\",\"optional\":true},{\"id\":\"paketo-buildpacks/dotnet-publish\",\"version\":\"0.12.24\",\"optional\":true},{\"id\":\"paketo-buildpacks/dotnet-core-aspnet-runtime\",\"version\":\"0.4.2\",\"optional\":true},{\"id\":\"paketo-buildpacks/dotnet-execute\",\"version\":\"0.14.25\"},{\"id\":\"paketo-buildpacks/procfile\",\"version\":\"5.6.7\",\"optional\":true},{\"id\":\"paketo-buildpacks/environment-variables\",\"version\":\"4.5.6\",\"optional\":true},{\"id\":\"paketo-buildpacks/image-labels\",\"version\":\"4.5.5\",\"optional\":true}]}],\"layerDiffID\":\"sha256:dffe0fd78d33962859ef8b76402fe8d4e901135f247dc9f1a6f64ed66ab0a42e\",\"homepage\":\"https://github.com/paketo-buildpacks/dotnet-core\",\"name\":\"Paketo Buildpack for .NET Core\"}},\"paketo-buildpacks/dotnet-core-aspnet-runtime\":{\"0.4.2\":{\"api\":\"0.8\",\"stacks\":[{\"id\":\"io.buildpacks.stacks.bionic\"},{\"id\":\"io.buildpacks.stacks.jammy\"}],\"layerDiffID\":\"sha256:49961a424533b2e65d3026686d01640a32fe17f7cfc1a99494f504ba0aebdcb5\",\"homepage\":\"https://github.com/paketo-buildpacks/dotnet-core-aspnet-runtime\",\"name\":\"Paketo Buildpack for ASP.NET Core Runtime\"}},\"paketo-buildpacks/dotnet-core-sdk\":{\"0.14.2\":{\"api\":\"0.8\",\"stacks\":[{\"id\":\"io.buildpacks.stacks.bionic\"},{\"id\":\"io.buildpacks.stacks.jammy\"}],\"layerDiffID\":\"sha256:a19313d0f652002a444cc90038df51dd4b83422b52f0468e7a5ba2e981d9c9e1\",\"homepage\":\"https://github.com/paketo-buildpacks/dotnet-core-sdk\",\"name\":\"Paketo Buildpack for .NET Core SDK\"}},\"paketo-buildpacks/dotnet-execute\":{\"0.14.25\":{\"api\":\"0.8\",\"stacks\":[{\"id\":\"*\"}],\"layerDiffID\":\"sha256:2040d4b14bb060c756e9a4333f2a207b7200cd0c891a5655ed813f0541e9531e\",\"homepage\":\"https://github.com/paketo-buildpacks/dotnet-execute\",\"name\":\"Paketo Buildpack for .NET Execute\"}},\"paketo-buildpacks/dotnet-publish\":{\"0.12.24\":{\"api\":\"0.8\",\"stacks\":[{\"id\":\"*\"}],\"layerDiffID\":\"sha256:5289eaf98c2b2875360aa665b1c5f85afb135e94b9c42cc7d9fa51d80274297c\",\"homepage\":\"https://github.com/paketo-buildpacks/dotnet-publish\",\"name\":\"Paketo Buildpack for .NET Publish\"}},\"paketo-buildpacks/encrypt-at-rest\":{\"4.5.12\":{\"api\":\"0.7\",\"stacks\":[{\"id\":\"io.buildpacks.stacks.bionic\"
21:06:55.892 [Test worker] DEBUG com.github.dockerjava.zerodep.shaded.org.apache.hc.client5.http.wire - http-outgoing-0 << ""},{\"id\":\"io.paketo.stacks.tiny\"},{\"id\":\"*\"}],\"layerDiffID\":\"sha256:496a26cc8ef01775c8e2328e41db1d471344f9fca0dfc88717f6c3a718031f6c\",\"homepage\":\"https://github.com/paketo-buildpacks/encrypt-at-rest\",\"name\":\"Paketo Buildpack for Encrypt-at-Rest\"}},\"paketo-buildpacks/environment-variables\":{\"4.5.3\":{\"api\":\"0.7\",\"stacks\":[{\"id\":\"io.buildpacks.stacks.bionic\"},{\"id\":\"io.paketo.stacks.tiny\"},{\"id\":\"*\"}],\"layerDiffID\":\"sha256:e0b403660a34970e9f33fbfca76e5f60f900243797be86ce381746b6197771d3\",\"homepage\":\"https://github.com/paketo-buildpacks/environment-variables\",\"name\":\"Paketo Buildpack for Environment Variables\"},\"4.5.5\":{\"api\":\"0.7\",\"stacks\":[{\"id\":\"io.buildpacks.stacks.bionic\"},{\"id\":\"io.paketo.stacks.tiny\"},{\"id\":\"*\"}],\"layerDiffID\":\"sha256:35a7169bca9ac0760bf19acda272c88cdf9b4fade0f96c5ff263ab8b862d789e\",\"homepage\":\"https://github.com/paketo-buildpacks/environment-variables\",\"name\":\"Paketo Buildpack for Environment Variables\"},\"4.5.6\":{\"api\":\"0.7\",\"stacks\":[{\"id\":\"io.buildpacks.stacks.bionic\"},{\"id\":\"io.paketo.stacks.tiny\"},{\"id\":\"*\"}],\"layerDiffID\":\"sha256:491136e66ebd688914cbba8f67d6e84178245ba87c01f22f762b6ef966cbe718\",\"homepage\":\"https://github.com/paketo-buildpacks/environment-variables\",\"name\":\"Paketo Buildpack for Environment Variables\"}},\"paketo-buildpacks/executable-jar\":{\"6.8.3\":{\"api\":\"0.7\",\"stacks\":[{\"id\":\"io.buildpacks.stacks.bionic\"},{\"id\":\"io.paketo.stacks.tiny\"},{\"id\":\"*\"}],\"layerDiffID\":\"sha256:07713a584e9c73cf2397531b4e3d669ff2d4578e1706ca5395dbfe683804e627\",\"homepage\":\"https://github.com/paketo-buildpacks/executable-jar\",\"name\":\"Paketo Buildpack for Executable JAR\"}},\"paketo-buildpacks/git\":{\"1.0.7\":{\"api\":\"0.7\",\"stacks\":[{\"id\":\"*\"}],\"layerDiffID\":\"sha256:2bb5a7078a44f3cc8cc3e498a7df865355d0b9b91ba41c38d20858911602e1e5\",\"homepage\":\"https://github.com/paketo-buildpacks/git\",\"name\":\"Paketo Buildpack for Git\"}},\"paketo-buildpacks/go\":{\"4.6.2\":{\"api\":\"0.7\",\"order\":[{\"group\":[{\"id\":\"paketo-buildpacks/ca-certificates\",\"version\":\"3.6.6\",\"optional\":true},{\"id\":\"paketo-buildpacks/watchexec\",\"version\":\"2.8.6\",\"optional\":true},{\"id\":\"paketo-buildpacks/go-dist\",\"version\":\"2.4.4\"},{\"id\":\"paketo-buildpacks/git\",\"version\":\"1.0.7\",\"optional\":true},{\"id\":\"paketo-buildpacks/go-mod-vendor\",\"version\":\"1.0.27\"},{\"id\":\"paketo-buildpacks/go-build\",\"version\":\"2.1.2\"},{\"id\":\"paketo-buildpacks/procfile\",\"version\":\"5.6.7\",\"optional\":true},{\"id\":\"paketo-buildpacks/environment-variables\",\"version\":\"4.5.6\",\"optional\":true},{\"id\":\"paketo-buildpacks/image-labels\",\"version\":\"4.5.5\",\"optional\":true}]},{\"group\":[{\"id\":\"paketo-buildpacks/ca-certificates\",\"version\":\"3.6.6\",\"optional\":true},{\"id\":\"paketo-buildpacks/watchexec\",\"version\":\"2.8.6\",\"optional\":true},{\"id\":\"paketo-buildpacks/go-dist\",\"version\":\"2.4.4\"},{\"id\":\"paketo-buildpacks/git\",\"version\":\"1.0.7\",\"optional\":true},{\"id\":\"paketo-buildpacks/go-build\",\"version\":\"2.1.2\"},{\"id\":\"paketo-buildpacks/procfile\",\"version\":\"5.6.7\",\"optional\":true},{\"id\":\"paketo-buildpacks/environment-variables\",\"version\":\"4.5.6\",\"optional\":true},{\"id\":\"paketo-buildpacks/image-labels\",\"version\":\"4.5.5\",\"optional\":true}]}],\"layerDiffID\":\"sha256:ec527faf320cf1753d9b080a862257115c177f2f0eba1decab2d199196fa8f6a\",\"homepage\":\"https://github.com/paketo-buildpacks/go\",\"name\":\"Paketo Buildpack for Go\"}},\"paketo-buildpacks/go-build\":{\"2.1.2\":{\"api\":\"0.7\",\"stacks\":[{\"id\":\"*\"}],\"layerDiffID\":\"sha256:76b1619f81820ed875e544a5fe47eb25e515352c4f7804c7dbe8723966e528c6\",\"homepage\":\"https://github.com/paketo-buildpacks/go-build\",\"name\":\"Paketo Buildpack for Go Build\"}},\"paketo-buildpacks/go-dist\":{\"2.4.4\":{\"api\":\"0.7\",\"stacks\":[{\"id\":\"*\"}],\"layerDiffID\":\"sha256:b4b8b2d4b5f8bd0d39648b52f8fc7c54d88d433cc846ea07d6e5082a2cbca62a\",\"homepage\":\"https://github.com/paketo-buildpacks/go-dist\",\"name\":\"Paketo Buildpack for Go Distribution\"}},\"paketo-buildpacks/go-mod-vendor\":{\"1.0.27\":{\"api\":\"0.7\",\"stacks\":[{\"id\":\"*\"}],\"layerDiffID\":\"sha256:27c065e31f83b584d59233a66103125e4b7171a8d5acc54e57c8bb1964d2f7c6\",\"homepage\":\"https://github.com/paketo-buildpacks/go-mod-vendor\",\"name\":\"Paketo Buildpack for Go Mod Vendor\"}},\"paketo-buildpacks/google-stackdriver\":{\"8.0.4\":{\"api\":\"0.7\",\"stacks\":[{\"id\":\"io.buildpacks.stacks.bionic\"},{\"id\":\"io.paketo.stacks.tiny\"},{\"id\":\"*\"}],\"layerDiffID\":\"sha256:bb061969c1853e50cb7411bd0946c87d32871631e9c7c3cc03eb3739e7f8d350\",\"homepage\":\"https://github.com/paketo-buildpacks/google-stackdriver\",\"name\":\"Paketo Buildpack for Google Stackdriver\"}},\"paketo-buildpacks/gradle\":{\"7.7.1\":{\"api\":\"0.7\",\"stacks\":[{\"id\":\"io.buildpacks.stacks.bionic\"},{\"id\":\"io.paketo.stacks.tiny\"},{\"id\":\"*\"}],\"layerDiffID\":\"sha256:5ad6a561c7da2aee1cc382514511fb5c0d37c1309f5ae0f092bfb3b0a6b111dc\",\"homepage\":\"https://github.com/paketo-buildpacks/gradle\",\"name\":\"Paketo Buildpack for Gradle\"}},\"paketo-buildpacks/httpd\":{\"0.7.14\":{\"api\":\"0.7\",\"stacks\":[{\"id\":\"io.buildpacks.stacks.bionic\"},{\"id\":\"io.buildpacks.stacks.jammy\"}],\"layerDiffID\":\"sha256:72902c2a282fa529a145efae4838d0ac39818a6b9f77109307ce6512634e8f23\",\"homepage\":\"https://github.com/paketo-buildpacks/httpd\",\"name\":\"Paketo Buildpack for Apache HTTP Server\"}},\"paketo-buildpacks/icu\":{\"0.7.2\":{\"api\":\"0.8\",\"stacks\":[{\"id\":\"io.buildpacks.stacks.bionic\"},{\"id\":\"io.buildpacks.stacks.jammy\"}],\"layerDiffID\":\"sha256:ff9d4b38282bc05d251cb38369fff927590b422f9a303f27e692759a09e22edf\",\"homepage\":\"https://github.com/paketo-buildpacks/icu\",\"name\":\"Paketo Buildpack for ICU\"}},\"paketo-buildpacks/image-labels\":{\"4.5.2\":{\"api\":\"0.7\",\"stacks\":[{\"id\":\"io.buildpacks.stacks.bionic\"},{\"id\":\"io.paketo.stacks.tiny\"},{\"id\":\"*\"}],\"layerDiffID\":\"sha256:3e44c3f0963ed0bb2d0c64ecfaff2d706db8c156ae77924156befc9d4517c754\",\"homepage\":\"https://github.com/paketo-buildpacks/image-labels\",\"name\":\"Paketo Buildpack for Image Labels\"},\"4.5.4\":{\"api\":\"0.7\",\"stacks\":[{\"id\":\"io.buildpacks.stacks.bionic\"},{\"id\":\"io.paketo.stacks.tiny\"},{\"id\":\"*\"}],\"layerDiffID\":\"sha256:23f2551fe30d7889e2706b4099406cb1d0d2bd0baf0c495e2cbda6c3e901e48b\",\"homepage\":\"https://github.com/paketo-buildpacks/image-labels\",\"name\":\"Paketo Buildpack for Image Labels\"},\"4.5.5\":{\"api\":\"0.7\",\"stacks\":[{\"id\":\"io.buildpacks.stacks.bionic\"},{\"id\":\"io.paketo.stacks.tiny\"},{\"id\":\"*\"}],\"layerDiffID\":\"sha256:8c583593b549c46a53a13afe8c4a01200970cbcb8ee35526697d079232570456\",\"homepage\":\"https://github.com/paketo-buildpacks/image-labels\",\"name\":\"Paketo Buildpack for Image Labels\"}},\"paketo-buildpacks/jattach\":{\"1.4.9\":{\"api\":\"0.7\",\"stacks\":[{\"id\":\"io.buildpacks.stacks.bionic\"},{\"id\":\"io.paketo.stacks.tiny\"},{\"id\":\"*\"}],\"layerDiffID\":\"sha256:edb7e84d3ccbcdbe00586d0fcd187f6515809f38b35937727b59b15d33eb00fe\",\"homepage\":\"https://github.com/paketo-buildpacks/jattach\",\"name\":\"Paketo Buildpack for JAttach\"}},\"paketo-buildpacks/java\":{\"10.5.0\":{\"api\":\"0.7\",\"order\":[{\"group\":[{\"id\":\"paketo-buildpacks/ca-certificates\",\"version\":\"3.6.6\",\"optional\":true},{\"id\":\"paketo-buildpacks/bellsoft-liberica\",\"version\":\"10.4.4\"},{\"id\":\"paketo-buildpacks/yarn\",\"version\":\"1.2.0\",\"optional\":true},{\"id\":\"paketo-buildpacks/node-engine\",\"version\":\"3.0.1\",\"optional\":true},{\"id\":\"paketo-buildpacks/syft\",\"version\":\"1.41.1\",\"optional\":true},{\"id\":\"paketo-buildpacks/leiningen\",\"version\":\"4.6.9\",\"optional\":true},{\"id\":\"paketo-buildpacks/clojure-tools\",\"version\":\"2.8.13\",\"optiona"
21:06:55.892 [Test worker] DEBUG com.github.dockerjava.zerodep.shaded.org.apache.hc.client5.http.wire - http-outgoing-0 << "l\":true},{\"id\":\"paketo-buildpacks/gradle\",\"version\":\"7.7.1\",\"optional\":true},{\"id\":\"paketo-buildpacks/maven\",\"version\":\"6.15.12\",\"optional\":true},{\"id\":\"paketo-buildpacks/sbt\",\"version\":\"6.12.10\",\"optional\":true},{\"id\":\"paketo-buildpacks/watchexec\",\"version\":\"2.8.6\",\"optional\":true},{\"id\":\"paketo-buildpacks/executable-jar\",\"version\":\"6.8.3\",\"optional\":true},{\"id\":\"paketo-buildpacks/apache-tomcat\",\"version\":\"7.14.1\",\"optional\":true},{\"id\":\"paketo-buildpacks/apache-tomee\",\"version\":\"1.7.9\",\"optional\":true},{\"id\":\"paketo-buildpacks/liberty\",\"version\":\"3.8.11\",\"optional\":true},{\"id\":\"paketo-buildpacks/dist-zip\",\"version\":\"5.6.8\",\"optional\":true},{\"id\":\"paketo-buildpacks/spring-boot\",\"version\":\"5.27.7\",\"optional\":true},{\"id\":\"paketo-buildpacks/procfile\",\"version\":\"5.6.7\",\"optional\":true},{\"id\":\"paketo-buildpacks/jattach\",\"version\":\"1.4.9\",\"optional\":true},{\"id\":\"paketo-buildpacks/azure-application-insights\",\"version\":\"5.17.2\",\"optional\":true},{\"id\":\"paketo-buildpacks/google-stackdriver\",\"version\":\"8.0.4\",\"optional\":true},{\"id\":\"paketo-buildpacks/datadog\",\"version\":\"4.6.0\",\"optional\":true},{\"id\":\"paketo-buildpacks/java-memory-assistant\",\"version\":\"1.4.9\",\"optional\":true},{\"id\":\"paketo-buildpacks/encrypt-at-rest\",\"version\":\"4.5.12\",\"optional\":true},{\"id\":\"paketo-buildpacks/environment-variables\",\"version\":\"4.5.6\",\"optional\":true},{\"id\":\"paketo-buildpacks/image-labels\",\"version\":\"4.5.5\",\"optional\":true}]}],\"layerDiffID\":\"sha256:2d133024b3edfe851e0ea589fa8e424f04dae5881ac4a865ccb2abd5e0a32634\",\"homepage\":\"https://paketo.io/docs/howto/java\",\"name\":\"Paketo Buildpack for Java\"}},\"paketo-buildpacks/java-memory-assistant\":{\"1.4.9\":{\"api\":\"0.7\",\"stacks\":[{\"id\":\"io.buildpacks.stacks.bionic\"},{\"id\":\"io.paketo.stacks.tiny\"},{\"id\":\"*\"}],\"layerDiffID\":\"sha256:b1059cc190c5c858b3ef697e123743ab2981d48b0de2b177f621c21795d1f4cc\",\"homepage\":\"https://github.com/paketo-buildpacks/java-memory-assistant\",\"name\":\"Paketo Buildpack for Java Memory Assistant\"}},\"paketo-buildpacks/java-native-image\":{\"8.24.0\":{\"api\":\"0.7\",\"order\":[{\"group\":[{\"id\":\"paketo-buildpacks/ca-certificates\",\"version\":\"3.6.6\",\"optional\":true},{\"id\":\"paketo-buildpacks/upx\",\"version\":\"3.4.6\",\"optional\":true},{\"id\":\"paketo-buildpacks/bellsoft-liberica\",\"version\":\"10.4.4\"},{\"id\":\"paketo-buildpacks/syft\",\"version\":\"1.41.1\",\"optional\":true},{\"id\":\"paketo-buildpacks/leiningen\",\"version\":\"4.6.9\",\"optional\":true},{\"id\":\"paketo-buildpacks/gradle\",\"version\":\"7.7.1\",\"optional\":true},{\"id\":\"paketo-buildpacks/maven\",\"version\":\"6.15.12\",\"optional\":true},{\"id\":\"paketo-buildpacks/sbt\",\"version\":\"6.12.10\",\"optional\":true},{\"id\":\"paketo-buildpacks/executable-jar\",\"version\":\"6.8.3\",\"optional\":true},{\"id\":\"paketo-buildpacks/spring-boot\",\"version\":\"5.27.7\",\"optional\":true},{\"id\":\"paketo-buildpacks/datadog\",\"version\":\"4.6.0\",\"optional\":true},{\"id\":\"paketo-buildpacks/native-image\",\"version\":\"5.12.7\"},{\"id\":\"paketo-buildpacks/procfile\",\"version\":\"5.6.7\",\"optional\":true},{\"id\":\"paketo-buildpacks/environment-variables\",\"version\":\"4.5.6\",\"optional\":true},{\"id\":\"paketo-buildpacks/image-labels\",\"version\":\"4.5.5\",\"optional\":true}]}],\"layerDiffID\":\"sha256:20cc32f92661f639b84172e6d7121fb52e0449a643da78b55869e9f6247030d5\",\"homepage\":\"https://paketo.io/docs/howto/java/#build-an-app-as-a-graalvm-native-image-application\",\"name\":\"Paketo Buildpack for Java Native Image\"}},\"paketo-buildpacks/leiningen\":{\"4.6.9\":{\"api\":\"0.7\",\"stacks\":[{\"id\":\"io.buildpacks.stacks.bionic\"},{\"id\":\"io.paketo.stacks.tiny\"},{\"id\":\"*\"}],\"layerDiffID\":\"sha256:7f08c1f7191e025630591734cc2518ee31ece6f91b184f8379428cab1d11e4f3\",\"homepage\":\"https://github.com/paketo-buildpacks/leiningen\",\"name\":\"Paketo Buildpack for Leiningen\"}},\"paketo-buildpacks/liberty\":{\"3.8.11\":{\"api\":\"0.7\",\"stacks\":[{\"id\":\"*\"}],\"layerDiffID\":\"sha256:e9ffa46d650cf2c33019de117be5a2adfe099553247da8647a2dc20df9be60af\",\"homepage\":\"https://github.com/paketo-buildpacks/liberty\",\"name\":\"Paketo Buildpack for Liberty\"}},\"paketo-buildpacks/maven\":{\"6.15.12\":{\"api\":\"0.7\",\"stacks\":[{\"id\":\"io.buildpacks.stacks.bionic\"},{\"id\":\"io.paketo.stacks.tiny\"},{\"id\":\"*\"}],\"layerDiffID\":\"sha256:556e2a8dfa041a33fc99b6bf252158f8ae6c9f987b24d8d51b60b5f47dde63db\",\"homepage\":\"https://github.com/paketo-buildpacks/maven\",\"name\":\"Paketo Buildpack for Maven\"}},\"paketo-buildpacks/miniconda\":{\"0.8.5\":{\"api\":\"0.7\",\"stacks\":[{\"id\":\"*\"}],\"layerDiffID\":\"sha256:ddfaf04fb79c40ef178e264699a6e20723b9cebf4e6f42147629e99239bec874\",\"name\":\"Paketo Buildpack for Miniconda\"}},\"paketo-buildpacks/mri\":{\"0.14.9\":{\"api\":\"0.7\",\"stacks\":[{\"id\":\"io.buildpacks.stacks.bionic\"},{\"id\":\"io.buildpacks.stacks.jammy\"}],\"layerDiffID\":\"sha256:fc3429003a77b8831e7939e8915fbe5be66ce1b28a249ea92b006c5fb9184b80\",\"homepage\":\"https://github.com/paketo-buildpacks/mri\",\"name\":\"Paketo Buildpack for MRI\"}},\"paketo-buildpacks/native-image\":{\"5.12.7\":{\"api\":\"0.7\",\"stacks\":[{\"id\":\"*\"}],\"layerDiffID\":\"sha256:6703f08ed36fa7863406b2a33a881f74648e9659aaa712fadb5bf40009a4558c\",\"homepage\":\"https://github.com/paketo-buildpacks/native-image\",\"name\":\"Paketo Buildpack for Native Image\"}},\"paketo-buildpacks/nginx\":{\"0.15.6\":{\"api\":\"0.7\",\"stacks\":[{\"id\":\"io.buildpacks.stacks.bionic\"},{\"id\":\"io.buildpacks.stacks.jammy\"}],\"layerDiffID\":\"sha256:7a890b446c99ed0c593a9670e7d7c645de98855dc63288c64f04549c3622e7ec\",\"homepage\":\"https://github.com/paketo-buildpacks/nginx\",\"name\":\"Paketo Buildpack for Nginx Server\"}},\"paketo-buildpacks/node-engine\":{\"2.0.0\":{\"api\":\"0.7\",\"stacks\":[{\"id\":\"io.buildpacks.stacks.bionic\"},{\"id\":\"io.buildpacks.stacks.jammy\"},{\"id\":\"*\"}],\"layerDiffID\":\"sha256:762574589a15aa16b3f268c5c648d64631fd529181d287150dbb6a93c6a74714\",\"homepage\":\"https://github.com/paketo-buildpacks/node-engine\",\"name\":\"Paketo Buildpack for Node Engine\"},\"3.0.1\":{\"api\":\"0.7\",\"stacks\":[{\"id\":\"io.buildpacks.stacks.bionic\"},{\"id\":\"io.buildpacks.stacks.jammy\"},{\"id\":\"*\"}],\"layerDiffID\":\"sha256:ab2f69aa057c098d00d41e989b4dae371f763e75e456c9a655e6289a0c3a060c\",\"homepage\":\"https://github.com/paketo-buildpacks/node-engine\",\"name\":\"Paketo Buildpack for Node Engine\"}},\"paketo-buildpacks/node-run-script\":{\"1.0.13\":{\"api\":\"0.7\",\"stacks\":[{\"id\":\"*\"}],\"layerDiffID\":\"sha256:14704ae575228cecd0daf36e21239c71c6ae9065b4d00ea7c1ead4001da552c4\",\"homepage\":\"https://github.com/paketo-buildpacks/node-run-script\",\"name\":\"Paketo Buildpack for Node Run Script\"},\"1.0.14\":{\"api\":\"0.7\",\"stacks\":[{\"id\":\"*\"}],\"layerDiffID\":\"sha256:831f58054738183092d1a3fac71c0b39b16a6649b032529f078e7f18f900e415\",\"homepage\":\"https://github.com/paketo-buildpacks/node-run-script\",\"name\":\"Paketo Buildpack for Node Run Script\"}},\"paketo-buildpacks/node-start\":{\"1.1.3\":{\"api\":\"0.7\",\"stacks\":[{\"id\":\"*\"}],\"layerDiffID\":\"sha256:cf5619cb7b7168ec95f4bb572d8c79416fdb33421a2ff2dce55d4476265fed0a\",\"homepage\":\"https://github.com/paketo-buildpacks/node-start\",\"name\":\"Paketo Buildpack for Node Start\"}},\"paketo-buildpacks/nodejs\":{\"2.0.0\":{\"api\":\"0.7\",\"order\":[{\"group\":[{\"id\":\"paketo-buildpacks/ca-certificates\",\"version\":\"3.6.6\",\"optional\":true},{\"id\":\"paketo-buildpacks/watchexec\",\"version\":\"2.8.6\",\"optional\":true},{\"id\":\"paketo-buildpacks/node-engine\",\"version\":\"3.0.1\"},{\"id\":\"paketo-buildpacks/yarn\",\"version\":\"1.2.0\"},{\"id\":\"paketo-buildpacks/yarn-install\",\"version\":\"1.2.2\"},{\"id\":"
21:06:55.893 [Test worker] DEBUG com.github.dockerjava.zerodep.shaded.org.apache.hc.client5.http.wire - http-outgoing-0 << "\"paketo-buildpacks/node-run-script\",\"version\":\"1.0.14\",\"optional\":true},{\"id\":\"paketo-buildpacks/node-start\",\"version\":\"1.1.3\",\"optional\":true},{\"id\":\"paketo-buildpacks/yarn-start\",\"version\":\"1.1.3\",\"optional\":true},{\"id\":\"paketo-buildpacks/procfile\",\"version\":\"5.6.7\",\"optional\":true},{\"id\":\"paketo-buildpacks/datadog\",\"version\":\"3.6.0\",\"optional\":true},{\"id\":\"paketo-buildpacks/environment-variables\",\"version\":\"4.5.6\",\"optional\":true},{\"id\":\"paketo-buildpacks/image-labels\",\"version\":\"4.5.5\",\"optional\":true}]},{\"group\":[{\"id\":\"paketo-buildpacks/ca-certificates\",\"version\":\"3.6.6\",\"optional\":true},{\"id\":\"paketo-buildpacks/watchexec\",\"version\":\"2.8.6\",\"optional\":true},{\"id\":\"paketo-buildpacks/node-engine\",\"version\":\"3.0.1\"},{\"id\":\"paketo-buildpacks/npm-install\",\"version\":\"1.3.1\"},{\"id\":\"paketo-buildpacks/node-run-script\",\"version\":\"1.0.14\",\"optional\":true},{\"id\":\"paketo-buildpacks/node-start\",\"version\":\"1.1.3\",\"optional\":true},{\"id\":\"paketo-buildpacks/npm-start\",\"version\":\"1.0.15\",\"optional\":true},{\"id\":\"paketo-buildpacks/procfile\",\"version\":\"5.6.7\",\"optional\":true},{\"id\":\"paketo-buildpacks/datadog\",\"version\":\"3.6.0\",\"optional\":true},{\"id\":\"paketo-buildpacks/environment-variables\",\"version\":\"4.5.6\",\"optional\":true},{\"id\":\"paketo-buildpacks/image-labels\",\"version\":\"4.5.5\",\"optional\":true}]},{\"group\":[{\"id\":\"paketo-buildpacks/ca-certificates\",\"version\":\"3.6.6\",\"optional\":true},{\"id\":\"paketo-buildpacks/watchexec\",\"version\":\"2.8.6\",\"optional\":true},{\"id\":\"paketo-buildpacks/node-engine\",\"version\":\"3.0.1\"},{\"id\":\"paketo-buildpacks/node-start\",\"version\":\"1.1.3\"},{\"id\":\"paketo-buildpacks/procfile\",\"version\":\"5.6.7\",\"optional\":true},{\"id\":\"paketo-buildpacks/datadog\",\"version\":\"3.6.0\",\"optional\":true},{\"id\":\"paketo-buildpacks/environment-variables\",\"version\":\"4.5.6\",\"optional\":true},{\"id\":\"paketo-buildpacks/image-labels\",\"version\":\"4.5.5\",\"optional\":true}]}],\"layerDiffID\":\"sha256:efa2f539b939405e5b27af54bcd3cf6e74165b5a3ab70cc4424c2a8e4e88c619\",\"homepage\":\"https://github.com/paketo-buildpacks/nodejs\",\"name\":\"Paketo Buildpack for Node.js\"}},\"paketo-buildpacks/npm-install\":{\"1.3.0\":{\"api\":\"0.7\",\"stacks\":[{\"id\":\"*\"}],\"layerDiffID\":\"sha256:bd7446c321e344099f19f232f61b4f43a650aa88e5891100579f2a7b7e577f17\",\"homepage\":\"https://github.com/paketo-buildpacks/npm-install\",\"name\":\"Paketo Buildpack for NPM Install\"},\"1.3.1\":{\"api\":\"0.7\",\"stacks\":[{\"id\":\"*\"}],\"layerDiffID\":\"sha256:22d2108f6ba3dc7aeb52bb971367cdef215f24bc2ed07401499c111162001bd1\",\"homepage\":\"https://github.com/paketo-buildpacks/npm-install\",\"name\":\"Paketo Buildpack for NPM Install\"}},\"paketo-buildpacks/npm-start\":{\"1.0.15\":{\"api\":\"0.7\",\"stacks\":[{\"id\":\"*\"}],\"layerDiffID\":\"sha256:a3713bbd7bf2d8c4093a766214251db9660cf72020d645072a73dce9ff017c19\",\"homepage\":\"https://github.com/paketo-buildpacks/npm-start\",\"name\":\"Paketo Buildpack for NPM Start\"}},\"paketo-buildpacks/passenger\":{\"0.13.2\":{\"api\":\"0.7\",\"stacks\":[{\"id\":\"io.buildpacks.stacks.bionic\"},{\"id\":\"io.buildpacks.stacks.jammy\"}],\"layerDiffID\":\"sha256:4013824bdce2bb63d0c95b1bc633ec9710da45c88cd98255457a53b95ef54b3e\",\"homepage\":\"https://github.com/paketo-buildpacks/passenger\",\"name\":\"Paketo Buildpack for Passenger\"}},\"paketo-buildpacks/pip\":{\"0.18.0\":{\"api\":\"0.7\",\"stacks\":[{\"id\":\"*\"}],\"layerDiffID\":\"sha256:427ee111c07faab6e8b9ee58fdd2447cc19de7f1daa99eeb234d61b38e706868\",\"name\":\"Paketo Buildpack for Pip\"}},\"paketo-buildpacks/pip-install\":{\"0.6.0\":{\"api\":\"0.7\",\"stacks\":[{\"id\":\"*\"}],\"layerDiffID\":\"sha256:5a61b8c6a643a5ab8801eb74d53288276f70b0fad35422ae3dbe31129a86f10d\",\"name\":\"Paketo Buildpack for Pip Install\"}},\"paketo-buildpacks/pipenv\":{\"1.19.0\":{\"api\":\"0.7\",\"stacks\":[{\"id\":\"*\"}],\"layerDiffID\":\"sha256:0f1253493befe7e470e5adf66e8f3f81fc95fb7a11e8eaa4ef27edd6a4620232\",\"name\":\"Paketo Buildpack for Pipenv\"}},\"paketo-buildpacks/pipenv-install\":{\"0.6.18\":{\"api\":\"0.7\",\"stacks\":[{\"id\":\"*\"}],\"layerDiffID\":\"sha256:8b9dac6ff7b7b833eed3aa511de4c7a0ae4dcb58d22873aee20f84187466fbe9\",\"name\":\"Paketo Buildpack for Pipenv Install\"}},\"paketo-buildpacks/poetry\":{\"0.6.5\":{\"api\":\"0.7\",\"stacks\":[{\"id\":\"*\"}],\"layerDiffID\":\"sha256:fbad9e9552228860a9e0b81109861cb3b94377485a0d9e603aec4d01bb8d2409\",\"name\":\"Paketo Buildpack for Poetry\"}},\"paketo-buildpacks/poetry-install\":{\"0.3.17\":{\"api\":\"0.7\",\"stacks\":[{\"id\":\"*\"}],\"layerDiffID\":\"sha256:b945b2a8add8dd4f225975cd962e56ffdd9b26a3af90b9d23fbe7b725625ba2f\",\"name\":\"Paketo Buildpack for Poetry Install\"}},\"paketo-buildpacks/poetry-run\":{\"0.4.21\":{\"api\":\"0.8\",\"stacks\":[{\"id\":\"*\"}],\"layerDiffID\":\"sha256:6945394fc466897bba06908c5ab1b0ed68d71e64820b40dfc9d58740275882c5\",\"name\":\"Paketo Buildpack for Poetry Run\"}},\"paketo-buildpacks/procfile\":{\"5.6.4\":{\"api\":\"0.7\",\"stacks\":[{\"id\":\"*\"}],\"layerDiffID\":\"sha256:549522d4bb1bbe20f18b678d3db1c71cb6013c26a8ce444998175fa8a75fde94\",\"homepage\":\"https://github.com/paketo-buildpacks/procfile\",\"name\":\"Paketo Buildpack for Procfile\"},\"5.6.6\":{\"api\":\"0.7\",\"stacks\":[{\"id\":\"*\"}],\"layerDiffID\":\"sha256:d8fc272d6a7d4016559553a56e8140f0f871284f47978820c6d2c480fcf356c2\",\"homepage\":\"https://github.com/paketo-buildpacks/procfile\",\"name\":\"Paketo Buildpack for Procfile\"},\"5.6.7\":{\"api\":\"0.7\",\"stacks\":[{\"id\":\"*\"}],\"layerDiffID\":\"sha256:8c16fe2c06e19c4e70d50c3321e88ef66a9bcd896a498313a91e8cf7cda42d4f\",\"homepage\":\"https://github.com/paketo-buildpacks/procfile\",\"name\":\"Paketo Buildpack for Procfile\"}},\"paketo-buildpacks/puma\":{\"0.4.36\":{\"api\":\"0.7\",\"stacks\":[{\"id\":\"*\"}],\"layerDiffID\":\"sha256:6f89a9ce5f425b3e5a6420d6e7ff5076f96fe863a8fb0e7142cf77369edc40ae\",\"homepage\":\"https://github.com/paketo-buildpacks/puma\",\"name\":\"Paketo Buildpack for Puma\"}},\"paketo-buildpacks/python\":{\"2.14.0\":{\"api\":\"0.8\",\"order\":[{\"group\":[{\"id\":\"paketo-buildpacks/ca-certificates\",\"version\":\"3.6.3\",\"optional\":true},{\"id\":\"paketo-buildpacks/watchexec\",\"version\":\"2.8.3\",\"optional\":true},{\"id\":\"paketo-buildpacks/cpython\",\"version\":\"1.9.0\"},{\"id\":\"paketo-buildpacks/pip\",\"version\":\"0.18.0\"},{\"id\":\"paketo-buildpacks/pipenv\",\"version\":\"1.19.0\"},{\"id\":\"paketo-buildpacks/pipenv-install\",\"version\":\"0.6.18\"},{\"id\":\"paketo-buildpacks/python-start\",\"version\":\"0.14.14\"},{\"id\":\"paketo-buildpacks/procfile\",\"version\":\"5.6.4\",\"optional\":true},{\"id\":\"paketo-buildpacks/environment-variables\",\"version\":\"4.5.3\",\"optional\":true},{\"id\":\"paketo-buildpacks/image-labels\",\"version\":\"4.5.2\",\"optional\":true}]},{\"group\":[{\"id\":\"paketo-buildpacks/ca-certificates\",\"version\":\"3.6.3\",\"optional\":true},{\"id\":\"paketo-buildpacks/watchexec\",\"version\":\"2.8.3\",\"optional\":true},{\"id\":\"paketo-buildpacks/cpython\",\"version\":\"1.9.0\"},{\"id\":\"paketo-buildpacks/pip\",\"version\":\"0.18.0\"},{\"id\":\"paketo-buildpacks/pip-install\",\"version\":\"0.6.0\"},{\"id\":\"paketo-buildpacks/python-start\",\"version\":\"0.14.14\"},{\"id\":\"paketo-buildpacks/procfile\",\"version\":\"5.6.4\",\"optional\":true},{\"id\":\"paketo-buildpacks/environment-variables\",\"version\":\"4.5.3\",\"optional\":true},{\"id\":\"paketo-buildpacks/image-labels\",\"version\":\"4.5.2\",\"optional\":true}]},{\"group\":[{\"id\":\"paketo-buildpacks/ca-certificates\",\"version\":\"3.6.3\",\"optional\":true},{\"id\":\"paketo-buildpacks/watchexec\",\"version\":\"2.8.3\",\"optional\":true},{\"id\":\"paketo-buildpacks/miniconda\",\"version\":\"0.8.5\"},{\"id\":\"paketo-buildpacks/conda-env-update\",\"v"
21:06:55.893 [Test worker] DEBUG com.github.dockerjava.zerodep.shaded.org.apache.hc.client5.http.wire - http-outgoing-0 << "ersion\":\"0.7.12\"},{\"id\":\"paketo-buildpacks/python-start\",\"version\":\"0.14.14\"},{\"id\":\"paketo-buildpacks/procfile\",\"version\":\"5.6.4\",\"optional\":true},{\"id\":\"paketo-buildpacks/environment-variables\",\"version\":\"4.5.3\",\"optional\":true},{\"id\":\"paketo-buildpacks/image-labels\",\"version\":\"4.5.2\",\"optional\":true}]},{\"group\":[{\"id\":\"paketo-buildpacks/ca-certificates\",\"version\":\"3.6.3\",\"optional\":true},{\"id\":\"paketo-buildpacks/watchexec\",\"version\":\"2.8.3\",\"optional\":true},{\"id\":\"paketo-buildpacks/cpython\",\"version\":\"1.9.0\"},{\"id\":\"paketo-buildpacks/pip\",\"version\":\"0.18.0\"},{\"id\":\"paketo-buildpacks/poetry\",\"version\":\"0.6.5\"},{\"id\":\"paketo-buildpacks/poetry-install\",\"version\":\"0.3.17\"},{\"id\":\"paketo-buildpacks/poetry-run\",\"version\":\"0.4.21\"},{\"id\":\"paketo-buildpacks/procfile\",\"version\":\"5.6.4\",\"optional\":true},{\"id\":\"paketo-buildpacks/environment-variables\",\"version\":\"4.5.3\",\"optional\":true},{\"id\":\"paketo-buildpacks/image-labels\",\"version\":\"4.5.2\",\"optional\":true}]},{\"group\":[{\"id\":\"paketo-buildpacks/ca-certificates\",\"version\":\"3.6.3\",\"optional\":true},{\"id\":\"paketo-buildpacks/watchexec\",\"version\":\"2.8.3\",\"optional\":true},{\"id\":\"paketo-buildpacks/cpython\",\"version\":\"1.9.0\"},{\"id\":\"paketo-buildpacks/pip\",\"version\":\"0.18.0\"},{\"id\":\"paketo-buildpacks/poetry\",\"version\":\"0.6.5\"},{\"id\":\"paketo-buildpacks/poetry-install\",\"version\":\"0.3.17\"},{\"id\":\"paketo-buildpacks/python-start\",\"version\":\"0.14.14\"},{\"id\":\"paketo-buildpacks/procfile\",\"version\":\"5.6.4\",\"optional\":true},{\"id\":\"paketo-buildpacks/environment-variables\",\"version\":\"4.5.3\",\"optional\":true},{\"id\":\"paketo-buildpacks/image-labels\",\"version\":\"4.5.2\",\"optional\":true}]},{\"group\":[{\"id\":\"paketo-buildpacks/ca-certificates\",\"version\":\"3.6.3\",\"optional\":true},{\"id\":\"paketo-buildpacks/watchexec\",\"version\":\"2.8.3\",\"optional\":true},{\"id\":\"paketo-buildpacks/cpython\",\"version\":\"1.9.0\"},{\"id\":\"paketo-buildpacks/python-start\",\"version\":\"0.14.14\"},{\"id\":\"paketo-buildpacks/procfile\",\"version\":\"5.6.4\",\"optional\":true},{\"id\":\"paketo-buildpacks/environment-variables\",\"version\":\"4.5.3\",\"optional\":true},{\"id\":\"paketo-buildpacks/image-labels\",\"version\":\"4.5.2\",\"optional\":true}]}],\"layerDiffID\":\"sha256:442267367faf5de598f76a55eda8246802498bd8603b33e64fa478c1865a313d\",\"name\":\"Paketo Buildpack for Python\"}},\"paketo-buildpacks/python-start\":{\"0.14.14\":{\"api\":\"0.8\",\"stacks\":[{\"id\":\"*\"}],\"layerDiffID\":\"sha256:cc5f2a129069824d2b544daa7953a5897f25514a7f1288bdab7b118a22c96e1d\",\"homepage\":\"https://github.com/paketo-buildpacks/python-start\",\"name\":\"Paketo Buildpack for Python Start\"}},\"paketo-buildpacks/rackup\":{\"0.4.35\":{\"api\":\"0.7\",\"stacks\":[{\"id\":\"*\"}],\"layerDiffID\":\"sha256:99b2c47ceabd4fc968466ba0d052a6e7f6c249f3f7828249005e767cf2d3d625\",\"homepage\":\"https://github.com/paketo-buildpacks/rackup\",\"name\":\"Paketo Buildpack for Rackup\"}},\"paketo-buildpacks/rails-assets\":{\"0.10.3\":{\"api\":\"0.7\",\"stacks\":[{\"id\":\"*\"}],\"layerDiffID\":\"sha256:3afc96a2ce20f153c301a4841e93e1adfb31842fb82866e1488faf5f393e1f21\",\"homepage\":\"https://github.com/paketo-buildpacks/rails-assets\",\"name\":\"Paketo Buildpack for Rails Assets\"}},\"paketo-buildpacks/rake\":{\"0.4.35\":{\"api\":\"0.7\",\"stacks\":[{\"id\":\"*\"}],\"layerDiffID\":\"sha256:f1c85a8fabcc44713b287a2539a9f5a450afe031ec5013b069749190fe517172\",\"homepage\":\"https://github.com/paketo-buildpacks/rake\",\"name\":\"Paketo Buildpack for Rake\"}},\"paketo-buildpacks/ruby\":{\"0.42.0\":{\"api\":\"0.7\",\"order\":[{\"group\":[{\"id\":\"paketo-buildpacks/ca-certificates\",\"version\":\"3.6.6\",\"optional\":true},{\"id\":\"paketo-buildpacks/mri\",\"version\":\"0.14.9\"},{\"id\":\"paketo-buildpacks/bundler\",\"version\":\"0.7.27\"},{\"id\":\"paketo-buildpacks/bundle-install\",\"version\":\"0.8.0\"},{\"id\":\"paketo-buildpacks/node-engine\",\"version\":\"3.0.1\",\"optional\":true},{\"id\":\"paketo-buildpacks/yarn\",\"version\":\"1.2.0\",\"optional\":true},{\"id\":\"paketo-buildpacks/yarn-install\",\"version\":\"1.2.2\",\"optional\":true},{\"id\":\"paketo-buildpacks/rails-assets\",\"version\":\"0.10.3\",\"optional\":true},{\"id\":\"paketo-buildpacks/puma\",\"version\":\"0.4.36\"},{\"id\":\"paketo-buildpacks/procfile\",\"version\":\"5.6.7\",\"optional\":true},{\"id\":\"paketo-buildpacks/environment-variables\",\"version\":\"4.5.6\",\"optional\":true},{\"id\":\"paketo-buildpacks/image-labels\",\"v"
21:06:55.893 [Test worker] DEBUG com.github.dockerjava.zerodep.shaded.org.apache.hc.client5.http.wire - http-outgoing-0 << "[\r][\n]"
21:06:55.893 [Test worker] DEBUG com.github.dockerjava.zerodep.shaded.org.apache.hc.client5.http.wire - http-outgoing-0 << "3e59[\r][\n]"
21:06:55.893 [Test worker] DEBUG com.github.dockerjava.zerodep.shaded.org.apache.hc.client5.http.wire - http-outgoing-0 << "ersion\":\"4.5.5\",\"optional\":true}]},{\"group\":[{\"id\":\"paketo-buildpacks/ca-certificates\",\"version\":\"3.6.6\",\"optional\":true},{\"id\":\"paketo-buildpacks/mri\",\"version\":\"0.14.9\"},{\"id\":\"paketo-buildpacks/bundler\",\"version\":\"0.7.27\"},{\"id\":\"paketo-buildpacks/bundle-install\",\"version\":\"0.8.0\"},{\"id\":\"paketo-buildpacks/node-engine\",\"version\":\"3.0.1\",\"optional\":true},{\"id\":\"paketo-buildpacks/yarn\",\"version\":\"1.2.0\",\"optional\":true},{\"id\":\"paketo-buildpacks/yarn-install\",\"version\":\"1.2.2\",\"optional\":true},{\"id\":\"paketo-buildpacks/rails-assets\",\"version\":\"0.10.3\",\"optional\":true},{\"id\":\"paketo-buildpacks/thin\",\"version\":\"0.5.35\"},{\"id\":\"paketo-buildpacks/procfile\",\"version\":\"5.6.7\",\"optional\":true},{\"id\":\"paketo-buildpacks/environment-variables\",\"version\":\"4.5.6\",\"optional\":true},{\"id\":\"paketo-buildpacks/image-labels\",\"version\":\"4.5.5\",\"optional\":true}]},{\"group\":[{\"id\":\"paketo-buildpacks/ca-certificates\",\"version\":\"3.6.6\",\"optional\":true},{\"id\":\"paketo-buildpacks/mri\",\"version\":\"0.14.9\"},{\"id\":\"paketo-buildpacks/bundler\",\"version\":\"0.7.27\"},{\"id\":\"paketo-buildpacks/bundle-install\",\"version\":\"0.8.0\"},{\"id\":\"paketo-buildpacks/node-engine\",\"version\":\"3.0.1\",\"optional\":true},{\"id\":\"paketo-buildpacks/yarn\",\"version\":\"1.2.0\",\"optional\":true},{\"id\":\"paketo-buildpacks/yarn-install\",\"version\":\"1.2.2\",\"optional\":true},{\"id\":\"paketo-buildpacks/rails-assets\",\"version\":\"0.10.3\",\"optional\":true},{\"id\":\"paketo-buildpacks/unicorn\",\"version\":\"0.4.35\"},{\"id\":\"paketo-buildpacks/procfile\",\"version\":\"5.6.7\",\"optional\":true},{\"id\":\"paketo-buildpacks/environment-variables\",\"version\":\"4.5.6\",\"optional\":true},{\"id\":\"paketo-buildpacks/image-labels\",\"version\":\"4.5.5\",\"optional\":true}]},{\"group\":[{\"id\":\"paketo-buildpacks/ca-certificates\",\"version\":\"3.6.6\",\"optional\":true},{\"id\":\"paketo-buildpacks/mri\",\"version\":\"0.14.9\"},{\"id\":\"paketo-buildpacks/bundler\",\"version\":\"0.7.27\"},{\"id\":\"paketo-buildpacks/bundle-install\",\"version\":\"0.8.0\"},{\"id\":\"paketo-buildpacks/node-engine\",\"version\":\"3.0.1\",\"optional\":true},{\"id\":\"paketo-buildpacks/yarn\",\"version\":\"1.2.0\",\"optional\":true},{\"id\":\"paketo-buildpacks/yarn-install\",\"version\":\"1.2.2\",\"optional\":true},{\"id\":\"paketo-buildpacks/rails-assets\",\"version\":\"0.10.3\",\"optional\":true},{\"id\":\"paketo-buildpacks/passenger\",\"version\":\"0.13.2\"},{\"id\":\"paketo-buildpacks/procfile\",\"version\":\"5.6.7\",\"optional\":true},{\"id\":\"paketo-buildpacks/environment-variables\",\"version\":\"4.5.6\",\"optional\":true},{\"id\":\"paketo-buildpacks/image-labels\",\"version\":\"4.5.5\",\"optional\":true}]},{\"group\":[{\"id\":\"paketo-buildpacks/ca-certificates\",\"version\":\"3.6.6\",\"optional\":true},{\"id\":\"paketo-buildpacks/mri\",\"version\":\"0.14.9\"},{\"id\":\"paketo-buildpacks/bundler\",\"version\":\"0.7.27\"},{\"id\":\"paketo-buildpacks/bundle-install\",\"version\":\"0.8.0\"},{\"id\":\"paketo-buildpacks/node-engine\",\"version\":\"3.0.1\",\"optional\":true},{\"id\":\"paketo-buildpacks/yarn\",\"version\":\"1.2.0\",\"optional\":true},{\"id\":\"paketo-buildpacks/yarn-install\",\"version\":\"1.2.2\",\"optional\":true},{\"id\":\"paketo-buildpacks/rails-assets\",\"version\":\"0.10.3\",\"optional\":true},{\"id\":\"paketo-buildpacks/rackup\",\"version\":\"0.4.35\"},{\"id\":\"paketo-buildpacks/procfile\",\"version\":\"5.6.7\",\"optional\":true},{\"id\":\"paketo-buildpacks/environment-variables\",\"version\":\"4.5.6\",\"optional\":true},{\"id\":\"paketo-buildpacks/image-labels\",\"version\":\"4.5.5\",\"optional\":true}]},{\"group\":[{\"id\":\"paketo-buildpacks/ca-certificates\",\"version\":\"3.6.6\",\"optional\":true},{\"id\":\"paketo-buildpacks/mri\",\"version\":\"0.14.9\"},{\"id\":\"paketo-buildpacks/bundler\",\"version\":\"0.7.27\",\"optional\":true},{\"id\":\"paketo-buildpacks/bundle-install\",\"version\":\"0.8.0\",\"optional\":true},{\"id\":\"paketo-buildpacks/rake\",\"version\":\"0.4.35\"},{\"id\":\"paketo-buildpacks/procfile\",\"version\":\"5.6.7\",\"optional\":true},{\"id\":\"paketo-buildpacks/environment-variables\",\"version\":\"4.5.6\",\"optional\":true},{\"id\":\"paketo-buildpacks/image-labels\",\"version\":\"4.5.5\",\"optional\":true}]}],\"layerDiffID\":\"sha256:8046d1b088791cd8a5c766cf10f8029cd475242887736c00cd74f3792c1dad6f\",\"homepage\":\"https://github.com/paketo-buildpacks/ruby\",\"name\":\"Paketo Buildpack for Ruby\"}},\"paketo-buildpacks/sbt\":{\"6.12.10\":{\"api\":\"0.7\",\"stacks\":[{\"id\":\"io.buildpacks.stacks.bionic\"},{\"id\":\"io.paketo.stacks.tiny\"},{\"id\":\"*\"}],\"layerDiffID\":\"sha256:65fe63989cfb8199caf97300a2c0f7a0592c07cebf8144aa12dc0c85d321fbe7\",\"homepage\":\"https://github.com/paketo-buildpacks/sbt\",\"name\":\"Paketo Buildpack for SBT\"}},\"paketo-buildpacks/source-removal\":{\"0.2.1\":{\"api\":\"0.7\",\"stacks\":[{\"id\":\"*\"}],\"layerDiffID\":\"sha256:c9b2b4846699e199bf3baa9f694c2914da8404ab2278da08576a53ecd11cd608\",\"name\":\"Paketo Buildpack for Source Removal\"}},\"paketo-buildpacks/spring-boot\":{\"5.27.7\":{\"api\":\"0.7\",\"stacks\":[{\"id\":\"io.buildpacks.stacks.bionic\"},{\"id\":\"io.paketo.stacks.tiny\"},{\"id\":\"*\"}],\"layerDiffID\":\"sha256:ba5039595a75bf813a4e4bf7ff60e1a8f6757f743d1c89203c0f71e884f4f7e1\",\"homepage\":\"https://github.com/paketo-buildpacks/spring-boot\",\"name\":\"Paketo Buildpack for Spring Boot\"}},\"paketo-buildpacks/syft\":{\"1.41.1\":{\"api\":\"0.7\",\"stacks\":[{\"id\":\"io.buildpacks.stacks.bionic\"},{\"id\":\"io.paketo.stacks.tiny\"},{\"id\":\"*\"}],\"layerDiffID\":\"sha256:ca20f0dabbd45ba53c5183831d430f570cdec3606f1283a2877a909761205138\",\"homepage\":\"https://github.com/paketo-buildpacks/syft\",\"name\":\"Paketo Buildpack for Syft\"}},\"paketo-buildpacks/thin\":{\"0.5.35\":{\"api\":\"0.7\",\"stacks\":[{\"id\":\"*\"}],\"layerDiffID\":\"sha256:9509ee62123bb3a02f3ca113d5222cd5762e24c6a748fd17ed4bc25427356e25\",\"homepage\":\"https://github.com/paketo-buildpacks/thin\",\"name\":\"Paketo Buildpack for Thin\"}},\"paketo-buildpacks/unicorn\":{\"0.4.35\":{\"api\":\"0.7\",\"stacks\":[{\"id\":\"*\"}],\"layerDiffID\":\"sha256:8476c034bcdc6cb591cfb03b2da9f4662478276127cbba5f82859267c3fc7e58\",\"homepage\":\"https://github.com/paketo-buildpacks/unicorn\",\"name\":\"Paketo Buildpack for Unicorn\"}},\"paketo-buildpacks/upx\":{\"3.4.6\":{\"api\":\"0.7\",\"stacks\":[{\"id\":\"io.buildpacks.stacks.bionic\"},{\"id\":\"io.paketo.stacks.tiny\"},{\"id\":\"*\"}],\"layerDiffID\":\"sha256:81431da72727491324cfc2eb7b0eddcda161c544b4670ce92bd5c4d0683415f3\",\"homepage\":\"https://github.com/paketo-buildpacks/upx\",\"name\":\"Paketo Buildpack for UPX\"}},\"paketo-buildpacks/vsdbg\":{\"0.3.6\":{\"api\":\"0.8\",\"stacks\":[{\"id\":\"io.buildpacks.stacks.bionic\"},{\"id\":\"io.buildpacks.stacks.jammy\"}],\"layerDiffID\":\"sha256:0bbe09619e9d5cdc9c40ccd304edd95433ff102b4a69e158622ee1d886eca724\",\"name\":\"Paketo Buildpack for Visual Studio Debugger\"}},\"paketo-buildpacks/watchexec\":{\"2.8.3\":{\"api\":\"0.7\",\"stacks\":[{\"id\":\"io.buildpacks.stacks.bionic\"},{\"id\":\"io.paketo.stacks.tiny\"},{\"id\":\"*\"}],\"layerDiffID\":\"sha256:7091071dbf9c60845a16f05a7c8edab69cc2c26aa13ba32c096f1f2097b91e72\",\"homepage\":\"https://github.com/paketo-buildpacks/watchexec\",\"name\":\"Paketo Buildpack for Watchexec\"},\"2.8.5\":{\"api\":\"0.7\",\"stacks\":[{\"id\":\"io.buildpacks.stacks.bionic\"},{\"id\":\"io.paketo.stacks.tiny\"},{\"id\":\"*\"}],\"layerDiffID\":\"sha256:11f60937526ebc92492d6a33591e0b2099c585ba920a78da56b476afcf8c7ac3\",\"homepage\":\"https://github.com/paketo-buildpacks/watchexec\",\"name\":\"Paketo Buildpack for Watchexec\"},\"2.8.6\":{\"api\":\"0.7\",\"stacks\":[{\"id\":\"io.buildpacks.stacks.bionic\"},{\"id\":\"io.paketo.stacks.tiny\"},{\"id\":\"*\"}],\"layerDiffID\":\"sha256:59ed9760c40281504b679fd3c24acba2fd5df71f4deb25caeb6f2d4611cd0b34\",\"homepage\":\"https://github.com/paketo-buildpacks/watchexec\",\"name\":\"Paketo Buildpack for Watchexec\"}},\"paketo-buildpacks"
21:06:55.893 [Test worker] DEBUG com.github.dockerjava.zerodep.shaded.org.apache.hc.client5.http.wire - http-outgoing-0 << "/web-servers\":{\"0.19.1\":{\"api\":\"0.7\",\"order\":[{\"group\":[{\"id\":\"paketo-buildpacks/ca-certificates\",\"version\":\"3.6.5\",\"optional\":true},{\"id\":\"paketo-buildpacks/watchexec\",\"version\":\"2.8.5\",\"optional\":true},{\"id\":\"paketo-buildpacks/node-engine\",\"version\":\"2.0.0\"},{\"id\":\"paketo-buildpacks/yarn\",\"version\":\"1.1.11\"},{\"id\":\"paketo-buildpacks/yarn-install\",\"version\":\"1.2.1\"},{\"id\":\"paketo-buildpacks/node-run-script\",\"version\":\"1.0.13\"},{\"id\":\"paketo-buildpacks/nginx\",\"version\":\"0.15.6\"},{\"id\":\"paketo-buildpacks/procfile\",\"version\":\"5.6.6\",\"optional\":true},{\"id\":\"paketo-buildpacks/environment-variables\",\"version\":\"4.5.5\",\"optional\":true},{\"id\":\"paketo-buildpacks/image-labels\",\"version\":\"4.5.4\",\"optional\":true},{\"id\":\"paketo-buildpacks/source-removal\",\"version\":\"0.2.1\"}]},{\"group\":[{\"id\":\"paketo-buildpacks/ca-certificates\",\"version\":\"3.6.5\",\"optional\":true},{\"id\":\"paketo-buildpacks/watchexec\",\"version\":\"2.8.5\",\"optional\":true},{\"id\":\"paketo-buildpacks/node-engine\",\"version\":\"2.0.0\"},{\"id\":\"paketo-buildpacks/npm-install\",\"version\":\"1.3.0\"},{\"id\":\"paketo-buildpacks/node-run-script\",\"version\":\"1.0.13\"},{\"id\":\"paketo-buildpacks/nginx\",\"version\":\"0.15.6\"},{\"id\":\"paketo-buildpacks/procfile\",\"version\":\"5.6.6\",\"optional\":true},{\"id\":\"paketo-buildpacks/environment-variables\",\"version\":\"4.5.5\",\"optional\":true},{\"id\":\"paketo-buildpacks/image-labels\",\"version\":\"4.5.4\",\"optional\":true},{\"id\":\"paketo-buildpacks/source-removal\",\"version\":\"0.2.1\"}]},{\"group\":[{\"id\":\"paketo-buildpacks/ca-certificates\",\"version\":\"3.6.5\",\"optional\":true},{\"id\":\"paketo-buildpacks/watchexec\",\"version\":\"2.8.5\",\"optional\":true},{\"id\":\"paketo-buildpacks/node-engine\",\"version\":\"2.0.0\"},{\"id\":\"paketo-buildpacks/yarn\",\"version\":\"1.1.11\"},{\"id\":\"paketo-buildpacks/yarn-install\",\"version\":\"1.2.1\"},{\"id\":\"paketo-buildpacks/node-run-script\",\"version\":\"1.0.13\"},{\"id\":\"paketo-buildpacks/httpd\",\"version\":\"0.7.14\"},{\"id\":\"paketo-buildpacks/procfile\",\"version\":\"5.6.6\",\"optional\":true},{\"id\":\"paketo-buildpacks/environment-variables\",\"version\":\"4.5.5\",\"optional\":true},{\"id\":\"paketo-buildpacks/image-labels\",\"version\":\"4.5.4\",\"optional\":true},{\"id\":\"paketo-buildpacks/source-removal\",\"version\":\"0.2.1\"}]},{\"group\":[{\"id\":\"paketo-buildpacks/ca-certificates\",\"version\":\"3.6.5\",\"optional\":true},{\"id\":\"paketo-buildpacks/watchexec\",\"version\":\"2.8.5\",\"optional\":true},{\"id\":\"paketo-buildpacks/node-engine\",\"version\":\"2.0.0\"},{\"id\":\"paketo-buildpacks/npm-install\",\"version\":\"1.3.0\"},{\"id\":\"paketo-buildpacks/node-run-script\",\"version\":\"1.0.13\"},{\"id\":\"paketo-buildpacks/httpd\",\"version\":\"0.7.14\"},{\"id\":\"paketo-buildpacks/procfile\",\"version\":\"5.6.6\",\"optional\":true},{\"id\":\"paketo-buildpacks/environment-variables\",\"version\":\"4.5.5\",\"optional\":true},{\"id\":\"paketo-buildpacks/image-labels\",\"version\":\"4.5.4\",\"optional\":true},{\"id\":\"paketo-buildpacks/source-removal\",\"version\":\"0.2.1\"}]},{\"group\":[{\"id\":\"paketo-buildpacks/ca-certificates\",\"version\":\"3.6.5\",\"optional\":true},{\"id\":\"paketo-buildpacks/watchexec\",\"version\":\"2.8.5\",\"optional\":true},{\"id\":\"paketo-buildpacks/nginx\",\"version\":\"0.15.6\"},{\"id\":\"paketo-buildpacks/procfile\",\"version\":\"5.6.6\",\"optional\":true},{\"id\":\"paketo-buildpacks/environment-variables\",\"version\":\"4.5.5\",\"optional\":true},{\"id\":\"paketo-buildpacks/image-labels\",\"version\":\"4.5.4\",\"optional\":true},{\"id\":\"paketo-buildpacks/source-removal\",\"version\":\"0.2.1\"}]},{\"group\":[{\"id\":\"paketo-buildpacks/ca-certificates\",\"version\":\"3.6.5\",\"optional\":true},{\"id\":\"paketo-buildpacks/watchexec\",\"version\":\"2.8.5\",\"optional\":true},{\"id\":\"paketo-buildpacks/httpd\",\"version\":\"0.7.14\"},{\"id\":\"paketo-buildpacks/procfile\",\"version\":\"5.6.6\",\"optional\":true},{\"id\":\"paketo-buildpacks/environment-variables\",\"version\":\"4.5.5\",\"optional\":true},{\"id\":\"paketo-buildpacks/image-labels\",\"version\":\"4.5.4\",\"optional\":true},{\"id\":\"paketo-buildpacks/source-removal\",\"version\":\"0.2.1\"}]}],\"layerDiffID\":\"sha256:60b2632955c147fd465b110c148052c946dcc0af762ae3f2875da59c87e08516\",\"homepage\":\"https://github.com/paketo-buildpacks/web-servers\",\"name\":\"Paketo Buildpack for Web Servers\"}},\"paketo-buildpacks/yarn\":{\"1.1.11\":{\"api\":\"0.7\",\"stacks\":[{\"id\":\"io.buildpacks.stacks.bionic\"},{\"id\":\"io.buildpacks.stacks.jammy\"},{\"id\":\"*\"}],\"layerDiffID\":\"sha256:a7184382daf5436fe33ca5a0d69053fad35d1e13eb1047b6b908041ba9ca995e\",\"homepage\":\"https://github.com/paketo-buildpacks/yarn\",\"name\":\"Paketo Buildpack for Yarn\"},\"1.2.0\":{\"api\":\"0.7\",\"stacks\":[{\"id\":\"io.buildpacks.stacks.bionic\"},{\"id\":\"io.buildpacks.stacks.jammy\"},{\"id\":\"*\"}],\"layerDiffID\":\"sha256:ec468a227ffad6f302bab3acf85e994c7e7d35d413e0682ad2cd9d3c8ab17d80\",\"homepage\":\"https://github.com/paketo-buildpacks/yarn\",\"name\":\"Paketo Buildpack for Yarn\"}},\"paketo-buildpacks/yarn-install\":{\"1.2.1\":{\"api\":\"0.7\",\"stacks\":[{\"id\":\"*\"}],\"layerDiffID\":\"sha256:00eba1517d53a91e912fc8d03c7335ca58477b7412b458041e674ae1f60bf204\",\"homepage\":\"https://github.com/paketo-buildpacks/yarn-install\",\"name\":\"Paketo Buildpack for Yarn Install\"},\"1.2.2\":{\"api\":\"0.7\",\"stacks\":[{\"id\":\"*\"}],\"layerDiffID\":\"sha256:e23c3fb0f408926d15a29044d91de04e61dc35068fb3552604f410cfe68be161\",\"homepage\":\"https://github.com/paketo-buildpacks/yarn-install\",\"name\":\"Paketo Buildpack for Yarn Install\"}},\"paketo-buildpacks/yarn-start\":{\"1.1.3\":{\"api\":\"0.7\",\"stacks\":[{\"id\":\"*\"}],\"layerDiffID\":\"sha256:c19038830466a1990b14ed00f7b0464b4a7ad57c8c663398513f17524f97db95\",\"homepage\":\"https://github.com/paketo-buildpacks/yarn-start\",\"name\":\"Paketo Buildpack for Yarn Start\"}}}","io.buildpacks.buildpack.order":"[{\"group\":[{\"id\":\"paketo-buildpacks/ruby\",\"version\":\"0.42.0\"}]},{\"group\":[{\"id\":\"paketo-buildpacks/dotnet-core\",\"version\":\"0.42.2\"}]},{\"group\":[{\"id\":\"paketo-buildpacks/go\",\"version\":\"4.6.2\"}]},{\"group\":[{\"id\":\"paketo-buildpacks/java-native-image\",\"version\":\"8.24.0\"}]},{\"group\":[{\"id\":\"paketo-buildpacks/java\",\"version\":\"10.5.0\"}]},{\"group\":[{\"id\":\"paketo-buildpacks/web-servers\",\"version\":\"0.19.1\"}]},{\"group\":[{\"id\":\"paketo-buildpacks/nodejs\",\"version\":\"2.0.0\"}]},{\"group\":[{\"id\":\"paketo-buildpacks/python\",\"version\":\"2.14.0\"}]},{\"group\":[{\"id\":\"paketo-buildpacks/procfile\",\"version\":\"5.6.7\"}]}]","io.buildpacks.buildpack.order-extensions":"null","io.buildpacks.extension.layers":"{}","io.buildpacks.stack.description":"ubuntu:jammy with compilers and shell utilities","io.buildpacks.stack.distro.name":"ubuntu","io.buildpacks.stack.distro.version":"22.04","io.buildpacks.stack.homepage":"https://github.com/paketo-buildpacks/jammy-base-stack","io.buildpacks.stack.id":"io.buildpacks.stacks.jammy","io.buildpacks.stack.maintainer":"Paketo Buildpacks","io.buildpacks.stack.metadata":"{}","io.buildpacks.stack.mixins":"null","io.buildpacks.stack.released":"2023-12-11T14:36:54Z","org.opencontainers.image.ref.name":"ubuntu","org.opencontainers.image.version":"22.04"},"ParentId":"","RepoDigests":["paketobuildpacks/builder-jammy-base@sha256:228383e5ab6381b50cd59db7043a8f0ff3fb2fa552d070ba110ae0fbaf83e79b"],"RepoTags":["paketobuildpacks/builder-jammy-base:latest"],"SharedSize":-1,"Size":1549898797,"VirtualSize":1549898797}][\n]"
21:06:55.894 [Test worker] DEBUG com.github.dockerjava.zerodep.shaded.org.apache.hc.client5.http.wire - http-outgoing-0 << "[\r][\n]"
21:06:55.894 [Test worker] DEBUG com.github.dockerjava.zerodep.shaded.org.apache.hc.client5.http.wire - http-outgoing-0 << "0[\r][\n]"
21:06:55.894 [Test worker] DEBUG com.github.dockerjava.zerodep.shaded.org.apache.hc.client5.http.wire - http-outgoing-0 << "[\r][\n]"
21:06:55.894 [Test worker] DEBUG com.github.dockerjava.zerodep.shaded.org.apache.hc.client5.http.impl.classic.InternalHttpClient - ep-00000002: releasing valid endpoint
21:06:55.894 [Test worker] DEBUG com.github.dockerjava.zerodep.shaded.org.apache.hc.client5.http.impl.io.PoolingHttpClientConnectionManager - ep-00000002: releasing endpoint
21:06:55.894 [Test worker] DEBUG com.github.dockerjava.zerodep.shaded.org.apache.hc.client5.http.impl.io.PoolingHttpClientConnectionManager - ep-00000002: connection http-outgoing-0 can be kept alive for 3 MINUTES
21:06:55.894 [Test worker] DEBUG com.github.dockerjava.zerodep.shaded.org.apache.hc.client5.http.impl.io.PoolingHttpClientConnectionManager - ep-00000002: connection released [route: {}->unix://localhost:2375][total available: 1; route allocated: 1 of 2147483647; total allocated: 1 of 2147483647]
21:06:55.896 [Test worker] DEBUG org.testcontainers.images.LocalImagesCache - repoTags is null, skipping image: Image(created=1702262494, id=sha256:1a35dc911a52a2e6674717b8d971d97c707bfd40c153bdaed61fc2ed3c3d0cb9, parentId=, repoTags=null, repoDigests=[paketobuildpacks/run-jammy-base@sha256:c1189ed430fd687a0359ce2fee6446d1aa86025d302511e8069b45b3ec1e1a74], size=120040451, virtualSize=120040451, sharedSize=-1, labels={io.buildpacks.stack.description=ubuntu:jammy with some common dependencies like tzdata and openssl, io.buildpacks.stack.distro.name=ubuntu, io.buildpacks.stack.distro.version=22.04, io.buildpacks.stack.homepage=https://github.com/paketo-buildpacks/jammy-base-stack, io.buildpacks.stack.id=io.buildpacks.stacks.jammy, io.buildpacks.stack.maintainer=Paketo Buildpacks, io.buildpacks.stack.metadata={}, io.buildpacks.stack.released=2023-12-11T02:42:03Z, org.opencontainers.image.ref.name=ubuntu, org.opencontainers.image.version=22.04}, containers=-1)
21:06:55.896 [Test worker] DEBUG org.testcontainers.images.LocalImagesCache - repoTags is null, skipping image: Image(created=1702003266, id=sha256:4b659a375ff6f363ddd021bb1b9f65348278cf200ee3eed821ae5d790ced5bcd, parentId=, repoTags=null, repoDigests=[paketobuildpacks/run-jammy-base@sha256:5144c96bf84a589c4cefd593a62c54d89c4c9d38281431c2bccab03061227884], size=119453081, virtualSize=119453081, sharedSize=-1, labels={io.buildpacks.stack.description=ubuntu:jammy with some common dependencies like tzdata and openssl, io.buildpacks.stack.distro.name=ubuntu, io.buildpacks.stack.distro.version=22.04, io.buildpacks.stack.homepage=https://github.com/paketo-buildpacks/jammy-base-stack, io.buildpacks.stack.id=io.buildpacks.stacks.jammy, io.buildpacks.stack.maintainer=Paketo Buildpacks, io.buildpacks.stack.metadata={}, io.buildpacks.stack.released=2023-12-08T02:41:34Z, org.opencontainers.image.ref.name=ubuntu, org.opencontainers.image.version=22.04}, containers=-1)
21:06:55.896 [Test worker] DEBUG org.testcontainers.images.LocalImagesCache - repoTags is null, skipping image: Image(created=1701139266, id=sha256:4b9bf2d33b920851260faf1799be1a2a3caebd0b47d55e8932c5fe7a593c5a06, parentId=, repoTags=null, repoDigests=[paketobuildpacks/run-jammy-base@sha256:ab6d1ff1f7daf3e5105acdbe5a994f44850c62e7a5db8cd4c8d22c711fa4dc63], size=126001626, virtualSize=126001626, sharedSize=-1, labels={io.buildpacks.stack.description=ubuntu:jammy with some common dependencies like tzdata and openssl, io.buildpacks.stack.distro.name=ubuntu, io.buildpacks.stack.distro.version=22.04, io.buildpacks.stack.homepage=https://github.com/paketo-buildpacks/jammy-base-stack, io.buildpacks.stack.id=io.buildpacks.stacks.jammy, io.buildpacks.stack.maintainer=Paketo Buildpacks, io.buildpacks.stack.metadata={}, io.buildpacks.stack.released=2023-11-28T02:41:38Z, org.opencontainers.image.ref.name=ubuntu, org.opencontainers.image.version=22.04}, containers=-1)
21:06:55.896 [Test worker] DEBUG org.testcontainers.images.LocalImagesCache - repoTags is null, skipping image: Image(created=1700707153, id=sha256:447584c41ab68a6b218fe166233d649323807242788c49bfefbec363a53a0b78, parentId=, repoTags=null, repoDigests=[paketobuildpacks/run-jammy-base@sha256:2945043b13a874e37384f0c8ecaa88bac67ac130ac8574ba68c1436111400c56], size=118607555, virtualSize=118607555, sharedSize=-1, labels={io.buildpacks.stack.description=ubuntu:jammy with some common dependencies like tzdata and openssl, io.buildpacks.stack.distro.name=ubuntu, io.buildpacks.stack.distro.version=22.04, io.buildpacks.stack.homepage=https://github.com/paketo-buildpacks/jammy-base-stack, io.buildpacks.stack.id=io.buildpacks.stacks.jammy, io.buildpacks.stack.maintainer=Paketo Buildpacks, io.buildpacks.stack.metadata={}, io.buildpacks.stack.released=2023-11-23T02:39:42Z, org.opencontainers.image.ref.name=ubuntu, org.opencontainers.image.version=22.04}, containers=-1)
21:06:55.896 [Test worker] DEBUG org.testcontainers.images.LocalImagesCache - repoTags is null, skipping image: Image(created=1680354465, id=sha256:66f83dca7fb3bb14c20fb64cf435f112a278013f23823387221c73169b023f73, parentId=, repoTags=null, repoDigests=[catthehacker/ubuntu@sha256:a0a4cfb94d904e797883c8692a967ed4a0d7539d9295a987782526c2159cfb29], size=1020217112, virtualSize=1020217112, sharedSize=-1, labels={org.opencontainers.image.authors=https://github.com/catthehacker, org.opencontainers.image.created=2023-04-01 12:59:43Z, org.opencontainers.image.description=Special image built for using with https://github.com/nektos/act, org.opencontainers.image.documentation=https://github.com/catthehacker/catthehacker/docker_images, org.opencontainers.image.ref.name=ubuntu, org.opencontainers.image.revision=4f58a457e77a1146a177b922c80af5d8379e2959, org.opencontainers.image.source=https://github.com/catthehacker/catthehacker/docker_images, org.opencontainers.image.title=act-latest-arm64, org.opencontainers.image.url=https://github.com/catthehacker/catthehacker/docker_images/tree/4f58a457e77a1146a177b922c80af5d8379e2959/linux/ubuntu/act/, org.opencontainers.image.vendor=catthehacker, org.opencontainers.image.version=20230401}, containers=-1)
21:06:55.896 [Test worker] DEBUG org.testcontainers.images.LocalImagesCache - repoTags is null, skipping image: Image(created=315532801, id=sha256:0100a93c1b23ee572df3eaa855109f3c7b01688d6cdbc2d21f2fd81e59d9ce92, parentId=, repoTags=null, repoDigests=[paketobuildpacks/builder-jammy-base@sha256:f8dce306dbcf00e8c1ee324be2ac52c18c3ccc14e196e19ed302432368fd2f2c], size=1547671803, virtualSize=1547671803, sharedSize=-1, labels={io.buildpacks.builder.metadata={"description":"Ubuntu 22.04 Jammy Jellyfish base image with buildpacks for Java, Go, .NET Core, Node.js, Python, Apache HTTPD, NGINX and Procfile","buildpacks":[{"id":"paketo-buildpacks/dotnet-core","name":"Paketo Buildpack for .NET Core","version":"0.42.0","homepage":"https://github.com/paketo-buildpacks/dotnet-core"},{"id":"paketo-buildpacks/ca-certificates","name":"Paketo Buildpack for CA Certificates","version":"3.6.6","homepage":"https://github.com/paketo-buildpacks/ca-certificates"},{"id":"paketo-buildpacks/dotnet-core-aspnet-runtime","name":"Paketo Buildpack for ASP.NET Core Runtime","version":"0.4.0","homepage":"https://github.com/paketo-buildpacks/dotnet-core-aspnet-runtime"},{"id":"paketo-buildpacks/dotnet-core-sdk","name":"Paketo Buildpack for .NET Core SDK","version":"0.14.0","homepage":"https://github.com/paketo-buildpacks/dotnet-core-sdk"},{"id":"paketo-buildpacks/dotnet-execute","name":"Paketo Buildpack for .NET Execute","version":"0.14.23","homepage":"https://github.com/paketo-buildpacks/dotnet-execute"},{"id":"paketo-buildpacks/dotnet-publish","name":"Paketo Buildpack for .NET Publish","version":"0.12.22","homepage":"https://github.com/paketo-buildpacks/dotnet-publish"},{"id":"paketo-buildpacks/environment-variables","name":"Paketo Buildpack for Environment Variables","version":"4.5.6","homepage":"https://github.com/paketo-buildpacks/environment-variables"},{"id":"paketo-buildpacks/icu","name":"Paketo Buildpack for ICU","version":"0.7.0","homepage":"https://github.com/paketo-buildpacks/icu"},{"id":"paketo-buildpacks/image-labels","name":"Paketo Buildpack for Image Labels","version":"4.5.5","homepage":"https://github.com/paketo-buildpacks/image-labels"},{"id":"paketo-buildpacks/node-engine","name":"Paketo Buildpack for Node Engine","version":"3.0.1","homepage":"https://github.com/paketo-buildpacks/node-engine"},{"id":"paketo-buildpacks/procfile","name":"Paketo Buildpack for Procfile","version":"5.6.7","homepage":"https://github.com/paketo-buildpacks/procfile"},{"id":"paketo-buildpacks/vsdbg","name":"Paketo Buildpack for Visual Studio Debugger","version":"0.3.4"},{"id":"paketo-buildpacks/watchexec","name":"Paketo Buildpack for Watchexec","version":"2.8.6","homepage":"https://github.com/paketo-buildpacks/watchexec"},{"id":"paketo-buildpacks/go","name":"Paketo Buildpack for Go","version":"4.6.1","homepage":"https://github.com/paketo-buildpacks/go"},{"id":"paketo-buildpacks/ca-certificates","name":"Paketo Buildpack for CA Certificates","version":"3.6.6","homepage":"https://github.com/paketo-buildpacks/ca-certificates"},{"id":"paketo-buildpacks/environment-variables","name":"Paketo Buildpack for Environment Variables","version":"4.5.6","homepage":"https://github.com/paketo-buildpacks/environment-variables"},{"id":"paketo-buildpacks/git","name":"Paketo Buildpack for Git","version":"1.0.7","homepage":"https://github.com/paketo-buildpacks/git"},{"id":"paketo-buildpacks/go-build","name":"Paketo Buildpack for Go Build","version":"2.1.1","homepage":"https://github.com/paketo-buildpacks/go-build"},{"id":"paketo-buildpacks/go-dist","name":"Paketo Buildpack for Go Distribution","version":"2.4.3","homepage":"https://github.com/paketo-buildpacks/go-dist"},{"id":"paketo-buildpacks/go-mod-vendor","name":"Paketo Buildpack for Go Mod Vendor","version":"1.0.26","homepage":"https://github.com/paketo-buildpacks/go-mod-vendor"},{"id":"paketo-buildpacks/image-labels","name":"Paketo Buildpack for Image Labels","version":"4.5.5","homepage":"https://github.com/paketo-buildpacks/image-labels"},{"id":"paketo-buildpacks/procfile","name":"Paketo Buildpack for Procfile","version":"5.6.7","homepage":"https://github.com/paketo-buildpacks/procfile"},{"id":"paketo-buildpacks/watchexec","name":"Paketo Buildpack for Watchexec","version":"2.8.6","homepage":"https://github.com/paketo-buildpacks/watchexec"},{"id":"paketo-buildpacks/java-native-image","name":"Paketo Buildpack for Java Native Image","version":"8.22.0","homepage":"https://paketo.io/docs/howto/java/#build-an-app-as-a-graalvm-native-image-application"},{"id":"paketo-buildpacks/bellsoft-liberica","name":"Paketo Buildpack for BellSoft Liberica","version":"10.4.2","homepage":"https://github.com/paketo-buildpacks/bellsoft-liberica"},{"id":"paketo-buildpacks/ca-certificates","name":"Paketo Buildpack for CA Certificates","version":"3.6.6","homepage":"https://github.com/paketo-buildpacks/ca-certificates"},{"id":"paketo-buildpacks/datadog","name":"Paketo Buildpack for Datadog","version":"4.3.0","homepage":"https://github.com/paketo-buildpacks/datadog"},{"id":"paketo-buildpacks/environment-variables","name":"Paketo Buildpack for Environment Variables","version":"4.5.6","homepage":"https://github.com/paketo-buildpacks/environment-variables"},{"id":"paketo-buildpacks/executable-jar","name":"Paketo Buildpack for Executable JAR","version":"6.8.2","homepage":"https://github.com/paketo-buildpacks/executable-jar"},{"id":"paketo-buildpacks/gradle","name":"Paketo Buildpack for Gradle","version":"7.6.1","homepage":"https://github.com/paketo-buildpacks/gradle"},{"id":"paketo-buildpacks/image-labels","name":"Paketo Buildpack for Image Labels","version":"4.5.5","homepage":"https://github.com/paketo-buildpacks/image-labels"},{"id":"paketo-buildpacks/leiningen","name":"Paketo Buildpack for Leiningen","version":"4.6.8","homepage":"https://github.com/paketo-buildpacks/leiningen"},{"id":"paketo-buildpacks/maven","name":"Paketo Buildpack for Maven","version":"6.15.11","homepage":"https://github.com/paketo-buildpacks/maven"},{"id":"paketo-buildpacks/native-image","name":"Paketo Buildpack for Native Image","version":"5.12.6","homepage":"https://github.com/paketo-buildpacks/native-image"},{"id":"paketo-buildpacks/procfile","name":"Paketo Buildpack for Procfile","version":"5.6.7","homepage":"https://github.com/paketo-buildpacks/procfile"},{"id":"paketo-buildpacks/sbt","name":"Paketo Buildpack for SBT","version":"6.12.9","homepage":"https://github.com/paketo-buildpacks/sbt"},{"id":"paketo-buildpacks/spring-boot","name":"Paketo Buildpack for Spring Boot","version":"5.27.5","homepage":"https://github.com/paketo-buildpacks/spring-boot"},{"id":"paketo-buildpacks/syft","name":"Paketo Buildpack for Syft","version":"1.39.0","homepage":"https://github.com/paketo-buildpacks/syft"},{"id":"paketo-buildpacks/upx","name":"Paketo Buildpack for UPX","version":"3.4.6","homepage":"https://github.com/paketo-buildpacks/upx"},{"id":"paketo-buildpacks/java","name":"Paketo Buildpack for Java","version":"10.3.3","homepage":"https://paketo.io/docs/howto/java"},{"id":"paketo-buildpacks/apache-tomcat","name":"Paketo Buildpack for Apache Tomcat","version":"7.13.15","homepage":"https://github.com/paketo-buildpacks/apache-tomcat"},{"id":"paketo-buildpacks/apache-tomee","name":"Paketo Buildpack for Apache Tomee","version":"1.7.8","homepage":"https://github.com/paketo-buildpacks/apache-tomee"},{"id":"paketo-buildpacks/azure-application-insights","name":"Paketo Buildpack for Azure Application Insights","version":"5.17.1","homepage":"https://github.com/paketo-buildpacks/azure-application-insights"},{"id":"paketo-buildpacks/bellsoft-liberica","name":"Paketo Buildpack for BellSoft Liberica","version":"10.4.2","homepage":"https://github.com/paketo-buildpacks/bellsoft-liberica"},{"id":"paketo-buildpacks/ca-certificates","name":"Paketo Buildpack for CA Certificates","version":"3.6.6","homepage":"https://github.com/paketo-buildpacks/ca-certificates"},{"id":"paketo-buildpacks/clojure-tools","name":"Paketo Buildpack for Clojure Tools","version":"2.8.12","homepage":"https://github.com/paketo-buildpacks/clojure-tools"},{"id":"paketo-buildpacks/datadog","name":"Paketo Buildpack for Datadog","version":"4.3.0","homepage":"https://github.com/paketo-buildpacks/datadog"},{"id":"paketo-buildpacks/dist-zip","name":"Paketo Buildpack for DistZip","version":"5.6.7","homepage":"https://github.com/paketo-buildpacks/dist-zip"},{"id":"paketo-buildpacks/encrypt-at-rest","name":"Paketo Buildpack for Encrypt-at-Rest","version":"4.5.10","homepage":"https://github.com/paketo-buildpacks/encrypt-at-rest"},{"id":"paketo-buildpacks/environment-variables","name":"Paketo Buildpack for Environment Variables","version":"4.5.6","homepage":"https://github.com/paketo-buildpacks/environment-variables"},{"id":"paketo-buildpacks/executable-jar","name":"Paketo Buildpack for Executable JAR","version":"6.8.2","homepage":"https://github.com/paketo-buildpacks/executable-jar"},{"id":"paketo-buildpacks/google-stackdriver","name":"Paketo Buildpack for Google Stackdriver","version":"8.0.3","homepage":"https://github.com/paketo-buildpacks/google-stackdriver"},{"id":"paketo-buildpacks/gradle","name":"Paketo Buildpack for Gradle","version":"7.6.1","homepage":"https://github.com/paketo-buildpacks/gradle"},{"id":"paketo-buildpacks/image-labels","name":"Paketo Buildpack for Image Labels","version":"4.5.5","homepage":"https://github.com/paketo-buildpacks/image-labels"},{"id":"paketo-buildpacks/jattach","name":"Paketo Buildpack for JAttach","version":"1.4.8","homepage":"https://github.com/paketo-buildpacks/jattach"},{"id":"paketo-buildpacks/java-memory-assistant","name":"Paketo Buildpack for Java Memory Assistant","version":"1.4.8","homepage":"https://github.com/paketo-buildpacks/java-memory-assistant"},{"id":"paketo-buildpacks/leiningen","name":"Paketo Buildpack for Leiningen","version":"4.6.8","homepage":"https://github.com/paketo-buildpacks/leiningen"},{"id":"paketo-buildpacks/liberty","name":"Paketo Buildpack for Liberty","version":"3.8.10","homepage":"https://github.com/paketo-buildpacks/liberty"},{"id":"paketo-buildpacks/maven","name":"Paketo Buildpack for Maven","version":"6.15.11","homepage":"https://github.com/paketo-buildpacks/maven"},{"id":"paketo-buildpacks/node-engine","name":"Paketo Buildpack for Node Engine","version":"3.0.1","homepage":"https://github.com/paketo-buildpacks/node-engine"},{"id":"paketo-buildpacks/procfile","name":"Paketo Buildpack for Procfile","version":"5.6.7","homepage":"https://github.com/paketo-buildpacks/procfile"},{"id":"paketo-buildpacks/sbt","name":"Paketo Buildpack for SBT","version":"6.12.9","homepage":"https://github.com/paketo-buildpacks/sbt"},{"id":"paketo-buildpacks/spring-boot","name":"Paketo Buildpack for Spring Boot","version":"5.27.5","homepage":"https://github.com/paketo-buildpacks/spring-boot"},{"id":"paketo-buildpacks/syft","name":"Paketo Buildpack for Syft","version":"1.39.0","homepage":"https://github.com/paketo-buildpacks/syft"},{"id":"paketo-buildpacks/watchexec","name":"Paketo Buildpack for Watchexec","version":"2.8.6","homepage":"https://github.com/paketo-buildpacks/watchexec"},{"id":"paketo-buildpacks/yarn","name":"Paketo Buildpack for Yarn","version":"1.2.0","homepage":"https://github.com/paketo-buildpacks/yarn"},{"id":"paketo-buildpacks/nodejs","name":"Paketo Buildpack for Node.js","version":"2.0.0","homepage":"https://github.com/paketo-buildpacks/nodejs"},{"id":"paketo-buildpacks/ca-certificates","name":"Paketo Buildpack for CA Certificates","version":"3.6.6","homepage":"https://github.com/paketo-buildpacks/ca-certificates"},{"id":"paketo-buildpacks/datadog","name":"Paketo Buildpack for Datadog","version":"3.6.0","homepage":"https://github.com/paketo-buildpacks/datadog"},{"id":"paketo-buildpacks/environment-variables","name":"Paketo Buildpack for Environment Variables","version":"4.5.6","homepage":"https://github.com/paketo-buildpacks/environment-variables"},{"id":"paketo-buildpacks/image-labels","name":"Paketo Buildpack for Image Labels","version":"4.5.5","homepage":"https://github.com/paketo-buildpacks/image-labels"},{"id":"paketo-buildpacks/node-engine","name":"Paketo Buildpack for Node Engine","version":"3.0.1","homepage":"https://github.com/paketo-buildpacks/node-engine"},{"id":"paketo-buildpacks/node-run-script","name":"Paketo Buildpack for Node Run Script","version":"1.0.14","homepage":"https://github.com/paketo-buildpacks/node-run-script"},{"id":"paketo-buildpacks/node-start","name":"Paketo Buildpack for Node Start","version":"1.1.3","homepage":"https://github.com/paketo-buildpacks/node-start"},{"id":"paketo-buildpacks/npm-install","name":"Paketo Buildpack for NPM Install","version":"1.3.1","homepage":"https://github.com/paketo-buildpacks/npm-install"},{"id":"paketo-buildpacks/npm-start","name":"Paketo Buildpack for NPM Start","version":"1.0.15","homepage":"https://github.com/paketo-buildpacks/npm-start"},{"id":"paketo-buildpacks/procfile","name":"Paketo Buildpack for Procfile","version":"5.6.7","homepage":"https://github.com/paketo-buildpacks/procfile"},{"id":"paketo-buildpacks/watchexec","name":"Paketo Buildpack for Watchexec","version":"2.8.6","homepage":"https://github.com/paketo-buildpacks/watchexec"},{"id":"paketo-buildpacks/yarn","name":"Paketo Buildpack for Yarn","version":"1.2.0","homepage":"https://github.com/paketo-buildpacks/yarn"},{"id":"paketo-buildpacks/yarn-install","name":"Paketo Buildpack for Yarn Install","version":"1.2.2","homepage":"https://github.com/paketo-buildpacks/yarn-install"},{"id":"paketo-buildpacks/yarn-start","name":"Paketo Buildpack for Yarn Start","version":"1.1.3","homepage":"https://github.com/paketo-buildpacks/yarn-start"},{"id":"paketo-buildpacks/procfile","name":"Paketo Buildpack for Procfile","version":"5.6.7","homepage":"https://github.com/paketo-buildpacks/procfile"},{"id":"paketo-buildpacks/python","name":"Paketo Buildpack for Python","version":"2.14.0"},{"id":"paketo-buildpacks/ca-certificates","name":"Paketo Buildpack for CA Certificates","version":"3.6.3","homepage":"https://github.com/paketo-buildpacks/ca-certificates"},{"id":"paketo-buildpacks/conda-env-update","name":"Paketo Buildpack for Conda Env Update","version":"0.7.12","homepage":"https://github.com/paketo-buildpacks/conda-env-update"},{"id":"paketo-buildpacks/cpython","name":"Paketo Buildpack for CPython","version":"1.9.0"},{"id":"paketo-buildpacks/environment-variables","name":"Paketo Buildpack for Environment Variables","version":"4.5.3","homepage":"https://github.com/paketo-buildpacks/environment-variables"},{"id":"paketo-buildpacks/image-labels","name":"Paketo Buildpack for Image Labels","version":"4.5.2","homepage":"https://github.com/paketo-buildpacks/image-labels"},{"id":"paketo-buildpacks/miniconda","name":"Paketo Buildpack for Miniconda","version":"0.8.5"},{"id":"paketo-buildpacks/pip","name":"Paketo Buildpack for Pip","version":"0.18.0"},{"id":"paketo-buildpacks/pip-install","name":"Paketo Buildpack for Pip Install","version":"0.6.0"},{"id":"paketo-buildpacks/pipenv","name":"Paketo Buildpack for Pipenv","version":"1.19.0"},{"id":"paketo-buildpacks/pipenv-install","name":"Paketo Buildpack for Pipenv Install","version":"0.6.18"},{"id":"paketo-buildpacks/poetry","name":"Paketo Buildpack for Poetry","version":"0.6.5"},{"id":"paketo-buildpacks/poetry-install","name":"Paketo Buildpack for Poetry Install","version":"0.3.17"},{"id":"paketo-buildpacks/poetry-run","name":"Paketo Buildpack for Poetry Run","version":"0.4.21"},{"id":"paketo-buildpacks/procfile","name":"Paketo Buildpack for Procfile","version":"5.6.4","homepage":"https://github.com/paketo-buildpacks/procfile"},{"id":"paketo-buildpacks/python-start","name":"Paketo Buildpack for Python Start","version":"0.14.14","homepage":"https://github.com/paketo-buildpacks/python-start"},{"id":"paketo-buildpacks/watchexec","name":"Paketo Buildpack for Watchexec","version":"2.8.3","homepage":"https://github.com/paketo-buildpacks/watchexec"},{"id":"paketo-buildpacks/ruby","name":"Paketo Buildpack for Ruby","version":"0.41.1","homepage":"https://github.com/paketo-buildpacks/ruby"},{"id":"paketo-buildpacks/bundle-install","name":"Paketo Buildpack for Bundle Install","version":"0.7.12","homepage":"https://github.com/paketo-buildpacks/bundle-install"},{"id":"paketo-buildpacks/bundler","name":"Paketo Buildpack for Bundler","version":"0.7.26","homepage":"https://github.com/paketo-buildpacks/bundler"},{"id":"paketo-buildpacks/ca-certificates","name":"Paketo Buildpack for CA Certificates","version":"3.6.5","homepage":"https://github.com/paketo-buildpacks/ca-certificates"},{"id":"paketo-buildpacks/environment-variables","name":"Paketo Buildpack for Environment Variables","version":"4.5.5","homepage":"https://github.com/paketo-buildpacks/environment-variables"},{"id":"paketo-buildpacks/image-labels","name":"Paketo Buildpack for Image Labels","version":"4.5.4","homepage":"https://github.com/paketo-buildpacks/image-labels"},{"id":"paketo-buildpacks/mri","name":"Paketo Buildpack for MRI","version":"0.14.8","homepage":"https://github.com/paketo-buildpacks/mri"},{"id":"paketo-buildpacks/node-engine","name":"Paketo Buildpack for Node Engine","version":"2.0.0","homepage":"https://github.com/paketo-buildpacks/node-engine"},{"id":"paketo-buildpacks/passenger","name":"Paketo Buildpack for Passenger","version":"0.13.1","homepage":"https://github.com/paketo-buildpacks/passenger"},{"id":"paketo-buildpacks/procfile","name":"Paketo Buildpack for Procfile","version":"5.6.6","homepage":"https://github.com/paketo-buildpacks/procfile"},{"id":"paketo-buildpacks/puma","name":"Paketo Buildpack for Puma","version":"0.4.35","homepage":"https://github.com/paketo-buildpacks/puma"},{"id":"paketo-buildpacks/rackup","name":"Paketo Buildpack for Rackup","version":"0.4.34","homepage":"https://github.com/paketo-buildpacks/rackup"},{"id":"paketo-buildpacks/rails-assets","name":"Paketo Buildpack for Rails Assets","version":"0.10.2","homepage":"https://github.com/paketo-buildpacks/rails-assets"},{"id":"paketo-buildpacks/rake","name":"Paketo Buildpack for Rake","version":"0.4.34","homepage":"https://github.com/paketo-buildpacks/rake"},{"id":"paketo-buildpacks/thin","name":"Paketo Buildpack for Thin","version":"0.5.34","homepage":"https://github.com/paketo-buildpacks/thin"},{"id":"paketo-buildpacks/unicorn","name":"Paketo Buildpack for Unicorn","version":"0.4.34","homepage":"https://github.com/paketo-buildpacks/unicorn"},{"id":"paketo-buildpacks/yarn","name":"Paketo Buildpack for Yarn","version":"1.1.11","homepage":"https://github.com/paketo-buildpacks/yarn"},{"id":"paketo-buildpacks/yarn-install","name":"Paketo Buildpack for Yarn Install","version":"1.2.1","homepage":"https://github.com/paketo-buildpacks/yarn-install"},{"id":"paketo-buildpacks/web-servers","name":"Paketo Buildpack for Web Servers","version":"0.19.1","homepage":"https://github.com/paketo-buildpacks/web-servers"},{"id":"paketo-buildpacks/ca-certificates","name":"Paketo Buildpack for CA Certificates","version":"3.6.5","homepage":"https://github.com/paketo-buildpacks/ca-certificates"},{"id":"paketo-buildpacks/environment-variables","name":"Paketo Buildpack for Environment Variables","version":"4.5.5","homepage":"https://github.com/paketo-buildpacks/environment-variables"},{"id":"paketo-buildpacks/httpd","name":"Paketo Buildpack for Apache HTTP Server","version":"0.7.14","homepage":"https://github.com/paketo-buildpacks/httpd"},{"id":"paketo-buildpacks/image-labels","name":"Paketo Buildpack for Image Labels","version":"4.5.4","homepage":"https://github.com/paketo-buildpacks/image-labels"},{"id":"paketo-buildpacks/nginx","name":"Paketo Buildpack for Nginx Server","version":"0.15.6","homepage":"https://github.com/paketo-buildpacks/nginx"},{"id":"paketo-buildpacks/node-engine","name":"Paketo Buildpack for Node Engine","version":"2.0.0","homepage":"https://github.com/paketo-buildpacks/node-engine"},{"id":"paketo-buildpacks/node-run-script","name":"Paketo Buildpack for Node Run Script","version":"1.0.13","homepage":"https://github.com/paketo-buildpacks/node-run-script"},{"id":"paketo-buildpacks/npm-install","name":"Paketo Buildpack for NPM Install","version":"1.3.0","homepage":"https://github.com/paketo-buildpacks/npm-install"},{"id":"paketo-buildpacks/procfile","name":"Paketo Buildpack for Procfile","version":"5.6.6","homepage":"https://github.com/paketo-buildpacks/procfile"},{"id":"paketo-buildpacks/source-removal","name":"Paketo Buildpack for Source Removal","version":"0.2.1"},{"id":"paketo-buildpacks/watchexec","name":"Paketo Buildpack for Watchexec","version":"2.8.5","homepage":"https://github.com/paketo-buildpacks/watchexec"},{"id":"paketo-buildpacks/yarn","name":"Paketo Buildpack for Yarn","version":"1.1.11","homepage":"https://github.com/paketo-buildpacks/yarn"},{"id":"paketo-buildpacks/yarn-install","name":"Paketo Buildpack for Yarn Install","version":"1.2.1","homepage":"https://github.com/paketo-buildpacks/yarn-install"}],"extensions":null,"stack":{"runImage":{"image":"index.docker.io/paketobuildpacks/run-jammy-base:latest","mirrors":[]}},"lifecycle":{"version":"0.18.2","api":{"buildpack":"0.7","platform":"0.7"},"apis":{"buildpack":{"deprecated":[],"supported":["0.7","0.8","0.9","0.10"]},"platform":{"deprecated":[],"supported":["0.7","0.8","0.9","0.10","0.11","0.12"]}}},"createdBy":{"name":"Pack CLI","version":"0.31.0+git-3a994bd.build-5086"},"images":[{"image":"index.docker.io/paketobuildpacks/run-jammy-base:latest","mirrors":[]}]}, io.buildpacks.buildpack.layers={"paketo-buildpacks/apache-tomcat":{"7.13.15":{"api":"0.7","stacks":[{"id":"*"}],"layerDiffID":"sha256:2fd1e0a1ca25104915c2fbb223f104949271745b8a6c1f744149851aaa7178d2","homepage":"https://github.com/paketo-buildpacks/apache-tomcat","name":"Paketo Buildpack for Apache Tomcat"}},"paketo-buildpacks/apache-tomee":{"1.7.8":{"api":"0.7","stacks":[{"id":"*"}],"layerDiffID":"sha256:91f7beb22f29d1db1e1ae7333370d838aba6fce949296021ebe471bba7e708aa","homepage":"https://github.com/paketo-buildpacks/apache-tomee","name":"Paketo Buildpack for Apache Tomee"}},"paketo-buildpacks/azure-application-insights":{"5.17.1":{"api":"0.7","stacks":[{"id":"io.buildpacks.stacks.bionic"},{"id":"io.paketo.stacks.tiny"},{"id":"*"}],"layerDiffID":"sha256:17fb7192f79c90b9604a890aa6e09588e768416f92c3f404a774775e89c8912c","homepage":"https://github.com/paketo-buildpacks/azure-application-insights","name":"Paketo Buildpack for Azure Application Insights"}},"paketo-buildpacks/bellsoft-liberica":{"10.4.2":{"api":"0.7","stacks":[{"id":"io.paketo.stacks.tiny"},{"id":"io.buildpacks.stacks.bionic"},{"id":"*"}],"layerDiffID":"sha256:eb593d1a0397d2ecbf287dd414de4e3926ebc6417bbd642395bd4350eeb9fad3","homepage":"https://github.com/paketo-buildpacks/bellsoft-liberica","name":"Paketo Buildpack for BellSoft Liberica"}},"paketo-buildpacks/bundle-install":{"0.7.12":{"api":"0.7","stacks":[{"id":"*"}],"layerDiffID":"sha256:1d5827aeb037024fa9824f92c18d5f8bce35eaf624c50b5345aac55781889bcf","homepage":"https://github.com/paketo-buildpacks/bundle-install","name":"Paketo Buildpack for Bundle Install"}},"paketo-buildpacks/bundler":{"0.7.26":{"api":"0.7","stacks":[{"id":"io.buildpacks.stacks.bionic"},{"id":"io.buildpacks.stacks.jammy"}],"layerDiffID":"sha256:212c07465de323be0bb839e86fc8aef8fd2dd439812b010a9049385e82488ea1","homepage":"https://github.com/paketo-buildpacks/bundler","name":"Paketo Buildpack for Bundler"}},"paketo-buildpacks/ca-certificates":{"3.6.3":{"api":"0.7","stacks":[{"id":"io.buildpacks.stacks.bionic"},{"id":"io.paketo.stacks.tiny"},{"id":"*"}],"layerDiffID":"sha256:b60541d13f4fa3fddd3783a1cb77de4c502e590a34c0265becc0d1819ea0f664","homepage":"https://github.com/paketo-buildpacks/ca-certificates","name":"Paketo Buildpack for CA Certificates"},"3.6.5":{"api":"0.7","stacks":[{"id":"io.buildpacks.stacks.bionic"},{"id":"io.paketo.stacks.tiny"},{"id":"*"}],"layerDiffID":"sha256:d7b5fe48f8aec15ae831663443e85d27cc39f6e7f677f3574d22efc12ab1b91d","homepage":"https://github.com/paketo-buildpacks/ca-certificates","name":"Paketo Buildpack for CA Certificates"},"3.6.6":{"api":"0.7","stacks":[{"id":"io.buildpacks.stacks.bionic"},{"id":"io.paketo.stacks.tiny"},{"id":"*"}],"layerDiffID":"sha256:e987b55729a6c11809fd034067ca16b6713bc108deafb7720b4c8042c04bfb6d","homepage":"https://github.com/paketo-buildpacks/ca-certificates","name":"Paketo Buildpack for CA Certificates"}},"paketo-buildpacks/clojure-tools":{"2.8.12":{"api":"0.7","stacks":[{"id":"io.buildpacks.stacks.bionic"},{"id":"io.paketo.stacks.tiny"},{"id":"*"}],"layerDiffID":"sha256:7dd9a6f38b94583ff1cac756cd1c63dcda356711aef1b745bc4150fc972339e2","homepage":"https://github.com/paketo-buildpacks/clojure-tools","name":"Paketo Buildpack for Clojure Tools"}},"paketo-buildpacks/conda-env-update":{"0.7.12":{"api":"0.7","stacks":[{"id":"*"}],"layerDiffID":"sha256:e8f09369eccaf0ce87f8f4868129ff29911f8311ae9650a5f73c90c3abb46ef5","homepage":"https://github.com/paketo-buildpacks/conda-env-update","name":"Paketo Buildpack for Conda Env Update"}},"paketo-buildpacks/cpython":{"1.9.0":{"api":"0.7","stacks":[{"id":"*"}],"layerDiffID":"sha256:5757cf2c2d7f21c2253c556582fb1c802eaabe53d10d86afe92bd1be2c9b3636","name":"Paketo Buildpack for CPython"}},"paketo-buildpacks/datadog":{"3.6.0":{"api":"0.7","stacks":[{"id":"io.buildpacks.stacks.bionic"},{"id":"io.paketo.stacks.tiny"},{"id":"*"}],"layerDiffID":"sha256:b351bc73239608a09c7523656594df065fd2a6aacaee90254945d9e3070122ca","homepage":"https://github.com/paketo-buildpacks/datadog","name":"Paketo Buildpack for Datadog"},"4.3.0":{"api":"0.7","stacks":[{"id":"io.buildpacks.stacks.bionic"},{"id":"io.paketo.stacks.tiny"},{"id":"*"}],"layerDiffID":"sha256:66aad03a64711fe7b2b94058574ece304569532e3a69b52016450c032b212405","homepage":"https://github.com/paketo-buildpacks/datadog","name":"Paketo Buildpack for Datadog"}},"paketo-buildpacks/dist-zip":{"5.6.7":{"api":"0.7","stacks":[{"id":"io.buildpacks.stacks.bionic"},{"id":"io.paketo.stacks.tiny"},{"id":"*"}],"layerDiffID":"sha256:f06c33b725916f9e2ce30b3b705860f532fbded46b0719580827db6d3821a644","homepage":"https://github.com/paketo-buildpacks/dist-zip","name":"Paketo Buildpack for DistZip"}},"paketo-buildpacks/dotnet-core":{"0.42.0":{"api":"0.8","order":[{"group":[{"id":"paketo-buildpacks/ca-certificates","version":"3.6.6","optional":true},{"id":"paketo-buildpacks/watchexec","version":"2.8.6","optional":true},{"id":"paketo-buildpacks/vsdbg","version":"0.3.4","optional":true},{"id":"paketo-buildpacks/dotnet-core-sdk","version":"0.14.0","optional":true},{"id":"paketo-buildpacks/icu","version":"0.7.0","optional":true},{"id":"paketo-buildpacks/node-engine","version":"3.0.1","optional":true},{"id":"paketo-buildpacks/dotnet-publish","version":"0.12.22","optional":true},{"id":"paketo-buildpacks/dotnet-core-aspnet-runtime","version":"0.4.0","optional":true},{"id":"paketo-buildpacks/dotnet-execute","version":"0.14.23"},{"id":"paketo-buildpacks/procfile","version":"5.6.7","optional":true},{"id":"paketo-buildpacks/environment-variables","version":"4.5.6","optional":true},{"id":"paketo-buildpacks/image-labels","version":"4.5.5","optional":true}]}],"layerDiffID":"sha256:1f937fa88152cad0b9607d1e3fb990b673f6731689effba0b2720d74a5271062","homepage":"https://github.com/paketo-buildpacks/dotnet-core","name":"Paketo Buildpack for .NET Core"}},"paketo-buildpacks/dotnet-core-aspnet-runtime":{"0.4.0":{"api":"0.8","stacks":[{"id":"io.buildpacks.stacks.bionic"},{"id":"io.buildpacks.stacks.jammy"}],"layerDiffID":"sha256:6414d4644a91b7bf98a53d40612bda1aeb06eca812606a8d47dc37ed4ebec94d","homepage":"https://github.com/paketo-buildpacks/dotnet-core-aspnet-runtime","name":"Paketo Buildpack for ASP.NET Core Runtime"}},"paketo-buildpacks/dotnet-core-sdk":{"0.14.0":{"api":"0.8","stacks":[{"id":"io.buildpacks.stacks.bionic"},{"id":"io.buildpacks.stacks.jammy"}],"layerDiffID":"sha256:2bcfa9eccc3b46753159131cae503613dd439fa2086b44c713de3624ba02503d","homepage":"https://github.com/paketo-buildpacks/dotnet-core-sdk","name":"Paketo Buildpack for .NET Core SDK"}},"paketo-buildpacks/dotnet-execute":{"0.14.23":{"api":"0.8","stacks":[{"id":"*"}],"layerDiffID":"sha256:7d513b8e0ccd8c4b9a5df86c12c784c2feaa14db4366aac8c1f9b937251fc37b","homepage":"https://github.com/paketo-buildpacks/dotnet-execute","name":"Paketo Buildpack for .NET Execute"}},"paketo-buildpacks/dotnet-publish":{"0.12.22":{"api":"0.8","stacks":[{"id":"*"}],"layerDiffID":"sha256:32f1b6cadec8a82f9f880ea7b663dcade57d93600cd490a6fd823871d438c5a2","homepage":"https://github.com/paketo-buildpacks/dotnet-publish","name":"Paketo Buildpack for .NET Publish"}},"paketo-buildpacks/encrypt-at-rest":{"4.5.10":{"api":"0.7","stacks":[{"id":"io.buildpacks.stacks.bionic"},{"id":"io.paketo.stacks.tiny"},{"id":"*"}],"layerDiffID":"sha256:81e28840905264707021a8d00674e24bd2d33e5c9d04468160fecc1764a1954b","homepage":"https://github.com/paketo-buildpacks/encrypt-at-rest","name":"Paketo Buildpack for Encrypt-at-Rest"}},"paketo-buildpacks/environment-variables":{"4.5.3":{"api":"0.7","stacks":[{"id":"io.buildpacks.stacks.bionic"},{"id":"io.paketo.stacks.tiny"},{"id":"*"}],"layerDiffID":"sha256:e0b403660a34970e9f33fbfca76e5f60f900243797be86ce381746b6197771d3","homepage":"https://github.com/paketo-buildpacks/environment-variables","name":"Paketo Buildpack for Environment Variables"},"4.5.5":{"api":"0.7","stacks":[{"id":"io.buildpacks.stacks.bionic"},{"id":"io.paketo.stacks.tiny"},{"id":"*"}],"layerDiffID":"sha256:35a7169bca9ac0760bf19acda272c88cdf9b4fade0f96c5ff263ab8b862d789e","homepage":"https://github.com/paketo-buildpacks/environment-variables","name":"Paketo Buildpack for Environment Variables"},"4.5.6":{"api":"0.7","stacks":[{"id":"io.buildpacks.stacks.bionic"},{"id":"io.paketo.stacks.tiny"},{"id":"*"}],"layerDiffID":"sha256:491136e66ebd688914cbba8f67d6e84178245ba87c01f22f762b6ef966cbe718","homepage":"https://github.com/paketo-buildpacks/environment-variables","name":"Paketo Buildpack for Environment Variables"}},"paketo-buildpacks/executable-jar":{"6.8.2":{"api":"0.7","stacks":[{"id":"io.buildpacks.stacks.bionic"},{"id":"io.paketo.stacks.tiny"},{"id":"*"}],"layerDiffID":"sha256:973f99b41c5762a21adbe34adea8c8f49fe6058eb35fc45446a106dfe225a87d","homepage":"https://github.com/paketo-buildpacks/executable-jar","name":"Paketo Buildpack for Executable JAR"}},"paketo-buildpacks/git":{"1.0.7":{"api":"0.7","stacks":[{"id":"*"}],"layerDiffID":"sha256:2bb5a7078a44f3cc8cc3e498a7df865355d0b9b91ba41c38d20858911602e1e5","homepage":"https://github.com/paketo-buildpacks/git","name":"Paketo Buildpack for Git"}},"paketo-buildpacks/go":{"4.6.1":{"api":"0.7","order":[{"group":[{"id":"paketo-buildpacks/ca-certificates","version":"3.6.6","optional":true},{"id":"paketo-buildpacks/watchexec","version":"2.8.6","optional":true},{"id":"paketo-buildpacks/go-dist","version":"2.4.3"},{"id":"paketo-buildpacks/git","version":"1.0.7","optional":true},{"id":"paketo-buildpacks/go-mod-vendor","version":"1.0.26"},{"id":"paketo-buildpacks/go-build","version":"2.1.1"},{"id":"paketo-buildpacks/procfile","version":"5.6.7","optional":true},{"id":"paketo-buildpacks/environment-variables","version":"4.5.6","optional":true},{"id":"paketo-buildpacks/image-labels","version":"4.5.5","optional":true}]},{"group":[{"id":"paketo-buildpacks/ca-certificates","version":"3.6.6","optional":true},{"id":"paketo-buildpacks/watchexec","version":"2.8.6","optional":true},{"id":"paketo-buildpacks/go-dist","version":"2.4.3"},{"id":"paketo-buildpacks/git","version":"1.0.7","optional":true},{"id":"paketo-buildpacks/go-build","version":"2.1.1"},{"id":"paketo-buildpacks/procfile","version":"5.6.7","optional":true},{"id":"paketo-buildpacks/environment-variables","version":"4.5.6","optional":true},{"id":"paketo-buildpacks/image-labels","version":"4.5.5","optional":true}]}],"layerDiffID":"sha256:807496946824970d32ca4af63f1fd02f5b7d2fe7934fd9548652bbdb2fb92d41","homepage":"https://github.com/paketo-buildpacks/go","name":"Paketo Buildpack for Go"}},"paketo-buildpacks/go-build":{"2.1.1":{"api":"0.7","stacks":[{"id":"*"}],"layerDiffID":"sha256:770282cf70b96aca4ad926a64e01719de363f1aad901f03fb2a0bdd00879ea49","homepage":"https://github.com/paketo-buildpacks/go-build","name":"Paketo Buildpack for Go Build"}},"paketo-buildpacks/go-dist":{"2.4.3":{"api":"0.7","stacks":[{"id":"*"}],"layerDiffID":"sha256:14dbcd48e9526adbd6a31f45b5dd6cc86193c9bb45896385b5e5977520df7a35","homepage":"https://github.com/paketo-buildpacks/go-dist","name":"Paketo Buildpack for Go Distribution"}},"paketo-buildpacks/go-mod-vendor":{"1.0.26":{"api":"0.7","stacks":[{"id":"*"}],"layerDiffID":"sha256:d0d4315914140a6c0175901a9d83b7cb79f274dca7cea2d61d62c48ce06a5a52","homepage":"https://github.com/paketo-buildpacks/go-mod-vendor","name":"Paketo Buildpack for Go Mod Vendor"}},"paketo-buildpacks/google-stackdriver":{"8.0.3":{"api":"0.7","stacks":[{"id":"io.buildpacks.stacks.bionic"},{"id":"io.paketo.stacks.tiny"},{"id":"*"}],"layerDiffID":"sha256:c9c5fd743adb6c3f9894b3afdb04ce0374d969a0b200508c683c33f43ec4010a","homepage":"https://github.com/paketo-buildpacks/google-stackdriver","name":"Paketo Buildpack for Google Stackdriver"}},"paketo-buildpacks/gradle":{"7.6.1":{"api":"0.7","stacks":[{"id":"io.buildpacks.stacks.bionic"},{"id":"io.paketo.stacks.tiny"},{"id":"*"}],"layerDiffID":"sha256:7589f8a56d62a7b2e189f08b14a87fb204f9957a3959753ca06d3033a256b53f","homepage":"https://github.com/paketo-buildpacks/gradle","name":"Paketo Buildpack for Gradle"}},"paketo-buildpacks/httpd":{"0.7.14":{"api":"0.7","stacks":[{"id":"io.buildpacks.stacks.bionic"},{"id":"io.buildpacks.stacks.jammy"}],"layerDiffID":"sha256:72902c2a282fa529a145efae4838d0ac39818a6b9f77109307ce6512634e8f23","homepage":"https://github.com/paketo-buildpacks/httpd","name":"Paketo Buildpack for Apache HTTP Server"}},"paketo-buildpacks/icu":{"0.7.0":{"api":"0.8","stacks":[{"id":"io.buildpacks.stacks.bionic"},{"id":"io.buildpacks.stacks.jammy"}],"layerDiffID":"sha256:c143f42a1ab17655d7f3b370b7864b314bb82f6fd4fb246fe69b385b9ac03f33","homepage":"https://github.com/paketo-buildpacks/icu","name":"Paketo Buildpack for ICU"}},"paketo-buildpacks/image-labels":{"4.5.2":{"api":"0.7","stacks":[{"id":"io.buildpacks.stacks.bionic"},{"id":"io.paketo.stacks.tiny"},{"id":"*"}],"layerDiffID":"sha256:3e44c3f0963ed0bb2d0c64ecfaff2d706db8c156ae77924156befc9d4517c754","homepage":"https://github.com/paketo-buildpacks/image-labels","name":"Paketo Buildpack for Image Labels"},"4.5.4":{"api":"0.7","stacks":[{"id":"io.buildpacks.stacks.bionic"},{"id":"io.paketo.stacks.tiny"},{"id":"*"}],"layerDiffID":"sha256:23f2551fe30d7889e2706b4099406cb1d0d2bd0baf0c495e2cbda6c3e901e48b","homepage":"https://github.com/paketo-buildpacks/image-labels","name":"Paketo Buildpack for Image Labels"},"4.5.5":{"api":"0.7","stacks":[{"id":"io.buildpacks.stacks.bionic"},{"id":"io.paketo.stacks.tiny"},{"id":"*"}],"layerDiffID":"sha256:8c583593b549c46a53a13afe8c4a01200970cbcb8ee35526697d079232570456","homepage":"https://github.com/paketo-buildpacks/image-labels","name":"Paketo Buildpack for Image Labels"}},"paketo-buildpacks/jattach":{"1.4.8":{"api":"0.7","stacks":[{"id":"io.buildpacks.stacks.bionic"},{"id":"io.paketo.stacks.tiny"},{"id":"*"}],"layerDiffID":"sha256:05fa8c3a510f499c3109ca30172db679f1cb5635f11939cc2633fccf1f5d2a2a","homepage":"https://github.com/paketo-buildpacks/jattach","name":"Paketo Buildpack for JAttach"}},"paketo-buildpacks/java":{"10.3.3":{"api":"0.7","order":[{"group":[{"id":"paketo-buildpacks/ca-certificates","version":"3.6.6","optional":true},{"id":"paketo-buildpacks/bellsoft-liberica","version":"10.4.2"},{"id":"paketo-buildpacks/yarn","version":"1.2.0","optional":true},{"id":"paketo-buildpacks/node-engine","version":"3.0.1","optional":true},{"id":"paketo-buildpacks/syft","version":"1.39.0","optional":true},{"id":"paketo-buildpacks/leiningen","version":"4.6.8","optional":true},{"id":"paketo-buildpacks/clojure-tools","version":"2.8.12","optional":true},{"id":"paketo-buildpacks/gradle","version":"7.6.1","optional":true},{"id":"paketo-buildpacks/maven","version":"6.15.11","optional":true},{"id":"paketo-buildpacks/sbt","version":"6.12.9","optional":true},{"id":"paketo-buildpacks/watchexec","version":"2.8.6","optional":true},{"id":"paketo-buildpacks/executable-jar","version":"6.8.2","optional":true},{"id":"paketo-buildpacks/apache-tomcat","version":"7.13.15","optional":true},{"id":"paketo-buildpacks/apache-tomee","version":"1.7.8","optional":true},{"id":"paketo-buildpacks/liberty","version":"3.8.10","optional":true},{"id":"paketo-buildpacks/dist-zip","version":"5.6.7","optional":true},{"id":"paketo-buildpacks/spring-boot","version":"5.27.5","optional":true},{"id":"paketo-buildpacks/procfile","version":"5.6.7","optional":true},{"id":"paketo-buildpacks/jattach","version":"1.4.8","optional":true},{"id":"paketo-buildpacks/azure-application-insights","version":"5.17.1","optional":true},{"id":"paketo-buildpacks/google-stackdriver","version":"8.0.3","optional":true},{"id":"paketo-buildpacks/datadog","version":"4.3.0","optional":true},{"id":"paketo-buildpacks/java-memory-assistant","version":"1.4.8","optional":true},{"id":"paketo-buildpacks/encrypt-at-rest","version":"4.5.10","optional":true},{"id":"paketo-buildpacks/environment-variables","version":"4.5.6","optional":true},{"id":"paketo-buildpacks/image-labels","version":"4.5.5","optional":true}]}],"layerDiffID":"sha256:cdaa116ca84bc9645eda6f7c9e48f2737f0ed8a7ca6d646f38947eb003c89ebb","homepage":"https://paketo.io/docs/howto/java","name":"Paketo Buildpack for Java"}},"paketo-buildpacks/java-memory-assistant":{"1.4.8":{"api":"0.7","stacks":[{"id":"io.buildpacks.stacks.bionic"},{"id":"io.paketo.stacks.tiny"},{"id":"*"}],"layerDiffID":"sha256:35fff5643f1bdfb655ec06dee946a98be087764a8534355055e5b3f6df69264f","homepage":"https://github.com/paketo-buildpacks/java-memory-assistant","name":"Paketo Buildpack for Java Memory Assistant"}},"paketo-buildpacks/java-native-image":{"8.22.0":{"api":"0.7","order":[{"group":[{"id":"paketo-buildpacks/ca-certificates","version":"3.6.6","optional":true},{"id":"paketo-buildpacks/upx","version":"3.4.6","optional":true},{"id":"paketo-buildpacks/bellsoft-liberica","version":"10.4.2"},{"id":"paketo-buildpacks/syft","version":"1.39.0","optional":true},{"id":"paketo-buildpacks/leiningen","version":"4.6.8","optional":true},{"id":"paketo-buildpacks/gradle","version":"7.6.1","optional":true},{"id":"paketo-buildpacks/maven","version":"6.15.11","optional":true},{"id":"paketo-buildpacks/sbt","version":"6.12.9","optional":true},{"id":"paketo-buildpacks/executable-jar","version":"6.8.2","optional":true},{"id":"paketo-buildpacks/spring-boot","version":"5.27.5","optional":true},{"id":"paketo-buildpacks/datadog","version":"4.3.0","optional":true},{"id":"paketo-buildpacks/native-image","version":"5.12.6"},{"id":"paketo-buildpacks/procfile","version":"5.6.7","optional":true},{"id":"paketo-buildpacks/environment-variables","version":"4.5.6","optional":true},{"id":"paketo-buildpacks/image-labels","version":"4.5.5","optional":true}]}],"layerDiffID":"sha256:57deeebd7fe8c02b16f283bfd387bfe793403b74bdd8f6e3f1ab503e99cc970b","homepage":"https://paketo.io/docs/howto/java/#build-an-app-as-a-graalvm-native-image-application","name":"Paketo Buildpack for Java Native Image"}},"paketo-buildpacks/leiningen":{"4.6.8":{"api":"0.7","stacks":[{"id":"io.buildpacks.stacks.bionic"},{"id":"io.paketo.stacks.tiny"},{"id":"*"}],"layerDiffID":"sha256:faf6ec610d060338b151508e3812c9c0f97a262d7f5286d27d2423c5d571cfac","homepage":"https://github.com/paketo-buildpacks/leiningen","name":"Paketo Buildpack for Leiningen"}},"paketo-buildpacks/liberty":{"3.8.10":{"api":"0.7","stacks":[{"id":"*"}],"layerDiffID":"sha256:d2262c93d92b0c6c6914f17739830d57e8f7b83188855b1ba33b566e682aee15","homepage":"https://github.com/paketo-buildpacks/liberty","name":"Paketo Buildpack for Liberty"}},"paketo-buildpacks/maven":{"6.15.11":{"api":"0.7","stacks":[{"id":"io.buildpacks.stacks.bionic"},{"id":"io.paketo.stacks.tiny"},{"id":"*"}],"layerDiffID":"sha256:2c93e455e5b676a2ffeb4c53357531e688ae566b2cf8b2ee677ca82f0ffe08f8","homepage":"https://github.com/paketo-buildpacks/maven","name":"Paketo Buildpack for Maven"}},"paketo-buildpacks/miniconda":{"0.8.5":{"api":"0.7","stacks":[{"id":"*"}],"layerDiffID":"sha256:ddfaf04fb79c40ef178e264699a6e20723b9cebf4e6f42147629e99239bec874","name":"Paketo Buildpack for Miniconda"}},"paketo-buildpacks/mri":{"0.14.8":{"api":"0.7","stacks":[{"id":"io.buildpacks.stacks.bionic"},{"id":"io.buildpacks.stacks.jammy"}],"layerDiffID":"sha256:53d074f357c9d7040df9631acc009cf9805f46f41050347511df1bc5b4262e5e","homepage":"https://github.com/paketo-buildpacks/mri","name":"Paketo Buildpack for MRI"}},"paketo-buildpacks/native-image":{"5.12.6":{"api":"0.7","stacks":[{"id":"*"}],"layerDiffID":"sha256:4a21b9c4404beee9fa50a50dcf69f1644b67e811b004de04df9656935e32e3eb","homepage":"https://github.com/paketo-buildpacks/native-image","name":"Paketo Buildpack for Native Image"}},"paketo-buildpacks/nginx":{"0.15.6":{"api":"0.7","stacks":[{"id":"io.buildpacks.stacks.bionic"},{"id":"io.buildpacks.stacks.jammy"}],"layerDiffID":"sha256:7a890b446c99ed0c593a9670e7d7c645de98855dc63288c64f04549c3622e7ec","homepage":"https://github.com/paketo-buildpacks/nginx","name":"Paketo Buildpack for Nginx Server"}},"paketo-buildpacks/node-engine":{"2.0.0":{"api":"0.7","stacks":[{"id":"io.buildpacks.stacks.bionic"},{"id":"io.buildpacks.stacks.jammy"},{"id":"*"}],"layerDiffID":"sha256:762574589a15aa16b3f268c5c648d64631fd529181d287150dbb6a93c6a74714","homepage":"https://github.com/paketo-buildpacks/node-engine","name":"Paketo Buildpack for Node Engine"},"3.0.1":{"api":"0.7","stacks":[{"id":"io.buildpacks.stacks.bionic"},{"id":"io.buildpacks.stacks.jammy"},{"id":"*"}],"layerDiffID":"sha256:ab2f69aa057c098d00d41e989b4dae371f763e75e456c9a655e6289a0c3a060c","homepage":"https://github.com/paketo-buildpacks/node-engine","name":"Paketo Buildpack for Node Engine"}},"paketo-buildpacks/node-run-script":{"1.0.13":{"api":"0.7","stacks":[{"id":"*"}],"layerDiffID":"sha256:14704ae575228cecd0daf36e21239c71c6ae9065b4d00ea7c1ead4001da552c4","homepage":"https://github.com/paketo-buildpacks/node-run-script","name":"Paketo Buildpack for Node Run Script"},"1.0.14":{"api":"0.7","stacks":[{"id":"*"}],"layerDiffID":"sha256:831f58054738183092d1a3fac71c0b39b16a6649b032529f078e7f18f900e415","homepage":"https://github.com/paketo-buildpacks/node-run-script","name":"Paketo Buildpack for Node Run Script"}},"paketo-buildpacks/node-start":{"1.1.3":{"api":"0.7","stacks":[{"id":"*"}],"layerDiffID":"sha256:cf5619cb7b7168ec95f4bb572d8c79416fdb33421a2ff2dce55d4476265fed0a","homepage":"https://github.com/paketo-buildpacks/node-start","name":"Paketo Buildpack for Node Start"}},"paketo-buildpacks/nodejs":{"2.0.0":{"api":"0.7","order":[{"group":[{"id":"paketo-buildpacks/ca-certificates","version":"3.6.6","optional":true},{"id":"paketo-buildpacks/watchexec","version":"2.8.6","optional":true},{"id":"paketo-buildpacks/node-engine","version":"3.0.1"},{"id":"paketo-buildpacks/yarn","version":"1.2.0"},{"id":"paketo-buildpacks/yarn-install","version":"1.2.2"},{"id":"paketo-buildpacks/node-run-script","version":"1.0.14","optional":true},{"id":"paketo-buildpacks/node-start","version":"1.1.3","optional":true},{"id":"paketo-buildpacks/yarn-start","version":"1.1.3","optional":true},{"id":"paketo-buildpacks/procfile","version":"5.6.7","optional":true},{"id":"paketo-buildpacks/datadog","version":"3.6.0","optional":true},{"id":"paketo-buildpacks/environment-variables","version":"4.5.6","optional":true},{"id":"paketo-buildpacks/image-labels","version":"4.5.5","optional":true}]},{"group":[{"id":"paketo-buildpacks/ca-certificates","version":"3.6.6","optional":true},{"id":"paketo-buildpacks/watchexec","version":"2.8.6","optional":true},{"id":"paketo-buildpacks/node-engine","version":"3.0.1"},{"id":"paketo-buildpacks/npm-install","version":"1.3.1"},{"id":"paketo-buildpacks/node-run-script","version":"1.0.14","optional":true},{"id":"paketo-buildpacks/node-start","version":"1.1.3","optional":true},{"id":"paketo-buildpacks/npm-start","version":"1.0.15","optional":true},{"id":"paketo-buildpacks/procfile","version":"5.6.7","optional":true},{"id":"paketo-buildpacks/datadog","version":"3.6.0","optional":true},{"id":"paketo-buildpacks/environment-variables","version":"4.5.6","optional":true},{"id":"paketo-buildpacks/image-labels","version":"4.5.5","optional":true}]},{"group":[{"id":"paketo-buildpacks/ca-certificates","version":"3.6.6","optional":true},{"id":"paketo-buildpacks/watchexec","version":"2.8.6","optional":true},{"id":"paketo-buildpacks/node-engine","version":"3.0.1"},{"id":"paketo-buildpacks/node-start","version":"1.1.3"},{"id":"paketo-buildpacks/procfile","version":"5.6.7","optional":true},{"id":"paketo-buildpacks/datadog","version":"3.6.0","optional":true},{"id":"paketo-buildpacks/environment-variables","version":"4.5.6","optional":true},{"id":"paketo-buildpacks/image-labels","version":"4.5.5","optional":true}]}],"layerDiffID":"sha256:efa2f539b939405e5b27af54bcd3cf6e74165b5a3ab70cc4424c2a8e4e88c619","homepage":"https://github.com/paketo-buildpacks/nodejs","name":"Paketo Buildpack for Node.js"}},"paketo-buildpacks/npm-install":{"1.3.0":{"api":"0.7","stacks":[{"id":"*"}],"layerDiffID":"sha256:bd7446c321e344099f19f232f61b4f43a650aa88e5891100579f2a7b7e577f17","homepage":"https://github.com/paketo-buildpacks/npm-install","name":"Paketo Buildpack for NPM Install"},"1.3.1":{"api":"0.7","stacks":[{"id":"*"}],"layerDiffID":"sha256:22d2108f6ba3dc7aeb52bb971367cdef215f24bc2ed07401499c111162001bd1","homepage":"https://github.com/paketo-buildpacks/npm-install","name":"Paketo Buildpack for NPM Install"}},"paketo-buildpacks/npm-start":{"1.0.15":{"api":"0.7","stacks":[{"id":"*"}],"layerDiffID":"sha256:a3713bbd7bf2d8c4093a766214251db9660cf72020d645072a73dce9ff017c19","homepage":"https://github.com/paketo-buildpacks/npm-start","name":"Paketo Buildpack for NPM Start"}},"paketo-buildpacks/passenger":{"0.13.1":{"api":"0.7","stacks":[{"id":"io.buildpacks.stacks.bionic"},{"id":"io.buildpacks.stacks.jammy"}],"layerDiffID":"sha256:4b8a12eabb23ccff89deddd4e3a7695a2794a15a861e6d29f09f31b96e627a89","homepage":"https://github.com/paketo-buildpacks/passenger","name":"Paketo Buildpack for Passenger"}},"paketo-buildpacks/pip":{"0.18.0":{"api":"0.7","stacks":[{"id":"*"}],"layerDiffID":"sha256:427ee111c07faab6e8b9ee58fdd2447cc19de7f1daa99eeb234d61b38e706868","name":"Paketo Buildpack for Pip"}},"paketo-buildpacks/pip-install":{"0.6.0":{"api":"0.7","stacks":[{"id":"*"}],"layerDiffID":"sha256:5a61b8c6a643a5ab8801eb74d53288276f70b0fad35422ae3dbe31129a86f10d","name":"Paketo Buildpack for Pip Install"}},"paketo-buildpacks/pipenv":{"1.19.0":{"api":"0.7","stacks":[{"id":"*"}],"layerDiffID":"sha256:0f1253493befe7e470e5adf66e8f3f81fc95fb7a11e8eaa4ef27edd6a4620232","name":"Paketo Buildpack for Pipenv"}},"paketo-buildpacks/pipenv-install":{"0.6.18":{"api":"0.7","stacks":[{"id":"*"}],"layerDiffID":"sha256:8b9dac6ff7b7b833eed3aa511de4c7a0ae4dcb58d22873aee20f84187466fbe9","name":"Paketo Buildpack for Pipenv Install"}},"paketo-buildpacks/poetry":{"0.6.5":{"api":"0.7","stacks":[{"id":"*"}],"layerDiffID":"sha256:fbad9e9552228860a9e0b81109861cb3b94377485a0d9e603aec4d01bb8d2409","name":"Paketo Buildpack for Poetry"}},"paketo-buildpacks/poetry-install":{"0.3.17":{"api":"0.7","stacks":[{"id":"*"}],"layerDiffID":"sha256:b945b2a8add8dd4f225975cd962e56ffdd9b26a3af90b9d23fbe7b725625ba2f","name":"Paketo Buildpack for Poetry Install"}},"paketo-buildpacks/poetry-run":{"0.4.21":{"api":"0.8","stacks":[{"id":"*"}],"layerDiffID":"sha256:6945394fc466897bba06908c5ab1b0ed68d71e64820b40dfc9d58740275882c5","name":"Paketo Buildpack for Poetry Run"}},"paketo-buildpacks/procfile":{"5.6.4":{"api":"0.7","stacks":[{"id":"*"}],"layerDiffID":"sha256:549522d4bb1bbe20f18b678d3db1c71cb6013c26a8ce444998175fa8a75fde94","homepage":"https://github.com/paketo-buildpacks/procfile","name":"Paketo Buildpack for Procfile"},"5.6.6":{"api":"0.7","stacks":[{"id":"*"}],"layerDiffID":"sha256:d8fc272d6a7d4016559553a56e8140f0f871284f47978820c6d2c480fcf356c2","homepage":"https://github.com/paketo-buildpacks/procfile","name":"Paketo Buildpack for Procfile"},"5.6.7":{"api":"0.7","stacks":[{"id":"*"}],"layerDiffID":"sha256:8c16fe2c06e19c4e70d50c3321e88ef66a9bcd896a498313a91e8cf7cda42d4f","homepage":"https://github.com/paketo-buildpacks/procfile","name":"Paketo Buildpack for Procfile"}},"paketo-buildpacks/puma":{"0.4.35":{"api":"0.7","stacks":[{"id":"*"}],"layerDiffID":"sha256:4629add84560863558a7bd774a3f421b962f83ab5b8e6aa4ff2145d853fe1aed","homepage":"https://github.com/paketo-buildpacks/puma","name":"Paketo Buildpack for Puma"}},"paketo-buildpacks/python":{"2.14.0":{"api":"0.8","order":[{"group":[{"id":"paketo-buildpacks/ca-certificates","version":"3.6.3","optional":true},{"id":"paketo-buildpacks/watchexec","version":"2.8.3","optional":true},{"id":"paketo-buildpacks/cpython","version":"1.9.0"},{"id":"paketo-buildpacks/pip","version":"0.18.0"},{"id":"paketo-buildpacks/pipenv","version":"1.19.0"},{"id":"paketo-buildpacks/pipenv-install","version":"0.6.18"},{"id":"paketo-buildpacks/python-start","version":"0.14.14"},{"id":"paketo-buildpacks/procfile","version":"5.6.4","optional":true},{"id":"paketo-buildpacks/environment-variables","version":"4.5.3","optional":true},{"id":"paketo-buildpacks/image-labels","version":"4.5.2","optional":true}]},{"group":[{"id":"paketo-buildpacks/ca-certificates","version":"3.6.3","optional":true},{"id":"paketo-buildpacks/watchexec","version":"2.8.3","optional":true},{"id":"paketo-buildpacks/cpython","version":"1.9.0"},{"id":"paketo-buildpacks/pip","version":"0.18.0"},{"id":"paketo-buildpacks/pip-install","version":"0.6.0"},{"id":"paketo-buildpacks/python-start","version":"0.14.14"},{"id":"paketo-buildpacks/procfile","version":"5.6.4","optional":true},{"id":"paketo-buildpacks/environment-variables","version":"4.5.3","optional":true},{"id":"paketo-buildpacks/image-labels","version":"4.5.2","optional":true}]},{"group":[{"id":"paketo-buildpacks/ca-certificates","version":"3.6.3","optional":true},{"id":"paketo-buildpacks/watchexec","version":"2.8.3","optional":true},{"id":"paketo-buildpacks/miniconda","version":"0.8.5"},{"id":"paketo-buildpacks/conda-env-update","version":"0.7.12"},{"id":"paketo-buildpacks/python-start","version":"0.14.14"},{"id":"paketo-buildpacks/procfile","version":"5.6.4","optional":true},{"id":"paketo-buildpacks/environment-variables","version":"4.5.3","optional":true},{"id":"paketo-buildpacks/image-labels","version":"4.5.2","optional":true}]},{"group":[{"id":"paketo-buildpacks/ca-certificates","version":"3.6.3","optional":true},{"id":"paketo-buildpacks/watchexec","version":"2.8.3","optional":true},{"id":"paketo-buildpacks/cpython","version":"1.9.0"},{"id":"paketo-buildpacks/pip","version":"0.18.0"},{"id":"paketo-buildpacks/poetry","version":"0.6.5"},{"id":"paketo-buildpacks/poetry-install","version":"0.3.17"},{"id":"paketo-buildpacks/poetry-run","version":"0.4.21"},{"id":"paketo-buildpacks/procfile","version":"5.6.4","optional":true},{"id":"paketo-buildpacks/environment-variables","version":"4.5.3","optional":true},{"id":"paketo-buildpacks/image-labels","version":"4.5.2","optional":true}]},{"group":[{"id":"paketo-buildpacks/ca-certificates","version":"3.6.3","optional":true},{"id":"paketo-buildpacks/watchexec","version":"2.8.3","optional":true},{"id":"paketo-buildpacks/cpython","version":"1.9.0"},{"id":"paketo-buildpacks/pip","version":"0.18.0"},{"id":"paketo-buildpacks/poetry","version":"0.6.5"},{"id":"paketo-buildpacks/poetry-install","version":"0.3.17"},{"id":"paketo-buildpacks/python-start","version":"0.14.14"},{"id":"paketo-buildpacks/procfile","version":"5.6.4","optional":true},{"id":"paketo-buildpacks/environment-variables","version":"4.5.3","optional":true},{"id":"paketo-buildpacks/image-labels","version":"4.5.2","optional":true}]},{"group":[{"id":"paketo-buildpacks/ca-certificates","version":"3.6.3","optional":true},{"id":"paketo-buildpacks/watchexec","version":"2.8.3","optional":true},{"id":"paketo-buildpacks/cpython","version":"1.9.0"},{"id":"paketo-buildpacks/python-start","version":"0.14.14"},{"id":"paketo-buildpacks/procfile","version":"5.6.4","optional":true},{"id":"paketo-buildpacks/environment-variables","version":"4.5.3","optional":true},{"id":"paketo-buildpacks/image-labels","version":"4.5.2","optional":true}]}],"layerDiffID":"sha256:442267367faf5de598f76a55eda8246802498bd8603b33e64fa478c1865a313d","name":"Paketo Buildpack for Python"}},"paketo-buildpacks/python-start":{"0.14.14":{"api":"0.8","stacks":[{"id":"*"}],"layerDiffID":"sha256:cc5f2a129069824d2b544daa7953a5897f25514a7f1288bdab7b118a22c96e1d","homepage":"https://github.com/paketo-buildpacks/python-start","name":"Paketo Buildpack for Python Start"}},"paketo-buildpacks/rackup":{"0.4.34":{"api":"0.7","stacks":[{"id":"*"}],"layerDiffID":"sha256:61759235ad1a75399bb975c1c57c0260062c3933a9efd5fc634afbfb4c5999f3","homepage":"https://github.com/paketo-buildpacks/rackup","name":"Paketo Buildpack for Rackup"}},"paketo-buildpacks/rails-assets":{"0.10.2":{"api":"0.7","stacks":[{"id":"*"}],"layerDiffID":"sha256:1ced510ad2ba02707512a10d56f0de53586b00b53bdc2510879af7a3f9cc587e","homepage":"https://github.com/paketo-buildpacks/rails-assets","name":"Paketo Buildpack for Rails Assets"}},"paketo-buildpacks/rake":{"0.4.34":{"api":"0.7","stacks":[{"id":"*"}],"layerDiffID":"sha256:a0a372b2d91118d938b1d75f1bd751e12864583df2c3d481cf1bf6641f79b6b3","homepage":"https://github.com/paketo-buildpacks/rake","name":"Paketo Buildpack for Rake"}},"paketo-buildpacks/ruby":{"0.41.1":{"api":"0.7","order":[{"group":[{"id":"paketo-buildpacks/ca-certificates","version":"3.6.5","optional":true},{"id":"paketo-buildpacks/mri","version":"0.14.8"},{"id":"paketo-buildpacks/bundler","version":"0.7.26"},{"id":"paketo-buildpacks/bundle-install","version":"0.7.12"},{"id":"paketo-buildpacks/node-engine","version":"2.0.0","optional":true},{"id":"paketo-buildpacks/yarn","version":"1.1.11","optional":true},{"id":"paketo-buildpacks/yarn-install","version":"1.2.1","optional":true},{"id":"paketo-buildpacks/rails-assets","version":"0.10.2","optional":true},{"id":"paketo-buildpacks/puma","version":"0.4.35"},{"id":"paketo-buildpacks/procfile","version":"5.6.6","optional":true},{"id":"paketo-buildpacks/environment-variables","version":"4.5.5","optional":true},{"id":"paketo-buildpacks/image-labels","version":"4.5.4","optional":true}]},{"group":[{"id":"paketo-buildpacks/ca-certificates","version":"3.6.5","optional":true},{"id":"paketo-buildpacks/mri","version":"0.14.8"},{"id":"paketo-buildpacks/bundler","version":"0.7.26"},{"id":"paketo-buildpacks/bundle-install","version":"0.7.12"},{"id":"paketo-buildpacks/node-engine","version":"2.0.0","optional":true},{"id":"paketo-buildpacks/yarn","version":"1.1.11","optional":true},{"id":"paketo-buildpacks/yarn-install","version":"1.2.1","optional":true},{"id":"paketo-buildpacks/rails-assets","version":"0.10.2","optional":true},{"id":"paketo-buildpacks/thin","version":"0.5.34"},{"id":"paketo-buildpacks/procfile","version":"5.6.6","optional":true},{"id":"paketo-buildpacks/environment-variables","version":"4.5.5","optional":true},{"id":"paketo-buildpacks/image-labels","version":"4.5.4","optional":true}]},{"group":[{"id":"paketo-buildpacks/ca-certificates","version":"3.6.5","optional":true},{"id":"paketo-buildpacks/mri","version":"0.14.8"},{"id":"paketo-buildpacks/bundler","version":"0.7.26"},{"id":"paketo-buildpacks/bundle-install","version":"0.7.12"},{"id":"paketo-buildpacks/node-engine","version":"2.0.0","optional":true},{"id":"paketo-buildpacks/yarn","version":"1.1.11","optional":true},{"id":"paketo-buildpacks/yarn-install","version":"1.2.1","optional":true},{"id":"paketo-buildpacks/rails-assets","version":"0.10.2","optional":true},{"id":"paketo-buildpacks/unicorn","version":"0.4.34"},{"id":"paketo-buildpacks/procfile","version":"5.6.6","optional":true},{"id":"paketo-buildpacks/environment-variables","version":"4.5.5","optional":true},{"id":"paketo-buildpacks/image-labels","version":"4.5.4","optional":true}]},{"group":[{"id":"paketo-buildpacks/ca-certificates","version":"3.6.5","optional":true},{"id":"paketo-buildpacks/mri","version":"0.14.8"},{"id":"paketo-buildpacks/bundler","version":"0.7.26"},{"id":"paketo-buildpacks/bundle-install","version":"0.7.12"},{"id":"paketo-buildpacks/node-engine","version":"2.0.0","optional":true},{"id":"paketo-buildpacks/yarn","version":"1.1.11","optional":true},{"id":"paketo-buildpacks/yarn-install","version":"1.2.1","optional":true},{"id":"paketo-buildpacks/rails-assets","version":"0.10.2","optional":true},{"id":"paketo-buildpacks/passenger","version":"0.13.1"},{"id":"paketo-buildpacks/procfile","version":"5.6.6","optional":true},{"id":"paketo-buildpacks/environment-variables","version":"4.5.5","optional":true},{"id":"paketo-buildpacks/image-labels","version":"4.5.4","optional":true}]},{"group":[{"id":"paketo-buildpacks/ca-certificates","version":"3.6.5","optional":true},{"id":"paketo-buildpacks/mri","version":"0.14.8"},{"id":"paketo-buildpacks/bundler","version":"0.7.26"},{"id":"paketo-buildpacks/bundle-install","version":"0.7.12"},{"id":"paketo-buildpacks/node-engine","version":"2.0.0","optional":true},{"id":"paketo-buildpacks/yarn","version":"1.1.11","optional":true},{"id":"paketo-buildpacks/yarn-install","version":"1.2.1","optional":true},{"id":"paketo-buildpacks/rails-assets","version":"0.10.2","optional":true},{"id":"paketo-buildpacks/rackup","version":"0.4.34"},{"id":"paketo-buildpacks/procfile","version":"5.6.6","optional":true},{"id":"paketo-buildpacks/environment-variables","version":"4.5.5","optional":true},{"id":"paketo-buildpacks/image-labels","version":"4.5.4","optional":true}]},{"group":[{"id":"paketo-buildpacks/ca-certificates","version":"3.6.5","optional":true},{"id":"paketo-buildpacks/mri","version":"0.14.8"},{"id":"paketo-buildpacks/bundler","version":"0.7.26","optional":true},{"id":"paketo-buildpacks/bundle-install","version":"0.7.12","optional":true},{"id":"paketo-buildpacks/rake","version":"0.4.34"},{"id":"paketo-buildpacks/procfile","version":"5.6.6","optional":true},{"id":"paketo-buildpacks/environment-variables","version":"4.5.5","optional":true},{"id":"paketo-buildpacks/image-labels","version":"4.5.4","optional":true}]}],"layerDiffID":"sha256:b92026a552f6d1e11f0bdb8c1bfb7662ef894dd982c3050532b1c3c1fd6f7548","homepage":"https://github.com/paketo-buildpacks/ruby","name":"Paketo Buildpack for Ruby"}},"paketo-buildpacks/sbt":{"6.12.9":{"api":"0.7","stacks":[{"id":"io.buildpacks.stacks.bionic"},{"id":"io.paketo.stacks.tiny"},{"id":"*"}],"layerDiffID":"sha256:7e60bdbb2608069374d1e224860ddeda0636fd89c110ff6d005f8b2cf6a2c3f8","homepage":"https://github.com/paketo-buildpacks/sbt","name":"Paketo Buildpack for SBT"}},"paketo-buildpacks/source-removal":{"0.2.1":{"api":"0.7","stacks":[{"id":"*"}],"layerDiffID":"sha256:c9b2b4846699e199bf3baa9f694c2914da8404ab2278da08576a53ecd11cd608","name":"Paketo Buildpack for Source Removal"}},"paketo-buildpacks/spring-boot":{"5.27.5":{"api":"0.7","stacks":[{"id":"io.buildpacks.stacks.bionic"},{"id":"io.paketo.stacks.tiny"},{"id":"*"}],"layerDiffID":"sha256:9428f54379c37135e5a9874e36bc5194f17441a1ad08d1234dbd0bf52980094d","homepage":"https://github.com/paketo-buildpacks/spring-boot","name":"Paketo Buildpack for Spring Boot"}},"paketo-buildpacks/syft":{"1.39.0":{"api":"0.7","stacks":[{"id":"io.buildpacks.stacks.bionic"},{"id":"io.paketo.stacks.tiny"},{"id":"*"}],"layerDiffID":"sha256:362bd36c176cd46ca575a29797ec78ba9fdc4f484dbae0159b02cfde04e3e15a","homepage":"https://github.com/paketo-buildpacks/syft","name":"Paketo Buildpack for Syft"}},"paketo-buildpacks/thin":{"0.5.34":{"api":"0.7","stacks":[{"id":"*"}],"layerDiffID":"sha256:61fa1934a6a7731cb2f66c4ee2424b0dca9f661f69f0c804eaf90de7fedbdde7","homepage":"https://github.com/paketo-buildpacks/thin","name":"Paketo Buildpack for Thin"}},"paketo-buildpacks/unicorn":{"0.4.34":{"api":"0.7","stacks":[{"id":"*"}],"layerDiffID":"sha256:5400cbf7ffcabe452deaddde4968496bb5ced564cdb71e930cac5577cb9f331a","homepage":"https://github.com/paketo-buildpacks/unicorn","name":"Paketo Buildpack for Unicorn"}},"paketo-buildpacks/upx":{"3.4.6":{"api":"0.7","stacks":[{"id":"io.buildpacks.stacks.bionic"},{"id":"io.paketo.stacks.tiny"},{"id":"*"}],"layerDiffID":"sha256:81431da72727491324cfc2eb7b0eddcda161c544b4670ce92bd5c4d0683415f3","homepage":"https://github.com/paketo-buildpacks/upx","name":"Paketo Buildpack for UPX"}},"paketo-buildpacks/vsdbg":{"0.3.4":{"api":"0.8","stacks":[{"id":"io.buildpacks.stacks.bionic"},{"id":"io.buildpacks.stacks.jammy"}],"layerDiffID":"sha256:24c85518a8b01cd111d1274daba7a6df32fc9c4e08e33a41e9bb149fb56f1c53","name":"Paketo Buildpack for Visual Studio Debugger"}},"paketo-buildpacks/watchexec":{"2.8.3":{"api":"0.7","stacks":[{"id":"io.buildpacks.stacks.bionic"},{"id":"io.paketo.stacks.tiny"},{"id":"*"}],"layerDiffID":"sha256:7091071dbf9c60845a16f05a7c8edab69cc2c26aa13ba32c096f1f2097b91e72","homepage":"https://github.com/paketo-buildpacks/watchexec","name":"Paketo Buildpack for Watchexec"},"2.8.5":{"api":"0.7","stacks":[{"id":"io.buildpacks.stacks.bionic"},{"id":"io.paketo.stacks.tiny"},{"id":"*"}],"layerDiffID":"sha256:11f60937526ebc92492d6a33591e0b2099c585ba920a78da56b476afcf8c7ac3","homepage":"https://github.com/paketo-buildpacks/watchexec","name":"Paketo Buildpack for Watchexec"},"2.8.6":{"api":"0.7","stacks":[{"id":"io.buildpacks.stacks.bionic"},{"id":"io.paketo.stacks.tiny"},{"id":"*"}],"layerDiffID":"sha256:59ed9760c40281504b679fd3c24acba2fd5df71f4deb25caeb6f2d4611cd0b34","homepage":"https://github.com/paketo-buildpacks/watchexec","name":"Paketo Buildpack for Watchexec"}},"paketo-buildpacks/web-servers":{"0.19.1":{"api":"0.7","order":[{"group":[{"id":"paketo-buildpacks/ca-certificates","version":"3.6.5","optional":true},{"id":"paketo-buildpacks/watchexec","version":"2.8.5","optional":true},{"id":"paketo-buildpacks/node-engine","version":"2.0.0"},{"id":"paketo-buildpacks/yarn","version":"1.1.11"},{"id":"paketo-buildpacks/yarn-install","version":"1.2.1"},{"id":"paketo-buildpacks/node-run-script","version":"1.0.13"},{"id":"paketo-buildpacks/nginx","version":"0.15.6"},{"id":"paketo-buildpacks/procfile","version":"5.6.6","optional":true},{"id":"paketo-buildpacks/environment-variables","version":"4.5.5","optional":true},{"id":"paketo-buildpacks/image-labels","version":"4.5.4","optional":true},{"id":"paketo-buildpacks/source-removal","version":"0.2.1"}]},{"group":[{"id":"paketo-buildpacks/ca-certificates","version":"3.6.5","optional":true},{"id":"paketo-buildpacks/watchexec","version":"2.8.5","optional":true},{"id":"paketo-buildpacks/node-engine","version":"2.0.0"},{"id":"paketo-buildpacks/npm-install","version":"1.3.0"},{"id":"paketo-buildpacks/node-run-script","version":"1.0.13"},{"id":"paketo-buildpacks/nginx","version":"0.15.6"},{"id":"paketo-buildpacks/procfile","version":"5.6.6","optional":true},{"id":"paketo-buildpacks/environment-variables","version":"4.5.5","optional":true},{"id":"paketo-buildpacks/image-labels","version":"4.5.4","optional":true},{"id":"paketo-buildpacks/source-removal","version":"0.2.1"}]},{"group":[{"id":"paketo-buildpacks/ca-certificates","version":"3.6.5","optional":true},{"id":"paketo-buildpacks/watchexec","version":"2.8.5","optional":true},{"id":"paketo-buildpacks/node-engine","version":"2.0.0"},{"id":"paketo-buildpacks/yarn","version":"1.1.11"},{"id":"paketo-buildpacks/yarn-install","version":"1.2.1"},{"id":"paketo-buildpacks/node-run-script","version":"1.0.13"},{"id":"paketo-buildpacks/httpd","version":"0.7.14"},{"id":"paketo-buildpacks/procfile","version":"5.6.6","optional":true},{"id":"paketo-buildpacks/environment-variables","version":"4.5.5","optional":true},{"id":"paketo-buildpacks/image-labels","version":"4.5.4","optional":true},{"id":"paketo-buildpacks/source-removal","version":"0.2.1"}]},{"group":[{"id":"paketo-buildpacks/ca-certificates","version":"3.6.5","optional":true},{"id":"paketo-buildpacks/watchexec","version":"2.8.5","optional":true},{"id":"paketo-buildpacks/node-engine","version":"2.0.0"},{"id":"paketo-buildpacks/npm-install","version":"1.3.0"},{"id":"paketo-buildpacks/node-run-script","version":"1.0.13"},{"id":"paketo-buildpacks/httpd","version":"0.7.14"},{"id":"paketo-buildpacks/procfile","version":"5.6.6","optional":true},{"id":"paketo-buildpacks/environment-variables","version":"4.5.5","optional":true},{"id":"paketo-buildpacks/image-labels","version":"4.5.4","optional":true},{"id":"paketo-buildpacks/source-removal","version":"0.2.1"}]},{"group":[{"id":"paketo-buildpacks/ca-certificates","version":"3.6.5","optional":true},{"id":"paketo-buildpacks/watchexec","version":"2.8.5","optional":true},{"id":"paketo-buildpacks/nginx","version":"0.15.6"},{"id":"paketo-buildpacks/procfile","version":"5.6.6","optional":true},{"id":"paketo-buildpacks/environment-variables","version":"4.5.5","optional":true},{"id":"paketo-buildpacks/image-labels","version":"4.5.4","optional":true},{"id":"paketo-buildpacks/source-removal","version":"0.2.1"}]},{"group":[{"id":"paketo-buildpacks/ca-certificates","version":"3.6.5","optional":true},{"id":"paketo-buildpacks/watchexec","version":"2.8.5","optional":true},{"id":"paketo-buildpacks/httpd","version":"0.7.14"},{"id":"paketo-buildpacks/procfile","version":"5.6.6","optional":true},{"id":"paketo-buildpacks/environment-variables","version":"4.5.5","optional":true},{"id":"paketo-buildpacks/image-labels","version":"4.5.4","optional":true},{"id":"paketo-buildpacks/source-removal","version":"0.2.1"}]}],"layerDiffID":"sha256:60b2632955c147fd465b110c148052c946dcc0af762ae3f2875da59c87e08516","homepage":"https://github.com/paketo-buildpacks/web-servers","name":"Paketo Buildpack for Web Servers"}},"paketo-buildpacks/yarn":{"1.1.11":{"api":"0.7","stacks":[{"id":"io.buildpacks.stacks.bionic"},{"id":"io.buildpacks.stacks.jammy"},{"id":"*"}],"layerDiffID":"sha256:a7184382daf5436fe33ca5a0d69053fad35d1e13eb1047b6b908041ba9ca995e","homepage":"https://github.com/paketo-buildpacks/yarn","name":"Paketo Buildpack for Yarn"},"1.2.0":{"api":"0.7","stacks":[{"id":"io.buildpacks.stacks.bionic"},{"id":"io.buildpacks.stacks.jammy"},{"id":"*"}],"layerDiffID":"sha256:ec468a227ffad6f302bab3acf85e994c7e7d35d413e0682ad2cd9d3c8ab17d80","homepage":"https://github.com/paketo-buildpacks/yarn","name":"Paketo Buildpack for Yarn"}},"paketo-buildpacks/yarn-install":{"1.2.1":{"api":"0.7","stacks":[{"id":"*"}],"layerDiffID":"sha256:00eba1517d53a91e912fc8d03c7335ca58477b7412b458041e674ae1f60bf204","homepage":"https://github.com/paketo-buildpacks/yarn-install","name":"Paketo Buildpack for Yarn Install"},"1.2.2":{"api":"0.7","stacks":[{"id":"*"}],"layerDiffID":"sha256:e23c3fb0f408926d15a29044d91de04e61dc35068fb3552604f410cfe68be161","homepage":"https://github.com/paketo-buildpacks/yarn-install","name":"Paketo Buildpack for Yarn Install"}},"paketo-buildpacks/yarn-start":{"1.1.3":{"api":"0.7","stacks":[{"id":"*"}],"layerDiffID":"sha256:c19038830466a1990b14ed00f7b0464b4a7ad57c8c663398513f17524f97db95","homepage":"https://github.com/paketo-buildpacks/yarn-start","name":"Paketo Buildpack for Yarn Start"}}}, io.buildpacks.buildpack.order=[{"group":[{"id":"paketo-buildpacks/ruby","version":"0.41.1"}]},{"group":[{"id":"paketo-buildpacks/dotnet-core","version":"0.42.0"}]},{"group":[{"id":"paketo-buildpacks/go","version":"4.6.1"}]},{"group":[{"id":"paketo-buildpacks/java-native-image","version":"8.22.0"}]},{"group":[{"id":"paketo-buildpacks/java","version":"10.3.3"}]},{"group":[{"id":"paketo-buildpacks/web-servers","version":"0.19.1"}]},{"group":[{"id":"paketo-buildpacks/nodejs","version":"2.0.0"}]},{"group":[{"id":"paketo-buildpacks/python","version":"2.14.0"}]},{"group":[{"id":"paketo-buildpacks/procfile","version":"5.6.7"}]}], io.buildpacks.buildpack.order-extensions=null, io.buildpacks.extension.layers={}, io.buildpacks.stack.description=ubuntu:jammy with compilers and shell utilities, io.buildpacks.stack.distro.name=ubuntu, io.buildpacks.stack.distro.version=22.04, io.buildpacks.stack.homepage=https://github.com/paketo-buildpacks/jammy-base-stack, io.buildpacks.stack.id=io.buildpacks.stacks.jammy, io.buildpacks.stack.maintainer=Paketo Buildpacks, io.buildpacks.stack.metadata={}, io.buildpacks.stack.mixins=null, io.buildpacks.stack.released=2023-11-23T02:39:42Z, org.opencontainers.image.ref.name=ubuntu, org.opencontainers.image.version=22.04}, containers=-1)
21:06:55.897 [Test worker] DEBUG org.testcontainers.images.LocalImagesCache - repoTags is null, skipping image: Image(created=315532801, id=sha256:ded3a0aedaaf553ea06eb876170245327c226d9d414e6b012b4b7a2ea7ef1af2, parentId=, repoTags=null, repoDigests=[paketobuildpacks/builder-jammy-base@sha256:9bc2779425e7f61d7eb3d273e4fa9df97057e70e29de63f5882fc0e54f9e78a4], size=1549274070, virtualSize=1549274070, sharedSize=-1, labels={io.buildpacks.builder.metadata={"description":"Ubuntu 22.04 Jammy Jellyfish base image with buildpacks for Java, Go, .NET Core, Node.js, Python, Apache HTTPD, NGINX and Procfile","buildpacks":[{"id":"paketo-buildpacks/dotnet-core","name":"Paketo Buildpack for .NET Core","version":"0.42.1","homepage":"https://github.com/paketo-buildpacks/dotnet-core"},{"id":"paketo-buildpacks/ca-certificates","name":"Paketo Buildpack for CA Certificates","version":"3.6.6","homepage":"https://github.com/paketo-buildpacks/ca-certificates"},{"id":"paketo-buildpacks/dotnet-core-aspnet-runtime","name":"Paketo Buildpack for ASP.NET Core Runtime","version":"0.4.1","homepage":"https://github.com/paketo-buildpacks/dotnet-core-aspnet-runtime"},{"id":"paketo-buildpacks/dotnet-core-sdk","name":"Paketo Buildpack for .NET Core SDK","version":"0.14.1","homepage":"https://github.com/paketo-buildpacks/dotnet-core-sdk"},{"id":"paketo-buildpacks/dotnet-execute","name":"Paketo Buildpack for .NET Execute","version":"0.14.24","homepage":"https://github.com/paketo-buildpacks/dotnet-execute"},{"id":"paketo-buildpacks/dotnet-publish","name":"Paketo Buildpack for .NET Publish","version":"0.12.23","homepage":"https://github.com/paketo-buildpacks/dotnet-publish"},{"id":"paketo-buildpacks/environment-variables","name":"Paketo Buildpack for Environment Variables","version":"4.5.6","homepage":"https://github.com/paketo-buildpacks/environment-variables"},{"id":"paketo-buildpacks/icu","name":"Paketo Buildpack for ICU","version":"0.7.1","homepage":"https://github.com/paketo-buildpacks/icu"},{"id":"paketo-buildpacks/image-labels","name":"Paketo Buildpack for Image Labels","version":"4.5.5","homepage":"https://github.com/paketo-buildpacks/image-labels"},{"id":"paketo-buildpacks/node-engine","name":"Paketo Buildpack for Node Engine","version":"3.0.1","homepage":"https://github.com/paketo-buildpacks/node-engine"},{"id":"paketo-buildpacks/procfile","name":"Paketo Buildpack for Procfile","version":"5.6.7","homepage":"https://github.com/paketo-buildpacks/procfile"},{"id":"paketo-buildpacks/vsdbg","name":"Paketo Buildpack for Visual Studio Debugger","version":"0.3.5"},{"id":"paketo-buildpacks/watchexec","name":"Paketo Buildpack for Watchexec","version":"2.8.6","homepage":"https://github.com/paketo-buildpacks/watchexec"},{"id":"paketo-buildpacks/go","name":"Paketo Buildpack for Go","version":"4.6.1","homepage":"https://github.com/paketo-buildpacks/go"},{"id":"paketo-buildpacks/ca-certificates","name":"Paketo Buildpack for CA Certificates","version":"3.6.6","homepage":"https://github.com/paketo-buildpacks/ca-certificates"},{"id":"paketo-buildpacks/environment-variables","name":"Paketo Buildpack for Environment Variables","version":"4.5.6","homepage":"https://github.com/paketo-buildpacks/environment-variables"},{"id":"paketo-buildpacks/git","name":"Paketo Buildpack for Git","version":"1.0.7","homepage":"https://github.com/paketo-buildpacks/git"},{"id":"paketo-buildpacks/go-build","name":"Paketo Buildpack for Go Build","version":"2.1.1","homepage":"https://github.com/paketo-buildpacks/go-build"},{"id":"paketo-buildpacks/go-dist","name":"Paketo Buildpack for Go Distribution","version":"2.4.3","homepage":"https://github.com/paketo-buildpacks/go-dist"},{"id":"paketo-buildpacks/go-mod-vendor","name":"Paketo Buildpack for Go Mod Vendor","version":"1.0.26","homepage":"https://github.com/paketo-buildpacks/go-mod-vendor"},{"id":"paketo-buildpacks/image-labels","name":"Paketo Buildpack for Image Labels","version":"4.5.5","homepage":"https://github.com/paketo-buildpacks/image-labels"},{"id":"paketo-buildpacks/procfile","name":"Paketo Buildpack for Procfile","version":"5.6.7","homepage":"https://github.com/paketo-buildpacks/procfile"},{"id":"paketo-buildpacks/watchexec","name":"Paketo Buildpack for Watchexec","version":"2.8.6","homepage":"https://github.com/paketo-buildpacks/watchexec"},{"id":"paketo-buildpacks/java-native-image","name":"Paketo Buildpack for Java Native Image","version":"8.24.0","homepage":"https://paketo.io/docs/howto/java/#build-an-app-as-a-graalvm-native-image-application"},{"id":"paketo-buildpacks/bellsoft-liberica","name":"Paketo Buildpack for BellSoft Liberica","version":"10.4.4","homepage":"https://github.com/paketo-buildpacks/bellsoft-liberica"},{"id":"paketo-buildpacks/ca-certificates","name":"Paketo Buildpack for CA Certificates","version":"3.6.6","homepage":"https://github.com/paketo-buildpacks/ca-certificates"},{"id":"paketo-buildpacks/datadog","name":"Paketo Buildpack for Datadog","version":"4.6.0","homepage":"https://github.com/paketo-buildpacks/datadog"},{"id":"paketo-buildpacks/environment-variables","name":"Paketo Buildpack for Environment Variables","version":"4.5.6","homepage":"https://github.com/paketo-buildpacks/environment-variables"},{"id":"paketo-buildpacks/executable-jar","name":"Paketo Buildpack for Executable JAR","version":"6.8.3","homepage":"https://github.com/paketo-buildpacks/executable-jar"},{"id":"paketo-buildpacks/gradle","name":"Paketo Buildpack for Gradle","version":"7.7.1","homepage":"https://github.com/paketo-buildpacks/gradle"},{"id":"paketo-buildpacks/image-labels","name":"Paketo Buildpack for Image Labels","version":"4.5.5","homepage":"https://github.com/paketo-buildpacks/image-labels"},{"id":"paketo-buildpacks/leiningen","name":"Paketo Buildpack for Leiningen","version":"4.6.9","homepage":"https://github.com/paketo-buildpacks/leiningen"},{"id":"paketo-buildpacks/maven","name":"Paketo Buildpack for Maven","version":"6.15.12","homepage":"https://github.com/paketo-buildpacks/maven"},{"id":"paketo-buildpacks/native-image","name":"Paketo Buildpack for Native Image","version":"5.12.7","homepage":"https://github.com/paketo-buildpacks/native-image"},{"id":"paketo-buildpacks/procfile","name":"Paketo Buildpack for Procfile","version":"5.6.7","homepage":"https://github.com/paketo-buildpacks/procfile"},{"id":"paketo-buildpacks/sbt","name":"Paketo Buildpack for SBT","version":"6.12.10","homepage":"https://github.com/paketo-buildpacks/sbt"},{"id":"paketo-buildpacks/spring-boot","name":"Paketo Buildpack for Spring Boot","version":"5.27.7","homepage":"https://github.com/paketo-buildpacks/spring-boot"},{"id":"paketo-buildpacks/syft","name":"Paketo Buildpack for Syft","version":"1.41.1","homepage":"https://github.com/paketo-buildpacks/syft"},{"id":"paketo-buildpacks/upx","name":"Paketo Buildpack for UPX","version":"3.4.6","homepage":"https://github.com/paketo-buildpacks/upx"},{"id":"paketo-buildpacks/java","name":"Paketo Buildpack for Java","version":"10.5.0","homepage":"https://paketo.io/docs/howto/java"},{"id":"paketo-buildpacks/apache-tomcat","name":"Paketo Buildpack for Apache Tomcat","version":"7.14.1","homepage":"https://github.com/paketo-buildpacks/apache-tomcat"},{"id":"paketo-buildpacks/apache-tomee","name":"Paketo Buildpack for Apache Tomee","version":"1.7.9","homepage":"https://github.com/paketo-buildpacks/apache-tomee"},{"id":"paketo-buildpacks/azure-application-insights","name":"Paketo Buildpack for Azure Application Insights","version":"5.17.2","homepage":"https://github.com/paketo-buildpacks/azure-application-insights"},{"id":"paketo-buildpacks/bellsoft-liberica","name":"Paketo Buildpack for BellSoft Liberica","version":"10.4.4","homepage":"https://github.com/paketo-buildpacks/bellsoft-liberica"},{"id":"paketo-buildpacks/ca-certificates","name":"Paketo Buildpack for CA Certificates","version":"3.6.6","homepage":"https://github.com/paketo-buildpacks/ca-certificates"},{"id":"paketo-buildpacks/clojure-tools","name":"Paketo Buildpack for Clojure Tools","version":"2.8.13","homepage":"https://github.com/paketo-buildpacks/clojure-tools"},{"id":"paketo-buildpacks/datadog","name":"Paketo Buildpack for Datadog","version":"4.6.0","homepage":"https://github.com/paketo-buildpacks/datadog"},{"id":"paketo-buildpacks/dist-zip","name":"Paketo Buildpack for DistZip","version":"5.6.8","homepage":"https://github.com/paketo-buildpacks/dist-zip"},{"id":"paketo-buildpacks/encrypt-at-rest","name":"Paketo Buildpack for Encrypt-at-Rest","version":"4.5.12","homepage":"https://github.com/paketo-buildpacks/encrypt-at-rest"},{"id":"paketo-buildpacks/environment-variables","name":"Paketo Buildpack for Environment Variables","version":"4.5.6","homepage":"https://github.com/paketo-buildpacks/environment-variables"},{"id":"paketo-buildpacks/executable-jar","name":"Paketo Buildpack for Executable JAR","version":"6.8.3","homepage":"https://github.com/paketo-buildpacks/executable-jar"},{"id":"paketo-buildpacks/google-stackdriver","name":"Paketo Buildpack for Google Stackdriver","version":"8.0.4","homepage":"https://github.com/paketo-buildpacks/google-stackdriver"},{"id":"paketo-buildpacks/gradle","name":"Paketo Buildpack for Gradle","version":"7.7.1","homepage":"https://github.com/paketo-buildpacks/gradle"},{"id":"paketo-buildpacks/image-labels","name":"Paketo Buildpack for Image Labels","version":"4.5.5","homepage":"https://github.com/paketo-buildpacks/image-labels"},{"id":"paketo-buildpacks/jattach","name":"Paketo Buildpack for JAttach","version":"1.4.9","homepage":"https://github.com/paketo-buildpacks/jattach"},{"id":"paketo-buildpacks/java-memory-assistant","name":"Paketo Buildpack for Java Memory Assistant","version":"1.4.9","homepage":"https://github.com/paketo-buildpacks/java-memory-assistant"},{"id":"paketo-buildpacks/leiningen","name":"Paketo Buildpack for Leiningen","version":"4.6.9","homepage":"https://github.com/paketo-buildpacks/leiningen"},{"id":"paketo-buildpacks/liberty","name":"Paketo Buildpack for Liberty","version":"3.8.11","homepage":"https://github.com/paketo-buildpacks/liberty"},{"id":"paketo-buildpacks/maven","name":"Paketo Buildpack for Maven","version":"6.15.12","homepage":"https://github.com/paketo-buildpacks/maven"},{"id":"paketo-buildpacks/node-engine","name":"Paketo Buildpack for Node Engine","version":"3.0.1","homepage":"https://github.com/paketo-buildpacks/node-engine"},{"id":"paketo-buildpacks/procfile","name":"Paketo Buildpack for Procfile","version":"5.6.7","homepage":"https://github.com/paketo-buildpacks/procfile"},{"id":"paketo-buildpacks/sbt","name":"Paketo Buildpack for SBT","version":"6.12.10","homepage":"https://github.com/paketo-buildpacks/sbt"},{"id":"paketo-buildpacks/spring-boot","name":"Paketo Buildpack for Spring Boot","version":"5.27.7","homepage":"https://github.com/paketo-buildpacks/spring-boot"},{"id":"paketo-buildpacks/syft","name":"Paketo Buildpack for Syft","version":"1.41.1","homepage":"https://github.com/paketo-buildpacks/syft"},{"id":"paketo-buildpacks/watchexec","name":"Paketo Buildpack for Watchexec","version":"2.8.6","homepage":"https://github.com/paketo-buildpacks/watchexec"},{"id":"paketo-buildpacks/yarn","name":"Paketo Buildpack for Yarn","version":"1.2.0","homepage":"https://github.com/paketo-buildpacks/yarn"},{"id":"paketo-buildpacks/nodejs","name":"Paketo Buildpack for Node.js","version":"2.0.0","homepage":"https://github.com/paketo-buildpacks/nodejs"},{"id":"paketo-buildpacks/ca-certificates","name":"Paketo Buildpack for CA Certificates","version":"3.6.6","homepage":"https://github.com/paketo-buildpacks/ca-certificates"},{"id":"paketo-buildpacks/datadog","name":"Paketo Buildpack for Datadog","version":"3.6.0","homepage":"https://github.com/paketo-buildpacks/datadog"},{"id":"paketo-buildpacks/environment-variables","name":"Paketo Buildpack for Environment Variables","version":"4.5.6","homepage":"https://github.com/paketo-buildpacks/environment-variables"},{"id":"paketo-buildpacks/image-labels","name":"Paketo Buildpack for Image Labels","version":"4.5.5","homepage":"https://github.com/paketo-buildpacks/image-labels"},{"id":"paketo-buildpacks/node-engine","name":"Paketo Buildpack for Node Engine","version":"3.0.1","homepage":"https://github.com/paketo-buildpacks/node-engine"},{"id":"paketo-buildpacks/node-run-script","name":"Paketo Buildpack for Node Run Script","version":"1.0.14","homepage":"https://github.com/paketo-buildpacks/node-run-script"},{"id":"paketo-buildpacks/node-start","name":"Paketo Buildpack for Node Start","version":"1.1.3","homepage":"https://github.com/paketo-buildpacks/node-start"},{"id":"paketo-buildpacks/npm-install","name":"Paketo Buildpack for NPM Install","version":"1.3.1","homepage":"https://github.com/paketo-buildpacks/npm-install"},{"id":"paketo-buildpacks/npm-start","name":"Paketo Buildpack for NPM Start","version":"1.0.15","homepage":"https://github.com/paketo-buildpacks/npm-start"},{"id":"paketo-buildpacks/procfile","name":"Paketo Buildpack for Procfile","version":"5.6.7","homepage":"https://github.com/paketo-buildpacks/procfile"},{"id":"paketo-buildpacks/watchexec","name":"Paketo Buildpack for Watchexec","version":"2.8.6","homepage":"https://github.com/paketo-buildpacks/watchexec"},{"id":"paketo-buildpacks/yarn","name":"Paketo Buildpack for Yarn","version":"1.2.0","homepage":"https://github.com/paketo-buildpacks/yarn"},{"id":"paketo-buildpacks/yarn-install","name":"Paketo Buildpack for Yarn Install","version":"1.2.2","homepage":"https://github.com/paketo-buildpacks/yarn-install"},{"id":"paketo-buildpacks/yarn-start","name":"Paketo Buildpack for Yarn Start","version":"1.1.3","homepage":"https://github.com/paketo-buildpacks/yarn-start"},{"id":"paketo-buildpacks/procfile","name":"Paketo Buildpack for Procfile","version":"5.6.7","homepage":"https://github.com/paketo-buildpacks/procfile"},{"id":"paketo-buildpacks/python","name":"Paketo Buildpack for Python","version":"2.14.0"},{"id":"paketo-buildpacks/ca-certificates","name":"Paketo Buildpack for CA Certificates","version":"3.6.3","homepage":"https://github.com/paketo-buildpacks/ca-certificates"},{"id":"paketo-buildpacks/conda-env-update","name":"Paketo Buildpack for Conda Env Update","version":"0.7.12","homepage":"https://github.com/paketo-buildpacks/conda-env-update"},{"id":"paketo-buildpacks/cpython","name":"Paketo Buildpack for CPython","version":"1.9.0"},{"id":"paketo-buildpacks/environment-variables","name":"Paketo Buildpack for Environment Variables","version":"4.5.3","homepage":"https://github.com/paketo-buildpacks/environment-variables"},{"id":"paketo-buildpacks/image-labels","name":"Paketo Buildpack for Image Labels","version":"4.5.2","homepage":"https://github.com/paketo-buildpacks/image-labels"},{"id":"paketo-buildpacks/miniconda","name":"Paketo Buildpack for Miniconda","version":"0.8.5"},{"id":"paketo-buildpacks/pip","name":"Paketo Buildpack for Pip","version":"0.18.0"},{"id":"paketo-buildpacks/pip-install","name":"Paketo Buildpack for Pip Install","version":"0.6.0"},{"id":"paketo-buildpacks/pipenv","name":"Paketo Buildpack for Pipenv","version":"1.19.0"},{"id":"paketo-buildpacks/pipenv-install","name":"Paketo Buildpack for Pipenv Install","version":"0.6.18"},{"id":"paketo-buildpacks/poetry","name":"Paketo Buildpack for Poetry","version":"0.6.5"},{"id":"paketo-buildpacks/poetry-install","name":"Paketo Buildpack for Poetry Install","version":"0.3.17"},{"id":"paketo-buildpacks/poetry-run","name":"Paketo Buildpack for Poetry Run","version":"0.4.21"},{"id":"paketo-buildpacks/procfile","name":"Paketo Buildpack for Procfile","version":"5.6.4","homepage":"https://github.com/paketo-buildpacks/procfile"},{"id":"paketo-buildpacks/python-start","name":"Paketo Buildpack for Python Start","version":"0.14.14","homepage":"https://github.com/paketo-buildpacks/python-start"},{"id":"paketo-buildpacks/watchexec","name":"Paketo Buildpack for Watchexec","version":"2.8.3","homepage":"https://github.com/paketo-buildpacks/watchexec"},{"id":"paketo-buildpacks/ruby","name":"Paketo Buildpack for Ruby","version":"0.42.0","homepage":"https://github.com/paketo-buildpacks/ruby"},{"id":"paketo-buildpacks/bundle-install","name":"Paketo Buildpack for Bundle Install","version":"0.8.0","homepage":"https://github.com/paketo-buildpacks/bundle-install"},{"id":"paketo-buildpacks/bundler","name":"Paketo Buildpack for Bundler","version":"0.7.27","homepage":"https://github.com/paketo-buildpacks/bundler"},{"id":"paketo-buildpacks/ca-certificates","name":"Paketo Buildpack for CA Certificates","version":"3.6.6","homepage":"https://github.com/paketo-buildpacks/ca-certificates"},{"id":"paketo-buildpacks/environment-variables","name":"Paketo Buildpack for Environment Variables","version":"4.5.6","homepage":"https://github.com/paketo-buildpacks/environment-variables"},{"id":"paketo-buildpacks/image-labels","name":"Paketo Buildpack for Image Labels","version":"4.5.5","homepage":"https://github.com/paketo-buildpacks/image-labels"},{"id":"paketo-buildpacks/mri","name":"Paketo Buildpack for MRI","version":"0.14.9","homepage":"https://github.com/paketo-buildpacks/mri"},{"id":"paketo-buildpacks/node-engine","name":"Paketo Buildpack for Node Engine","version":"3.0.1","homepage":"https://github.com/paketo-buildpacks/node-engine"},{"id":"paketo-buildpacks/passenger","name":"Paketo Buildpack for Passenger","version":"0.13.2","homepage":"https://github.com/paketo-buildpacks/passenger"},{"id":"paketo-buildpacks/procfile","name":"Paketo Buildpack for Procfile","version":"5.6.7","homepage":"https://github.com/paketo-buildpacks/procfile"},{"id":"paketo-buildpacks/puma","name":"Paketo Buildpack for Puma","version":"0.4.36","homepage":"https://github.com/paketo-buildpacks/puma"},{"id":"paketo-buildpacks/rackup","name":"Paketo Buildpack for Rackup","version":"0.4.35","homepage":"https://github.com/paketo-buildpacks/rackup"},{"id":"paketo-buildpacks/rails-assets","name":"Paketo Buildpack for Rails Assets","version":"0.10.3","homepage":"https://github.com/paketo-buildpacks/rails-assets"},{"id":"paketo-buildpacks/rake","name":"Paketo Buildpack for Rake","version":"0.4.35","homepage":"https://github.com/paketo-buildpacks/rake"},{"id":"paketo-buildpacks/thin","name":"Paketo Buildpack for Thin","version":"0.5.35","homepage":"https://github.com/paketo-buildpacks/thin"},{"id":"paketo-buildpacks/unicorn","name":"Paketo Buildpack for Unicorn","version":"0.4.35","homepage":"https://github.com/paketo-buildpacks/unicorn"},{"id":"paketo-buildpacks/yarn","name":"Paketo Buildpack for Yarn","version":"1.2.0","homepage":"https://github.com/paketo-buildpacks/yarn"},{"id":"paketo-buildpacks/yarn-install","name":"Paketo Buildpack for Yarn Install","version":"1.2.2","homepage":"https://github.com/paketo-buildpacks/yarn-install"},{"id":"paketo-buildpacks/web-servers","name":"Paketo Buildpack for Web Servers","version":"0.19.1","homepage":"https://github.com/paketo-buildpacks/web-servers"},{"id":"paketo-buildpacks/ca-certificates","name":"Paketo Buildpack for CA Certificates","version":"3.6.5","homepage":"https://github.com/paketo-buildpacks/ca-certificates"},{"id":"paketo-buildpacks/environment-variables","name":"Paketo Buildpack for Environment Variables","version":"4.5.5","homepage":"https://github.com/paketo-buildpacks/environment-variables"},{"id":"paketo-buildpacks/httpd","name":"Paketo Buildpack for Apache HTTP Server","version":"0.7.14","homepage":"https://github.com/paketo-buildpacks/httpd"},{"id":"paketo-buildpacks/image-labels","name":"Paketo Buildpack for Image Labels","version":"4.5.4","homepage":"https://github.com/paketo-buildpacks/image-labels"},{"id":"paketo-buildpacks/nginx","name":"Paketo Buildpack for Nginx Server","version":"0.15.6","homepage":"https://github.com/paketo-buildpacks/nginx"},{"id":"paketo-buildpacks/node-engine","name":"Paketo Buildpack for Node Engine","version":"2.0.0","homepage":"https://github.com/paketo-buildpacks/node-engine"},{"id":"paketo-buildpacks/node-run-script","name":"Paketo Buildpack for Node Run Script","version":"1.0.13","homepage":"https://github.com/paketo-buildpacks/node-run-script"},{"id":"paketo-buildpacks/npm-install","name":"Paketo Buildpack for NPM Install","version":"1.3.0","homepage":"https://github.com/paketo-buildpacks/npm-install"},{"id":"paketo-buildpacks/procfile","name":"Paketo Buildpack for Procfile","version":"5.6.6","homepage":"https://github.com/paketo-buildpacks/procfile"},{"id":"paketo-buildpacks/source-removal","name":"Paketo Buildpack for Source Removal","version":"0.2.1"},{"id":"paketo-buildpacks/watchexec","name":"Paketo Buildpack for Watchexec","version":"2.8.5","homepage":"https://github.com/paketo-buildpacks/watchexec"},{"id":"paketo-buildpacks/yarn","name":"Paketo Buildpack for Yarn","version":"1.1.11","homepage":"https://github.com/paketo-buildpacks/yarn"},{"id":"paketo-buildpacks/yarn-install","name":"Paketo Buildpack for Yarn Install","version":"1.2.1","homepage":"https://github.com/paketo-buildpacks/yarn-install"}],"extensions":null,"stack":{"runImage":{"image":"index.docker.io/paketobuildpacks/run-jammy-base:latest","mirrors":[]}},"lifecycle":{"version":"0.18.2","api":{"buildpack":"0.7","platform":"0.7"},"apis":{"buildpack":{"deprecated":[],"supported":["0.7","0.8","0.9","0.10"]},"platform":{"deprecated":[],"supported":["0.7","0.8","0.9","0.10","0.11","0.12"]}}},"createdBy":{"name":"Pack CLI","version":"0.31.0+git-3a994bd.build-5086"},"images":[{"image":"index.docker.io/paketobuildpacks/run-jammy-base:latest","mirrors":[]}]}, io.buildpacks.buildpack.layers={"paketo-buildpacks/apache-tomcat":{"7.14.1":{"api":"0.7","stacks":[{"id":"*"}],"layerDiffID":"sha256:cbeef4b353f2f6c8399702a263d091068f805efe97b510719cf4b53413b04a97","homepage":"https://github.com/paketo-buildpacks/apache-tomcat","name":"Paketo Buildpack for Apache Tomcat"}},"paketo-buildpacks/apache-tomee":{"1.7.9":{"api":"0.7","stacks":[{"id":"*"}],"layerDiffID":"sha256:6f3f9fa91cd222f53b9d038d711aaf18874e5b82cf85298ba50dd2e38624aa2f","homepage":"https://github.com/paketo-buildpacks/apache-tomee","name":"Paketo Buildpack for Apache Tomee"}},"paketo-buildpacks/azure-application-insights":{"5.17.2":{"api":"0.7","stacks":[{"id":"io.buildpacks.stacks.bionic"},{"id":"io.paketo.stacks.tiny"},{"id":"*"}],"layerDiffID":"sha256:1c51a21adcea6e0c2af7119f4bf5613c0af07444a180d1df031567aa9572c38a","homepage":"https://github.com/paketo-buildpacks/azure-application-insights","name":"Paketo Buildpack for Azure Application Insights"}},"paketo-buildpacks/bellsoft-liberica":{"10.4.4":{"api":"0.7","stacks":[{"id":"io.paketo.stacks.tiny"},{"id":"io.buildpacks.stacks.bionic"},{"id":"*"}],"layerDiffID":"sha256:07de586e9118a13b87e3bb0326af1de2d04254f2e7e7e4ca99d4730de69c44b1","homepage":"https://github.com/paketo-buildpacks/bellsoft-liberica","name":"Paketo Buildpack for BellSoft Liberica"}},"paketo-buildpacks/bundle-install":{"0.8.0":{"api":"0.7","stacks":[{"id":"*"}],"layerDiffID":"sha256:badf16868bf5a632c377c6779eafe809d1d4846d2867d9d6420ee5cd3d33f206","homepage":"https://github.com/paketo-buildpacks/bundle-install","name":"Paketo Buildpack for Bundle Install"}},"paketo-buildpacks/bundler":{"0.7.27":{"api":"0.7","stacks":[{"id":"io.buildpacks.stacks.bionic"},{"id":"io.buildpacks.stacks.jammy"}],"layerDiffID":"sha256:e9e8f5dcf0114be381c6a6799c13b8d2e6b10c210f980f67aaf7323fb70b7583","homepage":"https://github.com/paketo-buildpacks/bundler","name":"Paketo Buildpack for Bundler"}},"paketo-buildpacks/ca-certificates":{"3.6.3":{"api":"0.7","stacks":[{"id":"io.buildpacks.stacks.bionic"},{"id":"io.paketo.stacks.tiny"},{"id":"*"}],"layerDiffID":"sha256:b60541d13f4fa3fddd3783a1cb77de4c502e590a34c0265becc0d1819ea0f664","homepage":"https://github.com/paketo-buildpacks/ca-certificates","name":"Paketo Buildpack for CA Certificates"},"3.6.5":{"api":"0.7","stacks":[{"id":"io.buildpacks.stacks.bionic"},{"id":"io.paketo.stacks.tiny"},{"id":"*"}],"layerDiffID":"sha256:d7b5fe48f8aec15ae831663443e85d27cc39f6e7f677f3574d22efc12ab1b91d","homepage":"https://github.com/paketo-buildpacks/ca-certificates","name":"Paketo Buildpack for CA Certificates"},"3.6.6":{"api":"0.7","stacks":[{"id":"io.buildpacks.stacks.bionic"},{"id":"io.paketo.stacks.tiny"},{"id":"*"}],"layerDiffID":"sha256:e987b55729a6c11809fd034067ca16b6713bc108deafb7720b4c8042c04bfb6d","homepage":"https://github.com/paketo-buildpacks/ca-certificates","name":"Paketo Buildpack for CA Certificates"}},"paketo-buildpacks/clojure-tools":{"2.8.13":{"api":"0.7","stacks":[{"id":"io.buildpacks.stacks.bionic"},{"id":"io.paketo.stacks.tiny"},{"id":"*"}],"layerDiffID":"sha256:8e7390a65595d6ba91dc72a85e5d5fdc85dfe9213ad45814920e2addba52ed63","homepage":"https://github.com/paketo-buildpacks/clojure-tools","name":"Paketo Buildpack for Clojure Tools"}},"paketo-buildpacks/conda-env-update":{"0.7.12":{"api":"0.7","stacks":[{"id":"*"}],"layerDiffID":"sha256:e8f09369eccaf0ce87f8f4868129ff29911f8311ae9650a5f73c90c3abb46ef5","homepage":"https://github.com/paketo-buildpacks/conda-env-update","name":"Paketo Buildpack for Conda Env Update"}},"paketo-buildpacks/cpython":{"1.9.0":{"api":"0.7","stacks":[{"id":"*"}],"layerDiffID":"sha256:5757cf2c2d7f21c2253c556582fb1c802eaabe53d10d86afe92bd1be2c9b3636","name":"Paketo Buildpack for CPython"}},"paketo-buildpacks/datadog":{"3.6.0":{"api":"0.7","stacks":[{"id":"io.buildpacks.stacks.bionic"},{"id":"io.paketo.stacks.tiny"},{"id":"*"}],"layerDiffID":"sha256:b351bc73239608a09c7523656594df065fd2a6aacaee90254945d9e3070122ca","homepage":"https://github.com/paketo-buildpacks/datadog","name":"Paketo Buildpack for Datadog"},"4.6.0":{"api":"0.7","stacks":[{"id":"io.buildpacks.stacks.bionic"},{"id":"io.paketo.stacks.tiny"},{"id":"*"}],"layerDiffID":"sha256:2c010efe42116cf027daa2714b21558f4bd7f3785883de66e6b22d0787db4d01","homepage":"https://github.com/paketo-buildpacks/datadog","name":"Paketo Buildpack for Datadog"}},"paketo-buildpacks/dist-zip":{"5.6.8":{"api":"0.7","stacks":[{"id":"io.buildpacks.stacks.bionic"},{"id":"io.paketo.stacks.tiny"},{"id":"*"}],"layerDiffID":"sha256:b5beba4f9e9f9235a1982e02e9441f4974e94bb0a4a218de5a77abdfbd88f723","homepage":"https://github.com/paketo-buildpacks/dist-zip","name":"Paketo Buildpack for DistZip"}},"paketo-buildpacks/dotnet-core":{"0.42.1":{"api":"0.8","order":[{"group":[{"id":"paketo-buildpacks/ca-certificates","version":"3.6.6","optional":true},{"id":"paketo-buildpacks/watchexec","version":"2.8.6","optional":true},{"id":"paketo-buildpacks/vsdbg","version":"0.3.5","optional":true},{"id":"paketo-buildpacks/dotnet-core-sdk","version":"0.14.1","optional":true},{"id":"paketo-buildpacks/icu","version":"0.7.1","optional":true},{"id":"paketo-buildpacks/node-engine","version":"3.0.1","optional":true},{"id":"paketo-buildpacks/dotnet-publish","version":"0.12.23","optional":true},{"id":"paketo-buildpacks/dotnet-core-aspnet-runtime","version":"0.4.1","optional":true},{"id":"paketo-buildpacks/dotnet-execute","version":"0.14.24"},{"id":"paketo-buildpacks/procfile","version":"5.6.7","optional":true},{"id":"paketo-buildpacks/environment-variables","version":"4.5.6","optional":true},{"id":"paketo-buildpacks/image-labels","version":"4.5.5","optional":true}]}],"layerDiffID":"sha256:baadd75e3e33f4f2a7cf5990e170801b1b23a63994cff2c39f4a76b6b3a8ec86","homepage":"https://github.com/paketo-buildpacks/dotnet-core","name":"Paketo Buildpack for .NET Core"}},"paketo-buildpacks/dotnet-core-aspnet-runtime":{"0.4.1":{"api":"0.8","stacks":[{"id":"io.buildpacks.stacks.bionic"},{"id":"io.buildpacks.stacks.jammy"}],"layerDiffID":"sha256:f60957ac69200c4d177040e56f01254115b85f324a95fb00da08969c597f82cf","homepage":"https://github.com/paketo-buildpacks/dotnet-core-aspnet-runtime","name":"Paketo Buildpack for ASP.NET Core Runtime"}},"paketo-buildpacks/dotnet-core-sdk":{"0.14.1":{"api":"0.8","stacks":[{"id":"io.buildpacks.stacks.bionic"},{"id":"io.buildpacks.stacks.jammy"}],"layerDiffID":"sha256:72b5e13d61de4de9043061b609296d8bd70170fed11c75762d01a384c6425815","homepage":"https://github.com/paketo-buildpacks/dotnet-core-sdk","name":"Paketo Buildpack for .NET Core SDK"}},"paketo-buildpacks/dotnet-execute":{"0.14.24":{"api":"0.8","stacks":[{"id":"*"}],"layerDiffID":"sha256:992a24b4700a76644fdae2a31067766c76bd4eae34b31f013a7767f8206a0b00","homepage":"https://github.com/paketo-buildpacks/dotnet-execute","name":"Paketo Buildpack for .NET Execute"}},"paketo-buildpacks/dotnet-publish":{"0.12.23":{"api":"0.8","stacks":[{"id":"*"}],"layerDiffID":"sha256:3133dbf77822acf1f9d3b572762b54e68d02bee4e971124e8a0a85119470582c","homepage":"https://github.com/paketo-buildpacks/dotnet-publish","name":"Paketo Buildpack for .NET Publish"}},"paketo-buildpacks/encrypt-at-rest":{"4.5.12":{"api":"0.7","stacks":[{"id":"io.buildpacks.stacks.bionic"},{"id":"io.paketo.stacks.tiny"},{"id":"*"}],"layerDiffID":"sha256:496a26cc8ef01775c8e2328e41db1d471344f9fca0dfc88717f6c3a718031f6c","homepage":"https://github.com/paketo-buildpacks/encrypt-at-rest","name":"Paketo Buildpack for Encrypt-at-Rest"}},"paketo-buildpacks/environment-variables":{"4.5.3":{"api":"0.7","stacks":[{"id":"io.buildpacks.stacks.bionic"},{"id":"io.paketo.stacks.tiny"},{"id":"*"}],"layerDiffID":"sha256:e0b403660a34970e9f33fbfca76e5f60f900243797be86ce381746b6197771d3","homepage":"https://github.com/paketo-buildpacks/environment-variables","name":"Paketo Buildpack for Environment Variables"},"4.5.5":{"api":"0.7","stacks":[{"id":"io.buildpacks.stacks.bionic"},{"id":"io.paketo.stacks.tiny"},{"id":"*"}],"layerDiffID":"sha256:35a7169bca9ac0760bf19acda272c88cdf9b4fade0f96c5ff263ab8b862d789e","homepage":"https://github.com/paketo-buildpacks/environment-variables","name":"Paketo Buildpack for Environment Variables"},"4.5.6":{"api":"0.7","stacks":[{"id":"io.buildpacks.stacks.bionic"},{"id":"io.paketo.stacks.tiny"},{"id":"*"}],"layerDiffID":"sha256:491136e66ebd688914cbba8f67d6e84178245ba87c01f22f762b6ef966cbe718","homepage":"https://github.com/paketo-buildpacks/environment-variables","name":"Paketo Buildpack for Environment Variables"}},"paketo-buildpacks/executable-jar":{"6.8.3":{"api":"0.7","stacks":[{"id":"io.buildpacks.stacks.bionic"},{"id":"io.paketo.stacks.tiny"},{"id":"*"}],"layerDiffID":"sha256:07713a584e9c73cf2397531b4e3d669ff2d4578e1706ca5395dbfe683804e627","homepage":"https://github.com/paketo-buildpacks/executable-jar","name":"Paketo Buildpack for Executable JAR"}},"paketo-buildpacks/git":{"1.0.7":{"api":"0.7","stacks":[{"id":"*"}],"layerDiffID":"sha256:2bb5a7078a44f3cc8cc3e498a7df865355d0b9b91ba41c38d20858911602e1e5","homepage":"https://github.com/paketo-buildpacks/git","name":"Paketo Buildpack for Git"}},"paketo-buildpacks/go":{"4.6.1":{"api":"0.7","order":[{"group":[{"id":"paketo-buildpacks/ca-certificates","version":"3.6.6","optional":true},{"id":"paketo-buildpacks/watchexec","version":"2.8.6","optional":true},{"id":"paketo-buildpacks/go-dist","version":"2.4.3"},{"id":"paketo-buildpacks/git","version":"1.0.7","optional":true},{"id":"paketo-buildpacks/go-mod-vendor","version":"1.0.26"},{"id":"paketo-buildpacks/go-build","version":"2.1.1"},{"id":"paketo-buildpacks/procfile","version":"5.6.7","optional":true},{"id":"paketo-buildpacks/environment-variables","version":"4.5.6","optional":true},{"id":"paketo-buildpacks/image-labels","version":"4.5.5","optional":true}]},{"group":[{"id":"paketo-buildpacks/ca-certificates","version":"3.6.6","optional":true},{"id":"paketo-buildpacks/watchexec","version":"2.8.6","optional":true},{"id":"paketo-buildpacks/go-dist","version":"2.4.3"},{"id":"paketo-buildpacks/git","version":"1.0.7","optional":true},{"id":"paketo-buildpacks/go-build","version":"2.1.1"},{"id":"paketo-buildpacks/procfile","version":"5.6.7","optional":true},{"id":"paketo-buildpacks/environment-variables","version":"4.5.6","optional":true},{"id":"paketo-buildpacks/image-labels","version":"4.5.5","optional":true}]}],"layerDiffID":"sha256:807496946824970d32ca4af63f1fd02f5b7d2fe7934fd9548652bbdb2fb92d41","homepage":"https://github.com/paketo-buildpacks/go","name":"Paketo Buildpack for Go"}},"paketo-buildpacks/go-build":{"2.1.1":{"api":"0.7","stacks":[{"id":"*"}],"layerDiffID":"sha256:770282cf70b96aca4ad926a64e01719de363f1aad901f03fb2a0bdd00879ea49","homepage":"https://github.com/paketo-buildpacks/go-build","name":"Paketo Buildpack for Go Build"}},"paketo-buildpacks/go-dist":{"2.4.3":{"api":"0.7","stacks":[{"id":"*"}],"layerDiffID":"sha256:14dbcd48e9526adbd6a31f45b5dd6cc86193c9bb45896385b5e5977520df7a35","homepage":"https://github.com/paketo-buildpacks/go-dist","name":"Paketo Buildpack for Go Distribution"}},"paketo-buildpacks/go-mod-vendor":{"1.0.26":{"api":"0.7","stacks":[{"id":"*"}],"layerDiffID":"sha256:d0d4315914140a6c0175901a9d83b7cb79f274dca7cea2d61d62c48ce06a5a52","homepage":"https://github.com/paketo-buildpacks/go-mod-vendor","name":"Paketo Buildpack for Go Mod Vendor"}},"paketo-buildpacks/google-stackdriver":{"8.0.4":{"api":"0.7","stacks":[{"id":"io.buildpacks.stacks.bionic"},{"id":"io.paketo.stacks.tiny"},{"id":"*"}],"layerDiffID":"sha256:bb061969c1853e50cb7411bd0946c87d32871631e9c7c3cc03eb3739e7f8d350","homepage":"https://github.com/paketo-buildpacks/google-stackdriver","name":"Paketo Buildpack for Google Stackdriver"}},"paketo-buildpacks/gradle":{"7.7.1":{"api":"0.7","stacks":[{"id":"io.buildpacks.stacks.bionic"},{"id":"io.paketo.stacks.tiny"},{"id":"*"}],"layerDiffID":"sha256:5ad6a561c7da2aee1cc382514511fb5c0d37c1309f5ae0f092bfb3b0a6b111dc","homepage":"https://github.com/paketo-buildpacks/gradle","name":"Paketo Buildpack for Gradle"}},"paketo-buildpacks/httpd":{"0.7.14":{"api":"0.7","stacks":[{"id":"io.buildpacks.stacks.bionic"},{"id":"io.buildpacks.stacks.jammy"}],"layerDiffID":"sha256:72902c2a282fa529a145efae4838d0ac39818a6b9f77109307ce6512634e8f23","homepage":"https://github.com/paketo-buildpacks/httpd","name":"Paketo Buildpack for Apache HTTP Server"}},"paketo-buildpacks/icu":{"0.7.1":{"api":"0.8","stacks":[{"id":"io.buildpacks.stacks.bionic"},{"id":"io.buildpacks.stacks.jammy"}],"layerDiffID":"sha256:83aa04b49127327637739eaeec36f71c6a30ceb456e6b16c1a3b8ff654b57fce","homepage":"https://github.com/paketo-buildpacks/icu","name":"Paketo Buildpack for ICU"}},"paketo-buildpacks/image-labels":{"4.5.2":{"api":"0.7","stacks":[{"id":"io.buildpacks.stacks.bionic"},{"id":"io.paketo.stacks.tiny"},{"id":"*"}],"layerDiffID":"sha256:3e44c3f0963ed0bb2d0c64ecfaff2d706db8c156ae77924156befc9d4517c754","homepage":"https://github.com/paketo-buildpacks/image-labels","name":"Paketo Buildpack for Image Labels"},"4.5.4":{"api":"0.7","stacks":[{"id":"io.buildpacks.stacks.bionic"},{"id":"io.paketo.stacks.tiny"},{"id":"*"}],"layerDiffID":"sha256:23f2551fe30d7889e2706b4099406cb1d0d2bd0baf0c495e2cbda6c3e901e48b","homepage":"https://github.com/paketo-buildpacks/image-labels","name":"Paketo Buildpack for Image Labels"},"4.5.5":{"api":"0.7","stacks":[{"id":"io.buildpacks.stacks.bionic"},{"id":"io.paketo.stacks.tiny"},{"id":"*"}],"layerDiffID":"sha256:8c583593b549c46a53a13afe8c4a01200970cbcb8ee35526697d079232570456","homepage":"https://github.com/paketo-buildpacks/image-labels","name":"Paketo Buildpack for Image Labels"}},"paketo-buildpacks/jattach":{"1.4.9":{"api":"0.7","stacks":[{"id":"io.buildpacks.stacks.bionic"},{"id":"io.paketo.stacks.tiny"},{"id":"*"}],"layerDiffID":"sha256:edb7e84d3ccbcdbe00586d0fcd187f6515809f38b35937727b59b15d33eb00fe","homepage":"https://github.com/paketo-buildpacks/jattach","name":"Paketo Buildpack for JAttach"}},"paketo-buildpacks/java":{"10.5.0":{"api":"0.7","order":[{"group":[{"id":"paketo-buildpacks/ca-certificates","version":"3.6.6","optional":true},{"id":"paketo-buildpacks/bellsoft-liberica","version":"10.4.4"},{"id":"paketo-buildpacks/yarn","version":"1.2.0","optional":true},{"id":"paketo-buildpacks/node-engine","version":"3.0.1","optional":true},{"id":"paketo-buildpacks/syft","version":"1.41.1","optional":true},{"id":"paketo-buildpacks/leiningen","version":"4.6.9","optional":true},{"id":"paketo-buildpacks/clojure-tools","version":"2.8.13","optional":true},{"id":"paketo-buildpacks/gradle","version":"7.7.1","optional":true},{"id":"paketo-buildpacks/maven","version":"6.15.12","optional":true},{"id":"paketo-buildpacks/sbt","version":"6.12.10","optional":true},{"id":"paketo-buildpacks/watchexec","version":"2.8.6","optional":true},{"id":"paketo-buildpacks/executable-jar","version":"6.8.3","optional":true},{"id":"paketo-buildpacks/apache-tomcat","version":"7.14.1","optional":true},{"id":"paketo-buildpacks/apache-tomee","version":"1.7.9","optional":true},{"id":"paketo-buildpacks/liberty","version":"3.8.11","optional":true},{"id":"paketo-buildpacks/dist-zip","version":"5.6.8","optional":true},{"id":"paketo-buildpacks/spring-boot","version":"5.27.7","optional":true},{"id":"paketo-buildpacks/procfile","version":"5.6.7","optional":true},{"id":"paketo-buildpacks/jattach","version":"1.4.9","optional":true},{"id":"paketo-buildpacks/azure-application-insights","version":"5.17.2","optional":true},{"id":"paketo-buildpacks/google-stackdriver","version":"8.0.4","optional":true},{"id":"paketo-buildpacks/datadog","version":"4.6.0","optional":true},{"id":"paketo-buildpacks/java-memory-assistant","version":"1.4.9","optional":true},{"id":"paketo-buildpacks/encrypt-at-rest","version":"4.5.12","optional":true},{"id":"paketo-buildpacks/environment-variables","version":"4.5.6","optional":true},{"id":"paketo-buildpacks/image-labels","version":"4.5.5","optional":true}]}],"layerDiffID":"sha256:2d133024b3edfe851e0ea589fa8e424f04dae5881ac4a865ccb2abd5e0a32634","homepage":"https://paketo.io/docs/howto/java","name":"Paketo Buildpack for Java"}},"paketo-buildpacks/java-memory-assistant":{"1.4.9":{"api":"0.7","stacks":[{"id":"io.buildpacks.stacks.bionic"},{"id":"io.paketo.stacks.tiny"},{"id":"*"}],"layerDiffID":"sha256:b1059cc190c5c858b3ef697e123743ab2981d48b0de2b177f621c21795d1f4cc","homepage":"https://github.com/paketo-buildpacks/java-memory-assistant","name":"Paketo Buildpack for Java Memory Assistant"}},"paketo-buildpacks/java-native-image":{"8.24.0":{"api":"0.7","order":[{"group":[{"id":"paketo-buildpacks/ca-certificates","version":"3.6.6","optional":true},{"id":"paketo-buildpacks/upx","version":"3.4.6","optional":true},{"id":"paketo-buildpacks/bellsoft-liberica","version":"10.4.4"},{"id":"paketo-buildpacks/syft","version":"1.41.1","optional":true},{"id":"paketo-buildpacks/leiningen","version":"4.6.9","optional":true},{"id":"paketo-buildpacks/gradle","version":"7.7.1","optional":true},{"id":"paketo-buildpacks/maven","version":"6.15.12","optional":true},{"id":"paketo-buildpacks/sbt","version":"6.12.10","optional":true},{"id":"paketo-buildpacks/executable-jar","version":"6.8.3","optional":true},{"id":"paketo-buildpacks/spring-boot","version":"5.27.7","optional":true},{"id":"paketo-buildpacks/datadog","version":"4.6.0","optional":true},{"id":"paketo-buildpacks/native-image","version":"5.12.7"},{"id":"paketo-buildpacks/procfile","version":"5.6.7","optional":true},{"id":"paketo-buildpacks/environment-variables","version":"4.5.6","optional":true},{"id":"paketo-buildpacks/image-labels","version":"4.5.5","optional":true}]}],"layerDiffID":"sha256:20cc32f92661f639b84172e6d7121fb52e0449a643da78b55869e9f6247030d5","homepage":"https://paketo.io/docs/howto/java/#build-an-app-as-a-graalvm-native-image-application","name":"Paketo Buildpack for Java Native Image"}},"paketo-buildpacks/leiningen":{"4.6.9":{"api":"0.7","stacks":[{"id":"io.buildpacks.stacks.bionic"},{"id":"io.paketo.stacks.tiny"},{"id":"*"}],"layerDiffID":"sha256:7f08c1f7191e025630591734cc2518ee31ece6f91b184f8379428cab1d11e4f3","homepage":"https://github.com/paketo-buildpacks/leiningen","name":"Paketo Buildpack for Leiningen"}},"paketo-buildpacks/liberty":{"3.8.11":{"api":"0.7","stacks":[{"id":"*"}],"layerDiffID":"sha256:e9ffa46d650cf2c33019de117be5a2adfe099553247da8647a2dc20df9be60af","homepage":"https://github.com/paketo-buildpacks/liberty","name":"Paketo Buildpack for Liberty"}},"paketo-buildpacks/maven":{"6.15.12":{"api":"0.7","stacks":[{"id":"io.buildpacks.stacks.bionic"},{"id":"io.paketo.stacks.tiny"},{"id":"*"}],"layerDiffID":"sha256:556e2a8dfa041a33fc99b6bf252158f8ae6c9f987b24d8d51b60b5f47dde63db","homepage":"https://github.com/paketo-buildpacks/maven","name":"Paketo Buildpack for Maven"}},"paketo-buildpacks/miniconda":{"0.8.5":{"api":"0.7","stacks":[{"id":"*"}],"layerDiffID":"sha256:ddfaf04fb79c40ef178e264699a6e20723b9cebf4e6f42147629e99239bec874","name":"Paketo Buildpack for Miniconda"}},"paketo-buildpacks/mri":{"0.14.9":{"api":"0.7","stacks":[{"id":"io.buildpacks.stacks.bionic"},{"id":"io.buildpacks.stacks.jammy"}],"layerDiffID":"sha256:fc3429003a77b8831e7939e8915fbe5be66ce1b28a249ea92b006c5fb9184b80","homepage":"https://github.com/paketo-buildpacks/mri","name":"Paketo Buildpack for MRI"}},"paketo-buildpacks/native-image":{"5.12.7":{"api":"0.7","stacks":[{"id":"*"}],"layerDiffID":"sha256:6703f08ed36fa7863406b2a33a881f74648e9659aaa712fadb5bf40009a4558c","homepage":"https://github.com/paketo-buildpacks/native-image","name":"Paketo Buildpack for Native Image"}},"paketo-buildpacks/nginx":{"0.15.6":{"api":"0.7","stacks":[{"id":"io.buildpacks.stacks.bionic"},{"id":"io.buildpacks.stacks.jammy"}],"layerDiffID":"sha256:7a890b446c99ed0c593a9670e7d7c645de98855dc63288c64f04549c3622e7ec","homepage":"https://github.com/paketo-buildpacks/nginx","name":"Paketo Buildpack for Nginx Server"}},"paketo-buildpacks/node-engine":{"2.0.0":{"api":"0.7","stacks":[{"id":"io.buildpacks.stacks.bionic"},{"id":"io.buildpacks.stacks.jammy"},{"id":"*"}],"layerDiffID":"sha256:762574589a15aa16b3f268c5c648d64631fd529181d287150dbb6a93c6a74714","homepage":"https://github.com/paketo-buildpacks/node-engine","name":"Paketo Buildpack for Node Engine"},"3.0.1":{"api":"0.7","stacks":[{"id":"io.buildpacks.stacks.bionic"},{"id":"io.buildpacks.stacks.jammy"},{"id":"*"}],"layerDiffID":"sha256:ab2f69aa057c098d00d41e989b4dae371f763e75e456c9a655e6289a0c3a060c","homepage":"https://github.com/paketo-buildpacks/node-engine","name":"Paketo Buildpack for Node Engine"}},"paketo-buildpacks/node-run-script":{"1.0.13":{"api":"0.7","stacks":[{"id":"*"}],"layerDiffID":"sha256:14704ae575228cecd0daf36e21239c71c6ae9065b4d00ea7c1ead4001da552c4","homepage":"https://github.com/paketo-buildpacks/node-run-script","name":"Paketo Buildpack for Node Run Script"},"1.0.14":{"api":"0.7","stacks":[{"id":"*"}],"layerDiffID":"sha256:831f58054738183092d1a3fac71c0b39b16a6649b032529f078e7f18f900e415","homepage":"https://github.com/paketo-buildpacks/node-run-script","name":"Paketo Buildpack for Node Run Script"}},"paketo-buildpacks/node-start":{"1.1.3":{"api":"0.7","stacks":[{"id":"*"}],"layerDiffID":"sha256:cf5619cb7b7168ec95f4bb572d8c79416fdb33421a2ff2dce55d4476265fed0a","homepage":"https://github.com/paketo-buildpacks/node-start","name":"Paketo Buildpack for Node Start"}},"paketo-buildpacks/nodejs":{"2.0.0":{"api":"0.7","order":[{"group":[{"id":"paketo-buildpacks/ca-certificates","version":"3.6.6","optional":true},{"id":"paketo-buildpacks/watchexec","version":"2.8.6","optional":true},{"id":"paketo-buildpacks/node-engine","version":"3.0.1"},{"id":"paketo-buildpacks/yarn","version":"1.2.0"},{"id":"paketo-buildpacks/yarn-install","version":"1.2.2"},{"id":"paketo-buildpacks/node-run-script","version":"1.0.14","optional":true},{"id":"paketo-buildpacks/node-start","version":"1.1.3","optional":true},{"id":"paketo-buildpacks/yarn-start","version":"1.1.3","optional":true},{"id":"paketo-buildpacks/procfile","version":"5.6.7","optional":true},{"id":"paketo-buildpacks/datadog","version":"3.6.0","optional":true},{"id":"paketo-buildpacks/environment-variables","version":"4.5.6","optional":true},{"id":"paketo-buildpacks/image-labels","version":"4.5.5","optional":true}]},{"group":[{"id":"paketo-buildpacks/ca-certificates","version":"3.6.6","optional":true},{"id":"paketo-buildpacks/watchexec","version":"2.8.6","optional":true},{"id":"paketo-buildpacks/node-engine","version":"3.0.1"},{"id":"paketo-buildpacks/npm-install","version":"1.3.1"},{"id":"paketo-buildpacks/node-run-script","version":"1.0.14","optional":true},{"id":"paketo-buildpacks/node-start","version":"1.1.3","optional":true},{"id":"paketo-buildpacks/npm-start","version":"1.0.15","optional":true},{"id":"paketo-buildpacks/procfile","version":"5.6.7","optional":true},{"id":"paketo-buildpacks/datadog","version":"3.6.0","optional":true},{"id":"paketo-buildpacks/environment-variables","version":"4.5.6","optional":true},{"id":"paketo-buildpacks/image-labels","version":"4.5.5","optional":true}]},{"group":[{"id":"paketo-buildpacks/ca-certificates","version":"3.6.6","optional":true},{"id":"paketo-buildpacks/watchexec","version":"2.8.6","optional":true},{"id":"paketo-buildpacks/node-engine","version":"3.0.1"},{"id":"paketo-buildpacks/node-start","version":"1.1.3"},{"id":"paketo-buildpacks/procfile","version":"5.6.7","optional":true},{"id":"paketo-buildpacks/datadog","version":"3.6.0","optional":true},{"id":"paketo-buildpacks/environment-variables","version":"4.5.6","optional":true},{"id":"paketo-buildpacks/image-labels","version":"4.5.5","optional":true}]}],"layerDiffID":"sha256:efa2f539b939405e5b27af54bcd3cf6e74165b5a3ab70cc4424c2a8e4e88c619","homepage":"https://github.com/paketo-buildpacks/nodejs","name":"Paketo Buildpack for Node.js"}},"paketo-buildpacks/npm-install":{"1.3.0":{"api":"0.7","stacks":[{"id":"*"}],"layerDiffID":"sha256:bd7446c321e344099f19f232f61b4f43a650aa88e5891100579f2a7b7e577f17","homepage":"https://github.com/paketo-buildpacks/npm-install","name":"Paketo Buildpack for NPM Install"},"1.3.1":{"api":"0.7","stacks":[{"id":"*"}],"layerDiffID":"sha256:22d2108f6ba3dc7aeb52bb971367cdef215f24bc2ed07401499c111162001bd1","homepage":"https://github.com/paketo-buildpacks/npm-install","name":"Paketo Buildpack for NPM Install"}},"paketo-buildpacks/npm-start":{"1.0.15":{"api":"0.7","stacks":[{"id":"*"}],"layerDiffID":"sha256:a3713bbd7bf2d8c4093a766214251db9660cf72020d645072a73dce9ff017c19","homepage":"https://github.com/paketo-buildpacks/npm-start","name":"Paketo Buildpack for NPM Start"}},"paketo-buildpacks/passenger":{"0.13.2":{"api":"0.7","stacks":[{"id":"io.buildpacks.stacks.bionic"},{"id":"io.buildpacks.stacks.jammy"}],"layerDiffID":"sha256:4013824bdce2bb63d0c95b1bc633ec9710da45c88cd98255457a53b95ef54b3e","homepage":"https://github.com/paketo-buildpacks/passenger","name":"Paketo Buildpack for Passenger"}},"paketo-buildpacks/pip":{"0.18.0":{"api":"0.7","stacks":[{"id":"*"}],"layerDiffID":"sha256:427ee111c07faab6e8b9ee58fdd2447cc19de7f1daa99eeb234d61b38e706868","name":"Paketo Buildpack for Pip"}},"paketo-buildpacks/pip-install":{"0.6.0":{"api":"0.7","stacks":[{"id":"*"}],"layerDiffID":"sha256:5a61b8c6a643a5ab8801eb74d53288276f70b0fad35422ae3dbe31129a86f10d","name":"Paketo Buildpack for Pip Install"}},"paketo-buildpacks/pipenv":{"1.19.0":{"api":"0.7","stacks":[{"id":"*"}],"layerDiffID":"sha256:0f1253493befe7e470e5adf66e8f3f81fc95fb7a11e8eaa4ef27edd6a4620232","name":"Paketo Buildpack for Pipenv"}},"paketo-buildpacks/pipenv-install":{"0.6.18":{"api":"0.7","stacks":[{"id":"*"}],"layerDiffID":"sha256:8b9dac6ff7b7b833eed3aa511de4c7a0ae4dcb58d22873aee20f84187466fbe9","name":"Paketo Buildpack for Pipenv Install"}},"paketo-buildpacks/poetry":{"0.6.5":{"api":"0.7","stacks":[{"id":"*"}],"layerDiffID":"sha256:fbad9e9552228860a9e0b81109861cb3b94377485a0d9e603aec4d01bb8d2409","name":"Paketo Buildpack for Poetry"}},"paketo-buildpacks/poetry-install":{"0.3.17":{"api":"0.7","stacks":[{"id":"*"}],"layerDiffID":"sha256:b945b2a8add8dd4f225975cd962e56ffdd9b26a3af90b9d23fbe7b725625ba2f","name":"Paketo Buildpack for Poetry Install"}},"paketo-buildpacks/poetry-run":{"0.4.21":{"api":"0.8","stacks":[{"id":"*"}],"layerDiffID":"sha256:6945394fc466897bba06908c5ab1b0ed68d71e64820b40dfc9d58740275882c5","name":"Paketo Buildpack for Poetry Run"}},"paketo-buildpacks/procfile":{"5.6.4":{"api":"0.7","stacks":[{"id":"*"}],"layerDiffID":"sha256:549522d4bb1bbe20f18b678d3db1c71cb6013c26a8ce444998175fa8a75fde94","homepage":"https://github.com/paketo-buildpacks/procfile","name":"Paketo Buildpack for Procfile"},"5.6.6":{"api":"0.7","stacks":[{"id":"*"}],"layerDiffID":"sha256:d8fc272d6a7d4016559553a56e8140f0f871284f47978820c6d2c480fcf356c2","homepage":"https://github.com/paketo-buildpacks/procfile","name":"Paketo Buildpack for Procfile"},"5.6.7":{"api":"0.7","stacks":[{"id":"*"}],"layerDiffID":"sha256:8c16fe2c06e19c4e70d50c3321e88ef66a9bcd896a498313a91e8cf7cda42d4f","homepage":"https://github.com/paketo-buildpacks/procfile","name":"Paketo Buildpack for Procfile"}},"paketo-buildpacks/puma":{"0.4.36":{"api":"0.7","stacks":[{"id":"*"}],"layerDiffID":"sha256:6f89a9ce5f425b3e5a6420d6e7ff5076f96fe863a8fb0e7142cf77369edc40ae","homepage":"https://github.com/paketo-buildpacks/puma","name":"Paketo Buildpack for Puma"}},"paketo-buildpacks/python":{"2.14.0":{"api":"0.8","order":[{"group":[{"id":"paketo-buildpacks/ca-certificates","version":"3.6.3","optional":true},{"id":"paketo-buildpacks/watchexec","version":"2.8.3","optional":true},{"id":"paketo-buildpacks/cpython","version":"1.9.0"},{"id":"paketo-buildpacks/pip","version":"0.18.0"},{"id":"paketo-buildpacks/pipenv","version":"1.19.0"},{"id":"paketo-buildpacks/pipenv-install","version":"0.6.18"},{"id":"paketo-buildpacks/python-start","version":"0.14.14"},{"id":"paketo-buildpacks/procfile","version":"5.6.4","optional":true},{"id":"paketo-buildpacks/environment-variables","version":"4.5.3","optional":true},{"id":"paketo-buildpacks/image-labels","version":"4.5.2","optional":true}]},{"group":[{"id":"paketo-buildpacks/ca-certificates","version":"3.6.3","optional":true},{"id":"paketo-buildpacks/watchexec","version":"2.8.3","optional":true},{"id":"paketo-buildpacks/cpython","version":"1.9.0"},{"id":"paketo-buildpacks/pip","version":"0.18.0"},{"id":"paketo-buildpacks/pip-install","version":"0.6.0"},{"id":"paketo-buildpacks/python-start","version":"0.14.14"},{"id":"paketo-buildpacks/procfile","version":"5.6.4","optional":true},{"id":"paketo-buildpacks/environment-variables","version":"4.5.3","optional":true},{"id":"paketo-buildpacks/image-labels","version":"4.5.2","optional":true}]},{"group":[{"id":"paketo-buildpacks/ca-certificates","version":"3.6.3","optional":true},{"id":"paketo-buildpacks/watchexec","version":"2.8.3","optional":true},{"id":"paketo-buildpacks/miniconda","version":"0.8.5"},{"id":"paketo-buildpacks/conda-env-update","version":"0.7.12"},{"id":"paketo-buildpacks/python-start","version":"0.14.14"},{"id":"paketo-buildpacks/procfile","version":"5.6.4","optional":true},{"id":"paketo-buildpacks/environment-variables","version":"4.5.3","optional":true},{"id":"paketo-buildpacks/image-labels","version":"4.5.2","optional":true}]},{"group":[{"id":"paketo-buildpacks/ca-certificates","version":"3.6.3","optional":true},{"id":"paketo-buildpacks/watchexec","version":"2.8.3","optional":true},{"id":"paketo-buildpacks/cpython","version":"1.9.0"},{"id":"paketo-buildpacks/pip","version":"0.18.0"},{"id":"paketo-buildpacks/poetry","version":"0.6.5"},{"id":"paketo-buildpacks/poetry-install","version":"0.3.17"},{"id":"paketo-buildpacks/poetry-run","version":"0.4.21"},{"id":"paketo-buildpacks/procfile","version":"5.6.4","optional":true},{"id":"paketo-buildpacks/environment-variables","version":"4.5.3","optional":true},{"id":"paketo-buildpacks/image-labels","version":"4.5.2","optional":true}]},{"group":[{"id":"paketo-buildpacks/ca-certificates","version":"3.6.3","optional":true},{"id":"paketo-buildpacks/watchexec","version":"2.8.3","optional":true},{"id":"paketo-buildpacks/cpython","version":"1.9.0"},{"id":"paketo-buildpacks/pip","version":"0.18.0"},{"id":"paketo-buildpacks/poetry","version":"0.6.5"},{"id":"paketo-buildpacks/poetry-install","version":"0.3.17"},{"id":"paketo-buildpacks/python-start","version":"0.14.14"},{"id":"paketo-buildpacks/procfile","version":"5.6.4","optional":true},{"id":"paketo-buildpacks/environment-variables","version":"4.5.3","optional":true},{"id":"paketo-buildpacks/image-labels","version":"4.5.2","optional":true}]},{"group":[{"id":"paketo-buildpacks/ca-certificates","version":"3.6.3","optional":true},{"id":"paketo-buildpacks/watchexec","version":"2.8.3","optional":true},{"id":"paketo-buildpacks/cpython","version":"1.9.0"},{"id":"paketo-buildpacks/python-start","version":"0.14.14"},{"id":"paketo-buildpacks/procfile","version":"5.6.4","optional":true},{"id":"paketo-buildpacks/environment-variables","version":"4.5.3","optional":true},{"id":"paketo-buildpacks/image-labels","version":"4.5.2","optional":true}]}],"layerDiffID":"sha256:442267367faf5de598f76a55eda8246802498bd8603b33e64fa478c1865a313d","name":"Paketo Buildpack for Python"}},"paketo-buildpacks/python-start":{"0.14.14":{"api":"0.8","stacks":[{"id":"*"}],"layerDiffID":"sha256:cc5f2a129069824d2b544daa7953a5897f25514a7f1288bdab7b118a22c96e1d","homepage":"https://github.com/paketo-buildpacks/python-start","name":"Paketo Buildpack for Python Start"}},"paketo-buildpacks/rackup":{"0.4.35":{"api":"0.7","stacks":[{"id":"*"}],"layerDiffID":"sha256:99b2c47ceabd4fc968466ba0d052a6e7f6c249f3f7828249005e767cf2d3d625","homepage":"https://github.com/paketo-buildpacks/rackup","name":"Paketo Buildpack for Rackup"}},"paketo-buildpacks/rails-assets":{"0.10.3":{"api":"0.7","stacks":[{"id":"*"}],"layerDiffID":"sha256:3afc96a2ce20f153c301a4841e93e1adfb31842fb82866e1488faf5f393e1f21","homepage":"https://github.com/paketo-buildpacks/rails-assets","name":"Paketo Buildpack for Rails Assets"}},"paketo-buildpacks/rake":{"0.4.35":{"api":"0.7","stacks":[{"id":"*"}],"layerDiffID":"sha256:f1c85a8fabcc44713b287a2539a9f5a450afe031ec5013b069749190fe517172","homepage":"https://github.com/paketo-buildpacks/rake","name":"Paketo Buildpack for Rake"}},"paketo-buildpacks/ruby":{"0.42.0":{"api":"0.7","order":[{"group":[{"id":"paketo-buildpacks/ca-certificates","version":"3.6.6","optional":true},{"id":"paketo-buildpacks/mri","version":"0.14.9"},{"id":"paketo-buildpacks/bundler","version":"0.7.27"},{"id":"paketo-buildpacks/bundle-install","version":"0.8.0"},{"id":"paketo-buildpacks/node-engine","version":"3.0.1","optional":true},{"id":"paketo-buildpacks/yarn","version":"1.2.0","optional":true},{"id":"paketo-buildpacks/yarn-install","version":"1.2.2","optional":true},{"id":"paketo-buildpacks/rails-assets","version":"0.10.3","optional":true},{"id":"paketo-buildpacks/puma","version":"0.4.36"},{"id":"paketo-buildpacks/procfile","version":"5.6.7","optional":true},{"id":"paketo-buildpacks/environment-variables","version":"4.5.6","optional":true},{"id":"paketo-buildpacks/image-labels","version":"4.5.5","optional":true}]},{"group":[{"id":"paketo-buildpacks/ca-certificates","version":"3.6.6","optional":true},{"id":"paketo-buildpacks/mri","version":"0.14.9"},{"id":"paketo-buildpacks/bundler","version":"0.7.27"},{"id":"paketo-buildpacks/bundle-install","version":"0.8.0"},{"id":"paketo-buildpacks/node-engine","version":"3.0.1","optional":true},{"id":"paketo-buildpacks/yarn","version":"1.2.0","optional":true},{"id":"paketo-buildpacks/yarn-install","version":"1.2.2","optional":true},{"id":"paketo-buildpacks/rails-assets","version":"0.10.3","optional":true},{"id":"paketo-buildpacks/thin","version":"0.5.35"},{"id":"paketo-buildpacks/procfile","version":"5.6.7","optional":true},{"id":"paketo-buildpacks/environment-variables","version":"4.5.6","optional":true},{"id":"paketo-buildpacks/image-labels","version":"4.5.5","optional":true}]},{"group":[{"id":"paketo-buildpacks/ca-certificates","version":"3.6.6","optional":true},{"id":"paketo-buildpacks/mri","version":"0.14.9"},{"id":"paketo-buildpacks/bundler","version":"0.7.27"},{"id":"paketo-buildpacks/bundle-install","version":"0.8.0"},{"id":"paketo-buildpacks/node-engine","version":"3.0.1","optional":true},{"id":"paketo-buildpacks/yarn","version":"1.2.0","optional":true},{"id":"paketo-buildpacks/yarn-install","version":"1.2.2","optional":true},{"id":"paketo-buildpacks/rails-assets","version":"0.10.3","optional":true},{"id":"paketo-buildpacks/unicorn","version":"0.4.35"},{"id":"paketo-buildpacks/procfile","version":"5.6.7","optional":true},{"id":"paketo-buildpacks/environment-variables","version":"4.5.6","optional":true},{"id":"paketo-buildpacks/image-labels","version":"4.5.5","optional":true}]},{"group":[{"id":"paketo-buildpacks/ca-certificates","version":"3.6.6","optional":true},{"id":"paketo-buildpacks/mri","version":"0.14.9"},{"id":"paketo-buildpacks/bundler","version":"0.7.27"},{"id":"paketo-buildpacks/bundle-install","version":"0.8.0"},{"id":"paketo-buildpacks/node-engine","version":"3.0.1","optional":true},{"id":"paketo-buildpacks/yarn","version":"1.2.0","optional":true},{"id":"paketo-buildpacks/yarn-install","version":"1.2.2","optional":true},{"id":"paketo-buildpacks/rails-assets","version":"0.10.3","optional":true},{"id":"paketo-buildpacks/passenger","version":"0.13.2"},{"id":"paketo-buildpacks/procfile","version":"5.6.7","optional":true},{"id":"paketo-buildpacks/environment-variables","version":"4.5.6","optional":true},{"id":"paketo-buildpacks/image-labels","version":"4.5.5","optional":true}]},{"group":[{"id":"paketo-buildpacks/ca-certificates","version":"3.6.6","optional":true},{"id":"paketo-buildpacks/mri","version":"0.14.9"},{"id":"paketo-buildpacks/bundler","version":"0.7.27"},{"id":"paketo-buildpacks/bundle-install","version":"0.8.0"},{"id":"paketo-buildpacks/node-engine","version":"3.0.1","optional":true},{"id":"paketo-buildpacks/yarn","version":"1.2.0","optional":true},{"id":"paketo-buildpacks/yarn-install","version":"1.2.2","optional":true},{"id":"paketo-buildpacks/rails-assets","version":"0.10.3","optional":true},{"id":"paketo-buildpacks/rackup","version":"0.4.35"},{"id":"paketo-buildpacks/procfile","version":"5.6.7","optional":true},{"id":"paketo-buildpacks/environment-variables","version":"4.5.6","optional":true},{"id":"paketo-buildpacks/image-labels","version":"4.5.5","optional":true}]},{"group":[{"id":"paketo-buildpacks/ca-certificates","version":"3.6.6","optional":true},{"id":"paketo-buildpacks/mri","version":"0.14.9"},{"id":"paketo-buildpacks/bundler","version":"0.7.27","optional":true},{"id":"paketo-buildpacks/bundle-install","version":"0.8.0","optional":true},{"id":"paketo-buildpacks/rake","version":"0.4.35"},{"id":"paketo-buildpacks/procfile","version":"5.6.7","optional":true},{"id":"paketo-buildpacks/environment-variables","version":"4.5.6","optional":true},{"id":"paketo-buildpacks/image-labels","version":"4.5.5","optional":true}]}],"layerDiffID":"sha256:8046d1b088791cd8a5c766cf10f8029cd475242887736c00cd74f3792c1dad6f","homepage":"https://github.com/paketo-buildpacks/ruby","name":"Paketo Buildpack for Ruby"}},"paketo-buildpacks/sbt":{"6.12.10":{"api":"0.7","stacks":[{"id":"io.buildpacks.stacks.bionic"},{"id":"io.paketo.stacks.tiny"},{"id":"*"}],"layerDiffID":"sha256:65fe63989cfb8199caf97300a2c0f7a0592c07cebf8144aa12dc0c85d321fbe7","homepage":"https://github.com/paketo-buildpacks/sbt","name":"Paketo Buildpack for SBT"}},"paketo-buildpacks/source-removal":{"0.2.1":{"api":"0.7","stacks":[{"id":"*"}],"layerDiffID":"sha256:c9b2b4846699e199bf3baa9f694c2914da8404ab2278da08576a53ecd11cd608","name":"Paketo Buildpack for Source Removal"}},"paketo-buildpacks/spring-boot":{"5.27.7":{"api":"0.7","stacks":[{"id":"io.buildpacks.stacks.bionic"},{"id":"io.paketo.stacks.tiny"},{"id":"*"}],"layerDiffID":"sha256:ba5039595a75bf813a4e4bf7ff60e1a8f6757f743d1c89203c0f71e884f4f7e1","homepage":"https://github.com/paketo-buildpacks/spring-boot","name":"Paketo Buildpack for Spring Boot"}},"paketo-buildpacks/syft":{"1.41.1":{"api":"0.7","stacks":[{"id":"io.buildpacks.stacks.bionic"},{"id":"io.paketo.stacks.tiny"},{"id":"*"}],"layerDiffID":"sha256:ca20f0dabbd45ba53c5183831d430f570cdec3606f1283a2877a909761205138","homepage":"https://github.com/paketo-buildpacks/syft","name":"Paketo Buildpack for Syft"}},"paketo-buildpacks/thin":{"0.5.35":{"api":"0.7","stacks":[{"id":"*"}],"layerDiffID":"sha256:9509ee62123bb3a02f3ca113d5222cd5762e24c6a748fd17ed4bc25427356e25","homepage":"https://github.com/paketo-buildpacks/thin","name":"Paketo Buildpack for Thin"}},"paketo-buildpacks/unicorn":{"0.4.35":{"api":"0.7","stacks":[{"id":"*"}],"layerDiffID":"sha256:8476c034bcdc6cb591cfb03b2da9f4662478276127cbba5f82859267c3fc7e58","homepage":"https://github.com/paketo-buildpacks/unicorn","name":"Paketo Buildpack for Unicorn"}},"paketo-buildpacks/upx":{"3.4.6":{"api":"0.7","stacks":[{"id":"io.buildpacks.stacks.bionic"},{"id":"io.paketo.stacks.tiny"},{"id":"*"}],"layerDiffID":"sha256:81431da72727491324cfc2eb7b0eddcda161c544b4670ce92bd5c4d0683415f3","homepage":"https://github.com/paketo-buildpacks/upx","name":"Paketo Buildpack for UPX"}},"paketo-buildpacks/vsdbg":{"0.3.5":{"api":"0.8","stacks":[{"id":"io.buildpacks.stacks.bionic"},{"id":"io.buildpacks.stacks.jammy"}],"layerDiffID":"sha256:ed299730a7acac76a3c81f18c43e292044a1e5969d0268091ea4e55e2efca236","name":"Paketo Buildpack for Visual Studio Debugger"}},"paketo-buildpacks/watchexec":{"2.8.3":{"api":"0.7","stacks":[{"id":"io.buildpacks.stacks.bionic"},{"id":"io.paketo.stacks.tiny"},{"id":"*"}],"layerDiffID":"sha256:7091071dbf9c60845a16f05a7c8edab69cc2c26aa13ba32c096f1f2097b91e72","homepage":"https://github.com/paketo-buildpacks/watchexec","name":"Paketo Buildpack for Watchexec"},"2.8.5":{"api":"0.7","stacks":[{"id":"io.buildpacks.stacks.bionic"},{"id":"io.paketo.stacks.tiny"},{"id":"*"}],"layerDiffID":"sha256:11f60937526ebc92492d6a33591e0b2099c585ba920a78da56b476afcf8c7ac3","homepage":"https://github.com/paketo-buildpacks/watchexec","name":"Paketo Buildpack for Watchexec"},"2.8.6":{"api":"0.7","stacks":[{"id":"io.buildpacks.stacks.bionic"},{"id":"io.paketo.stacks.tiny"},{"id":"*"}],"layerDiffID":"sha256:59ed9760c40281504b679fd3c24acba2fd5df71f4deb25caeb6f2d4611cd0b34","homepage":"https://github.com/paketo-buildpacks/watchexec","name":"Paketo Buildpack for Watchexec"}},"paketo-buildpacks/web-servers":{"0.19.1":{"api":"0.7","order":[{"group":[{"id":"paketo-buildpacks/ca-certificates","version":"3.6.5","optional":true},{"id":"paketo-buildpacks/watchexec","version":"2.8.5","optional":true},{"id":"paketo-buildpacks/node-engine","version":"2.0.0"},{"id":"paketo-buildpacks/yarn","version":"1.1.11"},{"id":"paketo-buildpacks/yarn-install","version":"1.2.1"},{"id":"paketo-buildpacks/node-run-script","version":"1.0.13"},{"id":"paketo-buildpacks/nginx","version":"0.15.6"},{"id":"paketo-buildpacks/procfile","version":"5.6.6","optional":true},{"id":"paketo-buildpacks/environment-variables","version":"4.5.5","optional":true},{"id":"paketo-buildpacks/image-labels","version":"4.5.4","optional":true},{"id":"paketo-buildpacks/source-removal","version":"0.2.1"}]},{"group":[{"id":"paketo-buildpacks/ca-certificates","version":"3.6.5","optional":true},{"id":"paketo-buildpacks/watchexec","version":"2.8.5","optional":true},{"id":"paketo-buildpacks/node-engine","version":"2.0.0"},{"id":"paketo-buildpacks/npm-install","version":"1.3.0"},{"id":"paketo-buildpacks/node-run-script","version":"1.0.13"},{"id":"paketo-buildpacks/nginx","version":"0.15.6"},{"id":"paketo-buildpacks/procfile","version":"5.6.6","optional":true},{"id":"paketo-buildpacks/environment-variables","version":"4.5.5","optional":true},{"id":"paketo-buildpacks/image-labels","version":"4.5.4","optional":true},{"id":"paketo-buildpacks/source-removal","version":"0.2.1"}]},{"group":[{"id":"paketo-buildpacks/ca-certificates","version":"3.6.5","optional":true},{"id":"paketo-buildpacks/watchexec","version":"2.8.5","optional":true},{"id":"paketo-buildpacks/node-engine","version":"2.0.0"},{"id":"paketo-buildpacks/yarn","version":"1.1.11"},{"id":"paketo-buildpacks/yarn-install","version":"1.2.1"},{"id":"paketo-buildpacks/node-run-script","version":"1.0.13"},{"id":"paketo-buildpacks/httpd","version":"0.7.14"},{"id":"paketo-buildpacks/procfile","version":"5.6.6","optional":true},{"id":"paketo-buildpacks/environment-variables","version":"4.5.5","optional":true},{"id":"paketo-buildpacks/image-labels","version":"4.5.4","optional":true},{"id":"paketo-buildpacks/source-removal","version":"0.2.1"}]},{"group":[{"id":"paketo-buildpacks/ca-certificates","version":"3.6.5","optional":true},{"id":"paketo-buildpacks/watchexec","version":"2.8.5","optional":true},{"id":"paketo-buildpacks/node-engine","version":"2.0.0"},{"id":"paketo-buildpacks/npm-install","version":"1.3.0"},{"id":"paketo-buildpacks/node-run-script","version":"1.0.13"},{"id":"paketo-buildpacks/httpd","version":"0.7.14"},{"id":"paketo-buildpacks/procfile","version":"5.6.6","optional":true},{"id":"paketo-buildpacks/environment-variables","version":"4.5.5","optional":true},{"id":"paketo-buildpacks/image-labels","version":"4.5.4","optional":true},{"id":"paketo-buildpacks/source-removal","version":"0.2.1"}]},{"group":[{"id":"paketo-buildpacks/ca-certificates","version":"3.6.5","optional":true},{"id":"paketo-buildpacks/watchexec","version":"2.8.5","optional":true},{"id":"paketo-buildpacks/nginx","version":"0.15.6"},{"id":"paketo-buildpacks/procfile","version":"5.6.6","optional":true},{"id":"paketo-buildpacks/environment-variables","version":"4.5.5","optional":true},{"id":"paketo-buildpacks/image-labels","version":"4.5.4","optional":true},{"id":"paketo-buildpacks/source-removal","version":"0.2.1"}]},{"group":[{"id":"paketo-buildpacks/ca-certificates","version":"3.6.5","optional":true},{"id":"paketo-buildpacks/watchexec","version":"2.8.5","optional":true},{"id":"paketo-buildpacks/httpd","version":"0.7.14"},{"id":"paketo-buildpacks/procfile","version":"5.6.6","optional":true},{"id":"paketo-buildpacks/environment-variables","version":"4.5.5","optional":true},{"id":"paketo-buildpacks/image-labels","version":"4.5.4","optional":true},{"id":"paketo-buildpacks/source-removal","version":"0.2.1"}]}],"layerDiffID":"sha256:60b2632955c147fd465b110c148052c946dcc0af762ae3f2875da59c87e08516","homepage":"https://github.com/paketo-buildpacks/web-servers","name":"Paketo Buildpack for Web Servers"}},"paketo-buildpacks/yarn":{"1.1.11":{"api":"0.7","stacks":[{"id":"io.buildpacks.stacks.bionic"},{"id":"io.buildpacks.stacks.jammy"},{"id":"*"}],"layerDiffID":"sha256:a7184382daf5436fe33ca5a0d69053fad35d1e13eb1047b6b908041ba9ca995e","homepage":"https://github.com/paketo-buildpacks/yarn","name":"Paketo Buildpack for Yarn"},"1.2.0":{"api":"0.7","stacks":[{"id":"io.buildpacks.stacks.bionic"},{"id":"io.buildpacks.stacks.jammy"},{"id":"*"}],"layerDiffID":"sha256:ec468a227ffad6f302bab3acf85e994c7e7d35d413e0682ad2cd9d3c8ab17d80","homepage":"https://github.com/paketo-buildpacks/yarn","name":"Paketo Buildpack for Yarn"}},"paketo-buildpacks/yarn-install":{"1.2.1":{"api":"0.7","stacks":[{"id":"*"}],"layerDiffID":"sha256:00eba1517d53a91e912fc8d03c7335ca58477b7412b458041e674ae1f60bf204","homepage":"https://github.com/paketo-buildpacks/yarn-install","name":"Paketo Buildpack for Yarn Install"},"1.2.2":{"api":"0.7","stacks":[{"id":"*"}],"layerDiffID":"sha256:e23c3fb0f408926d15a29044d91de04e61dc35068fb3552604f410cfe68be161","homepage":"https://github.com/paketo-buildpacks/yarn-install","name":"Paketo Buildpack for Yarn Install"}},"paketo-buildpacks/yarn-start":{"1.1.3":{"api":"0.7","stacks":[{"id":"*"}],"layerDiffID":"sha256:c19038830466a1990b14ed00f7b0464b4a7ad57c8c663398513f17524f97db95","homepage":"https://github.com/paketo-buildpacks/yarn-start","name":"Paketo Buildpack for Yarn Start"}}}, io.buildpacks.buildpack.order=[{"group":[{"id":"paketo-buildpacks/ruby","version":"0.42.0"}]},{"group":[{"id":"paketo-buildpacks/dotnet-core","version":"0.42.1"}]},{"group":[{"id":"paketo-buildpacks/go","version":"4.6.1"}]},{"group":[{"id":"paketo-buildpacks/java-native-image","version":"8.24.0"}]},{"group":[{"id":"paketo-buildpacks/java","version":"10.5.0"}]},{"group":[{"id":"paketo-buildpacks/web-servers","version":"0.19.1"}]},{"group":[{"id":"paketo-buildpacks/nodejs","version":"2.0.0"}]},{"group":[{"id":"paketo-buildpacks/python","version":"2.14.0"}]},{"group":[{"id":"paketo-buildpacks/procfile","version":"5.6.7"}]}], io.buildpacks.buildpack.order-extensions=null, io.buildpacks.extension.layers={}, io.buildpacks.stack.description=ubuntu:jammy with compilers and shell utilities, io.buildpacks.stack.distro.name=ubuntu, io.buildpacks.stack.distro.version=22.04, io.buildpacks.stack.homepage=https://github.com/paketo-buildpacks/jammy-base-stack, io.buildpacks.stack.id=io.buildpacks.stacks.jammy, io.buildpacks.stack.maintainer=Paketo Buildpacks, io.buildpacks.stack.metadata={}, io.buildpacks.stack.mixins=null, io.buildpacks.stack.released=2023-12-08T02:41:34Z, org.opencontainers.image.ref.name=ubuntu, org.opencontainers.image.version=22.04}, containers=-1)
21:06:55.897 [Test worker] DEBUG org.testcontainers.images.AbstractImagePullPolicy - Using locally available and not pulling image: testcontainers/ryuk:0.5.1
21:06:55.897 [Test worker] DEBUG tc.testcontainers/ryuk:0.5.1 - Starting container: testcontainers/ryuk:0.5.1
21:06:55.898 [Test worker] DEBUG tc.testcontainers/ryuk:0.5.1 - Trying to start container: testcontainers/ryuk:0.5.1 (attempt 1/1)
21:06:55.898 [Test worker] DEBUG tc.testcontainers/ryuk:0.5.1 - Starting container: testcontainers/ryuk:0.5.1
21:06:55.898 [Test worker] INFO tc.testcontainers/ryuk:0.5.1 - Creating container for image: testcontainers/ryuk:0.5.1
21:06:55.901 [Test worker] DEBUG org.testcontainers.utility.RegistryAuthLocator - Looking up auth config for image: testcontainers/ryuk:0.5.1 at registry: https://index.docker.io/v1/
21:06:55.903 [Test worker] DEBUG org.testcontainers.utility.RegistryAuthLocator - RegistryAuthLocator has configFile: /Users/lucas/.docker/config.json (exists) configEnv: DOCKER_AUTH_CONFIG (does not exist) and commandPathPrefix: 
21:06:55.904 [Test worker] DEBUG org.testcontainers.utility.RegistryAuthLocator - RegistryAuthLocator reading from configFile: /Users/lucas/.docker/config.json
21:06:55.904 [Test worker] DEBUG org.testcontainers.utility.RegistryAuthLocator - registryName [https://index.docker.io/v1/] for dockerImageName [testcontainers/ryuk:0.5.1]
21:06:55.904 [Test worker] DEBUG org.testcontainers.utility.RegistryAuthLocator - Executing docker credential provider: docker-credential-desktop to locate auth config for: https://index.docker.io/v1/
21:06:55.907 [Test worker] DEBUG org.testcontainers.shaded.org.zeroturnaround.exec.ProcessExecutor - Executing [docker-credential-desktop, get].
21:06:55.914 [Test worker] DEBUG org.testcontainers.shaded.org.zeroturnaround.exec.ProcessExecutor - Started Process[pid=22350, exitValue="not exited"]
21:06:57.257 [WaitForProcess-Process[pid=22350, exitValue="not exited"]] DEBUG org.testcontainers.shaded.org.zeroturnaround.exec.WaitForProcess - Process[pid=22350, exitValue=1] stopped with exit code 1
21:06:57.264 [Test worker] DEBUG org.testcontainers.shaded.org.zeroturnaround.exec.ProcessExecutor - Executing [docker-credential-desktop, get].
21:06:57.279 [Test worker] DEBUG org.testcontainers.shaded.org.zeroturnaround.exec.ProcessExecutor - Started Process[pid=22357, exitValue="not exited"]
21:06:57.521 [WaitForProcess-Process[pid=22357, exitValue="not exited"]] DEBUG org.testcontainers.shaded.org.zeroturnaround.exec.WaitForProcess - Process[pid=22357, exitValue=1] stopped with exit code 1
21:06:57.521 [Test worker] DEBUG org.testcontainers.utility.RegistryAuthLocator - Got credentials not found error message from docker credential helper - credentials not found in native keychain
21:06:57.522 [Test worker] INFO org.testcontainers.utility.RegistryAuthLocator - Credential helper/store (docker-credential-desktop) does not have credentials for https://index.docker.io/v1/
21:06:57.522 [Test worker] DEBUG org.testcontainers.utility.RegistryAuthLocator - No matching Auth Configs - falling back to defaultAuthConfig [null]
21:06:57.522 [Test worker] DEBUG org.testcontainers.dockerclient.AuthDelegatingDockerClientConfig - Effective auth config [null]
21:06:57.539 [Test worker] DEBUG org.testcontainers.shaded.com.github.dockerjava.core.command.AbstrDockerCmd - Cmd: org.testcontainers.shaded.com.github.dockerjava.core.command.CreateContainerCmdImpl@34b27915[aliases=<null>,argsEscaped=<null>,attachStderr=<null>,attachStdin=<null>,attachStdout=<null>,authConfig=<null>,cmd={},domainName=<null>,entrypoint=<null>,env={},exposedPorts=ExposedPorts(exposedPorts=[8080/tcp]),healthcheck=<null>,hostConfig=HostConfig(binds=[/var/run/docker.sock:/var/run/docker.sock:rw], blkioWeight=null, blkioWeightDevice=null, blkioDeviceReadBps=null, blkioDeviceWriteBps=null, blkioDeviceReadIOps=null, blkioDeviceWriteIOps=null, memorySwappiness=null, nanoCPUs=null, capAdd=null, capDrop=null, containerIDFile=null, cpuPeriod=null, cpuRealtimePeriod=null, cpuRealtimeRuntime=null, cpuShares=null, cpuQuota=null, cpusetCpus=null, cpusetMems=null, devices=null, deviceCgroupRules=null, deviceRequests=null, diskQuota=null, dns=null, dnsOptions=null, dnsSearch=null, extraHosts=[], groupAdd=null, ipcMode=null, cgroup=null, links=[], logConfig=LogConfig(type=null, config=null), lxcConf=null, memory=null, memorySwap=null, memoryReservation=null, kernelMemory=null, networkMode=null, oomKillDisable=null, init=null, autoRemove=true, oomScoreAdj=null, portBindings={8080/tcp=[Lcom.github.dockerjava.api.model.Ports$Binding;@42714a7}, privileged=true, publishAllPorts=null, readonlyRootfs=null, restartPolicy=null, ulimits=null, cpuCount=null, cpuPercent=null, ioMaximumIOps=null, ioMaximumBandwidth=null, volumesFrom=[], mounts=null, pidMode=null, isolation=null, securityOpts=null, storageOpt=null, cgroupParent=null, volumeDriver=null, shmSize=null, pidsLimit=null, runtime=null, tmpFs=null, utSMode=null, usernsMode=null, sysctls=null, consoleSize=null, cgroupnsMode=null),hostName=<null>,image=testcontainers/ryuk:0.5.1,ipv4Address=<null>,ipv6Address=<null>,labels={org.testcontainers=true, org.testcontainers.lang=java, org.testcontainers.version=1.19.3},macAddress=<null>,name=testcontainers-ryuk-c0789b71-e0d5-4fdf-af56-342687b761a1,networkDisabled=<null>,networkingConfig=<null>,onBuild=<null>,platform=<null>,portSpecs=<null>,shell=<null>,stdInOnce=<null>,stdinOpen=<null>,stopSignal=<null>,stopTimeout=<null>,tty=<null>,user=<null>,volumes=Volumes(volumes=[]),workingDir=<null>]
21:06:57.582 [Test worker] DEBUG com.github.dockerjava.zerodep.shaded.org.apache.hc.client5.http.impl.classic.InternalHttpClient - ex-00000004: preparing request execution
21:06:57.583 [Test worker] DEBUG com.github.dockerjava.zerodep.shaded.org.apache.hc.client5.http.protocol.RequestAddCookies - Cookie spec selected: strict
21:06:57.583 [Test worker] DEBUG com.github.dockerjava.zerodep.shaded.org.apache.hc.client5.http.protocol.RequestAuthCache - Auth cache not set in the context
21:06:57.583 [Test worker] DEBUG com.github.dockerjava.zerodep.shaded.org.apache.hc.client5.http.impl.classic.ProtocolExec - ex-00000004: target auth state: UNCHALLENGED
21:06:57.583 [Test worker] DEBUG com.github.dockerjava.zerodep.shaded.org.apache.hc.client5.http.impl.classic.ProtocolExec - ex-00000004: proxy auth state: UNCHALLENGED
21:06:57.583 [Test worker] DEBUG com.github.dockerjava.zerodep.shaded.org.apache.hc.client5.http.impl.classic.ConnectExec - ex-00000004: acquiring connection with route {}->unix://localhost:2375
21:06:57.583 [Test worker] DEBUG com.github.dockerjava.zerodep.shaded.org.apache.hc.client5.http.impl.classic.InternalHttpClient - ex-00000004: acquiring endpoint (3 MINUTES)
21:06:57.583 [Test worker] DEBUG com.github.dockerjava.zerodep.shaded.org.apache.hc.client5.http.impl.io.PoolingHttpClientConnectionManager - ex-00000004: endpoint lease request (3 MINUTES) [route: {}->unix://localhost:2375][total available: 1; route allocated: 1 of 2147483647; total allocated: 1 of 2147483647]
21:06:57.583 [Test worker] DEBUG com.github.dockerjava.zerodep.shaded.org.apache.hc.client5.http.impl.io.PoolingHttpClientConnectionManager - ex-00000004: endpoint leased [route: {}->unix://localhost:2375][total available: 0; route allocated: 1 of 2147483647; total allocated: 1 of 2147483647]
21:06:57.583 [Test worker] DEBUG com.github.dockerjava.zerodep.shaded.org.apache.hc.client5.http.impl.io.PoolingHttpClientConnectionManager - ex-00000004: acquired ep-00000003
21:06:57.583 [Test worker] DEBUG com.github.dockerjava.zerodep.shaded.org.apache.hc.client5.http.impl.classic.InternalHttpClient - ex-00000004: acquired endpoint ep-00000003
21:06:57.583 [Test worker] DEBUG com.github.dockerjava.zerodep.shaded.org.apache.hc.client5.http.impl.classic.MainClientExec - ex-00000004: executing POST /v1.32/containers/create?name=testcontainers-ryuk-c0789b71-e0d5-4fdf-af56-342687b761a1 HTTP/1.1
21:06:57.583 [Test worker] DEBUG com.github.dockerjava.zerodep.shaded.org.apache.hc.client5.http.impl.classic.InternalHttpClient - ep-00000003: start execution ex-00000004
21:06:57.583 [Test worker] DEBUG com.github.dockerjava.zerodep.shaded.org.apache.hc.client5.http.impl.io.PoolingHttpClientConnectionManager - ep-00000003: executing exchange ex-00000004 over http-outgoing-0
21:06:57.583 [Test worker] DEBUG com.github.dockerjava.zerodep.shaded.org.apache.hc.client5.http.headers - http-outgoing-0 >> POST /v1.32/containers/create?name=testcontainers-ryuk-c0789b71-e0d5-4fdf-af56-342687b761a1 HTTP/1.1
21:06:57.583 [Test worker] DEBUG com.github.dockerjava.zerodep.shaded.org.apache.hc.client5.http.headers - http-outgoing-0 >> accept: application/json
21:06:57.583 [Test worker] DEBUG com.github.dockerjava.zerodep.shaded.org.apache.hc.client5.http.headers - http-outgoing-0 >> content-type: application/json
21:06:57.583 [Test worker] DEBUG com.github.dockerjava.zerodep.shaded.org.apache.hc.client5.http.headers - http-outgoing-0 >> x-tc-sid: c0789b71-e0d5-4fdf-af56-342687b761a1
21:06:57.583 [Test worker] DEBUG com.github.dockerjava.zerodep.shaded.org.apache.hc.client5.http.headers - http-outgoing-0 >> User-Agent: tc-java/1.19.3
21:06:57.583 [Test worker] DEBUG com.github.dockerjava.zerodep.shaded.org.apache.hc.client5.http.headers - http-outgoing-0 >> Accept-Encoding: gzip, x-gzip, deflate
21:06:57.583 [Test worker] DEBUG com.github.dockerjava.zerodep.shaded.org.apache.hc.client5.http.headers - http-outgoing-0 >> Content-Length: 1954
21:06:57.583 [Test worker] DEBUG com.github.dockerjava.zerodep.shaded.org.apache.hc.client5.http.headers - http-outgoing-0 >> Host: localhost:2375
21:06:57.583 [Test worker] DEBUG com.github.dockerjava.zerodep.shaded.org.apache.hc.client5.http.headers - http-outgoing-0 >> Connection: keep-alive
21:06:57.583 [Test worker] DEBUG com.github.dockerjava.zerodep.shaded.org.apache.hc.client5.http.wire - http-outgoing-0 >> "POST /v1.32/containers/create?name=testcontainers-ryuk-c0789b71-e0d5-4fdf-af56-342687b761a1 HTTP/1.1[\r][\n]"
21:06:57.583 [Test worker] DEBUG com.github.dockerjava.zerodep.shaded.org.apache.hc.client5.http.wire - http-outgoing-0 >> "accept: application/json[\r][\n]"
21:06:57.583 [Test worker] DEBUG com.github.dockerjava.zerodep.shaded.org.apache.hc.client5.http.wire - http-outgoing-0 >> "content-type: application/json[\r][\n]"
21:06:57.583 [Test worker] DEBUG com.github.dockerjava.zerodep.shaded.org.apache.hc.client5.http.wire - http-outgoing-0 >> "x-tc-sid: c0789b71-e0d5-4fdf-af56-342687b761a1[\r][\n]"
21:06:57.583 [Test worker] DEBUG com.github.dockerjava.zerodep.shaded.org.apache.hc.client5.http.wire - http-outgoing-0 >> "User-Agent: tc-java/1.19.3[\r][\n]"
21:06:57.583 [Test worker] DEBUG com.github.dockerjava.zerodep.shaded.org.apache.hc.client5.http.wire - http-outgoing-0 >> "Accept-Encoding: gzip, x-gzip, deflate[\r][\n]"
21:06:57.583 [Test worker] DEBUG com.github.dockerjava.zerodep.shaded.org.apache.hc.client5.http.wire - http-outgoing-0 >> "Content-Length: 1954[\r][\n]"
21:06:57.583 [Test worker] DEBUG com.github.dockerjava.zerodep.shaded.org.apache.hc.client5.http.wire - http-outgoing-0 >> "Host: localhost:2375[\r][\n]"
21:06:57.583 [Test worker] DEBUG com.github.dockerjava.zerodep.shaded.org.apache.hc.client5.http.wire - http-outgoing-0 >> "Connection: keep-alive[\r][\n]"
21:06:57.583 [Test worker] DEBUG com.github.dockerjava.zerodep.shaded.org.apache.hc.client5.http.wire - http-outgoing-0 >> "[\r][\n]"
21:06:57.584 [Test worker] DEBUG com.github.dockerjava.zerodep.shaded.org.apache.hc.client5.http.wire - http-outgoing-0 >> "{"Hostname":null,"Domainname":null,"User":null,"AttachStdin":null,"AttachStdout":null,"AttachStderr":null,"PortSpecs":null,"Tty":null,"OpenStdin":null,"StdinOnce":null,"Env":[],"Cmd":[],"Healthcheck":null,"ArgsEscaped":null,"Entrypoint":null,"Image":"testcontainers/ryuk:0.5.1","Volumes":{},"WorkingDir":null,"MacAddress":null,"OnBuild":null,"NetworkDisabled":null,"ExposedPorts":{"8080/tcp":{}},"StopSignal":null,"StopTimeout":null,"HostConfig":{"Binds":["/var/run/docker.sock:/var/run/docker.sock:rw"],"BlkioWeight":null,"BlkioWeightDevice":null,"BlkioDeviceReadBps":null,"BlkioDeviceWriteBps":null,"BlkioDeviceReadIOps":null,"BlkioDeviceWriteIOps":null,"MemorySwappiness":null,"NanoCpus":null,"CapAdd":null,"CapDrop":null,"ContainerIDFile":null,"CpuPeriod":null,"CpuRealtimePeriod":null,"CpuRealtimeRuntime":null,"CpuShares":null,"CpuQuota":null,"CpusetCpus":null,"CpusetMems":null,"Devices":null,"DeviceCgroupRules":null,"DeviceRequests":null,"DiskQuota":null,"Dns":null,"DnsOptions":null,"DnsSearch":null,"ExtraHosts":[],"GroupAdd":null,"IpcMode":null,"Cgroup":null,"Links":[],"LogConfig":null,"LxcConf":null,"Memory":null,"MemorySwap":null,"MemoryReservation":null,"KernelMemory":null,"NetworkMode":null,"OomKillDisable":null,"Init":null,"AutoRemove":true,"OomScoreAdj":null,"PortBindings":{"8080/tcp":[{"HostIp":"","HostPort":""}]},"Privileged":true,"PublishAllPorts":null,"ReadonlyRootfs":null,"RestartPolicy":null,"Ulimits":null,"CpuCount":null,"CpuPercent":null,"IOMaximumIOps":null,"IOMaximumBandwidth":null,"VolumesFrom":[],"Mounts":null,"PidMode":null,"Isolation":null,"SecurityOpt":null,"StorageOpt":null,"CgroupParent":null,"VolumeDriver":null,"ShmSize":null,"PidsLimit":null,"Runtime":null,"Tmpfs":null,"UTSMode":null,"UsernsMode":null,"Sysctls":null,"ConsoleSize":null,"CgroupnsMode":null},"Labels":{"org.testcontainers":"true","org.testcontainers.lang":"java","org.testcontainers.version":"1.19.3"},"Shell":null,"NetworkingConfig":null}"
21:06:57.702 [Test worker] DEBUG com.github.dockerjava.zerodep.shaded.org.apache.hc.client5.http.wire - http-outgoing-0 << "HTTP/1.1 201 Created[\r][\n]"
21:06:57.703 [Test worker] DEBUG com.github.dockerjava.zerodep.shaded.org.apache.hc.client5.http.wire - http-outgoing-0 << "Api-Version: 1.41[\r][\n]"
21:06:57.703 [Test worker] DEBUG com.github.dockerjava.zerodep.shaded.org.apache.hc.client5.http.wire - http-outgoing-0 << "Content-Type: application/json[\r][\n]"
21:06:57.703 [Test worker] DEBUG com.github.dockerjava.zerodep.shaded.org.apache.hc.client5.http.wire - http-outgoing-0 << "Date: Sat, 16 Dec 2023 13:06:57 GMT[\r][\n]"
21:06:57.703 [Test worker] DEBUG com.github.dockerjava.zerodep.shaded.org.apache.hc.client5.http.wire - http-outgoing-0 << "Docker-Experimental: false[\r][\n]"
21:06:57.703 [Test worker] DEBUG com.github.dockerjava.zerodep.shaded.org.apache.hc.client5.http.wire - http-outgoing-0 << "Ostype: linux[\r][\n]"
21:06:57.703 [Test worker] DEBUG com.github.dockerjava.zerodep.shaded.org.apache.hc.client5.http.wire - http-outgoing-0 << "Server: Docker/20.10.22 (linux)[\r][\n]"
21:06:57.703 [Test worker] DEBUG com.github.dockerjava.zerodep.shaded.org.apache.hc.client5.http.wire - http-outgoing-0 << "Transfer-Encoding: chunked[\r][\n]"
21:06:57.703 [Test worker] DEBUG com.github.dockerjava.zerodep.shaded.org.apache.hc.client5.http.wire - http-outgoing-0 << "[\r][\n]"
21:06:57.703 [Test worker] DEBUG com.github.dockerjava.zerodep.shaded.org.apache.hc.client5.http.headers - http-outgoing-0 << HTTP/1.1 201 Created
21:06:57.703 [Test worker] DEBUG com.github.dockerjava.zerodep.shaded.org.apache.hc.client5.http.headers - http-outgoing-0 << Api-Version: 1.41
21:06:57.703 [Test worker] DEBUG com.github.dockerjava.zerodep.shaded.org.apache.hc.client5.http.headers - http-outgoing-0 << Content-Type: application/json
21:06:57.703 [Test worker] DEBUG com.github.dockerjava.zerodep.shaded.org.apache.hc.client5.http.headers - http-outgoing-0 << Date: Sat, 16 Dec 2023 13:06:57 GMT
21:06:57.703 [Test worker] DEBUG com.github.dockerjava.zerodep.shaded.org.apache.hc.client5.http.headers - http-outgoing-0 << Docker-Experimental: false
21:06:57.703 [Test worker] DEBUG com.github.dockerjava.zerodep.shaded.org.apache.hc.client5.http.headers - http-outgoing-0 << Ostype: linux
21:06:57.703 [Test worker] DEBUG com.github.dockerjava.zerodep.shaded.org.apache.hc.client5.http.headers - http-outgoing-0 << Server: Docker/20.10.22 (linux)
21:06:57.703 [Test worker] DEBUG com.github.dockerjava.zerodep.shaded.org.apache.hc.client5.http.headers - http-outgoing-0 << Transfer-Encoding: chunked
21:06:57.703 [Test worker] DEBUG com.github.dockerjava.zerodep.shaded.org.apache.hc.client5.http.impl.classic.MainClientExec - ex-00000004: connection can be kept alive for 3 MINUTES
21:06:57.704 [Test worker] DEBUG com.github.dockerjava.zerodep.shaded.org.apache.hc.client5.http.wire - http-outgoing-0 << "58[\r][\n]"
21:06:57.704 [Test worker] DEBUG com.github.dockerjava.zerodep.shaded.org.apache.hc.client5.http.wire - http-outgoing-0 << "{"Id":"f78126e24d3ab01c125aa4108a0602655abe31622f5d268cbee5256167f71526","Warnings":[]}[\n]"
21:06:57.704 [Test worker] DEBUG com.github.dockerjava.zerodep.shaded.org.apache.hc.client5.http.wire - http-outgoing-0 << "[\r][\n]"
21:06:57.704 [Test worker] DEBUG com.github.dockerjava.zerodep.shaded.org.apache.hc.client5.http.wire - http-outgoing-0 << "0[\r][\n]"
21:06:57.704 [Test worker] DEBUG com.github.dockerjava.zerodep.shaded.org.apache.hc.client5.http.wire - http-outgoing-0 << "[\r][\n]"
21:06:57.705 [Test worker] DEBUG com.github.dockerjava.zerodep.shaded.org.apache.hc.client5.http.impl.classic.InternalHttpClient - ep-00000003: releasing valid endpoint
21:06:57.705 [Test worker] DEBUG com.github.dockerjava.zerodep.shaded.org.apache.hc.client5.http.impl.io.PoolingHttpClientConnectionManager - ep-00000003: releasing endpoint
21:06:57.705 [Test worker] DEBUG com.github.dockerjava.zerodep.shaded.org.apache.hc.client5.http.impl.io.PoolingHttpClientConnectionManager - ep-00000003: connection http-outgoing-0 can be kept alive for 3 MINUTES
21:06:57.705 [Test worker] DEBUG com.github.dockerjava.zerodep.shaded.org.apache.hc.client5.http.impl.io.PoolingHttpClientConnectionManager - ep-00000003: connection released [route: {}->unix://localhost:2375][total available: 1; route allocated: 1 of 2147483647; total allocated: 1 of 2147483647]
21:06:57.707 [Test worker] INFO tc.testcontainers/ryuk:0.5.1 - Container testcontainers/ryuk:0.5.1 is starting: f78126e24d3ab01c125aa4108a0602655abe31622f5d268cbee5256167f71526
21:06:57.707 [Test worker] DEBUG org.testcontainers.shaded.com.github.dockerjava.core.command.AbstrDockerCmd - Cmd: f78126e24d3ab01c125aa4108a0602655abe31622f5d268cbee5256167f71526
21:06:57.708 [Test worker] DEBUG com.github.dockerjava.zerodep.shaded.org.apache.hc.client5.http.impl.classic.InternalHttpClient - ex-00000005: preparing request execution
21:06:57.708 [Test worker] DEBUG com.github.dockerjava.zerodep.shaded.org.apache.hc.client5.http.protocol.RequestAddCookies - Cookie spec selected: strict
21:06:57.708 [Test worker] DEBUG com.github.dockerjava.zerodep.shaded.org.apache.hc.client5.http.protocol.RequestAuthCache - Auth cache not set in the context
21:06:57.708 [Test worker] DEBUG com.github.dockerjava.zerodep.shaded.org.apache.hc.client5.http.impl.classic.ProtocolExec - ex-00000005: target auth state: UNCHALLENGED
21:06:57.708 [Test worker] DEBUG com.github.dockerjava.zerodep.shaded.org.apache.hc.client5.http.impl.classic.ProtocolExec - ex-00000005: proxy auth state: UNCHALLENGED
21:06:57.708 [Test worker] DEBUG com.github.dockerjava.zerodep.shaded.org.apache.hc.client5.http.impl.classic.ConnectExec - ex-00000005: acquiring connection with route {}->unix://localhost:2375
21:06:57.708 [Test worker] DEBUG com.github.dockerjava.zerodep.shaded.org.apache.hc.client5.http.impl.classic.InternalHttpClient - ex-00000005: acquiring endpoint (3 MINUTES)
21:06:57.708 [Test worker] DEBUG com.github.dockerjava.zerodep.shaded.org.apache.hc.client5.http.impl.io.PoolingHttpClientConnectionManager - ex-00000005: endpoint lease request (3 MINUTES) [route: {}->unix://localhost:2375][total available: 1; route allocated: 1 of 2147483647; total allocated: 1 of 2147483647]
21:06:57.708 [Test worker] DEBUG com.github.dockerjava.zerodep.shaded.org.apache.hc.client5.http.impl.io.PoolingHttpClientConnectionManager - ex-00000005: endpoint leased [route: {}->unix://localhost:2375][total available: 0; route allocated: 1 of 2147483647; total allocated: 1 of 2147483647]
21:06:57.708 [Test worker] DEBUG com.github.dockerjava.zerodep.shaded.org.apache.hc.client5.http.impl.io.PoolingHttpClientConnectionManager - ex-00000005: acquired ep-00000004
21:06:57.708 [Test worker] DEBUG com.github.dockerjava.zerodep.shaded.org.apache.hc.client5.http.impl.classic.InternalHttpClient - ex-00000005: acquired endpoint ep-00000004
21:06:57.708 [Test worker] DEBUG com.github.dockerjava.zerodep.shaded.org.apache.hc.client5.http.impl.classic.MainClientExec - ex-00000005: executing POST /v1.32/containers/f78126e24d3ab01c125aa4108a0602655abe31622f5d268cbee5256167f71526/start HTTP/1.1
21:06:57.709 [Test worker] DEBUG com.github.dockerjava.zerodep.shaded.org.apache.hc.client5.http.impl.classic.InternalHttpClient - ep-00000004: start execution ex-00000005
21:06:57.709 [Test worker] DEBUG com.github.dockerjava.zerodep.shaded.org.apache.hc.client5.http.impl.io.PoolingHttpClientConnectionManager - ep-00000004: executing exchange ex-00000005 over http-outgoing-0
21:06:57.709 [Test worker] DEBUG com.github.dockerjava.zerodep.shaded.org.apache.hc.client5.http.headers - http-outgoing-0 >> POST /v1.32/containers/f78126e24d3ab01c125aa4108a0602655abe31622f5d268cbee5256167f71526/start HTTP/1.1
21:06:57.709 [Test worker] DEBUG com.github.dockerjava.zerodep.shaded.org.apache.hc.client5.http.headers - http-outgoing-0 >> accept: application/json
21:06:57.709 [Test worker] DEBUG com.github.dockerjava.zerodep.shaded.org.apache.hc.client5.http.headers - http-outgoing-0 >> content-type: application/json
21:06:57.709 [Test worker] DEBUG com.github.dockerjava.zerodep.shaded.org.apache.hc.client5.http.headers - http-outgoing-0 >> x-tc-sid: c0789b71-e0d5-4fdf-af56-342687b761a1
21:06:57.709 [Test worker] DEBUG com.github.dockerjava.zerodep.shaded.org.apache.hc.client5.http.headers - http-outgoing-0 >> User-Agent: tc-java/1.19.3
21:06:57.709 [Test worker] DEBUG com.github.dockerjava.zerodep.shaded.org.apache.hc.client5.http.headers - http-outgoing-0 >> Accept-Encoding: gzip, x-gzip, deflate
21:06:57.709 [Test worker] DEBUG com.github.dockerjava.zerodep.shaded.org.apache.hc.client5.http.headers - http-outgoing-0 >> Host: localhost:2375
21:06:57.709 [Test worker] DEBUG com.github.dockerjava.zerodep.shaded.org.apache.hc.client5.http.headers - http-outgoing-0 >> Connection: keep-alive
21:06:57.709 [Test worker] DEBUG com.github.dockerjava.zerodep.shaded.org.apache.hc.client5.http.wire - http-outgoing-0 >> "POST /v1.32/containers/f78126e24d3ab01c125aa4108a0602655abe31622f5d268cbee5256167f71526/start HTTP/1.1[\r][\n]"
21:06:57.709 [Test worker] DEBUG com.github.dockerjava.zerodep.shaded.org.apache.hc.client5.http.wire - http-outgoing-0 >> "accept: application/json[\r][\n]"
21:06:57.709 [Test worker] DEBUG com.github.dockerjava.zerodep.shaded.org.apache.hc.client5.http.wire - http-outgoing-0 >> "content-type: application/json[\r][\n]"
21:06:57.709 [Test worker] DEBUG com.github.dockerjava.zerodep.shaded.org.apache.hc.client5.http.wire - http-outgoing-0 >> "x-tc-sid: c0789b71-e0d5-4fdf-af56-342687b761a1[\r][\n]"
21:06:57.709 [Test worker] DEBUG com.github.dockerjava.zerodep.shaded.org.apache.hc.client5.http.wire - http-outgoing-0 >> "User-Agent: tc-java/1.19.3[\r][\n]"
21:06:57.709 [Test worker] DEBUG com.github.dockerjava.zerodep.shaded.org.apache.hc.client5.http.wire - http-outgoing-0 >> "Accept-Encoding: gzip, x-gzip, deflate[\r][\n]"
21:06:57.709 [Test worker] DEBUG com.github.dockerjava.zerodep.shaded.org.apache.hc.client5.http.wire - http-outgoing-0 >> "Host: localhost:2375[\r][\n]"
21:06:57.709 [Test worker] DEBUG com.github.dockerjava.zerodep.shaded.org.apache.hc.client5.http.wire - http-outgoing-0 >> "Connection: keep-alive[\r][\n]"
21:06:57.709 [Test worker] DEBUG com.github.dockerjava.zerodep.shaded.org.apache.hc.client5.http.wire - http-outgoing-0 >> "[\r][\n]"
21:06:58.777 [Test worker] DEBUG com.github.dockerjava.zerodep.shaded.org.apache.hc.client5.http.wire - http-outgoing-0 << "HTTP/1.1 204 No Content[\r][\n]"
21:06:58.777 [Test worker] DEBUG com.github.dockerjava.zerodep.shaded.org.apache.hc.client5.http.wire - http-outgoing-0 << "Api-Version: 1.41[\r][\n]"
21:06:58.778 [Test worker] DEBUG com.github.dockerjava.zerodep.shaded.org.apache.hc.client5.http.wire - http-outgoing-0 << "Date: Sat, 16 Dec 2023 13:06:58 GMT[\r][\n]"
21:06:58.778 [Test worker] DEBUG com.github.dockerjava.zerodep.shaded.org.apache.hc.client5.http.wire - http-outgoing-0 << "Docker-Experimental: false[\r][\n]"
21:06:58.778 [Test worker] DEBUG com.github.dockerjava.zerodep.shaded.org.apache.hc.client5.http.wire - http-outgoing-0 << "Ostype: linux[\r][\n]"
21:06:58.778 [Test worker] DEBUG com.github.dockerjava.zerodep.shaded.org.apache.hc.client5.http.wire - http-outgoing-0 << "Server: Docker/20.10.22 (linux)[\r][\n]"
21:06:58.778 [Test worker] DEBUG com.github.dockerjava.zerodep.shaded.org.apache.hc.client5.http.wire - http-outgoing-0 << "[\r][\n]"
21:06:58.779 [Test worker] DEBUG com.github.dockerjava.zerodep.shaded.org.apache.hc.client5.http.headers - http-outgoing-0 << HTTP/1.1 204 No Content
21:06:58.779 [Test worker] DEBUG com.github.dockerjava.zerodep.shaded.org.apache.hc.client5.http.headers - http-outgoing-0 << Api-Version: 1.41
21:06:58.779 [Test worker] DEBUG com.github.dockerjava.zerodep.shaded.org.apache.hc.client5.http.headers - http-outgoing-0 << Date: Sat, 16 Dec 2023 13:06:58 GMT
21:06:58.779 [Test worker] DEBUG com.github.dockerjava.zerodep.shaded.org.apache.hc.client5.http.headers - http-outgoing-0 << Docker-Experimental: false
21:06:58.779 [Test worker] DEBUG com.github.dockerjava.zerodep.shaded.org.apache.hc.client5.http.headers - http-outgoing-0 << Ostype: linux
21:06:58.780 [Test worker] DEBUG com.github.dockerjava.zerodep.shaded.org.apache.hc.client5.http.headers - http-outgoing-0 << Server: Docker/20.10.22 (linux)
21:06:58.780 [Test worker] DEBUG com.github.dockerjava.zerodep.shaded.org.apache.hc.client5.http.impl.classic.MainClientExec - ex-00000005: connection can be kept alive for 3 MINUTES
21:06:58.780 [Test worker] DEBUG com.github.dockerjava.zerodep.shaded.org.apache.hc.client5.http.impl.classic.InternalHttpClient - ep-00000004: releasing valid endpoint
21:06:58.780 [Test worker] DEBUG com.github.dockerjava.zerodep.shaded.org.apache.hc.client5.http.impl.io.PoolingHttpClientConnectionManager - ep-00000004: releasing endpoint
21:06:58.780 [Test worker] DEBUG com.github.dockerjava.zerodep.shaded.org.apache.hc.client5.http.impl.io.PoolingHttpClientConnectionManager - ep-00000004: connection http-outgoing-0 can be kept alive for 3 MINUTES
21:06:58.780 [Test worker] DEBUG com.github.dockerjava.zerodep.shaded.org.apache.hc.client5.http.impl.io.PoolingHttpClientConnectionManager - ep-00000004: connection released [route: {}->unix://localhost:2375][total available: 1; route allocated: 1 of 2147483647; total allocated: 1 of 2147483647]
21:06:58.787 [Test worker] DEBUG org.testcontainers.shaded.com.github.dockerjava.core.command.AbstrDockerCmd - Cmd: f78126e24d3ab01c125aa4108a0602655abe31622f5d268cbee5256167f71526,false
21:06:58.788 [Test worker] DEBUG org.testcontainers.shaded.com.github.dockerjava.core.exec.InspectContainerCmdExec - GET: DefaultWebTarget{path=[/containers/f78126e24d3ab01c125aa4108a0602655abe31622f5d268cbee5256167f71526/json], queryParams={}}
21:06:58.788 [Test worker] DEBUG com.github.dockerjava.zerodep.shaded.org.apache.hc.client5.http.impl.classic.InternalHttpClient - ex-00000006: preparing request execution
21:06:58.788 [Test worker] DEBUG com.github.dockerjava.zerodep.shaded.org.apache.hc.client5.http.protocol.RequestAddCookies - Cookie spec selected: strict
21:06:58.788 [Test worker] DEBUG com.github.dockerjava.zerodep.shaded.org.apache.hc.client5.http.protocol.RequestAuthCache - Auth cache not set in the context
21:06:58.788 [Test worker] DEBUG com.github.dockerjava.zerodep.shaded.org.apache.hc.client5.http.impl.classic.ProtocolExec - ex-00000006: target auth state: UNCHALLENGED
21:06:58.788 [Test worker] DEBUG com.github.dockerjava.zerodep.shaded.org.apache.hc.client5.http.impl.classic.ProtocolExec - ex-00000006: proxy auth state: UNCHALLENGED
21:06:58.789 [Test worker] DEBUG com.github.dockerjava.zerodep.shaded.org.apache.hc.client5.http.impl.classic.ConnectExec - ex-00000006: acquiring connection with route {}->unix://localhost:2375
21:06:58.789 [Test worker] DEBUG com.github.dockerjava.zerodep.shaded.org.apache.hc.client5.http.impl.classic.InternalHttpClient - ex-00000006: acquiring endpoint (3 MINUTES)
21:06:58.789 [Test worker] DEBUG com.github.dockerjava.zerodep.shaded.org.apache.hc.client5.http.impl.io.PoolingHttpClientConnectionManager - ex-00000006: endpoint lease request (3 MINUTES) [route: {}->unix://localhost:2375][total available: 1; route allocated: 1 of 2147483647; total allocated: 1 of 2147483647]
21:06:58.789 [Test worker] DEBUG com.github.dockerjava.zerodep.shaded.org.apache.hc.client5.http.impl.io.PoolingHttpClientConnectionManager - ex-00000006: endpoint leased [route: {}->unix://localhost:2375][total available: 0; route allocated: 1 of 2147483647; total allocated: 1 of 2147483647]
21:06:58.789 [Test worker] DEBUG com.github.dockerjava.zerodep.shaded.org.apache.hc.client5.http.impl.io.PoolingHttpClientConnectionManager - ex-00000006: acquired ep-00000005
21:06:58.789 [Test worker] DEBUG com.github.dockerjava.zerodep.shaded.org.apache.hc.client5.http.impl.classic.InternalHttpClient - ex-00000006: acquired endpoint ep-00000005
21:06:58.789 [Test worker] DEBUG com.github.dockerjava.zerodep.shaded.org.apache.hc.client5.http.impl.classic.MainClientExec - ex-00000006: executing GET /v1.32/containers/f78126e24d3ab01c125aa4108a0602655abe31622f5d268cbee5256167f71526/json HTTP/1.1
21:06:58.789 [Test worker] DEBUG com.github.dockerjava.zerodep.shaded.org.apache.hc.client5.http.impl.classic.InternalHttpClient - ep-00000005: start execution ex-00000006
21:06:58.789 [Test worker] DEBUG com.github.dockerjava.zerodep.shaded.org.apache.hc.client5.http.impl.io.PoolingHttpClientConnectionManager - ep-00000005: executing exchange ex-00000006 over http-outgoing-0
21:06:58.789 [Test worker] DEBUG com.github.dockerjava.zerodep.shaded.org.apache.hc.client5.http.headers - http-outgoing-0 >> GET /v1.32/containers/f78126e24d3ab01c125aa4108a0602655abe31622f5d268cbee5256167f71526/json HTTP/1.1
21:06:58.789 [Test worker] DEBUG com.github.dockerjava.zerodep.shaded.org.apache.hc.client5.http.headers - http-outgoing-0 >> accept: application/json
21:06:58.789 [Test worker] DEBUG com.github.dockerjava.zerodep.shaded.org.apache.hc.client5.http.headers - http-outgoing-0 >> x-tc-sid: c0789b71-e0d5-4fdf-af56-342687b761a1
21:06:58.789 [Test worker] DEBUG com.github.dockerjava.zerodep.shaded.org.apache.hc.client5.http.headers - http-outgoing-0 >> User-Agent: tc-java/1.19.3
21:06:58.789 [Test worker] DEBUG com.github.dockerjava.zerodep.shaded.org.apache.hc.client5.http.headers - http-outgoing-0 >> Accept-Encoding: gzip, x-gzip, deflate
21:06:58.789 [Test worker] DEBUG com.github.dockerjava.zerodep.shaded.org.apache.hc.client5.http.headers - http-outgoing-0 >> Host: localhost:2375
21:06:58.789 [Test worker] DEBUG com.github.dockerjava.zerodep.shaded.org.apache.hc.client5.http.headers - http-outgoing-0 >> Connection: keep-alive
21:06:58.789 [Test worker] DEBUG com.github.dockerjava.zerodep.shaded.org.apache.hc.client5.http.wire - http-outgoing-0 >> "GET /v1.32/containers/f78126e24d3ab01c125aa4108a0602655abe31622f5d268cbee5256167f71526/json HTTP/1.1[\r][\n]"
21:06:58.789 [Test worker] DEBUG com.github.dockerjava.zerodep.shaded.org.apache.hc.client5.http.wire - http-outgoing-0 >> "accept: application/json[\r][\n]"
21:06:58.789 [Test worker] DEBUG com.github.dockerjava.zerodep.shaded.org.apache.hc.client5.http.wire - http-outgoing-0 >> "x-tc-sid: c0789b71-e0d5-4fdf-af56-342687b761a1[\r][\n]"
21:06:58.789 [Test worker] DEBUG com.github.dockerjava.zerodep.shaded.org.apache.hc.client5.http.wire - http-outgoing-0 >> "User-Agent: tc-java/1.19.3[\r][\n]"
21:06:58.789 [Test worker] DEBUG com.github.dockerjava.zerodep.shaded.org.apache.hc.client5.http.wire - http-outgoing-0 >> "Accept-Encoding: gzip, x-gzip, deflate[\r][\n]"
21:06:58.789 [Test worker] DEBUG com.github.dockerjava.zerodep.shaded.org.apache.hc.client5.http.wire - http-outgoing-0 >> "Host: localhost:2375[\r][\n]"
21:06:58.789 [Test worker] DEBUG com.github.dockerjava.zerodep.shaded.org.apache.hc.client5.http.wire - http-outgoing-0 >> "Connection: keep-alive[\r][\n]"
21:06:58.789 [Test worker] DEBUG com.github.dockerjava.zerodep.shaded.org.apache.hc.client5.http.wire - http-outgoing-0 >> "[\r][\n]"
21:06:58.791 [Test worker] DEBUG com.github.dockerjava.zerodep.shaded.org.apache.hc.client5.http.wire - http-outgoing-0 << "HTTP/1.1 200 OK[\r][\n]"
21:06:58.791 [Test worker] DEBUG com.github.dockerjava.zerodep.shaded.org.apache.hc.client5.http.wire - http-outgoing-0 << "Api-Version: 1.41[\r][\n]"
21:06:58.791 [Test worker] DEBUG com.github.dockerjava.zerodep.shaded.org.apache.hc.client5.http.wire - http-outgoing-0 << "Content-Type: application/json[\r][\n]"
21:06:58.791 [Test worker] DEBUG com.github.dockerjava.zerodep.shaded.org.apache.hc.client5.http.wire - http-outgoing-0 << "Date: Sat, 16 Dec 2023 13:06:58 GMT[\r][\n]"
21:06:58.791 [Test worker] DEBUG com.github.dockerjava.zerodep.shaded.org.apache.hc.client5.http.wire - http-outgoing-0 << "Docker-Experimental: false[\r][\n]"
21:06:58.791 [Test worker] DEBUG com.github.dockerjava.zerodep.shaded.org.apache.hc.client5.http.wire - http-outgoing-0 << "Ostype: linux[\r][\n]"
21:06:58.791 [Test worker] DEBUG com.github.dockerjava.zerodep.shaded.org.apache.hc.client5.http.wire - http-outgoing-0 << "Server: Docker/20.10.22 (linux)[\r][\n]"
21:06:58.792 [Test worker] DEBUG com.github.dockerjava.zerodep.shaded.org.apache.hc.client5.http.wire - http-outgoing-0 << "Transfer-Encoding: chunked[\r][\n]"
21:06:58.792 [Test worker] DEBUG com.github.dockerjava.zerodep.shaded.org.apache.hc.client5.http.wire - http-outgoing-0 << "[\r][\n]"
21:06:58.792 [Test worker] DEBUG com.github.dockerjava.zerodep.shaded.org.apache.hc.client5.http.headers - http-outgoing-0 << HTTP/1.1 200 OK
21:06:58.792 [Test worker] DEBUG com.github.dockerjava.zerodep.shaded.org.apache.hc.client5.http.headers - http-outgoing-0 << Api-Version: 1.41
21:06:58.792 [Test worker] DEBUG com.github.dockerjava.zerodep.shaded.org.apache.hc.client5.http.headers - http-outgoing-0 << Content-Type: application/json
21:06:58.792 [Test worker] DEBUG com.github.dockerjava.zerodep.shaded.org.apache.hc.client5.http.headers - http-outgoing-0 << Date: Sat, 16 Dec 2023 13:06:58 GMT
21:06:58.792 [Test worker] DEBUG com.github.dockerjava.zerodep.shaded.org.apache.hc.client5.http.headers - http-outgoing-0 << Docker-Experimental: false
21:06:58.792 [Test worker] DEBUG com.github.dockerjava.zerodep.shaded.org.apache.hc.client5.http.headers - http-outgoing-0 << Ostype: linux
21:06:58.792 [Test worker] DEBUG com.github.dockerjava.zerodep.shaded.org.apache.hc.client5.http.headers - http-outgoing-0 << Server: Docker/20.10.22 (linux)
21:06:58.792 [Test worker] DEBUG com.github.dockerjava.zerodep.shaded.org.apache.hc.client5.http.headers - http-outgoing-0 << Transfer-Encoding: chunked
21:06:58.792 [Test worker] DEBUG com.github.dockerjava.zerodep.shaded.org.apache.hc.client5.http.impl.classic.MainClientExec - ex-00000006: connection can be kept alive for 3 MINUTES
21:06:58.795 [Test worker] DEBUG com.github.dockerjava.zerodep.shaded.org.apache.hc.client5.http.wire - http-outgoing-0 << "138e[\r][\n]"
21:06:58.796 [Test worker] DEBUG com.github.dockerjava.zerodep.shaded.org.apache.hc.client5.http.wire - http-outgoing-0 << "{"Id":"f78126e24d3ab01c125aa4108a0602655abe31622f5d268cbee5256167f71526","Created":"2023-12-16T13:06:57.636248009Z","Path":"/bin/ryuk","Args":[],"State":{"Status":"running","Running":true,"Paused":false,"Restarting":false,"OOMKilled":false,"Dead":false,"Pid":266443,"ExitCode":0,"Error":"","StartedAt":"2023-12-16T13:06:58.772780968Z","FinishedAt":"0001-01-01T00:00:00Z"},"Image":"sha256:8be3fdcaa3e89af39fed008cb8812a360bc4aae7098c708363ad773b4ea83315","ResolvConfPath":"/var/lib/docker/containers/f78126e24d3ab01c125aa4108a0602655abe31622f5d268cbee5256167f71526/resolv.conf","HostnamePath":"/var/lib/docker/containers/f78126e24d3ab01c125aa4108a0602655abe31622f5d268cbee5256167f71526/hostname","HostsPath":"/var/lib/docker/containers/f78126e24d3ab01c125aa4108a0602655abe31622f5d268cbee5256167f71526/hosts","LogPath":"/var/lib/docker/containers/f78126e24d3ab01c125aa4108a0602655abe31622f5d268cbee5256167f71526/f78126e24d3ab01c125aa4108a0602655abe31622f5d268cbee5256167f71526-json.log","Name":"/testcontainers-ryuk-c0789b71-e0d5-4fdf-af56-342687b761a1","RestartCount":0,"Driver":"overlay2","Platform":"linux","MountLabel":"","ProcessLabel":"","AppArmorProfile":"","ExecIDs":null,"HostConfig":{"Binds":["/var/run/docker.sock:/var/run/docker.sock:rw"],"ContainerIDFile":"","LogConfig":{"Type":"json-file","Config":{}},"NetworkMode":"default","PortBindings":{"8080/tcp":[{"HostIp":"0.0.0.0","HostPort":"0"}]},"RestartPolicy":{"Name":"","MaximumRetryCount":0},"AutoRemove":true,"VolumeDriver":"","VolumesFrom":[],"CapAdd":null,"CapDrop":null,"CgroupnsMode":"private","Dns":null,"DnsOptions":null,"DnsSearch":null,"ExtraHosts":[],"GroupAdd":null,"IpcMode":"shareable","Cgroup":"","Links":null,"OomScoreAdj":0,"PidMode":"","Privileged":true,"PublishAllPorts":false,"ReadonlyRootfs":false,"SecurityOpt":["label=disable"],"UTSMode":"","UsernsMode":"","ShmSize":67108864,"Runtime":"runc","ConsoleSize":[0,0],"Isolation":"","CpuShares":0,"Memory":0,"NanoCpus":0,"CgroupParent":"","BlkioWeight":0,"BlkioWeightDevice":null,"BlkioDeviceReadBps":null,"BlkioDeviceWriteBps":null,"BlkioDeviceReadIOps":null,"BlkioDeviceWriteIOps":null,"CpuPeriod":0,"CpuQuota":0,"CpuRealtimePeriod":0,"CpuRealtimeRuntime":0,"CpusetCpus":"","CpusetMems":"","Devices":null,"DeviceCgroupRules":null,"DeviceRequests":null,"KernelMemory":0,"KernelMemoryTCP":0,"MemoryReservation":0,"MemorySwap":0,"MemorySwappiness":null,"OomKillDisable":null,"PidsLimit":null,"Ulimits":null,"CpuCount":0,"CpuPercent":0,"IOMaximumIOps":0,"IOMaximumBandwidth":0,"MaskedPaths":null,"ReadonlyPaths":null},"GraphDriver":{"Data":{"LowerDir":"/var/lib/docker/overlay2/62873c36551fcf3f94ce2d9c3f0acb47df10de97d57d3431c980b1c919467669-init/diff:/var/lib/docker/overlay2/24cbf953ae7af1f52a5ffd8545aba2120bcb9fbe0de10bb4f9c132ca94c02ed6/diff:/var/lib/docker/overlay2/38713f73dd2665060d15d1eae2286797618001cf9925e9ee7cc3aac3cbf9d615/diff:/var/lib/docker/overlay2/03190c03d10e7de73ca84656567ab7a973e04cd0240fd946fbdd08574cf86cb7/diff","MergedDir":"/var/lib/docker/overlay2/62873c36551fcf3f94ce2d9c3f0acb47df10de97d57d3431c980b1c919467669/merged","UpperDir":"/var/lib/docker/overlay2/62873c36551fcf3f94ce2d9c3f0acb47df10de97d57d3431c980b1c919467669/diff","WorkDir":"/var/lib/docker/overlay2/62873c36551fcf3f94ce2d9c3f0acb47df10de97d57d3431c980b1c919467669/work"},"Name":"overlay2"},"Mounts":[{"Type":"bind","Source":"/var/run/docker.sock","Destination":"/var/run/docker.sock","Mode":"rw","RW":true,"Propagation":"rprivate"}],"Config":{"Hostname":"f78126e24d3a","Domainname":"","User":"","AttachStdin":false,"AttachStdout":false,"AttachStderr":false,"ExposedPorts":{"8080/tcp":{}},"Tty":false,"OpenStdin":false,"StdinOnce":false,"Env":["PATH=/usr/local/sbin:/usr/local/bin:/usr/sbin:/usr/bin:/sbin:/bin"],"Cmd":["/bin/ryuk"],"Image":"testcontainers/ryuk:0.5.1","Volumes":null,"WorkingDir":"","Entrypoint":null,"OnBuild":null,"Labels":{"org.testcontainers":"true","org.testcontainers.lang":"java","org.testcontainers.ryuk":"true","org.testcontainers.version":"1.19.3"}},"NetworkSettings":{"Bridge":"","SandboxID":"338bb1a9ebe1bfee1f5b9535b8c2c809f42b6d868dc1ea615224db476d25d964","HairpinMode":false,"LinkLocalIPv6Address":"","LinkLocalIPv6PrefixLen":0,"Ports":{"8080/tcp":[{"HostIp":"0.0.0.0","HostPort":"65279"}]},"SandboxKey":"/var/run/docker/netns/338bb1a9ebe1","SecondaryIPAddresses":null,"SecondaryIPv6Addresses":null,"EndpointID":"b58946da06495baad6aaaaf743c8e64b3be679acfef1f7e267be3e42c2051d69","Gateway":"172.17.0.1","GlobalIPv6Address":"","GlobalIPv6PrefixLen":0,"IPAddress":"172.17.0.2","IPPrefixLen":16,"IPv6Gateway":"","MacAddress":"02:42:ac:11:00:02","Networks":{"bridge":{"IPAMConfig":null,"Links":null,"Aliases":null,"NetworkID":"ca634816336aa911c0cbe985e5caecb4dbd666f2d1f7f87bf76e453e28b86f6a","EndpointID":"b58946da06495baad6aaaaf743c8e64b3be679acfef1f7e267be3e42c2051d69","Gateway":"172.17.0.1","IPAddress":"172.17.0.2","IPPrefixLen":16,"IPv6Gateway":"","GlobalIPv6Address":"","GlobalIPv6PrefixLen":0,"MacAddress":"02:42:ac:11:00:02","DriverOpts":null}}}}[\n]"
21:06:58.796 [Test worker] DEBUG com.github.dockerjava.zerodep.shaded.org.apache.hc.client5.http.wire - http-outgoing-0 << "[\r][\n]"
21:06:58.847 [Test worker] DEBUG com.github.dockerjava.zerodep.shaded.org.apache.hc.client5.http.wire - http-outgoing-0 << "0[\r][\n]"
21:06:58.847 [Test worker] DEBUG com.github.dockerjava.zerodep.shaded.org.apache.hc.client5.http.wire - http-outgoing-0 << "[\r][\n]"
21:06:58.847 [Test worker] DEBUG com.github.dockerjava.zerodep.shaded.org.apache.hc.client5.http.impl.classic.InternalHttpClient - ep-00000005: releasing valid endpoint
21:06:58.847 [Test worker] DEBUG com.github.dockerjava.zerodep.shaded.org.apache.hc.client5.http.impl.io.PoolingHttpClientConnectionManager - ep-00000005: releasing endpoint
21:06:58.847 [Test worker] DEBUG com.github.dockerjava.zerodep.shaded.org.apache.hc.client5.http.impl.io.PoolingHttpClientConnectionManager - ep-00000005: connection http-outgoing-0 can be kept alive for 3 MINUTES
21:06:58.847 [Test worker] DEBUG com.github.dockerjava.zerodep.shaded.org.apache.hc.client5.http.impl.io.PoolingHttpClientConnectionManager - ep-00000005: connection released [route: {}->unix://localhost:2375][total available: 1; route allocated: 1 of 2147483647; total allocated: 1 of 2147483647]
21:06:58.849 [Test worker] DEBUG org.testcontainers.shaded.com.github.dockerjava.core.command.AbstrDockerCmd - Cmd: sha256:8be3fdcaa3e89af39fed008cb8812a360bc4aae7098c708363ad773b4ea83315
21:06:58.850 [Test worker] DEBUG com.github.dockerjava.zerodep.shaded.org.apache.hc.client5.http.impl.classic.InternalHttpClient - ex-00000007: preparing request execution
21:06:58.850 [Test worker] DEBUG com.github.dockerjava.zerodep.shaded.org.apache.hc.client5.http.protocol.RequestAddCookies - Cookie spec selected: strict
21:06:58.850 [Test worker] DEBUG com.github.dockerjava.zerodep.shaded.org.apache.hc.client5.http.protocol.RequestAuthCache - Auth cache not set in the context
21:06:58.850 [Test worker] DEBUG com.github.dockerjava.zerodep.shaded.org.apache.hc.client5.http.impl.classic.ProtocolExec - ex-00000007: target auth state: UNCHALLENGED
21:06:58.850 [Test worker] DEBUG com.github.dockerjava.zerodep.shaded.org.apache.hc.client5.http.impl.classic.ProtocolExec - ex-00000007: proxy auth state: UNCHALLENGED
21:06:58.850 [Test worker] DEBUG com.github.dockerjava.zerodep.shaded.org.apache.hc.client5.http.impl.classic.ConnectExec - ex-00000007: acquiring connection with route {}->unix://localhost:2375
21:06:58.850 [Test worker] DEBUG com.github.dockerjava.zerodep.shaded.org.apache.hc.client5.http.impl.classic.InternalHttpClient - ex-00000007: acquiring endpoint (3 MINUTES)
21:06:58.851 [Test worker] DEBUG com.github.dockerjava.zerodep.shaded.org.apache.hc.client5.http.impl.io.PoolingHttpClientConnectionManager - ex-00000007: endpoint lease request (3 MINUTES) [route: {}->unix://localhost:2375][total available: 1; route allocated: 1 of 2147483647; total allocated: 1 of 2147483647]
21:06:58.851 [Test worker] DEBUG com.github.dockerjava.zerodep.shaded.org.apache.hc.client5.http.impl.io.PoolingHttpClientConnectionManager - ex-00000007: endpoint leased [route: {}->unix://localhost:2375][total available: 0; route allocated: 1 of 2147483647; total allocated: 1 of 2147483647]
21:06:58.851 [Test worker] DEBUG com.github.dockerjava.zerodep.shaded.org.apache.hc.client5.http.impl.io.PoolingHttpClientConnectionManager - ex-00000007: acquired ep-00000006
21:06:58.851 [Test worker] DEBUG com.github.dockerjava.zerodep.shaded.org.apache.hc.client5.http.impl.classic.InternalHttpClient - ex-00000007: acquired endpoint ep-00000006
21:06:58.851 [Test worker] DEBUG com.github.dockerjava.zerodep.shaded.org.apache.hc.client5.http.impl.classic.MainClientExec - ex-00000007: executing GET /v1.32/images/sha256:8be3fdcaa3e89af39fed008cb8812a360bc4aae7098c708363ad773b4ea83315/json HTTP/1.1
21:06:58.851 [Test worker] DEBUG com.github.dockerjava.zerodep.shaded.org.apache.hc.client5.http.impl.classic.InternalHttpClient - ep-00000006: start execution ex-00000007
21:06:58.851 [Test worker] DEBUG com.github.dockerjava.zerodep.shaded.org.apache.hc.client5.http.impl.io.PoolingHttpClientConnectionManager - ep-00000006: executing exchange ex-00000007 over http-outgoing-0
21:06:58.851 [Test worker] DEBUG com.github.dockerjava.zerodep.shaded.org.apache.hc.client5.http.headers - http-outgoing-0 >> GET /v1.32/images/sha256:8be3fdcaa3e89af39fed008cb8812a360bc4aae7098c708363ad773b4ea83315/json HTTP/1.1
21:06:58.851 [Test worker] DEBUG com.github.dockerjava.zerodep.shaded.org.apache.hc.client5.http.headers - http-outgoing-0 >> accept: application/json
21:06:58.851 [Test worker] DEBUG com.github.dockerjava.zerodep.shaded.org.apache.hc.client5.http.headers - http-outgoing-0 >> x-tc-sid: c0789b71-e0d5-4fdf-af56-342687b761a1
21:06:58.851 [Test worker] DEBUG com.github.dockerjava.zerodep.shaded.org.apache.hc.client5.http.headers - http-outgoing-0 >> User-Agent: tc-java/1.19.3
21:06:58.851 [Test worker] DEBUG com.github.dockerjava.zerodep.shaded.org.apache.hc.client5.http.headers - http-outgoing-0 >> Accept-Encoding: gzip, x-gzip, deflate
21:06:58.851 [Test worker] DEBUG com.github.dockerjava.zerodep.shaded.org.apache.hc.client5.http.headers - http-outgoing-0 >> Host: localhost:2375
21:06:58.851 [Test worker] DEBUG com.github.dockerjava.zerodep.shaded.org.apache.hc.client5.http.headers - http-outgoing-0 >> Connection: keep-alive
21:06:58.851 [Test worker] DEBUG com.github.dockerjava.zerodep.shaded.org.apache.hc.client5.http.wire - http-outgoing-0 >> "GET /v1.32/images/sha256:8be3fdcaa3e89af39fed008cb8812a360bc4aae7098c708363ad773b4ea83315/json HTTP/1.1[\r][\n]"
21:06:58.851 [Test worker] DEBUG com.github.dockerjava.zerodep.shaded.org.apache.hc.client5.http.wire - http-outgoing-0 >> "accept: application/json[\r][\n]"
21:06:58.851 [Test worker] DEBUG com.github.dockerjava.zerodep.shaded.org.apache.hc.client5.http.wire - http-outgoing-0 >> "x-tc-sid: c0789b71-e0d5-4fdf-af56-342687b761a1[\r][\n]"
21:06:58.851 [Test worker] DEBUG com.github.dockerjava.zerodep.shaded.org.apache.hc.client5.http.wire - http-outgoing-0 >> "User-Agent: tc-java/1.19.3[\r][\n]"
21:06:58.851 [Test worker] DEBUG com.github.dockerjava.zerodep.shaded.org.apache.hc.client5.http.wire - http-outgoing-0 >> "Accept-Encoding: gzip, x-gzip, deflate[\r][\n]"
21:06:58.851 [Test worker] DEBUG com.github.dockerjava.zerodep.shaded.org.apache.hc.client5.http.wire - http-outgoing-0 >> "Host: localhost:2375[\r][\n]"
21:06:58.851 [Test worker] DEBUG com.github.dockerjava.zerodep.shaded.org.apache.hc.client5.http.wire - http-outgoing-0 >> "Connection: keep-alive[\r][\n]"
21:06:58.851 [Test worker] DEBUG com.github.dockerjava.zerodep.shaded.org.apache.hc.client5.http.wire - http-outgoing-0 >> "[\r][\n]"
21:06:58.854 [Test worker] DEBUG com.github.dockerjava.zerodep.shaded.org.apache.hc.client5.http.wire - http-outgoing-0 << "HTTP/1.1 200 OK[\r][\n]"
21:06:58.854 [Test worker] DEBUG com.github.dockerjava.zerodep.shaded.org.apache.hc.client5.http.wire - http-outgoing-0 << "Api-Version: 1.41[\r][\n]"
21:06:58.854 [Test worker] DEBUG com.github.dockerjava.zerodep.shaded.org.apache.hc.client5.http.wire - http-outgoing-0 << "Content-Type: application/json[\r][\n]"
21:06:58.854 [Test worker] DEBUG com.github.dockerjava.zerodep.shaded.org.apache.hc.client5.http.wire - http-outgoing-0 << "Date: Sat, 16 Dec 2023 13:06:58 GMT[\r][\n]"
21:06:58.854 [Test worker] DEBUG com.github.dockerjava.zerodep.shaded.org.apache.hc.client5.http.wire - http-outgoing-0 << "Docker-Experimental: false[\r][\n]"
21:06:58.854 [Test worker] DEBUG com.github.dockerjava.zerodep.shaded.org.apache.hc.client5.http.wire - http-outgoing-0 << "Ostype: linux[\r][\n]"
21:06:58.854 [Test worker] DEBUG com.github.dockerjava.zerodep.shaded.org.apache.hc.client5.http.wire - http-outgoing-0 << "Server: Docker/20.10.22 (linux)[\r][\n]"
21:06:58.854 [Test worker] DEBUG com.github.dockerjava.zerodep.shaded.org.apache.hc.client5.http.wire - http-outgoing-0 << "Transfer-Encoding: chunked[\r][\n]"
21:06:58.854 [Test worker] DEBUG com.github.dockerjava.zerodep.shaded.org.apache.hc.client5.http.wire - http-outgoing-0 << "[\r][\n]"
21:06:58.854 [Test worker] DEBUG com.github.dockerjava.zerodep.shaded.org.apache.hc.client5.http.headers - http-outgoing-0 << HTTP/1.1 200 OK
21:06:58.854 [Test worker] DEBUG com.github.dockerjava.zerodep.shaded.org.apache.hc.client5.http.headers - http-outgoing-0 << Api-Version: 1.41
21:06:58.854 [Test worker] DEBUG com.github.dockerjava.zerodep.shaded.org.apache.hc.client5.http.headers - http-outgoing-0 << Content-Type: application/json
21:06:58.854 [Test worker] DEBUG com.github.dockerjava.zerodep.shaded.org.apache.hc.client5.http.headers - http-outgoing-0 << Date: Sat, 16 Dec 2023 13:06:58 GMT
21:06:58.854 [Test worker] DEBUG com.github.dockerjava.zerodep.shaded.org.apache.hc.client5.http.headers - http-outgoing-0 << Docker-Experimental: false
21:06:58.854 [Test worker] DEBUG com.github.dockerjava.zerodep.shaded.org.apache.hc.client5.http.headers - http-outgoing-0 << Ostype: linux
21:06:58.854 [Test worker] DEBUG com.github.dockerjava.zerodep.shaded.org.apache.hc.client5.http.headers - http-outgoing-0 << Server: Docker/20.10.22 (linux)
21:06:58.854 [Test worker] DEBUG com.github.dockerjava.zerodep.shaded.org.apache.hc.client5.http.headers - http-outgoing-0 << Transfer-Encoding: chunked
21:06:58.854 [Test worker] DEBUG com.github.dockerjava.zerodep.shaded.org.apache.hc.client5.http.impl.classic.MainClientExec - ex-00000007: connection can be kept alive for 3 MINUTES
21:06:58.854 [Test worker] DEBUG com.github.dockerjava.zerodep.shaded.org.apache.hc.client5.http.wire - http-outgoing-0 << "7d1[\r][\n]"
21:06:58.854 [Test worker] DEBUG com.github.dockerjava.zerodep.shaded.org.apache.hc.client5.http.wire - http-outgoing-0 << "{"Id":"sha256:8be3fdcaa3e89af39fed008cb8812a360bc4aae7098c708363ad773b4ea83315","RepoTags":["testcontainers/ryuk:0.5.1"],"RepoDigests":["testcontainers/ryuk@sha256:533abc56c07b52a26c955d1e7ae428d810582ab01c156384ae79960eb5fa0775"],"Parent":"","Comment":"buildkit.dockerfile.v0","Created":"2023-05-17T15:15:17.079149055Z","Container":"","ContainerConfig":{"Hostname":"","Domainname":"","User":"","AttachStdin":false,"AttachStdout":false,"AttachStderr":false,"Tty":false,"OpenStdin":false,"StdinOnce":false,"Env":null,"Cmd":null,"Image":"","Volumes":null,"WorkingDir":"","Entrypoint":null,"OnBuild":null,"Labels":null},"DockerVersion":"","Author":"","Config":{"Hostname":"","Domainname":"","User":"","AttachStdin":false,"AttachStdout":false,"AttachStderr":false,"Tty":false,"OpenStdin":false,"StdinOnce":false,"Env":["PATH=/usr/local/sbin:/usr/local/bin:/usr/sbin:/usr/bin:/sbin:/bin"],"Cmd":["/bin/ryuk"],"ArgsEscaped":true,"Image":"","Volumes":null,"WorkingDir":"","Entrypoint":null,"OnBuild":null,"Labels":{"org.testcontainers.ryuk":"true"}},"Architecture":"arm64","Os":"linux","Size":12171500,"VirtualSize":12171500,"GraphDriver":{"Data":{"LowerDir":"/var/lib/docker/overlay2/38713f73dd2665060d15d1eae2286797618001cf9925e9ee7cc3aac3cbf9d615/diff:/var/lib/docker/overlay2/03190c03d10e7de73ca84656567ab7a973e04cd0240fd946fbdd08574cf86cb7/diff","MergedDir":"/var/lib/docker/overlay2/24cbf953ae7af1f52a5ffd8545aba2120bcb9fbe0de10bb4f9c132ca94c02ed6/merged","UpperDir":"/var/lib/docker/overlay2/24cbf953ae7af1f52a5ffd8545aba2120bcb9fbe0de10bb4f9c132ca94c02ed6/diff","WorkDir":"/var/lib/docker/overlay2/24cbf953ae7af1f52a5ffd8545aba2120bcb9fbe0de10bb4f9c132ca94c02ed6/work"},"Name":"overlay2"},"RootFS":{"Type":"layers","Layers":["sha256:dc65b23a4b7c4b9ed9f634d3a1dd4cc10bbf0251e85480648acf7f22061b3949","sha256:bb024370e164f1614865ff03af6bf8611c2f71d13951a9d08d43b2a1548ded51","sha256:4350b9cff72cb14870bf7423b402f97761c9453dbba62ee2738c12492c5e7106"]},"Metadata":{"LastTagTime":"0001-01-01T00:00:00Z"}}[\n]"
21:06:58.854 [Test worker] DEBUG com.github.dockerjava.zerodep.shaded.org.apache.hc.client5.http.wire - http-outgoing-0 << "[\r][\n]"
21:06:58.854 [Test worker] DEBUG com.github.dockerjava.zerodep.shaded.org.apache.hc.client5.http.wire - http-outgoing-0 << "0[\r][\n]"
21:06:58.854 [Test worker] DEBUG com.github.dockerjava.zerodep.shaded.org.apache.hc.client5.http.wire - http-outgoing-0 << "[\r][\n]"
21:06:58.857 [Test worker] DEBUG com.github.dockerjava.zerodep.shaded.org.apache.hc.client5.http.impl.classic.InternalHttpClient - ep-00000006: releasing valid endpoint
21:06:58.857 [Test worker] DEBUG com.github.dockerjava.zerodep.shaded.org.apache.hc.client5.http.impl.io.PoolingHttpClientConnectionManager - ep-00000006: releasing endpoint
21:06:58.857 [Test worker] DEBUG com.github.dockerjava.zerodep.shaded.org.apache.hc.client5.http.impl.io.PoolingHttpClientConnectionManager - ep-00000006: connection http-outgoing-0 can be kept alive for 3 MINUTES
21:06:58.857 [Test worker] DEBUG com.github.dockerjava.zerodep.shaded.org.apache.hc.client5.http.impl.io.PoolingHttpClientConnectionManager - ep-00000006: connection released [route: {}->unix://localhost:2375][total available: 1; route allocated: 1 of 2147483647; total allocated: 1 of 2147483647]
21:06:58.857 [Test worker] DEBUG org.testcontainers.shaded.com.github.dockerjava.core.command.AbstrDockerCmd - Cmd: 
21:06:58.858 [Test worker] DEBUG com.github.dockerjava.zerodep.shaded.org.apache.hc.client5.http.impl.classic.InternalHttpClient - ex-00000008: preparing request execution
21:06:58.858 [Test worker] DEBUG com.github.dockerjava.zerodep.shaded.org.apache.hc.client5.http.protocol.RequestAddCookies - Cookie spec selected: strict
21:06:58.858 [Test worker] DEBUG com.github.dockerjava.zerodep.shaded.org.apache.hc.client5.http.protocol.RequestAuthCache - Auth cache not set in the context
21:06:58.858 [Test worker] DEBUG com.github.dockerjava.zerodep.shaded.org.apache.hc.client5.http.impl.classic.ProtocolExec - ex-00000008: target auth state: UNCHALLENGED
21:06:58.858 [Test worker] DEBUG com.github.dockerjava.zerodep.shaded.org.apache.hc.client5.http.impl.classic.ProtocolExec - ex-00000008: proxy auth state: UNCHALLENGED
21:06:58.858 [Test worker] DEBUG com.github.dockerjava.zerodep.shaded.org.apache.hc.client5.http.impl.classic.ConnectExec - ex-00000008: acquiring connection with route {}->unix://localhost:2375
21:06:58.858 [Test worker] DEBUG com.github.dockerjava.zerodep.shaded.org.apache.hc.client5.http.impl.classic.InternalHttpClient - ex-00000008: acquiring endpoint (3 MINUTES)
21:06:58.858 [Test worker] DEBUG com.github.dockerjava.zerodep.shaded.org.apache.hc.client5.http.impl.io.PoolingHttpClientConnectionManager - ex-00000008: endpoint lease request (3 MINUTES) [route: {}->unix://localhost:2375][total available: 1; route allocated: 1 of 2147483647; total allocated: 1 of 2147483647]
21:06:58.858 [Test worker] DEBUG com.github.dockerjava.zerodep.shaded.org.apache.hc.client5.http.impl.io.PoolingHttpClientConnectionManager - ex-00000008: endpoint leased [route: {}->unix://localhost:2375][total available: 0; route allocated: 1 of 2147483647; total allocated: 1 of 2147483647]
21:06:58.858 [Test worker] DEBUG com.github.dockerjava.zerodep.shaded.org.apache.hc.client5.http.impl.io.PoolingHttpClientConnectionManager - ex-00000008: acquired ep-00000007
21:06:58.858 [Test worker] DEBUG com.github.dockerjava.zerodep.shaded.org.apache.hc.client5.http.impl.classic.InternalHttpClient - ex-00000008: acquired endpoint ep-00000007
21:06:58.858 [Test worker] DEBUG com.github.dockerjava.zerodep.shaded.org.apache.hc.client5.http.impl.classic.MainClientExec - ex-00000008: executing GET /v1.32/version HTTP/1.1
21:06:58.858 [Test worker] DEBUG com.github.dockerjava.zerodep.shaded.org.apache.hc.client5.http.impl.classic.InternalHttpClient - ep-00000007: start execution ex-00000008
21:06:58.858 [Test worker] DEBUG com.github.dockerjava.zerodep.shaded.org.apache.hc.client5.http.impl.io.PoolingHttpClientConnectionManager - ep-00000007: executing exchange ex-00000008 over http-outgoing-0
21:06:58.858 [Test worker] DEBUG com.github.dockerjava.zerodep.shaded.org.apache.hc.client5.http.headers - http-outgoing-0 >> GET /v1.32/version HTTP/1.1
21:06:58.858 [Test worker] DEBUG com.github.dockerjava.zerodep.shaded.org.apache.hc.client5.http.headers - http-outgoing-0 >> accept: application/json
21:06:58.858 [Test worker] DEBUG com.github.dockerjava.zerodep.shaded.org.apache.hc.client5.http.headers - http-outgoing-0 >> x-tc-sid: c0789b71-e0d5-4fdf-af56-342687b761a1
21:06:58.858 [Test worker] DEBUG com.github.dockerjava.zerodep.shaded.org.apache.hc.client5.http.headers - http-outgoing-0 >> User-Agent: tc-java/1.19.3
21:06:58.858 [Test worker] DEBUG com.github.dockerjava.zerodep.shaded.org.apache.hc.client5.http.headers - http-outgoing-0 >> Accept-Encoding: gzip, x-gzip, deflate
21:06:58.858 [Test worker] DEBUG com.github.dockerjava.zerodep.shaded.org.apache.hc.client5.http.headers - http-outgoing-0 >> Host: localhost:2375
21:06:58.858 [Test worker] DEBUG com.github.dockerjava.zerodep.shaded.org.apache.hc.client5.http.headers - http-outgoing-0 >> Connection: keep-alive
21:06:58.858 [Test worker] DEBUG com.github.dockerjava.zerodep.shaded.org.apache.hc.client5.http.wire - http-outgoing-0 >> "GET /v1.32/version HTTP/1.1[\r][\n]"
21:06:58.858 [Test worker] DEBUG com.github.dockerjava.zerodep.shaded.org.apache.hc.client5.http.wire - http-outgoing-0 >> "accept: application/json[\r][\n]"
21:06:58.858 [Test worker] DEBUG com.github.dockerjava.zerodep.shaded.org.apache.hc.client5.http.wire - http-outgoing-0 >> "x-tc-sid: c0789b71-e0d5-4fdf-af56-342687b761a1[\r][\n]"
21:06:58.858 [Test worker] DEBUG com.github.dockerjava.zerodep.shaded.org.apache.hc.client5.http.wire - http-outgoing-0 >> "User-Agent: tc-java/1.19.3[\r][\n]"
21:06:58.858 [Test worker] DEBUG com.github.dockerjava.zerodep.shaded.org.apache.hc.client5.http.wire - http-outgoing-0 >> "Accept-Encoding: gzip, x-gzip, deflate[\r][\n]"
21:06:58.858 [Test worker] DEBUG com.github.dockerjava.zerodep.shaded.org.apache.hc.client5.http.wire - http-outgoing-0 >> "Host: localhost:2375[\r][\n]"
21:06:58.858 [Test worker] DEBUG com.github.dockerjava.zerodep.shaded.org.apache.hc.client5.http.wire - http-outgoing-0 >> "Connection: keep-alive[\r][\n]"
21:06:58.858 [Test worker] DEBUG com.github.dockerjava.zerodep.shaded.org.apache.hc.client5.http.wire - http-outgoing-0 >> "[\r][\n]"
21:06:58.871 [Test worker] DEBUG com.github.dockerjava.zerodep.shaded.org.apache.hc.client5.http.wire - http-outgoing-0 << "HTTP/1.1 200 OK[\r][\n]"
21:06:58.872 [Test worker] DEBUG com.github.dockerjava.zerodep.shaded.org.apache.hc.client5.http.wire - http-outgoing-0 << "Api-Version: 1.41[\r][\n]"
21:06:58.872 [Test worker] DEBUG com.github.dockerjava.zerodep.shaded.org.apache.hc.client5.http.wire - http-outgoing-0 << "Content-Type: application/json[\r][\n]"
21:06:58.872 [Test worker] DEBUG com.github.dockerjava.zerodep.shaded.org.apache.hc.client5.http.wire - http-outgoing-0 << "Date: Sat, 16 Dec 2023 13:06:58 GMT[\r][\n]"
21:06:58.872 [Test worker] DEBUG com.github.dockerjava.zerodep.shaded.org.apache.hc.client5.http.wire - http-outgoing-0 << "Docker-Experimental: false[\r][\n]"
21:06:58.872 [Test worker] DEBUG com.github.dockerjava.zerodep.shaded.org.apache.hc.client5.http.wire - http-outgoing-0 << "Ostype: linux[\r][\n]"
21:06:58.872 [Test worker] DEBUG com.github.dockerjava.zerodep.shaded.org.apache.hc.client5.http.wire - http-outgoing-0 << "Server: Docker/20.10.22 (linux)[\r][\n]"
21:06:58.872 [Test worker] DEBUG com.github.dockerjava.zerodep.shaded.org.apache.hc.client5.http.wire - http-outgoing-0 << "Transfer-Encoding: chunked[\r][\n]"
21:06:58.872 [Test worker] DEBUG com.github.dockerjava.zerodep.shaded.org.apache.hc.client5.http.wire - http-outgoing-0 << "[\r][\n]"
21:06:58.872 [Test worker] DEBUG com.github.dockerjava.zerodep.shaded.org.apache.hc.client5.http.headers - http-outgoing-0 << HTTP/1.1 200 OK
21:06:58.873 [Test worker] DEBUG com.github.dockerjava.zerodep.shaded.org.apache.hc.client5.http.headers - http-outgoing-0 << Api-Version: 1.41
21:06:58.873 [Test worker] DEBUG com.github.dockerjava.zerodep.shaded.org.apache.hc.client5.http.headers - http-outgoing-0 << Content-Type: application/json
21:06:58.873 [Test worker] DEBUG com.github.dockerjava.zerodep.shaded.org.apache.hc.client5.http.headers - http-outgoing-0 << Date: Sat, 16 Dec 2023 13:06:58 GMT
21:06:58.873 [Test worker] DEBUG com.github.dockerjava.zerodep.shaded.org.apache.hc.client5.http.headers - http-outgoing-0 << Docker-Experimental: false
21:06:58.873 [Test worker] DEBUG com.github.dockerjava.zerodep.shaded.org.apache.hc.client5.http.headers - http-outgoing-0 << Ostype: linux
21:06:58.873 [Test worker] DEBUG com.github.dockerjava.zerodep.shaded.org.apache.hc.client5.http.headers - http-outgoing-0 << Server: Docker/20.10.22 (linux)
21:06:58.873 [Test worker] DEBUG com.github.dockerjava.zerodep.shaded.org.apache.hc.client5.http.headers - http-outgoing-0 << Transfer-Encoding: chunked
21:06:58.873 [Test worker] DEBUG com.github.dockerjava.zerodep.shaded.org.apache.hc.client5.http.impl.classic.MainClientExec - ex-00000008: connection can be kept alive for 3 MINUTES
21:06:58.873 [Test worker] DEBUG com.github.dockerjava.zerodep.shaded.org.apache.hc.client5.http.wire - http-outgoing-0 << "33c[\r][\n]"
21:06:58.873 [Test worker] DEBUG com.github.dockerjava.zerodep.shaded.org.apache.hc.client5.http.wire - http-outgoing-0 << "{"Platform":{"Name":"Docker Desktop 4.16.2 (95914)"},"Components":[{"Name":"Engine","Version":"20.10.22","Details":{"ApiVersion":"1.41","Arch":"arm64","BuildTime":"2022-12-15T22:25:43.000000000+00:00","Experimental":"false","GitCommit":"42c8b31","GoVersion":"go1.18.9","KernelVersion":"5.15.49-linuxkit","MinAPIVersion":"1.12","Os":"linux"}},{"Name":"containerd","Version":"1.6.14","Details":{"GitCommit":"9ba4b250366a5ddde94bb7c9d1def331423aa323"}},{"Name":"runc","Version":"1.1.4","Details":{"GitCommit":"v1.1.4-0-g5fd4c4d"}},{"Name":"docker-init","Version":"0.19.0","Details":{"GitCommit":"de40ad0"}}],"Version":"20.10.22","ApiVersion":"1.41","MinAPIVersion":"1.12","GitCommit":"42c8b31","GoVersion":"go1.18.9","Os":"linux","Arch":"arm64","KernelVersion":"5.15.49-linuxkit","BuildTime":"2022-12-15T22:25:43.000000000+00:00"}[\n]"
21:06:58.873 [Test worker] DEBUG com.github.dockerjava.zerodep.shaded.org.apache.hc.client5.http.wire - http-outgoing-0 << "[\r][\n]"
21:06:58.873 [Test worker] DEBUG com.github.dockerjava.zerodep.shaded.org.apache.hc.client5.http.wire - http-outgoing-0 << "0[\r][\n]"
21:06:58.873 [Test worker] DEBUG com.github.dockerjava.zerodep.shaded.org.apache.hc.client5.http.wire - http-outgoing-0 << "[\r][\n]"
21:06:58.874 [Test worker] DEBUG com.github.dockerjava.zerodep.shaded.org.apache.hc.client5.http.impl.classic.InternalHttpClient - ep-00000007: releasing valid endpoint
21:06:58.874 [Test worker] DEBUG com.github.dockerjava.zerodep.shaded.org.apache.hc.client5.http.impl.io.PoolingHttpClientConnectionManager - ep-00000007: releasing endpoint
21:06:58.874 [Test worker] DEBUG com.github.dockerjava.zerodep.shaded.org.apache.hc.client5.http.impl.io.PoolingHttpClientConnectionManager - ep-00000007: connection http-outgoing-0 can be kept alive for 3 MINUTES
21:06:58.874 [Test worker] DEBUG com.github.dockerjava.zerodep.shaded.org.apache.hc.client5.http.impl.io.PoolingHttpClientConnectionManager - ep-00000007: connection released [route: {}->unix://localhost:2375][total available: 1; route allocated: 1 of 2147483647; total allocated: 1 of 2147483647]
21:06:58.881 [docker-java-stream--1890629959] DEBUG com.github.dockerjava.zerodep.shaded.org.apache.hc.client5.http.impl.classic.InternalHttpClient - ex-00000009: preparing request execution
21:06:58.881 [docker-java-stream--1890629959] DEBUG com.github.dockerjava.zerodep.shaded.org.apache.hc.client5.http.protocol.RequestAddCookies - Cookie spec selected: strict
21:06:58.881 [docker-java-stream--1890629959] DEBUG com.github.dockerjava.zerodep.shaded.org.apache.hc.client5.http.protocol.RequestAuthCache - Auth cache not set in the context
21:06:58.881 [docker-java-stream--1890629959] DEBUG com.github.dockerjava.zerodep.shaded.org.apache.hc.client5.http.impl.classic.ProtocolExec - ex-00000009: target auth state: UNCHALLENGED
21:06:58.881 [docker-java-stream--1890629959] DEBUG com.github.dockerjava.zerodep.shaded.org.apache.hc.client5.http.impl.classic.ProtocolExec - ex-00000009: proxy auth state: UNCHALLENGED
21:06:58.881 [docker-java-stream--1890629959] DEBUG com.github.dockerjava.zerodep.shaded.org.apache.hc.client5.http.impl.classic.ConnectExec - ex-00000009: acquiring connection with route {}->unix://localhost:2375
21:06:58.881 [docker-java-stream--1890629959] DEBUG com.github.dockerjava.zerodep.shaded.org.apache.hc.client5.http.impl.classic.InternalHttpClient - ex-00000009: acquiring endpoint (3 MINUTES)
21:06:58.882 [docker-java-stream--1890629959] DEBUG com.github.dockerjava.zerodep.shaded.org.apache.hc.client5.http.impl.io.PoolingHttpClientConnectionManager - ex-00000009: endpoint lease request (3 MINUTES) [route: {}->unix://localhost:2375][total available: 1; route allocated: 1 of 2147483647; total allocated: 1 of 2147483647]
21:06:58.882 [docker-java-stream--1890629959] DEBUG com.github.dockerjava.zerodep.shaded.org.apache.hc.client5.http.impl.io.PoolingHttpClientConnectionManager - ex-00000009: endpoint leased [route: {}->unix://localhost:2375][total available: 0; route allocated: 1 of 2147483647; total allocated: 1 of 2147483647]
21:06:58.882 [docker-java-stream--1890629959] DEBUG com.github.dockerjava.zerodep.shaded.org.apache.hc.client5.http.impl.io.PoolingHttpClientConnectionManager - ex-00000009: acquired ep-00000008
21:06:58.882 [docker-java-stream--1890629959] DEBUG com.github.dockerjava.zerodep.shaded.org.apache.hc.client5.http.impl.classic.InternalHttpClient - ex-00000009: acquired endpoint ep-00000008
21:06:58.882 [docker-java-stream--1890629959] DEBUG com.github.dockerjava.zerodep.shaded.org.apache.hc.client5.http.impl.classic.MainClientExec - ex-00000009: executing GET /v1.32/containers/f78126e24d3ab01c125aa4108a0602655abe31622f5d268cbee5256167f71526/logs?stdout=true&stderr=true&follow=true&since=0 HTTP/1.1
21:06:58.882 [docker-java-stream--1890629959] DEBUG com.github.dockerjava.zerodep.shaded.org.apache.hc.client5.http.impl.classic.InternalHttpClient - ep-00000008: start execution ex-00000009
21:06:58.882 [docker-java-stream--1890629959] DEBUG com.github.dockerjava.zerodep.shaded.org.apache.hc.client5.http.impl.io.PoolingHttpClientConnectionManager - ep-00000008: executing exchange ex-00000009 over http-outgoing-0
21:06:58.882 [docker-java-stream--1890629959] DEBUG com.github.dockerjava.zerodep.shaded.org.apache.hc.client5.http.headers - http-outgoing-0 >> GET /v1.32/containers/f78126e24d3ab01c125aa4108a0602655abe31622f5d268cbee5256167f71526/logs?stdout=true&stderr=true&follow=true&since=0 HTTP/1.1
21:06:58.882 [docker-java-stream--1890629959] DEBUG com.github.dockerjava.zerodep.shaded.org.apache.hc.client5.http.headers - http-outgoing-0 >> x-tc-sid: c0789b71-e0d5-4fdf-af56-342687b761a1
21:06:58.882 [docker-java-stream--1890629959] DEBUG com.github.dockerjava.zerodep.shaded.org.apache.hc.client5.http.headers - http-outgoing-0 >> User-Agent: tc-java/1.19.3
21:06:58.882 [docker-java-stream--1890629959] DEBUG com.github.dockerjava.zerodep.shaded.org.apache.hc.client5.http.headers - http-outgoing-0 >> Accept-Encoding: gzip, x-gzip, deflate
21:06:58.882 [docker-java-stream--1890629959] DEBUG com.github.dockerjava.zerodep.shaded.org.apache.hc.client5.http.headers - http-outgoing-0 >> Host: localhost:2375
21:06:58.882 [docker-java-stream--1890629959] DEBUG com.github.dockerjava.zerodep.shaded.org.apache.hc.client5.http.headers - http-outgoing-0 >> Connection: keep-alive
21:06:58.882 [docker-java-stream--1890629959] DEBUG com.github.dockerjava.zerodep.shaded.org.apache.hc.client5.http.wire - http-outgoing-0 >> "GET /v1.32/containers/f78126e24d3ab01c125aa4108a0602655abe31622f5d268cbee5256167f71526/logs?stdout=true&stderr=true&follow=true&since=0 HTTP/1.1[\r][\n]"
21:06:58.882 [docker-java-stream--1890629959] DEBUG com.github.dockerjava.zerodep.shaded.org.apache.hc.client5.http.wire - http-outgoing-0 >> "x-tc-sid: c0789b71-e0d5-4fdf-af56-342687b761a1[\r][\n]"
21:06:58.882 [docker-java-stream--1890629959] DEBUG com.github.dockerjava.zerodep.shaded.org.apache.hc.client5.http.wire - http-outgoing-0 >> "User-Agent: tc-java/1.19.3[\r][\n]"
21:06:58.882 [docker-java-stream--1890629959] DEBUG com.github.dockerjava.zerodep.shaded.org.apache.hc.client5.http.wire - http-outgoing-0 >> "Accept-Encoding: gzip, x-gzip, deflate[\r][\n]"
21:06:58.882 [docker-java-stream--1890629959] DEBUG com.github.dockerjava.zerodep.shaded.org.apache.hc.client5.http.wire - http-outgoing-0 >> "Host: localhost:2375[\r][\n]"
21:06:58.882 [docker-java-stream--1890629959] DEBUG com.github.dockerjava.zerodep.shaded.org.apache.hc.client5.http.wire - http-outgoing-0 >> "Connection: keep-alive[\r][\n]"
21:06:58.882 [docker-java-stream--1890629959] DEBUG com.github.dockerjava.zerodep.shaded.org.apache.hc.client5.http.wire - http-outgoing-0 >> "[\r][\n]"
21:06:58.885 [docker-java-stream--1890629959] DEBUG com.github.dockerjava.zerodep.shaded.org.apache.hc.client5.http.wire - http-outgoing-0 << "HTTP/1.1 200 OK[\r][\n]"
21:06:58.885 [docker-java-stream--1890629959] DEBUG com.github.dockerjava.zerodep.shaded.org.apache.hc.client5.http.wire - http-outgoing-0 << "Api-Version: 1.41[\r][\n]"
21:06:58.885 [docker-java-stream--1890629959] DEBUG com.github.dockerjava.zerodep.shaded.org.apache.hc.client5.http.wire - http-outgoing-0 << "Date: Sat, 16 Dec 2023 13:06:58 GMT[\r][\n]"
21:06:58.885 [docker-java-stream--1890629959] DEBUG com.github.dockerjava.zerodep.shaded.org.apache.hc.client5.http.wire - http-outgoing-0 << "Docker-Experimental: false[\r][\n]"
21:06:58.885 [docker-java-stream--1890629959] DEBUG com.github.dockerjava.zerodep.shaded.org.apache.hc.client5.http.wire - http-outgoing-0 << "Ostype: linux[\r][\n]"
21:06:58.885 [docker-java-stream--1890629959] DEBUG com.github.dockerjava.zerodep.shaded.org.apache.hc.client5.http.wire - http-outgoing-0 << "Server: Docker/20.10.22 (linux)[\r][\n]"
21:06:58.885 [docker-java-stream--1890629959] DEBUG com.github.dockerjava.zerodep.shaded.org.apache.hc.client5.http.wire - http-outgoing-0 << "Transfer-Encoding: chunked[\r][\n]"
21:06:58.885 [docker-java-stream--1890629959] DEBUG com.github.dockerjava.zerodep.shaded.org.apache.hc.client5.http.wire - http-outgoing-0 << "[\r][\n]"
21:06:58.885 [docker-java-stream--1890629959] DEBUG com.github.dockerjava.zerodep.shaded.org.apache.hc.client5.http.wire - http-outgoing-0 << "c0[\r][\n]"
21:06:58.885 [docker-java-stream--1890629959] DEBUG com.github.dockerjava.zerodep.shaded.org.apache.hc.client5.http.wire - http-outgoing-0 << "[0x2][0x0][0x0][0x0][0x0][0x0][0x0]&2023/12/16 13:06:58 Pinging Docker...[\n]"
21:06:58.885 [docker-java-stream--1890629959] DEBUG com.github.dockerjava.zerodep.shaded.org.apache.hc.client5.http.wire - http-outgoing-0 << "[0x2][0x0][0x0][0x0][0x0][0x0][0x0]02023/12/16 13:06:58 Docker daemon is available![\n]"
21:06:58.885 [docker-java-stream--1890629959] DEBUG com.github.dockerjava.zerodep.shaded.org.apache.hc.client5.http.wire - http-outgoing-0 << "[0x2][0x0][0x0][0x0][0x0][0x0][0x0]-2023/12/16 13:06:58 Starting on port 8080...[\n]"
21:06:58.885 [docker-java-stream--1890629959] DEBUG com.github.dockerjava.zerodep.shaded.org.apache.hc.client5.http.wire - http-outgoing-0 << "[0x2][0x0][0x0][0x0][0x0][0x0][0x0][0x1d]2023/12/16 13:06:58 Started![\n]"
21:06:58.885 [docker-java-stream--1890629959] DEBUG com.github.dockerjava.zerodep.shaded.org.apache.hc.client5.http.wire - http-outgoing-0 << "[\r][\n]"
21:06:58.885 [docker-java-stream--1890629959] DEBUG com.github.dockerjava.zerodep.shaded.org.apache.hc.client5.http.headers - http-outgoing-0 << HTTP/1.1 200 OK
21:06:58.885 [docker-java-stream--1890629959] DEBUG com.github.dockerjava.zerodep.shaded.org.apache.hc.client5.http.headers - http-outgoing-0 << Api-Version: 1.41
21:06:58.885 [docker-java-stream--1890629959] DEBUG com.github.dockerjava.zerodep.shaded.org.apache.hc.client5.http.headers - http-outgoing-0 << Date: Sat, 16 Dec 2023 13:06:58 GMT
21:06:58.885 [docker-java-stream--1890629959] DEBUG com.github.dockerjava.zerodep.shaded.org.apache.hc.client5.http.headers - http-outgoing-0 << Docker-Experimental: false
21:06:58.885 [docker-java-stream--1890629959] DEBUG com.github.dockerjava.zerodep.shaded.org.apache.hc.client5.http.headers - http-outgoing-0 << Ostype: linux
21:06:58.885 [docker-java-stream--1890629959] DEBUG com.github.dockerjava.zerodep.shaded.org.apache.hc.client5.http.headers - http-outgoing-0 << Server: Docker/20.10.22 (linux)
21:06:58.885 [docker-java-stream--1890629959] DEBUG com.github.dockerjava.zerodep.shaded.org.apache.hc.client5.http.headers - http-outgoing-0 << Transfer-Encoding: chunked
21:06:58.885 [docker-java-stream--1890629959] DEBUG com.github.dockerjava.zerodep.shaded.org.apache.hc.client5.http.impl.classic.MainClientExec - ex-00000009: connection can be kept alive for 3 MINUTES
21:06:58.887 [Test worker] DEBUG org.testcontainers.containers.output.WaitingConsumer - STDERR: 2023/12/16 13:06:58 Pinging Docker...
21:06:58.887 [Test worker] DEBUG org.testcontainers.containers.output.WaitingConsumer - STDERR: 2023/12/16 13:06:58 Started!
21:06:58.889 [Test worker] DEBUG com.github.dockerjava.zerodep.shaded.org.apache.hc.client5.http.impl.classic.InternalHttpClient - ep-00000008: cancel
21:06:58.889 [docker-java-stream--1890629959] DEBUG com.github.dockerjava.zerodep.shaded.org.apache.hc.client5.http.wire - http-outgoing-0 << "[read] I/O error: null"
21:06:58.889 [Test worker] DEBUG com.github.dockerjava.zerodep.shaded.org.apache.hc.client5.http.impl.io.DefaultManagedHttpClientConnection - http-outgoing-0: close connection IMMEDIATE
21:06:58.889 [docker-java-stream--1890629959] DEBUG com.github.dockerjava.zerodep.shaded.org.apache.hc.client5.http.wire - http-outgoing-0 << "[read] I/O error: null"
21:06:58.889 [Test worker] DEBUG com.github.dockerjava.zerodep.shaded.org.apache.hc.client5.http.impl.classic.InternalHttpClient - ep-00000008: endpoint closed
21:06:58.889 [Test worker] DEBUG com.github.dockerjava.zerodep.shaded.org.apache.hc.client5.http.impl.classic.InternalHttpClient - ep-00000008: discarding endpoint
21:06:58.889 [Test worker] DEBUG com.github.dockerjava.zerodep.shaded.org.apache.hc.client5.http.impl.io.PoolingHttpClientConnectionManager - ep-00000008: releasing endpoint
21:06:58.889 [Test worker] DEBUG com.github.dockerjava.zerodep.shaded.org.apache.hc.client5.http.impl.io.PoolingHttpClientConnectionManager - ep-00000008: connection is not kept alive
21:06:58.889 [Test worker] DEBUG com.github.dockerjava.zerodep.shaded.org.apache.hc.client5.http.impl.io.PoolingHttpClientConnectionManager - ep-00000008: connection released [route: {}->unix://localhost:2375][total available: 0; route allocated: 0 of 2147483647; total allocated: 0 of 2147483647]
21:06:58.889 [Test worker] INFO tc.testcontainers/ryuk:0.5.1 - Container testcontainers/ryuk:0.5.1 started in PT2.991101S
21:06:58.891 [docker-java-stream--1890629959] DEBUG com.github.dockerjava.zerodep.ApacheDockerHttpClientImpl$ApacheResponse - Failed to close the response
java.nio.channels.ClosedChannelException: null
	at java.base/sun.nio.ch.SocketChannelImpl.ensureOpenAndConnected(SocketChannelImpl.java:215)
	at java.base/sun.nio.ch.SocketChannelImpl.read(SocketChannelImpl.java:403)
	at java.base/sun.nio.ch.ChannelInputStream.read(ChannelInputStream.java:59)
	at java.base/sun.nio.ch.ChannelInputStream.read(ChannelInputStream.java:107)
	at java.base/sun.nio.ch.ChannelInputStream.read(ChannelInputStream.java:101)
	at com.github.dockerjava.zerodep.shaded.org.apache.hc.client5.http.impl.io.LoggingInputStream.read(LoggingInputStream.java:81)
	at com.github.dockerjava.zerodep.shaded.org.apache.hc.core5.http.impl.io.SessionInputBufferImpl.fillBuffer(SessionInputBufferImpl.java:149)
	at com.github.dockerjava.zerodep.shaded.org.apache.hc.core5.http.impl.io.SessionInputBufferImpl.readLine(SessionInputBufferImpl.java:280)
	at com.github.dockerjava.zerodep.shaded.org.apache.hc.core5.http.impl.io.ChunkedInputStream.getChunkSize(ChunkedInputStream.java:261)
	at com.github.dockerjava.zerodep.shaded.org.apache.hc.core5.http.impl.io.ChunkedInputStream.nextChunk(ChunkedInputStream.java:222)
	at com.github.dockerjava.zerodep.shaded.org.apache.hc.core5.http.impl.io.ChunkedInputStream.read(ChunkedInputStream.java:147)
	at com.github.dockerjava.zerodep.shaded.org.apache.hc.core5.http.impl.io.ChunkedInputStream.close(ChunkedInputStream.java:314)
	at com.github.dockerjava.zerodep.shaded.org.apache.hc.core5.io.Closer.close(Closer.java:48)
	at com.github.dockerjava.zerodep.shaded.org.apache.hc.core5.http.impl.io.IncomingHttpEntity.close(IncomingHttpEntity.java:111)
	at com.github.dockerjava.zerodep.shaded.org.apache.hc.core5.http.io.entity.HttpEntityWrapper.close(HttpEntityWrapper.java:120)
	at com.github.dockerjava.zerodep.shaded.org.apache.hc.core5.io.Closer.close(Closer.java:48)
	at com.github.dockerjava.zerodep.shaded.org.apache.hc.core5.http.message.BasicClassicHttpResponse.close(BasicClassicHttpResponse.java:93)
	at com.github.dockerjava.zerodep.shaded.org.apache.hc.client5.http.impl.classic.CloseableHttpResponse.close(CloseableHttpResponse.java:200)
	at com.github.dockerjava.zerodep.ApacheDockerHttpClientImpl$ApacheResponse.close(ApacheDockerHttpClientImpl.java:256)
	at org.testcontainers.shaded.com.github.dockerjava.core.DefaultInvocationBuilder.lambda$executeAndStream$1(DefaultInvocationBuilder.java:277)
	at java.base/java.lang.Thread.run(Thread.java:840)
21:06:58.894 [testcontainers-ryuk] DEBUG org.testcontainers.utility.ResourceReaper - Sending 'label=org.testcontainers%3Dtrue&label=org.testcontainers.lang%3Djava&label=org.testcontainers.version%3D1.19.3&label=org.testcontainers.sessionId%3Dc0789b71-e0d5-4fdf-af56-342687b761a1' to Ryuk
21:06:58.901 [testcontainers-ryuk] DEBUG org.testcontainers.utility.RyukResourceReaper - Received 'ACK' from Ryuk
21:06:58.901 [Test worker] INFO org.testcontainers.utility.RyukResourceReaper - Ryuk started - will monitor and terminate Testcontainers containers on JVM exit
21:06:58.901 [Test worker] DEBUG org.testcontainers.DockerClientFactory - Checks are enabled
21:06:58.902 [Test worker] INFO org.testcontainers.DockerClientFactory - Checking the system...
21:06:58.902 [Test worker] INFO org.testcontainers.DockerClientFactory - ✔︎ Docker server version should be at least 1.6.0
21:06:58.902 [Test worker] DEBUG org.testcontainers.images.AbstractImagePullPolicy - Using locally available and not pulling image: quay.io/keycloak/keycloak:23.0
21:06:58.916 [Test worker] DEBUG tc.quay.io/keycloak/keycloak:23.0 - Starting container: quay.io/keycloak/keycloak:23.0
21:06:58.917 [Test worker] DEBUG tc.quay.io/keycloak/keycloak:23.0 - Trying to start container: quay.io/keycloak/keycloak:23.0 (attempt 1/1)
21:06:58.917 [Test worker] DEBUG tc.quay.io/keycloak/keycloak:23.0 - Starting container: quay.io/keycloak/keycloak:23.0
21:06:58.917 [Test worker] INFO tc.quay.io/keycloak/keycloak:23.0 - Creating container for image: quay.io/keycloak/keycloak:23.0
21:06:58.917 [Test worker] DEBUG org.testcontainers.utility.RegistryAuthLocator - Looking up auth config for image: quay.io/keycloak/keycloak:23.0 at registry: quay.io
21:06:58.917 [Test worker] DEBUG org.testcontainers.utility.RegistryAuthLocator - RegistryAuthLocator has configFile: /Users/lucas/.docker/config.json (exists) configEnv: DOCKER_AUTH_CONFIG (does not exist) and commandPathPrefix: 
21:06:58.917 [Test worker] DEBUG org.testcontainers.utility.RegistryAuthLocator - RegistryAuthLocator reading from configFile: /Users/lucas/.docker/config.json
21:06:58.917 [Test worker] DEBUG org.testcontainers.utility.RegistryAuthLocator - registryName [quay.io] for dockerImageName [quay.io/keycloak/keycloak:23.0]
21:06:58.917 [Test worker] DEBUG org.testcontainers.utility.RegistryAuthLocator - Executing docker credential provider: docker-credential-desktop to locate auth config for: quay.io
21:06:58.917 [Test worker] DEBUG org.testcontainers.shaded.org.zeroturnaround.exec.ProcessExecutor - Executing [docker-credential-desktop, get].
21:06:58.938 [Test worker] DEBUG org.testcontainers.shaded.org.zeroturnaround.exec.ProcessExecutor - Started Process[pid=22376, exitValue="not exited"]
21:06:59.155 [WaitForProcess-Process[pid=22376, exitValue="not exited"]] DEBUG org.testcontainers.shaded.org.zeroturnaround.exec.WaitForProcess - Process[pid=22376, exitValue=1] stopped with exit code 1
21:06:59.155 [Test worker] INFO org.testcontainers.utility.RegistryAuthLocator - Credential helper/store (docker-credential-desktop) does not have credentials for quay.io
21:06:59.155 [Test worker] DEBUG org.testcontainers.utility.RegistryAuthLocator - No matching Auth Configs - falling back to defaultAuthConfig [null]
21:06:59.155 [Test worker] DEBUG org.testcontainers.dockerclient.AuthDelegatingDockerClientConfig - Effective auth config [null]
21:06:59.155 [Test worker] DEBUG org.testcontainers.shaded.com.github.dockerjava.core.command.AbstrDockerCmd - Cmd: org.testcontainers.shaded.com.github.dockerjava.core.command.CreateContainerCmdImpl@5c77ba8f[aliases=<null>,argsEscaped=<null>,attachStderr=<null>,attachStdin=<null>,attachStdout=<null>,authConfig=<null>,cmd={start-dev,--import-realm,--metrics-enabled=false},domainName=<null>,entrypoint=<null>,env={KEYCLOAK_ADMIN_PASSWORD=admin,KEYCLOAK_ADMIN=admin,KC_SPI_THEME_CACHE_THEMES=true,KC_SPI_THEME_STATIC_MAX_AGE=2592000,KC_SPI_THEME_CACHE_TEMPLATES=true},exposedPorts=ExposedPorts(exposedPorts=[8443/tcp, 8080/tcp]),healthcheck=<null>,hostConfig=HostConfig(binds=[], blkioWeight=null, blkioWeightDevice=null, blkioDeviceReadBps=null, blkioDeviceWriteBps=null, blkioDeviceReadIOps=null, blkioDeviceWriteIOps=null, memorySwappiness=null, nanoCPUs=null, capAdd=null, capDrop=null, containerIDFile=null, cpuPeriod=null, cpuRealtimePeriod=null, cpuRealtimeRuntime=null, cpuShares=null, cpuQuota=null, cpusetCpus=null, cpusetMems=null, devices=null, deviceCgroupRules=null, deviceRequests=null, diskQuota=null, dns=null, dnsOptions=null, dnsSearch=null, extraHosts=[], groupAdd=null, ipcMode=null, cgroup=null, links=[], logConfig=LogConfig(type=null, config=null), lxcConf=null, memory=null, memorySwap=null, memoryReservation=null, kernelMemory=null, networkMode=null, oomKillDisable=null, init=null, autoRemove=null, oomScoreAdj=null, portBindings={8443/tcp=[Lcom.github.dockerjava.api.model.Ports$Binding;@261ea657, 8080/tcp=[Lcom.github.dockerjava.api.model.Ports$Binding;@35c12c7a}, privileged=null, publishAllPorts=null, readonlyRootfs=null, restartPolicy=null, ulimits=null, cpuCount=null, cpuPercent=null, ioMaximumIOps=null, ioMaximumBandwidth=null, volumesFrom=[], mounts=null, pidMode=null, isolation=null, securityOpts=null, storageOpt=null, cgroupParent=null, volumeDriver=null, shmSize=null, pidsLimit=null, runtime=null, tmpFs=null, utSMode=null, usernsMode=null, sysctls=null, consoleSize=null, cgroupnsMode=null),hostName=<null>,image=quay.io/keycloak/keycloak:23.0,ipv4Address=<null>,ipv6Address=<null>,labels={org.testcontainers=true, org.testcontainers.lang=java, org.testcontainers.version=1.19.3, org.testcontainers.sessionId=c0789b71-e0d5-4fdf-af56-342687b761a1},macAddress=<null>,name=<null>,networkDisabled=<null>,networkingConfig=<null>,onBuild=<null>,platform=<null>,portSpecs=<null>,shell=<null>,stdInOnce=<null>,stdinOpen=<null>,stopSignal=<null>,stopTimeout=<null>,tty=<null>,user=<null>,volumes=Volumes(volumes=[]),workingDir=<null>]
21:06:59.157 [Test worker] DEBUG com.github.dockerjava.zerodep.shaded.org.apache.hc.client5.http.impl.classic.InternalHttpClient - ex-0000000A: preparing request execution
21:06:59.157 [Test worker] DEBUG com.github.dockerjava.zerodep.shaded.org.apache.hc.client5.http.protocol.RequestAddCookies - Cookie spec selected: strict
21:06:59.157 [Test worker] DEBUG com.github.dockerjava.zerodep.shaded.org.apache.hc.client5.http.protocol.RequestAuthCache - Auth cache not set in the context
21:06:59.157 [Test worker] DEBUG com.github.dockerjava.zerodep.shaded.org.apache.hc.client5.http.impl.classic.ProtocolExec - ex-0000000A: target auth state: UNCHALLENGED
21:06:59.157 [Test worker] DEBUG com.github.dockerjava.zerodep.shaded.org.apache.hc.client5.http.impl.classic.ProtocolExec - ex-0000000A: proxy auth state: UNCHALLENGED
21:06:59.157 [Test worker] DEBUG com.github.dockerjava.zerodep.shaded.org.apache.hc.client5.http.impl.classic.ConnectExec - ex-0000000A: acquiring connection with route {}->unix://localhost:2375
21:06:59.157 [Test worker] DEBUG com.github.dockerjava.zerodep.shaded.org.apache.hc.client5.http.impl.classic.InternalHttpClient - ex-0000000A: acquiring endpoint (3 MINUTES)
21:06:59.157 [Test worker] DEBUG com.github.dockerjava.zerodep.shaded.org.apache.hc.client5.http.impl.io.PoolingHttpClientConnectionManager - ex-0000000A: endpoint lease request (3 MINUTES) [route: {}->unix://localhost:2375][total available: 0; route allocated: 0 of 2147483647; total allocated: 0 of 2147483647]
21:06:59.157 [Test worker] DEBUG com.github.dockerjava.zerodep.shaded.org.apache.hc.client5.http.impl.io.PoolingHttpClientConnectionManager - ex-0000000A: endpoint leased [route: {}->unix://localhost:2375][total available: 0; route allocated: 1 of 2147483647; total allocated: 1 of 2147483647]
21:06:59.157 [Test worker] DEBUG com.github.dockerjava.zerodep.shaded.org.apache.hc.client5.http.impl.io.PoolingHttpClientConnectionManager - ex-0000000A: acquired ep-00000009
21:06:59.157 [Test worker] DEBUG com.github.dockerjava.zerodep.shaded.org.apache.hc.client5.http.impl.classic.InternalHttpClient - ex-0000000A: acquired endpoint ep-00000009
21:06:59.157 [Test worker] DEBUG com.github.dockerjava.zerodep.shaded.org.apache.hc.client5.http.impl.classic.ConnectExec - ex-0000000A: opening connection {}->unix://localhost:2375
21:06:59.157 [Test worker] DEBUG com.github.dockerjava.zerodep.shaded.org.apache.hc.client5.http.impl.classic.InternalHttpClient - ep-00000009: connecting endpoint (3 MINUTES)
21:06:59.157 [Test worker] DEBUG com.github.dockerjava.zerodep.shaded.org.apache.hc.client5.http.impl.io.PoolingHttpClientConnectionManager - ep-00000009: connecting endpoint to unix://localhost:2375 (3 MINUTES)
21:06:59.158 [Test worker] DEBUG com.github.dockerjava.zerodep.shaded.org.apache.hc.client5.http.impl.io.DefaultHttpClientConnectionOperator - http-outgoing-1: connecting to localhost/127.0.0.1:2375
21:06:59.158 [Test worker] DEBUG com.github.dockerjava.zerodep.shaded.org.apache.hc.client5.http.impl.io.DefaultHttpClientConnectionOperator - http-outgoing-1: connection established /var/run/docker.sock<->/var/run/docker.sock
21:06:59.158 [Test worker] DEBUG com.github.dockerjava.zerodep.shaded.org.apache.hc.client5.http.impl.io.PoolingHttpClientConnectionManager - ep-00000009: connected http-outgoing-1
21:06:59.158 [Test worker] DEBUG com.github.dockerjava.zerodep.shaded.org.apache.hc.client5.http.impl.classic.InternalHttpClient - ep-00000009: endpoint connected
21:06:59.158 [Test worker] DEBUG com.github.dockerjava.zerodep.shaded.org.apache.hc.client5.http.impl.classic.MainClientExec - ex-0000000A: executing POST /v1.32/containers/create HTTP/1.1
21:06:59.158 [Test worker] DEBUG com.github.dockerjava.zerodep.shaded.org.apache.hc.client5.http.impl.classic.InternalHttpClient - ep-00000009: start execution ex-0000000A
21:06:59.158 [Test worker] DEBUG com.github.dockerjava.zerodep.shaded.org.apache.hc.client5.http.impl.io.PoolingHttpClientConnectionManager - ep-00000009: executing exchange ex-0000000A over http-outgoing-1
21:06:59.158 [Test worker] DEBUG com.github.dockerjava.zerodep.shaded.org.apache.hc.client5.http.headers - http-outgoing-1 >> POST /v1.32/containers/create HTTP/1.1
21:06:59.158 [Test worker] DEBUG com.github.dockerjava.zerodep.shaded.org.apache.hc.client5.http.headers - http-outgoing-1 >> accept: application/json
21:06:59.158 [Test worker] DEBUG com.github.dockerjava.zerodep.shaded.org.apache.hc.client5.http.headers - http-outgoing-1 >> content-type: application/json
21:06:59.158 [Test worker] DEBUG com.github.dockerjava.zerodep.shaded.org.apache.hc.client5.http.headers - http-outgoing-1 >> x-tc-sid: c0789b71-e0d5-4fdf-af56-342687b761a1
21:06:59.158 [Test worker] DEBUG com.github.dockerjava.zerodep.shaded.org.apache.hc.client5.http.headers - http-outgoing-1 >> User-Agent: tc-java/1.19.3
21:06:59.158 [Test worker] DEBUG com.github.dockerjava.zerodep.shaded.org.apache.hc.client5.http.headers - http-outgoing-1 >> Accept-Encoding: gzip, x-gzip, deflate
21:06:59.158 [Test worker] DEBUG com.github.dockerjava.zerodep.shaded.org.apache.hc.client5.http.headers - http-outgoing-1 >> Content-Length: 2253
21:06:59.158 [Test worker] DEBUG com.github.dockerjava.zerodep.shaded.org.apache.hc.client5.http.headers - http-outgoing-1 >> Host: localhost:2375
21:06:59.158 [Test worker] DEBUG com.github.dockerjava.zerodep.shaded.org.apache.hc.client5.http.headers - http-outgoing-1 >> Connection: keep-alive
21:06:59.158 [Test worker] DEBUG com.github.dockerjava.zerodep.shaded.org.apache.hc.client5.http.wire - http-outgoing-1 >> "POST /v1.32/containers/create HTTP/1.1[\r][\n]"
21:06:59.158 [Test worker] DEBUG com.github.dockerjava.zerodep.shaded.org.apache.hc.client5.http.wire - http-outgoing-1 >> "accept: application/json[\r][\n]"
21:06:59.158 [Test worker] DEBUG com.github.dockerjava.zerodep.shaded.org.apache.hc.client5.http.wire - http-outgoing-1 >> "content-type: application/json[\r][\n]"
21:06:59.158 [Test worker] DEBUG com.github.dockerjava.zerodep.shaded.org.apache.hc.client5.http.wire - http-outgoing-1 >> "x-tc-sid: c0789b71-e0d5-4fdf-af56-342687b761a1[\r][\n]"
21:06:59.158 [Test worker] DEBUG com.github.dockerjava.zerodep.shaded.org.apache.hc.client5.http.wire - http-outgoing-1 >> "User-Agent: tc-java/1.19.3[\r][\n]"
21:06:59.158 [Test worker] DEBUG com.github.dockerjava.zerodep.shaded.org.apache.hc.client5.http.wire - http-outgoing-1 >> "Accept-Encoding: gzip, x-gzip, deflate[\r][\n]"
21:06:59.158 [Test worker] DEBUG com.github.dockerjava.zerodep.shaded.org.apache.hc.client5.http.wire - http-outgoing-1 >> "Content-Length: 2253[\r][\n]"
21:06:59.158 [Test worker] DEBUG com.github.dockerjava.zerodep.shaded.org.apache.hc.client5.http.wire - http-outgoing-1 >> "Host: localhost:2375[\r][\n]"
21:06:59.158 [Test worker] DEBUG com.github.dockerjava.zerodep.shaded.org.apache.hc.client5.http.wire - http-outgoing-1 >> "Connection: keep-alive[\r][\n]"
21:06:59.158 [Test worker] DEBUG com.github.dockerjava.zerodep.shaded.org.apache.hc.client5.http.wire - http-outgoing-1 >> "[\r][\n]"
21:06:59.158 [Test worker] DEBUG com.github.dockerjava.zerodep.shaded.org.apache.hc.client5.http.wire - http-outgoing-1 >> "{"Hostname":null,"Domainname":null,"User":null,"AttachStdin":null,"AttachStdout":null,"AttachStderr":null,"PortSpecs":null,"Tty":null,"OpenStdin":null,"StdinOnce":null,"Env":["KEYCLOAK_ADMIN_PASSWORD=admin","KEYCLOAK_ADMIN=admin","KC_SPI_THEME_CACHE_THEMES=true","KC_SPI_THEME_STATIC_MAX_AGE=2592000","KC_SPI_THEME_CACHE_TEMPLATES=true"],"Cmd":["start-dev","--import-realm","--metrics-enabled=false"],"Healthcheck":null,"ArgsEscaped":null,"Entrypoint":null,"Image":"quay.io/keycloak/keycloak:23.0","Volumes":{},"WorkingDir":null,"MacAddress":null,"OnBuild":null,"NetworkDisabled":null,"ExposedPorts":{"8080/tcp":{},"8443/tcp":{}},"StopSignal":null,"StopTimeout":null,"HostConfig":{"Binds":[],"BlkioWeight":null,"BlkioWeightDevice":null,"BlkioDeviceReadBps":null,"BlkioDeviceWriteBps":null,"BlkioDeviceReadIOps":null,"BlkioDeviceWriteIOps":null,"MemorySwappiness":null,"NanoCpus":null,"CapAdd":null,"CapDrop":null,"ContainerIDFile":null,"CpuPeriod":null,"CpuRealtimePeriod":null,"CpuRealtimeRuntime":null,"CpuShares":null,"CpuQuota":null,"CpusetCpus":null,"CpusetMems":null,"Devices":null,"DeviceCgroupRules":null,"DeviceRequests":null,"DiskQuota":null,"Dns":null,"DnsOptions":null,"DnsSearch":null,"ExtraHosts":[],"GroupAdd":null,"IpcMode":null,"Cgroup":null,"Links":[],"LogConfig":null,"LxcConf":null,"Memory":null,"MemorySwap":null,"MemoryReservation":null,"KernelMemory":null,"NetworkMode":null,"OomKillDisable":null,"Init":null,"AutoRemove":null,"OomScoreAdj":null,"PortBindings":{"8080/tcp":[{"HostIp":"","HostPort":""}],"8443/tcp":[{"HostIp":"","HostPort":""}]},"Privileged":null,"PublishAllPorts":null,"ReadonlyRootfs":null,"RestartPolicy":null,"Ulimits":null,"CpuCount":null,"CpuPercent":null,"IOMaximumIOps":null,"IOMaximumBandwidth":null,"VolumesFrom":[],"Mounts":null,"PidMode":null,"Isolation":null,"SecurityOpt":null,"StorageOpt":null,"CgroupParent":null,"VolumeDriver":null,"ShmSize":null,"PidsLimit":null,"Runtime":null,"Tmpfs":null,"UTSMode":null,"UsernsMode":null,"Sysctls":null,"ConsoleSize":null,"CgroupnsMode":null},"Labels":{"org.testcontainers":"true","org.testcontainers.lang":"java","org.testcontainers.version":"1.19.3","org.testcontainers.sessionId":"c0789b71-e0d5-4fdf-af56-342687b761a1"},"Shell":null,"NetworkingConfig":null}"
21:06:59.202 [Test worker] DEBUG com.github.dockerjava.zerodep.shaded.org.apache.hc.client5.http.wire - http-outgoing-1 << "HTTP/1.1 201 Created[\r][\n]"
21:06:59.203 [Test worker] DEBUG com.github.dockerjava.zerodep.shaded.org.apache.hc.client5.http.wire - http-outgoing-1 << "Api-Version: 1.41[\r][\n]"
21:06:59.203 [Test worker] DEBUG com.github.dockerjava.zerodep.shaded.org.apache.hc.client5.http.wire - http-outgoing-1 << "Content-Type: application/json[\r][\n]"
21:06:59.203 [Test worker] DEBUG com.github.dockerjava.zerodep.shaded.org.apache.hc.client5.http.wire - http-outgoing-1 << "Date: Sat, 16 Dec 2023 13:06:59 GMT[\r][\n]"
21:06:59.203 [Test worker] DEBUG com.github.dockerjava.zerodep.shaded.org.apache.hc.client5.http.wire - http-outgoing-1 << "Docker-Experimental: false[\r][\n]"
21:06:59.203 [Test worker] DEBUG com.github.dockerjava.zerodep.shaded.org.apache.hc.client5.http.wire - http-outgoing-1 << "Ostype: linux[\r][\n]"
21:06:59.203 [Test worker] DEBUG com.github.dockerjava.zerodep.shaded.org.apache.hc.client5.http.wire - http-outgoing-1 << "Server: Docker/20.10.22 (linux)[\r][\n]"
21:06:59.203 [Test worker] DEBUG com.github.dockerjava.zerodep.shaded.org.apache.hc.client5.http.wire - http-outgoing-1 << "Transfer-Encoding: chunked[\r][\n]"
21:06:59.203 [Test worker] DEBUG com.github.dockerjava.zerodep.shaded.org.apache.hc.client5.http.wire - http-outgoing-1 << "[\r][\n]"
21:06:59.203 [Test worker] DEBUG com.github.dockerjava.zerodep.shaded.org.apache.hc.client5.http.wire - http-outgoing-1 << "58[\r][\n]"
21:06:59.203 [Test worker] DEBUG com.github.dockerjava.zerodep.shaded.org.apache.hc.client5.http.wire - http-outgoing-1 << "{"Id":"50f3f58562de30616871f7ca3f597556bc0b872386c9e0a8670fe77cacbef137","Warnings":[]}[\n]"
21:06:59.203 [Test worker] DEBUG com.github.dockerjava.zerodep.shaded.org.apache.hc.client5.http.wire - http-outgoing-1 << "[\r][\n]"
21:06:59.203 [Test worker] DEBUG com.github.dockerjava.zerodep.shaded.org.apache.hc.client5.http.headers - http-outgoing-1 << HTTP/1.1 201 Created
21:06:59.203 [Test worker] DEBUG com.github.dockerjava.zerodep.shaded.org.apache.hc.client5.http.headers - http-outgoing-1 << Api-Version: 1.41
21:06:59.203 [Test worker] DEBUG com.github.dockerjava.zerodep.shaded.org.apache.hc.client5.http.headers - http-outgoing-1 << Content-Type: application/json
21:06:59.203 [Test worker] DEBUG com.github.dockerjava.zerodep.shaded.org.apache.hc.client5.http.headers - http-outgoing-1 << Date: Sat, 16 Dec 2023 13:06:59 GMT
21:06:59.203 [Test worker] DEBUG com.github.dockerjava.zerodep.shaded.org.apache.hc.client5.http.headers - http-outgoing-1 << Docker-Experimental: false
21:06:59.203 [Test worker] DEBUG com.github.dockerjava.zerodep.shaded.org.apache.hc.client5.http.headers - http-outgoing-1 << Ostype: linux
21:06:59.203 [Test worker] DEBUG com.github.dockerjava.zerodep.shaded.org.apache.hc.client5.http.headers - http-outgoing-1 << Server: Docker/20.10.22 (linux)
21:06:59.203 [Test worker] DEBUG com.github.dockerjava.zerodep.shaded.org.apache.hc.client5.http.headers - http-outgoing-1 << Transfer-Encoding: chunked
21:06:59.203 [Test worker] DEBUG com.github.dockerjava.zerodep.shaded.org.apache.hc.client5.http.impl.classic.MainClientExec - ex-0000000A: connection can be kept alive for 3 MINUTES
21:06:59.204 [Test worker] DEBUG com.github.dockerjava.zerodep.shaded.org.apache.hc.client5.http.wire - http-outgoing-1 << "0[\r][\n]"
21:06:59.204 [Test worker] DEBUG com.github.dockerjava.zerodep.shaded.org.apache.hc.client5.http.wire - http-outgoing-1 << "[\r][\n]"
21:06:59.204 [Test worker] DEBUG com.github.dockerjava.zerodep.shaded.org.apache.hc.client5.http.impl.classic.InternalHttpClient - ep-00000009: releasing valid endpoint
21:06:59.204 [Test worker] DEBUG com.github.dockerjava.zerodep.shaded.org.apache.hc.client5.http.impl.io.PoolingHttpClientConnectionManager - ep-00000009: releasing endpoint
21:06:59.204 [Test worker] DEBUG com.github.dockerjava.zerodep.shaded.org.apache.hc.client5.http.impl.io.PoolingHttpClientConnectionManager - ep-00000009: connection http-outgoing-1 can be kept alive for 3 MINUTES
21:06:59.204 [Test worker] DEBUG com.github.dockerjava.zerodep.shaded.org.apache.hc.client5.http.impl.io.PoolingHttpClientConnectionManager - ep-00000009: connection released [route: {}->unix://localhost:2375][total available: 1; route allocated: 1 of 2147483647; total allocated: 1 of 2147483647]
21:06:59.215 [Test worker] DEBUG org.testcontainers.shaded.com.github.dockerjava.core.command.AbstrDockerCmd - Cmd: org.testcontainers.shaded.com.github.dockerjava.core.command.CopyArchiveToContainerCmdImpl@895416d[cp ,-a=false ,<null>, ,50f3f58562de30616871f7ca3f597556bc0b872386c9e0a8670fe77cacbef137,:,/]
21:06:59.216 [Test worker] DEBUG com.github.dockerjava.zerodep.shaded.org.apache.hc.client5.http.impl.classic.InternalHttpClient - ex-0000000B: preparing request execution
21:06:59.216 [Test worker] DEBUG com.github.dockerjava.zerodep.shaded.org.apache.hc.client5.http.protocol.RequestAddCookies - Cookie spec selected: strict
21:06:59.216 [Test worker] DEBUG com.github.dockerjava.zerodep.shaded.org.apache.hc.client5.http.protocol.RequestAuthCache - Auth cache not set in the context
21:06:59.216 [Test worker] DEBUG com.github.dockerjava.zerodep.shaded.org.apache.hc.client5.http.impl.classic.ProtocolExec - ex-0000000B: target auth state: UNCHALLENGED
21:06:59.216 [Test worker] DEBUG com.github.dockerjava.zerodep.shaded.org.apache.hc.client5.http.impl.classic.ProtocolExec - ex-0000000B: proxy auth state: UNCHALLENGED
21:06:59.216 [Test worker] DEBUG com.github.dockerjava.zerodep.shaded.org.apache.hc.client5.http.impl.classic.ConnectExec - ex-0000000B: acquiring connection with route {}->unix://localhost:2375
21:06:59.216 [Test worker] DEBUG com.github.dockerjava.zerodep.shaded.org.apache.hc.client5.http.impl.classic.InternalHttpClient - ex-0000000B: acquiring endpoint (3 MINUTES)
21:06:59.216 [Test worker] DEBUG com.github.dockerjava.zerodep.shaded.org.apache.hc.client5.http.impl.io.PoolingHttpClientConnectionManager - ex-0000000B: endpoint lease request (3 MINUTES) [route: {}->unix://localhost:2375][total available: 1; route allocated: 1 of 2147483647; total allocated: 1 of 2147483647]
21:06:59.216 [Test worker] DEBUG com.github.dockerjava.zerodep.shaded.org.apache.hc.client5.http.impl.io.PoolingHttpClientConnectionManager - ex-0000000B: endpoint leased [route: {}->unix://localhost:2375][total available: 0; route allocated: 1 of 2147483647; total allocated: 1 of 2147483647]
21:06:59.216 [Test worker] DEBUG com.github.dockerjava.zerodep.shaded.org.apache.hc.client5.http.impl.io.PoolingHttpClientConnectionManager - ex-0000000B: acquired ep-0000000A
21:06:59.216 [Test worker] DEBUG com.github.dockerjava.zerodep.shaded.org.apache.hc.client5.http.impl.classic.InternalHttpClient - ex-0000000B: acquired endpoint ep-0000000A
21:06:59.216 [Test worker] DEBUG com.github.dockerjava.zerodep.shaded.org.apache.hc.client5.http.impl.classic.MainClientExec - ex-0000000B: executing PUT /v1.32/containers/50f3f58562de30616871f7ca3f597556bc0b872386c9e0a8670fe77cacbef137/archive?noOverwriteDirNonDir=false&path=%2F&copyUIDGID=false HTTP/1.1
21:06:59.217 [Test worker] DEBUG com.github.dockerjava.zerodep.shaded.org.apache.hc.client5.http.impl.classic.InternalHttpClient - ep-0000000A: start execution ex-0000000B
21:06:59.217 [Test worker] DEBUG com.github.dockerjava.zerodep.shaded.org.apache.hc.client5.http.impl.io.PoolingHttpClientConnectionManager - ep-0000000A: executing exchange ex-0000000B over http-outgoing-1
21:06:59.217 [Test worker] DEBUG com.github.dockerjava.zerodep.shaded.org.apache.hc.client5.http.headers - http-outgoing-1 >> PUT /v1.32/containers/50f3f58562de30616871f7ca3f597556bc0b872386c9e0a8670fe77cacbef137/archive?noOverwriteDirNonDir=false&path=%2F&copyUIDGID=false HTTP/1.1
21:06:59.217 [Test worker] DEBUG com.github.dockerjava.zerodep.shaded.org.apache.hc.client5.http.headers - http-outgoing-1 >> content-type: APPLICATION_X_TAR
21:06:59.217 [Test worker] DEBUG com.github.dockerjava.zerodep.shaded.org.apache.hc.client5.http.headers - http-outgoing-1 >> x-tc-sid: c0789b71-e0d5-4fdf-af56-342687b761a1
21:06:59.217 [Test worker] DEBUG com.github.dockerjava.zerodep.shaded.org.apache.hc.client5.http.headers - http-outgoing-1 >> User-Agent: tc-java/1.19.3
21:06:59.217 [Test worker] DEBUG com.github.dockerjava.zerodep.shaded.org.apache.hc.client5.http.headers - http-outgoing-1 >> Accept-Encoding: gzip, x-gzip, deflate
21:06:59.217 [Test worker] DEBUG com.github.dockerjava.zerodep.shaded.org.apache.hc.client5.http.headers - http-outgoing-1 >> Transfer-Encoding: chunked
21:06:59.217 [Test worker] DEBUG com.github.dockerjava.zerodep.shaded.org.apache.hc.client5.http.headers - http-outgoing-1 >> Host: localhost:2375
21:06:59.217 [Test worker] DEBUG com.github.dockerjava.zerodep.shaded.org.apache.hc.client5.http.headers - http-outgoing-1 >> Connection: keep-alive
21:06:59.217 [Test worker] DEBUG com.github.dockerjava.zerodep.shaded.org.apache.hc.client5.http.wire - http-outgoing-1 >> "PUT /v1.32/containers/50f3f58562de30616871f7ca3f597556bc0b872386c9e0a8670fe77cacbef137/archive?noOverwriteDirNonDir=false&path=%2F&copyUIDGID=false HTTP/1.1[\r][\n]"
21:06:59.217 [Test worker] DEBUG com.github.dockerjava.zerodep.shaded.org.apache.hc.client5.http.wire - http-outgoing-1 >> "content-type: APPLICATION_X_TAR[\r][\n]"
21:06:59.217 [Test worker] DEBUG com.github.dockerjava.zerodep.shaded.org.apache.hc.client5.http.wire - http-outgoing-1 >> "x-tc-sid: c0789b71-e0d5-4fdf-af56-342687b761a1[\r][\n]"
21:06:59.217 [Test worker] DEBUG com.github.dockerjava.zerodep.shaded.org.apache.hc.client5.http.wire - http-outgoing-1 >> "User-Agent: tc-java/1.19.3[\r][\n]"
21:06:59.217 [Test worker] DEBUG com.github.dockerjava.zerodep.shaded.org.apache.hc.client5.http.wire - http-outgoing-1 >> "Accept-Encoding: gzip, x-gzip, deflate[\r][\n]"
21:06:59.217 [Test worker] DEBUG com.github.dockerjava.zerodep.shaded.org.apache.hc.client5.http.wire - http-outgoing-1 >> "Transfer-Encoding: chunked[\r][\n]"
21:06:59.217 [Test worker] DEBUG com.github.dockerjava.zerodep.shaded.org.apache.hc.client5.http.wire - http-outgoing-1 >> "Host: localhost:2375[\r][\n]"
21:06:59.217 [Test worker] DEBUG com.github.dockerjava.zerodep.shaded.org.apache.hc.client5.http.wire - http-outgoing-1 >> "Connection: keep-alive[\r][\n]"
21:06:59.217 [Test worker] DEBUG com.github.dockerjava.zerodep.shaded.org.apache.hc.client5.http.wire - http-outgoing-1 >> "[\r][\n]"
21:06:59.217 [Test worker] DEBUG com.github.dockerjava.zerodep.shaded.org.apache.hc.client5.http.wire - http-outgoing-1 >> "1000[\r][\n]"
21:06:59.217 [Test worker] DEBUG com.github.dockerjava.zerodep.shaded.org.apache.hc.client5.http.wire - http-outgoing-1 >> "./PaxHeaders.X/opt_keycloak_data_import_test-realm-config.json[0x0][0x0][0x0][0x0][0x0][0x0][0x0][0x0][0x0][0x0][0x0][0x0][0x0][0x0][0x0][0x0][0x0][0x0][0x0][0x0][0x0][0x0][0x0][0x0][0x0][0x0][0x0][0x0][0x0][0x0][0x0][0x0][0x0][0x0][0x0][0x0][0x0][0x0]0100644 0000000 0000000 00000000172 14537320141 023646[0x0] x[0x0][0x0][0x0][0x0][0x0][0x0][0x0][0x0][0x0][0x0][0x0][0x0][0x0][0x0][0x0][0x0][0x0][0x0][0x0][0x0][0x0][0x0][0x0][0x0][0x0][0x0][0x0][0x0][0x0][0x0][0x0][0x0][0x0][0x0][0x0][0x0][0x0][0x0][0x0][0x0][0x0][0x0][0x0][0x0][0x0][0x0][0x0][0x0][0x0][0x0][0x0][0x0][0x0][0x0][0x0][0x0][0x0][0x0][0x0][0x0][0x0][0x0][0x0][0x0][0x0][0x0][0x0][0x0][0x0][0x0][0x0][0x0][0x0][0x0][0x0][0x0][0x0][0x0][0x0][0x0][0x0][0x0][0x0][0x0][0x0][0x0][0x0][0x0][0x0][0x0][0x0][0x0][0x0][0x0][0x0][0x0][0x0][0x0][0x0][0x0]ustar[0x0]00[0x0][0x0][0x0][0x0][0x0][0x0][0x0][0x0][0x0][0x0][0x0][0x0][0x0][0x0][0x0][0x0][0x0][0x0][0x0][0x0][0x0][0x0][0x0][0x0][0x0][0x0][0x0][0x0][0x0][0x0][0x0][0x0][0x0][0x0][0x0][0x0][0x0][0x0][0x0][0x0][0x0][0x0][0x0][0x0][0x0][0x0][0x0][0x0][0x0][0x0][0x0][0x0][0x0][0x0][0x0][0x0][0x0][0x0][0x0][0x0][0x0][0x0][0x0][0x0]0000000 0000000 [0x0][0x0][0x0][0x0][0x0][0x0][0x0][0x0][0x0][0x0][0x0][0x0][0x0][0x0][0x0][0x0][0x0][0x0][0x0][0x0][0x0][0x0][0x0][0x0][0x0][0x0][0x0][0x0][0x0][0x0][0x0][0x0][0x0][0x0][0x0][0x0][0x0][0x0][0x0][0x0][0x0][0x0][0x0][0x0][0x0][0x0][0x0][0x0][0x0][0x0][0x0][0x0][0x0][0x0][0x0][0x0][0x0][0x0][0x0][0x0][0x0][0x0][0x0][0x0][0x0][0x0][0x0][0x0][0x0][0x0][0x0][0x0][0x0][0x0][0x0][0x0][0x0][0x0][0x0][0x0][0x0][0x0][0x0][0x0][0x0][0x0][0x0][0x0][0x0][0x0][0x0][0x0][0x0][0x0][0x0][0x0][0x0][0x0][0x0][0x0][0x0][0x0][0x0][0x0][0x0][0x0][0x0][0x0][0x0][0x0][0x0][0x0][0x0][0x0][0x0][0x0][0x0][0x0][0x0][0x0][0x0][0x0][0x0][0x0][0x0][0x0][0x0][0x0][0x0][0x0][0x0][0x0][0x0][0x0][0x0][0x0][0x0][0x0][0x0][0x0][0x0][0x0][0x0][0x0][0x0][0x0][0x0][0x0][0x0][0x0][0x0][0x0][0x0][0x0][0x0][0x0][0x0][0x0][0x0][0x0][0x0][0x0][0x0][0x0][0x0][0x0][0x0]28 atime=1702731875.2575102[\n]"
21:06:59.217 [Test worker] DEBUG com.github.dockerjava.zerodep.shaded.org.apache.hc.client5.http.wire - http-outgoing-1 >> "28 ctime=1702731873.1626048[\n]"
21:06:59.217 [Test worker] DEBUG com.github.dockerjava.zerodep.shaded.org.apache.hc.client5.http.wire - http-outgoing-1 >> "28 mtime=1702731873.1624504[\n]"
21:06:59.217 [Test worker] DEBUG com.github.dockerjava.zerodep.shaded.org.apache.hc.client5.http.wire - http-outgoing-1 >> "38 LIBARCHIVE.creationtime=1702731873[\n]"
21:06:59.218 [Test worker] DEBUG com.github.dockerjava.zerodep.shaded.org.apache.hc.client5.http.wire - http-outgoing-1 >> "[0x0][0x0][0x0][0x0][0x0][0x0][0x0][0x0][0x0][0x0][0x0][0x0][0x0][0x0][0x0][0x0][0x0][0x0][0x0][0x0][0x0][0x0][0x0][0x0][0x0][0x0][0x0][0x0][0x0][0x0][0x0][0x0][0x0][0x0][0x0][0x0][0x0][0x0][0x0][0x0][0x0][0x0][0x0][0x0][0x0][0x0][0x0][0x0][0x0][0x0][0x0][0x0][0x0][0x0][0x0][0x0][0x0][0x0][0x0][0x0][0x0][0x0][0x0][0x0][0x0][0x0][0x0][0x0][0x0][0x0][0x0][0x0][0x0][0x0][0x0][0x0][0x0][0x0][0x0][0x0][0x0][0x0][0x0][0x0][0x0][0x0][0x0][0x0][0x0][0x0][0x0][0x0][0x0][0x0][0x0][0x0][0x0][0x0][0x0][0x0][0x0][0x0][0x0][0x0][0x0][0x0][0x0][0x0][0x0][0x0][0x0][0x0][0x0][0x0][0x0][0x0][0x0][0x0][0x0][0x0][0x0][0x0][0x0][0x0][0x0][0x0][0x0][0x0][0x0][0x0][0x0][0x0][0x0][0x0][0x0][0x0][0x0][0x0][0x0][0x0][0x0][0x0][0x0][0x0][0x0][0x0][0x0][0x0][0x0][0x0][0x0][0x0][0x0][0x0][0x0][0x0][0x0][0x0][0x0][0x0][0x0][0x0][0x0][0x0][0x0][0x0][0x0][0x0][0x0][0x0][0x0][0x0][0x0][0x0][0x0][0x0][0x0][0x0][0x0][0x0][0x0][0x0][0x0][0x0][0x0][0x0][0x0][0x0][0x0][0x0][0x0][0x0][0x0][0x0][0x0][0x0][0x0][0x0][0x0][0x0][0x0][0x0][0x0][0x0][0x0][0x0][0x0][0x0][0x0][0x0][0x0][0x0][0x0][0x0][0x0][0x0][0x0][0x0][0x0][0x0][0x0][0x0][0x0][0x0][0x0][0x0][0x0][0x0][0x0][0x0][0x0][0x0][0x0][0x0][0x0][0x0][0x0][0x0][0x0][0x0][0x0][0x0][0x0][0x0][0x0][0x0][0x0][0x0][0x0][0x0][0x0][0x0][0x0][0x0][0x0][0x0][0x0][0x0][0x0][0x0][0x0][0x0][0x0][0x0][0x0][0x0][0x0][0x0][0x0][0x0][0x0][0x0][0x0][0x0][0x0][0x0][0x0][0x0][0x0][0x0][0x0][0x0][0x0][0x0][0x0][0x0][0x0][0x0][0x0][0x0][0x0][0x0][0x0][0x0][0x0][0x0][0x0][0x0][0x0][0x0][0x0][0x0][0x0][0x0][0x0][0x0][0x0][0x0][0x0][0x0][0x0][0x0][0x0][0x0][0x0][0x0][0x0][0x0][0x0][0x0][0x0][0x0][0x0][0x0][0x0][0x0][0x0][0x0][0x0][0x0][0x0][0x0][0x0][0x0][0x0][0x0][0x0][0x0][0x0][0x0][0x0][0x0][0x0][0x0][0x0][0x0][0x0][0x0][0x0][0x0][0x0][0x0][0x0][0x0][0x0][0x0][0x0][0x0][0x0][0x0][0x0][0x0][0x0][0x0][0x0][0x0][0x0][0x0][0x0][0x0][0x0][0x0][0x0][0x0][0x0][0x0][0x0][0x0][0x0][0x0][0x0][0x0][0x0][0x0][0x0][0x0][0x0][0x0][0x0][0x0]opt/keycloak/data/import/test-realm-config.json[0x0][0x0][0x0][0x0][0x0][0x0][0x0][0x0][0x0][0x0][0x0][0x0][0x0][0x0][0x0][0x0][0x0][0x0][0x0][0x0][0x0][0x0][0x0][0x0][0x0][0x0][0x0][0x0][0x0][0x0][0x0][0x0][0x0][0x0][0x0][0x0][0x0][0x0][0x0][0x0][0x0][0x0][0x0][0x0][0x0][0x0][0x0][0x0][0x0][0x0][0x0][0x0][0x0]0100644 0000765 0000024 00000222206 14537320141 022757[0x0] 0[0x0][0x0][0x0][0x0][0x0][0x0][0x0][0x0][0x0][0x0][0x0][0x0][0x0][0x0][0x0][0x0][0x0][0x0][0x0][0x0][0x0][0x0][0x0][0x0][0x0][0x0][0x0][0x0][0x0][0x0][0x0][0x0][0x0][0x0][0x0][0x0][0x0][0x0][0x0][0x0][0x0][0x0][0x0][0x0][0x0][0x0][0x0][0x0][0x0][0x0][0x0][0x0][0x0][0x0][0x0][0x0][0x0][0x0][0x0][0x0][0x0][0x0][0x0][0x0][0x0][0x0][0x0][0x0][0x0][0x0][0x0][0x0][0x0][0x0][0x0][0x0][0x0][0x0][0x0][0x0][0x0][0x0][0x0][0x0][0x0][0x0][0x0][0x0][0x0][0x0][0x0][0x0][0x0][0x0][0x0][0x0][0x0][0x0][0x0][0x0]ustar[0x0]00lucas[0x0][0x0][0x0][0x0][0x0][0x0][0x0][0x0][0x0][0x0][0x0][0x0][0x0][0x0][0x0][0x0][0x0][0x0][0x0][0x0][0x0][0x0][0x0][0x0][0x0][0x0][0x0]staff[0x0][0x0][0x0][0x0][0x0][0x0][0x0][0x0][0x0][0x0][0x0][0x0][0x0][0x0][0x0][0x0][0x0][0x0][0x0][0x0][0x0][0x0][0x0][0x0][0x0][0x0][0x0]0000000 0000000 [0x0][0x0][0x0][0x0][0x0][0x0][0x0][0x0][0x0][0x0][0x0][0x0][0x0][0x0][0x0][0x0][0x0][0x0][0x0][0x0][0x0][0x0][0x0][0x0][0x0][0x0][0x0][0x0][0x0][0x0][0x0][0x0][0x0][0x0][0x0][0x0][0x0][0x0][0x0][0x0][0x0][0x0][0x0][0x0][0x0][0x0][0x0][0x0][0x0][0x0][0x0][0x0][0x0][0x0][0x0][0x0][0x0][0x0][0x0][0x0][0x0][0x0][0x0][0x0][0x0][0x0][0x0][0x0][0x0][0x0][0x0][0x0][0x0][0x0][0x0][0x0][0x0][0x0][0x0][0x0][0x0][0x0][0x0][0x0][0x0][0x0][0x0][0x0][0x0][0x0][0x0][0x0][0x0][0x0][0x0][0x0][0x0][0x0][0x0][0x0][0x0][0x0][0x0][0x0][0x0][0x0][0x0][0x0][0x0][0x0][0x0][0x0][0x0][0x0][0x0][0x0][0x0][0x0][0x0][0x0][0x0][0x0][0x0][0x0][0x0][0x0][0x0][0x0][0x0][0x0][0x0][0x0][0x0][0x0][0x0][0x0][0x0][0x0][0x0][0x0][0x0][0x0][0x0][0x0][0x0][0x0][0x0][0x0][0x0][0x0][0x0][0x0][0x0][0x0][0x0][0x0][0x0][0x0][0x0][0x0][0x0][0x0][0x0][0x0][0x0][0x0][0x0]{[\n]"
21:06:59.218 [Test worker] DEBUG com.github.dockerjava.zerodep.shaded.org.apache.hc.client5.http.wire - http-outgoing-1 >> "    "id" : "879889b2-df11-4724-91cc-e1a1c2c37fed",[\n]"
21:06:59.218 [Test worker] DEBUG com.github.dockerjava.zerodep.shaded.org.apache.hc.client5.http.wire - http-outgoing-1 >> "    "realm" : "PolarBookshop",[\n]"
21:06:59.218 [Test worker] DEBUG com.github.dockerjava.zerodep.shaded.org.apache.hc.client5.http.wire - http-outgoing-1 >> "    "notBefore" : 0,[\n]"
21:06:59.218 [Test worker] DEBUG com.github.dockerjava.zerodep.shaded.org.apache.hc.client5.http.wire - http-outgoing-1 >> "    "defaultSignatureAlgorithm" : "RS256",[\n]"
21:06:59.218 [Test worker] DEBUG com.github.dockerjava.zerodep.shaded.org.apache.hc.client5.http.wire - http-outgoing-1 >> "    "revokeRefreshToken" : false,[\n]"
21:06:59.218 [Test worker] DEBUG com.github.dockerjava.zerodep.shaded.org.apache.hc.client5.http.wire - http-outgoing-1 >> "    "refreshTokenMaxReuse" : 0,[\n]"
21:06:59.218 [Test worker] DEBUG com.github.dockerjava.zerodep.shaded.org.apache.hc.client5.http.wire - http-outgoing-1 >> "    "accessTokenLifespan" : 300,[\n]"
21:06:59.218 [Test worker] DEBUG com.github.dockerjava.zerodep.shaded.org.apache.hc.client5.http.wire - http-outgoing-1 >> "    "accessTokenLifespanForImplicitFlow" : 900,[\n]"
21:06:59.218 [Test worker] DEBUG com.github.dockerjava.zerodep.shaded.org.apache.hc.client5.http.wire - http-outgoing-1 >> "    "ssoSessionIdleTimeout" : 1800,[\n]"
21:06:59.218 [Test worker] DEBUG com.github.dockerjava.zerodep.shaded.org.apache.hc.client5.http.wire - http-outgoing-1 >> "    "ssoSessionMaxLifespan" : 36000,[\n]"
21:06:59.218 [Test worker] DEBUG com.github.dockerjava.zerodep.shaded.org.apache.hc.client5.http.wire - http-outgoing-1 >> "    "ssoSessionIdleTimeoutRememberMe" : 0,[\n]"
21:06:59.218 [Test worker] DEBUG com.github.dockerjava.zerodep.shaded.org.apache.hc.client5.http.wire - http-outgoing-1 >> "    "ssoSessionMaxLifespanRememberMe" : 0,[\n]"
21:06:59.218 [Test worker] DEBUG com.github.dockerjava.zerodep.shaded.org.apache.hc.client5.http.wire - http-outgoing-1 >> "    "offlineSessionIdleTimeout" : 2592000,[\n]"
21:06:59.218 [Test worker] DEBUG com.github.dockerjava.zerodep.shaded.org.apache.hc.client5.http.wire - http-outgoing-1 >> "    "offlineSessionMaxLifespanEnabled" : false,[\n]"
21:06:59.218 [Test worker] DEBUG com.github.dockerjava.zerodep.shaded.org.apache.hc.client5.http.wire - http-outgoing-1 >> "    "offlineSessionMaxLifespan" : 5184000,[\n]"
21:06:59.218 [Test worker] DEBUG com.github.dockerjava.zerodep.shaded.org.apache.hc.client5.http.wire - http-outgoing-1 >> "    "clientSessionIdleTimeout" : 0,[\n]"
21:06:59.218 [Test worker] DEBUG com.github.dockerjava.zerodep.shaded.org.apache.hc.client5.http.wire - http-outgoing-1 >> "    "clientSessionMaxLifespan" : 0,[\n]"
21:06:59.218 [Test worker] DEBUG com.github.dockerjava.zerodep.shaded.org.apache.hc.client5.http.wire - http-outgoing-1 >> "    "clientOfflineSessionIdleTimeout" : 0,[\n]"
21:06:59.219 [Test worker] DEBUG com.github.dockerjava.zerodep.shaded.org.apache.hc.client5.http.wire - http-outgoing-1 >> "    "clientOfflineSessionMaxLifespan" : 0,[\n]"
21:06:59.219 [Test worker] DEBUG com.github.dockerjava.zerodep.shaded.org.apache.hc.client5.http.wire - http-outgoing-1 >> "    "accessCodeLifespan" : 60,[\n]"
21:06:59.219 [Test worker] DEBUG com.github.dockerjava.zerodep.shaded.org.apache.hc.client5.http.wire - http-outgoing-1 >> "    "accessCodeLifespanUserAction" : 300,[\n]"
21:06:59.219 [Test worker] DEBUG com.github.dockerjava.zerodep.shaded.org.apache.hc.client5.http.wire - http-outgoing-1 >> "    "accessCodeLifespanLogin" : 1800,[\n]"
21:06:59.219 [Test worker] DEBUG com.github.dockerjava.zerodep.shaded.org.apache.hc.client5.http.wire - http-outgoing-1 >> "    "actionTokenGeneratedByAdminLifespan" : 43200,[\n]"
21:06:59.219 [Test worker] DEBUG com.github.dockerjava.zerodep.shaded.org.apache.hc.client5.http.wire - http-outgoing-1 >> "    "actionTokenGeneratedByUserLifespan" : 300,[\n]"
21:06:59.219 [Test worker] DEBUG com.github.dockerjava.zerodep.shaded.org.apache.hc.client5.http.wire - http-outgoing-1 >> "    "oauth2DeviceCodeLifespan" : 600,[\n]"
21:06:59.219 [Test worker] DEBUG com.github.dockerjava.zerodep.shaded.org.apache.hc.client5.http.wire - http-outgoing-1 >> "    "oauth2DevicePollingInterval" : 5,[\n]"
21:06:59.219 [Test worker] DEBUG com.github.dockerjava.zerodep.shaded.org.apache.hc.client5.http.wire - http-outgoing-1 >> "    "enabled" : true,[\n]"
21:06:59.219 [Test worker] DEBUG com.github.dockerjava.zerodep.shaded.org.apache.hc.client5.http.wire - http-outgoing-1 >> "    "sslRequired" : "external",[\n]"
21:06:59.219 [Test worker] DEBUG com.github.dockerjava.zerodep.shaded.org.apache.hc.client5.http.wire - http-outgoing-1 >> "    "registrationAllowed" : false,[\n]"
21:06:59.219 [Test worker] DEBUG com.github.dockerjava.zerodep.shaded.org.apache.hc.client5.http.wire - http-outgoing-1 >> "    "registrationEmailAsUsername" : false,[\n]"
21:06:59.219 [Test worker] DEBUG com.github.dockerjava.zerodep.shaded.org.apache.hc.client5.http.wire - http-outgoing-1 >> "    "rememberMe" : false,[\n]"
21:06:59.219 [Test worker] DEBUG com.github.dockerjava.zerodep.shaded.org.apache.hc.client5.http.wire - http-outgoing-1 >> "    "verifyEmail" : false,[\n]"
21:06:59.219 [Test worker] DEBUG com.github.dockerjava.zerodep.shaded.org.apache.hc.client5.http.wire - http-outgoing-1 >> "    "loginWithEmailAllowed" : true,[\n]"
21:06:59.219 [Test worker] DEBUG com.github.dockerjava.zerodep.shaded.org.apache.hc.client5.http.wire - http-outgoing-1 >> "    "duplicateEmailsAllowed" : false,[\n]"
21:06:59.219 [Test worker] DEBUG com.github.dockerjava.zerodep.shaded.org.apache.hc.client5.http.wire - http-outgoing-1 >> "    "resetPasswordAllowed" : false,[\n]"
21:06:59.219 [Test worker] DEBUG com.github.dockerjava.zerodep.shaded.org.apache.hc.client5.http.wire - http-outgoing-1 >> "    "editUsernameAllowed" : false,[\n]"
21:06:59.219 [Test worker] DEBUG com.github.dockerjava.zerodep.shaded.org.apache.hc.client5.http.wire - http-outgoing-1 >> "    "bruteForceProtected" : false,[\n]"
21:06:59.219 [Test worker] DEBUG com.github.dockerjava.zerodep.shaded.org.apache.hc.client5.http.wire - http-outgoing-1 >> "    "permanentLockout" : false,[\n]"
21:06:59.219 [Test worker] DEBUG com.github.dockerjava.zerodep.shaded.org.apache.hc.client5.http.wire - http-outgoing-1 >> "    "maxFailureWaitSeconds" : 900,[\n]"
21:06:59.219 [Test worker] DEBUG com.github.dockerjava.zerodep.shaded.org.apache.hc.client5.http.wire - http-outgoing-1 >> "    "minimumQuickLoginWaitSeconds" : 60,[\n]"
21:06:59.219 [Test worker] DEBUG com.github.dockerjava.zerodep.shaded.org.apache.hc.client5.http.wire - http-outgoing-1 >> "    "waitIncrementSeconds" : 60,[\n]"
21:06:59.219 [Test worker] DEBUG com.github.dockerjava.zerodep.shaded.org.apache.hc.client5.http.wire - http-outgoing-1 >> "    "quickLoginCheckMilliSeconds" : 1000,[\n]"
21:06:59.219 [Test worker] DEBUG com.github.dockerjava.zerodep.shaded.org.apache.hc.client5.http.wire - http-outgoing-1 >> "    "maxDeltaTimeSeconds" : 43200,[\n]"
21:06:59.219 [Test worker] DEBUG com.github.dockerjava.zerodep.shaded.org.apache.hc.client5.http.wire - http-outgoing-1 >> "    "failureFactor" : 30,[\n]"
21:06:59.219 [Test worker] DEBUG com.github.dockerjava.zerodep.shaded.org.apache.hc.client5.http.wire - http-outgoing-1 >> "    "roles" : {[\n]"
21:06:59.219 [Test worker] DEBUG com.github.dockerjava.zerodep.shaded.org.apache.hc.client5.http.wire - http-outgoing-1 >> "      "realm" : [ {[\n]"
21:06:59.220 [Test worker] DEBUG com.github.dockerjava.zerodep.shaded.org.apache.hc.client5.http.wire - http-outgoing-1 >> "        "id" : "3f42160d-a6a7-4bc9-9e6f-fe0d8ffd3eed",[\n]"
21:06:59.220 [Test worker] DEBUG com.github.dockerjava.zerodep.shaded.org.apache.hc.client5.http.wire - http-outgoing-1 >> "        "name" : "customer",[\n]"
21:06:59.220 [Test worker] DEBUG com.github.dockerjava.zerodep.shaded.org.apache.hc.client5.http.wire - http-outgoing-1 >> "        "composite" : false,[\n]"
21:06:59.220 [Test worker] DEBUG com.github.dockerjava.zerodep.shaded.org.apache.hc.client5.http.wire - http-outgoing-1 >> "        "clientRole" : false,[\n]"
21:06:59.220 [Test worker] DEBUG com.github.dockerjava.zerodep.shaded.org.apache.hc.client5.http.wire - http-outgoing-1 >> "        "containerId" : "879889b2-df11-4724-91cc-e1a1c2c37fed",[\n]"
21:06:59.220 [Test worker] DEBUG com.github.dockerjava.zerodep.shaded.org.apache.hc.client5.http.wire - http-outgoing-1 >> "        "attributes" : { }[\n]"
21:06:59.220 [Test worker] DEBUG com.github.dockerjava.zerodep.shaded.org.apache.hc.client5.http.wire - http-outgoing-1 >> "      }, {[\n]"
21:06:59.220 [Test worker] DEBUG com.github.dockerjava.zerodep.shaded.org.apache.hc.client5.http.wire - http-outgoing-1 >> "        "id" : "859c96ba-995c-4744-bed4-a7256e4f22a0",[\n]"
21:06:59.220 [Test worker] DEBUG com.github.dockerjava.zerodep.shaded.org.apache.hc.client5.http.wire - http-outgoing-1 >> "        "name" : "offline_access",[\n]"
21:06:59.220 [Test worker] DEBUG com.github.dockerjava.zerodep.shaded.org.apache.hc.client5.http.wire - http-outgoing-1 >> "        "description" : "${role_offline-access}",[\n]"
21:06:59.220 [Test worker] DEBUG com.github.dockerjava.zerodep.shaded.org.apache.hc.client5.http.wire - http-outgoing-1 >> "        "composite" : false,[\n]"
21:06:59.220 [Test worker] DEBUG com.github.dockerjava.zerodep.shaded.org.apache.hc.client5.http.wire - http-outgoing-1 >> "        "clientRole" : false,[\n]"
21:06:59.220 [Test worker] DEBUG com.github.dockerjava.zerodep.shaded.org.apache.hc.client5.http.wire - http-outgoing-1 >> "        "containerId" : "879889b2-df11-4724-91cc-e1a1c2c37fed",[\n]"
21:06:59.220 [Test worker] DEBUG com.github.dockerjava.zerodep.shaded.org.apache.hc.client5.http.wire - http-outgoing-1 >> "        "attributes" : { }[\n]"
21:06:59.220 [Test worker] DEBUG com.github.dockerjava.zerodep.shaded.org.apache.hc.client5.http.wire - http-outgoing-1 >> "      }, {[\n]"
21:06:59.220 [Test worker] DEBUG com.github.dockerjava.zerodep.shaded.org.apache.hc.client5.http.wire - http-outgoing-1 >> "        "id" : "560f65cb-0c13-4688-b9e9-13ccbeda3635",[\n]"
21:06:59.220 [Test worker] DEBUG com.github.dockerjava.zerodep.shaded.org.apache.hc.client5.http.wire - http-outgoing-1 >> "        "name" : "default-roles-polarbookshop",[\n]"
21:06:59.220 [Test worker] DEBUG com.github.dockerjava.zerodep.shaded.org.apache.hc.client5.http.wire - http-outgoing-1 >> "        "description" : "${role_default-roles}",[\n]"
21:06:59.220 [Test worker] DEBUG com.github.dockerjava.zerodep.shaded.org.apache.hc.client5.http.wire - http-outgoing-1 >> "        "composite" : true,[\n]"
21:06:59.220 [Test worker] DEBUG com.github.dockerjava.zerodep.shaded.org.apache.hc.client5.http.wire - http-outgoing-1 >> "        "composites" : {[\n]"
21:06:59.220 [Test worker] DEBUG com.github.dockerjava.zerodep.shaded.org.apache.hc.client5.http.wire - http-outgoing-1 >> "          "realm" : [ "offline_access", "uma_authorization" ],[\n]"
21:06:59.220 [Test worker] DEBUG com.github.dockerjava.zerodep.shaded.org.apache.hc.client5.http.wire - http-outgoing-1 >> "          "client" : {[\n]"
21:06:59.220 [Test worker] DEBUG com.github.dockerjava.zerodep.shaded.org.apache.hc.client5.http.wire - http-outgoing-1 >> "            "account" : [ "manage-account", "[\r][\n]"
21:06:59.220 [Test worker] DEBUG com.github.dockerjava.zerodep.shaded.org.apache.hc.client5.http.wire - http-outgoing-1 >> "1000[\r][\n]"
21:06:59.220 [Test worker] DEBUG com.github.dockerjava.zerodep.shaded.org.apache.hc.client5.http.wire - http-outgoing-1 >> "view-profile" ][\n]"
21:06:59.220 [Test worker] DEBUG com.github.dockerjava.zerodep.shaded.org.apache.hc.client5.http.wire - http-outgoing-1 >> "          }[\n]"
21:06:59.220 [Test worker] DEBUG com.github.dockerjava.zerodep.shaded.org.apache.hc.client5.http.wire - http-outgoing-1 >> "        },[\n]"
21:06:59.220 [Test worker] DEBUG com.github.dockerjava.zerodep.shaded.org.apache.hc.client5.http.wire - http-outgoing-1 >> "        "clientRole" : false,[\n]"
21:06:59.220 [Test worker] DEBUG com.github.dockerjava.zerodep.shaded.org.apache.hc.client5.http.wire - http-outgoing-1 >> "        "containerId" : "879889b2-df11-4724-91cc-e1a1c2c37fed",[\n]"
21:06:59.220 [Test worker] DEBUG com.github.dockerjava.zerodep.shaded.org.apache.hc.client5.http.wire - http-outgoing-1 >> "        "attributes" : { }[\n]"
21:06:59.220 [Test worker] DEBUG com.github.dockerjava.zerodep.shaded.org.apache.hc.client5.http.wire - http-outgoing-1 >> "      }, {[\n]"
21:06:59.220 [Test worker] DEBUG com.github.dockerjava.zerodep.shaded.org.apache.hc.client5.http.wire - http-outgoing-1 >> "        "id" : "108edde4-79ad-4320-9dbe-a6097478bafe",[\n]"
21:06:59.220 [Test worker] DEBUG com.github.dockerjava.zerodep.shaded.org.apache.hc.client5.http.wire - http-outgoing-1 >> "        "name" : "uma_authorization",[\n]"
21:06:59.220 [Test worker] DEBUG com.github.dockerjava.zerodep.shaded.org.apache.hc.client5.http.wire - http-outgoing-1 >> "        "description" : "${role_uma_authorization}",[\n]"
21:06:59.220 [Test worker] DEBUG com.github.dockerjava.zerodep.shaded.org.apache.hc.client5.http.wire - http-outgoing-1 >> "        "composite" : false,[\n]"
21:06:59.220 [Test worker] DEBUG com.github.dockerjava.zerodep.shaded.org.apache.hc.client5.http.wire - http-outgoing-1 >> "        "clientRole" : false,[\n]"
21:06:59.220 [Test worker] DEBUG com.github.dockerjava.zerodep.shaded.org.apache.hc.client5.http.wire - http-outgoing-1 >> "        "containerId" : "879889b2-df11-4724-91cc-e1a1c2c37fed",[\n]"
21:06:59.220 [Test worker] DEBUG com.github.dockerjava.zerodep.shaded.org.apache.hc.client5.http.wire - http-outgoing-1 >> "        "attributes" : { }[\n]"
21:06:59.221 [Test worker] DEBUG com.github.dockerjava.zerodep.shaded.org.apache.hc.client5.http.wire - http-outgoing-1 >> "      }, {[\n]"
21:06:59.221 [Test worker] DEBUG com.github.dockerjava.zerodep.shaded.org.apache.hc.client5.http.wire - http-outgoing-1 >> "        "id" : "b79e2592-d732-4a96-a115-a74e8fea6477",[\n]"
21:06:59.221 [Test worker] DEBUG com.github.dockerjava.zerodep.shaded.org.apache.hc.client5.http.wire - http-outgoing-1 >> "        "name" : "employee",[\n]"
21:06:59.221 [Test worker] DEBUG com.github.dockerjava.zerodep.shaded.org.apache.hc.client5.http.wire - http-outgoing-1 >> "        "composite" : false,[\n]"
21:06:59.221 [Test worker] DEBUG com.github.dockerjava.zerodep.shaded.org.apache.hc.client5.http.wire - http-outgoing-1 >> "        "clientRole" : false,[\n]"
21:06:59.221 [Test worker] DEBUG com.github.dockerjava.zerodep.shaded.org.apache.hc.client5.http.wire - http-outgoing-1 >> "        "containerId" : "879889b2-df11-4724-91cc-e1a1c2c37fed",[\n]"
21:06:59.221 [Test worker] DEBUG com.github.dockerjava.zerodep.shaded.org.apache.hc.client5.http.wire - http-outgoing-1 >> "        "attributes" : { }[\n]"
21:06:59.221 [Test worker] DEBUG com.github.dockerjava.zerodep.shaded.org.apache.hc.client5.http.wire - http-outgoing-1 >> "      } ],[\n]"
21:06:59.221 [Test worker] DEBUG com.github.dockerjava.zerodep.shaded.org.apache.hc.client5.http.wire - http-outgoing-1 >> "      "client" : {[\n]"
21:06:59.221 [Test worker] DEBUG com.github.dockerjava.zerodep.shaded.org.apache.hc.client5.http.wire - http-outgoing-1 >> "        "polar-test" : [ ],[\n]"
21:06:59.221 [Test worker] DEBUG com.github.dockerjava.zerodep.shaded.org.apache.hc.client5.http.wire - http-outgoing-1 >> "        "realm-management" : [ {[\n]"
21:06:59.221 [Test worker] DEBUG com.github.dockerjava.zerodep.shaded.org.apache.hc.client5.http.wire - http-outgoing-1 >> "          "id" : "40e89ab3-1dd1-46ed-83e4-001b1bbabda9",[\n]"
21:06:59.221 [Test worker] DEBUG com.github.dockerjava.zerodep.shaded.org.apache.hc.client5.http.wire - http-outgoing-1 >> "          "name" : "manage-events",[\n]"
21:06:59.221 [Test worker] DEBUG com.github.dockerjava.zerodep.shaded.org.apache.hc.client5.http.wire - http-outgoing-1 >> "          "description" : "${role_manage-events}",[\n]"
21:06:59.221 [Test worker] DEBUG com.github.dockerjava.zerodep.shaded.org.apache.hc.client5.http.wire - http-outgoing-1 >> "          "composite" : false,[\n]"
21:06:59.221 [Test worker] DEBUG com.github.dockerjava.zerodep.shaded.org.apache.hc.client5.http.wire - http-outgoing-1 >> "          "clientRole" : true,[\n]"
21:06:59.221 [Test worker] DEBUG com.github.dockerjava.zerodep.shaded.org.apache.hc.client5.http.wire - http-outgoing-1 >> "          "containerId" : "b667a765-7ee0-4a4e-a4ed-43fbd44e7b2a",[\n]"
21:06:59.221 [Test worker] DEBUG com.github.dockerjava.zerodep.shaded.org.apache.hc.client5.http.wire - http-outgoing-1 >> "          "attributes" : { }[\n]"
21:06:59.221 [Test worker] DEBUG com.github.dockerjava.zerodep.shaded.org.apache.hc.client5.http.wire - http-outgoing-1 >> "        }, {[\n]"
21:06:59.221 [Test worker] DEBUG com.github.dockerjava.zerodep.shaded.org.apache.hc.client5.http.wire - http-outgoing-1 >> "          "id" : "daca0541-99d5-47ca-88ff-be3fb3d83d19",[\n]"
21:06:59.221 [Test worker] DEBUG com.github.dockerjava.zerodep.shaded.org.apache.hc.client5.http.wire - http-outgoing-1 >> "          "name" : "view-users",[\n]"
21:06:59.221 [Test worker] DEBUG com.github.dockerjava.zerodep.shaded.org.apache.hc.client5.http.wire - http-outgoing-1 >> "          "description" : "${role_view-users}",[\n]"
21:06:59.221 [Test worker] DEBUG com.github.dockerjava.zerodep.shaded.org.apache.hc.client5.http.wire - http-outgoing-1 >> "          "composite" : true,[\n]"
21:06:59.221 [Test worker] DEBUG com.github.dockerjava.zerodep.shaded.org.apache.hc.client5.http.wire - http-outgoing-1 >> "          "composites" : {[\n]"
21:06:59.221 [Test worker] DEBUG com.github.dockerjava.zerodep.shaded.org.apache.hc.client5.http.wire - http-outgoing-1 >> "            "client" : {[\n]"
21:06:59.221 [Test worker] DEBUG com.github.dockerjava.zerodep.shaded.org.apache.hc.client5.http.wire - http-outgoing-1 >> "              "realm-management" : [ "query-groups", "query-users" ][\n]"
21:06:59.221 [Test worker] DEBUG com.github.dockerjava.zerodep.shaded.org.apache.hc.client5.http.wire - http-outgoing-1 >> "            }[\n]"
21:06:59.221 [Test worker] DEBUG com.github.dockerjava.zerodep.shaded.org.apache.hc.client5.http.wire - http-outgoing-1 >> "          },[\n]"
21:06:59.221 [Test worker] DEBUG com.github.dockerjava.zerodep.shaded.org.apache.hc.client5.http.wire - http-outgoing-1 >> "          "clientRole" : true,[\n]"
21:06:59.221 [Test worker] DEBUG com.github.dockerjava.zerodep.shaded.org.apache.hc.client5.http.wire - http-outgoing-1 >> "          "containerId" : "b667a765-7ee0-4a4e-a4ed-43fbd44e7b2a",[\n]"
21:06:59.221 [Test worker] DEBUG com.github.dockerjava.zerodep.shaded.org.apache.hc.client5.http.wire - http-outgoing-1 >> "          "attributes" : { }[\n]"
21:06:59.221 [Test worker] DEBUG com.github.dockerjava.zerodep.shaded.org.apache.hc.client5.http.wire - http-outgoing-1 >> "        }, {[\n]"
21:06:59.221 [Test worker] DEBUG com.github.dockerjava.zerodep.shaded.org.apache.hc.client5.http.wire - http-outgoing-1 >> "          "id" : "b5e4c055-1b2b-4a56-8489-64ac17b50735",[\n]"
21:06:59.221 [Test worker] DEBUG com.github.dockerjava.zerodep.shaded.org.apache.hc.client5.http.wire - http-outgoing-1 >> "          "name" : "manage-clients",[\n]"
21:06:59.221 [Test worker] DEBUG com.github.dockerjava.zerodep.shaded.org.apache.hc.client5.http.wire - http-outgoing-1 >> "          "description" : "${role_manage-clients}",[\n]"
21:06:59.221 [Test worker] DEBUG com.github.dockerjava.zerodep.shaded.org.apache.hc.client5.http.wire - http-outgoing-1 >> "          "composite" : false,[\n]"
21:06:59.221 [Test worker] DEBUG com.github.dockerjava.zerodep.shaded.org.apache.hc.client5.http.wire - http-outgoing-1 >> "          "clientRole" : true,[\n]"
21:06:59.221 [Test worker] DEBUG com.github.dockerjava.zerodep.shaded.org.apache.hc.client5.http.wire - http-outgoing-1 >> "          "containerId" : "b667a765-7ee0-4a4e-a4ed-43fbd44e7b2a",[\n]"
21:06:59.221 [Test worker] DEBUG com.github.dockerjava.zerodep.shaded.org.apache.hc.client5.http.wire - http-outgoing-1 >> "          "attributes" : { }[\n]"
21:06:59.221 [Test worker] DEBUG com.github.dockerjava.zerodep.shaded.org.apache.hc.client5.http.wire - http-outgoing-1 >> "        }, {[\n]"
21:06:59.221 [Test worker] DEBUG com.github.dockerjava.zerodep.shaded.org.apache.hc.client5.http.wire - http-outgoing-1 >> "          "id" : "875c03c8-26f1-4d54-9114-7d76e23734bf",[\n]"
21:06:59.221 [Test worker] DEBUG com.github.dockerjava.zerodep.shaded.org.apache.hc.client5.http.wire - http-outgoing-1 >> "          "name" : "realm-admin",[\n]"
21:06:59.221 [Test worker] DEBUG com.github.dockerjava.zerodep.shaded.org.apache.hc.client5.http.wire - http-outgoing-1 >> "          "description" : "${role_realm-admin}",[\n]"
21:06:59.221 [Test worker] DEBUG com.github.dockerjava.zerodep.shaded.org.apache.hc.client5.http.wire - http-outgoing-1 >> "          "composite" : true,[\n]"
21:06:59.221 [Test worker] DEBUG com.github.dockerjava.zerodep.shaded.org.apache.hc.client5.http.wire - http-outgoing-1 >> "          "composites" : {[\n]"
21:06:59.221 [Test worker] DEBUG com.github.dockerjava.zerodep.shaded.org.apache.hc.client5.http.wire - http-outgoing-1 >> "            "client" : {[\n]"
21:06:59.221 [Test worker] DEBUG com.github.dockerjava.zerodep.shaded.org.apache.hc.client5.http.wire - http-outgoing-1 >> "              "realm-management" : [ "manage-events", "view-users", "manage-clients", "query-groups", "create-client", "query-realms", "query-clients", "view-events", "manage-users", "manage-authorization", "view-authorization", "manage-realm", "manage-identity-providers", "query-users", "view-clients", "view-realm", "impersonation", "view-identity-providers" ][\n]"
21:06:59.221 [Test worker] DEBUG com.github.dockerjava.zerodep.shaded.org.apache.hc.client5.http.wire - http-outgoing-1 >> "            }[\n]"
21:06:59.221 [Test worker] DEBUG com.github.dockerjava.zerodep.shaded.org.apache.hc.client5.http.wire - http-outgoing-1 >> "          },[\n]"
21:06:59.221 [Test worker] DEBUG com.github.dockerjava.zerodep.shaded.org.apache.hc.client5.http.wire - http-outgoing-1 >> "          "clientRole" : true,[\n]"
21:06:59.222 [Test worker] DEBUG com.github.dockerjava.zerodep.shaded.org.apache.hc.client5.http.wire - http-outgoing-1 >> "          "containerId" : "b667a765-7ee0-4a4e-a4ed-43fbd44e7b2a",[\n]"
21:06:59.222 [Test worker] DEBUG com.github.dockerjava.zerodep.shaded.org.apache.hc.client5.http.wire - http-outgoing-1 >> "          "attributes" : { }[\n]"
21:06:59.222 [Test worker] DEBUG com.github.dockerjava.zerodep.shaded.org.apache.hc.client5.http.wire - http-outgoing-1 >> "        }, {[\n]"
21:06:59.222 [Test worker] DEBUG com.github.dockerjava.zerodep.shaded.org.apache.hc.client5.http.wire - http-outgoing-1 >> "          "id" : "54c83776-87b0-420f-994b-e54a3cece9d1",[\n]"
21:06:59.222 [Test worker] DEBUG com.github.dockerjava.zerodep.shaded.org.apache.hc.client5.http.wire - http-outgoing-1 >> "          "name" : "create-client",[\n]"
21:06:59.222 [Test worker] DEBUG com.github.dockerjava.zerodep.shaded.org.apache.hc.client5.http.wire - http-outgoing-1 >> "          "description" : "${role_create-client}",[\n]"
21:06:59.222 [Test worker] DEBUG com.github.dockerjava.zerodep.shaded.org.apache.hc.client5.http.wire - http-outgoing-1 >> "          "composite" : false,[\n]"
21:06:59.222 [Test worker] DEBUG com.github.dockerjava.zerodep.shaded.org.apache.hc.client5.http.wire - http-outgoing-1 >> "          "clientRole" : true,[\n]"
21:06:59.222 [Test worker] DEBUG com.github.dockerjava.zerodep.shaded.org.apache.hc.client5.http.wire - http-outgoing-1 >> "          "containerId" : "b667a765-7ee0-4a4e-a4ed-43fbd44e7b2a",[\n]"
21:06:59.222 [Test worker] DEBUG com.github.dockerjava.zerodep.shaded.org.apache.hc.client5.http.wire - http-outgoing-1 >> "          "attributes" : { }[\n]"
21:06:59.222 [Test worker] DEBUG com.github.dockerjava.zerodep.shaded.org.apache.hc.client5.http.wire - http-outgoing-1 >> "        }, {[\n]"
21:06:59.222 [Test worker] DEBUG com.github.dockerjava.zerodep.shaded.org.apache.hc.client5.http.wire - http-outgoing-1 >> "          "id" : "3b5178c0-41c0-4ef8-a9c6-5f750fbc8605",[\n]"
21:06:59.222 [Test worker] DEBUG com.github.dockerjava.zerodep.shaded.org.apache.hc.client5.http.wire - http-outgoing-1 >> "          "name" : "query-groups",[\n]"
21:06:59.222 [Test worker] DEBUG com.github.dockerjava.zerodep.shaded.org.apache.hc.client5.http.wire - http-outgoing-1 >> "          "description" : "${role_query-groups}",[\n]"
21:06:59.222 [Test worker] DEBUG com.github.dockerjava.zerodep.shaded.org.apache.hc.client5.http.wire - http-outgoing-1 >> "          "composite" : false,[\n]"
21:06:59.222 [Test worker] DEBUG com.github.dockerjava.zerodep.shaded.org.apache.hc.client5.http.wire - http-outgoing-1 >> "          "clientRole" : true,[\n]"
21:06:59.222 [Test worker] DEBUG com.github.dockerjava.zerodep.shaded.org.apache.hc.client5.http.wire - http-outgoing-1 >> "          "containerId" : "b667a765-7ee0-4a4e-a4ed-43fbd44e7b2a",[\n]"
21:06:59.222 [Test worker] DEBUG com.github.dockerjava.zerodep.shaded.org.apache.hc.client5.http.wire - http-outgoing-1 >> "          "attributes" : { }[\n]"
21:06:59.222 [Test worker] DEBUG com.github.dockerjava.zerodep.shaded.org.apache.hc.client5.http.wire - http-outgoing-1 >> "        }, {[\n]"
21:06:59.222 [Test worker] DEBUG com.github.dockerjava.zerodep.shaded.org.apache.hc.client5.http.wire - http-outgoing-1 >> "          "id" : "4735ff33-7d6a-4414-a2bc-6f8522580ab9",[\n]"
21:06:59.222 [Test worker] DEBUG com.github.dockerjava.zerodep.shaded.org.apache.hc.client5.http.wire - http-outgoing-1 >> "          "name" : "query-realms",[\n]"
21:06:59.222 [Test worker] DEBUG com.github.dockerjava.zerodep.shaded.org.apache.hc.client5.http.wire - http-outgoing-1 >> "          "description" : "${role_query-realms}",[\n]"
21:06:59.222 [Test worker] DEBUG com.github.dockerjava.zerodep.shaded.org.apache.hc.client5.http.wire - http-outgoing-1 >> "          "composite" : false,[\n]"
21:06:59.222 [Test worker] DEBUG com.github.dockerjava.zerodep.shaded.org.apache.hc.client5.http.wire - http-outgoing-1 >> "          "clientRole" : true,[\n]"
21:06:59.222 [Test worker] DEBUG com.github.dockerjava.zerodep.shaded.org.apache.hc.client5.http.wire - http-outgoing-1 >> "          "containerId" : "b667a765-7ee0-4a4e-a4ed-43fbd44e7b2a",[\n]"
21:06:59.222 [Test worker] DEBUG com.github.dockerjava.zerodep.shaded.org.apache.hc.client5.http.wire - http-outgoing-1 >> "          "attributes" : { }[\n]"
21:06:59.222 [Test worker] DEBUG com.github.dockerjava.zerodep.shaded.org.apache.hc.client5.http.wire - http-outgoing-1 >> "        }, {[\n]"
21:06:59.222 [Test worker] DEBUG com.github.dockerjava.zerodep.shaded.org.apache.hc.client5.http.wire - http-outgoing-1 >> "          "id" : "240ff0af-5a98-478a-b8a4-776ef981a36e",[\n]"
21:06:59.222 [Test worker] DEBUG com.github.dockerjava.zerodep.shaded.org.apache.hc.client5.http.wire - http-outgoing-1 >> "          "name" : "query-clients",[\n]"
21:06:59.222 [Test worker] DEBUG com.github.dockerjava.zerodep.shaded.org.apache.hc.client5.http.wire - http-outgoing-1 >> "          "description" : "${role_query-clients}",[\n]"
21:06:59.222 [Test worker] DEBUG com.github.dockerjava.zerodep.shaded.org.apache.hc.client5.http.wire - http-outgoing-1 >> "          "composite" : false,[\n]"
21:06:59.222 [Test worker] DEBUG com.github.dockerjava.zerodep.shaded.org.apache.hc.client5.http.wire - http-outgoing-1 >> "          "clientRole" : true,[\n]"
21:06:59.222 [Test worker] DEBUG com.github.dockerjava.zerodep.shaded.org.apache.hc.client5.http.wire - http-outgoing-1 >> "          "containerId" : "b667a765-7ee0-4a4e-a4ed-43fbd44e7b2a",[\n]"
21:06:59.222 [Test worker] DEBUG com.github.dockerjava.zerodep.shaded.org.apache.hc.client5.http.wire - http-outgoing-1 >> "          "attributes" : { }[\n]"
21:06:59.222 [Test worker] DEBUG com.github.dockerjava.zerodep.shaded.org.apache.hc.client5.http.wire - http-outgoing-1 >> "        }, {[\n]"
21:06:59.222 [Test worker] DEBUG com.github.dockerjava.zerodep.shaded.org.apache.hc.client5.http.wire - http-outgoing-1 >> "          "id" : "b971d444-9c70-4c6b-a5b5-68127e65b1d1",[\n]"
21:06:59.222 [Test worker] DEBUG com.github.dockerjava.zerodep.shaded.org.apache.hc.client5.http.wire - http-outgoing-1 >> "          "name" : "view-events",[\n]"
21:06:59.222 [Test worker] DEBUG com.github.dockerjava.zerodep.shaded.org.apache.hc.client5.http.wire - http-outgoing-1 >> "          "description" : "${role_view-events}",[\n]"
21:06:59.222 [Test worker] DEBUG com.github.dockerjava.zerodep.shaded.org.apache.hc.client5.http.wire - http-outgoing-1 >> "          "composite" : false,[\n]"
21:06:59.222 [Test worker] DEBUG com.github.dockerjava.zerodep.shaded.org.apache.hc.client5.http.wire - http-outgoing-1 >> "          "clientRole" : true,[\n]"
21:06:59.222 [Test worker] DEBUG com.github.dockerjava.zerodep.shaded.org.apache.hc.client5.http.wire - http-outgoing-1 >> "  [\r][\n]"
21:06:59.222 [Test worker] DEBUG com.github.dockerjava.zerodep.shaded.org.apache.hc.client5.http.wire - http-outgoing-1 >> "1000[\r][\n]"
21:06:59.222 [Test worker] DEBUG com.github.dockerjava.zerodep.shaded.org.apache.hc.client5.http.wire - http-outgoing-1 >> "        "containerId" : "b667a765-7ee0-4a4e-a4ed-43fbd44e7b2a",[\n]"
21:06:59.222 [Test worker] DEBUG com.github.dockerjava.zerodep.shaded.org.apache.hc.client5.http.wire - http-outgoing-1 >> "          "attributes" : { }[\n]"
21:06:59.222 [Test worker] DEBUG com.github.dockerjava.zerodep.shaded.org.apache.hc.client5.http.wire - http-outgoing-1 >> "        }, {[\n]"
21:06:59.222 [Test worker] DEBUG com.github.dockerjava.zerodep.shaded.org.apache.hc.client5.http.wire - http-outgoing-1 >> "          "id" : "4e2988cc-cb32-4b3f-a06f-95bfb81523fe",[\n]"
21:06:59.222 [Test worker] DEBUG com.github.dockerjava.zerodep.shaded.org.apache.hc.client5.http.wire - http-outgoing-1 >> "          "name" : "manage-users",[\n]"
21:06:59.222 [Test worker] DEBUG com.github.dockerjava.zerodep.shaded.org.apache.hc.client5.http.wire - http-outgoing-1 >> "          "description" : "${role_manage-users}",[\n]"
21:06:59.222 [Test worker] DEBUG com.github.dockerjava.zerodep.shaded.org.apache.hc.client5.http.wire - http-outgoing-1 >> "          "composite" : false,[\n]"
21:06:59.222 [Test worker] DEBUG com.github.dockerjava.zerodep.shaded.org.apache.hc.client5.http.wire - http-outgoing-1 >> "          "clientRole" : true,[\n]"
21:06:59.222 [Test worker] DEBUG com.github.dockerjava.zerodep.shaded.org.apache.hc.client5.http.wire - http-outgoing-1 >> "          "containerId" : "b667a765-7ee0-4a4e-a4ed-43fbd44e7b2a",[\n]"
21:06:59.222 [Test worker] DEBUG com.github.dockerjava.zerodep.shaded.org.apache.hc.client5.http.wire - http-outgoing-1 >> "          "attributes" : { }[\n]"
21:06:59.222 [Test worker] DEBUG com.github.dockerjava.zerodep.shaded.org.apache.hc.client5.http.wire - http-outgoing-1 >> "        }, {[\n]"
21:06:59.222 [Test worker] DEBUG com.github.dockerjava.zerodep.shaded.org.apache.hc.client5.http.wire - http-outgoing-1 >> "          "id" : "c2b010d2-88f8-47e9-bd38-9a0c01d27df0",[\n]"
21:06:59.222 [Test worker] DEBUG com.github.dockerjava.zerodep.shaded.org.apache.hc.client5.http.wire - http-outgoing-1 >> "          "name" : "manage-authorization",[\n]"
21:06:59.222 [Test worker] DEBUG com.github.dockerjava.zerodep.shaded.org.apache.hc.client5.http.wire - http-outgoing-1 >> "          "description" : "${role_manage-authorization}",[\n]"
21:06:59.222 [Test worker] DEBUG com.github.dockerjava.zerodep.shaded.org.apache.hc.client5.http.wire - http-outgoing-1 >> "          "composite" : false,[\n]"
21:06:59.222 [Test worker] DEBUG com.github.dockerjava.zerodep.shaded.org.apache.hc.client5.http.wire - http-outgoing-1 >> "          "clientRole" : true,[\n]"
21:06:59.222 [Test worker] DEBUG com.github.dockerjava.zerodep.shaded.org.apache.hc.client5.http.wire - http-outgoing-1 >> "          "containerId" : "b667a765-7ee0-4a4e-a4ed-43fbd44e7b2a",[\n]"
21:06:59.222 [Test worker] DEBUG com.github.dockerjava.zerodep.shaded.org.apache.hc.client5.http.wire - http-outgoing-1 >> "          "attributes" : { }[\n]"
21:06:59.222 [Test worker] DEBUG com.github.dockerjava.zerodep.shaded.org.apache.hc.client5.http.wire - http-outgoing-1 >> "        }, {[\n]"
21:06:59.222 [Test worker] DEBUG com.github.dockerjava.zerodep.shaded.org.apache.hc.client5.http.wire - http-outgoing-1 >> "          "id" : "b6782f31-7b7f-4491-9f68-8b340d7a6b8f",[\n]"
21:06:59.222 [Test worker] DEBUG com.github.dockerjava.zerodep.shaded.org.apache.hc.client5.http.wire - http-outgoing-1 >> "          "name" : "view-authorization",[\n]"
21:06:59.222 [Test worker] DEBUG com.github.dockerjava.zerodep.shaded.org.apache.hc.client5.http.wire - http-outgoing-1 >> "          "description" : "${role_view-authorization}",[\n]"
21:06:59.222 [Test worker] DEBUG com.github.dockerjava.zerodep.shaded.org.apache.hc.client5.http.wire - http-outgoing-1 >> "          "composite" : false,[\n]"
21:06:59.222 [Test worker] DEBUG com.github.dockerjava.zerodep.shaded.org.apache.hc.client5.http.wire - http-outgoing-1 >> "          "clientRole" : true,[\n]"
21:06:59.222 [Test worker] DEBUG com.github.dockerjava.zerodep.shaded.org.apache.hc.client5.http.wire - http-outgoing-1 >> "          "containerId" : "b667a765-7ee0-4a4e-a4ed-43fbd44e7b2a",[\n]"
21:06:59.222 [Test worker] DEBUG com.github.dockerjava.zerodep.shaded.org.apache.hc.client5.http.wire - http-outgoing-1 >> "          "attributes" : { }[\n]"
21:06:59.222 [Test worker] DEBUG com.github.dockerjava.zerodep.shaded.org.apache.hc.client5.http.wire - http-outgoing-1 >> "        }, {[\n]"
21:06:59.222 [Test worker] DEBUG com.github.dockerjava.zerodep.shaded.org.apache.hc.client5.http.wire - http-outgoing-1 >> "          "id" : "fee75be3-a711-40f4-86ba-651852f2cb08",[\n]"
21:06:59.222 [Test worker] DEBUG com.github.dockerjava.zerodep.shaded.org.apache.hc.client5.http.wire - http-outgoing-1 >> "          "name" : "manage-identity-providers",[\n]"
21:06:59.222 [Test worker] DEBUG com.github.dockerjava.zerodep.shaded.org.apache.hc.client5.http.wire - http-outgoing-1 >> "          "description" : "${role_manage-identity-providers}",[\n]"
21:06:59.222 [Test worker] DEBUG com.github.dockerjava.zerodep.shaded.org.apache.hc.client5.http.wire - http-outgoing-1 >> "          "composite" : false,[\n]"
21:06:59.222 [Test worker] DEBUG com.github.dockerjava.zerodep.shaded.org.apache.hc.client5.http.wire - http-outgoing-1 >> "          "clientRole" : true,[\n]"
21:06:59.222 [Test worker] DEBUG com.github.dockerjava.zerodep.shaded.org.apache.hc.client5.http.wire - http-outgoing-1 >> "          "containerId" : "b667a765-7ee0-4a4e-a4ed-43fbd44e7b2a",[\n]"
21:06:59.222 [Test worker] DEBUG com.github.dockerjava.zerodep.shaded.org.apache.hc.client5.http.wire - http-outgoing-1 >> "          "attributes" : { }[\n]"
21:06:59.222 [Test worker] DEBUG com.github.dockerjava.zerodep.shaded.org.apache.hc.client5.http.wire - http-outgoing-1 >> "        }, {[\n]"
21:06:59.222 [Test worker] DEBUG com.github.dockerjava.zerodep.shaded.org.apache.hc.client5.http.wire - http-outgoing-1 >> "          "id" : "32c7516b-96c5-491b-b960-7890b06c2236",[\n]"
21:06:59.222 [Test worker] DEBUG com.github.dockerjava.zerodep.shaded.org.apache.hc.client5.http.wire - http-outgoing-1 >> "          "name" : "manage-realm",[\n]"
21:06:59.222 [Test worker] DEBUG com.github.dockerjava.zerodep.shaded.org.apache.hc.client5.http.wire - http-outgoing-1 >> "          "description" : "${role_manage-realm}",[\n]"
21:06:59.222 [Test worker] DEBUG com.github.dockerjava.zerodep.shaded.org.apache.hc.client5.http.wire - http-outgoing-1 >> "          "composite" : false,[\n]"
21:06:59.222 [Test worker] DEBUG com.github.dockerjava.zerodep.shaded.org.apache.hc.client5.http.wire - http-outgoing-1 >> "          "clientRole" : true,[\n]"
21:06:59.222 [Test worker] DEBUG com.github.dockerjava.zerodep.shaded.org.apache.hc.client5.http.wire - http-outgoing-1 >> "          "containerId" : "b667a765-7ee0-4a4e-a4ed-43fbd44e7b2a",[\n]"
21:06:59.222 [Test worker] DEBUG com.github.dockerjava.zerodep.shaded.org.apache.hc.client5.http.wire - http-outgoing-1 >> "          "attributes" : { }[\n]"
21:06:59.222 [Test worker] DEBUG com.github.dockerjava.zerodep.shaded.org.apache.hc.client5.http.wire - http-outgoing-1 >> "        }, {[\n]"
21:06:59.222 [Test worker] DEBUG com.github.dockerjava.zerodep.shaded.org.apache.hc.client5.http.wire - http-outgoing-1 >> "          "id" : "1e814c10-dfdd-4484-a12d-abab2ae678d2",[\n]"
21:06:59.222 [Test worker] DEBUG com.github.dockerjava.zerodep.shaded.org.apache.hc.client5.http.wire - http-outgoing-1 >> "          "name" : "query-users",[\n]"
21:06:59.222 [Test worker] DEBUG com.github.dockerjava.zerodep.shaded.org.apache.hc.client5.http.wire - http-outgoing-1 >> "          "description" : "${role_query-users}",[\n]"
21:06:59.222 [Test worker] DEBUG com.github.dockerjava.zerodep.shaded.org.apache.hc.client5.http.wire - http-outgoing-1 >> "          "composite" : false,[\n]"
21:06:59.222 [Test worker] DEBUG com.github.dockerjava.zerodep.shaded.org.apache.hc.client5.http.wire - http-outgoing-1 >> "          "clientRole" : true,[\n]"
21:06:59.222 [Test worker] DEBUG com.github.dockerjava.zerodep.shaded.org.apache.hc.client5.http.wire - http-outgoing-1 >> "          "containerId" : "b667a765-7ee0-4a4e-a4ed-43fbd44e7b2a",[\n]"
21:06:59.222 [Test worker] DEBUG com.github.dockerjava.zerodep.shaded.org.apache.hc.client5.http.wire - http-outgoing-1 >> "          "attributes" : { }[\n]"
21:06:59.222 [Test worker] DEBUG com.github.dockerjava.zerodep.shaded.org.apache.hc.client5.http.wire - http-outgoing-1 >> "        }, {[\n]"
21:06:59.222 [Test worker] DEBUG com.github.dockerjava.zerodep.shaded.org.apache.hc.client5.http.wire - http-outgoing-1 >> "          "id" : "bde1f358-960b-4f3f-ba94-a4f7831a92d8",[\n]"
21:06:59.222 [Test worker] DEBUG com.github.dockerjava.zerodep.shaded.org.apache.hc.client5.http.wire - http-outgoing-1 >> "          "name" : "view-clients",[\n]"
21:06:59.222 [Test worker] DEBUG com.github.dockerjava.zerodep.shaded.org.apache.hc.client5.http.wire - http-outgoing-1 >> "          "description" : "${role_view-clients}",[\n]"
21:06:59.222 [Test worker] DEBUG com.github.dockerjava.zerodep.shaded.org.apache.hc.client5.http.wire - http-outgoing-1 >> "          "composite" : true,[\n]"
21:06:59.222 [Test worker] DEBUG com.github.dockerjava.zerodep.shaded.org.apache.hc.client5.http.wire - http-outgoing-1 >> "          "composites" : {[\n]"
21:06:59.222 [Test worker] DEBUG com.github.dockerjava.zerodep.shaded.org.apache.hc.client5.http.wire - http-outgoing-1 >> "            "client" : {[\n]"
21:06:59.222 [Test worker] DEBUG com.github.dockerjava.zerodep.shaded.org.apache.hc.client5.http.wire - http-outgoing-1 >> "              "realm-management" : [ "query-clients" ][\n]"
21:06:59.222 [Test worker] DEBUG com.github.dockerjava.zerodep.shaded.org.apache.hc.client5.http.wire - http-outgoing-1 >> "            }[\n]"
21:06:59.222 [Test worker] DEBUG com.github.dockerjava.zerodep.shaded.org.apache.hc.client5.http.wire - http-outgoing-1 >> "          },[\n]"
21:06:59.222 [Test worker] DEBUG com.github.dockerjava.zerodep.shaded.org.apache.hc.client5.http.wire - http-outgoing-1 >> "          "clientRole" : true,[\n]"
21:06:59.222 [Test worker] DEBUG com.github.dockerjava.zerodep.shaded.org.apache.hc.client5.http.wire - http-outgoing-1 >> "          "containerId" : "b667a765-7ee0-4a4e-a4ed-43fbd44e7b2a",[\n]"
21:06:59.222 [Test worker] DEBUG com.github.dockerjava.zerodep.shaded.org.apache.hc.client5.http.wire - http-outgoing-1 >> "          "attributes" : { }[\n]"
21:06:59.222 [Test worker] DEBUG com.github.dockerjava.zerodep.shaded.org.apache.hc.client5.http.wire - http-outgoing-1 >> "        }, {[\n]"
21:06:59.222 [Test worker] DEBUG com.github.dockerjava.zerodep.shaded.org.apache.hc.client5.http.wire - http-outgoing-1 >> "          "id" : "4d8afe16-df27-4bf6-8976-ded7178857c6",[\n]"
21:06:59.222 [Test worker] DEBUG com.github.dockerjava.zerodep.shaded.org.apache.hc.client5.http.wire - http-outgoing-1 >> "          "name" : "view-realm",[\n]"
21:06:59.222 [Test worker] DEBUG com.github.dockerjava.zerodep.shaded.org.apache.hc.client5.http.wire - http-outgoing-1 >> "          "description" : "${role_view-realm}",[\n]"
21:06:59.222 [Test worker] DEBUG com.github.dockerjava.zerodep.shaded.org.apache.hc.client5.http.wire - http-outgoing-1 >> "          "composite" : false,[\n]"
21:06:59.222 [Test worker] DEBUG com.github.dockerjava.zerodep.shaded.org.apache.hc.client5.http.wire - http-outgoing-1 >> "          "clientRole" : true,[\n]"
21:06:59.222 [Test worker] DEBUG com.github.dockerjava.zerodep.shaded.org.apache.hc.client5.http.wire - http-outgoing-1 >> "          "containerId" : "b667a765-7ee0-4a4e-a4ed-43fbd44e7b2a",[\n]"
21:06:59.222 [Test worker] DEBUG com.github.dockerjava.zerodep.shaded.org.apache.hc.client5.http.wire - http-outgoing-1 >> "          "attributes" : { }[\n]"
21:06:59.223 [Test worker] DEBUG com.github.dockerjava.zerodep.shaded.org.apache.hc.client5.http.wire - http-outgoing-1 >> "        }, {[\n]"
21:06:59.223 [Test worker] DEBUG com.github.dockerjava.zerodep.shaded.org.apache.hc.client5.http.wire - http-outgoing-1 >> "          "id" : "d1af15d7-40d6-4000-a5ea-7b7758a644fe",[\n]"
21:06:59.223 [Test worker] DEBUG com.github.dockerjava.zerodep.shaded.org.apache.hc.client5.http.wire - http-outgoing-1 >> "          "name" : "impersonation",[\n]"
21:06:59.223 [Test worker] DEBUG com.github.dockerjava.zerodep.shaded.org.apache.hc.client5.http.wire - http-outgoing-1 >> "          "description" : "${role_impersonation}",[\n]"
21:06:59.223 [Test worker] DEBUG com.github.dockerjava.zerodep.shaded.org.apache.hc.client5.http.wire - http-outgoing-1 >> "          "composite" : false,[\n]"
21:06:59.223 [Test worker] DEBUG com.github.dockerjava.zerodep.shaded.org.apache.hc.client5.http.wire - http-outgoing-1 >> "          "clientRole" : true,[\n]"
21:06:59.223 [Test worker] DEBUG com.github.dockerjava.zerodep.shaded.org.apache.hc.client5.http.wire - http-outgoing-1 >> "          "containerId" : "b667a765-7ee0-4a4e-a4ed-43fbd44e7b2a",[\n]"
21:06:59.223 [Test worker] DEBUG com.github.dockerjava.zerodep.shaded.org.apache.hc.client5.http.wire - http-outgoing-1 >> "          "attributes" : { }[\n]"
21:06:59.223 [Test worker] DEBUG com.github.dockerjava.zerodep.shaded.org.apache.hc.client5.http.wire - http-outgoing-1 >> "        }, {[\n]"
21:06:59.223 [Test worker] DEBUG com.github.dockerjava.zerodep.shaded.org.apache.hc.client5.http.wire - http-outgoing-1 >> "          "id" : "ce0b10a2-eeef-4006-80e8-b8111e57fa9f",[\n]"
21:06:59.223 [Test worker] DEBUG com.github.dockerjava.zerodep.shaded.org.apache.hc.client5.http.wire - http-outgoing-1 >> "          "name" : "view-identity-providers",[\n]"
21:06:59.223 [Test worker] DEBUG com.github.dockerjava.zerodep.shaded.org.apache.hc.client5.http.wire - http-outgoing-1 >> "          "description" : "${role_view-identity-providers}",[\n]"
21:06:59.223 [Test worker] DEBUG com.github.dockerjava.zerodep.shaded.org.apache.hc.client5.http.wire - http-outgoing-1 >> "          "composite" : false,[\n]"
21:06:59.223 [Test worker] DEBUG com.github.dockerjava.zerodep.shaded.org.apache.hc.client5.http.wire - http-outgoing-1 >> "          "clientRole" : true,[\n]"
21:06:59.223 [Test worker] DEBUG com.github.dockerjava.zerodep.shaded.org.apache.hc.client5.http.wire - http-outgoing-1 >> "          "containerId" : "b667a765-7ee0-4a4e-a4ed-43fbd44e7b2a",[\n]"
21:06:59.223 [Test worker] DEBUG com.github.dockerjava.zerodep.shaded.org.apache.hc.client5.http.wire - http-outgoing-1 >> "          "attributes" : { }[\n]"
21:06:59.223 [Test worker] DEBUG com.github.dockerjava.zerodep.shaded.org.apache.hc.client5.http.wire - http-outgoing-1 >> "        } ],[\n]"
21:06:59.223 [Test worker] DEBUG com.github.dockerjava.zerodep.shaded.org.apache.hc.client5.http.wire - http-outgoing-1 >> "        "edge-service" : [ ],[\n]"
21:06:59.223 [Test worker] DEBUG com.github.dockerjava.zerodep.shaded.org.apache.hc.client5.http.wire - http-outgoing-1 >> "        "security-admin-console" : [ ],[\n]"
21:06:59.223 [Test worker] DEBUG com.github.dockerjava.zerodep.shaded.org.apache.hc.client5.http.wire - http-outgoing-1 >> "        "admin-cli" : [ ],[\n]"
21:06:59.223 [Test worker] DEBUG com.github.dockerjava.zerodep.shaded.org.apache.hc.client5.http.wire - http-outgoing-1 >> "        "account-console" : [ ],[\n]"
21:06:59.223 [Test worker] DEBUG com.github.dockerjava.zerodep.shaded.org.apache.hc.client5.http.wire - http-outgoing-1 >> "        "broker" : [ {[\n]"
21:06:59.223 [Test worker] DEBUG com.github.dockerjava.zerodep.shaded.org.apache.hc.client5.http.wire - http-outgoing-1 >> "          "id" : "bc3e1db8-60ff-45d7-ba98-b09547d19d26",[\n]"
21:06:59.223 [Test worker] DEBUG com.github.dockerjava.zerodep.shaded.org.apache.hc.client5.http.wire - http-outgoing-1 >> "          "name" : "read-token",[\n]"
21:06:59.223 [Test worker] DEBUG com.github.dockerjava.zerodep.shaded.org.apache.hc.client5.http.wire - http-outgoing-1 >> "          "description" : "${role_read-token}",[\n]"
21:06:59.223 [Test worker] DEBUG com.github.dockerjava.zerodep.shaded.org.apache.hc.client5.http.wire - http-outgoing-1 >> "          "composite" : false,[\n]"
21:06:59.223 [Test worker] DEBUG com.github.dockerjava.zerodep.shaded.org.apache.hc.client5.http.wire - http-outgoing-1 >> "          "clientRole" : true,[\n]"
21:06:59.223 [Test worker] DEBUG com.github.dockerjava.zerodep.shaded.org.apache.hc.client5.http.wire - http-outgoing-1 >> "          "containerId" : "b1bcd25d-6cf7-4adc-aaf3-7016d6155d27",[\n]"
21:06:59.223 [Test worker] DEBUG com.github.dockerjava.zerodep.shaded.org.apache.hc.client5.http.wire - http-outgoing-1 >> "          "attributes" : { }[\n]"
21:06:59.223 [Test worker] DEBUG com.github.dockerjava.zerodep.shaded.org.apache.hc.client5.http.wire - http-outgoing-1 >> "        } ],[\n]"
21:06:59.223 [Test worker] DEBUG com.github.dockerjava.zerodep.shaded.org.apache.hc.client5.http.wire - http-outgoing-1 >> "        "account" : [ {[\n]"
21:06:59.223 [Test worker] DEBUG com.github.dockerjava.zerodep.shaded.org.apache.hc.client5.http.wire - http-outgoing-1 >> "          "id" : "0d344b5d-6b34-4dcb-acfb-9086ff7f089d",[\n]"
21:06:59.223 [Test worker] DEBUG com.github.dockerjava.zerodep.shaded.org.apache.hc.client5.http.wire - http-outgoing-1 >> "          "name" : "manage-account",[\n]"
21:06:59.223 [Test worker] DEBUG com.github.dockerjava.zerodep.shaded.org.apache.hc.client5.http.wire - http-outgoing-1 >> "          "description" : "${role_manage-account}",[\n]"
21:06:59.223 [Test worker] DEBUG com.github.dockerjava.zerodep.shaded.org.apache.hc.client5.http.wire - http-outgoing-1 >> "          "composite" : true,[\n]"
21:06:59.223 [Test worker] DEBUG com.github.dockerjava.zerodep.shaded.org.apache.hc.client5.http.wire - http-outgoing-1 >> "    [\r][\n]"
21:06:59.223 [Test worker] DEBUG com.github.dockerjava.zerodep.shaded.org.apache.hc.client5.http.wire - http-outgoing-1 >> "1000[\r][\n]"
21:06:59.223 [Test worker] DEBUG com.github.dockerjava.zerodep.shaded.org.apache.hc.client5.http.wire - http-outgoing-1 >> "      "composites" : {[\n]"
21:06:59.223 [Test worker] DEBUG com.github.dockerjava.zerodep.shaded.org.apache.hc.client5.http.wire - http-outgoing-1 >> "            "client" : {[\n]"
21:06:59.223 [Test worker] DEBUG com.github.dockerjava.zerodep.shaded.org.apache.hc.client5.http.wire - http-outgoing-1 >> "              "account" : [ "manage-account-links" ][\n]"
21:06:59.223 [Test worker] DEBUG com.github.dockerjava.zerodep.shaded.org.apache.hc.client5.http.wire - http-outgoing-1 >> "            }[\n]"
21:06:59.223 [Test worker] DEBUG com.github.dockerjava.zerodep.shaded.org.apache.hc.client5.http.wire - http-outgoing-1 >> "          },[\n]"
21:06:59.223 [Test worker] DEBUG com.github.dockerjava.zerodep.shaded.org.apache.hc.client5.http.wire - http-outgoing-1 >> "          "clientRole" : true,[\n]"
21:06:59.223 [Test worker] DEBUG com.github.dockerjava.zerodep.shaded.org.apache.hc.client5.http.wire - http-outgoing-1 >> "          "containerId" : "9ab6d897-ae1d-4950-9c3e-e166dda8bc1e",[\n]"
21:06:59.223 [Test worker] DEBUG com.github.dockerjava.zerodep.shaded.org.apache.hc.client5.http.wire - http-outgoing-1 >> "          "attributes" : { }[\n]"
21:06:59.223 [Test worker] DEBUG com.github.dockerjava.zerodep.shaded.org.apache.hc.client5.http.wire - http-outgoing-1 >> "        }, {[\n]"
21:06:59.223 [Test worker] DEBUG com.github.dockerjava.zerodep.shaded.org.apache.hc.client5.http.wire - http-outgoing-1 >> "          "id" : "e783a727-eb4c-4bc9-b94e-8d24303513ae",[\n]"
21:06:59.223 [Test worker] DEBUG com.github.dockerjava.zerodep.shaded.org.apache.hc.client5.http.wire - http-outgoing-1 >> "          "name" : "view-profile",[\n]"
21:06:59.223 [Test worker] DEBUG com.github.dockerjava.zerodep.shaded.org.apache.hc.client5.http.wire - http-outgoing-1 >> "          "description" : "${role_view-profile}",[\n]"
21:06:59.223 [Test worker] DEBUG com.github.dockerjava.zerodep.shaded.org.apache.hc.client5.http.wire - http-outgoing-1 >> "          "composite" : false,[\n]"
21:06:59.223 [Test worker] DEBUG com.github.dockerjava.zerodep.shaded.org.apache.hc.client5.http.wire - http-outgoing-1 >> "          "clientRole" : true,[\n]"
21:06:59.223 [Test worker] DEBUG com.github.dockerjava.zerodep.shaded.org.apache.hc.client5.http.wire - http-outgoing-1 >> "          "containerId" : "9ab6d897-ae1d-4950-9c3e-e166dda8bc1e",[\n]"
21:06:59.223 [Test worker] DEBUG com.github.dockerjava.zerodep.shaded.org.apache.hc.client5.http.wire - http-outgoing-1 >> "          "attributes" : { }[\n]"
21:06:59.223 [Test worker] DEBUG com.github.dockerjava.zerodep.shaded.org.apache.hc.client5.http.wire - http-outgoing-1 >> "        }, {[\n]"
21:06:59.223 [Test worker] DEBUG com.github.dockerjava.zerodep.shaded.org.apache.hc.client5.http.wire - http-outgoing-1 >> "          "id" : "c25e9724-307a-4e2e-9cc3-f57781c94eee",[\n]"
21:06:59.223 [Test worker] DEBUG com.github.dockerjava.zerodep.shaded.org.apache.hc.client5.http.wire - http-outgoing-1 >> "          "name" : "view-applications",[\n]"
21:06:59.223 [Test worker] DEBUG com.github.dockerjava.zerodep.shaded.org.apache.hc.client5.http.wire - http-outgoing-1 >> "          "description" : "${role_view-applications}",[\n]"
21:06:59.223 [Test worker] DEBUG com.github.dockerjava.zerodep.shaded.org.apache.hc.client5.http.wire - http-outgoing-1 >> "          "composite" : false,[\n]"
21:06:59.223 [Test worker] DEBUG com.github.dockerjava.zerodep.shaded.org.apache.hc.client5.http.wire - http-outgoing-1 >> "          "clientRole" : true,[\n]"
21:06:59.223 [Test worker] DEBUG com.github.dockerjava.zerodep.shaded.org.apache.hc.client5.http.wire - http-outgoing-1 >> "          "containerId" : "9ab6d897-ae1d-4950-9c3e-e166dda8bc1e",[\n]"
21:06:59.223 [Test worker] DEBUG com.github.dockerjava.zerodep.shaded.org.apache.hc.client5.http.wire - http-outgoing-1 >> "          "attributes" : { }[\n]"
21:06:59.223 [Test worker] DEBUG com.github.dockerjava.zerodep.shaded.org.apache.hc.client5.http.wire - http-outgoing-1 >> "        }, {[\n]"
21:06:59.223 [Test worker] DEBUG com.github.dockerjava.zerodep.shaded.org.apache.hc.client5.http.wire - http-outgoing-1 >> "          "id" : "bed0492b-9524-4fc8-b957-77e31ad10eea",[\n]"
21:06:59.224 [Test worker] DEBUG com.github.dockerjava.zerodep.shaded.org.apache.hc.client5.http.wire - http-outgoing-1 >> "          "name" : "view-consent",[\n]"
21:06:59.224 [Test worker] DEBUG com.github.dockerjava.zerodep.shaded.org.apache.hc.client5.http.wire - http-outgoing-1 >> "          "description" : "${role_view-consent}",[\n]"
21:06:59.224 [Test worker] DEBUG com.github.dockerjava.zerodep.shaded.org.apache.hc.client5.http.wire - http-outgoing-1 >> "          "composite" : false,[\n]"
21:06:59.224 [Test worker] DEBUG com.github.dockerjava.zerodep.shaded.org.apache.hc.client5.http.wire - http-outgoing-1 >> "          "clientRole" : true,[\n]"
21:06:59.224 [Test worker] DEBUG com.github.dockerjava.zerodep.shaded.org.apache.hc.client5.http.wire - http-outgoing-1 >> "          "containerId" : "9ab6d897-ae1d-4950-9c3e-e166dda8bc1e",[\n]"
21:06:59.224 [Test worker] DEBUG com.github.dockerjava.zerodep.shaded.org.apache.hc.client5.http.wire - http-outgoing-1 >> "          "attributes" : { }[\n]"
21:06:59.224 [Test worker] DEBUG com.github.dockerjava.zerodep.shaded.org.apache.hc.client5.http.wire - http-outgoing-1 >> "        }, {[\n]"
21:06:59.224 [Test worker] DEBUG com.github.dockerjava.zerodep.shaded.org.apache.hc.client5.http.wire - http-outgoing-1 >> "          "id" : "f1c3e643-89f0-4c7f-9643-6d4e3ef88904",[\n]"
21:06:59.224 [Test worker] DEBUG com.github.dockerjava.zerodep.shaded.org.apache.hc.client5.http.wire - http-outgoing-1 >> "          "name" : "manage-account-links",[\n]"
21:06:59.224 [Test worker] DEBUG com.github.dockerjava.zerodep.shaded.org.apache.hc.client5.http.wire - http-outgoing-1 >> "          "description" : "${role_manage-account-links}",[\n]"
21:06:59.224 [Test worker] DEBUG com.github.dockerjava.zerodep.shaded.org.apache.hc.client5.http.wire - http-outgoing-1 >> "          "composite" : false,[\n]"
21:06:59.224 [Test worker] DEBUG com.github.dockerjava.zerodep.shaded.org.apache.hc.client5.http.wire - http-outgoing-1 >> "          "clientRole" : true,[\n]"
21:06:59.224 [Test worker] DEBUG com.github.dockerjava.zerodep.shaded.org.apache.hc.client5.http.wire - http-outgoing-1 >> "          "containerId" : "9ab6d897-ae1d-4950-9c3e-e166dda8bc1e",[\n]"
21:06:59.224 [Test worker] DEBUG com.github.dockerjava.zerodep.shaded.org.apache.hc.client5.http.wire - http-outgoing-1 >> "          "attributes" : { }[\n]"
21:06:59.224 [Test worker] DEBUG com.github.dockerjava.zerodep.shaded.org.apache.hc.client5.http.wire - http-outgoing-1 >> "        }, {[\n]"
21:06:59.224 [Test worker] DEBUG com.github.dockerjava.zerodep.shaded.org.apache.hc.client5.http.wire - http-outgoing-1 >> "          "id" : "db1f7e66-39a8-4b63-9c10-b9430a0a87d0",[\n]"
21:06:59.224 [Test worker] DEBUG com.github.dockerjava.zerodep.shaded.org.apache.hc.client5.http.wire - http-outgoing-1 >> "          "name" : "manage-consent",[\n]"
21:06:59.224 [Test worker] DEBUG com.github.dockerjava.zerodep.shaded.org.apache.hc.client5.http.wire - http-outgoing-1 >> "          "description" : "${role_manage-consent}",[\n]"
21:06:59.224 [Test worker] DEBUG com.github.dockerjava.zerodep.shaded.org.apache.hc.client5.http.wire - http-outgoing-1 >> "          "composite" : true,[\n]"
21:06:59.224 [Test worker] DEBUG com.github.dockerjava.zerodep.shaded.org.apache.hc.client5.http.wire - http-outgoing-1 >> "          "composites" : {[\n]"
21:06:59.224 [Test worker] DEBUG com.github.dockerjava.zerodep.shaded.org.apache.hc.client5.http.wire - http-outgoing-1 >> "            "client" : {[\n]"
21:06:59.224 [Test worker] DEBUG com.github.dockerjava.zerodep.shaded.org.apache.hc.client5.http.wire - http-outgoing-1 >> "              "account" : [ "view-consent" ][\n]"
21:06:59.224 [Test worker] DEBUG com.github.dockerjava.zerodep.shaded.org.apache.hc.client5.http.wire - http-outgoing-1 >> "            }[\n]"
21:06:59.224 [Test worker] DEBUG com.github.dockerjava.zerodep.shaded.org.apache.hc.client5.http.wire - http-outgoing-1 >> "          },[\n]"
21:06:59.224 [Test worker] DEBUG com.github.dockerjava.zerodep.shaded.org.apache.hc.client5.http.wire - http-outgoing-1 >> "          "clientRole" : true,[\n]"
21:06:59.224 [Test worker] DEBUG com.github.dockerjava.zerodep.shaded.org.apache.hc.client5.http.wire - http-outgoing-1 >> "          "containerId" : "9ab6d897-ae1d-4950-9c3e-e166dda8bc1e",[\n]"
21:06:59.224 [Test worker] DEBUG com.github.dockerjava.zerodep.shaded.org.apache.hc.client5.http.wire - http-outgoing-1 >> "          "attributes" : { }[\n]"
21:06:59.224 [Test worker] DEBUG com.github.dockerjava.zerodep.shaded.org.apache.hc.client5.http.wire - http-outgoing-1 >> "        }, {[\n]"
21:06:59.224 [Test worker] DEBUG com.github.dockerjava.zerodep.shaded.org.apache.hc.client5.http.wire - http-outgoing-1 >> "          "id" : "f57729a8-8fb3-4e26-bb0d-af54a01b6eba",[\n]"
21:06:59.224 [Test worker] DEBUG com.github.dockerjava.zerodep.shaded.org.apache.hc.client5.http.wire - http-outgoing-1 >> "          "name" : "delete-account",[\n]"
21:06:59.224 [Test worker] DEBUG com.github.dockerjava.zerodep.shaded.org.apache.hc.client5.http.wire - http-outgoing-1 >> "          "description" : "${role_delete-account}",[\n]"
21:06:59.224 [Test worker] DEBUG com.github.dockerjava.zerodep.shaded.org.apache.hc.client5.http.wire - http-outgoing-1 >> "          "composite" : false,[\n]"
21:06:59.224 [Test worker] DEBUG com.github.dockerjava.zerodep.shaded.org.apache.hc.client5.http.wire - http-outgoing-1 >> "          "clientRole" : true,[\n]"
21:06:59.224 [Test worker] DEBUG com.github.dockerjava.zerodep.shaded.org.apache.hc.client5.http.wire - http-outgoing-1 >> "          "containerId" : "9ab6d897-ae1d-4950-9c3e-e166dda8bc1e",[\n]"
21:06:59.224 [Test worker] DEBUG com.github.dockerjava.zerodep.shaded.org.apache.hc.client5.http.wire - http-outgoing-1 >> "          "attributes" : { }[\n]"
21:06:59.224 [Test worker] DEBUG com.github.dockerjava.zerodep.shaded.org.apache.hc.client5.http.wire - http-outgoing-1 >> "        } ][\n]"
21:06:59.224 [Test worker] DEBUG com.github.dockerjava.zerodep.shaded.org.apache.hc.client5.http.wire - http-outgoing-1 >> "      }[\n]"
21:06:59.224 [Test worker] DEBUG com.github.dockerjava.zerodep.shaded.org.apache.hc.client5.http.wire - http-outgoing-1 >> "    },[\n]"
21:06:59.224 [Test worker] DEBUG com.github.dockerjava.zerodep.shaded.org.apache.hc.client5.http.wire - http-outgoing-1 >> "    "groups" : [ ],[\n]"
21:06:59.224 [Test worker] DEBUG com.github.dockerjava.zerodep.shaded.org.apache.hc.client5.http.wire - http-outgoing-1 >> "    "defaultRole" : {[\n]"
21:06:59.224 [Test worker] DEBUG com.github.dockerjava.zerodep.shaded.org.apache.hc.client5.http.wire - http-outgoing-1 >> "      "id" : "560f65cb-0c13-4688-b9e9-13ccbeda3635",[\n]"
21:06:59.224 [Test worker] DEBUG com.github.dockerjava.zerodep.shaded.org.apache.hc.client5.http.wire - http-outgoing-1 >> "      "name" : "default-roles-polarbookshop",[\n]"
21:06:59.224 [Test worker] DEBUG com.github.dockerjava.zerodep.shaded.org.apache.hc.client5.http.wire - http-outgoing-1 >> "      "description" : "${role_default-roles}",[\n]"
21:06:59.224 [Test worker] DEBUG com.github.dockerjava.zerodep.shaded.org.apache.hc.client5.http.wire - http-outgoing-1 >> "      "composite" : true,[\n]"
21:06:59.224 [Test worker] DEBUG com.github.dockerjava.zerodep.shaded.org.apache.hc.client5.http.wire - http-outgoing-1 >> "      "clientRole" : false,[\n]"
21:06:59.224 [Test worker] DEBUG com.github.dockerjava.zerodep.shaded.org.apache.hc.client5.http.wire - http-outgoing-1 >> "      "containerId" : "879889b2-df11-4724-91cc-e1a1c2c37fed"[\n]"
21:06:59.224 [Test worker] DEBUG com.github.dockerjava.zerodep.shaded.org.apache.hc.client5.http.wire - http-outgoing-1 >> "    },[\n]"
21:06:59.224 [Test worker] DEBUG com.github.dockerjava.zerodep.shaded.org.apache.hc.client5.http.wire - http-outgoing-1 >> "    "requiredCredentials" : [ "password" ],[\n]"
21:06:59.224 [Test worker] DEBUG com.github.dockerjava.zerodep.shaded.org.apache.hc.client5.http.wire - http-outgoing-1 >> "    "otpPolicyType" : "totp",[\n]"
21:06:59.224 [Test worker] DEBUG com.github.dockerjava.zerodep.shaded.org.apache.hc.client5.http.wire - http-outgoing-1 >> "    "otpPolicyAlgorithm" : "HmacSHA1",[\n]"
21:06:59.224 [Test worker] DEBUG com.github.dockerjava.zerodep.shaded.org.apache.hc.client5.http.wire - http-outgoing-1 >> "    "otpPolicyInitialCounter" : 0,[\n]"
21:06:59.224 [Test worker] DEBUG com.github.dockerjava.zerodep.shaded.org.apache.hc.client5.http.wire - http-outgoing-1 >> "    "otpPolicyDigits" : 6,[\n]"
21:06:59.224 [Test worker] DEBUG com.github.dockerjava.zerodep.shaded.org.apache.hc.client5.http.wire - http-outgoing-1 >> "    "otpPolicyLookAheadWindow" : 1,[\n]"
21:06:59.224 [Test worker] DEBUG com.github.dockerjava.zerodep.shaded.org.apache.hc.client5.http.wire - http-outgoing-1 >> "    "otpPolicyPeriod" : 30,[\n]"
21:06:59.224 [Test worker] DEBUG com.github.dockerjava.zerodep.shaded.org.apache.hc.client5.http.wire - http-outgoing-1 >> "    "otpSupportedApplications" : [ "FreeOTP", "Google Authenticator" ],[\n]"
21:06:59.224 [Test worker] DEBUG com.github.dockerjava.zerodep.shaded.org.apache.hc.client5.http.wire - http-outgoing-1 >> "    "webAuthnPolicyRpEntityName" : "keycloak",[\n]"
21:06:59.224 [Test worker] DEBUG com.github.dockerjava.zerodep.shaded.org.apache.hc.client5.http.wire - http-outgoing-1 >> "    "webAuthnPolicySignatureAlgorithms" : [ "ES256" ],[\n]"
21:06:59.224 [Test worker] DEBUG com.github.dockerjava.zerodep.shaded.org.apache.hc.client5.http.wire - http-outgoing-1 >> "    "webAuthnPolicyRpId" : "",[\n]"
21:06:59.224 [Test worker] DEBUG com.github.dockerjava.zerodep.shaded.org.apache.hc.client5.http.wire - http-outgoing-1 >> "    "webAuthnPolicyAttestationConveyancePreference" : "not specified",[\n]"
21:06:59.224 [Test worker] DEBUG com.github.dockerjava.zerodep.shaded.org.apache.hc.client5.http.wire - http-outgoing-1 >> "    "webAuthnPolicyAuthenticatorAttachment" : "not specified",[\n]"
21:06:59.224 [Test worker] DEBUG com.github.dockerjava.zerodep.shaded.org.apache.hc.client5.http.wire - http-outgoing-1 >> "    "webAuthnPolicyRequireResidentKey" : "not specified",[\n]"
21:06:59.224 [Test worker] DEBUG com.github.dockerjava.zerodep.shaded.org.apache.hc.client5.http.wire - http-outgoing-1 >> "    "webAuthnPolicyUserVerificationRequirement" : "not specified",[\n]"
21:06:59.224 [Test worker] DEBUG com.github.dockerjava.zerodep.shaded.org.apache.hc.client5.http.wire - http-outgoing-1 >> "    "webAuthnPolicyCreateTimeout" : 0,[\n]"
21:06:59.224 [Test worker] DEBUG com.github.dockerjava.zerodep.shaded.org.apache.hc.client5.http.wire - http-outgoing-1 >> "    "webAuthnPolicyAvoidSameAuthenticatorRegister" : false,[\n]"
21:06:59.224 [Test worker] DEBUG com.github.dockerjava.zerodep.shaded.org.apache.hc.client5.http.wire - http-outgoing-1 >> "    "webAuthnPolicyAcceptableAaguids" : [ ],[\n]"
21:06:59.224 [Test worker] DEBUG com.github.dockerjava.zerodep.shaded.org.apache.hc.client5.http.wire - http-outgoing-1 >> "    "webAuthnPolicyPasswordlessRpEntityName" : "keycloak",[\n]"
21:06:59.224 [Test worker] DEBUG com.github.dockerjava.zerodep.shaded.org.apache.hc.client5.http.wire - http-outgoing-1 >> "    "webAuthnPolicyPasswordlessSignatureAlgorithms" : [ "ES256" ],[\n]"
21:06:59.224 [Test worker] DEBUG com.github.dockerjava.zerodep.shaded.org.apache.hc.client5.http.wire - http-outgoing-1 >> "    "webAuthnPolicyPasswordlessRpId" : "",[\n]"
21:06:59.224 [Test worker] DEBUG com.github.dockerjava.zerodep.shaded.org.apache.hc.client5.http.wire - http-outgoing-1 >> "    "webAuthnPolicyPasswordlessAttestationConveyancePreference" : "not specified",[\n]"
21:06:59.224 [Test worker] DEBUG com.github.dockerjava.zerodep.shaded.org.apache.hc.client5.http.wire - http-outgoing-1 >> "    "webAuthnPolicyPasswordlessAuthenticatorAttachment" : "not specified",[\n]"
21:06:59.224 [Test worker] DEBUG com.github.dockerjava.zerodep.shaded.org.apache.hc.client5.http.wire - http-outgoing-1 >> "    "webAuthnPolicyPasswordlessRequireResidentKey" : "not specified",[\n]"
21:06:59.224 [Test worker] DEBUG com.github.dockerjava.zerodep.shaded.org.apache.hc.client5.http.wire - http-outgoing-1 >> "    "webAuthnPolicyPasswordlessUserVerificationRequirement" : "not specified",[\n]"
21:06:59.224 [Test worker] DEBUG com.github.dockerjava.zerodep.shaded.org.apache.hc.client5.http.wire - http-outgoing-1 >> "    "webAuthnPolicyPasswordlessCreateTimeout" : 0,[\n]"
21:06:59.224 [Test worker] DEBUG com.github.dockerjava.zerodep.shaded.org.apache.hc.client5.http.wire - http-outgoing-1 >> "    "webAuthnPolicyPasswordlessAvoidSameAuthenticatorRegister" : false,[\n]"
21:06:59.224 [Test worker] DEBUG com.github.dockerjava.zerodep.shaded.org.apache.hc.client5.http.wire - http-outgoing-1 >> "    "webAuthnPolicyPasswordles[\r][\n]"
21:06:59.224 [Test worker] DEBUG com.github.dockerjava.zerodep.shaded.org.apache.hc.client5.http.wire - http-outgoing-1 >> "1000[\r][\n]"
21:06:59.224 [Test worker] DEBUG com.github.dockerjava.zerodep.shaded.org.apache.hc.client5.http.wire - http-outgoing-1 >> "sAcceptableAaguids" : [ ],[\n]"
21:06:59.224 [Test worker] DEBUG com.github.dockerjava.zerodep.shaded.org.apache.hc.client5.http.wire - http-outgoing-1 >> "    "users" : [ {[\n]"
21:06:59.224 [Test worker] DEBUG com.github.dockerjava.zerodep.shaded.org.apache.hc.client5.http.wire - http-outgoing-1 >> "      "id" : "e28b0395-6c30-4e47-88e3-9b447bfb7267",[\n]"
21:06:59.224 [Test worker] DEBUG com.github.dockerjava.zerodep.shaded.org.apache.hc.client5.http.wire - http-outgoing-1 >> "      "createdTimestamp" : 1654540944876,[\n]"
21:06:59.224 [Test worker] DEBUG com.github.dockerjava.zerodep.shaded.org.apache.hc.client5.http.wire - http-outgoing-1 >> "      "username" : "bjorn",[\n]"
21:06:59.225 [Test worker] DEBUG com.github.dockerjava.zerodep.shaded.org.apache.hc.client5.http.wire - http-outgoing-1 >> "      "enabled" : true,[\n]"
21:06:59.225 [Test worker] DEBUG com.github.dockerjava.zerodep.shaded.org.apache.hc.client5.http.wire - http-outgoing-1 >> "      "totp" : false,[\n]"
21:06:59.225 [Test worker] DEBUG com.github.dockerjava.zerodep.shaded.org.apache.hc.client5.http.wire - http-outgoing-1 >> "      "emailVerified" : false,[\n]"
21:06:59.225 [Test worker] DEBUG com.github.dockerjava.zerodep.shaded.org.apache.hc.client5.http.wire - http-outgoing-1 >> "      "firstName" : "Bjorn",[\n]"
21:06:59.225 [Test worker] DEBUG com.github.dockerjava.zerodep.shaded.org.apache.hc.client5.http.wire - http-outgoing-1 >> "      "lastName" : "Vinterberg",[\n]"
21:06:59.225 [Test worker] DEBUG com.github.dockerjava.zerodep.shaded.org.apache.hc.client5.http.wire - http-outgoing-1 >> "      "credentials" : [ {[\n]"
21:06:59.225 [Test worker] DEBUG com.github.dockerjava.zerodep.shaded.org.apache.hc.client5.http.wire - http-outgoing-1 >> "        "id" : "4ff88f56-ed3a-4adc-9e46-fc37debf3e99",[\n]"
21:06:59.225 [Test worker] DEBUG com.github.dockerjava.zerodep.shaded.org.apache.hc.client5.http.wire - http-outgoing-1 >> "        "type" : "password",[\n]"
21:06:59.225 [Test worker] DEBUG com.github.dockerjava.zerodep.shaded.org.apache.hc.client5.http.wire - http-outgoing-1 >> "        "createdDate" : 1654540971290,[\n]"
21:06:59.225 [Test worker] DEBUG com.github.dockerjava.zerodep.shaded.org.apache.hc.client5.http.wire - http-outgoing-1 >> "        "secretData" : "{\"value\":\"G2tnvWb5IYT/fX5sJ2BPJABYPmePx6fSTsfq2rguhHBsuH4Bx5C54m0r5ijzP+r3Q/87hsn0B6MJyiXiaRxisQ==\",\"salt\":\"JQUxC+TXJ5z1C1KiExG6TA==\",\"additionalParameters\":{}}",[\n]"
21:06:59.225 [Test worker] DEBUG com.github.dockerjava.zerodep.shaded.org.apache.hc.client5.http.wire - http-outgoing-1 >> "        "credentialData" : "{\"hashIterations\":27500,\"algorithm\":\"pbkdf2-sha256\",\"additionalParameters\":{}}"[\n]"
21:06:59.225 [Test worker] DEBUG com.github.dockerjava.zerodep.shaded.org.apache.hc.client5.http.wire - http-outgoing-1 >> "      } ],[\n]"
21:06:59.225 [Test worker] DEBUG com.github.dockerjava.zerodep.shaded.org.apache.hc.client5.http.wire - http-outgoing-1 >> "      "disableableCredentialTypes" : [ ],[\n]"
21:06:59.225 [Test worker] DEBUG com.github.dockerjava.zerodep.shaded.org.apache.hc.client5.http.wire - http-outgoing-1 >> "      "requiredActions" : [ ],[\n]"
21:06:59.225 [Test worker] DEBUG com.github.dockerjava.zerodep.shaded.org.apache.hc.client5.http.wire - http-outgoing-1 >> "      "realmRoles" : [ "customer", "default-roles-polarbookshop" ],[\n]"
21:06:59.225 [Test worker] DEBUG com.github.dockerjava.zerodep.shaded.org.apache.hc.client5.http.wire - http-outgoing-1 >> "      "notBefore" : 0,[\n]"
21:06:59.225 [Test worker] DEBUG com.github.dockerjava.zerodep.shaded.org.apache.hc.client5.http.wire - http-outgoing-1 >> "      "groups" : [ ][\n]"
21:06:59.225 [Test worker] DEBUG com.github.dockerjava.zerodep.shaded.org.apache.hc.client5.http.wire - http-outgoing-1 >> "    }, {[\n]"
21:06:59.225 [Test worker] DEBUG com.github.dockerjava.zerodep.shaded.org.apache.hc.client5.http.wire - http-outgoing-1 >> "      "id" : "8e86facd-b2fe-4936-8d53-fff3dcaee683",[\n]"
21:06:59.225 [Test worker] DEBUG com.github.dockerjava.zerodep.shaded.org.apache.hc.client5.http.wire - http-outgoing-1 >> "      "createdTimestamp" : 1654540912940,[\n]"
21:06:59.225 [Test worker] DEBUG com.github.dockerjava.zerodep.shaded.org.apache.hc.client5.http.wire - http-outgoing-1 >> "      "username" : "isabelle",[\n]"
21:06:59.225 [Test worker] DEBUG com.github.dockerjava.zerodep.shaded.org.apache.hc.client5.http.wire - http-outgoing-1 >> "      "enabled" : true,[\n]"
21:06:59.225 [Test worker] DEBUG com.github.dockerjava.zerodep.shaded.org.apache.hc.client5.http.wire - http-outgoing-1 >> "      "totp" : false,[\n]"
21:06:59.225 [Test worker] DEBUG com.github.dockerjava.zerodep.shaded.org.apache.hc.client5.http.wire - http-outgoing-1 >> "      "emailVerified" : false,[\n]"
21:06:59.225 [Test worker] DEBUG com.github.dockerjava.zerodep.shaded.org.apache.hc.client5.http.wire - http-outgoing-1 >> "      "firstName" : "Isabelle",[\n]"
21:06:59.225 [Test worker] DEBUG com.github.dockerjava.zerodep.shaded.org.apache.hc.client5.http.wire - http-outgoing-1 >> "      "lastName" : "Dahl",[\n]"
21:06:59.225 [Test worker] DEBUG com.github.dockerjava.zerodep.shaded.org.apache.hc.client5.http.wire - http-outgoing-1 >> "      "credentials" : [ {[\n]"
21:06:59.225 [Test worker] DEBUG com.github.dockerjava.zerodep.shaded.org.apache.hc.client5.http.wire - http-outgoing-1 >> "        "id" : "7197b022-b1a6-42c3-ae59-29523f8060aa",[\n]"
21:06:59.225 [Test worker] DEBUG com.github.dockerjava.zerodep.shaded.org.apache.hc.client5.http.wire - http-outgoing-1 >> "        "type" : "password",[\n]"
21:06:59.225 [Test worker] DEBUG com.github.dockerjava.zerodep.shaded.org.apache.hc.client5.http.wire - http-outgoing-1 >> "        "createdDate" : 1654540966735,[\n]"
21:06:59.225 [Test worker] DEBUG com.github.dockerjava.zerodep.shaded.org.apache.hc.client5.http.wire - http-outgoing-1 >> "        "secretData" : "{\"value\":\"DIsOYpeZ5t6/z4isr/s9xMQAajA2lLn/UCTookY+saAyLO0fsBZ2oyI76Foxze4ONJkrFyIOWXsX95nZzR42gA==\",\"salt\":\"HrTP/yh9Ipe+9oiGa09xQw==\",\"additionalParameters\":{}}",[\n]"
21:06:59.225 [Test worker] DEBUG com.github.dockerjava.zerodep.shaded.org.apache.hc.client5.http.wire - http-outgoing-1 >> "        "credentialData" : "{\"hashIterations\":27500,\"algorithm\":\"pbkdf2-sha256\",\"additionalParameters\":{}}"[\n]"
21:06:59.225 [Test worker] DEBUG com.github.dockerjava.zerodep.shaded.org.apache.hc.client5.http.wire - http-outgoing-1 >> "      } ],[\n]"
21:06:59.225 [Test worker] DEBUG com.github.dockerjava.zerodep.shaded.org.apache.hc.client5.http.wire - http-outgoing-1 >> "      "disableableCredentialTypes" : [ ],[\n]"
21:06:59.225 [Test worker] DEBUG com.github.dockerjava.zerodep.shaded.org.apache.hc.client5.http.wire - http-outgoing-1 >> "      "requiredActions" : [ ],[\n]"
21:06:59.225 [Test worker] DEBUG com.github.dockerjava.zerodep.shaded.org.apache.hc.client5.http.wire - http-outgoing-1 >> "      "realmRoles" : [ "customer", "default-roles-polarbookshop", "employee" ],[\n]"
21:06:59.225 [Test worker] DEBUG com.github.dockerjava.zerodep.shaded.org.apache.hc.client5.http.wire - http-outgoing-1 >> "      "notBefore" : 0,[\n]"
21:06:59.225 [Test worker] DEBUG com.github.dockerjava.zerodep.shaded.org.apache.hc.client5.http.wire - http-outgoing-1 >> "      "groups" : [ ][\n]"
21:06:59.225 [Test worker] DEBUG com.github.dockerjava.zerodep.shaded.org.apache.hc.client5.http.wire - http-outgoing-1 >> "    } ],[\n]"
21:06:59.225 [Test worker] DEBUG com.github.dockerjava.zerodep.shaded.org.apache.hc.client5.http.wire - http-outgoing-1 >> "    "scopeMappings" : [ {[\n]"
21:06:59.225 [Test worker] DEBUG com.github.dockerjava.zerodep.shaded.org.apache.hc.client5.http.wire - http-outgoing-1 >> "      "clientScope" : "offline_access",[\n]"
21:06:59.225 [Test worker] DEBUG com.github.dockerjava.zerodep.shaded.org.apache.hc.client5.http.wire - http-outgoing-1 >> "      "roles" : [ "offline_access" ][\n]"
21:06:59.225 [Test worker] DEBUG com.github.dockerjava.zerodep.shaded.org.apache.hc.client5.http.wire - http-outgoing-1 >> "    } ],[\n]"
21:06:59.225 [Test worker] DEBUG com.github.dockerjava.zerodep.shaded.org.apache.hc.client5.http.wire - http-outgoing-1 >> "    "clientScopeMappings" : {[\n]"
21:06:59.225 [Test worker] DEBUG com.github.dockerjava.zerodep.shaded.org.apache.hc.client5.http.wire - http-outgoing-1 >> "      "account" : [ {[\n]"
21:06:59.225 [Test worker] DEBUG com.github.dockerjava.zerodep.shaded.org.apache.hc.client5.http.wire - http-outgoing-1 >> "        "client" : "account-console",[\n]"
21:06:59.225 [Test worker] DEBUG com.github.dockerjava.zerodep.shaded.org.apache.hc.client5.http.wire - http-outgoing-1 >> "        "roles" : [ "manage-account" ][\n]"
21:06:59.225 [Test worker] DEBUG com.github.dockerjava.zerodep.shaded.org.apache.hc.client5.http.wire - http-outgoing-1 >> "      } ][\n]"
21:06:59.225 [Test worker] DEBUG com.github.dockerjava.zerodep.shaded.org.apache.hc.client5.http.wire - http-outgoing-1 >> "    },[\n]"
21:06:59.225 [Test worker] DEBUG com.github.dockerjava.zerodep.shaded.org.apache.hc.client5.http.wire - http-outgoing-1 >> "    "clients" : [ {[\n]"
21:06:59.225 [Test worker] DEBUG com.github.dockerjava.zerodep.shaded.org.apache.hc.client5.http.wire - http-outgoing-1 >> "      "id" : "9ab6d897-ae1d-4950-9c3e-e166dda8bc1e",[\n]"
21:06:59.225 [Test worker] DEBUG com.github.dockerjava.zerodep.shaded.org.apache.hc.client5.http.wire - http-outgoing-1 >> "      "clientId" : "account",[\n]"
21:06:59.225 [Test worker] DEBUG com.github.dockerjava.zerodep.shaded.org.apache.hc.client5.http.wire - http-outgoing-1 >> "      "name" : "${client_account}",[\n]"
21:06:59.225 [Test worker] DEBUG com.github.dockerjava.zerodep.shaded.org.apache.hc.client5.http.wire - http-outgoing-1 >> "      "rootUrl" : "${authBaseUrl}",[\n]"
21:06:59.225 [Test worker] DEBUG com.github.dockerjava.zerodep.shaded.org.apache.hc.client5.http.wire - http-outgoing-1 >> "      "baseUrl" : "/realms/PolarBookshop/account/",[\n]"
21:06:59.225 [Test worker] DEBUG com.github.dockerjava.zerodep.shaded.org.apache.hc.client5.http.wire - http-outgoing-1 >> "      "surrogateAuthRequired" : false,[\n]"
21:06:59.225 [Test worker] DEBUG com.github.dockerjava.zerodep.shaded.org.apache.hc.client5.http.wire - http-outgoing-1 >> "      "enabled" : true,[\n]"
21:06:59.225 [Test worker] DEBUG com.github.dockerjava.zerodep.shaded.org.apache.hc.client5.http.wire - http-outgoing-1 >> "      "alwaysDisplayInConsole" : false,[\n]"
21:06:59.225 [Test worker] DEBUG com.github.dockerjava.zerodep.shaded.org.apache.hc.client5.http.wire - http-outgoing-1 >> "      "clientAuthenticatorType" : "client-secret",[\n]"
21:06:59.226 [Test worker] DEBUG com.github.dockerjava.zerodep.shaded.org.apache.hc.client5.http.wire - http-outgoing-1 >> "      "redirectUris" : [ "/realms/PolarBookshop/account/*" ],[\n]"
21:06:59.226 [Test worker] DEBUG com.github.dockerjava.zerodep.shaded.org.apache.hc.client5.http.wire - http-outgoing-1 >> "      "webOrigins" : [ ],[\n]"
21:06:59.226 [Test worker] DEBUG com.github.dockerjava.zerodep.shaded.org.apache.hc.client5.http.wire - http-outgoing-1 >> "      "notBefore" : 0,[\n]"
21:06:59.226 [Test worker] DEBUG com.github.dockerjava.zerodep.shaded.org.apache.hc.client5.http.wire - http-outgoing-1 >> "      "bearerOnly" : false,[\n]"
21:06:59.226 [Test worker] DEBUG com.github.dockerjava.zerodep.shaded.org.apache.hc.client5.http.wire - http-outgoing-1 >> "      "consentRequired" : false,[\n]"
21:06:59.226 [Test worker] DEBUG com.github.dockerjava.zerodep.shaded.org.apache.hc.client5.http.wire - http-outgoing-1 >> "      "standardFlowEnabled" : true,[\n]"
21:06:59.226 [Test worker] DEBUG com.github.dockerjava.zerodep.shaded.org.apache.hc.client5.http.wire - http-outgoing-1 >> "      "implicitFlowEnabled" : false,[\n]"
21:06:59.226 [Test worker] DEBUG com.github.dockerjava.zerodep.shaded.org.apache.hc.client5.http.wire - http-outgoing-1 >> "      "directAccessGrantsEnabled" : false,[\n]"
21:06:59.226 [Test worker] DEBUG com.github.dockerjava.zerodep.shaded.org.apache.hc.client5.http.wire - http-outgoing-1 >> "      "serviceAccountsEnabled" : false,[\n]"
21:06:59.226 [Test worker] DEBUG com.github.dockerjava.zerodep.shaded.org.apache.hc.client5.http.wire - http-outgoing-1 >> "      "publicClient" : true,[\n]"
21:06:59.226 [Test worker] DEBUG com.github.dockerjava.zerodep.shaded.org.apache.hc.client5.http.wire - http-outgoing-1 >> "      "frontchannelLogout" : false,[\n]"
21:06:59.226 [Test worker] DEBUG com.github.dockerjava.zerodep.shaded.org.apache.hc.client5.http.wire - http-outgoing-1 >> "      "protocol" : "openid-connect",[\n]"
21:06:59.226 [Test worker] DEBUG com.github.dockerjava.zerodep.shaded.org.apache.hc.client5.http.wire - http-outgoing-1 >> "      "attributes" : { },[\n]"
21:06:59.226 [Test worker] DEBUG com.github.dockerjava.zerodep.shaded.org.apache.hc.client5.http.wire - http-outgoing-1 >> "      "authenticationFlowBindingOverrides" : { },[\n]"
21:06:59.226 [Test worker] DEBUG com.github.dockerjava.zerodep.shaded.org.apache.hc.client5.http.wire - http-outgoing-1 >> "      "fullScopeAllowed" : false,[\n]"
21:06:59.226 [Test worker] DEBUG com.github.dockerjava.zerodep.shaded.org.apache.hc.client5.http.wire - http-outgoing-1 >> "      "nodeReRegistrationTimeout" : 0,[\n]"
21:06:59.226 [Test worker] DEBUG com.github.dockerjava.zerodep.shaded.org.apache.hc.client5.http.wire - http-outgoing-1 >> "      "defaultClientScopes" : [ "web-origins", "acr", "roles", "profile", "email" ],[\n]"
21:06:59.226 [Test worker] DEBUG com.github.dockerjava.zerodep.shaded.org.apache.hc.client5.http.wire - http-outgoing-1 >> "      "optionalClientScopes" : [ "address", "phone", "offline_access", "microprofile-jwt" ][\n]"
21:06:59.226 [Test worker] DEBUG com.github.dockerjava.zerodep.shaded.org.apache.hc.client5.http.wire - http-outgoing-1 >> "    }, {[\n]"
21:06:59.226 [Test worker] DEBUG com.github.dockerjava.zerodep.shaded.org.apache.hc.client5.http.wire - http-outgoing-1 >> "      "id" : "d97f1133-2cff-4fb5-8545-5c8f1d479714",[\n]"
21:06:59.226 [Test worker] DEBUG com.github.dockerjava.zerodep.shaded.org.apache.hc.client5.http.wire - http-outgoing-1 >> "      "clientId" : "account-console",[\n]"
21:06:59.226 [Test worker] DEBUG com.github.dockerjava.zerodep.shaded.org.apache.hc.client5.http.wire - http-outgoing-1 >> "      "name" : "${client_account-console}",[\n]"
21:06:59.226 [Test worker] DEBUG com.github.dockerjava.zerodep.shaded.org.apache.hc.client5.http.wire - http-outgoing-1 >> "      "rootUrl" : "${authBaseUrl}",[\n]"
21:06:59.226 [Test worker] DEBUG com.github.dockerjava.zerodep.shaded.org.apache.hc.client5.http.wire - http-outgoing-1 >> "      "baseUrl" : "/realms/PolarBookshop/account/",[\n]"
21:06:59.226 [Test worker] DEBUG com.github.dockerjava.zerodep.shaded.org.apache.hc.client5.http.wire - http-outgoing-1 >> "      "surrogateAuthRequired" : false,[\n]"
21:06:59.226 [Test worker] DEBUG com.github.dockerjava.zerodep.shaded.org.apache.hc.client5.http.wire - http-outgoing-1 >> "      "enabled" : true,[\n]"
21:06:59.226 [Test worker] DEBUG com.github.dockerjava.zerodep.shaded.org.apache.hc.client5.http.wire - http-outgoing-1 >> "      "alwaysDisplayInConsole" : false,[\n]"
21:06:59.226 [Test worker] DEBUG com.github.dockerjava.zerodep.shaded.org.apache.hc.client5.http.wire - http-outgoing-1 >> "      "clientAuthenticatorType" : "client-secret",[\n]"
21:06:59.226 [Test worker] DEBUG com.github.dockerjava.zerodep.shaded.org.apache.hc.client5.http.wire - http-outgoing-1 >> "      "redirectUris" : [ "/realms/PolarBookshop/account/*" ],[\n]"
21:06:59.226 [Test worker] DEBUG com.github.dockerjava.zerodep.shaded.org.apache.hc.client5.http.wire - http-outgoing-1 >> "      "webOrigins" : [ ],[\n]"
21:06:59.226 [Test worker] DEBUG com.github.dockerjava.zerodep.shaded.org.apache.hc.client5.http.wire - http-outgoing-1 >> "      "notBefore" : 0,[\n]"
21:06:59.226 [Test worker] DEBUG com.github.dockerjava.zerodep.shaded.org.apache.hc.client5.http.wire - http-outgoing-1 >> "      "bearerOnly" : false,[\n]"
21:06:59.226 [Test worker] DEBUG com.github.dockerjava.zerodep.shaded.org.apache.hc.client5.http.wire - http-outgoing-1 >> "      "consentRequired" : false,[\n]"
21:06:59.226 [Test worker] DEBUG com.github.dockerjava.zerodep.shaded.org.apache.hc.client5.http.wire - http-outgoing-1 >> "      "standardFlowEnabled" : true,[\n]"
21:06:59.226 [Test worker] DEBUG com.github.dockerjava.zerodep.shaded.org.apache.hc.client5.http.wire - http-outgoing-1 >> "      "implicitFlowEnabled" : false,[\n]"
21:06:59.226 [Test worker] DEBUG com.github.dockerjava.zerodep.shaded.org.apache.hc.client5.http.wire - http-outgoing-1 >> "      "directAccessGrantsEnabled" : false,[\n]"
21:06:59.226 [Test worker] DEBUG com.github.dockerjava.zerodep.shaded.org.apache.hc.client5.http.wire - http-outgoing-1 >> "      "serviceAccountsEnabled" : false,[\n]"
21:06:59.226 [Test worker] DEBUG com.github.dockerjava.zerodep.shaded.org.apache.hc.client5.http.wire - http-outgoing-1 >> "      "publicClient" : true,[\n]"
21:06:59.226 [Test worker] DEBUG com.github.dockerjava.zerodep.shaded.org.apache.hc.client5.http.wire - http-outgoing-1 >> "      "frontchannelLogout" : false,[\n]"
21:06:59.226 [Test worker] DEBUG com.github.dockerjava.zerodep.shaded.org.apache.hc.client5.http.wire - http-outgoing-1 >> "      "[\r][\n]"
21:06:59.226 [Test worker] DEBUG com.github.dockerjava.zerodep.shaded.org.apache.hc.client5.http.wire - http-outgoing-1 >> "1000[\r][\n]"
21:06:59.226 [Test worker] DEBUG com.github.dockerjava.zerodep.shaded.org.apache.hc.client5.http.wire - http-outgoing-1 >> "protocol" : "openid-connect",[\n]"
21:06:59.226 [Test worker] DEBUG com.github.dockerjava.zerodep.shaded.org.apache.hc.client5.http.wire - http-outgoing-1 >> "      "attributes" : {[\n]"
21:06:59.226 [Test worker] DEBUG com.github.dockerjava.zerodep.shaded.org.apache.hc.client5.http.wire - http-outgoing-1 >> "        "pkce.code.challenge.method" : "S256"[\n]"
21:06:59.226 [Test worker] DEBUG com.github.dockerjava.zerodep.shaded.org.apache.hc.client5.http.wire - http-outgoing-1 >> "      },[\n]"
21:06:59.226 [Test worker] DEBUG com.github.dockerjava.zerodep.shaded.org.apache.hc.client5.http.wire - http-outgoing-1 >> "      "authenticationFlowBindingOverrides" : { },[\n]"
21:06:59.226 [Test worker] DEBUG com.github.dockerjava.zerodep.shaded.org.apache.hc.client5.http.wire - http-outgoing-1 >> "      "fullScopeAllowed" : false,[\n]"
21:06:59.226 [Test worker] DEBUG com.github.dockerjava.zerodep.shaded.org.apache.hc.client5.http.wire - http-outgoing-1 >> "      "nodeReRegistrationTimeout" : 0,[\n]"
21:06:59.226 [Test worker] DEBUG com.github.dockerjava.zerodep.shaded.org.apache.hc.client5.http.wire - http-outgoing-1 >> "      "protocolMappers" : [ {[\n]"
21:06:59.226 [Test worker] DEBUG com.github.dockerjava.zerodep.shaded.org.apache.hc.client5.http.wire - http-outgoing-1 >> "        "id" : "a6900acb-f4bc-4c3a-871c-1f5f1f752581",[\n]"
21:06:59.226 [Test worker] DEBUG com.github.dockerjava.zerodep.shaded.org.apache.hc.client5.http.wire - http-outgoing-1 >> "        "name" : "audience resolve",[\n]"
21:06:59.226 [Test worker] DEBUG com.github.dockerjava.zerodep.shaded.org.apache.hc.client5.http.wire - http-outgoing-1 >> "        "protocol" : "openid-connect",[\n]"
21:06:59.226 [Test worker] DEBUG com.github.dockerjava.zerodep.shaded.org.apache.hc.client5.http.wire - http-outgoing-1 >> "        "protocolMapper" : "oidc-audience-resolve-mapper",[\n]"
21:06:59.226 [Test worker] DEBUG com.github.dockerjava.zerodep.shaded.org.apache.hc.client5.http.wire - http-outgoing-1 >> "        "consentRequired" : false,[\n]"
21:06:59.226 [Test worker] DEBUG com.github.dockerjava.zerodep.shaded.org.apache.hc.client5.http.wire - http-outgoing-1 >> "        "config" : { }[\n]"
21:06:59.226 [Test worker] DEBUG com.github.dockerjava.zerodep.shaded.org.apache.hc.client5.http.wire - http-outgoing-1 >> "      } ],[\n]"
21:06:59.226 [Test worker] DEBUG com.github.dockerjava.zerodep.shaded.org.apache.hc.client5.http.wire - http-outgoing-1 >> "      "defaultClientScopes" : [ "web-origins", "acr", "roles", "profile", "email" ],[\n]"
21:06:59.226 [Test worker] DEBUG com.github.dockerjava.zerodep.shaded.org.apache.hc.client5.http.wire - http-outgoing-1 >> "      "optionalClientScopes" : [ "address", "phone", "offline_access", "microprofile-jwt" ][\n]"
21:06:59.226 [Test worker] DEBUG com.github.dockerjava.zerodep.shaded.org.apache.hc.client5.http.wire - http-outgoing-1 >> "    }, {[\n]"
21:06:59.226 [Test worker] DEBUG com.github.dockerjava.zerodep.shaded.org.apache.hc.client5.http.wire - http-outgoing-1 >> "      "id" : "d04c9370-2b46-4b99-b397-6b2ddef36c58",[\n]"
21:06:59.226 [Test worker] DEBUG com.github.dockerjava.zerodep.shaded.org.apache.hc.client5.http.wire - http-outgoing-1 >> "      "clientId" : "admin-cli",[\n]"
21:06:59.226 [Test worker] DEBUG com.github.dockerjava.zerodep.shaded.org.apache.hc.client5.http.wire - http-outgoing-1 >> "      "name" : "${client_admin-cli}",[\n]"
21:06:59.226 [Test worker] DEBUG com.github.dockerjava.zerodep.shaded.org.apache.hc.client5.http.wire - http-outgoing-1 >> "      "surrogateAuthRequired" : false,[\n]"
21:06:59.226 [Test worker] DEBUG com.github.dockerjava.zerodep.shaded.org.apache.hc.client5.http.wire - http-outgoing-1 >> "      "enabled" : true,[\n]"
21:06:59.226 [Test worker] DEBUG com.github.dockerjava.zerodep.shaded.org.apache.hc.client5.http.wire - http-outgoing-1 >> "      "alwaysDisplayInConsole" : false,[\n]"
21:06:59.226 [Test worker] DEBUG com.github.dockerjava.zerodep.shaded.org.apache.hc.client5.http.wire - http-outgoing-1 >> "      "clientAuthenticatorType" : "client-secret",[\n]"
21:06:59.226 [Test worker] DEBUG com.github.dockerjava.zerodep.shaded.org.apache.hc.client5.http.wire - http-outgoing-1 >> "      "redirectUris" : [ ],[\n]"
21:06:59.226 [Test worker] DEBUG com.github.dockerjava.zerodep.shaded.org.apache.hc.client5.http.wire - http-outgoing-1 >> "      "webOrigins" : [ ],[\n]"
21:06:59.226 [Test worker] DEBUG com.github.dockerjava.zerodep.shaded.org.apache.hc.client5.http.wire - http-outgoing-1 >> "      "notBefore" : 0,[\n]"
21:06:59.226 [Test worker] DEBUG com.github.dockerjava.zerodep.shaded.org.apache.hc.client5.http.wire - http-outgoing-1 >> "      "bearerOnly" : false,[\n]"
21:06:59.226 [Test worker] DEBUG com.github.dockerjava.zerodep.shaded.org.apache.hc.client5.http.wire - http-outgoing-1 >> "      "consentRequired" : false,[\n]"
21:06:59.226 [Test worker] DEBUG com.github.dockerjava.zerodep.shaded.org.apache.hc.client5.http.wire - http-outgoing-1 >> "      "standardFlowEnabled" : false,[\n]"
21:06:59.226 [Test worker] DEBUG com.github.dockerjava.zerodep.shaded.org.apache.hc.client5.http.wire - http-outgoing-1 >> "      "implicitFlowEnabled" : false,[\n]"
21:06:59.226 [Test worker] DEBUG com.github.dockerjava.zerodep.shaded.org.apache.hc.client5.http.wire - http-outgoing-1 >> "      "directAccessGrantsEnabled" : true,[\n]"
21:06:59.226 [Test worker] DEBUG com.github.dockerjava.zerodep.shaded.org.apache.hc.client5.http.wire - http-outgoing-1 >> "      "serviceAccountsEnabled" : false,[\n]"
21:06:59.226 [Test worker] DEBUG com.github.dockerjava.zerodep.shaded.org.apache.hc.client5.http.wire - http-outgoing-1 >> "      "publicClient" : true,[\n]"
21:06:59.226 [Test worker] DEBUG com.github.dockerjava.zerodep.shaded.org.apache.hc.client5.http.wire - http-outgoing-1 >> "      "frontchannelLogout" : false,[\n]"
21:06:59.226 [Test worker] DEBUG com.github.dockerjava.zerodep.shaded.org.apache.hc.client5.http.wire - http-outgoing-1 >> "      "protocol" : "openid-connect",[\n]"
21:06:59.226 [Test worker] DEBUG com.github.dockerjava.zerodep.shaded.org.apache.hc.client5.http.wire - http-outgoing-1 >> "      "attributes" : { },[\n]"
21:06:59.226 [Test worker] DEBUG com.github.dockerjava.zerodep.shaded.org.apache.hc.client5.http.wire - http-outgoing-1 >> "      "authenticationFlowBindingOverrides" : { },[\n]"
21:06:59.226 [Test worker] DEBUG com.github.dockerjava.zerodep.shaded.org.apache.hc.client5.http.wire - http-outgoing-1 >> "      "fullScopeAllowed" : false,[\n]"
21:06:59.226 [Test worker] DEBUG com.github.dockerjava.zerodep.shaded.org.apache.hc.client5.http.wire - http-outgoing-1 >> "      "nodeReRegistrationTimeout" : 0,[\n]"
21:06:59.226 [Test worker] DEBUG com.github.dockerjava.zerodep.shaded.org.apache.hc.client5.http.wire - http-outgoing-1 >> "      "defaultClientScopes" : [ "web-origins", "acr", "roles", "profile", "email" ],[\n]"
21:06:59.226 [Test worker] DEBUG com.github.dockerjava.zerodep.shaded.org.apache.hc.client5.http.wire - http-outgoing-1 >> "      "optionalClientScopes" : [ "address", "phone", "offline_access", "microprofile-jwt" ][\n]"
21:06:59.226 [Test worker] DEBUG com.github.dockerjava.zerodep.shaded.org.apache.hc.client5.http.wire - http-outgoing-1 >> "    }, {[\n]"
21:06:59.226 [Test worker] DEBUG com.github.dockerjava.zerodep.shaded.org.apache.hc.client5.http.wire - http-outgoing-1 >> "      "id" : "b1bcd25d-6cf7-4adc-aaf3-7016d6155d27",[\n]"
21:06:59.226 [Test worker] DEBUG com.github.dockerjava.zerodep.shaded.org.apache.hc.client5.http.wire - http-outgoing-1 >> "      "clientId" : "broker",[\n]"
21:06:59.226 [Test worker] DEBUG com.github.dockerjava.zerodep.shaded.org.apache.hc.client5.http.wire - http-outgoing-1 >> "      "name" : "${client_broker}",[\n]"
21:06:59.226 [Test worker] DEBUG com.github.dockerjava.zerodep.shaded.org.apache.hc.client5.http.wire - http-outgoing-1 >> "      "surrogateAuthRequired" : false,[\n]"
21:06:59.226 [Test worker] DEBUG com.github.dockerjava.zerodep.shaded.org.apache.hc.client5.http.wire - http-outgoing-1 >> "      "enabled" : true,[\n]"
21:06:59.226 [Test worker] DEBUG com.github.dockerjava.zerodep.shaded.org.apache.hc.client5.http.wire - http-outgoing-1 >> "      "alwaysDisplayInConsole" : false,[\n]"
21:06:59.226 [Test worker] DEBUG com.github.dockerjava.zerodep.shaded.org.apache.hc.client5.http.wire - http-outgoing-1 >> "      "clientAuthenticatorType" : "client-secret",[\n]"
21:06:59.226 [Test worker] DEBUG com.github.dockerjava.zerodep.shaded.org.apache.hc.client5.http.wire - http-outgoing-1 >> "      "redirectUris" : [ ],[\n]"
21:06:59.226 [Test worker] DEBUG com.github.dockerjava.zerodep.shaded.org.apache.hc.client5.http.wire - http-outgoing-1 >> "      "webOrigins" : [ ],[\n]"
21:06:59.227 [Test worker] DEBUG com.github.dockerjava.zerodep.shaded.org.apache.hc.client5.http.wire - http-outgoing-1 >> "      "notBefore" : 0,[\n]"
21:06:59.227 [Test worker] DEBUG com.github.dockerjava.zerodep.shaded.org.apache.hc.client5.http.wire - http-outgoing-1 >> "      "bearerOnly" : true,[\n]"
21:06:59.227 [Test worker] DEBUG com.github.dockerjava.zerodep.shaded.org.apache.hc.client5.http.wire - http-outgoing-1 >> "      "consentRequired" : false,[\n]"
21:06:59.227 [Test worker] DEBUG com.github.dockerjava.zerodep.shaded.org.apache.hc.client5.http.wire - http-outgoing-1 >> "      "standardFlowEnabled" : true,[\n]"
21:06:59.227 [Test worker] DEBUG com.github.dockerjava.zerodep.shaded.org.apache.hc.client5.http.wire - http-outgoing-1 >> "      "implicitFlowEnabled" : false,[\n]"
21:06:59.227 [Test worker] DEBUG com.github.dockerjava.zerodep.shaded.org.apache.hc.client5.http.wire - http-outgoing-1 >> "      "directAccessGrantsEnabled" : false,[\n]"
21:06:59.227 [Test worker] DEBUG com.github.dockerjava.zerodep.shaded.org.apache.hc.client5.http.wire - http-outgoing-1 >> "      "serviceAccountsEnabled" : false,[\n]"
21:06:59.227 [Test worker] DEBUG com.github.dockerjava.zerodep.shaded.org.apache.hc.client5.http.wire - http-outgoing-1 >> "      "publicClient" : false,[\n]"
21:06:59.227 [Test worker] DEBUG com.github.dockerjava.zerodep.shaded.org.apache.hc.client5.http.wire - http-outgoing-1 >> "      "frontchannelLogout" : false,[\n]"
21:06:59.227 [Test worker] DEBUG com.github.dockerjava.zerodep.shaded.org.apache.hc.client5.http.wire - http-outgoing-1 >> "      "protocol" : "openid-connect",[\n]"
21:06:59.227 [Test worker] DEBUG com.github.dockerjava.zerodep.shaded.org.apache.hc.client5.http.wire - http-outgoing-1 >> "      "attributes" : { },[\n]"
21:06:59.227 [Test worker] DEBUG com.github.dockerjava.zerodep.shaded.org.apache.hc.client5.http.wire - http-outgoing-1 >> "      "authenticationFlowBindingOverrides" : { },[\n]"
21:06:59.227 [Test worker] DEBUG com.github.dockerjava.zerodep.shaded.org.apache.hc.client5.http.wire - http-outgoing-1 >> "      "fullScopeAllowed" : false,[\n]"
21:06:59.227 [Test worker] DEBUG com.github.dockerjava.zerodep.shaded.org.apache.hc.client5.http.wire - http-outgoing-1 >> "      "nodeReRegistrationTimeout" : 0,[\n]"
21:06:59.227 [Test worker] DEBUG com.github.dockerjava.zerodep.shaded.org.apache.hc.client5.http.wire - http-outgoing-1 >> "      "defaultClientScopes" : [ "web-origins", "acr", "roles", "profile", "email" ],[\n]"
21:06:59.227 [Test worker] DEBUG com.github.dockerjava.zerodep.shaded.org.apache.hc.client5.http.wire - http-outgoing-1 >> "      "optionalClientScopes" : [ "address", "phone", "offline_access", "microprofile-jwt" ][\n]"
21:06:59.227 [Test worker] DEBUG com.github.dockerjava.zerodep.shaded.org.apache.hc.client5.http.wire - http-outgoing-1 >> "    }, {[\n]"
21:06:59.227 [Test worker] DEBUG com.github.dockerjava.zerodep.shaded.org.apache.hc.client5.http.wire - http-outgoing-1 >> "      "id" : "752ef05c-2457-44b3-a807-a6b832daa6ab",[\n]"
21:06:59.227 [Test worker] DEBUG com.github.dockerjava.zerodep.shaded.org.apache.hc.client5.http.wire - http-outgoing-1 >> "      "clientId" : "edge-service",[\n]"
21:06:59.227 [Test worker] DEBUG com.github.dockerjava.zerodep.shaded.org.apache.hc.client5.http.wire - http-outgoing-1 >> "      "surrogateAuthRequired" : false,[\n]"
21:06:59.227 [Test worker] DEBUG com.github.dockerjava.zerodep.shaded.org.apache.hc.client5.http.wire - http-outgoing-1 >> "      "enabled" : true,[\n]"
21:06:59.227 [Test worker] DEBUG com.github.dockerjava.zerodep.shaded.org.apache.hc.client5.http.wire - http-outgoing-1 >> "      "alwaysDisplayInConsole" : false,[\n]"
21:06:59.227 [Test worker] DEBUG com.github.dockerjava.zerodep.shaded.org.apache.hc.client5.http.wire - http-outgoing-1 >> "      "clientAuthenticatorType" : "client-secret",[\n]"
21:06:59.227 [Test worker] DEBUG com.github.dockerjava.zerodep.shaded.org.apache.hc.client5.http.wire - http-outgoing-1 >> "      "secret" : "polar-keycloak-secret",[\n]"
21:06:59.227 [Test worker] DEBUG com.github.dockerjava.zerodep.shaded.org.apache.hc.client5.http.wire - http-outgoing-1 >> "      "redirectUris" : [ "http://localhost:9000/login/oauth2/code/*", "http://localhost:9000" ],[\n]"
21:06:59.227 [Test worker] DEBUG com.github.dockerjava.zerodep.shaded.org.apache.hc.client5.http.wire - http-outgoing-1 >> "      "webOrigins" : [ "http://localhost:9000" ],[\n]"
21:06:59.227 [Test worker] DEBUG com.github.dockerjava.zerodep.shaded.org.apache.hc.client5.http.wire - http-outgoing-1 >> "      "notBefore" : 0,[\n]"
21:06:59.227 [Test worker] DEBUG com.github.dockerjava.zerodep.shaded.org.apache.hc.client5.http.wire - http-outgoing-1 >> "      "bearerOnly" : false,[\n]"
21:06:59.227 [Test worker] DEBUG com.github.dockerjava.zerodep.shaded.org.apache.hc.client5.http.wire - http-outgoing-1 >> "      "consentRequired" : false,[\n]"
21:06:59.227 [Test worker] DEBUG com.github.dockerjava.zerodep.shaded.org.apache.hc.client5.http.wire - http-outgoing-1 >> "      "standardFlowEnabled" : true,[\n]"
21:06:59.227 [Test worker] DEBUG com.github.dockerjava.zerodep.shaded.org.apache.hc.client5.http.wire - http-outgoing-1 >> "      "implicitFlowEnabled" : false,[\n]"
21:06:59.227 [Test worker] DEBUG com.github.dockerjava.zerodep.shaded.org.apache.hc.client5.http.wire - http-outgoing-1 >> "      "directAccessGrantsEnabled" : false,[\n]"
21:06:59.227 [Test worker] DEBUG com.github.dockerjava.zerodep.shaded.org.apache.hc.client5.http.wire - http-outgoing-1 >> "      "serviceAccountsEnabled" : false,[\n]"
21:06:59.227 [Test worker] DEBUG com.github.dockerjava.zerodep.shaded.org.apache.hc.client5.http.wire - http-outgoing-1 >> "      "publicClient" : false,[\n]"
21:06:59.227 [Test worker] DEBUG com.github.dockerjava.zerodep.shaded.org.apache.hc.client5.http.wire - http-outgoing-1 >> "      "frontchannelLogout" : false,[\n]"
21:06:59.228 [Test worker] DEBUG com.github.dockerjava.zerodep.shaded.org.apache.hc.client5.http.wire - http-outgoing-1 >> "      "protocol" : "openid-connect",[\n]"
21:06:59.228 [Test worker] DEBUG com.github.dockerjava.zerodep.shaded.org.apache.hc.client5.http.wire - http-outgoing-1 >> "      "attributes" : { },[\n]"
21:06:59.228 [Test worker] DEBUG com.github.dockerjava.zerodep.shaded.org.apache.hc.client5.http.wire - http-outgoing-1 >> "      "authenticationFlowBindingOverrides" : { },[\n]"
21:06:59.228 [Test worker] DEBUG com.github.dockerjava.zerodep.shaded.org.apache.hc.client5.http.wire - http-outgoing-1 >> "      "fullScopeAllowed" : true,[\n]"
21:06:59.228 [Test worker] DEBUG com.github.dockerjava.zerodep.shaded.org.apache.hc.client5.http.wire - http-outgoing-1 >> "      "nodeReRegistrationTimeout" : -1,[\n]"
21:06:59.228 [Test worker] DEBUG com.github.dockerjava.zerodep.shaded.org.apache.hc.client5.http.wire - http-outgoing-1 >> "      "defaultClientScopes" : [ "web-origins", "acr", "roles", "profile", "email" ],[\n]"
21:06:59.228 [Test worker] DEBUG com.github.dockerjava.zerodep.shaded.org.apache.hc.client5.http.wire - http-outgoing-1 >> "      "optionalClientScopes" : [ "address", "phone", "offline_access", "microprofile-jwt" ][\n]"
21:06:59.228 [Test worker] DEBUG com.github.dockerjava.zerodep.shaded.org.apache.hc.client5.http.wire - http-outgoing-1 >> "    }, {[\n]"
21:06:59.228 [Test worker] DEBUG com.github.dockerjava.zerodep.shaded.org.apache.hc.client5.http.wire - http-outgoing-1 >> "      "id" : "e6386b02-4478-4aab-a8ab-e0898982e782",[\n]"
21:06:59.228 [Test worker] DEBUG com.github.dockerjava.zerodep.shaded.org.apache.hc.client5.http.wire - http-outgoing-1 >> "      "clientId" : "polar-test",[\n]"
21:06:59.228 [Test worker] DEBUG com.github.dockerjava.zerodep.shaded.org.apache.hc.client5.http.wire - http-outgoing-1 >> "      "surrogateAuthRequired" : false,[\n]"
21:06:59.228 [Test worker] DEBUG com.github.dockerjava.zerodep.shaded.org.apache.hc.client5.http.wire - http-outgoing-1 >> "      "enabled" : true,[\n]"
21:06:59.228 [Test worker] DEBUG com.github.dockerjava.zerodep.shaded.org.apache.hc.client5.http.wire - http-outgoing-1 >> "      "alwaysDisplayInConsole" : false,[\n]"
21:06:59.228 [Test worker] DEBUG com.github.dockerjava.zerodep.shaded.org.apache.hc.client5.http.wire - http-outgoing-1 >> "      "clientAuthenticatorType" : "client-secret",[\n]"
21:06:59.228 [Test worker] DEBUG com.github.dockerjava.zerodep.shaded.org.apache.hc.client5.http.wire - http-outgoing-1 >> "      "redirectUris" : [ "*" ],[\r][\n]"
21:06:59.228 [Test worker] DEBUG com.github.dockerjava.zerodep.shaded.org.apache.hc.client5.http.wire - http-outgoing-1 >> "1000[\r][\n]"
21:06:59.230 [Test worker] DEBUG com.github.dockerjava.zerodep.shaded.org.apache.hc.client5.http.wire - http-outgoing-1 >> "[\n]"
21:06:59.230 [Test worker] DEBUG com.github.dockerjava.zerodep.shaded.org.apache.hc.client5.http.wire - http-outgoing-1 >> "      "webOrigins" : [ ],[\n]"
21:06:59.230 [Test worker] DEBUG com.github.dockerjava.zerodep.shaded.org.apache.hc.client5.http.wire - http-outgoing-1 >> "      "notBefore" : 0,[\n]"
21:06:59.230 [Test worker] DEBUG com.github.dockerjava.zerodep.shaded.org.apache.hc.client5.http.wire - http-outgoing-1 >> "      "bearerOnly" : false,[\n]"
21:06:59.230 [Test worker] DEBUG com.github.dockerjava.zerodep.shaded.org.apache.hc.client5.http.wire - http-outgoing-1 >> "      "consentRequired" : false,[\n]"
21:06:59.230 [Test worker] DEBUG com.github.dockerjava.zerodep.shaded.org.apache.hc.client5.http.wire - http-outgoing-1 >> "      "standardFlowEnabled" : true,[\n]"
21:06:59.230 [Test worker] DEBUG com.github.dockerjava.zerodep.shaded.org.apache.hc.client5.http.wire - http-outgoing-1 >> "      "implicitFlowEnabled" : false,[\n]"
21:06:59.230 [Test worker] DEBUG com.github.dockerjava.zerodep.shaded.org.apache.hc.client5.http.wire - http-outgoing-1 >> "      "directAccessGrantsEnabled" : true,[\n]"
21:06:59.230 [Test worker] DEBUG com.github.dockerjava.zerodep.shaded.org.apache.hc.client5.http.wire - http-outgoing-1 >> "      "serviceAccountsEnabled" : false,[\n]"
21:06:59.230 [Test worker] DEBUG com.github.dockerjava.zerodep.shaded.org.apache.hc.client5.http.wire - http-outgoing-1 >> "      "publicClient" : true,[\n]"
21:06:59.230 [Test worker] DEBUG com.github.dockerjava.zerodep.shaded.org.apache.hc.client5.http.wire - http-outgoing-1 >> "      "frontchannelLogout" : false,[\n]"
21:06:59.230 [Test worker] DEBUG com.github.dockerjava.zerodep.shaded.org.apache.hc.client5.http.wire - http-outgoing-1 >> "      "protocol" : "openid-connect",[\n]"
21:06:59.230 [Test worker] DEBUG com.github.dockerjava.zerodep.shaded.org.apache.hc.client5.http.wire - http-outgoing-1 >> "      "attributes" : {[\n]"
21:06:59.230 [Test worker] DEBUG com.github.dockerjava.zerodep.shaded.org.apache.hc.client5.http.wire - http-outgoing-1 >> "        "saml.force.post.binding" : "false",[\n]"
21:06:59.230 [Test worker] DEBUG com.github.dockerjava.zerodep.shaded.org.apache.hc.client5.http.wire - http-outgoing-1 >> "        "saml.multivalued.roles" : "false",[\n]"
21:06:59.230 [Test worker] DEBUG com.github.dockerjava.zerodep.shaded.org.apache.hc.client5.http.wire - http-outgoing-1 >> "        "frontchannel.logout.session.required" : "false",[\n]"
21:06:59.230 [Test worker] DEBUG com.github.dockerjava.zerodep.shaded.org.apache.hc.client5.http.wire - http-outgoing-1 >> "        "oauth2.device.authorization.grant.enabled" : "false",[\n]"
21:06:59.230 [Test worker] DEBUG com.github.dockerjava.zerodep.shaded.org.apache.hc.client5.http.wire - http-outgoing-1 >> "        "backchannel.logout.revoke.offline.tokens" : "false",[\n]"
21:06:59.230 [Test worker] DEBUG com.github.dockerjava.zerodep.shaded.org.apache.hc.client5.http.wire - http-outgoing-1 >> "        "saml.server.signature.keyinfo.ext" : "false",[\n]"
21:06:59.231 [Test worker] DEBUG com.github.dockerjava.zerodep.shaded.org.apache.hc.client5.http.wire - http-outgoing-1 >> "        "use.refresh.tokens" : "true",[\n]"
21:06:59.231 [Test worker] DEBUG com.github.dockerjava.zerodep.shaded.org.apache.hc.client5.http.wire - http-outgoing-1 >> "        "oidc.ciba.grant.enabled" : "false",[\n]"
21:06:59.231 [Test worker] DEBUG com.github.dockerjava.zerodep.shaded.org.apache.hc.client5.http.wire - http-outgoing-1 >> "        "backchannel.logout.session.required" : "true",[\n]"
21:06:59.231 [Test worker] DEBUG com.github.dockerjava.zerodep.shaded.org.apache.hc.client5.http.wire - http-outgoing-1 >> "        "client_credentials.use_refresh_token" : "false",[\n]"
21:06:59.231 [Test worker] DEBUG com.github.dockerjava.zerodep.shaded.org.apache.hc.client5.http.wire - http-outgoing-1 >> "        "require.pushed.authorization.requests" : "false",[\n]"
21:06:59.231 [Test worker] DEBUG com.github.dockerjava.zerodep.shaded.org.apache.hc.client5.http.wire - http-outgoing-1 >> "        "saml.client.signature" : "false",[\n]"
21:06:59.231 [Test worker] DEBUG com.github.dockerjava.zerodep.shaded.org.apache.hc.client5.http.wire - http-outgoing-1 >> "        "saml.allow.ecp.flow" : "false",[\n]"
21:06:59.231 [Test worker] DEBUG com.github.dockerjava.zerodep.shaded.org.apache.hc.client5.http.wire - http-outgoing-1 >> "        "id.token.as.detached.signature" : "false",[\n]"
21:06:59.231 [Test worker] DEBUG com.github.dockerjava.zerodep.shaded.org.apache.hc.client5.http.wire - http-outgoing-1 >> "        "saml.assertion.signature" : "false",[\n]"
21:06:59.231 [Test worker] DEBUG com.github.dockerjava.zerodep.shaded.org.apache.hc.client5.http.wire - http-outgoing-1 >> "        "saml.encrypt" : "false",[\n]"
21:06:59.231 [Test worker] DEBUG com.github.dockerjava.zerodep.shaded.org.apache.hc.client5.http.wire - http-outgoing-1 >> "        "saml.server.signature" : "false",[\n]"
21:06:59.231 [Test worker] DEBUG com.github.dockerjava.zerodep.shaded.org.apache.hc.client5.http.wire - http-outgoing-1 >> "        "exclude.session.state.from.auth.response" : "false",[\n]"
21:06:59.231 [Test worker] DEBUG com.github.dockerjava.zerodep.shaded.org.apache.hc.client5.http.wire - http-outgoing-1 >> "        "saml.artifact.binding" : "false",[\n]"
21:06:59.231 [Test worker] DEBUG com.github.dockerjava.zerodep.shaded.org.apache.hc.client5.http.wire - http-outgoing-1 >> "        "saml_force_name_id_format" : "false",[\n]"
21:06:59.231 [Test worker] DEBUG com.github.dockerjava.zerodep.shaded.org.apache.hc.client5.http.wire - http-outgoing-1 >> "        "acr.loa.map" : "{}",[\n]"
21:06:59.231 [Test worker] DEBUG com.github.dockerjava.zerodep.shaded.org.apache.hc.client5.http.wire - http-outgoing-1 >> "        "tls.client.certificate.bound.access.tokens" : "false",[\n]"
21:06:59.231 [Test worker] DEBUG com.github.dockerjava.zerodep.shaded.org.apache.hc.client5.http.wire - http-outgoing-1 >> "        "saml.authnstatement" : "false",[\n]"
21:06:59.231 [Test worker] DEBUG com.github.dockerjava.zerodep.shaded.org.apache.hc.client5.http.wire - http-outgoing-1 >> "        "display.on.consent.screen" : "false",[\n]"
21:06:59.231 [Test worker] DEBUG com.github.dockerjava.zerodep.shaded.org.apache.hc.client5.http.wire - http-outgoing-1 >> "        "token.response.type.bearer.lower-case" : "false",[\n]"
21:06:59.231 [Test worker] DEBUG com.github.dockerjava.zerodep.shaded.org.apache.hc.client5.http.wire - http-outgoing-1 >> "        "saml.onetimeuse.condition" : "false"[\n]"
21:06:59.231 [Test worker] DEBUG com.github.dockerjava.zerodep.shaded.org.apache.hc.client5.http.wire - http-outgoing-1 >> "      },[\n]"
21:06:59.231 [Test worker] DEBUG com.github.dockerjava.zerodep.shaded.org.apache.hc.client5.http.wire - http-outgoing-1 >> "      "authenticationFlowBindingOverrides" : { },[\n]"
21:06:59.231 [Test worker] DEBUG com.github.dockerjava.zerodep.shaded.org.apache.hc.client5.http.wire - http-outgoing-1 >> "      "fullScopeAllowed" : true,[\n]"
21:06:59.231 [Test worker] DEBUG com.github.dockerjava.zerodep.shaded.org.apache.hc.client5.http.wire - http-outgoing-1 >> "      "nodeReRegistrationTimeout" : -1,[\n]"
21:06:59.231 [Test worker] DEBUG com.github.dockerjava.zerodep.shaded.org.apache.hc.client5.http.wire - http-outgoing-1 >> "      "defaultClientScopes" : [ "web-origins", "acr", "roles", "profile", "email" ],[\n]"
21:06:59.231 [Test worker] DEBUG com.github.dockerjava.zerodep.shaded.org.apache.hc.client5.http.wire - http-outgoing-1 >> "      "optionalClientScopes" : [ "address", "phone", "offline_access", "microprofile-jwt" ][\n]"
21:06:59.231 [Test worker] DEBUG com.github.dockerjava.zerodep.shaded.org.apache.hc.client5.http.wire - http-outgoing-1 >> "    }, {[\n]"
21:06:59.231 [Test worker] DEBUG com.github.dockerjava.zerodep.shaded.org.apache.hc.client5.http.wire - http-outgoing-1 >> "      "id" : "b667a765-7ee0-4a4e-a4ed-43fbd44e7b2a",[\n]"
21:06:59.231 [Test worker] DEBUG com.github.dockerjava.zerodep.shaded.org.apache.hc.client5.http.wire - http-outgoing-1 >> "      "clientId" : "realm-management",[\n]"
21:06:59.231 [Test worker] DEBUG com.github.dockerjava.zerodep.shaded.org.apache.hc.client5.http.wire - http-outgoing-1 >> "      "name" : "${client_realm-management}",[\n]"
21:06:59.231 [Test worker] DEBUG com.github.dockerjava.zerodep.shaded.org.apache.hc.client5.http.wire - http-outgoing-1 >> "      "surrogateAuthRequired" : false,[\n]"
21:06:59.231 [Test worker] DEBUG com.github.dockerjava.zerodep.shaded.org.apache.hc.client5.http.wire - http-outgoing-1 >> "      "enabled" : true,[\n]"
21:06:59.231 [Test worker] DEBUG com.github.dockerjava.zerodep.shaded.org.apache.hc.client5.http.wire - http-outgoing-1 >> "      "alwaysDisplayInConsole" : false,[\n]"
21:06:59.231 [Test worker] DEBUG com.github.dockerjava.zerodep.shaded.org.apache.hc.client5.http.wire - http-outgoing-1 >> "      "clientAuthenticatorType" : "client-secret",[\n]"
21:06:59.231 [Test worker] DEBUG com.github.dockerjava.zerodep.shaded.org.apache.hc.client5.http.wire - http-outgoing-1 >> "      "redirectUris" : [ ],[\n]"
21:06:59.231 [Test worker] DEBUG com.github.dockerjava.zerodep.shaded.org.apache.hc.client5.http.wire - http-outgoing-1 >> "      "webOrigins" : [ ],[\n]"
21:06:59.231 [Test worker] DEBUG com.github.dockerjava.zerodep.shaded.org.apache.hc.client5.http.wire - http-outgoing-1 >> "      "notBefore" : 0,[\n]"
21:06:59.231 [Test worker] DEBUG com.github.dockerjava.zerodep.shaded.org.apache.hc.client5.http.wire - http-outgoing-1 >> "      "bearerOnly" : true,[\n]"
21:06:59.231 [Test worker] DEBUG com.github.dockerjava.zerodep.shaded.org.apache.hc.client5.http.wire - http-outgoing-1 >> "      "consentRequired" : false,[\n]"
21:06:59.231 [Test worker] DEBUG com.github.dockerjava.zerodep.shaded.org.apache.hc.client5.http.wire - http-outgoing-1 >> "      "standardFlowEnabled" : true,[\n]"
21:06:59.231 [Test worker] DEBUG com.github.dockerjava.zerodep.shaded.org.apache.hc.client5.http.wire - http-outgoing-1 >> "      "implicitFlowEnabled" : false,[\n]"
21:06:59.231 [Test worker] DEBUG com.github.dockerjava.zerodep.shaded.org.apache.hc.client5.http.wire - http-outgoing-1 >> "      "directAccessGrantsEnabled" : false,[\n]"
21:06:59.232 [Test worker] DEBUG com.github.dockerjava.zerodep.shaded.org.apache.hc.client5.http.wire - http-outgoing-1 >> "      "serviceAccountsEnabled" : false,[\n]"
21:06:59.232 [Test worker] DEBUG com.github.dockerjava.zerodep.shaded.org.apache.hc.client5.http.wire - http-outgoing-1 >> "      "publicClient" : false,[\n]"
21:06:59.232 [Test worker] DEBUG com.github.dockerjava.zerodep.shaded.org.apache.hc.client5.http.wire - http-outgoing-1 >> "      "frontchannelLogout" : false,[\n]"
21:06:59.232 [Test worker] DEBUG com.github.dockerjava.zerodep.shaded.org.apache.hc.client5.http.wire - http-outgoing-1 >> "      "protocol" : "openid-connect",[\n]"
21:06:59.232 [Test worker] DEBUG com.github.dockerjava.zerodep.shaded.org.apache.hc.client5.http.wire - http-outgoing-1 >> "      "attributes" : { },[\n]"
21:06:59.232 [Test worker] DEBUG com.github.dockerjava.zerodep.shaded.org.apache.hc.client5.http.wire - http-outgoing-1 >> "      "authenticationFlowBindingOverrides" : { },[\n]"
21:06:59.232 [Test worker] DEBUG com.github.dockerjava.zerodep.shaded.org.apache.hc.client5.http.wire - http-outgoing-1 >> "      "fullScopeAllowed" : false,[\n]"
21:06:59.232 [Test worker] DEBUG com.github.dockerjava.zerodep.shaded.org.apache.hc.client5.http.wire - http-outgoing-1 >> "      "nodeReRegistrationTimeout" : 0,[\n]"
21:06:59.232 [Test worker] DEBUG com.github.dockerjava.zerodep.shaded.org.apache.hc.client5.http.wire - http-outgoing-1 >> "      "defaultClientScopes" : [ "web-origins", "acr", "roles", "profile", "email" ],[\n]"
21:06:59.232 [Test worker] DEBUG com.github.dockerjava.zerodep.shaded.org.apache.hc.client5.http.wire - http-outgoing-1 >> "      "optionalClientScopes" : [ "address", "phone", "offline_access", "microprofile-jwt" ][\n]"
21:06:59.232 [Test worker] DEBUG com.github.dockerjava.zerodep.shaded.org.apache.hc.client5.http.wire - http-outgoing-1 >> "    }, {[\n]"
21:06:59.232 [Test worker] DEBUG com.github.dockerjava.zerodep.shaded.org.apache.hc.client5.http.wire - http-outgoing-1 >> "      "id" : "36fe93d5-9dca-4fe9-b5e5-601003553c8f",[\n]"
21:06:59.232 [Test worker] DEBUG com.github.dockerjava.zerodep.shaded.org.apache.hc.client5.http.wire - http-outgoing-1 >> "      "clientId" : "security-admin-console",[\n]"
21:06:59.232 [Test worker] DEBUG com.github.dockerjava.zerodep.shaded.org.apache.hc.client5.http.wire - http-outgoing-1 >> "      "name" : "${client_security-admin-console}",[\n]"
21:06:59.232 [Test worker] DEBUG com.github.dockerjava.zerodep.shaded.org.apache.hc.client5.http.wire - http-outgoing-1 >> "      "rootUrl" : "${authAdminUrl}",[\n]"
21:06:59.232 [Test worker] DEBUG com.github.dockerjava.zerodep.shaded.org.apache.hc.client5.http.wire - http-outgoing-1 >> "      "baseUrl" : "/admin/PolarBookshop/console/",[\n]"
21:06:59.232 [Test worker] DEBUG com.github.dockerjava.zerodep.shaded.org.apache.hc.client5.http.wire - http-outgoing-1 >> "      "surrogateAuthRequired" : false,[\n]"
21:06:59.232 [Test worker] DEBUG com.github.dockerjava.zerodep.shaded.org.apache.hc.client5.http.wire - http-outgoing-1 >> "      "enabled" : true,[\n]"
21:06:59.232 [Test worker] DEBUG com.github.dockerjava.zerodep.shaded.org.apache.hc.client5.http.wire - http-outgoing-1 >> "      "alwaysDisplayInConsole" : false,[\n]"
21:06:59.232 [Test worker] DEBUG com.github.dockerjava.zerodep.shaded.org.apache.hc.client5.http.wire - http-outgoing-1 >> "      "clientAuthenticatorType" : "client-secret",[\n]"
21:06:59.232 [Test worker] DEBUG com.github.dockerjava.zerodep.shaded.org.apache.hc.client5.http.wire - http-outgoing-1 >> "      "redirectUris" : [ "/admin/PolarBookshop/console/*" ],[\n]"
21:06:59.232 [Test worker] DEBUG com.github.dockerjava.zerodep.shaded.org.apache.hc.client5.http.wire - http-outgoing-1 >> "      "webOrigins" : [ "+" ],[\n]"
21:06:59.232 [Test worker] DEBUG com.github.dockerjava.zerodep.shaded.org.apache.hc.client5.http.wire - http-outgoing-1 >> "      "notBefore" : 0,[\n]"
21:06:59.232 [Test worker] DEBUG com.github.dockerjava.zerodep.shaded.org.apache.hc.client5.http.wire - http-outgoing-1 >> "      "bearerOnly" : false,[\n]"
21:06:59.232 [Test worker] DEBUG com.github.dockerjava.zerodep.shaded.org.apache.hc.client5.http.wire - http-outgoing-1 >> "      "consentRequired" : false,[\n]"
21:06:59.232 [Test worker] DEBUG com.github.dockerjava.zerodep.shaded.org.apache.hc.client5.http.wire - http-outgoing-1 >> "      "standardFlowEnabled" : true,[\n]"
21:06:59.232 [Test worker] DEBUG com.github.dockerjava.zerodep.shaded.org.apache.hc.client5.http.wire - http-outgoing-1 >> "      "implicitFlowEnabled" : false,[\n]"
21:06:59.232 [Test worker] DEBUG com.github.dockerjava.zerodep.shaded.org.apache.hc.client5.http.wire - http-outgoing-1 >> "      "directAccessGrantsEnabled" : false,[\n]"
21:06:59.232 [Test worker] DEBUG com.github.dockerjava.zerodep.shaded.org.apache.hc.client5.http.wire - http-outgoing-1 >> "      "serviceAccountsEnabled" : false,[\n]"
21:06:59.232 [Test worker] DEBUG com.github.dockerjava.zerodep.shaded.org.apache.hc.client5.http.wire - http-outgoing-1 >> "      "publicClient" : true,[\n]"
21:06:59.232 [Test worker] DEBUG com.github.dockerjava.zerodep.shaded.org.apache.hc.client5.http.wire - http-outgoing-1 >> "      "frontchannelLogout" : false,[\n]"
21:06:59.232 [Test worker] DEBUG com.github.dockerjava.zerodep.shaded.org.apache.hc.client5.http.wire - http-outgoing-1 >> "      "protocol" : "openid-connect",[\n]"
21:06:59.232 [Test worker] DEBUG com.github.dockerjava.zerodep.shaded.org.apache.hc.client5.http.wire - http-outgoing-1 >> "      "attributes" : {[\n]"
21:06:59.232 [Test worker] DEBUG com.github.dockerjava.zerodep.shaded.org.apache.hc.client5.http.wire - http-outgoing-1 >> "        "pkce.code.challenge.method" : "S256"[\n]"
21:06:59.232 [Test worker] DEBUG com.github.dockerjava.zerodep.shaded.org.apache.hc.client5.http.wire - http-outgoing-1 >> "      },[\n]"
21:06:59.232 [Test worker] DEBUG com.github.dockerjava.zerodep.shaded.org.apache.hc.client5.http.wire - http-outgoing-1 >> "      "authenticationFlowBindingOverrides" : { },[\n]"
21:06:59.232 [Test worker] DEBUG com.github.dockerjava.zerodep.shaded.org.apache.hc.client5.http.wire - http-outgoing-1 >> "      "fullScopeAllowed" : false,[\n]"
21:06:59.232 [Test worker] DEBUG com.github.dockerjava.zerodep.shaded.org.apache.hc.client5.http.wire - http-outgoing-1 >> "      "nodeReRegistrationTimeout" : 0,[\n]"
21:06:59.232 [Test worker] DEBUG com.github.dockerjava.zerodep.shaded.org.apache.hc.client5.http.wire - http-outgoing-1 >> "      "protocolMappers" : [ {[\n]"
21:06:59.232 [Test worker] DEBUG com.github.dockerjava.zerodep.shaded.org.apache.hc.client5.http.wire - http-outgoing-1 >> "        "id" : "5a8879c0-3b8[\r][\n]"
21:06:59.232 [Test worker] DEBUG com.github.dockerjava.zerodep.shaded.org.apache.hc.client5.http.wire - http-outgoing-1 >> "1000[\r][\n]"
21:06:59.232 [Test worker] DEBUG com.github.dockerjava.zerodep.shaded.org.apache.hc.client5.http.wire - http-outgoing-1 >> "e-4cc9-a366-c011b4e588a0",[\n]"
21:06:59.232 [Test worker] DEBUG com.github.dockerjava.zerodep.shaded.org.apache.hc.client5.http.wire - http-outgoing-1 >> "        "name" : "locale",[\n]"
21:06:59.232 [Test worker] DEBUG com.github.dockerjava.zerodep.shaded.org.apache.hc.client5.http.wire - http-outgoing-1 >> "        "protocol" : "openid-connect",[\n]"
21:06:59.232 [Test worker] DEBUG com.github.dockerjava.zerodep.shaded.org.apache.hc.client5.http.wire - http-outgoing-1 >> "        "protocolMapper" : "oidc-usermodel-attribute-mapper",[\n]"
21:06:59.232 [Test worker] DEBUG com.github.dockerjava.zerodep.shaded.org.apache.hc.client5.http.wire - http-outgoing-1 >> "        "consentRequired" : false,[\n]"
21:06:59.232 [Test worker] DEBUG com.github.dockerjava.zerodep.shaded.org.apache.hc.client5.http.wire - http-outgoing-1 >> "        "config" : {[\n]"
21:06:59.232 [Test worker] DEBUG com.github.dockerjava.zerodep.shaded.org.apache.hc.client5.http.wire - http-outgoing-1 >> "          "userinfo.token.claim" : "true",[\n]"
21:06:59.232 [Test worker] DEBUG com.github.dockerjava.zerodep.shaded.org.apache.hc.client5.http.wire - http-outgoing-1 >> "          "user.attribute" : "locale",[\n]"
21:06:59.232 [Test worker] DEBUG com.github.dockerjava.zerodep.shaded.org.apache.hc.client5.http.wire - http-outgoing-1 >> "          "id.token.claim" : "true",[\n]"
21:06:59.232 [Test worker] DEBUG com.github.dockerjava.zerodep.shaded.org.apache.hc.client5.http.wire - http-outgoing-1 >> "          "access.token.claim" : "true",[\n]"
21:06:59.232 [Test worker] DEBUG com.github.dockerjava.zerodep.shaded.org.apache.hc.client5.http.wire - http-outgoing-1 >> "          "claim.name" : "locale",[\n]"
21:06:59.232 [Test worker] DEBUG com.github.dockerjava.zerodep.shaded.org.apache.hc.client5.http.wire - http-outgoing-1 >> "          "jsonType.label" : "String"[\n]"
21:06:59.232 [Test worker] DEBUG com.github.dockerjava.zerodep.shaded.org.apache.hc.client5.http.wire - http-outgoing-1 >> "        }[\n]"
21:06:59.232 [Test worker] DEBUG com.github.dockerjava.zerodep.shaded.org.apache.hc.client5.http.wire - http-outgoing-1 >> "      } ],[\n]"
21:06:59.232 [Test worker] DEBUG com.github.dockerjava.zerodep.shaded.org.apache.hc.client5.http.wire - http-outgoing-1 >> "      "defaultClientScopes" : [ "web-origins", "acr", "roles", "profile", "email" ],[\n]"
21:06:59.232 [Test worker] DEBUG com.github.dockerjava.zerodep.shaded.org.apache.hc.client5.http.wire - http-outgoing-1 >> "      "optionalClientScopes" : [ "address", "phone", "offline_access", "microprofile-jwt" ][\n]"
21:06:59.232 [Test worker] DEBUG com.github.dockerjava.zerodep.shaded.org.apache.hc.client5.http.wire - http-outgoing-1 >> "    } ],[\n]"
21:06:59.232 [Test worker] DEBUG com.github.dockerjava.zerodep.shaded.org.apache.hc.client5.http.wire - http-outgoing-1 >> "    "clientScopes" : [ {[\n]"
21:06:59.232 [Test worker] DEBUG com.github.dockerjava.zerodep.shaded.org.apache.hc.client5.http.wire - http-outgoing-1 >> "      "id" : "9077dc0f-c703-4fed-9ce8-7d121890a5c9",[\n]"
21:06:59.232 [Test worker] DEBUG com.github.dockerjava.zerodep.shaded.org.apache.hc.client5.http.wire - http-outgoing-1 >> "      "name" : "phone",[\n]"
21:06:59.232 [Test worker] DEBUG com.github.dockerjava.zerodep.shaded.org.apache.hc.client5.http.wire - http-outgoing-1 >> "      "description" : "OpenID Connect built-in scope: phone",[\n]"
21:06:59.232 [Test worker] DEBUG com.github.dockerjava.zerodep.shaded.org.apache.hc.client5.http.wire - http-outgoing-1 >> "      "protocol" : "openid-connect",[\n]"
21:06:59.232 [Test worker] DEBUG com.github.dockerjava.zerodep.shaded.org.apache.hc.client5.http.wire - http-outgoing-1 >> "      "attributes" : {[\n]"
21:06:59.232 [Test worker] DEBUG com.github.dockerjava.zerodep.shaded.org.apache.hc.client5.http.wire - http-outgoing-1 >> "        "include.in.token.scope" : "true",[\n]"
21:06:59.232 [Test worker] DEBUG com.github.dockerjava.zerodep.shaded.org.apache.hc.client5.http.wire - http-outgoing-1 >> "        "display.on.consent.screen" : "true",[\n]"
21:06:59.232 [Test worker] DEBUG com.github.dockerjava.zerodep.shaded.org.apache.hc.client5.http.wire - http-outgoing-1 >> "        "consent.screen.text" : "${phoneScopeConsentText}"[\n]"
21:06:59.232 [Test worker] DEBUG com.github.dockerjava.zerodep.shaded.org.apache.hc.client5.http.wire - http-outgoing-1 >> "      },[\n]"
21:06:59.232 [Test worker] DEBUG com.github.dockerjava.zerodep.shaded.org.apache.hc.client5.http.wire - http-outgoing-1 >> "      "protocolMappers" : [ {[\n]"
21:06:59.232 [Test worker] DEBUG com.github.dockerjava.zerodep.shaded.org.apache.hc.client5.http.wire - http-outgoing-1 >> "        "id" : "6050c296-201e-42d9-a76a-e595adfa3873",[\n]"
21:06:59.232 [Test worker] DEBUG com.github.dockerjava.zerodep.shaded.org.apache.hc.client5.http.wire - http-outgoing-1 >> "        "name" : "phone number",[\n]"
21:06:59.232 [Test worker] DEBUG com.github.dockerjava.zerodep.shaded.org.apache.hc.client5.http.wire - http-outgoing-1 >> "        "protocol" : "openid-connect",[\n]"
21:06:59.232 [Test worker] DEBUG com.github.dockerjava.zerodep.shaded.org.apache.hc.client5.http.wire - http-outgoing-1 >> "        "protocolMapper" : "oidc-usermodel-attribute-mapper",[\n]"
21:06:59.232 [Test worker] DEBUG com.github.dockerjava.zerodep.shaded.org.apache.hc.client5.http.wire - http-outgoing-1 >> "        "consentRequired" : false,[\n]"
21:06:59.232 [Test worker] DEBUG com.github.dockerjava.zerodep.shaded.org.apache.hc.client5.http.wire - http-outgoing-1 >> "        "config" : {[\n]"
21:06:59.232 [Test worker] DEBUG com.github.dockerjava.zerodep.shaded.org.apache.hc.client5.http.wire - http-outgoing-1 >> "          "userinfo.token.claim" : "true",[\n]"
21:06:59.232 [Test worker] DEBUG com.github.dockerjava.zerodep.shaded.org.apache.hc.client5.http.wire - http-outgoing-1 >> "          "user.attribute" : "phoneNumber",[\n]"
21:06:59.232 [Test worker] DEBUG com.github.dockerjava.zerodep.shaded.org.apache.hc.client5.http.wire - http-outgoing-1 >> "          "id.token.claim" : "true",[\n]"
21:06:59.233 [Test worker] DEBUG com.github.dockerjava.zerodep.shaded.org.apache.hc.client5.http.wire - http-outgoing-1 >> "          "access.token.claim" : "true",[\n]"
21:06:59.233 [Test worker] DEBUG com.github.dockerjava.zerodep.shaded.org.apache.hc.client5.http.wire - http-outgoing-1 >> "          "claim.name" : "phone_number",[\n]"
21:06:59.233 [Test worker] DEBUG com.github.dockerjava.zerodep.shaded.org.apache.hc.client5.http.wire - http-outgoing-1 >> "          "jsonType.label" : "String"[\n]"
21:06:59.233 [Test worker] DEBUG com.github.dockerjava.zerodep.shaded.org.apache.hc.client5.http.wire - http-outgoing-1 >> "        }[\n]"
21:06:59.233 [Test worker] DEBUG com.github.dockerjava.zerodep.shaded.org.apache.hc.client5.http.wire - http-outgoing-1 >> "      }, {[\n]"
21:06:59.233 [Test worker] DEBUG com.github.dockerjava.zerodep.shaded.org.apache.hc.client5.http.wire - http-outgoing-1 >> "        "id" : "4de1bad9-5f40-4c42-b36f-fb65c566d6c3",[\n]"
21:06:59.233 [Test worker] DEBUG com.github.dockerjava.zerodep.shaded.org.apache.hc.client5.http.wire - http-outgoing-1 >> "        "name" : "phone number verified",[\n]"
21:06:59.233 [Test worker] DEBUG com.github.dockerjava.zerodep.shaded.org.apache.hc.client5.http.wire - http-outgoing-1 >> "        "protocol" : "openid-connect",[\n]"
21:06:59.233 [Test worker] DEBUG com.github.dockerjava.zerodep.shaded.org.apache.hc.client5.http.wire - http-outgoing-1 >> "        "protocolMapper" : "oidc-usermodel-attribute-mapper",[\n]"
21:06:59.233 [Test worker] DEBUG com.github.dockerjava.zerodep.shaded.org.apache.hc.client5.http.wire - http-outgoing-1 >> "        "consentRequired" : false,[\n]"
21:06:59.233 [Test worker] DEBUG com.github.dockerjava.zerodep.shaded.org.apache.hc.client5.http.wire - http-outgoing-1 >> "        "config" : {[\n]"
21:06:59.233 [Test worker] DEBUG com.github.dockerjava.zerodep.shaded.org.apache.hc.client5.http.wire - http-outgoing-1 >> "          "userinfo.token.claim" : "true",[\n]"
21:06:59.233 [Test worker] DEBUG com.github.dockerjava.zerodep.shaded.org.apache.hc.client5.http.wire - http-outgoing-1 >> "          "user.attribute" : "phoneNumberVerified",[\n]"
21:06:59.233 [Test worker] DEBUG com.github.dockerjava.zerodep.shaded.org.apache.hc.client5.http.wire - http-outgoing-1 >> "          "id.token.claim" : "true",[\n]"
21:06:59.233 [Test worker] DEBUG com.github.dockerjava.zerodep.shaded.org.apache.hc.client5.http.wire - http-outgoing-1 >> "          "access.token.claim" : "true",[\n]"
21:06:59.233 [Test worker] DEBUG com.github.dockerjava.zerodep.shaded.org.apache.hc.client5.http.wire - http-outgoing-1 >> "          "claim.name" : "phone_number_verified",[\n]"
21:06:59.233 [Test worker] DEBUG com.github.dockerjava.zerodep.shaded.org.apache.hc.client5.http.wire - http-outgoing-1 >> "          "jsonType.label" : "boolean"[\n]"
21:06:59.233 [Test worker] DEBUG com.github.dockerjava.zerodep.shaded.org.apache.hc.client5.http.wire - http-outgoing-1 >> "        }[\n]"
21:06:59.233 [Test worker] DEBUG com.github.dockerjava.zerodep.shaded.org.apache.hc.client5.http.wire - http-outgoing-1 >> "      } ][\n]"
21:06:59.233 [Test worker] DEBUG com.github.dockerjava.zerodep.shaded.org.apache.hc.client5.http.wire - http-outgoing-1 >> "    }, {[\n]"
21:06:59.233 [Test worker] DEBUG com.github.dockerjava.zerodep.shaded.org.apache.hc.client5.http.wire - http-outgoing-1 >> "      "id" : "2f72e99e-3df4-4f5a-84e8-e1f85e0e77b7",[\n]"
21:06:59.233 [Test worker] DEBUG com.github.dockerjava.zerodep.shaded.org.apache.hc.client5.http.wire - http-outgoing-1 >> "      "name" : "email",[\n]"
21:06:59.233 [Test worker] DEBUG com.github.dockerjava.zerodep.shaded.org.apache.hc.client5.http.wire - http-outgoing-1 >> "      "description" : "OpenID Connect built-in scope: email",[\n]"
21:06:59.233 [Test worker] DEBUG com.github.dockerjava.zerodep.shaded.org.apache.hc.client5.http.wire - http-outgoing-1 >> "      "protocol" : "openid-connect",[\n]"
21:06:59.233 [Test worker] DEBUG com.github.dockerjava.zerodep.shaded.org.apache.hc.client5.http.wire - http-outgoing-1 >> "      "attributes" : {[\n]"
21:06:59.233 [Test worker] DEBUG com.github.dockerjava.zerodep.shaded.org.apache.hc.client5.http.wire - http-outgoing-1 >> "        "include.in.token.scope" : "true",[\n]"
21:06:59.233 [Test worker] DEBUG com.github.dockerjava.zerodep.shaded.org.apache.hc.client5.http.wire - http-outgoing-1 >> "        "display.on.consent.screen" : "true",[\n]"
21:06:59.233 [Test worker] DEBUG com.github.dockerjava.zerodep.shaded.org.apache.hc.client5.http.wire - http-outgoing-1 >> "        "consent.screen.text" : "${emailScopeConsentText}"[\n]"
21:06:59.233 [Test worker] DEBUG com.github.dockerjava.zerodep.shaded.org.apache.hc.client5.http.wire - http-outgoing-1 >> "      },[\n]"
21:06:59.233 [Test worker] DEBUG com.github.dockerjava.zerodep.shaded.org.apache.hc.client5.http.wire - http-outgoing-1 >> "      "protocolMappers" : [ {[\n]"
21:06:59.233 [Test worker] DEBUG com.github.dockerjava.zerodep.shaded.org.apache.hc.client5.http.wire - http-outgoing-1 >> "        "id" : "0e8d3c31-9ae8-45e2-a649-3aa0c2dcaa65",[\n]"
21:06:59.233 [Test worker] DEBUG com.github.dockerjava.zerodep.shaded.org.apache.hc.client5.http.wire - http-outgoing-1 >> "        "name" : "email verified",[\n]"
21:06:59.233 [Test worker] DEBUG com.github.dockerjava.zerodep.shaded.org.apache.hc.client5.http.wire - http-outgoing-1 >> "        "protocol" : "openid-connect",[\n]"
21:06:59.233 [Test worker] DEBUG com.github.dockerjava.zerodep.shaded.org.apache.hc.client5.http.wire - http-outgoing-1 >> "        "protocolMapper" : "oidc-usermodel-property-mapper",[\n]"
21:06:59.233 [Test worker] DEBUG com.github.dockerjava.zerodep.shaded.org.apache.hc.client5.http.wire - http-outgoing-1 >> "        "consentRequired" : false,[\n]"
21:06:59.233 [Test worker] DEBUG com.github.dockerjava.zerodep.shaded.org.apache.hc.client5.http.wire - http-outgoing-1 >> "        "config" : {[\n]"
21:06:59.233 [Test worker] DEBUG com.github.dockerjava.zerodep.shaded.org.apache.hc.client5.http.wire - http-outgoing-1 >> "          "userinfo.token.claim" : "true",[\n]"
21:06:59.233 [Test worker] DEBUG com.github.dockerjava.zerodep.shaded.org.apache.hc.client5.http.wire - http-outgoing-1 >> "          "user.attribute" : "emailVerified",[\n]"
21:06:59.233 [Test worker] DEBUG com.github.dockerjava.zerodep.shaded.org.apache.hc.client5.http.wire - http-outgoing-1 >> "          "id.token.claim" : "true",[\n]"
21:06:59.233 [Test worker] DEBUG com.github.dockerjava.zerodep.shaded.org.apache.hc.client5.http.wire - http-outgoing-1 >> "          "access.token.claim" : "true",[\n]"
21:06:59.233 [Test worker] DEBUG com.github.dockerjava.zerodep.shaded.org.apache.hc.client5.http.wire - http-outgoing-1 >> "          "claim.name" : "email_verified",[\n]"
21:06:59.233 [Test worker] DEBUG com.github.dockerjava.zerodep.shaded.org.apache.hc.client5.http.wire - http-outgoing-1 >> "          "jsonType.label" : "boolean"[\n]"
21:06:59.233 [Test worker] DEBUG com.github.dockerjava.zerodep.shaded.org.apache.hc.client5.http.wire - http-outgoing-1 >> "        }[\n]"
21:06:59.233 [Test worker] DEBUG com.github.dockerjava.zerodep.shaded.org.apache.hc.client5.http.wire - http-outgoing-1 >> "      }, {[\n]"
21:06:59.233 [Test worker] DEBUG com.github.dockerjava.zerodep.shaded.org.apache.hc.client5.http.wire - http-outgoing-1 >> "        "id" : "598a659a-f381-484a-936e-dab2769e3e22",[\n]"
21:06:59.233 [Test worker] DEBUG com.github.dockerjava.zerodep.shaded.org.apache.hc.client5.http.wire - http-outgoing-1 >> "        "name" : "email",[\n]"
21:06:59.233 [Test worker] DEBUG com.github.dockerjava.zerodep.shaded.org.apache.hc.client5.http.wire - http-outgoing-1 >> "        "protocol" : "openid-connect",[\n]"
21:06:59.233 [Test worker] DEBUG com.github.dockerjava.zerodep.shaded.org.apache.hc.client5.http.wire - http-outgoing-1 >> "        "protocolMapper" : "oidc-usermodel-property-mapper",[\n]"
21:06:59.233 [Test worker] DEBUG com.github.dockerjava.zerodep.shaded.org.apache.hc.client5.http.wire - http-outgoing-1 >> "        "consentRequired" : false,[\n]"
21:06:59.233 [Test worker] DEBUG com.github.dockerjava.zerodep.shaded.org.apache.hc.client5.http.wire - http-outgoing-1 >> "        "config" : {[\n]"
21:06:59.233 [Test worker] DEBUG com.github.dockerjava.zerodep.shaded.org.apache.hc.client5.http.wire - http-outgoing-1 >> "          "userinfo.token.claim" : "true",[\n]"
21:06:59.233 [Test worker] DEBUG com.github.dockerjava.zerodep.shaded.org.apache.hc.client5.http.wire - http-outgoing-1 >> "          "user.attribute" : "email",[\n]"
21:06:59.233 [Test worker] DEBUG com.github.dockerjava.zerodep.shaded.org.apache.hc.client5.http.wire - http-outgoing-1 >> "          "id.token.claim" : "true",[\n]"
21:06:59.233 [Test worker] DEBUG com.github.dockerjava.zerodep.shaded.org.apache.hc.client5.http.wire - http-outgoing-1 >> "          "access.token.claim" : "true",[\n]"
21:06:59.233 [Test worker] DEBUG com.github.dockerjava.zerodep.shaded.org.apache.hc.client5.http.wire - http-outgoing-1 >> "          "claim.name" : "email",[\n]"
21:06:59.233 [Test worker] DEBUG com.github.dockerjava.zerodep.shaded.org.apache.hc.client5.http.wire - http-outgoing-1 >> "          "jsonType.label" : "String"[\n]"
21:06:59.233 [Test worker] DEBUG com.github.dockerjava.zerodep.shaded.org.apache.hc.client5.http.wire - http-outgoing-1 >> "        }[\n]"
21:06:59.233 [Test worker] DEBUG com.github.dockerjava.zerodep.shaded.org.apache.hc.client5.http.wire - http-outgoing-1 >> "      } ][\n]"
21:06:59.233 [Test worker] DEBUG com.github.dockerjava.zerodep.shaded.org.apache.hc.client5.http.wire - http-outgoing-1 >> "    }, {[\n]"
21:06:59.233 [Test worker] DEBUG com.github.dockerjava.zerodep.shaded.org.apache.hc.client5.http.wire - http-outgoing-1 >> "      "id" : "511bf196-6071-416b-bf87-81206b6f46d9",[\n]"
21:06:59.233 [Test worker] DEBUG com.github.dockerjava.zerodep.shaded.org.apache.hc.client5.http.wire - http-outgoing-1 >> "      "name" : "roles",[\n]"
21:06:59.234 [Test worker] DEBUG com.github.dockerjava.zerodep.shaded.org.apache.hc.client5.http.wire - http-outgoing-1 >> "      "description" : "OpenID Connect scope for add user roles to the access token",[\n]"
21:06:59.234 [Test worker] DEBUG com.github.dockerjava.zerodep.shaded.org.apache.hc.client5.http.wire - http-outgoing-1 >> "      "protocol" : "openid-connect",[\n]"
21:06:59.234 [Test worker] DEBUG com.github.dockerjava.zerodep.shaded.org.apache.hc.client5.http.wire - http-outgoing-1 >> "      "attributes" : {[\n]"
21:06:59.234 [Test worker] DEBUG com.github.dockerjava.zerodep.shaded.org.apache.hc.client5.http.wire - http-outgoing-1 >> "        "include.in.token.scope" : "false",[\n]"
21:06:59.234 [Test worker] DEBUG com.github.dockerjava.zerodep.shaded.org.apache.hc.client5.http.wire - http-outgoing-1 >> "        "display.on.consent.screen" : "true",[\n]"
21:06:59.234 [Test worker] DEBUG com.github.dockerjava.zerodep.shaded.org.apache.hc.client5.http.wire - http-outgoing-1 >> "        "consent.screen.text" : "${rolesScopeConsentText}"[\n]"
21:06:59.234 [Test worker] DEBUG com.github.dockerjava.zerodep.shaded.org.apache.hc.client5.http.wire - http-outgoing-1 >> "      },[\n]"
21:06:59.234 [Test worker] DEBUG com.github.dockerjava.zerodep.shaded.org.apache.hc.client5.http.wire - http-outgoing-1 >> "      "protocolMappers" : [ {[\n]"
21:06:59.234 [Test worker] DEBUG com.github.dockerjava.zerodep.shaded.org.apache.hc.client5.http.wire - http-outgoing-1 >> "        "id" : "6814d1a8-5beb-4e34-a05f-2f8ec70dbe33",[\n]"
21:06:59.234 [Test worker] DEBUG com.github.dockerjava.zerodep.shaded.org.apache.hc.client5.http.wire - http-outgoing-1 >> "        "name" : "audience resolve",[\n]"
21:06:59.234 [Test worker] DEBUG com.github.dockerjava.zerodep.shaded.org.apache.hc.client5.http.wire - http-outgoing-1 >> "        "protocol" : "openid-connect",[\n]"
21:06:59.234 [Test worker] DEBUG com.github.dockerjava.zerodep.shaded.org.apache.hc.client5.http.wire - http-outgoing-1 >> "        "protocolMapper" : "oidc-audien[\r][\n]"
21:06:59.234 [Test worker] DEBUG com.github.dockerjava.zerodep.shaded.org.apache.hc.client5.http.wire - http-outgoing-1 >> "1000[\r][\n]"
21:06:59.234 [Test worker] DEBUG com.github.dockerjava.zerodep.shaded.org.apache.hc.client5.http.wire - http-outgoing-1 >> "ce-resolve-mapper",[\n]"
21:06:59.234 [Test worker] DEBUG com.github.dockerjava.zerodep.shaded.org.apache.hc.client5.http.wire - http-outgoing-1 >> "        "consentRequired" : false,[\n]"
21:06:59.234 [Test worker] DEBUG com.github.dockerjava.zerodep.shaded.org.apache.hc.client5.http.wire - http-outgoing-1 >> "        "config" : { }[\n]"
21:06:59.234 [Test worker] DEBUG com.github.dockerjava.zerodep.shaded.org.apache.hc.client5.http.wire - http-outgoing-1 >> "      }, {[\n]"
21:06:59.234 [Test worker] DEBUG com.github.dockerjava.zerodep.shaded.org.apache.hc.client5.http.wire - http-outgoing-1 >> "        "id" : "f6d451dc-7ae9-49b4-9c66-25938a7477f1",[\n]"
21:06:59.234 [Test worker] DEBUG com.github.dockerjava.zerodep.shaded.org.apache.hc.client5.http.wire - http-outgoing-1 >> "        "name" : "client roles",[\n]"
21:06:59.234 [Test worker] DEBUG com.github.dockerjava.zerodep.shaded.org.apache.hc.client5.http.wire - http-outgoing-1 >> "        "protocol" : "openid-connect",[\n]"
21:06:59.234 [Test worker] DEBUG com.github.dockerjava.zerodep.shaded.org.apache.hc.client5.http.wire - http-outgoing-1 >> "        "protocolMapper" : "oidc-usermodel-client-role-mapper",[\n]"
21:06:59.234 [Test worker] DEBUG com.github.dockerjava.zerodep.shaded.org.apache.hc.client5.http.wire - http-outgoing-1 >> "        "consentRequired" : false,[\n]"
21:06:59.235 [Test worker] DEBUG com.github.dockerjava.zerodep.shaded.org.apache.hc.client5.http.wire - http-outgoing-1 >> "        "config" : {[\n]"
21:06:59.235 [Test worker] DEBUG com.github.dockerjava.zerodep.shaded.org.apache.hc.client5.http.wire - http-outgoing-1 >> "          "user.attribute" : "foo",[\n]"
21:06:59.235 [Test worker] DEBUG com.github.dockerjava.zerodep.shaded.org.apache.hc.client5.http.wire - http-outgoing-1 >> "          "access.token.claim" : "true",[\n]"
21:06:59.235 [Test worker] DEBUG com.github.dockerjava.zerodep.shaded.org.apache.hc.client5.http.wire - http-outgoing-1 >> "          "claim.name" : "resource_access.${client_id}.roles",[\n]"
21:06:59.235 [Test worker] DEBUG com.github.dockerjava.zerodep.shaded.org.apache.hc.client5.http.wire - http-outgoing-1 >> "          "jsonType.label" : "String",[\n]"
21:06:59.235 [Test worker] DEBUG com.github.dockerjava.zerodep.shaded.org.apache.hc.client5.http.wire - http-outgoing-1 >> "          "multivalued" : "true"[\n]"
21:06:59.235 [Test worker] DEBUG com.github.dockerjava.zerodep.shaded.org.apache.hc.client5.http.wire - http-outgoing-1 >> "        }[\n]"
21:06:59.235 [Test worker] DEBUG com.github.dockerjava.zerodep.shaded.org.apache.hc.client5.http.wire - http-outgoing-1 >> "      }, {[\n]"
21:06:59.235 [Test worker] DEBUG com.github.dockerjava.zerodep.shaded.org.apache.hc.client5.http.wire - http-outgoing-1 >> "        "id" : "1e865643-fcf9-4b42-b9c8-6f55f4a8f81b",[\n]"
21:06:59.235 [Test worker] DEBUG com.github.dockerjava.zerodep.shaded.org.apache.hc.client5.http.wire - http-outgoing-1 >> "        "name" : "realm roles",[\n]"
21:06:59.235 [Test worker] DEBUG com.github.dockerjava.zerodep.shaded.org.apache.hc.client5.http.wire - http-outgoing-1 >> "        "protocol" : "openid-connect",[\n]"
21:06:59.235 [Test worker] DEBUG com.github.dockerjava.zerodep.shaded.org.apache.hc.client5.http.wire - http-outgoing-1 >> "        "protocolMapper" : "oidc-usermodel-realm-role-mapper",[\n]"
21:06:59.235 [Test worker] DEBUG com.github.dockerjava.zerodep.shaded.org.apache.hc.client5.http.wire - http-outgoing-1 >> "        "consentRequired" : false,[\n]"
21:06:59.235 [Test worker] DEBUG com.github.dockerjava.zerodep.shaded.org.apache.hc.client5.http.wire - http-outgoing-1 >> "        "config" : {[\n]"
21:06:59.235 [Test worker] DEBUG com.github.dockerjava.zerodep.shaded.org.apache.hc.client5.http.wire - http-outgoing-1 >> "          "multivalued" : "true",[\n]"
21:06:59.235 [Test worker] DEBUG com.github.dockerjava.zerodep.shaded.org.apache.hc.client5.http.wire - http-outgoing-1 >> "          "user.attribute" : "foo",[\n]"
21:06:59.235 [Test worker] DEBUG com.github.dockerjava.zerodep.shaded.org.apache.hc.client5.http.wire - http-outgoing-1 >> "          "id.token.claim" : "true",[\n]"
21:06:59.235 [Test worker] DEBUG com.github.dockerjava.zerodep.shaded.org.apache.hc.client5.http.wire - http-outgoing-1 >> "          "access.token.claim" : "true",[\n]"
21:06:59.235 [Test worker] DEBUG com.github.dockerjava.zerodep.shaded.org.apache.hc.client5.http.wire - http-outgoing-1 >> "          "claim.name" : "roles",[\n]"
21:06:59.236 [Test worker] DEBUG com.github.dockerjava.zerodep.shaded.org.apache.hc.client5.http.wire - http-outgoing-1 >> "          "jsonType.label" : "String"[\n]"
21:06:59.236 [Test worker] DEBUG com.github.dockerjava.zerodep.shaded.org.apache.hc.client5.http.wire - http-outgoing-1 >> "        }[\n]"
21:06:59.236 [Test worker] DEBUG com.github.dockerjava.zerodep.shaded.org.apache.hc.client5.http.wire - http-outgoing-1 >> "      } ][\n]"
21:06:59.236 [Test worker] DEBUG com.github.dockerjava.zerodep.shaded.org.apache.hc.client5.http.wire - http-outgoing-1 >> "    }, {[\n]"
21:06:59.236 [Test worker] DEBUG com.github.dockerjava.zerodep.shaded.org.apache.hc.client5.http.wire - http-outgoing-1 >> "      "id" : "efffd127-b4c4-4bc4-81ef-1f015dd9af21",[\n]"
21:06:59.236 [Test worker] DEBUG com.github.dockerjava.zerodep.shaded.org.apache.hc.client5.http.wire - http-outgoing-1 >> "      "name" : "web-origins",[\n]"
21:06:59.236 [Test worker] DEBUG com.github.dockerjava.zerodep.shaded.org.apache.hc.client5.http.wire - http-outgoing-1 >> "      "description" : "OpenID Connect scope for add allowed web origins to the access token",[\n]"
21:06:59.236 [Test worker] DEBUG com.github.dockerjava.zerodep.shaded.org.apache.hc.client5.http.wire - http-outgoing-1 >> "      "protocol" : "openid-connect",[\n]"
21:06:59.236 [Test worker] DEBUG com.github.dockerjava.zerodep.shaded.org.apache.hc.client5.http.wire - http-outgoing-1 >> "      "attributes" : {[\n]"
21:06:59.236 [Test worker] DEBUG com.github.dockerjava.zerodep.shaded.org.apache.hc.client5.http.wire - http-outgoing-1 >> "        "include.in.token.scope" : "false",[\n]"
21:06:59.236 [Test worker] DEBUG com.github.dockerjava.zerodep.shaded.org.apache.hc.client5.http.wire - http-outgoing-1 >> "        "display.on.consent.screen" : "false",[\n]"
21:06:59.236 [Test worker] DEBUG com.github.dockerjava.zerodep.shaded.org.apache.hc.client5.http.wire - http-outgoing-1 >> "        "consent.screen.text" : ""[\n]"
21:06:59.236 [Test worker] DEBUG com.github.dockerjava.zerodep.shaded.org.apache.hc.client5.http.wire - http-outgoing-1 >> "      },[\n]"
21:06:59.236 [Test worker] DEBUG com.github.dockerjava.zerodep.shaded.org.apache.hc.client5.http.wire - http-outgoing-1 >> "      "protocolMappers" : [ {[\n]"
21:06:59.236 [Test worker] DEBUG com.github.dockerjava.zerodep.shaded.org.apache.hc.client5.http.wire - http-outgoing-1 >> "        "id" : "42e0dc90-7d53-4f6c-b209-a7e5feed4d81",[\n]"
21:06:59.236 [Test worker] DEBUG com.github.dockerjava.zerodep.shaded.org.apache.hc.client5.http.wire - http-outgoing-1 >> "        "name" : "allowed web origins",[\n]"
21:06:59.236 [Test worker] DEBUG com.github.dockerjava.zerodep.shaded.org.apache.hc.client5.http.wire - http-outgoing-1 >> "        "protocol" : "openid-connect",[\n]"
21:06:59.236 [Test worker] DEBUG com.github.dockerjava.zerodep.shaded.org.apache.hc.client5.http.wire - http-outgoing-1 >> "        "protocolMapper" : "oidc-allowed-origins-mapper",[\n]"
21:06:59.236 [Test worker] DEBUG com.github.dockerjava.zerodep.shaded.org.apache.hc.client5.http.wire - http-outgoing-1 >> "        "consentRequired" : false,[\n]"
21:06:59.236 [Test worker] DEBUG com.github.dockerjava.zerodep.shaded.org.apache.hc.client5.http.wire - http-outgoing-1 >> "        "config" : { }[\n]"
21:06:59.236 [Test worker] DEBUG com.github.dockerjava.zerodep.shaded.org.apache.hc.client5.http.wire - http-outgoing-1 >> "      } ][\n]"
21:06:59.236 [Test worker] DEBUG com.github.dockerjava.zerodep.shaded.org.apache.hc.client5.http.wire - http-outgoing-1 >> "    }, {[\n]"
21:06:59.236 [Test worker] DEBUG com.github.dockerjava.zerodep.shaded.org.apache.hc.client5.http.wire - http-outgoing-1 >> "      "id" : "894a3505-0046-4afc-a69d-071b31eec8cf",[\n]"
21:06:59.236 [Test worker] DEBUG com.github.dockerjava.zerodep.shaded.org.apache.hc.client5.http.wire - http-outgoing-1 >> "      "name" : "address",[\n]"
21:06:59.236 [Test worker] DEBUG com.github.dockerjava.zerodep.shaded.org.apache.hc.client5.http.wire - http-outgoing-1 >> "      "description" : "OpenID Connect built-in scope: address",[\n]"
21:06:59.236 [Test worker] DEBUG com.github.dockerjava.zerodep.shaded.org.apache.hc.client5.http.wire - http-outgoing-1 >> "      "protocol" : "openid-connect",[\n]"
21:06:59.236 [Test worker] DEBUG com.github.dockerjava.zerodep.shaded.org.apache.hc.client5.http.wire - http-outgoing-1 >> "      "attributes" : {[\n]"
21:06:59.238 [Test worker] DEBUG com.github.dockerjava.zerodep.shaded.org.apache.hc.client5.http.wire - http-outgoing-1 >> "        "include.in.token.scope" : "true",[\n]"
21:06:59.238 [Test worker] DEBUG com.github.dockerjava.zerodep.shaded.org.apache.hc.client5.http.wire - http-outgoing-1 >> "        "display.on.consent.screen" : "true",[\n]"
21:06:59.238 [Test worker] DEBUG com.github.dockerjava.zerodep.shaded.org.apache.hc.client5.http.wire - http-outgoing-1 >> "        "consent.screen.text" : "${addressScopeConsentText}"[\n]"
21:06:59.238 [Test worker] DEBUG com.github.dockerjava.zerodep.shaded.org.apache.hc.client5.http.wire - http-outgoing-1 >> "      },[\n]"
21:06:59.238 [Test worker] DEBUG com.github.dockerjava.zerodep.shaded.org.apache.hc.client5.http.wire - http-outgoing-1 >> "      "protocolMappers" : [ {[\n]"
21:06:59.238 [Test worker] DEBUG com.github.dockerjava.zerodep.shaded.org.apache.hc.client5.http.wire - http-outgoing-1 >> "        "id" : "e7345cd3-a99e-450c-a1f2-2b29941c9d04",[\n]"
21:06:59.238 [Test worker] DEBUG com.github.dockerjava.zerodep.shaded.org.apache.hc.client5.http.wire - http-outgoing-1 >> "        "name" : "address",[\n]"
21:06:59.238 [Test worker] DEBUG com.github.dockerjava.zerodep.shaded.org.apache.hc.client5.http.wire - http-outgoing-1 >> "        "protocol" : "openid-connect",[\n]"
21:06:59.238 [Test worker] DEBUG com.github.dockerjava.zerodep.shaded.org.apache.hc.client5.http.wire - http-outgoing-1 >> "        "protocolMapper" : "oidc-address-mapper",[\n]"
21:06:59.238 [Test worker] DEBUG com.github.dockerjava.zerodep.shaded.org.apache.hc.client5.http.wire - http-outgoing-1 >> "        "consentRequired" : false,[\n]"
21:06:59.238 [Test worker] DEBUG com.github.dockerjava.zerodep.shaded.org.apache.hc.client5.http.wire - http-outgoing-1 >> "        "config" : {[\n]"
21:06:59.238 [Test worker] DEBUG com.github.dockerjava.zerodep.shaded.org.apache.hc.client5.http.wire - http-outgoing-1 >> "          "user.attribute.formatted" : "formatted",[\n]"
21:06:59.238 [Test worker] DEBUG com.github.dockerjava.zerodep.shaded.org.apache.hc.client5.http.wire - http-outgoing-1 >> "          "user.attribute.country" : "country",[\n]"
21:06:59.238 [Test worker] DEBUG com.github.dockerjava.zerodep.shaded.org.apache.hc.client5.http.wire - http-outgoing-1 >> "          "user.attribute.postal_code" : "postal_code",[\n]"
21:06:59.238 [Test worker] DEBUG com.github.dockerjava.zerodep.shaded.org.apache.hc.client5.http.wire - http-outgoing-1 >> "          "userinfo.token.claim" : "true",[\n]"
21:06:59.238 [Test worker] DEBUG com.github.dockerjava.zerodep.shaded.org.apache.hc.client5.http.wire - http-outgoing-1 >> "          "user.attribute.street" : "street",[\n]"
21:06:59.238 [Test worker] DEBUG com.github.dockerjava.zerodep.shaded.org.apache.hc.client5.http.wire - http-outgoing-1 >> "          "id.token.claim" : "true",[\n]"
21:06:59.238 [Test worker] DEBUG com.github.dockerjava.zerodep.shaded.org.apache.hc.client5.http.wire - http-outgoing-1 >> "          "user.attribute.region" : "region",[\n]"
21:06:59.238 [Test worker] DEBUG com.github.dockerjava.zerodep.shaded.org.apache.hc.client5.http.wire - http-outgoing-1 >> "          "access.token.claim" : "true",[\n]"
21:06:59.238 [Test worker] DEBUG com.github.dockerjava.zerodep.shaded.org.apache.hc.client5.http.wire - http-outgoing-1 >> "          "user.attribute.locality" : "locality"[\n]"
21:06:59.238 [Test worker] DEBUG com.github.dockerjava.zerodep.shaded.org.apache.hc.client5.http.wire - http-outgoing-1 >> "        }[\n]"
21:06:59.238 [Test worker] DEBUG com.github.dockerjava.zerodep.shaded.org.apache.hc.client5.http.wire - http-outgoing-1 >> "      } ][\n]"
21:06:59.238 [Test worker] DEBUG com.github.dockerjava.zerodep.shaded.org.apache.hc.client5.http.wire - http-outgoing-1 >> "    }, {[\n]"
21:06:59.238 [Test worker] DEBUG com.github.dockerjava.zerodep.shaded.org.apache.hc.client5.http.wire - http-outgoing-1 >> "      "id" : "c18f040c-4528-4fb7-8c45-fece47bcfb76",[\n]"
21:06:59.238 [Test worker] DEBUG com.github.dockerjava.zerodep.shaded.org.apache.hc.client5.http.wire - http-outgoing-1 >> "      "name" : "role_list",[\n]"
21:06:59.238 [Test worker] DEBUG com.github.dockerjava.zerodep.shaded.org.apache.hc.client5.http.wire - http-outgoing-1 >> "      "description" : "SAML role list",[\n]"
21:06:59.238 [Test worker] DEBUG com.github.dockerjava.zerodep.shaded.org.apache.hc.client5.http.wire - http-outgoing-1 >> "      "protocol" : "saml",[\n]"
21:06:59.238 [Test worker] DEBUG com.github.dockerjava.zerodep.shaded.org.apache.hc.client5.http.wire - http-outgoing-1 >> "      "attributes" : {[\n]"
21:06:59.238 [Test worker] DEBUG com.github.dockerjava.zerodep.shaded.org.apache.hc.client5.http.wire - http-outgoing-1 >> "        "consent.screen.text" : "${samlRoleListScopeConsentText}",[\n]"
21:06:59.238 [Test worker] DEBUG com.github.dockerjava.zerodep.shaded.org.apache.hc.client5.http.wire - http-outgoing-1 >> "        "display.on.consent.screen" : "true"[\n]"
21:06:59.239 [Test worker] DEBUG com.github.dockerjava.zerodep.shaded.org.apache.hc.client5.http.wire - http-outgoing-1 >> "      },[\n]"
21:06:59.239 [Test worker] DEBUG com.github.dockerjava.zerodep.shaded.org.apache.hc.client5.http.wire - http-outgoing-1 >> "      "protocolMappers" : [ {[\n]"
21:06:59.239 [Test worker] DEBUG com.github.dockerjava.zerodep.shaded.org.apache.hc.client5.http.wire - http-outgoing-1 >> "        "id" : "3b7dede3-0b55-4954-a65c-e012292a901e",[\n]"
21:06:59.239 [Test worker] DEBUG com.github.dockerjava.zerodep.shaded.org.apache.hc.client5.http.wire - http-outgoing-1 >> "        "name" : "role list",[\n]"
21:06:59.239 [Test worker] DEBUG com.github.dockerjava.zerodep.shaded.org.apache.hc.client5.http.wire - http-outgoing-1 >> "        "protocol" : "saml",[\n]"
21:06:59.239 [Test worker] DEBUG com.github.dockerjava.zerodep.shaded.org.apache.hc.client5.http.wire - http-outgoing-1 >> "        "protocolMapper" : "saml-role-list-mapper",[\n]"
21:06:59.239 [Test worker] DEBUG com.github.dockerjava.zerodep.shaded.org.apache.hc.client5.http.wire - http-outgoing-1 >> "        "consentRequired" : false,[\n]"
21:06:59.239 [Test worker] DEBUG com.github.dockerjava.zerodep.shaded.org.apache.hc.client5.http.wire - http-outgoing-1 >> "        "config" : {[\n]"
21:06:59.239 [Test worker] DEBUG com.github.dockerjava.zerodep.shaded.org.apache.hc.client5.http.wire - http-outgoing-1 >> "          "single" : "false",[\n]"
21:06:59.239 [Test worker] DEBUG com.github.dockerjava.zerodep.shaded.org.apache.hc.client5.http.wire - http-outgoing-1 >> "          "attribute.nameformat" : "Basic",[\n]"
21:06:59.239 [Test worker] DEBUG com.github.dockerjava.zerodep.shaded.org.apache.hc.client5.http.wire - http-outgoing-1 >> "          "attribute.name" : "Role"[\n]"
21:06:59.239 [Test worker] DEBUG com.github.dockerjava.zerodep.shaded.org.apache.hc.client5.http.wire - http-outgoing-1 >> "        }[\n]"
21:06:59.239 [Test worker] DEBUG com.github.dockerjava.zerodep.shaded.org.apache.hc.client5.http.wire - http-outgoing-1 >> "      } ][\n]"
21:06:59.239 [Test worker] DEBUG com.github.dockerjava.zerodep.shaded.org.apache.hc.client5.http.wire - http-outgoing-1 >> "    }, {[\n]"
21:06:59.239 [Test worker] DEBUG com.github.dockerjava.zerodep.shaded.org.apache.hc.client5.http.wire - http-outgoing-1 >> "      "id" : "191f2cd7-0540-400a-8ab8-340ff2f9e3bb",[\n]"
21:06:59.239 [Test worker] DEBUG com.github.dockerjava.zerodep.shaded.org.apache.hc.client5.http.wire - http-outgoing-1 >> "      "name" : "offline_access",[\n]"
21:06:59.239 [Test worker] DEBUG com.github.dockerjava.zerodep.shaded.org.apache.hc.client5.http.wire - http-outgoing-1 >> "      "description" : "OpenID Connect built-in scope: offline_access",[\n]"
21:06:59.239 [Test worker] DEBUG com.github.dockerjava.zerodep.shaded.org.apache.hc.client5.http.wire - http-outgoing-1 >> "      "protocol" : "openid-connect",[\n]"
21:06:59.239 [Test worker] DEBUG com.github.dockerjava.zerodep.shaded.org.apache.hc.client5.http.wire - http-outgoing-1 >> "      "attributes" : {[\n]"
21:06:59.239 [Test worker] DEBUG com.github.dockerjava.zerodep.shaded.org.apache.hc.client5.http.wire - http-outgoing-1 >> "        "consent.screen.text" : "${offlineAccessScopeConsentText}",[\n]"
21:06:59.239 [Test worker] DEBUG com.github.dockerjava.zerodep.shaded.org.apache.hc.client5.http.wire - http-outgoing-1 >> "        "display.on.consent.screen" : "true"[\n]"
21:06:59.239 [Test worker] DEBUG com.github.dockerjava.zerodep.shaded.org.apache.hc.client5.http.wire - http-outgoing-1 >> "      }[\n]"
21:06:59.239 [Test worker] DEBUG com.github.dockerjava.zerodep.shaded.org.apache.hc.client5.http.wire - http-outgoing-1 >> "    }, {[\n]"
21:06:59.239 [Test worker] DEBUG com.github.dockerjava.zerodep.shaded.org.apache.hc.client5.http.wire - http-outgoing-1 >> "      "id" : "ee6ff0a3-9697-44c9-84a8-7aabd1c83b6e",[\n]"
21:06:59.239 [Test worker] DEBUG com.github.dockerjava.zerodep.shaded.org.apache.hc.client5.http.wire - http-outgoing-1 >> "      "name" : "microprofile-jwt",[\n]"
21:06:59.239 [Test worker] DEBUG com.github.dockerjava.zerodep.shaded.org.apache.hc.client5.http.wire - http-outgoing-1 >> "      "description" : "Microprofile - JWT built-in scope",[\n]"
21:06:59.239 [Test worker] DEBUG com.github.dockerjava.zerodep.shaded.org.apache.hc.client5.http.wire - http-outgoing-1 >> "      "protocol" : "openid-connect",[\n]"
21:06:59.239 [Test worker] DEBUG com.github.dockerjava.zerodep.shaded.org.apache.hc.client5.http.wire - http-outgoing-1 >> "      "attributes" : {[\n]"
21:06:59.239 [Test worker] DEBUG com.github.dockerjava.zerodep.shaded.org.apache.hc.client5.http.wire - http-outgoing-1 >> "        "include.in.token.scope" : "true",[\n]"
21:06:59.239 [Test worker] DEBUG com.github.dockerjava.zerodep.shaded.org.apache.hc.client5.http.wire - http-outgoing-1 >> "        "displa[\r][\n]"
21:06:59.239 [Test worker] DEBUG com.github.dockerjava.zerodep.shaded.org.apache.hc.client5.http.wire - http-outgoing-1 >> "1000[\r][\n]"
21:06:59.240 [Test worker] DEBUG com.github.dockerjava.zerodep.shaded.org.apache.hc.client5.http.wire - http-outgoing-1 >> "y.on.consent.screen" : "false"[\n]"
21:06:59.240 [Test worker] DEBUG com.github.dockerjava.zerodep.shaded.org.apache.hc.client5.http.wire - http-outgoing-1 >> "      },[\n]"
21:06:59.240 [Test worker] DEBUG com.github.dockerjava.zerodep.shaded.org.apache.hc.client5.http.wire - http-outgoing-1 >> "      "protocolMappers" : [ {[\n]"
21:06:59.240 [Test worker] DEBUG com.github.dockerjava.zerodep.shaded.org.apache.hc.client5.http.wire - http-outgoing-1 >> "        "id" : "5961ec77-02ef-4b54-b2cc-95c50a4d8d30",[\n]"
21:06:59.240 [Test worker] DEBUG com.github.dockerjava.zerodep.shaded.org.apache.hc.client5.http.wire - http-outgoing-1 >> "        "name" : "upn",[\n]"
21:06:59.240 [Test worker] DEBUG com.github.dockerjava.zerodep.shaded.org.apache.hc.client5.http.wire - http-outgoing-1 >> "        "protocol" : "openid-connect",[\n]"
21:06:59.240 [Test worker] DEBUG com.github.dockerjava.zerodep.shaded.org.apache.hc.client5.http.wire - http-outgoing-1 >> "        "protocolMapper" : "oidc-usermodel-property-mapper",[\n]"
21:06:59.240 [Test worker] DEBUG com.github.dockerjava.zerodep.shaded.org.apache.hc.client5.http.wire - http-outgoing-1 >> "        "consentRequired" : false,[\n]"
21:06:59.240 [Test worker] DEBUG com.github.dockerjava.zerodep.shaded.org.apache.hc.client5.http.wire - http-outgoing-1 >> "        "config" : {[\n]"
21:06:59.240 [Test worker] DEBUG com.github.dockerjava.zerodep.shaded.org.apache.hc.client5.http.wire - http-outgoing-1 >> "          "userinfo.token.claim" : "true",[\n]"
21:06:59.240 [Test worker] DEBUG com.github.dockerjava.zerodep.shaded.org.apache.hc.client5.http.wire - http-outgoing-1 >> "          "user.attribute" : "username",[\n]"
21:06:59.240 [Test worker] DEBUG com.github.dockerjava.zerodep.shaded.org.apache.hc.client5.http.wire - http-outgoing-1 >> "          "id.token.claim" : "true",[\n]"
21:06:59.240 [Test worker] DEBUG com.github.dockerjava.zerodep.shaded.org.apache.hc.client5.http.wire - http-outgoing-1 >> "          "access.token.claim" : "true",[\n]"
21:06:59.240 [Test worker] DEBUG com.github.dockerjava.zerodep.shaded.org.apache.hc.client5.http.wire - http-outgoing-1 >> "          "claim.name" : "upn",[\n]"
21:06:59.240 [Test worker] DEBUG com.github.dockerjava.zerodep.shaded.org.apache.hc.client5.http.wire - http-outgoing-1 >> "          "jsonType.label" : "String"[\n]"
21:06:59.240 [Test worker] DEBUG com.github.dockerjava.zerodep.shaded.org.apache.hc.client5.http.wire - http-outgoing-1 >> "        }[\n]"
21:06:59.240 [Test worker] DEBUG com.github.dockerjava.zerodep.shaded.org.apache.hc.client5.http.wire - http-outgoing-1 >> "      }, {[\n]"
21:06:59.240 [Test worker] DEBUG com.github.dockerjava.zerodep.shaded.org.apache.hc.client5.http.wire - http-outgoing-1 >> "        "id" : "e628dae2-2561-4b03-baf9-a4f7f87f98b9",[\n]"
21:06:59.240 [Test worker] DEBUG com.github.dockerjava.zerodep.shaded.org.apache.hc.client5.http.wire - http-outgoing-1 >> "        "name" : "groups",[\n]"
21:06:59.240 [Test worker] DEBUG com.github.dockerjava.zerodep.shaded.org.apache.hc.client5.http.wire - http-outgoing-1 >> "        "protocol" : "openid-connect",[\n]"
21:06:59.240 [Test worker] DEBUG com.github.dockerjava.zerodep.shaded.org.apache.hc.client5.http.wire - http-outgoing-1 >> "        "protocolMapper" : "oidc-usermodel-realm-role-mapper",[\n]"
21:06:59.240 [Test worker] DEBUG com.github.dockerjava.zerodep.shaded.org.apache.hc.client5.http.wire - http-outgoing-1 >> "        "consentRequired" : false,[\n]"
21:06:59.240 [Test worker] DEBUG com.github.dockerjava.zerodep.shaded.org.apache.hc.client5.http.wire - http-outgoing-1 >> "        "config" : {[\n]"
21:06:59.240 [Test worker] DEBUG com.github.dockerjava.zerodep.shaded.org.apache.hc.client5.http.wire - http-outgoing-1 >> "          "multivalued" : "true",[\n]"
21:06:59.240 [Test worker] DEBUG com.github.dockerjava.zerodep.shaded.org.apache.hc.client5.http.wire - http-outgoing-1 >> "          "userinfo.token.claim" : "true",[\n]"
21:06:59.240 [Test worker] DEBUG com.github.dockerjava.zerodep.shaded.org.apache.hc.client5.http.wire - http-outgoing-1 >> "          "user.attribute" : "foo",[\n]"
21:06:59.240 [Test worker] DEBUG com.github.dockerjava.zerodep.shaded.org.apache.hc.client5.http.wire - http-outgoing-1 >> "          "id.token.claim" : "true",[\n]"
21:06:59.240 [Test worker] DEBUG com.github.dockerjava.zerodep.shaded.org.apache.hc.client5.http.wire - http-outgoing-1 >> "          "access.token.claim" : "true",[\n]"
21:06:59.240 [Test worker] DEBUG com.github.dockerjava.zerodep.shaded.org.apache.hc.client5.http.wire - http-outgoing-1 >> "          "claim.name" : "groups",[\n]"
21:06:59.240 [Test worker] DEBUG com.github.dockerjava.zerodep.shaded.org.apache.hc.client5.http.wire - http-outgoing-1 >> "          "jsonType.label" : "String"[\n]"
21:06:59.240 [Test worker] DEBUG com.github.dockerjava.zerodep.shaded.org.apache.hc.client5.http.wire - http-outgoing-1 >> "        }[\n]"
21:06:59.240 [Test worker] DEBUG com.github.dockerjava.zerodep.shaded.org.apache.hc.client5.http.wire - http-outgoing-1 >> "      } ][\n]"
21:06:59.240 [Test worker] DEBUG com.github.dockerjava.zerodep.shaded.org.apache.hc.client5.http.wire - http-outgoing-1 >> "    }, {[\n]"
21:06:59.240 [Test worker] DEBUG com.github.dockerjava.zerodep.shaded.org.apache.hc.client5.http.wire - http-outgoing-1 >> "      "id" : "c6fba95a-edc3-4084-be2f-55ed118c14d4",[\n]"
21:06:59.240 [Test worker] DEBUG com.github.dockerjava.zerodep.shaded.org.apache.hc.client5.http.wire - http-outgoing-1 >> "      "name" : "profile",[\n]"
21:06:59.240 [Test worker] DEBUG com.github.dockerjava.zerodep.shaded.org.apache.hc.client5.http.wire - http-outgoing-1 >> "      "description" : "OpenID Connect built-in scope: profile",[\n]"
21:06:59.240 [Test worker] DEBUG com.github.dockerjava.zerodep.shaded.org.apache.hc.client5.http.wire - http-outgoing-1 >> "      "protocol" : "openid-connect",[\n]"
21:06:59.240 [Test worker] DEBUG com.github.dockerjava.zerodep.shaded.org.apache.hc.client5.http.wire - http-outgoing-1 >> "      "attributes" : {[\n]"
21:06:59.240 [Test worker] DEBUG com.github.dockerjava.zerodep.shaded.org.apache.hc.client5.http.wire - http-outgoing-1 >> "        "include.in.token.scope" : "true",[\n]"
21:06:59.240 [Test worker] DEBUG com.github.dockerjava.zerodep.shaded.org.apache.hc.client5.http.wire - http-outgoing-1 >> "        "display.on.consent.screen" : "true",[\n]"
21:06:59.240 [Test worker] DEBUG com.github.dockerjava.zerodep.shaded.org.apache.hc.client5.http.wire - http-outgoing-1 >> "        "consent.screen.text" : "${profileScopeConsentText}"[\n]"
21:06:59.240 [Test worker] DEBUG com.github.dockerjava.zerodep.shaded.org.apache.hc.client5.http.wire - http-outgoing-1 >> "      },[\n]"
21:06:59.240 [Test worker] DEBUG com.github.dockerjava.zerodep.shaded.org.apache.hc.client5.http.wire - http-outgoing-1 >> "      "protocolMappers" : [ {[\n]"
21:06:59.240 [Test worker] DEBUG com.github.dockerjava.zerodep.shaded.org.apache.hc.client5.http.wire - http-outgoing-1 >> "        "id" : "1bf2929c-17a6-4d3e-ab1b-85879580469e",[\n]"
21:06:59.240 [Test worker] DEBUG com.github.dockerjava.zerodep.shaded.org.apache.hc.client5.http.wire - http-outgoing-1 >> "        "name" : "website",[\n]"
21:06:59.240 [Test worker] DEBUG com.github.dockerjava.zerodep.shaded.org.apache.hc.client5.http.wire - http-outgoing-1 >> "        "protocol" : "openid-connect",[\n]"
21:06:59.240 [Test worker] DEBUG com.github.dockerjava.zerodep.shaded.org.apache.hc.client5.http.wire - http-outgoing-1 >> "        "protocolMapper" : "oidc-usermodel-attribute-mapper",[\n]"
21:06:59.240 [Test worker] DEBUG com.github.dockerjava.zerodep.shaded.org.apache.hc.client5.http.wire - http-outgoing-1 >> "        "consentRequired" : false,[\n]"
21:06:59.240 [Test worker] DEBUG com.github.dockerjava.zerodep.shaded.org.apache.hc.client5.http.wire - http-outgoing-1 >> "        "config" : {[\n]"
21:06:59.240 [Test worker] DEBUG com.github.dockerjava.zerodep.shaded.org.apache.hc.client5.http.wire - http-outgoing-1 >> "          "userinfo.token.claim" : "true",[\n]"
21:06:59.240 [Test worker] DEBUG com.github.dockerjava.zerodep.shaded.org.apache.hc.client5.http.wire - http-outgoing-1 >> "          "user.attribute" : "website",[\n]"
21:06:59.240 [Test worker] DEBUG com.github.dockerjava.zerodep.shaded.org.apache.hc.client5.http.wire - http-outgoing-1 >> "          "id.token.claim" : "true",[\n]"
21:06:59.240 [Test worker] DEBUG com.github.dockerjava.zerodep.shaded.org.apache.hc.client5.http.wire - http-outgoing-1 >> "          "access.token.claim" : "true",[\n]"
21:06:59.240 [Test worker] DEBUG com.github.dockerjava.zerodep.shaded.org.apache.hc.client5.http.wire - http-outgoing-1 >> "          "claim.name" : "website",[\n]"
21:06:59.240 [Test worker] DEBUG com.github.dockerjava.zerodep.shaded.org.apache.hc.client5.http.wire - http-outgoing-1 >> "          "jsonType.label" : "String"[\n]"
21:06:59.240 [Test worker] DEBUG com.github.dockerjava.zerodep.shaded.org.apache.hc.client5.http.wire - http-outgoing-1 >> "        }[\n]"
21:06:59.240 [Test worker] DEBUG com.github.dockerjava.zerodep.shaded.org.apache.hc.client5.http.wire - http-outgoing-1 >> "      }, {[\n]"
21:06:59.240 [Test worker] DEBUG com.github.dockerjava.zerodep.shaded.org.apache.hc.client5.http.wire - http-outgoing-1 >> "        "id" : "9672d6ac-d4b2-48e1-a24a-85b1fa71570f",[\n]"
21:06:59.240 [Test worker] DEBUG com.github.dockerjava.zerodep.shaded.org.apache.hc.client5.http.wire - http-outgoing-1 >> "        "name" : "birthdate",[\n]"
21:06:59.240 [Test worker] DEBUG com.github.dockerjava.zerodep.shaded.org.apache.hc.client5.http.wire - http-outgoing-1 >> "        "protocol" : "openid-connect",[\n]"
21:06:59.240 [Test worker] DEBUG com.github.dockerjava.zerodep.shaded.org.apache.hc.client5.http.wire - http-outgoing-1 >> "        "protocolMapper" : "oidc-usermodel-attribute-mapper",[\n]"
21:06:59.240 [Test worker] DEBUG com.github.dockerjava.zerodep.shaded.org.apache.hc.client5.http.wire - http-outgoing-1 >> "        "consentRequired" : false,[\n]"
21:06:59.240 [Test worker] DEBUG com.github.dockerjava.zerodep.shaded.org.apache.hc.client5.http.wire - http-outgoing-1 >> "        "config" : {[\n]"
21:06:59.240 [Test worker] DEBUG com.github.dockerjava.zerodep.shaded.org.apache.hc.client5.http.wire - http-outgoing-1 >> "          "userinfo.token.claim" : "true",[\n]"
21:06:59.240 [Test worker] DEBUG com.github.dockerjava.zerodep.shaded.org.apache.hc.client5.http.wire - http-outgoing-1 >> "          "user.attribute" : "birthdate",[\n]"
21:06:59.240 [Test worker] DEBUG com.github.dockerjava.zerodep.shaded.org.apache.hc.client5.http.wire - http-outgoing-1 >> "          "id.token.claim" : "true",[\n]"
21:06:59.240 [Test worker] DEBUG com.github.dockerjava.zerodep.shaded.org.apache.hc.client5.http.wire - http-outgoing-1 >> "          "access.token.claim" : "true",[\n]"
21:06:59.240 [Test worker] DEBUG com.github.dockerjava.zerodep.shaded.org.apache.hc.client5.http.wire - http-outgoing-1 >> "          "claim.name" : "birthdate",[\n]"
21:06:59.240 [Test worker] DEBUG com.github.dockerjava.zerodep.shaded.org.apache.hc.client5.http.wire - http-outgoing-1 >> "          "jsonType.label" : "String"[\n]"
21:06:59.240 [Test worker] DEBUG com.github.dockerjava.zerodep.shaded.org.apache.hc.client5.http.wire - http-outgoing-1 >> "        }[\n]"
21:06:59.241 [Test worker] DEBUG com.github.dockerjava.zerodep.shaded.org.apache.hc.client5.http.wire - http-outgoing-1 >> "      }, {[\n]"
21:06:59.241 [Test worker] DEBUG com.github.dockerjava.zerodep.shaded.org.apache.hc.client5.http.wire - http-outgoing-1 >> "        "id" : "6d36d34a-8159-40fd-84b1-7796a12d8107",[\n]"
21:06:59.241 [Test worker] DEBUG com.github.dockerjava.zerodep.shaded.org.apache.hc.client5.http.wire - http-outgoing-1 >> "        "name" : "updated at",[\n]"
21:06:59.241 [Test worker] DEBUG com.github.dockerjava.zerodep.shaded.org.apache.hc.client5.http.wire - http-outgoing-1 >> "        "protocol" : "openid-connect",[\n]"
21:06:59.241 [Test worker] DEBUG com.github.dockerjava.zerodep.shaded.org.apache.hc.client5.http.wire - http-outgoing-1 >> "        "protocolMapper" : "oidc-usermodel-attribute-mapper",[\n]"
21:06:59.241 [Test worker] DEBUG com.github.dockerjava.zerodep.shaded.org.apache.hc.client5.http.wire - http-outgoing-1 >> "        "consentRequired" : false,[\n]"
21:06:59.241 [Test worker] DEBUG com.github.dockerjava.zerodep.shaded.org.apache.hc.client5.http.wire - http-outgoing-1 >> "        "config" : {[\n]"
21:06:59.241 [Test worker] DEBUG com.github.dockerjava.zerodep.shaded.org.apache.hc.client5.http.wire - http-outgoing-1 >> "          "userinfo.token.claim" : "true",[\n]"
21:06:59.241 [Test worker] DEBUG com.github.dockerjava.zerodep.shaded.org.apache.hc.client5.http.wire - http-outgoing-1 >> "          "user.attribute" : "updatedAt",[\n]"
21:06:59.241 [Test worker] DEBUG com.github.dockerjava.zerodep.shaded.org.apache.hc.client5.http.wire - http-outgoing-1 >> "          "id.token.claim" : "true",[\n]"
21:06:59.241 [Test worker] DEBUG com.github.dockerjava.zerodep.shaded.org.apache.hc.client5.http.wire - http-outgoing-1 >> "          "access.token.claim" : "true",[\n]"
21:06:59.241 [Test worker] DEBUG com.github.dockerjava.zerodep.shaded.org.apache.hc.client5.http.wire - http-outgoing-1 >> "          "claim.name" : "updated_at",[\n]"
21:06:59.241 [Test worker] DEBUG com.github.dockerjava.zerodep.shaded.org.apache.hc.client5.http.wire - http-outgoing-1 >> "          "jsonType.label" : "long"[\n]"
21:06:59.241 [Test worker] DEBUG com.github.dockerjava.zerodep.shaded.org.apache.hc.client5.http.wire - http-outgoing-1 >> "        }[\n]"
21:06:59.241 [Test worker] DEBUG com.github.dockerjava.zerodep.shaded.org.apache.hc.client5.http.wire - http-outgoing-1 >> "      }, {[\n]"
21:06:59.241 [Test worker] DEBUG com.github.dockerjava.zerodep.shaded.org.apache.hc.client5.http.wire - http-outgoing-1 >> "        "id" : "2fd0f963-744b-4c4b-b154-5b6b98d4d8f4",[\n]"
21:06:59.241 [Test worker] DEBUG com.github.dockerjava.zerodep.shaded.org.apache.hc.client5.http.wire - http-outgoing-1 >> "        "name" : "locale",[\n]"
21:06:59.241 [Test worker] DEBUG com.github.dockerjava.zerodep.shaded.org.apache.hc.client5.http.wire - http-outgoing-1 >> "        "protocol" : "openid-connect",[\n]"
21:06:59.241 [Test worker] DEBUG com.github.dockerjava.zerodep.shaded.org.apache.hc.client5.http.wire - http-outgoing-1 >> "        "protocolMapper" : "oidc-usermodel-attribute-mapper",[\n]"
21:06:59.241 [Test worker] DEBUG com.github.dockerjava.zerodep.shaded.org.apache.hc.client5.http.wire - http-outgoing-1 >> "        "consentRequired" : false,[\n]"
21:06:59.241 [Test worker] DEBUG com.github.dockerjava.zerodep.shaded.org.apache.hc.client5.http.wire - http-outgoing-1 >> "        "config" : {[\n]"
21:06:59.241 [Test worker] DEBUG com.github.dockerjava.zerodep.shaded.org.apache.hc.client5.http.wire - http-outgoing-1 >> "          "userinfo.token.claim" : "true",[\n]"
21:06:59.241 [Test worker] DEBUG com.github.dockerjava.zerodep.shaded.org.apache.hc.client5.http.wire - http-outgoing-1 >> "          "user.attribute" : "locale",[\n]"
21:06:59.241 [Test worker] DEBUG com.github.dockerjava.zerodep.shaded.org.apache.hc.client5.http.wire - http-outgoing-1 >> "          "id.token.claim" : "true",[\n]"
21:06:59.241 [Test worker] DEBUG com.github.dockerjava.zerodep.shaded.org.apache.hc.client5.http.wire - http-outgoing-1 >> "          "access.token.claim" : "true",[\n]"
21:06:59.241 [Test worker] DEBUG com.github.dockerjava.zerodep.shaded.org.apache.hc.client5.http.wire - http-outgoing-1 >> "          "claim.name" : "locale",[\n]"
21:06:59.241 [Test worker] DEBUG com.github.dockerjava.zerodep.shaded.org.apache.hc.client5.http.wire - http-outgoing-1 >> "          "jsonType.label" : "String"[\n]"
21:06:59.241 [Test worker] DEBUG com.github.dockerjava.zerodep.shaded.org.apache.hc.client5.http.wire - http-outgoing-1 >> "        }[\n]"
21:06:59.241 [Test worker] DEBUG com.github.dockerjava.zerodep.shaded.org.apache.hc.client5.http.wire - http-outgoing-1 >> "      }, {[\n]"
21:06:59.241 [Test worker] DEBUG com.github.dockerjava.zerodep.shaded.org.apache.hc.client5.http.wire - http-outgoing-1 >> "        "id" : "2bf44a1c-1849-457d-9612-ca307ec5a3df",[\n]"
21:06:59.241 [Test worker] DEBUG com.github.dockerjava.zerodep.shaded.org.apache.hc.client5.http.wire - http-outgoing-1 >> "        "name" : "full name",[\n]"
21:06:59.241 [Test worker] DEBUG com.github.dockerjava.zerodep.shaded.org.apache.hc.client5.http.wire - http-outgoing-1 >> "        "protocol" : "openid-connect",[\n]"
21:06:59.241 [Test worker] DEBUG com.github.dockerjava.zerodep.shaded.org.apache.hc.client5.http.wire - http-outgoing-1 >> "        "protocolMapper" : "oidc-full-name-mapper",[\n]"
21:06:59.241 [Test worker] DEBUG com.github.dockerjava.zerodep.shaded.org.apache.hc.client5.http.wire - http-outgoing-1 >> "        "consentRequired" : false,[\n]"
21:06:59.241 [Test worker] DEBUG com.github.dockerjava.zerodep.shaded.org.apache.hc.client5.http.wire - http-outgoing-1 >> "        "config" : {[\n]"
21:06:59.241 [Test worker] DEBUG com.github.dockerjava.zerodep.shaded.org.apache.hc.client5.http.wire - http-outgoing-1 >> "          "id.token.claim" : "true",[\n]"
21:06:59.241 [Test worker] DEBUG com.github.dockerjava.zerodep.shaded.org.apache.hc.client5.http.wire - http-outgoing-1 >> "          "access.token.claim" : "true",[\n]"
21:06:59.241 [Test worker] DEBUG com.github.dockerjava.zerodep.shaded.org.apache.hc.client5.http.wire - http-outgoing-1 >> "          "userinfo.token.claim" : "true"[\n]"
21:06:59.241 [Test worker] DEBUG com.github.dockerjava.zerodep.shaded.org.apache.hc.client5.http.wire - http-outgoing-1 >> "        }[\n]"
21:06:59.241 [Test worker] DEBUG com.github.dockerjava.zerodep.shaded.org.apache.hc.client5.http.wire - http-outgoing-1 >> "      }, {[\n]"
21:06:59.241 [Test worker] DEBUG com.github.dockerjava.zerodep.shaded.org.apache.hc.client5.http.wire - http-outgoing-1 >> "        "id" : "8b183c75-ac60-4fb3-a8bf-1010a304d773",[\n]"
21:06:59.241 [Test worker] DEBUG com.github.dockerjava.zerodep.shaded.org.apache.hc.client5.http.wire - http-outgoing-1 >> "        "name" : "username",[\n]"
21:06:59.241 [Test worker] DEBUG com.github.dockerjava.zerodep.shaded.org.apache.hc.client5.http.wire - http-outgoing-1 >> "        "protocol" : "openid-connect",[\n]"
21:06:59.241 [Test worker] DEBUG com.github.dockerjava.zerodep.shaded.org.apache.hc.client5.http.wire - http-outgoing-1 >> "        "protocolMapper" : "oidc-usermodel-property-mapper",[\n]"
21:06:59.241 [Test worker] DEBUG com.github.dockerjava.zerodep.shaded.org.apache.hc.client5.http.wire - http-outgoing-1 >> "        "consentRequired" : false,[\n]"
21:06:59.241 [Test worker] DEBUG com.github.dockerjava.zerodep.shaded.org.apache.hc.client5.http.wire - http-outgoing-1 >> "        "config" : {[\n]"
21:06:59.241 [Test worker] DEBUG com.github.dockerjava.zerodep.shaded.org.apache.hc.client5.http.wire - http-outgoing-1 >> "       [\r][\n]"
21:06:59.241 [Test worker] DEBUG com.github.dockerjava.zerodep.shaded.org.apache.hc.client5.http.wire - http-outgoing-1 >> "1000[\r][\n]"
21:06:59.241 [Test worker] DEBUG com.github.dockerjava.zerodep.shaded.org.apache.hc.client5.http.wire - http-outgoing-1 >> "   "userinfo.token.claim" : "true",[\n]"
21:06:59.241 [Test worker] DEBUG com.github.dockerjava.zerodep.shaded.org.apache.hc.client5.http.wire - http-outgoing-1 >> "          "user.attribute" : "username",[\n]"
21:06:59.241 [Test worker] DEBUG com.github.dockerjava.zerodep.shaded.org.apache.hc.client5.http.wire - http-outgoing-1 >> "          "id.token.claim" : "true",[\n]"
21:06:59.241 [Test worker] DEBUG com.github.dockerjava.zerodep.shaded.org.apache.hc.client5.http.wire - http-outgoing-1 >> "          "access.token.claim" : "true",[\n]"
21:06:59.241 [Test worker] DEBUG com.github.dockerjava.zerodep.shaded.org.apache.hc.client5.http.wire - http-outgoing-1 >> "          "claim.name" : "preferred_username",[\n]"
21:06:59.241 [Test worker] DEBUG com.github.dockerjava.zerodep.shaded.org.apache.hc.client5.http.wire - http-outgoing-1 >> "          "jsonType.label" : "String"[\n]"
21:06:59.241 [Test worker] DEBUG com.github.dockerjava.zerodep.shaded.org.apache.hc.client5.http.wire - http-outgoing-1 >> "        }[\n]"
21:06:59.241 [Test worker] DEBUG com.github.dockerjava.zerodep.shaded.org.apache.hc.client5.http.wire - http-outgoing-1 >> "      }, {[\n]"
21:06:59.241 [Test worker] DEBUG com.github.dockerjava.zerodep.shaded.org.apache.hc.client5.http.wire - http-outgoing-1 >> "        "id" : "29b4b453-b4c3-4966-9fe6-8592323212c5",[\n]"
21:06:59.241 [Test worker] DEBUG com.github.dockerjava.zerodep.shaded.org.apache.hc.client5.http.wire - http-outgoing-1 >> "        "name" : "picture",[\n]"
21:06:59.241 [Test worker] DEBUG com.github.dockerjava.zerodep.shaded.org.apache.hc.client5.http.wire - http-outgoing-1 >> "        "protocol" : "openid-connect",[\n]"
21:06:59.241 [Test worker] DEBUG com.github.dockerjava.zerodep.shaded.org.apache.hc.client5.http.wire - http-outgoing-1 >> "        "protocolMapper" : "oidc-usermodel-attribute-mapper",[\n]"
21:06:59.241 [Test worker] DEBUG com.github.dockerjava.zerodep.shaded.org.apache.hc.client5.http.wire - http-outgoing-1 >> "        "consentRequired" : false,[\n]"
21:06:59.241 [Test worker] DEBUG com.github.dockerjava.zerodep.shaded.org.apache.hc.client5.http.wire - http-outgoing-1 >> "        "config" : {[\n]"
21:06:59.241 [Test worker] DEBUG com.github.dockerjava.zerodep.shaded.org.apache.hc.client5.http.wire - http-outgoing-1 >> "          "userinfo.token.claim" : "true",[\n]"
21:06:59.241 [Test worker] DEBUG com.github.dockerjava.zerodep.shaded.org.apache.hc.client5.http.wire - http-outgoing-1 >> "          "user.attribute" : "picture",[\n]"
21:06:59.241 [Test worker] DEBUG com.github.dockerjava.zerodep.shaded.org.apache.hc.client5.http.wire - http-outgoing-1 >> "          "id.token.claim" : "true",[\n]"
21:06:59.241 [Test worker] DEBUG com.github.dockerjava.zerodep.shaded.org.apache.hc.client5.http.wire - http-outgoing-1 >> "          "access.token.claim" : "true",[\n]"
21:06:59.241 [Test worker] DEBUG com.github.dockerjava.zerodep.shaded.org.apache.hc.client5.http.wire - http-outgoing-1 >> "          "claim.name" : "picture",[\n]"
21:06:59.241 [Test worker] DEBUG com.github.dockerjava.zerodep.shaded.org.apache.hc.client5.http.wire - http-outgoing-1 >> "          "jsonType.label" : "String"[\n]"
21:06:59.241 [Test worker] DEBUG com.github.dockerjava.zerodep.shaded.org.apache.hc.client5.http.wire - http-outgoing-1 >> "        }[\n]"
21:06:59.241 [Test worker] DEBUG com.github.dockerjava.zerodep.shaded.org.apache.hc.client5.http.wire - http-outgoing-1 >> "      }, {[\n]"
21:06:59.241 [Test worker] DEBUG com.github.dockerjava.zerodep.shaded.org.apache.hc.client5.http.wire - http-outgoing-1 >> "        "id" : "6d21f2da-520e-4d9a-9dc6-c35eefb9a115",[\n]"
21:06:59.241 [Test worker] DEBUG com.github.dockerjava.zerodep.shaded.org.apache.hc.client5.http.wire - http-outgoing-1 >> "        "name" : "middle name",[\n]"
21:06:59.241 [Test worker] DEBUG com.github.dockerjava.zerodep.shaded.org.apache.hc.client5.http.wire - http-outgoing-1 >> "        "protocol" : "openid-connect",[\n]"
21:06:59.241 [Test worker] DEBUG com.github.dockerjava.zerodep.shaded.org.apache.hc.client5.http.wire - http-outgoing-1 >> "        "protocolMapper" : "oidc-usermodel-attribute-mapper",[\n]"
21:06:59.241 [Test worker] DEBUG com.github.dockerjava.zerodep.shaded.org.apache.hc.client5.http.wire - http-outgoing-1 >> "        "consentRequired" : false,[\n]"
21:06:59.241 [Test worker] DEBUG com.github.dockerjava.zerodep.shaded.org.apache.hc.client5.http.wire - http-outgoing-1 >> "        "config" : {[\n]"
21:06:59.241 [Test worker] DEBUG com.github.dockerjava.zerodep.shaded.org.apache.hc.client5.http.wire - http-outgoing-1 >> "          "userinfo.token.claim" : "true",[\n]"
21:06:59.241 [Test worker] DEBUG com.github.dockerjava.zerodep.shaded.org.apache.hc.client5.http.wire - http-outgoing-1 >> "          "user.attribute" : "middleName",[\n]"
21:06:59.241 [Test worker] DEBUG com.github.dockerjava.zerodep.shaded.org.apache.hc.client5.http.wire - http-outgoing-1 >> "          "id.token.claim" : "true",[\n]"
21:06:59.241 [Test worker] DEBUG com.github.dockerjava.zerodep.shaded.org.apache.hc.client5.http.wire - http-outgoing-1 >> "          "access.token.claim" : "true",[\n]"
21:06:59.241 [Test worker] DEBUG com.github.dockerjava.zerodep.shaded.org.apache.hc.client5.http.wire - http-outgoing-1 >> "          "claim.name" : "middle_name",[\n]"
21:06:59.241 [Test worker] DEBUG com.github.dockerjava.zerodep.shaded.org.apache.hc.client5.http.wire - http-outgoing-1 >> "          "jsonType.label" : "String"[\n]"
21:06:59.241 [Test worker] DEBUG com.github.dockerjava.zerodep.shaded.org.apache.hc.client5.http.wire - http-outgoing-1 >> "        }[\n]"
21:06:59.241 [Test worker] DEBUG com.github.dockerjava.zerodep.shaded.org.apache.hc.client5.http.wire - http-outgoing-1 >> "      }, {[\n]"
21:06:59.241 [Test worker] DEBUG com.github.dockerjava.zerodep.shaded.org.apache.hc.client5.http.wire - http-outgoing-1 >> "        "id" : "186702ca-b532-416b-9bd6-a785d2d07808",[\n]"
21:06:59.241 [Test worker] DEBUG com.github.dockerjava.zerodep.shaded.org.apache.hc.client5.http.wire - http-outgoing-1 >> "        "name" : "zoneinfo",[\n]"
21:06:59.241 [Test worker] DEBUG com.github.dockerjava.zerodep.shaded.org.apache.hc.client5.http.wire - http-outgoing-1 >> "        "protocol" : "openid-connect",[\n]"
21:06:59.241 [Test worker] DEBUG com.github.dockerjava.zerodep.shaded.org.apache.hc.client5.http.wire - http-outgoing-1 >> "        "protocolMapper" : "oidc-usermodel-attribute-mapper",[\n]"
21:06:59.241 [Test worker] DEBUG com.github.dockerjava.zerodep.shaded.org.apache.hc.client5.http.wire - http-outgoing-1 >> "        "consentRequired" : false,[\n]"
21:06:59.241 [Test worker] DEBUG com.github.dockerjava.zerodep.shaded.org.apache.hc.client5.http.wire - http-outgoing-1 >> "        "config" : {[\n]"
21:06:59.241 [Test worker] DEBUG com.github.dockerjava.zerodep.shaded.org.apache.hc.client5.http.wire - http-outgoing-1 >> "          "userinfo.token.claim" : "true",[\n]"
21:06:59.241 [Test worker] DEBUG com.github.dockerjava.zerodep.shaded.org.apache.hc.client5.http.wire - http-outgoing-1 >> "          "user.attribute" : "zoneinfo",[\n]"
21:06:59.241 [Test worker] DEBUG com.github.dockerjava.zerodep.shaded.org.apache.hc.client5.http.wire - http-outgoing-1 >> "          "id.token.claim" : "true",[\n]"
21:06:59.241 [Test worker] DEBUG com.github.dockerjava.zerodep.shaded.org.apache.hc.client5.http.wire - http-outgoing-1 >> "          "access.token.claim" : "true",[\n]"
21:06:59.241 [Test worker] DEBUG com.github.dockerjava.zerodep.shaded.org.apache.hc.client5.http.wire - http-outgoing-1 >> "          "claim.name" : "zoneinfo",[\n]"
21:06:59.241 [Test worker] DEBUG com.github.dockerjava.zerodep.shaded.org.apache.hc.client5.http.wire - http-outgoing-1 >> "          "jsonType.label" : "String"[\n]"
21:06:59.241 [Test worker] DEBUG com.github.dockerjava.zerodep.shaded.org.apache.hc.client5.http.wire - http-outgoing-1 >> "        }[\n]"
21:06:59.241 [Test worker] DEBUG com.github.dockerjava.zerodep.shaded.org.apache.hc.client5.http.wire - http-outgoing-1 >> "      }, {[\n]"
21:06:59.241 [Test worker] DEBUG com.github.dockerjava.zerodep.shaded.org.apache.hc.client5.http.wire - http-outgoing-1 >> "        "id" : "392cdd13-6546-4c04-bb2d-263382a1bab3",[\n]"
21:06:59.241 [Test worker] DEBUG com.github.dockerjava.zerodep.shaded.org.apache.hc.client5.http.wire - http-outgoing-1 >> "        "name" : "nickname",[\n]"
21:06:59.241 [Test worker] DEBUG com.github.dockerjava.zerodep.shaded.org.apache.hc.client5.http.wire - http-outgoing-1 >> "        "protocol" : "openid-connect",[\n]"
21:06:59.241 [Test worker] DEBUG com.github.dockerjava.zerodep.shaded.org.apache.hc.client5.http.wire - http-outgoing-1 >> "        "protocolMapper" : "oidc-usermodel-attribute-mapper",[\n]"
21:06:59.241 [Test worker] DEBUG com.github.dockerjava.zerodep.shaded.org.apache.hc.client5.http.wire - http-outgoing-1 >> "        "consentRequired" : false,[\n]"
21:06:59.241 [Test worker] DEBUG com.github.dockerjava.zerodep.shaded.org.apache.hc.client5.http.wire - http-outgoing-1 >> "        "config" : {[\n]"
21:06:59.241 [Test worker] DEBUG com.github.dockerjava.zerodep.shaded.org.apache.hc.client5.http.wire - http-outgoing-1 >> "          "userinfo.token.claim" : "true",[\n]"
21:06:59.241 [Test worker] DEBUG com.github.dockerjava.zerodep.shaded.org.apache.hc.client5.http.wire - http-outgoing-1 >> "          "user.attribute" : "nickname",[\n]"
21:06:59.241 [Test worker] DEBUG com.github.dockerjava.zerodep.shaded.org.apache.hc.client5.http.wire - http-outgoing-1 >> "          "id.token.claim" : "true",[\n]"
21:06:59.241 [Test worker] DEBUG com.github.dockerjava.zerodep.shaded.org.apache.hc.client5.http.wire - http-outgoing-1 >> "          "access.token.claim" : "true",[\n]"
21:06:59.241 [Test worker] DEBUG com.github.dockerjava.zerodep.shaded.org.apache.hc.client5.http.wire - http-outgoing-1 >> "          "claim.name" : "nickname",[\n]"
21:06:59.241 [Test worker] DEBUG com.github.dockerjava.zerodep.shaded.org.apache.hc.client5.http.wire - http-outgoing-1 >> "          "jsonType.label" : "String"[\n]"
21:06:59.241 [Test worker] DEBUG com.github.dockerjava.zerodep.shaded.org.apache.hc.client5.http.wire - http-outgoing-1 >> "        }[\n]"
21:06:59.241 [Test worker] DEBUG com.github.dockerjava.zerodep.shaded.org.apache.hc.client5.http.wire - http-outgoing-1 >> "      }, {[\n]"
21:06:59.241 [Test worker] DEBUG com.github.dockerjava.zerodep.shaded.org.apache.hc.client5.http.wire - http-outgoing-1 >> "        "id" : "15fb37a4-8020-45f2-bef9-7c4384bf344d",[\n]"
21:06:59.241 [Test worker] DEBUG com.github.dockerjava.zerodep.shaded.org.apache.hc.client5.http.wire - http-outgoing-1 >> "        "name" : "profile",[\n]"
21:06:59.241 [Test worker] DEBUG com.github.dockerjava.zerodep.shaded.org.apache.hc.client5.http.wire - http-outgoing-1 >> "        "protocol" : "openid-connect",[\n]"
21:06:59.241 [Test worker] DEBUG com.github.dockerjava.zerodep.shaded.org.apache.hc.client5.http.wire - http-outgoing-1 >> "        "protocolMapper" : "oidc-usermodel-attribute-mapper",[\n]"
21:06:59.241 [Test worker] DEBUG com.github.dockerjava.zerodep.shaded.org.apache.hc.client5.http.wire - http-outgoing-1 >> "        "consentRequired" : false,[\n]"
21:06:59.241 [Test worker] DEBUG com.github.dockerjava.zerodep.shaded.org.apache.hc.client5.http.wire - http-outgoing-1 >> "        "config" : {[\n]"
21:06:59.241 [Test worker] DEBUG com.github.dockerjava.zerodep.shaded.org.apache.hc.client5.http.wire - http-outgoing-1 >> "          "userinfo.token.claim" : "true",[\n]"
21:06:59.241 [Test worker] DEBUG com.github.dockerjava.zerodep.shaded.org.apache.hc.client5.http.wire - http-outgoing-1 >> "          "user.attribute" : "profile",[\n]"
21:06:59.241 [Test worker] DEBUG com.github.dockerjava.zerodep.shaded.org.apache.hc.client5.http.wire - http-outgoing-1 >> "          "id.token.claim" : "true",[\n]"
21:06:59.241 [Test worker] DEBUG com.github.dockerjava.zerodep.shaded.org.apache.hc.client5.http.wire - http-outgoing-1 >> "          "access.token.claim" : "true",[\n]"
21:06:59.241 [Test worker] DEBUG com.github.dockerjava.zerodep.shaded.org.apache.hc.client5.http.wire - http-outgoing-1 >> "          "claim.name" : "profile",[\n]"
21:06:59.241 [Test worker] DEBUG com.github.dockerjava.zerodep.shaded.org.apache.hc.client5.http.wire - http-outgoing-1 >> "          "jsonType.label" : "String"[\n]"
21:06:59.241 [Test worker] DEBUG com.github.dockerjava.zerodep.shaded.org.apache.hc.client5.http.wire - http-outgoing-1 >> "        }[\n]"
21:06:59.241 [Test worker] DEBUG com.github.dockerjava.zerodep.shaded.org.apache.hc.client5.http.wire - http-outgoing-1 >> "      }, {[\n]"
21:06:59.241 [Test worker] DEBUG com.github.dockerjava.zerodep.shaded.org.apache.hc.client5.http.wire - http-outgoing-1 >> "        "id" : "cf9f8233-dc55-4ad0-a164-9d646a3cfd31",[\n]"
21:06:59.241 [Test worker] DEBUG com.github.dockerjava.zerodep.shaded.org.apache.hc.client5.http.wire - http-outgoing-1 >> "        "name" : "gender",[\n]"
21:06:59.241 [Test worker] DEBUG com.github.dockerjava.zerodep.shaded.org.apache.hc.client5.http.wire - http-outgoing-1 >> "        "protocol" : "openid-connect",[\n]"
21:06:59.241 [Test worker] DEBUG com.github.dockerjava.zerodep.shaded.org.apache.hc.client5.http.wire - http-outgoing-1 >> "        "protocolMapper" : "oidc-usermodel-attribute-mapper",[\n]"
21:06:59.241 [Test worker] DEBUG com.github.dockerjava.zerodep.shaded.org.apache.hc.client5.http.wire - http-outgoing-1 >> "        "consentRequired" : false,[\n]"
21:06:59.241 [Test worker] DEBUG com.github.dockerjava.zerodep.shaded.org.apache.hc.client5.http.wire - http-outgoing-1 >> "        "config" : {[\n]"
21:06:59.241 [Test worker] DEBUG com.github.dockerjava.zerodep.shaded.org.apache.hc.client5.http.wire - http-outgoing-1 >> "          "userinfo.token.claim" : "true",[\n]"
21:06:59.241 [Test worker] DEBUG com.github.dockerjava.zerodep.shaded.org.apache.hc.client5.http.wire - http-outgoing-1 >> "          "user.attribute" : "gender",[\n]"
21:06:59.241 [Test worker] DEBUG com.github.dockerjava.zerodep.shaded.org.apache.hc.client5.http.wire - http-outgoing-1 >> "          "id.token.claim" : "true",[\n]"
21:06:59.242 [Test worker] DEBUG com.github.dockerjava.zerodep.shaded.org.apache.hc.client5.http.wire - http-outgoing-1 >> "          "access.token.claim" : "true",[\n]"
21:06:59.242 [Test worker] DEBUG com.github.dockerjava.zerodep.shaded.org.apache.hc.client5.http.wire - http-outgoing-1 >> "          "claim.name" : "gender",[\n]"
21:06:59.242 [Test worker] DEBUG com.github.dockerjava.zerodep.shaded.org.apache.hc.client5.http.wire - http-outgoing-1 >> "          "jsonType.label" : "String"[\n]"
21:06:59.242 [Test worker] DEBUG com.github.dockerjava.zerodep.shaded.org.apache.hc.client5.http.wire - http-outgoing-1 >> "        }[\n]"
21:06:59.242 [Test worker] DEBUG com.github.dockerjava.zerodep.shaded.org.apache.hc.client5.http.wire - http-outgoing-1 >> "      }, {[\n]"
21:06:59.242 [Test worker] DEBUG com.github.dockerjava.zerodep.shaded.org.apache.hc.client5.http.wire - http-outgoing-1 >> "        "id" : "12d3a97e-d3e8-476c-b5b3-e5d25d04ff9d",[\n]"
21:06:59.242 [Test worker] DEBUG com.github.dockerjava.zerodep.shaded.org.apache.hc.client5.http.wire - http-outgoing-1 >> "        "name" : "family name",[\n]"
21:06:59.242 [Test worker] DEBUG com.github.dockerjava.zerodep.shaded.org.apache.hc.client5.http.wire - http-outgoing-1 >> "        "protocol" : "openid-connect",[\n]"
21:06:59.242 [Test worker] DEBUG com.github.dockerjava.zerodep.shaded.org.apache.hc.client5.http.wire - http-outgoing-1 >> "        "protocolMapper" : "oidc-usermodel-property-mapper",[\n]"
21:06:59.242 [Test worker] DEBUG com.github.dockerjava.zerodep.shaded.org.apache.hc.client5.http.wire - http-outgoing-1 >> "        "consentRequired" : false,[\n]"
21:06:59.242 [Test worker] DEBUG com.github.dockerjava.zerodep.shaded.org.apache.hc.client5.http.wire - http-outgoing-1 >> "        "config" : {[\n]"
21:06:59.242 [Test worker] DEBUG com.github.dockerjava.zerodep.shaded.org.apache.hc.client5.http.wire - http-outgoing-1 >> "          "userinfo.token.claim" : "true",[\n]"
21:06:59.242 [Test worker] DEBUG com.github.dockerjava.zerodep.shaded.org.apache.hc.client5.http.wire - http-outgoing-1 >> "          "user.attribute" : "lastName",[\n]"
21:06:59.242 [Test worker] DEBUG com.github.dockerjava.zerodep.shaded.org.apache.hc.client5.http.wire - http-outgoing-1 >> "          "id.token.claim" : "true",[\n]"
21:06:59.242 [Test worker] DEBUG com.github.dockerjava.zerodep.shaded.org.apache.hc.client5.http.wire - http-outgoing-1 >> "          "access.token.claim" : "true",[\n]"
21:06:59.242 [Test worker] DEBUG com.github.dockerjava.zerodep.shaded.org.apache.hc.client5.http.wire - http-outgoing-1 >> "          "claim.name" : "family_name",[\n]"
21:06:59.242 [Test worker] DEBUG com.github.dockerjava.zerodep.shaded.org.apache.hc.client5.http.wire - http-outgoing-1 >> "          "jsonType.label" : "String"[\n]"
21:06:59.242 [Test worker] DEBUG com.github.dockerjava.zerodep.shaded.org.apache.hc.client5.http.wire - http-outgoing-1 >> "        }[\n]"
21:06:59.242 [Test worker] DEBUG com.github.dockerjava.zerodep.shaded.org.apache.hc.client5.http.wire - http-outgoing-1 >> "      }, {[\n]"
21:06:59.242 [Test worker] DEBUG com.github.dockerjava.zerodep.shaded.org.apache.hc.client5.http.wire - http-outgoing-1 >> "        "id" : "f24a3174-1d86-41cc-9d00-80abacb0fabd",[\n]"
21:06:59.242 [Test worker] DEBUG com.github.dockerjava.zerodep.shaded.org.apache.hc.client5.http.wire - http-outgoing-1 >> "        "name" : "given name",[\n]"
21:06:59.242 [Test worker] DEBUG com.github.dockerjava.zerodep.shaded.org.apache.hc.client5.http.wire - http-outgoing-1 >> "        "protocol" : "openid-connect",[\n]"
21:06:59.242 [Test worker] DEBUG com.github.dockerjava.zerodep.shaded.org.apache.hc.client5.http.wire - http-outgoing-1 >> "        "protocolMapper" : "oidc-usermodel-property-mapper",[\n]"
21:06:59.242 [Test worker] DEBUG com.github.dockerjava.zerodep.shaded.org.apache.hc.client5.http.wire - http-outgoing-1 >> "        "consentRequired" : false,[\n]"
21:06:59.242 [Test worker] DEBUG com.github.dockerjava.zerodep.shaded.org.apache.hc.client5.http.wire - http-outgoing-1 >> "        "config" : {[\n]"
21:06:59.242 [Test worker] DEBUG com.github.dockerjava.zerodep.shaded.org.apache.hc.client5.http.wire - http-outgoing-1 >> "          "userinfo.token.claim" : "true",[\n]"
21:06:59.242 [Test worker] DEBUG com.github.dockerjava.zerodep.shaded.org.apache.hc.client5.http.wire - http-outgoing-1 >> "          "user.attribute" : "firstName",[\n]"
21:06:59.242 [Test worker] DEBUG com.github.dockerjava.zerodep.shaded.org.apache.hc.client5.http.wire - http-outgoing-1 >> "          "id.[\r][\n]"
21:06:59.242 [Test worker] DEBUG com.github.dockerjava.zerodep.shaded.org.apache.hc.client5.http.wire - http-outgoing-1 >> "1000[\r][\n]"
21:06:59.242 [Test worker] DEBUG com.github.dockerjava.zerodep.shaded.org.apache.hc.client5.http.wire - http-outgoing-1 >> "token.claim" : "true",[\n]"
21:06:59.242 [Test worker] DEBUG com.github.dockerjava.zerodep.shaded.org.apache.hc.client5.http.wire - http-outgoing-1 >> "          "access.token.claim" : "true",[\n]"
21:06:59.242 [Test worker] DEBUG com.github.dockerjava.zerodep.shaded.org.apache.hc.client5.http.wire - http-outgoing-1 >> "          "claim.name" : "given_name",[\n]"
21:06:59.242 [Test worker] DEBUG com.github.dockerjava.zerodep.shaded.org.apache.hc.client5.http.wire - http-outgoing-1 >> "          "jsonType.label" : "String"[\n]"
21:06:59.242 [Test worker] DEBUG com.github.dockerjava.zerodep.shaded.org.apache.hc.client5.http.wire - http-outgoing-1 >> "        }[\n]"
21:06:59.242 [Test worker] DEBUG com.github.dockerjava.zerodep.shaded.org.apache.hc.client5.http.wire - http-outgoing-1 >> "      } ][\n]"
21:06:59.242 [Test worker] DEBUG com.github.dockerjava.zerodep.shaded.org.apache.hc.client5.http.wire - http-outgoing-1 >> "    }, {[\n]"
21:06:59.242 [Test worker] DEBUG com.github.dockerjava.zerodep.shaded.org.apache.hc.client5.http.wire - http-outgoing-1 >> "      "id" : "6df9fd7b-814c-4cef-98b6-1cfde18293c8",[\n]"
21:06:59.242 [Test worker] DEBUG com.github.dockerjava.zerodep.shaded.org.apache.hc.client5.http.wire - http-outgoing-1 >> "      "name" : "acr",[\n]"
21:06:59.242 [Test worker] DEBUG com.github.dockerjava.zerodep.shaded.org.apache.hc.client5.http.wire - http-outgoing-1 >> "      "description" : "OpenID Connect scope for add acr (authentication context class reference) to the token",[\n]"
21:06:59.242 [Test worker] DEBUG com.github.dockerjava.zerodep.shaded.org.apache.hc.client5.http.wire - http-outgoing-1 >> "      "protocol" : "openid-connect",[\n]"
21:06:59.242 [Test worker] DEBUG com.github.dockerjava.zerodep.shaded.org.apache.hc.client5.http.wire - http-outgoing-1 >> "      "attributes" : {[\n]"
21:06:59.242 [Test worker] DEBUG com.github.dockerjava.zerodep.shaded.org.apache.hc.client5.http.wire - http-outgoing-1 >> "        "include.in.token.scope" : "false",[\n]"
21:06:59.242 [Test worker] DEBUG com.github.dockerjava.zerodep.shaded.org.apache.hc.client5.http.wire - http-outgoing-1 >> "        "display.on.consent.screen" : "false"[\n]"
21:06:59.242 [Test worker] DEBUG com.github.dockerjava.zerodep.shaded.org.apache.hc.client5.http.wire - http-outgoing-1 >> "      },[\n]"
21:06:59.243 [Test worker] DEBUG com.github.dockerjava.zerodep.shaded.org.apache.hc.client5.http.wire - http-outgoing-1 >> "      "protocolMappers" : [ {[\n]"
21:06:59.243 [Test worker] DEBUG com.github.dockerjava.zerodep.shaded.org.apache.hc.client5.http.wire - http-outgoing-1 >> "        "id" : "d4adb9a2-3342-43d5-830c-7c2be2ee74d0",[\n]"
21:06:59.243 [Test worker] DEBUG com.github.dockerjava.zerodep.shaded.org.apache.hc.client5.http.wire - http-outgoing-1 >> "        "name" : "acr loa level",[\n]"
21:06:59.243 [Test worker] DEBUG com.github.dockerjava.zerodep.shaded.org.apache.hc.client5.http.wire - http-outgoing-1 >> "        "protocol" : "openid-connect",[\n]"
21:06:59.243 [Test worker] DEBUG com.github.dockerjava.zerodep.shaded.org.apache.hc.client5.http.wire - http-outgoing-1 >> "        "protocolMapper" : "oidc-acr-mapper",[\n]"
21:06:59.243 [Test worker] DEBUG com.github.dockerjava.zerodep.shaded.org.apache.hc.client5.http.wire - http-outgoing-1 >> "        "consentRequired" : false,[\n]"
21:06:59.243 [Test worker] DEBUG com.github.dockerjava.zerodep.shaded.org.apache.hc.client5.http.wire - http-outgoing-1 >> "        "config" : {[\n]"
21:06:59.243 [Test worker] DEBUG com.github.dockerjava.zerodep.shaded.org.apache.hc.client5.http.wire - http-outgoing-1 >> "          "id.token.claim" : "true",[\n]"
21:06:59.243 [Test worker] DEBUG com.github.dockerjava.zerodep.shaded.org.apache.hc.client5.http.wire - http-outgoing-1 >> "          "access.token.claim" : "true",[\n]"
21:06:59.243 [Test worker] DEBUG com.github.dockerjava.zerodep.shaded.org.apache.hc.client5.http.wire - http-outgoing-1 >> "          "userinfo.token.claim" : "true"[\n]"
21:06:59.243 [Test worker] DEBUG com.github.dockerjava.zerodep.shaded.org.apache.hc.client5.http.wire - http-outgoing-1 >> "        }[\n]"
21:06:59.243 [Test worker] DEBUG com.github.dockerjava.zerodep.shaded.org.apache.hc.client5.http.wire - http-outgoing-1 >> "      } ][\n]"
21:06:59.243 [Test worker] DEBUG com.github.dockerjava.zerodep.shaded.org.apache.hc.client5.http.wire - http-outgoing-1 >> "    } ],[\n]"
21:06:59.243 [Test worker] DEBUG com.github.dockerjava.zerodep.shaded.org.apache.hc.client5.http.wire - http-outgoing-1 >> "    "defaultDefaultClientScopes" : [ "email", "roles", "acr", "role_list", "profile", "web-origins" ],[\n]"
21:06:59.243 [Test worker] DEBUG com.github.dockerjava.zerodep.shaded.org.apache.hc.client5.http.wire - http-outgoing-1 >> "    "defaultOptionalClientScopes" : [ "offline_access", "address", "phone", "microprofile-jwt" ],[\n]"
21:06:59.243 [Test worker] DEBUG com.github.dockerjava.zerodep.shaded.org.apache.hc.client5.http.wire - http-outgoing-1 >> "    "browserSecurityHeaders" : {[\n]"
21:06:59.243 [Test worker] DEBUG com.github.dockerjava.zerodep.shaded.org.apache.hc.client5.http.wire - http-outgoing-1 >> "      "contentSecurityPolicyReportOnly" : "",[\n]"
21:06:59.243 [Test worker] DEBUG com.github.dockerjava.zerodep.shaded.org.apache.hc.client5.http.wire - http-outgoing-1 >> "      "xContentTypeOptions" : "nosniff",[\n]"
21:06:59.243 [Test worker] DEBUG com.github.dockerjava.zerodep.shaded.org.apache.hc.client5.http.wire - http-outgoing-1 >> "      "xRobotsTag" : "none",[\n]"
21:06:59.243 [Test worker] DEBUG com.github.dockerjava.zerodep.shaded.org.apache.hc.client5.http.wire - http-outgoing-1 >> "      "xFrameOptions" : "SAMEORIGIN",[\n]"
21:06:59.243 [Test worker] DEBUG com.github.dockerjava.zerodep.shaded.org.apache.hc.client5.http.wire - http-outgoing-1 >> "      "contentSecurityPolicy" : "frame-src 'self'; frame-ancestors 'self'; object-src 'none';",[\n]"
21:06:59.243 [Test worker] DEBUG com.github.dockerjava.zerodep.shaded.org.apache.hc.client5.http.wire - http-outgoing-1 >> "      "xXSSProtection" : "1; mode=block",[\n]"
21:06:59.243 [Test worker] DEBUG com.github.dockerjava.zerodep.shaded.org.apache.hc.client5.http.wire - http-outgoing-1 >> "      "strictTransportSecurity" : "max-age=31536000; includeSubDomains"[\n]"
21:06:59.243 [Test worker] DEBUG com.github.dockerjava.zerodep.shaded.org.apache.hc.client5.http.wire - http-outgoing-1 >> "    },[\n]"
21:06:59.243 [Test worker] DEBUG com.github.dockerjava.zerodep.shaded.org.apache.hc.client5.http.wire - http-outgoing-1 >> "    "smtpServer" : { },[\n]"
21:06:59.243 [Test worker] DEBUG com.github.dockerjava.zerodep.shaded.org.apache.hc.client5.http.wire - http-outgoing-1 >> "    "eventsEnabled" : false,[\n]"
21:06:59.243 [Test worker] DEBUG com.github.dockerjava.zerodep.shaded.org.apache.hc.client5.http.wire - http-outgoing-1 >> "    "eventsListeners" : [ "jboss-logging" ],[\n]"
21:06:59.243 [Test worker] DEBUG com.github.dockerjava.zerodep.shaded.org.apache.hc.client5.http.wire - http-outgoing-1 >> "    "enabledEventTypes" : [ ],[\n]"
21:06:59.243 [Test worker] DEBUG com.github.dockerjava.zerodep.shaded.org.apache.hc.client5.http.wire - http-outgoing-1 >> "    "adminEventsEnabled" : false,[\n]"
21:06:59.243 [Test worker] DEBUG com.github.dockerjava.zerodep.shaded.org.apache.hc.client5.http.wire - http-outgoing-1 >> "    "adminEventsDetailsEnabled" : false,[\n]"
21:06:59.243 [Test worker] DEBUG com.github.dockerjava.zerodep.shaded.org.apache.hc.client5.http.wire - http-outgoing-1 >> "    "identityProviders" : [ ],[\n]"
21:06:59.243 [Test worker] DEBUG com.github.dockerjava.zerodep.shaded.org.apache.hc.client5.http.wire - http-outgoing-1 >> "    "identityProviderMappers" : [ ],[\n]"
21:06:59.243 [Test worker] DEBUG com.github.dockerjava.zerodep.shaded.org.apache.hc.client5.http.wire - http-outgoing-1 >> "    "components" : {[\n]"
21:06:59.243 [Test worker] DEBUG com.github.dockerjava.zerodep.shaded.org.apache.hc.client5.http.wire - http-outgoing-1 >> "      "org.keycloak.services.clientregistration.policy.ClientRegistrationPolicy" : [ {[\n]"
21:06:59.243 [Test worker] DEBUG com.github.dockerjava.zerodep.shaded.org.apache.hc.client5.http.wire - http-outgoing-1 >> "        "id" : "d328c827-4224-4aa1-bd88-c77275733bf9",[\n]"
21:06:59.243 [Test worker] DEBUG com.github.dockerjava.zerodep.shaded.org.apache.hc.client5.http.wire - http-outgoing-1 >> "        "name" : "Full Scope Disabled",[\n]"
21:06:59.243 [Test worker] DEBUG com.github.dockerjava.zerodep.shaded.org.apache.hc.client5.http.wire - http-outgoing-1 >> "        "providerId" : "scope",[\n]"
21:06:59.243 [Test worker] DEBUG com.github.dockerjava.zerodep.shaded.org.apache.hc.client5.http.wire - http-outgoing-1 >> "        "subType" : "anonymous",[\n]"
21:06:59.243 [Test worker] DEBUG com.github.dockerjava.zerodep.shaded.org.apache.hc.client5.http.wire - http-outgoing-1 >> "        "subComponents" : { },[\n]"
21:06:59.243 [Test worker] DEBUG com.github.dockerjava.zerodep.shaded.org.apache.hc.client5.http.wire - http-outgoing-1 >> "        "config" : { }[\n]"
21:06:59.243 [Test worker] DEBUG com.github.dockerjava.zerodep.shaded.org.apache.hc.client5.http.wire - http-outgoing-1 >> "      }, {[\n]"
21:06:59.243 [Test worker] DEBUG com.github.dockerjava.zerodep.shaded.org.apache.hc.client5.http.wire - http-outgoing-1 >> "        "id" : "01de3fad-7993-4d5b-920b-e4fad0ea5da4",[\n]"
21:06:59.243 [Test worker] DEBUG com.github.dockerjava.zerodep.shaded.org.apache.hc.client5.http.wire - http-outgoing-1 >> "        "name" : "Allowed Client Scopes",[\n]"
21:06:59.243 [Test worker] DEBUG com.github.dockerjava.zerodep.shaded.org.apache.hc.client5.http.wire - http-outgoing-1 >> "        "providerId" : "allowed-client-templates",[\n]"
21:06:59.243 [Test worker] DEBUG com.github.dockerjava.zerodep.shaded.org.apache.hc.client5.http.wire - http-outgoing-1 >> "        "subType" : "anonymous",[\n]"
21:06:59.243 [Test worker] DEBUG com.github.dockerjava.zerodep.shaded.org.apache.hc.client5.http.wire - http-outgoing-1 >> "        "subComponents" : { },[\n]"
21:06:59.243 [Test worker] DEBUG com.github.dockerjava.zerodep.shaded.org.apache.hc.client5.http.wire - http-outgoing-1 >> "        "config" : {[\n]"
21:06:59.243 [Test worker] DEBUG com.github.dockerjava.zerodep.shaded.org.apache.hc.client5.http.wire - http-outgoing-1 >> "          "allow-default-scopes" : [ "true" ][\n]"
21:06:59.243 [Test worker] DEBUG com.github.dockerjava.zerodep.shaded.org.apache.hc.client5.http.wire - http-outgoing-1 >> "        }[\n]"
21:06:59.243 [Test worker] DEBUG com.github.dockerjava.zerodep.shaded.org.apache.hc.client5.http.wire - http-outgoing-1 >> "      }, {[\n]"
21:06:59.243 [Test worker] DEBUG com.github.dockerjava.zerodep.shaded.org.apache.hc.client5.http.wire - http-outgoing-1 >> "        "id" : "21985cbf-d0af-45eb-845f-da63212711c1",[\n]"
21:06:59.243 [Test worker] DEBUG com.github.dockerjava.zerodep.shaded.org.apache.hc.client5.http.wire - http-outgoing-1 >> "        "name" : "Allowed Protocol Mapper Types",[\n]"
21:06:59.243 [Test worker] DEBUG com.github.dockerjava.zerodep.shaded.org.apache.hc.client5.http.wire - http-outgoing-1 >> "        "providerId" : "allowed-protocol-mappers",[\n]"
21:06:59.243 [Test worker] DEBUG com.github.dockerjava.zerodep.shaded.org.apache.hc.client5.http.wire - http-outgoing-1 >> "        "subType" : "anonymous",[\n]"
21:06:59.243 [Test worker] DEBUG com.github.dockerjava.zerodep.shaded.org.apache.hc.client5.http.wire - http-outgoing-1 >> "        "subComponents" : { },[\n]"
21:06:59.243 [Test worker] DEBUG com.github.dockerjava.zerodep.shaded.org.apache.hc.client5.http.wire - http-outgoing-1 >> "        "config" : {[\n]"
21:06:59.243 [Test worker] DEBUG com.github.dockerjava.zerodep.shaded.org.apache.hc.client5.http.wire - http-outgoing-1 >> "          "allowed-protocol-mapper-types" : [ "oidc-address-mapper", "saml-user-attribute-mapper", "oidc-usermodel-attribute-mapper", "oidc-usermodel-property-mapper", "saml-role-list-mapper", "oidc-sha256-pairwise-sub-mapper", "saml-user-property-mapper", "oidc-full-name-mapper" ][\n]"
21:06:59.244 [Test worker] DEBUG com.github.dockerjava.zerodep.shaded.org.apache.hc.client5.http.wire - http-outgoing-1 >> "        }[\n]"
21:06:59.244 [Test worker] DEBUG com.github.dockerjava.zerodep.shaded.org.apache.hc.client5.http.wire - http-outgoing-1 >> "      }, {[\n]"
21:06:59.244 [Test worker] DEBUG com.github.dockerjava.zerodep.shaded.org.apache.hc.client5.http.wire - http-outgoing-1 >> "        "id" : "2ad3c67d-e55a-4a19-ba58-f1eec6af19e9",[\n]"
21:06:59.244 [Test worker] DEBUG com.github.dockerjava.zerodep.shaded.org.apache.hc.client5.http.wire - http-outgoing-1 >> "        "name" : "Trusted Hosts",[\n]"
21:06:59.244 [Test worker] DEBUG com.github.dockerjava.zerodep.shaded.org.apache.hc.client5.http.wire - http-outgoing-1 >> "        "providerId" : "trusted-hosts",[\n]"
21:06:59.244 [Test worker] DEBUG com.github.dockerjava.zerodep.shaded.org.apache.hc.client5.http.wire - http-outgoing-1 >> "        "subType" : "anonymous",[\n]"
21:06:59.244 [Test worker] DEBUG com.github.dockerjava.zerodep.shaded.org.apache.hc.client5.http.wire - http-outgoing-1 >> "        "subComponents" : { },[\n]"
21:06:59.244 [Test worker] DEBUG com.github.dockerjava.zerodep.shaded.org.apache.hc.client5.http.wire - http-outgoing-1 >> "        "config" : {[\n]"
21:06:59.244 [Test worker] DEBUG com.github.dockerjava.zerodep.shaded.org.apache.hc.client5.http.wire - http-outgoing-1 >> "          "host-sending-registration-request-must-match" : [ "true" ],[\n]"
21:06:59.244 [Test worker] DEBUG com.github.dockerjava.zerodep.shaded.org.apache.hc.client5.http.wire - http-outgoing-1 >> "          "client-uris-must-match" : [ "true" ][\n]"
21:06:59.244 [Test worker] DEBUG com.github.dockerjava.zerodep.shaded.org.apache.hc.client5.http.wire - http-outgoing-1 >> "        }[\n]"
21:06:59.244 [Test worker] DEBUG com.github.dockerjava.zerodep.shaded.org.apache.hc.client5.http.wire - http-outgoing-1 >> "      }, {[\n]"
21:06:59.244 [Test worker] DEBUG com.github.dockerjava.zerodep.shaded.org.apache.hc.client5.http.wire - http-outgoing-1 >> "        "id" : "9a1a9b82-bdf0-4701-ab2f-35f23b33a25a",[\n]"
21:06:59.244 [Test worker] DEBUG com.github.dockerjava.zerodep.shaded.org.apache.hc.client5.http.wire - http-outgoing-1 >> "        "name" : "Consent Required",[\n]"
21:06:59.244 [Test worker] DEBUG com.github.dockerjava.zerodep.shaded.org.apache.hc.client5.http.wire - http-outgoing-1 >> "        "providerId" : "consent-required",[\n]"
21:06:59.244 [Test worker] DEBUG com.github.dockerjava.zerodep.shaded.org.apache.hc.client5.http.wire - http-outgoing-1 >> "        "subType" : "anonymous",[\n]"
21:06:59.244 [Test worker] DEBUG com.github.dockerjava.zerodep.shaded.org.apache.hc.client5.http.wire - http-outgoing-1 >> "        "subComponents" : { },[\n]"
21:06:59.244 [Test worker] DEBUG com.github.dockerjava.zerodep.shaded.org.apache.hc.client5.http.wire - http-outgoing-1 >> "        "config" : { }[\n]"
21:06:59.244 [Test worker] DEBUG com.github.dockerjava.zerodep.shaded.org.apache.hc.client5.http.wire - http-outgoing-1 >> "      }, {[\n]"
21:06:59.244 [Test worker] DEBUG com.github.dockerjava.zerodep.shaded.org.apache.hc.client5.http.wire - http-outgoing-1 >> "        "id" : "dfe4e723-26bb-404a-886d-4b3e110d55cc",[\n]"
21:06:59.244 [Test worker] DEBUG com.github.dockerjava.zerodep.shaded.org.apache.hc.client5.http.wire - http-outgoing-1 >> "        "name" : "Max Clients Limit",[\n]"
21:06:59.244 [Test worker] DEBUG com.github.dockerjava.zerodep.shaded.org.apache.hc.client5.http.wire - http-outgoing-1 >> "        "providerId" : "max-clients",[\n]"
21:06:59.244 [Test worker] DEBUG com.github.dockerjava.zerodep.shaded.org.apache.hc.client5.http.wire - http-outgoing-1 >> "        "subType" : "anonymous",[\n]"
21:06:59.244 [Test worker] DEBUG com.github.dockerjava.zerodep.shaded.org.apache.hc.client5.http.wire - http-outgoing-1 >> "        "subComponents" : { },[\n]"
21:06:59.244 [Test worker] DEBUG com.github.dockerjava.zerodep.shaded.org.apache.hc.client5.http.wire - http-outgoing-1 >> "        "config" : {[\n]"
21:06:59.244 [Test worker] DEBUG com.github.dockerjava.zerodep.shaded.org.apache.hc.client5.http.wire - http-outgoing-1 >> "          "max-clients" : [ "200" ][\n]"
21:06:59.244 [Test worker] DEBUG com.github.dockerjava.zerodep.shaded.org.apache.hc.client5.http.wire - http-outgoing-1 >> "        }[\n]"
21:06:59.244 [Test worker] DEBUG com.github.dockerjava.zerodep.shaded.org.apache.hc.client5.http.wire - http-outgoing-1 >> "      }, {[\n]"
21:06:59.244 [Test worker] DEBUG com.github.dockerjava.zerodep.shaded.org.apache.hc.client5.http.wire - http-outgoing-1 >> "        "id" : "2f0ed092-60da-436e-8420-9060004ad8e7",[\n]"
21:06:59.244 [Test worker] DEBUG com.github.dockerjava.zerodep.shaded.org.apache.hc.client5.http.wire - http-outgoing-1 >> "        "name" : "Allowed Client Scopes",[\n]"
21:06:59.244 [Test worker] DEBUG com.github.dockerjava.zerodep.shaded.org.apache.hc.client5.http.wire - http-outgoing-1 >> "        "providerId" : "allowed-client-templates",[\n]"
21:06:59.244 [Test worker] DEBUG com.github.dockerjava.zerodep.shaded.org.apache.hc.client5.http.wire - http-outgoing-1 >> "        "subType" : "authenticated",[\n]"
21:06:59.244 [Test worker] DEBUG com.github.dockerjava.zerodep.shaded.org.apache.hc.client5.http.wire - http-outgoing-1 >> "        "subComponents" : { },[\n]"
21:06:59.244 [Test worker] DEBUG com.github.dockerjava.zerodep.shaded.org.apache.hc.client5.http.wire - http-outgoing-1 >> "        "config" : {[\n]"
21:06:59.244 [Test worker] DEBUG com.github.dockerjava.zerodep.shaded.org.apache.hc.client5.http.wire - http-outgoing-1 >> "          "allow-de[\r][\n]"
21:06:59.244 [Test worker] DEBUG com.github.dockerjava.zerodep.shaded.org.apache.hc.client5.http.wire - http-outgoing-1 >> "1000[\r][\n]"
21:06:59.244 [Test worker] DEBUG com.github.dockerjava.zerodep.shaded.org.apache.hc.client5.http.wire - http-outgoing-1 >> "fault-scopes" : [ "true" ][\n]"
21:06:59.244 [Test worker] DEBUG com.github.dockerjava.zerodep.shaded.org.apache.hc.client5.http.wire - http-outgoing-1 >> "        }[\n]"
21:06:59.244 [Test worker] DEBUG com.github.dockerjava.zerodep.shaded.org.apache.hc.client5.http.wire - http-outgoing-1 >> "      }, {[\n]"
21:06:59.244 [Test worker] DEBUG com.github.dockerjava.zerodep.shaded.org.apache.hc.client5.http.wire - http-outgoing-1 >> "        "id" : "d5f510ca-b770-4186-8504-47beb3e79fed",[\n]"
21:06:59.244 [Test worker] DEBUG com.github.dockerjava.zerodep.shaded.org.apache.hc.client5.http.wire - http-outgoing-1 >> "        "name" : "Allowed Protocol Mapper Types",[\n]"
21:06:59.244 [Test worker] DEBUG com.github.dockerjava.zerodep.shaded.org.apache.hc.client5.http.wire - http-outgoing-1 >> "        "providerId" : "allowed-protocol-mappers",[\n]"
21:06:59.244 [Test worker] DEBUG com.github.dockerjava.zerodep.shaded.org.apache.hc.client5.http.wire - http-outgoing-1 >> "        "subType" : "authenticated",[\n]"
21:06:59.244 [Test worker] DEBUG com.github.dockerjava.zerodep.shaded.org.apache.hc.client5.http.wire - http-outgoing-1 >> "        "subComponents" : { },[\n]"
21:06:59.244 [Test worker] DEBUG com.github.dockerjava.zerodep.shaded.org.apache.hc.client5.http.wire - http-outgoing-1 >> "        "config" : {[\n]"
21:06:59.245 [Test worker] DEBUG com.github.dockerjava.zerodep.shaded.org.apache.hc.client5.http.wire - http-outgoing-1 >> "          "allowed-protocol-mapper-types" : [ "oidc-usermodel-attribute-mapper", "oidc-sha256-pairwise-sub-mapper", "oidc-full-name-mapper", "saml-user-attribute-mapper", "saml-role-list-mapper", "saml-user-property-mapper", "oidc-usermodel-property-mapper", "oidc-address-mapper" ][\n]"
21:06:59.245 [Test worker] DEBUG com.github.dockerjava.zerodep.shaded.org.apache.hc.client5.http.wire - http-outgoing-1 >> "        }[\n]"
21:06:59.245 [Test worker] DEBUG com.github.dockerjava.zerodep.shaded.org.apache.hc.client5.http.wire - http-outgoing-1 >> "      } ],[\n]"
21:06:59.245 [Test worker] DEBUG com.github.dockerjava.zerodep.shaded.org.apache.hc.client5.http.wire - http-outgoing-1 >> "      "org.keycloak.keys.KeyProvider" : [ {[\n]"
21:06:59.245 [Test worker] DEBUG com.github.dockerjava.zerodep.shaded.org.apache.hc.client5.http.wire - http-outgoing-1 >> "        "id" : "e8a04c3d-a610-48bb-a1ee-b6f9fa1fa1da",[\n]"
21:06:59.245 [Test worker] DEBUG com.github.dockerjava.zerodep.shaded.org.apache.hc.client5.http.wire - http-outgoing-1 >> "        "name" : "aes-generated",[\n]"
21:06:59.245 [Test worker] DEBUG com.github.dockerjava.zerodep.shaded.org.apache.hc.client5.http.wire - http-outgoing-1 >> "        "providerId" : "aes-generated",[\n]"
21:06:59.245 [Test worker] DEBUG com.github.dockerjava.zerodep.shaded.org.apache.hc.client5.http.wire - http-outgoing-1 >> "        "subComponents" : { },[\n]"
21:06:59.245 [Test worker] DEBUG com.github.dockerjava.zerodep.shaded.org.apache.hc.client5.http.wire - http-outgoing-1 >> "        "config" : {[\n]"
21:06:59.245 [Test worker] DEBUG com.github.dockerjava.zerodep.shaded.org.apache.hc.client5.http.wire - http-outgoing-1 >> "          "kid" : [ "503f3fdd-212e-46c1-8cd2-5c15511802b2" ],[\n]"
21:06:59.245 [Test worker] DEBUG com.github.dockerjava.zerodep.shaded.org.apache.hc.client5.http.wire - http-outgoing-1 >> "          "secret" : [ "WPln6ZNsqAEoJBKoaTHCHA" ],[\n]"
21:06:59.245 [Test worker] DEBUG com.github.dockerjava.zerodep.shaded.org.apache.hc.client5.http.wire - http-outgoing-1 >> "          "priority" : [ "100" ][\n]"
21:06:59.245 [Test worker] DEBUG com.github.dockerjava.zerodep.shaded.org.apache.hc.client5.http.wire - http-outgoing-1 >> "        }[\n]"
21:06:59.245 [Test worker] DEBUG com.github.dockerjava.zerodep.shaded.org.apache.hc.client5.http.wire - http-outgoing-1 >> "      }, {[\n]"
21:06:59.245 [Test worker] DEBUG com.github.dockerjava.zerodep.shaded.org.apache.hc.client5.http.wire - http-outgoing-1 >> "        "id" : "644968b9-a844-4e93-a690-3646827692e1",[\n]"
21:06:59.245 [Test worker] DEBUG com.github.dockerjava.zerodep.shaded.org.apache.hc.client5.http.wire - http-outgoing-1 >> "        "name" : "rsa-enc-generated",[\n]"
21:06:59.245 [Test worker] DEBUG com.github.dockerjava.zerodep.shaded.org.apache.hc.client5.http.wire - http-outgoing-1 >> "        "providerId" : "rsa-enc-generated",[\n]"
21:06:59.245 [Test worker] DEBUG com.github.dockerjava.zerodep.shaded.org.apache.hc.client5.http.wire - http-outgoing-1 >> "        "subComponents" : { },[\n]"
21:06:59.245 [Test worker] DEBUG com.github.dockerjava.zerodep.shaded.org.apache.hc.client5.http.wire - http-outgoing-1 >> "        "config" : {[\n]"
21:06:59.245 [Test worker] DEBUG com.github.dockerjava.zerodep.shaded.org.apache.hc.client5.http.wire - http-outgoing-1 >> "          "privateKey" : [ "MIIEpAIBAAKCAQEAp9DuNZL973aMh/I/ojkTg2bBCloMt5Lp7myQy/OllRfPQvnO2XP+oHiChyVXiXyxKmoHfVTZQG2ZyLqRj8CElOJSc1gnrDzdqCVNHVIaD8YxYhxoYldH/HitQT8gL6oaLyQe/jRgBNOyCnwRplsx8528pTJnbhaayOX5GAzxEM31ZQqVrmlF2hU/KHe15aZ4z6jg8akIBkdTz12NjOe8Q014HGpe2msTPcr3EG50EcSWvR56UPvoSNPGhRMKagdGOgM4Xq9EUprgEJBuqAClF5K5iU+0nczBLPBUMakKcYF530NuvcagyBNRJZszmo5iok3QWYpeejbEMFccBnlfoQIDAQABAoIBAGjrWWMpaZYjmi0Mqfg0kxyeS6a7MiQ7uAIW4liBFk8mubB4Gnkd6l5Nud3g3N/ak7Ge5NvZBpMfcvxqmMM1bC7haQcwYG1xCGwuFg503FJsaUeb1y9Uvm78y+V1IBxszz4V6UKpYDbkW/XuJ+LINWzIe78UylGr1E4yahA9VyJXfn2nIbinArF3ZSKRVY7ej++ekKeYu5z/QhMJYEeUER7klDUM/RBgt/ysJbTsFsRlmYcnH6y15kuFPoRuf+eGM+7Hd7KCS/AKGipQC0+9Wc8SiTCy4nwzF19HppQOsdGGI9MQ0v8wB1LsDDKL0cLt809dBbzVCTAfX2cKvh6YLxkCgYEA3i/wodRm0Pi/qoMmg6wRm9McK/3hULzNXfr20oI5V/d1x7QfXPK6BQ4miYiRja9e1EfHVWy6p8Ymh6jE08DzBnaJtE+qaKYFfUvFm/+SblciHgYHi3gL4G6aQ7zXDAPuy3OOivw17NKtMNNt57LPatdM8LAWIcGmmue4ctOUGoMCgYEAwVrHQn0TBHpoC6r2Wfj6UtHy1S2AcfzFrX11ngh+B2jVogbxnL5ba37aFQd+2+jvzOZsNOy3l78r47f/w2MgmSbhxvkzk6vyLYWWawtxSmekoCQZ+BhPiCV+me+oaKpT1PZntzVxuQ0IQ4rx5wKTezcAfe8JtgJ/Me2Zl8iuFAsCgYEAu8vnZtEhaiWl0thxWD+6zmtcV26J3/UE3BeAQaNiFpEJkxcSnzxlsFoqhnrRE+GTlHdq6zAwgBhCfs1ON/DROLg+YhIn5bXV0/aUeutEeFDbfGb6P47i8vppFzHozbYRQxNT+vN8HMRhMHC0Z29CU3rRBGrA+h001Z9fzmY4u0MCgYApOMVKc4feaIpOEoC65c3YYlI3CKBdrNooBptQudbElaEWDgzssdijrkOoQBTXpW2abXWcQutROryMq+mnKjcE77kqxm4siXf0JIrQ/3uDtVzvl0LCFcy+5d97yhBJYCbHPFEYShiYryKX48N20KHInw1Hy/JyD042wsUACxSxyQKBgQCin6rpVT9RIQHNNjimpWYPnu52mL0f/hh3tiDIL3h8K2PxktRW49sEHmge8u7JKIf9L1chK8xv+heyBZPVmkACkxKqbTPOweMKkkIbECa7rcDLh4+wLC9jOuDa8s8ThluDk1XNQXPHw7wSQD+yuls+ST+Sni5Wiveb+tr9aFeQ9w==" ],[\n]"
21:06:59.245 [Test worker] DEBUG com.github.dockerjava.zerodep.shaded.org.apache.hc.client5.http.wire - http-outgoing-1 >> "          "keyUse" : [ "ENC" ],[\n]"
21:06:59.245 [Test worker] DEBUG com.github.dockerjava.zerodep.shaded.org.apache.hc.client5.http.wire - http-outgoing-1 >> "          "certificate" : [ "MIICqTCCAZECBgGBOlJYNTANBgkqhkiG9w0BAQsFADAYMRYwFAYDVQQDDA1Qb2xhckJvb2tzaG9wMB4XDTIyMDYwNjE4Mzk0NFoXDTMyMDYwNjE4NDEyNFowGDEWMBQGA1UEAwwNUG9sYXJCb29rc2hvcDCCASIwDQYJKoZIhvcNAQEBBQADggEPADCCAQoCggEBAKfQ7jWS/e92jIfyP6I5E4NmwQpaDLeS6e5skMvzpZUXz0L5ztlz/qB4goclV4l8sSpqB31U2UBtmci6kY/AhJTiUnNYJ6w83aglTR1SGg/GMWIcaGJXR/x4rUE/IC+qGi8kHv40YATTsgp8EaZbMfOdvKUyZ24Wmsjl+RgM8RDN9WUKla5pRdoVPyh3teWmeM+o4PGpCAZHU89djYznvENNeBxqXtprEz3K9xBudBHElr0eelD76EjTxoUTCmoHRjoDOF6vRFKa4BCQbqgApReSuYlPtJ3MwSzwVDGpCnGBed9Dbr3GoMgTUSWbM5qOYqJN0FmKXno2xDBXHAZ5X6ECAwEAATANBgkqhkiG9w0BAQsFAAOCAQEAnqR5VZyw2bgwU2bJl21uuzuFt00pjJB+0nT2myZdSEwV9nTLVDY+iUPlxoJFPbKh8UKZLmBOcN94kMH+8DsTF+WBVHC3hTqmqUQ6lX0WDqCN6Js1FL8NCfieGcm/d9a22mUXu46Fe6gJhVM6yiI09kYngvuL6Ga/9fMBfUdvH3kQUEof3tAvAMnXTRtCqOH8kiJ2KXVg8lxSNP6KhXaA+GsPO8TMOMC6YmEHfIfCJyMPJLwSG8xm//F1MzyQJrnqTDcLFnYWw3e31WUbWD8c64l+ESrvUfdiZNX+PzigHHnFk8uoEXNx6jGfF3fHusPIMyhfcAcOADAIMoetFRFYVg==" ],[\n]"
21:06:59.245 [Test worker] DEBUG com.github.dockerjava.zerodep.shaded.org.apache.hc.client5.http.wire - http-outgoing-1 >> "          "priority" : [ "100" ],[\n]"
21:06:59.245 [Test worker] DEBUG com.github.dockerjava.zerodep.shaded.org.apache.hc.client5.http.wire - http-outgoing-1 >> "          "algorithm" : [ "RSA-OAEP" ][\n]"
21:06:59.245 [Test worker] DEBUG com.github.dockerjava.zerodep.shaded.org.apache.hc.client5.http.wire - http-outgoing-1 >> "        }[\n]"
21:06:59.245 [Test worker] DEBUG com.github.dockerjava.zerodep.shaded.org.apache.hc.client5.http.wire - http-outgoing-1 >> "      }, {[\n]"
21:06:59.245 [Test worker] DEBUG com.github.dockerjava.zerodep.shaded.org.apache.hc.client5.http.wire - http-outgoing-1 >> "        "id" : "99962456-545d-47aa-83d6-f2e437ebea40",[\n]"
21:06:59.245 [Test worker] DEBUG com.github.dockerjava.zerodep.shaded.org.apache.hc.client5.http.wire - http-outgoing-1 >> "        "name" : "rsa-generated",[\n]"
21:06:59.245 [Test worker] DEBUG com.github.dockerjava.zerodep.shaded.org.apache.hc.client5.http.wire - http-outgoing-1 >> "        "providerId" : "rsa-generated",[\n]"
21:06:59.245 [Test worker] DEBUG com.github.dockerjava.zerodep.shaded.org.apache.hc.client5.http.wire - http-outgoing-1 >> "        "subComponents" : { },[\n]"
21:06:59.245 [Test worker] DEBUG com.github.dockerjava.zerodep.shaded.org.apache.hc.client5.http.wire - http-outgoing-1 >> "        "config" : {[\n]"
21:06:59.245 [Test worker] DEBUG com.github.dockerjava.zerodep.shaded.org.apache.hc.client5.http.wire - http-outgoing-1 >> "          "privateKey" : [ "MIIEowIB[\r][\n]"
21:06:59.245 [Test worker] DEBUG com.github.dockerjava.zerodep.shaded.org.apache.hc.client5.http.wire - http-outgoing-1 >> "1000[\r][\n]"
21:06:59.245 [Test worker] DEBUG com.github.dockerjava.zerodep.shaded.org.apache.hc.client5.http.wire - http-outgoing-1 >> "AAKCAQEAhO6U+eiFrG1ZpRlWw0LmwmhCi/DoiCAL3sPvAaVWR7FJ+Ynq0AyvY8hl4s2abX+ON9kOXzH1qqTz2F2NP9EkILCXLOhiYOmS0NTjYdHtZeFP3iV3v+UP82b6e3LZkVfxShDLcvmIRXaupULyMFXgefSnrndm2Luc3eiUgmUE8+cT9G6fJEYOHAwCCgDyWj3WQEXkpZgrI6BpA3iy2yT5Ru1ft7XQ8rpkXmssDv908N9GmLa7OMA8EouteKKVqSFpYJ9PgpjtjC/eE4aL+d9JFMyh8mrvoJcX7GJDvMfHTw/A4otQ8CGh1A4qBS3j2+gJCmYYqw4sJj3DYM+D8EVcMwIDAQABAoIBACL5CeS90f1NP5p6EiOJBGD9QRTEKsk1dSoEbmsGbq6p7AZkzIwz6ijcXkHPSeOo/WegCXHuGO3uO+Eeq7ywb0rSatN7x/YrPV8Hw1LHAigdoP+W5+xqfUnSO/AihS8B7g9IX9493CY6VTRRappg3Y/4V+1EqKA4q8qOGBQ+M5FfRwGB4RMYzLJkivIRkfRSwX8jSP42CxSErsXKeGg9sCUru+Wq82rpi1iHQesXasvoD9OoVxXPrZSj9aWxY1feQLDPnPAcWBhs6R4tftYEr4E7VtUaQ+/jfwmKwRvsvF9ZEZ9yynYEIkAKJPdknp5Zd6ifsrgZHmKzp5C1GP9xJ5ECgYEAu9DwrIsmuNfZP6zBI5IsyjsgbqsscKQJjCphWmlvVgrPQW6jcoTUL+Hpslui5r4FnvRctuDwXtlMmDIztHYza8MBphYfsK5b12yzwQRloTfhRAODbQbEVfMXlbeZhlElojYhYLsDHNlx3oQU0d6SLGatCAektcOc7WPv5y6nJ78CgYEAtTDfCptZ9DSmQK1q+9wo1dQUJZJiU2OmX7x5/TX2P4GqO5psW6txStDcL9CAjCFJqwgI9+2kKYjsvBs9x1Dl2JIAKeNaYbTdLcX+dYEMakbjWSzrth6J0C6oFyFVcl+PTF3Gh0iH5x49E/tMeNakQaFyKcr/aidTrzsD38ypiI0CgYEAp5Sq6onOpyeRZMtUGdUXueo/6f85y9fR3QsDipSBDxjeDNgXZts2KPM+fjJdi90JTudiwpq6XycsvLAuilrdTs3U7sjWxeMNd446ZYLy24LssK8h2WosTTR2WtRTXBGTrsT1y0WSZW9vtsfLe+dILe3/fiazxKshnn+JU5HA/CkCgYASjzv5gSo4qn/xFhJkVAvWw0+A/bqWohlzqwGv3ywnGygNzOaWiTwklrpHJ4tTT0GVhFAu3Se4nW7qYbv1Q6MXiPT9VW13nqgdPS+wZ5SW+kXlZ4WJdR1WtsC/BcoT2hf6kYx5ZQOOt/k3p8EQi6PtmRTxlPqOrBKVW20tKnCfLQKBgBOl/CGlVMUzfCW0NWVGs7Z4JCwaaEf2y2cCjqM4AOwTyTOOC6062MSRTJpkTseRbYRUn2VoU/Uu2l5AzVcYgYDSv7tRb8R71Re+tmku225w9ClbONiX50OSXeFDUl/MwfNW5v13j4Sg0o5D0y4YxfhFlRwmYdK7epxagQ1jnQxu" ],[\n]"
21:06:59.245 [Test worker] DEBUG com.github.dockerjava.zerodep.shaded.org.apache.hc.client5.http.wire - http-outgoing-1 >> "          "keyUse" : [ "SIG" ],[\n]"
21:06:59.245 [Test worker] DEBUG com.github.dockerjava.zerodep.shaded.org.apache.hc.client5.http.wire - http-outgoing-1 >> "          "certificate" : [ "MIICqTCCAZECBgGBOlJX/DANBgkqhkiG9w0BAQsFADAYMRYwFAYDVQQDDA1Qb2xhckJvb2tzaG9wMB4XDTIyMDYwNjE4Mzk0M1oXDTMyMDYwNjE4NDEyM1owGDEWMBQGA1UEAwwNUG9sYXJCb29rc2hvcDCCASIwDQYJKoZIhvcNAQEBBQADggEPADCCAQoCggEBAITulPnohaxtWaUZVsNC5sJoQovw6IggC97D7wGlVkexSfmJ6tAMr2PIZeLNmm1/jjfZDl8x9aqk89hdjT/RJCCwlyzoYmDpktDU42HR7WXhT94ld7/lD/Nm+nty2ZFX8UoQy3L5iEV2rqVC8jBV4Hn0p653Zti7nN3olIJlBPPnE/RunyRGDhwMAgoA8lo91kBF5KWYKyOgaQN4stsk+UbtX7e10PK6ZF5rLA7/dPDfRpi2uzjAPBKLrXiilakhaWCfT4KY7Ywv3hOGi/nfSRTMofJq76CXF+xiQ7zHx08PwOKLUPAhodQOKgUt49voCQpmGKsOLCY9w2DPg/BFXDMCAwEAATANBgkqhkiG9w0BAQsFAAOCAQEAJe4w7im5hvVFGIfrGf5GxsyAQa1vUTyFpDacMFSmGlEH0gQ2bnFthmG1Y/gZplLiUXX+r0FPc3FsqgBf1GeggKoW5b7roq1t+JzCMqXWaZNodpbGrsKEqiAngNGmlke9pxnZvLFs18tt3DvCtojG1Lamwi3CFobnHHB5j5VwgY7ZCyV+6nJEw+vHXLKmmUgtwxvy52hIaVSi6FSVYdE0x7+0R/IGZT69CpAZVSZMXcGfXSPgh3hrb831/jHqlYC5ve4xdkRqqKqqPgYR0p2ewk0t4VKvJjWssDMFPxrmOGGNzzpopRyvsBt0W++icRFGlmJBz63ANd2kGyHqCGV16Q==" ],[\n]"
21:06:59.245 [Test worker] DEBUG com.github.dockerjava.zerodep.shaded.org.apache.hc.client5.http.wire - http-outgoing-1 >> "          "priority" : [ "100" ][\n]"
21:06:59.245 [Test worker] DEBUG com.github.dockerjava.zerodep.shaded.org.apache.hc.client5.http.wire - http-outgoing-1 >> "        }[\n]"
21:06:59.245 [Test worker] DEBUG com.github.dockerjava.zerodep.shaded.org.apache.hc.client5.http.wire - http-outgoing-1 >> "      }, {[\n]"
21:06:59.245 [Test worker] DEBUG com.github.dockerjava.zerodep.shaded.org.apache.hc.client5.http.wire - http-outgoing-1 >> "        "id" : "8a89575a-2017-431c-83b6-99f7c66e5c17",[\n]"
21:06:59.245 [Test worker] DEBUG com.github.dockerjava.zerodep.shaded.org.apache.hc.client5.http.wire - http-outgoing-1 >> "        "name" : "hmac-generated",[\n]"
21:06:59.245 [Test worker] DEBUG com.github.dockerjava.zerodep.shaded.org.apache.hc.client5.http.wire - http-outgoing-1 >> "        "providerId" : "hmac-generated",[\n]"
21:06:59.245 [Test worker] DEBUG com.github.dockerjava.zerodep.shaded.org.apache.hc.client5.http.wire - http-outgoing-1 >> "        "subComponents" : { },[\n]"
21:06:59.245 [Test worker] DEBUG com.github.dockerjava.zerodep.shaded.org.apache.hc.client5.http.wire - http-outgoing-1 >> "        "config" : {[\n]"
21:06:59.245 [Test worker] DEBUG com.github.dockerjava.zerodep.shaded.org.apache.hc.client5.http.wire - http-outgoing-1 >> "          "kid" : [ "2dac1656-f02e-4e37-b489-0839b9d8f376" ],[\n]"
21:06:59.245 [Test worker] DEBUG com.github.dockerjava.zerodep.shaded.org.apache.hc.client5.http.wire - http-outgoing-1 >> "          "secret" : [ "SmYeervYbw6vPMVQ-XjKNc3vlB-Zud0JZtmHI8Z05u-6cBeTS41e29wtWZsfKkdRuvJgN7Ckx_Pf-1Dwjg4NSQ" ],[\n]"
21:06:59.245 [Test worker] DEBUG com.github.dockerjava.zerodep.shaded.org.apache.hc.client5.http.wire - http-outgoing-1 >> "          "priority" : [ "100" ],[\n]"
21:06:59.245 [Test worker] DEBUG com.github.dockerjava.zerodep.shaded.org.apache.hc.client5.http.wire - http-outgoing-1 >> "          "algorithm" : [ "HS256" ][\n]"
21:06:59.245 [Test worker] DEBUG com.github.dockerjava.zerodep.shaded.org.apache.hc.client5.http.wire - http-outgoing-1 >> "        }[\n]"
21:06:59.245 [Test worker] DEBUG com.github.dockerjava.zerodep.shaded.org.apache.hc.client5.http.wire - http-outgoing-1 >> "      } ][\n]"
21:06:59.245 [Test worker] DEBUG com.github.dockerjava.zerodep.shaded.org.apache.hc.client5.http.wire - http-outgoing-1 >> "    },[\n]"
21:06:59.245 [Test worker] DEBUG com.github.dockerjava.zerodep.shaded.org.apache.hc.client5.http.wire - http-outgoing-1 >> "    "internationalizationEnabled" : false,[\n]"
21:06:59.245 [Test worker] DEBUG com.github.dockerjava.zerodep.shaded.org.apache.hc.client5.http.wire - http-outgoing-1 >> "    "supportedLocales" : [ ],[\n]"
21:06:59.245 [Test worker] DEBUG com.github.dockerjava.zerodep.shaded.org.apache.hc.client5.http.wire - http-outgoing-1 >> "    "authenticationFlows" : [ {[\n]"
21:06:59.245 [Test worker] DEBUG com.github.dockerjava.zerodep.shaded.org.apache.hc.client5.http.wire - http-outgoing-1 >> "      "id" : "2e6ffb60-2221-40a9-88eb-c724a0b2e958",[\n]"
21:06:59.245 [Test worker] DEBUG com.github.dockerjava.zerodep.shaded.org.apache.hc.client5.http.wire - http-outgoing-1 >> "      "alias" : "Account verification options",[\n]"
21:06:59.245 [Test worker] DEBUG com.github.dockerjava.zerodep.shaded.org.apache.hc.client5.http.wire - http-outgoing-1 >> "      "description" : "Method with which to verity the existing account",[\n]"
21:06:59.245 [Test worker] DEBUG com.github.dockerjava.zerodep.shaded.org.apache.hc.client5.http.wire - http-outgoing-1 >> "      "providerId" : "basic-flow",[\n]"
21:06:59.245 [Test worker] DEBUG com.github.dockerjava.zerodep.shaded.org.apache.hc.client5.http.wire - http-outgoing-1 >> "      "topLevel" : false,[\n]"
21:06:59.245 [Test worker] DEBUG com.github.dockerjava.zerodep.shaded.org.apache.hc.client5.http.wire - http-outgoing-1 >> "      "builtIn" : true,[\n]"
21:06:59.245 [Test worker] DEBUG com.github.dockerjava.zerodep.shaded.org.apache.hc.client5.http.wire - http-outgoing-1 >> "      "authenticationExecutions" : [ {[\n]"
21:06:59.245 [Test worker] DEBUG com.github.dockerjava.zerodep.shaded.org.apache.hc.client5.http.wire - http-outgoing-1 >> "        "authenticator" : "idp-email-verification",[\n]"
21:06:59.245 [Test worker] DEBUG com.github.dockerjava.zerodep.shaded.org.apache.hc.client5.http.wire - http-outgoing-1 >> "        "authenticatorFlow" : false,[\n]"
21:06:59.245 [Test worker] DEBUG com.github.dockerjava.zerodep.shaded.org.apache.hc.client5.http.wire - http-outgoing-1 >> "        "requirement" : "ALTERNATIVE",[\n]"
21:06:59.245 [Test worker] DEBUG com.github.dockerjava.zerodep.shaded.org.apache.hc.client5.http.wire - http-outgoing-1 >> "        "priority" : 10,[\n]"
21:06:59.245 [Test worker] DEBUG com.github.dockerjava.zerodep.shaded.org.apache.hc.client5.http.wire - http-outgoing-1 >> "        "autheticatorFlow" : false,[\n]"
21:06:59.245 [Test worker] DEBUG com.github.dockerjava.zerodep.shaded.org.apache.hc.client5.http.wire - http-outgoing-1 >> "        "userSetupAllowed" : false[\n]"
21:06:59.245 [Test worker] DEBUG com.github.dockerjava.zerodep.shaded.org.apache.hc.client5.http.wire - http-outgoing-1 >> "      }, {[\n]"
21:06:59.245 [Test worker] DEBUG com.github.dockerjava.zerodep.shaded.org.apache.hc.client5.http.wire - http-outgoing-1 >> "        "authenticatorFlow" : true,[\n]"
21:06:59.245 [Test worker] DEBUG com.github.dockerjava.zerodep.shaded.org.apache.hc.client5.http.wire - http-outgoing-1 >> "        "requirement" : "ALTERNATIVE",[\n]"
21:06:59.245 [Test worker] DEBUG com.github.dockerjava.zerodep.shaded.org.apache.hc.client5.http.wire - http-outgoing-1 >> "        "priority" : 20,[\n]"
21:06:59.245 [Test worker] DEBUG com.github.dockerjava.zerodep.shaded.org.apache.hc.client5.http.wire - http-outgoing-1 >> "        "autheticatorFlow" : true,[\n]"
21:06:59.245 [Test worker] DEBUG com.github.dockerjava.zerodep.shaded.org.apache.hc.client5.http.wire - http-outgoing-1 >> "        "flowAlias" : "Verify Existing Account by Re-authentication",[\n]"
21:06:59.245 [Test worker] DEBUG com.github.dockerjava.zerodep.shaded.org.apache.hc.client5.http.wire - http-outgoing-1 >> "        "userSetupAllowed" : false[\n]"
21:06:59.245 [Test worker] DEBUG com.github.dockerjava.zerodep.shaded.org.apache.hc.client5.http.wire - http-outgoing-1 >> "      } ][\n]"
21:06:59.245 [Test worker] DEBUG com.github.dockerjava.zerodep.shaded.org.apache.hc.client5.http.wire - http-outgoing-1 >> "    }, {[\n]"
21:06:59.245 [Test worker] DEBUG com.github.dockerjava.zerodep.shaded.org.apache.hc.client5.http.wire - http-outgoing-1 >> "      "id" : "e1c3ece1-d628-464f-9cce-54477b02f0f5",[\n]"
21:06:59.245 [Test worker] DEBUG com.github.dockerjava.zerodep.shaded.org.apache.hc.client5.http.wire - http-outgoing-1 >> "      "alias" : "Authentication Options",[\n]"
21:06:59.245 [Test worker] DEBUG com.github.dockerjava.zerodep.shaded.org.apache.hc.client5.http.wire - http-outgoing-1 >> "      "description" : "Au[\r][\n]"
21:06:59.245 [Test worker] DEBUG com.github.dockerjava.zerodep.shaded.org.apache.hc.client5.http.wire - http-outgoing-1 >> "1000[\r][\n]"
21:06:59.245 [Test worker] DEBUG com.github.dockerjava.zerodep.shaded.org.apache.hc.client5.http.wire - http-outgoing-1 >> "thentication options.",[\n]"
21:06:59.246 [Test worker] DEBUG com.github.dockerjava.zerodep.shaded.org.apache.hc.client5.http.wire - http-outgoing-1 >> "      "providerId" : "basic-flow",[\n]"
21:06:59.246 [Test worker] DEBUG com.github.dockerjava.zerodep.shaded.org.apache.hc.client5.http.wire - http-outgoing-1 >> "      "topLevel" : false,[\n]"
21:06:59.246 [Test worker] DEBUG com.github.dockerjava.zerodep.shaded.org.apache.hc.client5.http.wire - http-outgoing-1 >> "      "builtIn" : true,[\n]"
21:06:59.246 [Test worker] DEBUG com.github.dockerjava.zerodep.shaded.org.apache.hc.client5.http.wire - http-outgoing-1 >> "      "authenticationExecutions" : [ {[\n]"
21:06:59.246 [Test worker] DEBUG com.github.dockerjava.zerodep.shaded.org.apache.hc.client5.http.wire - http-outgoing-1 >> "        "authenticator" : "basic-auth",[\n]"
21:06:59.246 [Test worker] DEBUG com.github.dockerjava.zerodep.shaded.org.apache.hc.client5.http.wire - http-outgoing-1 >> "        "authenticatorFlow" : false,[\n]"
21:06:59.246 [Test worker] DEBUG com.github.dockerjava.zerodep.shaded.org.apache.hc.client5.http.wire - http-outgoing-1 >> "        "requirement" : "REQUIRED",[\n]"
21:06:59.246 [Test worker] DEBUG com.github.dockerjava.zerodep.shaded.org.apache.hc.client5.http.wire - http-outgoing-1 >> "        "priority" : 10,[\n]"
21:06:59.246 [Test worker] DEBUG com.github.dockerjava.zerodep.shaded.org.apache.hc.client5.http.wire - http-outgoing-1 >> "        "autheticatorFlow" : false,[\n]"
21:06:59.246 [Test worker] DEBUG com.github.dockerjava.zerodep.shaded.org.apache.hc.client5.http.wire - http-outgoing-1 >> "        "userSetupAllowed" : false[\n]"
21:06:59.246 [Test worker] DEBUG com.github.dockerjava.zerodep.shaded.org.apache.hc.client5.http.wire - http-outgoing-1 >> "      }, {[\n]"
21:06:59.246 [Test worker] DEBUG com.github.dockerjava.zerodep.shaded.org.apache.hc.client5.http.wire - http-outgoing-1 >> "        "authenticator" : "basic-auth-otp",[\n]"
21:06:59.246 [Test worker] DEBUG com.github.dockerjava.zerodep.shaded.org.apache.hc.client5.http.wire - http-outgoing-1 >> "        "authenticatorFlow" : false,[\n]"
21:06:59.246 [Test worker] DEBUG com.github.dockerjava.zerodep.shaded.org.apache.hc.client5.http.wire - http-outgoing-1 >> "        "requirement" : "DISABLED",[\n]"
21:06:59.246 [Test worker] DEBUG com.github.dockerjava.zerodep.shaded.org.apache.hc.client5.http.wire - http-outgoing-1 >> "        "priority" : 20,[\n]"
21:06:59.246 [Test worker] DEBUG com.github.dockerjava.zerodep.shaded.org.apache.hc.client5.http.wire - http-outgoing-1 >> "        "autheticatorFlow" : false,[\n]"
21:06:59.246 [Test worker] DEBUG com.github.dockerjava.zerodep.shaded.org.apache.hc.client5.http.wire - http-outgoing-1 >> "        "userSetupAllowed" : false[\n]"
21:06:59.246 [Test worker] DEBUG com.github.dockerjava.zerodep.shaded.org.apache.hc.client5.http.wire - http-outgoing-1 >> "      }, {[\n]"
21:06:59.246 [Test worker] DEBUG com.github.dockerjava.zerodep.shaded.org.apache.hc.client5.http.wire - http-outgoing-1 >> "        "authenticator" : "auth-spnego",[\n]"
21:06:59.246 [Test worker] DEBUG com.github.dockerjava.zerodep.shaded.org.apache.hc.client5.http.wire - http-outgoing-1 >> "        "authenticatorFlow" : false,[\n]"
21:06:59.246 [Test worker] DEBUG com.github.dockerjava.zerodep.shaded.org.apache.hc.client5.http.wire - http-outgoing-1 >> "        "requirement" : "DISABLED",[\n]"
21:06:59.246 [Test worker] DEBUG com.github.dockerjava.zerodep.shaded.org.apache.hc.client5.http.wire - http-outgoing-1 >> "        "priority" : 30,[\n]"
21:06:59.246 [Test worker] DEBUG com.github.dockerjava.zerodep.shaded.org.apache.hc.client5.http.wire - http-outgoing-1 >> "        "autheticatorFlow" : false,[\n]"
21:06:59.246 [Test worker] DEBUG com.github.dockerjava.zerodep.shaded.org.apache.hc.client5.http.wire - http-outgoing-1 >> "        "userSetupAllowed" : false[\n]"
21:06:59.246 [Test worker] DEBUG com.github.dockerjava.zerodep.shaded.org.apache.hc.client5.http.wire - http-outgoing-1 >> "      } ][\n]"
21:06:59.246 [Test worker] DEBUG com.github.dockerjava.zerodep.shaded.org.apache.hc.client5.http.wire - http-outgoing-1 >> "    }, {[\n]"
21:06:59.246 [Test worker] DEBUG com.github.dockerjava.zerodep.shaded.org.apache.hc.client5.http.wire - http-outgoing-1 >> "      "id" : "45109453-32d7-4eea-abd1-37f36c98eae0",[\n]"
21:06:59.246 [Test worker] DEBUG com.github.dockerjava.zerodep.shaded.org.apache.hc.client5.http.wire - http-outgoing-1 >> "      "alias" : "Browser - Conditional OTP",[\n]"
21:06:59.246 [Test worker] DEBUG com.github.dockerjava.zerodep.shaded.org.apache.hc.client5.http.wire - http-outgoing-1 >> "      "description" : "Flow to determine if the OTP is required for the authentication",[\n]"
21:06:59.246 [Test worker] DEBUG com.github.dockerjava.zerodep.shaded.org.apache.hc.client5.http.wire - http-outgoing-1 >> "      "providerId" : "basic-flow",[\n]"
21:06:59.246 [Test worker] DEBUG com.github.dockerjava.zerodep.shaded.org.apache.hc.client5.http.wire - http-outgoing-1 >> "      "topLevel" : false,[\n]"
21:06:59.246 [Test worker] DEBUG com.github.dockerjava.zerodep.shaded.org.apache.hc.client5.http.wire - http-outgoing-1 >> "      "builtIn" : true,[\n]"
21:06:59.246 [Test worker] DEBUG com.github.dockerjava.zerodep.shaded.org.apache.hc.client5.http.wire - http-outgoing-1 >> "      "authenticationExecutions" : [ {[\n]"
21:06:59.246 [Test worker] DEBUG com.github.dockerjava.zerodep.shaded.org.apache.hc.client5.http.wire - http-outgoing-1 >> "        "authenticator" : "conditional-user-configured",[\n]"
21:06:59.246 [Test worker] DEBUG com.github.dockerjava.zerodep.shaded.org.apache.hc.client5.http.wire - http-outgoing-1 >> "        "authenticatorFlow" : false,[\n]"
21:06:59.246 [Test worker] DEBUG com.github.dockerjava.zerodep.shaded.org.apache.hc.client5.http.wire - http-outgoing-1 >> "        "requirement" : "REQUIRED",[\n]"
21:06:59.246 [Test worker] DEBUG com.github.dockerjava.zerodep.shaded.org.apache.hc.client5.http.wire - http-outgoing-1 >> "        "priority" : 10,[\n]"
21:06:59.246 [Test worker] DEBUG com.github.dockerjava.zerodep.shaded.org.apache.hc.client5.http.wire - http-outgoing-1 >> "        "autheticatorFlow" : false,[\n]"
21:06:59.246 [Test worker] DEBUG com.github.dockerjava.zerodep.shaded.org.apache.hc.client5.http.wire - http-outgoing-1 >> "        "userSetupAllowed" : false[\n]"
21:06:59.246 [Test worker] DEBUG com.github.dockerjava.zerodep.shaded.org.apache.hc.client5.http.wire - http-outgoing-1 >> "      }, {[\n]"
21:06:59.246 [Test worker] DEBUG com.github.dockerjava.zerodep.shaded.org.apache.hc.client5.http.wire - http-outgoing-1 >> "        "authenticator" : "auth-otp-form",[\n]"
21:06:59.246 [Test worker] DEBUG com.github.dockerjava.zerodep.shaded.org.apache.hc.client5.http.wire - http-outgoing-1 >> "        "authenticatorFlow" : false,[\n]"
21:06:59.246 [Test worker] DEBUG com.github.dockerjava.zerodep.shaded.org.apache.hc.client5.http.wire - http-outgoing-1 >> "        "requirement" : "REQUIRED",[\n]"
21:06:59.246 [Test worker] DEBUG com.github.dockerjava.zerodep.shaded.org.apache.hc.client5.http.wire - http-outgoing-1 >> "        "priority" : 20,[\n]"
21:06:59.246 [Test worker] DEBUG com.github.dockerjava.zerodep.shaded.org.apache.hc.client5.http.wire - http-outgoing-1 >> "        "autheticatorFlow" : false,[\n]"
21:06:59.246 [Test worker] DEBUG com.github.dockerjava.zerodep.shaded.org.apache.hc.client5.http.wire - http-outgoing-1 >> "        "userSetupAllowed" : false[\n]"
21:06:59.246 [Test worker] DEBUG com.github.dockerjava.zerodep.shaded.org.apache.hc.client5.http.wire - http-outgoing-1 >> "      } ][\n]"
21:06:59.246 [Test worker] DEBUG com.github.dockerjava.zerodep.shaded.org.apache.hc.client5.http.wire - http-outgoing-1 >> "    }, {[\n]"
21:06:59.246 [Test worker] DEBUG com.github.dockerjava.zerodep.shaded.org.apache.hc.client5.http.wire - http-outgoing-1 >> "      "id" : "f970af38-38d0-4648-a2de-70b983126d10",[\n]"
21:06:59.246 [Test worker] DEBUG com.github.dockerjava.zerodep.shaded.org.apache.hc.client5.http.wire - http-outgoing-1 >> "      "alias" : "Direct Grant - Conditional OTP",[\n]"
21:06:59.246 [Test worker] DEBUG com.github.dockerjava.zerodep.shaded.org.apache.hc.client5.http.wire - http-outgoing-1 >> "      "description" : "Flow to determine if the OTP is required for the authentication",[\n]"
21:06:59.246 [Test worker] DEBUG com.github.dockerjava.zerodep.shaded.org.apache.hc.client5.http.wire - http-outgoing-1 >> "      "providerId" : "basic-flow",[\n]"
21:06:59.246 [Test worker] DEBUG com.github.dockerjava.zerodep.shaded.org.apache.hc.client5.http.wire - http-outgoing-1 >> "      "topLevel" : false,[\n]"
21:06:59.246 [Test worker] DEBUG com.github.dockerjava.zerodep.shaded.org.apache.hc.client5.http.wire - http-outgoing-1 >> "      "builtIn" : true,[\n]"
21:06:59.246 [Test worker] DEBUG com.github.dockerjava.zerodep.shaded.org.apache.hc.client5.http.wire - http-outgoing-1 >> "      "authenticationExecutions" : [ {[\n]"
21:06:59.246 [Test worker] DEBUG com.github.dockerjava.zerodep.shaded.org.apache.hc.client5.http.wire - http-outgoing-1 >> "        "authenticator" : "conditional-user-configured",[\n]"
21:06:59.246 [Test worker] DEBUG com.github.dockerjava.zerodep.shaded.org.apache.hc.client5.http.wire - http-outgoing-1 >> "        "authenticatorFlow" : false,[\n]"
21:06:59.246 [Test worker] DEBUG com.github.dockerjava.zerodep.shaded.org.apache.hc.client5.http.wire - http-outgoing-1 >> "        "requirement" : "REQUIRED",[\n]"
21:06:59.246 [Test worker] DEBUG com.github.dockerjava.zerodep.shaded.org.apache.hc.client5.http.wire - http-outgoing-1 >> "        "priority" : 10,[\n]"
21:06:59.246 [Test worker] DEBUG com.github.dockerjava.zerodep.shaded.org.apache.hc.client5.http.wire - http-outgoing-1 >> "        "autheticatorFlow" : false,[\n]"
21:06:59.246 [Test worker] DEBUG com.github.dockerjava.zerodep.shaded.org.apache.hc.client5.http.wire - http-outgoing-1 >> "        "userSetupAllowed" : false[\n]"
21:06:59.246 [Test worker] DEBUG com.github.dockerjava.zerodep.shaded.org.apache.hc.client5.http.wire - http-outgoing-1 >> "      }, {[\n]"
21:06:59.246 [Test worker] DEBUG com.github.dockerjava.zerodep.shaded.org.apache.hc.client5.http.wire - http-outgoing-1 >> "        "authenticator" : "direct-grant-validate-otp",[\n]"
21:06:59.246 [Test worker] DEBUG com.github.dockerjava.zerodep.shaded.org.apache.hc.client5.http.wire - http-outgoing-1 >> "        "authenticatorFlow" : false,[\n]"
21:06:59.246 [Test worker] DEBUG com.github.dockerjava.zerodep.shaded.org.apache.hc.client5.http.wire - http-outgoing-1 >> "        "requirement" : "REQUIRED",[\n]"
21:06:59.246 [Test worker] DEBUG com.github.dockerjava.zerodep.shaded.org.apache.hc.client5.http.wire - http-outgoing-1 >> "        "priority" : 20,[\n]"
21:06:59.246 [Test worker] DEBUG com.github.dockerjava.zerodep.shaded.org.apache.hc.client5.http.wire - http-outgoing-1 >> "        "autheticatorFlow" : false,[\n]"
21:06:59.246 [Test worker] DEBUG com.github.dockerjava.zerodep.shaded.org.apache.hc.client5.http.wire - http-outgoing-1 >> "        "userSetupAllowed" : false[\n]"
21:06:59.246 [Test worker] DEBUG com.github.dockerjava.zerodep.shaded.org.apache.hc.client5.http.wire - http-outgoing-1 >> "      } ][\n]"
21:06:59.246 [Test worker] DEBUG com.github.dockerjava.zerodep.shaded.org.apache.hc.client5.http.wire - http-outgoing-1 >> "    }, {[\n]"
21:06:59.246 [Test worker] DEBUG com.github.dockerjava.zerodep.shaded.org.apache.hc.client5.http.wire - http-outgoing-1 >> "      "id" : "98f6d0b5-51b6-4a72-aed8-2658df056b7c",[\n]"
21:06:59.246 [Test worker] DEBUG com.github.dockerjava.zerodep.shaded.org.apache.hc.client5.http.wire - http-outgoing-1 >> "      "alias" : "First broker login - Conditional OTP",[\n]"
21:06:59.246 [Test worker] DEBUG com.github.dockerjava.zerodep.shaded.org.apache.hc.client5.http.wire - http-outgoing-1 >> "      "description" : "Flow to determine if the OTP is required for the authentication",[\n]"
21:06:59.246 [Test worker] DEBUG com.github.dockerjava.zerodep.shaded.org.apache.hc.client5.http.wire - http-outgoing-1 >> "      "providerId" : "basic-flow",[\n]"
21:06:59.246 [Test worker] DEBUG com.github.dockerjava.zerodep.shaded.org.apache.hc.client5.http.wire - http-outgoing-1 >> "      "topLevel" : false,[\n]"
21:06:59.246 [Test worker] DEBUG com.github.dockerjava.zerodep.shaded.org.apache.hc.client5.http.wire - http-outgoing-1 >> "      "builtIn" : true,[\n]"
21:06:59.246 [Test worker] DEBUG com.github.dockerjava.zerodep.shaded.org.apache.hc.client5.http.wire - http-outgoing-1 >> "      "authenticationExecutions" : [ {[\n]"
21:06:59.246 [Test worker] DEBUG com.github.dockerjava.zerodep.shaded.org.apache.hc.client5.http.wire - http-outgoing-1 >> "        "authenticator" : "conditional-user-configured",[\n]"
21:06:59.246 [Test worker] DEBUG com.github.dockerjava.zerodep.shaded.org.apache.hc.client5.http.wire - http-outgoing-1 >> "        "authenticatorFlow" : false,[\n]"
21:06:59.246 [Test worker] DEBUG com.github.dockerjava.zerodep.shaded.org.apache.hc.client5.http.wire - http-outgoing-1 >> "        "requirement" : "REQUIRED",[\n]"
21:06:59.246 [Test worker] DEBUG com.github.dockerjava.zerodep.shaded.org.apache.hc.client5.http.wire - http-outgoing-1 >> "        "priority" : 10,[\n]"
21:06:59.246 [Test worker] DEBUG com.github.dockerjava.zerodep.shaded.org.apache.hc.client5.http.wire - http-outgoing-1 >> "        "autheticatorFlow" : false,[\n]"
21:06:59.246 [Test worker] DEBUG com.github.dockerjava.zerodep.shaded.org.apache.hc.client5.http.wire - http-outgoing-1 >> "        "userSetupAllowed" : false[\n]"
21:06:59.246 [Test worker] DEBUG com.github.dockerjava.zerodep.shaded.org.apache.hc.client5.http.wire - http-outgoing-1 >> "      }, {[\n]"
21:06:59.246 [Test worker] DEBUG com.github.dockerjava.zerodep.shaded.org.apache.hc.client5.http.wire - http-outgoing-1 >> "        "authenticator" : "auth-otp-form",[\n]"
21:06:59.246 [Test worker] DEBUG com.github.dockerjava.zerodep.shaded.org.apache.hc.client5.http.wire - http-outgoing-1 >> "        "authenticatorFlow" : false,[\n]"
21:06:59.246 [Test worker] DEBUG com.github.dockerjava.zerodep.shaded.org.apache.hc.client5.http.wire - http-outgoing-1 >> "        "requirement" : "REQUIRED",[\n]"
21:06:59.246 [Test worker] DEBUG com.github.dockerjava.zerodep.shaded.org.apache.hc.client5.http.wire - http-outgoing-1 >> "        "priority" : 20,[\n]"
21:06:59.246 [Test worker] DEBUG com.github.dockerjava.zerodep.shaded.org.apache.hc.client5.http.wire - http-outgoing-1 >> "        "autheticatorFlow" : false,[\n]"
21:06:59.246 [Test worker] DEBUG com.github.dockerjava.zerodep.shaded.org.apache.hc.client5.http.wire - http-outgoing-1 >> "        "userSetupAllowed" : false[\n]"
21:06:59.246 [Test worker] DEBUG com.github.dockerjava.zerodep.shaded.org.apache.hc.client5.http.wire - http-outgoing-1 >> "      } ][\n]"
21:06:59.246 [Test worker] DEBUG com.github.dockerjava.zerodep.shaded.org.apache.hc.client5.http.wire - http-outgoing-1 >> "    }, {[\n]"
21:06:59.246 [Test worker] DEBUG com.github.dockerjava.zerodep.shaded.org.apache.hc.client5.http.wire - http-outgoing-1 >> "      "id" : "a2b4eef4-c0dc-4141-acaf-d8a6da888c2a",[\n]"
21:06:59.246 [Test worker] DEBUG com.github.dockerjava.zerodep.shaded.org.apache.hc.client5.http.wire - http-outgoing-1 >> "      "alias" : "Handle Existing Account",[\n]"
21:06:59.246 [Test worker] DEBUG com.github.dockerjava.zerodep.shaded.org.apache.hc.client5.http.wire - http-outgoing-1 >> "      "description" : "Handle what to do if there is existing account with same email/username like authenticated identity provider",[\n]"
21:06:59.246 [Test worker] DEBUG com.github.dockerjava.zerodep.shaded.org.apache.hc.client5.http.wire - http-outgoing-1 >> "      "providerId" : "basic-flow",[\n]"
21:06:59.246 [Test worker] DEBUG com.github.dockerjava.zerodep.shaded.org.apache.hc.client5.http.wire - http-outgoing-1 >> "      "topLevel" : false,[\n]"
21:06:59.246 [Test worker] DEBUG com.github.dockerjava.zerodep.shaded.org.apache.hc.client5.http.wire - http-outgoing-1 >> "      "builtIn" : true,[\n]"
21:06:59.246 [Test worker] DEBUG com.github.dockerjava.zerodep.shaded.org.apache.hc.client5.http.wire - http-outgoing-1 >> "      "authenticationExecutions" : [ {[\n]"
21:06:59.246 [Test worker] DEBUG com.github.dockerjava.zerodep.shaded.org.apache.hc.client5.http.wire - http-outgoing-1 >> "        "authenticator" : "idp-confirm-link",[\n]"
21:06:59.246 [Test worker] DEBUG com.github.dockerjava.zerodep.shaded.org.apache.hc.client5.http.wire - http-outgoing-1 >> "        "authenticatorFlow" : false,[\n]"
21:06:59.246 [Test worker] DEBUG com.github.dockerjava.zerodep.shaded.org.apache.hc.client5.http.wire - http-outgoing-1 >> "        "requirement" : "REQUIRED",[\n]"
21:06:59.246 [Test worker] DEBUG com.github.dockerjava.zerodep.shaded.org.apache.hc.client5.http.wire - http-outgoing-1 >> "        "priority" : 10,[\n]"
21:06:59.246 [Test worker] DEBUG com.github.dockerjava.zerodep.shaded.org.apache.hc.client5.http.wire - http-outgoing-1 >> "        "autheticatorFlow" : false,[\n]"
21:06:59.246 [Test worker] DEBUG com.github.dockerjava.zerodep.shaded.org.apache.hc.client5.http.wire - http-outgoing-1 >> "        "userSetupAllowed" : false[\n]"
21:06:59.246 [Test worker] DEBUG com.github.dockerjava.zerodep.shaded.org.apache.hc.client5.http.wire - http-outgoing-1 >> "      }, {[\n]"
21:06:59.246 [Test worker] DEBUG com.github.dockerjava.zerodep.shaded.org.apache.hc.client5.http.wire - http-outgoing-1 >> "        "authenticatorFlow" : true,[\n]"
21:06:59.246 [Test worker] DEBUG com.github.dockerjava.zerodep.shaded.org.apache.hc.client5.http.wire - http-outgoing-1 >> "        "requirement" : "REQUIRED",[\n]"
21:06:59.246 [Test worker] DEBUG com.github.dockerjava.zerodep.shaded.org.apache.hc.client5.http.wire - http-outgoing-1 >> "        "priority" : 20,[\n]"
21:06:59.246 [Test worker] DEBUG com.github.dockerjava.zerodep.shaded.org.apache.hc.client5.http.wire - http-outgoing-1 >> "        "autheticatorFlow" : true,[\n]"
21:06:59.246 [Test worker] DEBUG com.github.dockerjava.zerodep.shaded.org.apache.hc.client5.http.wire - http-outgoing-1 >> "        "flowAlias" : "Account verification options",[\n]"
21:06:59.246 [Test worker] DEBUG com.github.dockerjava.zerodep.shaded.org.apache.hc.client5.http.wire - http-outgoing-1 >> "        "userSetupAllowed" : false[\n]"
21:06:59.246 [Test worker] DEBUG com.github.dockerjava.zerodep.shaded.org.apache.hc.client5.http.wire - http-outgoing-1 >> "      } ][\n]"
21:06:59.246 [Test worker] DEBUG com.github.dockerjava.zerodep.shaded.org.apache.hc.client5.http.wire - http-outgoing-1 >> "    }, {[\n]"
21:06:59.246 [Test worker] DEBUG com.github.dockerjava.zerodep.shaded.org.apache.hc.client5.http.wire - http-outgoing-1 >> "      "id" : "bb170a4f-9417-4ae5-ba6a-d91e142e24d8",[\n]"
21:06:59.246 [Test worker] DEBUG com.github.dockerjava.zerodep.shaded.org.apache.hc.client5.http.wire - http-outgoing-1 >> "      "alias" : "Reset - Conditional [\r][\n]"
21:06:59.246 [Test worker] DEBUG com.github.dockerjava.zerodep.shaded.org.apache.hc.client5.http.wire - http-outgoing-1 >> "1000[\r][\n]"
21:06:59.246 [Test worker] DEBUG com.github.dockerjava.zerodep.shaded.org.apache.hc.client5.http.wire - http-outgoing-1 >> "OTP",[\n]"
21:06:59.246 [Test worker] DEBUG com.github.dockerjava.zerodep.shaded.org.apache.hc.client5.http.wire - http-outgoing-1 >> "      "description" : "Flow to determine if the OTP should be reset or not. Set to REQUIRED to force.",[\n]"
21:06:59.246 [Test worker] DEBUG com.github.dockerjava.zerodep.shaded.org.apache.hc.client5.http.wire - http-outgoing-1 >> "      "providerId" : "basic-flow",[\n]"
21:06:59.246 [Test worker] DEBUG com.github.dockerjava.zerodep.shaded.org.apache.hc.client5.http.wire - http-outgoing-1 >> "      "topLevel" : false,[\n]"
21:06:59.246 [Test worker] DEBUG com.github.dockerjava.zerodep.shaded.org.apache.hc.client5.http.wire - http-outgoing-1 >> "      "builtIn" : true,[\n]"
21:06:59.246 [Test worker] DEBUG com.github.dockerjava.zerodep.shaded.org.apache.hc.client5.http.wire - http-outgoing-1 >> "      "authenticationExecutions" : [ {[\n]"
21:06:59.246 [Test worker] DEBUG com.github.dockerjava.zerodep.shaded.org.apache.hc.client5.http.wire - http-outgoing-1 >> "        "authenticator" : "conditional-user-configured",[\n]"
21:06:59.246 [Test worker] DEBUG com.github.dockerjava.zerodep.shaded.org.apache.hc.client5.http.wire - http-outgoing-1 >> "        "authenticatorFlow" : false,[\n]"
21:06:59.246 [Test worker] DEBUG com.github.dockerjava.zerodep.shaded.org.apache.hc.client5.http.wire - http-outgoing-1 >> "        "requirement" : "REQUIRED",[\n]"
21:06:59.246 [Test worker] DEBUG com.github.dockerjava.zerodep.shaded.org.apache.hc.client5.http.wire - http-outgoing-1 >> "        "priority" : 10,[\n]"
21:06:59.246 [Test worker] DEBUG com.github.dockerjava.zerodep.shaded.org.apache.hc.client5.http.wire - http-outgoing-1 >> "        "autheticatorFlow" : false,[\n]"
21:06:59.246 [Test worker] DEBUG com.github.dockerjava.zerodep.shaded.org.apache.hc.client5.http.wire - http-outgoing-1 >> "        "userSetupAllowed" : false[\n]"
21:06:59.246 [Test worker] DEBUG com.github.dockerjava.zerodep.shaded.org.apache.hc.client5.http.wire - http-outgoing-1 >> "      }, {[\n]"
21:06:59.246 [Test worker] DEBUG com.github.dockerjava.zerodep.shaded.org.apache.hc.client5.http.wire - http-outgoing-1 >> "        "authenticator" : "reset-otp",[\n]"
21:06:59.246 [Test worker] DEBUG com.github.dockerjava.zerodep.shaded.org.apache.hc.client5.http.wire - http-outgoing-1 >> "        "authenticatorFlow" : false,[\n]"
21:06:59.246 [Test worker] DEBUG com.github.dockerjava.zerodep.shaded.org.apache.hc.client5.http.wire - http-outgoing-1 >> "        "requirement" : "REQUIRED",[\n]"
21:06:59.246 [Test worker] DEBUG com.github.dockerjava.zerodep.shaded.org.apache.hc.client5.http.wire - http-outgoing-1 >> "        "priority" : 20,[\n]"
21:06:59.246 [Test worker] DEBUG com.github.dockerjava.zerodep.shaded.org.apache.hc.client5.http.wire - http-outgoing-1 >> "        "autheticatorFlow" : false,[\n]"
21:06:59.246 [Test worker] DEBUG com.github.dockerjava.zerodep.shaded.org.apache.hc.client5.http.wire - http-outgoing-1 >> "        "userSetupAllowed" : false[\n]"
21:06:59.246 [Test worker] DEBUG com.github.dockerjava.zerodep.shaded.org.apache.hc.client5.http.wire - http-outgoing-1 >> "      } ][\n]"
21:06:59.246 [Test worker] DEBUG com.github.dockerjava.zerodep.shaded.org.apache.hc.client5.http.wire - http-outgoing-1 >> "    }, {[\n]"
21:06:59.246 [Test worker] DEBUG com.github.dockerjava.zerodep.shaded.org.apache.hc.client5.http.wire - http-outgoing-1 >> "      "id" : "0708e29b-9b44-4ec7-b7c0-964e39a27286",[\n]"
21:06:59.246 [Test worker] DEBUG com.github.dockerjava.zerodep.shaded.org.apache.hc.client5.http.wire - http-outgoing-1 >> "      "alias" : "User creation or linking",[\n]"
21:06:59.246 [Test worker] DEBUG com.github.dockerjava.zerodep.shaded.org.apache.hc.client5.http.wire - http-outgoing-1 >> "      "description" : "Flow for the existing/non-existing user alternatives",[\n]"
21:06:59.246 [Test worker] DEBUG com.github.dockerjava.zerodep.shaded.org.apache.hc.client5.http.wire - http-outgoing-1 >> "      "providerId" : "basic-flow",[\n]"
21:06:59.246 [Test worker] DEBUG com.github.dockerjava.zerodep.shaded.org.apache.hc.client5.http.wire - http-outgoing-1 >> "      "topLevel" : false,[\n]"
21:06:59.246 [Test worker] DEBUG com.github.dockerjava.zerodep.shaded.org.apache.hc.client5.http.wire - http-outgoing-1 >> "      "builtIn" : true,[\n]"
21:06:59.246 [Test worker] DEBUG com.github.dockerjava.zerodep.shaded.org.apache.hc.client5.http.wire - http-outgoing-1 >> "      "authenticationExecutions" : [ {[\n]"
21:06:59.246 [Test worker] DEBUG com.github.dockerjava.zerodep.shaded.org.apache.hc.client5.http.wire - http-outgoing-1 >> "        "authenticatorConfig" : "create unique user config",[\n]"
21:06:59.246 [Test worker] DEBUG com.github.dockerjava.zerodep.shaded.org.apache.hc.client5.http.wire - http-outgoing-1 >> "        "authenticator" : "idp-create-user-if-unique",[\n]"
21:06:59.246 [Test worker] DEBUG com.github.dockerjava.zerodep.shaded.org.apache.hc.client5.http.wire - http-outgoing-1 >> "        "authenticatorFlow" : false,[\n]"
21:06:59.246 [Test worker] DEBUG com.github.dockerjava.zerodep.shaded.org.apache.hc.client5.http.wire - http-outgoing-1 >> "        "requirement" : "ALTERNATIVE",[\n]"
21:06:59.246 [Test worker] DEBUG com.github.dockerjava.zerodep.shaded.org.apache.hc.client5.http.wire - http-outgoing-1 >> "        "priority" : 10,[\n]"
21:06:59.246 [Test worker] DEBUG com.github.dockerjava.zerodep.shaded.org.apache.hc.client5.http.wire - http-outgoing-1 >> "        "autheticatorFlow" : false,[\n]"
21:06:59.246 [Test worker] DEBUG com.github.dockerjava.zerodep.shaded.org.apache.hc.client5.http.wire - http-outgoing-1 >> "        "userSetupAllowed" : false[\n]"
21:06:59.247 [Test worker] DEBUG com.github.dockerjava.zerodep.shaded.org.apache.hc.client5.http.wire - http-outgoing-1 >> "      }, {[\n]"
21:06:59.247 [Test worker] DEBUG com.github.dockerjava.zerodep.shaded.org.apache.hc.client5.http.wire - http-outgoing-1 >> "        "authenticatorFlow" : true,[\n]"
21:06:59.247 [Test worker] DEBUG com.github.dockerjava.zerodep.shaded.org.apache.hc.client5.http.wire - http-outgoing-1 >> "        "requirement" : "ALTERNATIVE",[\n]"
21:06:59.247 [Test worker] DEBUG com.github.dockerjava.zerodep.shaded.org.apache.hc.client5.http.wire - http-outgoing-1 >> "        "priority" : 20,[\n]"
21:06:59.247 [Test worker] DEBUG com.github.dockerjava.zerodep.shaded.org.apache.hc.client5.http.wire - http-outgoing-1 >> "        "autheticatorFlow" : true,[\n]"
21:06:59.247 [Test worker] DEBUG com.github.dockerjava.zerodep.shaded.org.apache.hc.client5.http.wire - http-outgoing-1 >> "        "flowAlias" : "Handle Existing Account",[\n]"
21:06:59.247 [Test worker] DEBUG com.github.dockerjava.zerodep.shaded.org.apache.hc.client5.http.wire - http-outgoing-1 >> "        "userSetupAllowed" : false[\n]"
21:06:59.247 [Test worker] DEBUG com.github.dockerjava.zerodep.shaded.org.apache.hc.client5.http.wire - http-outgoing-1 >> "      } ][\n]"
21:06:59.247 [Test worker] DEBUG com.github.dockerjava.zerodep.shaded.org.apache.hc.client5.http.wire - http-outgoing-1 >> "    }, {[\n]"
21:06:59.247 [Test worker] DEBUG com.github.dockerjava.zerodep.shaded.org.apache.hc.client5.http.wire - http-outgoing-1 >> "      "id" : "e2c9bf7f-d273-4266-81cc-59f28efa1ef7",[\n]"
21:06:59.247 [Test worker] DEBUG com.github.dockerjava.zerodep.shaded.org.apache.hc.client5.http.wire - http-outgoing-1 >> "      "alias" : "Verify Existing Account by Re-authentication",[\n]"
21:06:59.247 [Test worker] DEBUG com.github.dockerjava.zerodep.shaded.org.apache.hc.client5.http.wire - http-outgoing-1 >> "      "description" : "Reauthentication of existing account",[\n]"
21:06:59.247 [Test worker] DEBUG com.github.dockerjava.zerodep.shaded.org.apache.hc.client5.http.wire - http-outgoing-1 >> "      "providerId" : "basic-flow",[\n]"
21:06:59.247 [Test worker] DEBUG com.github.dockerjava.zerodep.shaded.org.apache.hc.client5.http.wire - http-outgoing-1 >> "      "topLevel" : false,[\n]"
21:06:59.247 [Test worker] DEBUG com.github.dockerjava.zerodep.shaded.org.apache.hc.client5.http.wire - http-outgoing-1 >> "      "builtIn" : true,[\n]"
21:06:59.247 [Test worker] DEBUG com.github.dockerjava.zerodep.shaded.org.apache.hc.client5.http.wire - http-outgoing-1 >> "      "authenticationExecutions" : [ {[\n]"
21:06:59.247 [Test worker] DEBUG com.github.dockerjava.zerodep.shaded.org.apache.hc.client5.http.wire - http-outgoing-1 >> "        "authenticator" : "idp-username-password-form",[\n]"
21:06:59.247 [Test worker] DEBUG com.github.dockerjava.zerodep.shaded.org.apache.hc.client5.http.wire - http-outgoing-1 >> "        "authenticatorFlow" : false,[\n]"
21:06:59.247 [Test worker] DEBUG com.github.dockerjava.zerodep.shaded.org.apache.hc.client5.http.wire - http-outgoing-1 >> "        "requirement" : "REQUIRED",[\n]"
21:06:59.247 [Test worker] DEBUG com.github.dockerjava.zerodep.shaded.org.apache.hc.client5.http.wire - http-outgoing-1 >> "        "priority" : 10,[\n]"
21:06:59.247 [Test worker] DEBUG com.github.dockerjava.zerodep.shaded.org.apache.hc.client5.http.wire - http-outgoing-1 >> "        "autheticatorFlow" : false,[\n]"
21:06:59.247 [Test worker] DEBUG com.github.dockerjava.zerodep.shaded.org.apache.hc.client5.http.wire - http-outgoing-1 >> "        "userSetupAllowed" : false[\n]"
21:06:59.247 [Test worker] DEBUG com.github.dockerjava.zerodep.shaded.org.apache.hc.client5.http.wire - http-outgoing-1 >> "      }, {[\n]"
21:06:59.247 [Test worker] DEBUG com.github.dockerjava.zerodep.shaded.org.apache.hc.client5.http.wire - http-outgoing-1 >> "        "authenticatorFlow" : true,[\n]"
21:06:59.247 [Test worker] DEBUG com.github.dockerjava.zerodep.shaded.org.apache.hc.client5.http.wire - http-outgoing-1 >> "        "requirement" : "CONDITIONAL",[\n]"
21:06:59.247 [Test worker] DEBUG com.github.dockerjava.zerodep.shaded.org.apache.hc.client5.http.wire - http-outgoing-1 >> "        "priority" : 20,[\n]"
21:06:59.247 [Test worker] DEBUG com.github.dockerjava.zerodep.shaded.org.apache.hc.client5.http.wire - http-outgoing-1 >> "        "autheticatorFlow" : true,[\n]"
21:06:59.247 [Test worker] DEBUG com.github.dockerjava.zerodep.shaded.org.apache.hc.client5.http.wire - http-outgoing-1 >> "        "flowAlias" : "First broker login - Conditional OTP",[\n]"
21:06:59.247 [Test worker] DEBUG com.github.dockerjava.zerodep.shaded.org.apache.hc.client5.http.wire - http-outgoing-1 >> "        "userSetupAllowed" : false[\n]"
21:06:59.247 [Test worker] DEBUG com.github.dockerjava.zerodep.shaded.org.apache.hc.client5.http.wire - http-outgoing-1 >> "      } ][\n]"
21:06:59.247 [Test worker] DEBUG com.github.dockerjava.zerodep.shaded.org.apache.hc.client5.http.wire - http-outgoing-1 >> "    }, {[\n]"
21:06:59.247 [Test worker] DEBUG com.github.dockerjava.zerodep.shaded.org.apache.hc.client5.http.wire - http-outgoing-1 >> "      "id" : "c2e739fe-2575-4db3-96b1-9e962cc1dbad",[\n]"
21:06:59.247 [Test worker] DEBUG com.github.dockerjava.zerodep.shaded.org.apache.hc.client5.http.wire - http-outgoing-1 >> "      "alias" : "browser",[\n]"
21:06:59.247 [Test worker] DEBUG com.github.dockerjava.zerodep.shaded.org.apache.hc.client5.http.wire - http-outgoing-1 >> "      "description" : "browser based authentication",[\n]"
21:06:59.247 [Test worker] DEBUG com.github.dockerjava.zerodep.shaded.org.apache.hc.client5.http.wire - http-outgoing-1 >> "      "providerId" : "basic-flow",[\n]"
21:06:59.247 [Test worker] DEBUG com.github.dockerjava.zerodep.shaded.org.apache.hc.client5.http.wire - http-outgoing-1 >> "      "topLevel" : true,[\n]"
21:06:59.247 [Test worker] DEBUG com.github.dockerjava.zerodep.shaded.org.apache.hc.client5.http.wire - http-outgoing-1 >> "      "builtIn" : true,[\n]"
21:06:59.247 [Test worker] DEBUG com.github.dockerjava.zerodep.shaded.org.apache.hc.client5.http.wire - http-outgoing-1 >> "      "authenticationExecutions" : [ {[\n]"
21:06:59.247 [Test worker] DEBUG com.github.dockerjava.zerodep.shaded.org.apache.hc.client5.http.wire - http-outgoing-1 >> "        "authenticator" : "auth-cookie",[\n]"
21:06:59.247 [Test worker] DEBUG com.github.dockerjava.zerodep.shaded.org.apache.hc.client5.http.wire - http-outgoing-1 >> "        "authenticatorFlow" : false,[\n]"
21:06:59.247 [Test worker] DEBUG com.github.dockerjava.zerodep.shaded.org.apache.hc.client5.http.wire - http-outgoing-1 >> "        "requirement" : "ALTERNATIVE",[\n]"
21:06:59.247 [Test worker] DEBUG com.github.dockerjava.zerodep.shaded.org.apache.hc.client5.http.wire - http-outgoing-1 >> "        "priority" : 10,[\n]"
21:06:59.247 [Test worker] DEBUG com.github.dockerjava.zerodep.shaded.org.apache.hc.client5.http.wire - http-outgoing-1 >> "        "autheticatorFlow" : false,[\n]"
21:06:59.247 [Test worker] DEBUG com.github.dockerjava.zerodep.shaded.org.apache.hc.client5.http.wire - http-outgoing-1 >> "        "userSetupAllowed" : false[\n]"
21:06:59.247 [Test worker] DEBUG com.github.dockerjava.zerodep.shaded.org.apache.hc.client5.http.wire - http-outgoing-1 >> "      }, {[\n]"
21:06:59.247 [Test worker] DEBUG com.github.dockerjava.zerodep.shaded.org.apache.hc.client5.http.wire - http-outgoing-1 >> "        "authenticator" : "auth-spnego",[\n]"
21:06:59.247 [Test worker] DEBUG com.github.dockerjava.zerodep.shaded.org.apache.hc.client5.http.wire - http-outgoing-1 >> "        "authenticatorFlow" : false,[\n]"
21:06:59.247 [Test worker] DEBUG com.github.dockerjava.zerodep.shaded.org.apache.hc.client5.http.wire - http-outgoing-1 >> "        "requirement" : "DISABLED",[\n]"
21:06:59.247 [Test worker] DEBUG com.github.dockerjava.zerodep.shaded.org.apache.hc.client5.http.wire - http-outgoing-1 >> "        "priority" : 20,[\n]"
21:06:59.247 [Test worker] DEBUG com.github.dockerjava.zerodep.shaded.org.apache.hc.client5.http.wire - http-outgoing-1 >> "        "autheticatorFlow" : false,[\n]"
21:06:59.247 [Test worker] DEBUG com.github.dockerjava.zerodep.shaded.org.apache.hc.client5.http.wire - http-outgoing-1 >> "        "userSetupAllowed" : false[\n]"
21:06:59.247 [Test worker] DEBUG com.github.dockerjava.zerodep.shaded.org.apache.hc.client5.http.wire - http-outgoing-1 >> "      }, {[\n]"
21:06:59.247 [Test worker] DEBUG com.github.dockerjava.zerodep.shaded.org.apache.hc.client5.http.wire - http-outgoing-1 >> "        "authenticator" : "identity-provider-redirector",[\n]"
21:06:59.247 [Test worker] DEBUG com.github.dockerjava.zerodep.shaded.org.apache.hc.client5.http.wire - http-outgoing-1 >> "        "authenticatorFlow" : false,[\n]"
21:06:59.247 [Test worker] DEBUG com.github.dockerjava.zerodep.shaded.org.apache.hc.client5.http.wire - http-outgoing-1 >> "        "requirement" : "ALTERNATIVE",[\n]"
21:06:59.247 [Test worker] DEBUG com.github.dockerjava.zerodep.shaded.org.apache.hc.client5.http.wire - http-outgoing-1 >> "        "priority" : 25,[\n]"
21:06:59.247 [Test worker] DEBUG com.github.dockerjava.zerodep.shaded.org.apache.hc.client5.http.wire - http-outgoing-1 >> "        "autheticatorFlow" : false,[\n]"
21:06:59.247 [Test worker] DEBUG com.github.dockerjava.zerodep.shaded.org.apache.hc.client5.http.wire - http-outgoing-1 >> "        "userSetupAllowed" : false[\n]"
21:06:59.247 [Test worker] DEBUG com.github.dockerjava.zerodep.shaded.org.apache.hc.client5.http.wire - http-outgoing-1 >> "      }, {[\n]"
21:06:59.247 [Test worker] DEBUG com.github.dockerjava.zerodep.shaded.org.apache.hc.client5.http.wire - http-outgoing-1 >> "        "authenticatorFlow" : true,[\n]"
21:06:59.247 [Test worker] DEBUG com.github.dockerjava.zerodep.shaded.org.apache.hc.client5.http.wire - http-outgoing-1 >> "        "requirement" : "ALTERNATIVE",[\n]"
21:06:59.247 [Test worker] DEBUG com.github.dockerjava.zerodep.shaded.org.apache.hc.client5.http.wire - http-outgoing-1 >> "        "priority" : 30,[\n]"
21:06:59.247 [Test worker] DEBUG com.github.dockerjava.zerodep.shaded.org.apache.hc.client5.http.wire - http-outgoing-1 >> "        "autheticatorFlow" : true,[\n]"
21:06:59.247 [Test worker] DEBUG com.github.dockerjava.zerodep.shaded.org.apache.hc.client5.http.wire - http-outgoing-1 >> "        "flowAlias" : "forms",[\n]"
21:06:59.247 [Test worker] DEBUG com.github.dockerjava.zerodep.shaded.org.apache.hc.client5.http.wire - http-outgoing-1 >> "        "userSetupAllowed" : false[\n]"
21:06:59.247 [Test worker] DEBUG com.github.dockerjava.zerodep.shaded.org.apache.hc.client5.http.wire - http-outgoing-1 >> "      } ][\n]"
21:06:59.247 [Test worker] DEBUG com.github.dockerjava.zerodep.shaded.org.apache.hc.client5.http.wire - http-outgoing-1 >> "    }, {[\n]"
21:06:59.247 [Test worker] DEBUG com.github.dockerjava.zerodep.shaded.org.apache.hc.client5.http.wire - http-outgoing-1 >> "      "id" : "306d0b37-98c8-4ef2-817c-ba97b4c6d865",[\n]"
21:06:59.247 [Test worker] DEBUG com.github.dockerjava.zerodep.shaded.org.apache.hc.client5.http.wire - http-outgoing-1 >> "      "alias" : "clients",[\n]"
21:06:59.247 [Test worker] DEBUG com.github.dockerjava.zerodep.shaded.org.apache.hc.client5.http.wire - http-outgoing-1 >> "      "description" : "Base authentication for clients",[\n]"
21:06:59.247 [Test worker] DEBUG com.github.dockerjava.zerodep.shaded.org.apache.hc.client5.http.wire - http-outgoing-1 >> "      "providerId" : "client-flow",[\n]"
21:06:59.247 [Test worker] DEBUG com.github.dockerjava.zerodep.shaded.org.apache.hc.client5.http.wire - http-outgoing-1 >> "      "topLevel" : true,[\n]"
21:06:59.247 [Test worker] DEBUG com.github.dockerjava.zerodep.shaded.org.apache.hc.client5.http.wire - http-outgoing-1 >> "      "builtIn" : true,[\n]"
21:06:59.247 [Test worker] DEBUG com.github.dockerjava.zerodep.shaded.org.apache.hc.client5.http.wire - http-outgoing-1 >> "      "authenticationExecutions" : [ {[\n]"
21:06:59.247 [Test worker] DEBUG com.github.dockerjava.zerodep.shaded.org.apache.hc.client5.http.wire - http-outgoing-1 >> "        "authenticator" : "client-secret",[\n]"
21:06:59.247 [Test worker] DEBUG com.github.dockerjava.zerodep.shaded.org.apache.hc.client5.http.wire - http-outgoing-1 >> "        "authenticatorFlow" : false,[\n]"
21:06:59.247 [Test worker] DEBUG com.github.dockerjava.zerodep.shaded.org.apache.hc.client5.http.wire - http-outgoing-1 >> "        "requirement" : "ALTERNATIVE",[\n]"
21:06:59.247 [Test worker] DEBUG com.github.dockerjava.zerodep.shaded.org.apache.hc.client5.http.wire - http-outgoing-1 >> "        "priority" : 10,[\n]"
21:06:59.247 [Test worker] DEBUG com.github.dockerjava.zerodep.shaded.org.apache.hc.client5.http.wire - http-outgoing-1 >> "        "autheticatorFlow" : false,[\n]"
21:06:59.247 [Test worker] DEBUG com.github.dockerjava.zerodep.shaded.org.apache.hc.client5.http.wire - http-outgoing-1 >> "        "userSetupAllowed" : false[\n]"
21:06:59.247 [Test worker] DEBUG com.github.dockerjava.zerodep.shaded.org.apache.hc.client5.http.wire - http-outgoing-1 >> "      }, {[\n]"
21:06:59.247 [Test worker] DEBUG com.github.dockerjava.zerodep.shaded.org.apache.hc.client5.http.wire - http-outgoing-1 >> "        "authenticator" : "client-jwt",[\n]"
21:06:59.247 [Test worker] DEBUG com.github.dockerjava.zerodep.shaded.org.apache.hc.client5.http.wire - http-outgoing-1 >> "        "authenticatorFlow" : false,[\n]"
21:06:59.247 [Test worker] DEBUG com.github.dockerjava.zerodep.shaded.org.apache.hc.client5.http.wire - http-outgoing-1 >> "        "requirement" : "ALTERNATIVE",[\n]"
21:06:59.247 [Test worker] DEBUG com.github.dockerjava.zerodep.shaded.org.apache.hc.client5.http.wire - http-outgoing-1 >> "      [\r][\n]"
21:06:59.247 [Test worker] DEBUG com.github.dockerjava.zerodep.shaded.org.apache.hc.client5.http.wire - http-outgoing-1 >> "1000[\r][\n]"
21:06:59.247 [Test worker] DEBUG com.github.dockerjava.zerodep.shaded.org.apache.hc.client5.http.wire - http-outgoing-1 >> "  "priority" : 20,[\n]"
21:06:59.247 [Test worker] DEBUG com.github.dockerjava.zerodep.shaded.org.apache.hc.client5.http.wire - http-outgoing-1 >> "        "autheticatorFlow" : false,[\n]"
21:06:59.247 [Test worker] DEBUG com.github.dockerjava.zerodep.shaded.org.apache.hc.client5.http.wire - http-outgoing-1 >> "        "userSetupAllowed" : false[\n]"
21:06:59.247 [Test worker] DEBUG com.github.dockerjava.zerodep.shaded.org.apache.hc.client5.http.wire - http-outgoing-1 >> "      }, {[\n]"
21:06:59.247 [Test worker] DEBUG com.github.dockerjava.zerodep.shaded.org.apache.hc.client5.http.wire - http-outgoing-1 >> "        "authenticator" : "client-secret-jwt",[\n]"
21:06:59.247 [Test worker] DEBUG com.github.dockerjava.zerodep.shaded.org.apache.hc.client5.http.wire - http-outgoing-1 >> "        "authenticatorFlow" : false,[\n]"
21:06:59.247 [Test worker] DEBUG com.github.dockerjava.zerodep.shaded.org.apache.hc.client5.http.wire - http-outgoing-1 >> "        "requirement" : "ALTERNATIVE",[\n]"
21:06:59.247 [Test worker] DEBUG com.github.dockerjava.zerodep.shaded.org.apache.hc.client5.http.wire - http-outgoing-1 >> "        "priority" : 30,[\n]"
21:06:59.247 [Test worker] DEBUG com.github.dockerjava.zerodep.shaded.org.apache.hc.client5.http.wire - http-outgoing-1 >> "        "autheticatorFlow" : false,[\n]"
21:06:59.247 [Test worker] DEBUG com.github.dockerjava.zerodep.shaded.org.apache.hc.client5.http.wire - http-outgoing-1 >> "        "userSetupAllowed" : false[\n]"
21:06:59.247 [Test worker] DEBUG com.github.dockerjava.zerodep.shaded.org.apache.hc.client5.http.wire - http-outgoing-1 >> "      }, {[\n]"
21:06:59.247 [Test worker] DEBUG com.github.dockerjava.zerodep.shaded.org.apache.hc.client5.http.wire - http-outgoing-1 >> "        "authenticator" : "client-x509",[\n]"
21:06:59.247 [Test worker] DEBUG com.github.dockerjava.zerodep.shaded.org.apache.hc.client5.http.wire - http-outgoing-1 >> "        "authenticatorFlow" : false,[\n]"
21:06:59.247 [Test worker] DEBUG com.github.dockerjava.zerodep.shaded.org.apache.hc.client5.http.wire - http-outgoing-1 >> "        "requirement" : "ALTERNATIVE",[\n]"
21:06:59.247 [Test worker] DEBUG com.github.dockerjava.zerodep.shaded.org.apache.hc.client5.http.wire - http-outgoing-1 >> "        "priority" : 40,[\n]"
21:06:59.247 [Test worker] DEBUG com.github.dockerjava.zerodep.shaded.org.apache.hc.client5.http.wire - http-outgoing-1 >> "        "autheticatorFlow" : false,[\n]"
21:06:59.247 [Test worker] DEBUG com.github.dockerjava.zerodep.shaded.org.apache.hc.client5.http.wire - http-outgoing-1 >> "        "userSetupAllowed" : false[\n]"
21:06:59.247 [Test worker] DEBUG com.github.dockerjava.zerodep.shaded.org.apache.hc.client5.http.wire - http-outgoing-1 >> "      } ][\n]"
21:06:59.247 [Test worker] DEBUG com.github.dockerjava.zerodep.shaded.org.apache.hc.client5.http.wire - http-outgoing-1 >> "    }, {[\n]"
21:06:59.247 [Test worker] DEBUG com.github.dockerjava.zerodep.shaded.org.apache.hc.client5.http.wire - http-outgoing-1 >> "      "id" : "ab12db3e-e02b-42c3-885d-4b12e78fabaf",[\n]"
21:06:59.247 [Test worker] DEBUG com.github.dockerjava.zerodep.shaded.org.apache.hc.client5.http.wire - http-outgoing-1 >> "      "alias" : "direct grant",[\n]"
21:06:59.247 [Test worker] DEBUG com.github.dockerjava.zerodep.shaded.org.apache.hc.client5.http.wire - http-outgoing-1 >> "      "description" : "OpenID Connect Resource Owner Grant",[\n]"
21:06:59.247 [Test worker] DEBUG com.github.dockerjava.zerodep.shaded.org.apache.hc.client5.http.wire - http-outgoing-1 >> "      "providerId" : "basic-flow",[\n]"
21:06:59.247 [Test worker] DEBUG com.github.dockerjava.zerodep.shaded.org.apache.hc.client5.http.wire - http-outgoing-1 >> "      "topLevel" : true,[\n]"
21:06:59.247 [Test worker] DEBUG com.github.dockerjava.zerodep.shaded.org.apache.hc.client5.http.wire - http-outgoing-1 >> "      "builtIn" : true,[\n]"
21:06:59.247 [Test worker] DEBUG com.github.dockerjava.zerodep.shaded.org.apache.hc.client5.http.wire - http-outgoing-1 >> "      "authenticationExecutions" : [ {[\n]"
21:06:59.247 [Test worker] DEBUG com.github.dockerjava.zerodep.shaded.org.apache.hc.client5.http.wire - http-outgoing-1 >> "        "authenticator" : "direct-grant-validate-username",[\n]"
21:06:59.247 [Test worker] DEBUG com.github.dockerjava.zerodep.shaded.org.apache.hc.client5.http.wire - http-outgoing-1 >> "        "authenticatorFlow" : false,[\n]"
21:06:59.247 [Test worker] DEBUG com.github.dockerjava.zerodep.shaded.org.apache.hc.client5.http.wire - http-outgoing-1 >> "        "requirement" : "REQUIRED",[\n]"
21:06:59.247 [Test worker] DEBUG com.github.dockerjava.zerodep.shaded.org.apache.hc.client5.http.wire - http-outgoing-1 >> "        "priority" : 10,[\n]"
21:06:59.247 [Test worker] DEBUG com.github.dockerjava.zerodep.shaded.org.apache.hc.client5.http.wire - http-outgoing-1 >> "        "autheticatorFlow" : false,[\n]"
21:06:59.247 [Test worker] DEBUG com.github.dockerjava.zerodep.shaded.org.apache.hc.client5.http.wire - http-outgoing-1 >> "        "userSetupAllowed" : false[\n]"
21:06:59.247 [Test worker] DEBUG com.github.dockerjava.zerodep.shaded.org.apache.hc.client5.http.wire - http-outgoing-1 >> "      }, {[\n]"
21:06:59.247 [Test worker] DEBUG com.github.dockerjava.zerodep.shaded.org.apache.hc.client5.http.wire - http-outgoing-1 >> "        "authenticator" : "direct-grant-validate-password",[\n]"
21:06:59.247 [Test worker] DEBUG com.github.dockerjava.zerodep.shaded.org.apache.hc.client5.http.wire - http-outgoing-1 >> "        "authenticatorFlow" : false,[\n]"
21:06:59.247 [Test worker] DEBUG com.github.dockerjava.zerodep.shaded.org.apache.hc.client5.http.wire - http-outgoing-1 >> "        "requirement" : "REQUIRED",[\n]"
21:06:59.247 [Test worker] DEBUG com.github.dockerjava.zerodep.shaded.org.apache.hc.client5.http.wire - http-outgoing-1 >> "        "priority" : 20,[\n]"
21:06:59.247 [Test worker] DEBUG com.github.dockerjava.zerodep.shaded.org.apache.hc.client5.http.wire - http-outgoing-1 >> "        "autheticatorFlow" : false,[\n]"
21:06:59.247 [Test worker] DEBUG com.github.dockerjava.zerodep.shaded.org.apache.hc.client5.http.wire - http-outgoing-1 >> "        "userSetupAllowed" : false[\n]"
21:06:59.247 [Test worker] DEBUG com.github.dockerjava.zerodep.shaded.org.apache.hc.client5.http.wire - http-outgoing-1 >> "      }, {[\n]"
21:06:59.247 [Test worker] DEBUG com.github.dockerjava.zerodep.shaded.org.apache.hc.client5.http.wire - http-outgoing-1 >> "        "authenticatorFlow" : true,[\n]"
21:06:59.247 [Test worker] DEBUG com.github.dockerjava.zerodep.shaded.org.apache.hc.client5.http.wire - http-outgoing-1 >> "        "requirement" : "CONDITIONAL",[\n]"
21:06:59.247 [Test worker] DEBUG com.github.dockerjava.zerodep.shaded.org.apache.hc.client5.http.wire - http-outgoing-1 >> "        "priority" : 30,[\n]"
21:06:59.247 [Test worker] DEBUG com.github.dockerjava.zerodep.shaded.org.apache.hc.client5.http.wire - http-outgoing-1 >> "        "autheticatorFlow" : true,[\n]"
21:06:59.247 [Test worker] DEBUG com.github.dockerjava.zerodep.shaded.org.apache.hc.client5.http.wire - http-outgoing-1 >> "        "flowAlias" : "Direct Grant - Conditional OTP",[\n]"
21:06:59.247 [Test worker] DEBUG com.github.dockerjava.zerodep.shaded.org.apache.hc.client5.http.wire - http-outgoing-1 >> "        "userSetupAllowed" : false[\n]"
21:06:59.247 [Test worker] DEBUG com.github.dockerjava.zerodep.shaded.org.apache.hc.client5.http.wire - http-outgoing-1 >> "      } ][\n]"
21:06:59.247 [Test worker] DEBUG com.github.dockerjava.zerodep.shaded.org.apache.hc.client5.http.wire - http-outgoing-1 >> "    }, {[\n]"
21:06:59.247 [Test worker] DEBUG com.github.dockerjava.zerodep.shaded.org.apache.hc.client5.http.wire - http-outgoing-1 >> "      "id" : "bde6f774-ff3d-45b6-b8b3-9a0ecf513375",[\n]"
21:06:59.247 [Test worker] DEBUG com.github.dockerjava.zerodep.shaded.org.apache.hc.client5.http.wire - http-outgoing-1 >> "      "alias" : "docker auth",[\n]"
21:06:59.247 [Test worker] DEBUG com.github.dockerjava.zerodep.shaded.org.apache.hc.client5.http.wire - http-outgoing-1 >> "      "description" : "Used by Docker clients to authenticate against the IDP",[\n]"
21:06:59.247 [Test worker] DEBUG com.github.dockerjava.zerodep.shaded.org.apache.hc.client5.http.wire - http-outgoing-1 >> "      "providerId" : "basic-flow",[\n]"
21:06:59.247 [Test worker] DEBUG com.github.dockerjava.zerodep.shaded.org.apache.hc.client5.http.wire - http-outgoing-1 >> "      "topLevel" : true,[\n]"
21:06:59.247 [Test worker] DEBUG com.github.dockerjava.zerodep.shaded.org.apache.hc.client5.http.wire - http-outgoing-1 >> "      "builtIn" : true,[\n]"
21:06:59.247 [Test worker] DEBUG com.github.dockerjava.zerodep.shaded.org.apache.hc.client5.http.wire - http-outgoing-1 >> "      "authenticationExecutions" : [ {[\n]"
21:06:59.247 [Test worker] DEBUG com.github.dockerjava.zerodep.shaded.org.apache.hc.client5.http.wire - http-outgoing-1 >> "        "authenticator" : "docker-http-basic-authenticator",[\n]"
21:06:59.247 [Test worker] DEBUG com.github.dockerjava.zerodep.shaded.org.apache.hc.client5.http.wire - http-outgoing-1 >> "        "authenticatorFlow" : false,[\n]"
21:06:59.247 [Test worker] DEBUG com.github.dockerjava.zerodep.shaded.org.apache.hc.client5.http.wire - http-outgoing-1 >> "        "requirement" : "REQUIRED",[\n]"
21:06:59.247 [Test worker] DEBUG com.github.dockerjava.zerodep.shaded.org.apache.hc.client5.http.wire - http-outgoing-1 >> "        "priority" : 10,[\n]"
21:06:59.247 [Test worker] DEBUG com.github.dockerjava.zerodep.shaded.org.apache.hc.client5.http.wire - http-outgoing-1 >> "        "autheticatorFlow" : false,[\n]"
21:06:59.247 [Test worker] DEBUG com.github.dockerjava.zerodep.shaded.org.apache.hc.client5.http.wire - http-outgoing-1 >> "        "userSetupAllowed" : false[\n]"
21:06:59.247 [Test worker] DEBUG com.github.dockerjava.zerodep.shaded.org.apache.hc.client5.http.wire - http-outgoing-1 >> "      } ][\n]"
21:06:59.247 [Test worker] DEBUG com.github.dockerjava.zerodep.shaded.org.apache.hc.client5.http.wire - http-outgoing-1 >> "    }, {[\n]"
21:06:59.247 [Test worker] DEBUG com.github.dockerjava.zerodep.shaded.org.apache.hc.client5.http.wire - http-outgoing-1 >> "      "id" : "d43d9f98-ea10-42c0-ae02-7dac59c35a7d",[\n]"
21:06:59.247 [Test worker] DEBUG com.github.dockerjava.zerodep.shaded.org.apache.hc.client5.http.wire - http-outgoing-1 >> "      "alias" : "first broker login",[\n]"
21:06:59.247 [Test worker] DEBUG com.github.dockerjava.zerodep.shaded.org.apache.hc.client5.http.wire - http-outgoing-1 >> "      "description" : "Actions taken after first broker login with identity provider account, which is not yet linked to any Keycloak account",[\n]"
21:06:59.247 [Test worker] DEBUG com.github.dockerjava.zerodep.shaded.org.apache.hc.client5.http.wire - http-outgoing-1 >> "      "providerId" : "basic-flow",[\n]"
21:06:59.247 [Test worker] DEBUG com.github.dockerjava.zerodep.shaded.org.apache.hc.client5.http.wire - http-outgoing-1 >> "      "topLevel" : true,[\n]"
21:06:59.247 [Test worker] DEBUG com.github.dockerjava.zerodep.shaded.org.apache.hc.client5.http.wire - http-outgoing-1 >> "      "builtIn" : true,[\n]"
21:06:59.247 [Test worker] DEBUG com.github.dockerjava.zerodep.shaded.org.apache.hc.client5.http.wire - http-outgoing-1 >> "      "authenticationExecutions" : [ {[\n]"
21:06:59.247 [Test worker] DEBUG com.github.dockerjava.zerodep.shaded.org.apache.hc.client5.http.wire - http-outgoing-1 >> "        "authenticatorConfig" : "review profile config",[\n]"
21:06:59.247 [Test worker] DEBUG com.github.dockerjava.zerodep.shaded.org.apache.hc.client5.http.wire - http-outgoing-1 >> "        "authenticator" : "idp-review-profile",[\n]"
21:06:59.247 [Test worker] DEBUG com.github.dockerjava.zerodep.shaded.org.apache.hc.client5.http.wire - http-outgoing-1 >> "        "authenticatorFlow" : false,[\n]"
21:06:59.247 [Test worker] DEBUG com.github.dockerjava.zerodep.shaded.org.apache.hc.client5.http.wire - http-outgoing-1 >> "        "requirement" : "REQUIRED",[\n]"
21:06:59.247 [Test worker] DEBUG com.github.dockerjava.zerodep.shaded.org.apache.hc.client5.http.wire - http-outgoing-1 >> "        "priority" : 10,[\n]"
21:06:59.247 [Test worker] DEBUG com.github.dockerjava.zerodep.shaded.org.apache.hc.client5.http.wire - http-outgoing-1 >> "        "autheticatorFlow" : false,[\n]"
21:06:59.247 [Test worker] DEBUG com.github.dockerjava.zerodep.shaded.org.apache.hc.client5.http.wire - http-outgoing-1 >> "        "userSetupAllowed" : false[\n]"
21:06:59.247 [Test worker] DEBUG com.github.dockerjava.zerodep.shaded.org.apache.hc.client5.http.wire - http-outgoing-1 >> "      }, {[\n]"
21:06:59.247 [Test worker] DEBUG com.github.dockerjava.zerodep.shaded.org.apache.hc.client5.http.wire - http-outgoing-1 >> "        "authenticatorFlow" : true,[\n]"
21:06:59.247 [Test worker] DEBUG com.github.dockerjava.zerodep.shaded.org.apache.hc.client5.http.wire - http-outgoing-1 >> "        "requirement" : "REQUIRED",[\n]"
21:06:59.247 [Test worker] DEBUG com.github.dockerjava.zerodep.shaded.org.apache.hc.client5.http.wire - http-outgoing-1 >> "        "priority" : 20,[\n]"
21:06:59.247 [Test worker] DEBUG com.github.dockerjava.zerodep.shaded.org.apache.hc.client5.http.wire - http-outgoing-1 >> "        "autheticatorFlow" : true,[\n]"
21:06:59.247 [Test worker] DEBUG com.github.dockerjava.zerodep.shaded.org.apache.hc.client5.http.wire - http-outgoing-1 >> "        "flowAlias" : "User creation or linking",[\n]"
21:06:59.247 [Test worker] DEBUG com.github.dockerjava.zerodep.shaded.org.apache.hc.client5.http.wire - http-outgoing-1 >> "        "userSetupAllowed" : false[\n]"
21:06:59.247 [Test worker] DEBUG com.github.dockerjava.zerodep.shaded.org.apache.hc.client5.http.wire - http-outgoing-1 >> "      } ][\n]"
21:06:59.247 [Test worker] DEBUG com.github.dockerjava.zerodep.shaded.org.apache.hc.client5.http.wire - http-outgoing-1 >> "    }, {[\n]"
21:06:59.247 [Test worker] DEBUG com.github.dockerjava.zerodep.shaded.org.apache.hc.client5.http.wire - http-outgoing-1 >> "      "id" : "e7296237-b48d-4da9-8f23-4e0a66f112ad",[\n]"
21:06:59.247 [Test worker] DEBUG com.github.dockerjava.zerodep.shaded.org.apache.hc.client5.http.wire - http-outgoing-1 >> "      "alias" : "forms",[\n]"
21:06:59.247 [Test worker] DEBUG com.github.dockerjava.zerodep.shaded.org.apache.hc.client5.http.wire - http-outgoing-1 >> "      "description" : "Username, password, otp and other auth forms.",[\n]"
21:06:59.247 [Test worker] DEBUG com.github.dockerjava.zerodep.shaded.org.apache.hc.client5.http.wire - http-outgoing-1 >> "      "providerId" : "basic-flow",[\n]"
21:06:59.247 [Test worker] DEBUG com.github.dockerjava.zerodep.shaded.org.apache.hc.client5.http.wire - http-outgoing-1 >> "      "topLevel" : false,[\n]"
21:06:59.247 [Test worker] DEBUG com.github.dockerjava.zerodep.shaded.org.apache.hc.client5.http.wire - http-outgoing-1 >> "      "builtIn" : true,[\n]"
21:06:59.247 [Test worker] DEBUG com.github.dockerjava.zerodep.shaded.org.apache.hc.client5.http.wire - http-outgoing-1 >> "      "authenticationExecutions" : [ {[\n]"
21:06:59.247 [Test worker] DEBUG com.github.dockerjava.zerodep.shaded.org.apache.hc.client5.http.wire - http-outgoing-1 >> "        "authenticator" : "auth-username-password-form",[\n]"
21:06:59.247 [Test worker] DEBUG com.github.dockerjava.zerodep.shaded.org.apache.hc.client5.http.wire - http-outgoing-1 >> "        "authenticatorFlow" : false,[\n]"
21:06:59.247 [Test worker] DEBUG com.github.dockerjava.zerodep.shaded.org.apache.hc.client5.http.wire - http-outgoing-1 >> "        "requirement" : "REQUIRED",[\n]"
21:06:59.247 [Test worker] DEBUG com.github.dockerjava.zerodep.shaded.org.apache.hc.client5.http.wire - http-outgoing-1 >> "        "priority" : 10,[\n]"
21:06:59.247 [Test worker] DEBUG com.github.dockerjava.zerodep.shaded.org.apache.hc.client5.http.wire - http-outgoing-1 >> "        "autheticatorFlow" : false,[\n]"
21:06:59.247 [Test worker] DEBUG com.github.dockerjava.zerodep.shaded.org.apache.hc.client5.http.wire - http-outgoing-1 >> "        "userSetupAllowed" : false[\n]"
21:06:59.247 [Test worker] DEBUG com.github.dockerjava.zerodep.shaded.org.apache.hc.client5.http.wire - http-outgoing-1 >> "      }, {[\n]"
21:06:59.247 [Test worker] DEBUG com.github.dockerjava.zerodep.shaded.org.apache.hc.client5.http.wire - http-outgoing-1 >> "        "authenticatorFlow" : true,[\n]"
21:06:59.247 [Test worker] DEBUG com.github.dockerjava.zerodep.shaded.org.apache.hc.client5.http.wire - http-outgoing-1 >> "        "requirement" : "CONDITIONAL",[\n]"
21:06:59.247 [Test worker] DEBUG com.github.dockerjava.zerodep.shaded.org.apache.hc.client5.http.wire - http-outgoing-1 >> "        "priority" : 20,[\n]"
21:06:59.247 [Test worker] DEBUG com.github.dockerjava.zerodep.shaded.org.apache.hc.client5.http.wire - http-outgoing-1 >> "        "autheticatorFlow" : true,[\n]"
21:06:59.247 [Test worker] DEBUG com.github.dockerjava.zerodep.shaded.org.apache.hc.client5.http.wire - http-outgoing-1 >> "        "flowAlias" : "Browser - Conditional OTP",[\n]"
21:06:59.247 [Test worker] DEBUG com.github.dockerjava.zerodep.shaded.org.apache.hc.client5.http.wire - http-outgoing-1 >> "        "userSetupAllowed" : false[\n]"
21:06:59.247 [Test worker] DEBUG com.github.dockerjava.zerodep.shaded.org.apache.hc.client5.http.wire - http-outgoing-1 >> "      } ][\n]"
21:06:59.247 [Test worker] DEBUG com.github.dockerjava.zerodep.shaded.org.apache.hc.client5.http.wire - http-outgoing-1 >> "    }, {[\n]"
21:06:59.248 [Test worker] DEBUG com.github.dockerjava.zerodep.shaded.org.apache.hc.client5.http.wire - http-outgoing-1 >> "      "id" : "e6565619-da1f-4c24-ad4c-9608b700a585",[\n]"
21:06:59.248 [Test worker] DEBUG com.github.dockerjava.zerodep.shaded.org.apache.hc.client5.http.wire - http-outgoing-1 >> "      "alias" : "http challenge",[\n]"
21:06:59.248 [Test worker] DEBUG com.github.dockerjava.zerodep.shaded.org.apache.hc.client5.http.wire - http-outgoing-1 >> "      "description" : "An authentication flow based on challenge-response HTTP Authentication Schemes",[\n]"
21:06:59.248 [Test worker] DEBUG com.github.dockerjava.zerodep.shaded.org.apache.hc.client5.http.wire - http-outgoing-1 >> "      "providerId" : "basic-flow",[\n]"
21:06:59.248 [Test worker] DEBUG com.github.dockerjava.zerodep.shaded.org.apache.hc.client5.http.wire - http-outgoing-1 >> "      "topLevel" : true,[\n]"
21:06:59.248 [Test worker] DEBUG com.github.dockerjava.zerodep.shaded.org.apache.hc.client5.http.wire - http-outgoing-1 >> "      "builtIn" : true,[\n]"
21:06:59.248 [Test worker] DEBUG com.github.dockerjava.zerodep.shaded.org.apache.hc.client5.http.wire - http-outgoing-1 >> "      "authenticationExecutions" : [ {[\n]"
21:06:59.248 [Test worker] DEBUG com.github.dockerjava.zerodep.shaded.org.apache.hc.client5.http.wire - http-outgoing-1 >> "        "authenticator" : "no-cookie-redirect",[\n]"
21:06:59.248 [Test worker] DEBUG com.github.dockerjava.zerodep.shaded.org.apache.hc.client5.http.wire - http-outgoing-1 >> "        "aut[\r][\n]"
21:06:59.248 [Test worker] DEBUG com.github.dockerjava.zerodep.shaded.org.apache.hc.client5.http.wire - http-outgoing-1 >> "1000[\r][\n]"
21:06:59.248 [Test worker] DEBUG com.github.dockerjava.zerodep.shaded.org.apache.hc.client5.http.wire - http-outgoing-1 >> "henticatorFlow" : false,[\n]"
21:06:59.248 [Test worker] DEBUG com.github.dockerjava.zerodep.shaded.org.apache.hc.client5.http.wire - http-outgoing-1 >> "        "requirement" : "REQUIRED",[\n]"
21:06:59.248 [Test worker] DEBUG com.github.dockerjava.zerodep.shaded.org.apache.hc.client5.http.wire - http-outgoing-1 >> "        "priority" : 10,[\n]"
21:06:59.248 [Test worker] DEBUG com.github.dockerjava.zerodep.shaded.org.apache.hc.client5.http.wire - http-outgoing-1 >> "        "autheticatorFlow" : false,[\n]"
21:06:59.248 [Test worker] DEBUG com.github.dockerjava.zerodep.shaded.org.apache.hc.client5.http.wire - http-outgoing-1 >> "        "userSetupAllowed" : false[\n]"
21:06:59.248 [Test worker] DEBUG com.github.dockerjava.zerodep.shaded.org.apache.hc.client5.http.wire - http-outgoing-1 >> "      }, {[\n]"
21:06:59.248 [Test worker] DEBUG com.github.dockerjava.zerodep.shaded.org.apache.hc.client5.http.wire - http-outgoing-1 >> "        "authenticatorFlow" : true,[\n]"
21:06:59.248 [Test worker] DEBUG com.github.dockerjava.zerodep.shaded.org.apache.hc.client5.http.wire - http-outgoing-1 >> "        "requirement" : "REQUIRED",[\n]"
21:06:59.248 [Test worker] DEBUG com.github.dockerjava.zerodep.shaded.org.apache.hc.client5.http.wire - http-outgoing-1 >> "        "priority" : 20,[\n]"
21:06:59.248 [Test worker] DEBUG com.github.dockerjava.zerodep.shaded.org.apache.hc.client5.http.wire - http-outgoing-1 >> "        "autheticatorFlow" : true,[\n]"
21:06:59.248 [Test worker] DEBUG com.github.dockerjava.zerodep.shaded.org.apache.hc.client5.http.wire - http-outgoing-1 >> "        "flowAlias" : "Authentication Options",[\n]"
21:06:59.248 [Test worker] DEBUG com.github.dockerjava.zerodep.shaded.org.apache.hc.client5.http.wire - http-outgoing-1 >> "        "userSetupAllowed" : false[\n]"
21:06:59.248 [Test worker] DEBUG com.github.dockerjava.zerodep.shaded.org.apache.hc.client5.http.wire - http-outgoing-1 >> "      } ][\n]"
21:06:59.248 [Test worker] DEBUG com.github.dockerjava.zerodep.shaded.org.apache.hc.client5.http.wire - http-outgoing-1 >> "    }, {[\n]"
21:06:59.248 [Test worker] DEBUG com.github.dockerjava.zerodep.shaded.org.apache.hc.client5.http.wire - http-outgoing-1 >> "      "id" : "de19b2ae-9ed4-4557-8da7-cfb3170cf13a",[\n]"
21:06:59.248 [Test worker] DEBUG com.github.dockerjava.zerodep.shaded.org.apache.hc.client5.http.wire - http-outgoing-1 >> "      "alias" : "registration",[\n]"
21:06:59.248 [Test worker] DEBUG com.github.dockerjava.zerodep.shaded.org.apache.hc.client5.http.wire - http-outgoing-1 >> "      "description" : "registration flow",[\n]"
21:06:59.248 [Test worker] DEBUG com.github.dockerjava.zerodep.shaded.org.apache.hc.client5.http.wire - http-outgoing-1 >> "      "providerId" : "basic-flow",[\n]"
21:06:59.248 [Test worker] DEBUG com.github.dockerjava.zerodep.shaded.org.apache.hc.client5.http.wire - http-outgoing-1 >> "      "topLevel" : true,[\n]"
21:06:59.248 [Test worker] DEBUG com.github.dockerjava.zerodep.shaded.org.apache.hc.client5.http.wire - http-outgoing-1 >> "      "builtIn" : true,[\n]"
21:06:59.248 [Test worker] DEBUG com.github.dockerjava.zerodep.shaded.org.apache.hc.client5.http.wire - http-outgoing-1 >> "      "authenticationExecutions" : [ {[\n]"
21:06:59.248 [Test worker] DEBUG com.github.dockerjava.zerodep.shaded.org.apache.hc.client5.http.wire - http-outgoing-1 >> "        "authenticator" : "registration-page-form",[\n]"
21:06:59.248 [Test worker] DEBUG com.github.dockerjava.zerodep.shaded.org.apache.hc.client5.http.wire - http-outgoing-1 >> "        "authenticatorFlow" : true,[\n]"
21:06:59.248 [Test worker] DEBUG com.github.dockerjava.zerodep.shaded.org.apache.hc.client5.http.wire - http-outgoing-1 >> "        "requirement" : "REQUIRED",[\n]"
21:06:59.248 [Test worker] DEBUG com.github.dockerjava.zerodep.shaded.org.apache.hc.client5.http.wire - http-outgoing-1 >> "        "priority" : 10,[\n]"
21:06:59.248 [Test worker] DEBUG com.github.dockerjava.zerodep.shaded.org.apache.hc.client5.http.wire - http-outgoing-1 >> "        "autheticatorFlow" : true,[\n]"
21:06:59.248 [Test worker] DEBUG com.github.dockerjava.zerodep.shaded.org.apache.hc.client5.http.wire - http-outgoing-1 >> "        "flowAlias" : "registration form",[\n]"
21:06:59.248 [Test worker] DEBUG com.github.dockerjava.zerodep.shaded.org.apache.hc.client5.http.wire - http-outgoing-1 >> "        "userSetupAllowed" : false[\n]"
21:06:59.248 [Test worker] DEBUG com.github.dockerjava.zerodep.shaded.org.apache.hc.client5.http.wire - http-outgoing-1 >> "      } ][\n]"
21:06:59.248 [Test worker] DEBUG com.github.dockerjava.zerodep.shaded.org.apache.hc.client5.http.wire - http-outgoing-1 >> "    }, {[\n]"
21:06:59.248 [Test worker] DEBUG com.github.dockerjava.zerodep.shaded.org.apache.hc.client5.http.wire - http-outgoing-1 >> "      "id" : "5b72e8e3-eb41-4f79-8fd6-e99d3c8656d5",[\n]"
21:06:59.248 [Test worker] DEBUG com.github.dockerjava.zerodep.shaded.org.apache.hc.client5.http.wire - http-outgoing-1 >> "      "alias" : "registration form",[\n]"
21:06:59.248 [Test worker] DEBUG com.github.dockerjava.zerodep.shaded.org.apache.hc.client5.http.wire - http-outgoing-1 >> "      "description" : "registration form",[\n]"
21:06:59.248 [Test worker] DEBUG com.github.dockerjava.zerodep.shaded.org.apache.hc.client5.http.wire - http-outgoing-1 >> "      "providerId" : "form-flow",[\n]"
21:06:59.248 [Test worker] DEBUG com.github.dockerjava.zerodep.shaded.org.apache.hc.client5.http.wire - http-outgoing-1 >> "      "topLevel" : false,[\n]"
21:06:59.248 [Test worker] DEBUG com.github.dockerjava.zerodep.shaded.org.apache.hc.client5.http.wire - http-outgoing-1 >> "      "builtIn" : true,[\n]"
21:06:59.248 [Test worker] DEBUG com.github.dockerjava.zerodep.shaded.org.apache.hc.client5.http.wire - http-outgoing-1 >> "      "authenticationExecutions" : [ {[\n]"
21:06:59.248 [Test worker] DEBUG com.github.dockerjava.zerodep.shaded.org.apache.hc.client5.http.wire - http-outgoing-1 >> "        "authenticator" : "registration-user-creation",[\n]"
21:06:59.248 [Test worker] DEBUG com.github.dockerjava.zerodep.shaded.org.apache.hc.client5.http.wire - http-outgoing-1 >> "        "authenticatorFlow" : false,[\n]"
21:06:59.248 [Test worker] DEBUG com.github.dockerjava.zerodep.shaded.org.apache.hc.client5.http.wire - http-outgoing-1 >> "        "requirement" : "REQUIRED",[\n]"
21:06:59.248 [Test worker] DEBUG com.github.dockerjava.zerodep.shaded.org.apache.hc.client5.http.wire - http-outgoing-1 >> "        "priority" : 20,[\n]"
21:06:59.248 [Test worker] DEBUG com.github.dockerjava.zerodep.shaded.org.apache.hc.client5.http.wire - http-outgoing-1 >> "        "autheticatorFlow" : false,[\n]"
21:06:59.248 [Test worker] DEBUG com.github.dockerjava.zerodep.shaded.org.apache.hc.client5.http.wire - http-outgoing-1 >> "        "userSetupAllowed" : false[\n]"
21:06:59.248 [Test worker] DEBUG com.github.dockerjava.zerodep.shaded.org.apache.hc.client5.http.wire - http-outgoing-1 >> "      }, {[\n]"
21:06:59.248 [Test worker] DEBUG com.github.dockerjava.zerodep.shaded.org.apache.hc.client5.http.wire - http-outgoing-1 >> "        "authenticator" : "registration-profile-action",[\n]"
21:06:59.248 [Test worker] DEBUG com.github.dockerjava.zerodep.shaded.org.apache.hc.client5.http.wire - http-outgoing-1 >> "        "authenticatorFlow" : false,[\n]"
21:06:59.248 [Test worker] DEBUG com.github.dockerjava.zerodep.shaded.org.apache.hc.client5.http.wire - http-outgoing-1 >> "        "requirement" : "REQUIRED",[\n]"
21:06:59.248 [Test worker] DEBUG com.github.dockerjava.zerodep.shaded.org.apache.hc.client5.http.wire - http-outgoing-1 >> "        "priority" : 40,[\n]"
21:06:59.248 [Test worker] DEBUG com.github.dockerjava.zerodep.shaded.org.apache.hc.client5.http.wire - http-outgoing-1 >> "        "autheticatorFlow" : false,[\n]"
21:06:59.248 [Test worker] DEBUG com.github.dockerjava.zerodep.shaded.org.apache.hc.client5.http.wire - http-outgoing-1 >> "        "userSetupAllowed" : false[\n]"
21:06:59.248 [Test worker] DEBUG com.github.dockerjava.zerodep.shaded.org.apache.hc.client5.http.wire - http-outgoing-1 >> "      }, {[\n]"
21:06:59.248 [Test worker] DEBUG com.github.dockerjava.zerodep.shaded.org.apache.hc.client5.http.wire - http-outgoing-1 >> "        "authenticator" : "registration-password-action",[\n]"
21:06:59.248 [Test worker] DEBUG com.github.dockerjava.zerodep.shaded.org.apache.hc.client5.http.wire - http-outgoing-1 >> "        "authenticatorFlow" : false,[\n]"
21:06:59.248 [Test worker] DEBUG com.github.dockerjava.zerodep.shaded.org.apache.hc.client5.http.wire - http-outgoing-1 >> "        "requirement" : "REQUIRED",[\n]"
21:06:59.248 [Test worker] DEBUG com.github.dockerjava.zerodep.shaded.org.apache.hc.client5.http.wire - http-outgoing-1 >> "        "priority" : 50,[\n]"
21:06:59.248 [Test worker] DEBUG com.github.dockerjava.zerodep.shaded.org.apache.hc.client5.http.wire - http-outgoing-1 >> "        "autheticatorFlow" : false,[\n]"
21:06:59.248 [Test worker] DEBUG com.github.dockerjava.zerodep.shaded.org.apache.hc.client5.http.wire - http-outgoing-1 >> "        "userSetupAllowed" : false[\n]"
21:06:59.248 [Test worker] DEBUG com.github.dockerjava.zerodep.shaded.org.apache.hc.client5.http.wire - http-outgoing-1 >> "      }, {[\n]"
21:06:59.248 [Test worker] DEBUG com.github.dockerjava.zerodep.shaded.org.apache.hc.client5.http.wire - http-outgoing-1 >> "        "authenticator" : "registration-recaptcha-action",[\n]"
21:06:59.248 [Test worker] DEBUG com.github.dockerjava.zerodep.shaded.org.apache.hc.client5.http.wire - http-outgoing-1 >> "        "authenticatorFlow" : false,[\n]"
21:06:59.248 [Test worker] DEBUG com.github.dockerjava.zerodep.shaded.org.apache.hc.client5.http.wire - http-outgoing-1 >> "        "requirement" : "DISABLED",[\n]"
21:06:59.248 [Test worker] DEBUG com.github.dockerjava.zerodep.shaded.org.apache.hc.client5.http.wire - http-outgoing-1 >> "        "priority" : 60,[\n]"
21:06:59.248 [Test worker] DEBUG com.github.dockerjava.zerodep.shaded.org.apache.hc.client5.http.wire - http-outgoing-1 >> "        "autheticatorFlow" : false,[\n]"
21:06:59.248 [Test worker] DEBUG com.github.dockerjava.zerodep.shaded.org.apache.hc.client5.http.wire - http-outgoing-1 >> "        "userSetupAllowed" : false[\n]"
21:06:59.248 [Test worker] DEBUG com.github.dockerjava.zerodep.shaded.org.apache.hc.client5.http.wire - http-outgoing-1 >> "      } ][\n]"
21:06:59.248 [Test worker] DEBUG com.github.dockerjava.zerodep.shaded.org.apache.hc.client5.http.wire - http-outgoing-1 >> "    }, {[\n]"
21:06:59.248 [Test worker] DEBUG com.github.dockerjava.zerodep.shaded.org.apache.hc.client5.http.wire - http-outgoing-1 >> "      "id" : "1097368b-09c4-4579-88cd-02f83a36c511",[\n]"
21:06:59.248 [Test worker] DEBUG com.github.dockerjava.zerodep.shaded.org.apache.hc.client5.http.wire - http-outgoing-1 >> "      "alias" : "reset credentials",[\n]"
21:06:59.248 [Test worker] DEBUG com.github.dockerjava.zerodep.shaded.org.apache.hc.client5.http.wire - http-outgoing-1 >> "      "description" : "Reset credentials for a user if they forgot their password or something",[\n]"
21:06:59.248 [Test worker] DEBUG com.github.dockerjava.zerodep.shaded.org.apache.hc.client5.http.wire - http-outgoing-1 >> "      "providerId" : "basic-flow",[\n]"
21:06:59.248 [Test worker] DEBUG com.github.dockerjava.zerodep.shaded.org.apache.hc.client5.http.wire - http-outgoing-1 >> "      "topLevel" : true,[\n]"
21:06:59.248 [Test worker] DEBUG com.github.dockerjava.zerodep.shaded.org.apache.hc.client5.http.wire - http-outgoing-1 >> "      "builtIn" : true,[\n]"
21:06:59.248 [Test worker] DEBUG com.github.dockerjava.zerodep.shaded.org.apache.hc.client5.http.wire - http-outgoing-1 >> "      "authenticationExecutions" : [ {[\n]"
21:06:59.248 [Test worker] DEBUG com.github.dockerjava.zerodep.shaded.org.apache.hc.client5.http.wire - http-outgoing-1 >> "        "authenticator" : "reset-credentials-choose-user",[\n]"
21:06:59.248 [Test worker] DEBUG com.github.dockerjava.zerodep.shaded.org.apache.hc.client5.http.wire - http-outgoing-1 >> "        "authenticatorFlow" : false,[\n]"
21:06:59.248 [Test worker] DEBUG com.github.dockerjava.zerodep.shaded.org.apache.hc.client5.http.wire - http-outgoing-1 >> "        "requirement" : "REQUIRED",[\n]"
21:06:59.248 [Test worker] DEBUG com.github.dockerjava.zerodep.shaded.org.apache.hc.client5.http.wire - http-outgoing-1 >> "        "priority" : 10,[\n]"
21:06:59.248 [Test worker] DEBUG com.github.dockerjava.zerodep.shaded.org.apache.hc.client5.http.wire - http-outgoing-1 >> "        "autheticatorFlow" : false,[\n]"
21:06:59.248 [Test worker] DEBUG com.github.dockerjava.zerodep.shaded.org.apache.hc.client5.http.wire - http-outgoing-1 >> "        "userSetupAllowed" : false[\n]"
21:06:59.248 [Test worker] DEBUG com.github.dockerjava.zerodep.shaded.org.apache.hc.client5.http.wire - http-outgoing-1 >> "      }, {[\n]"
21:06:59.248 [Test worker] DEBUG com.github.dockerjava.zerodep.shaded.org.apache.hc.client5.http.wire - http-outgoing-1 >> "        "authenticator" : "reset-credential-email",[\n]"
21:06:59.248 [Test worker] DEBUG com.github.dockerjava.zerodep.shaded.org.apache.hc.client5.http.wire - http-outgoing-1 >> "        "authenticatorFlow" : false,[\n]"
21:06:59.248 [Test worker] DEBUG com.github.dockerjava.zerodep.shaded.org.apache.hc.client5.http.wire - http-outgoing-1 >> "        "requirement" : "REQUIRED",[\n]"
21:06:59.248 [Test worker] DEBUG com.github.dockerjava.zerodep.shaded.org.apache.hc.client5.http.wire - http-outgoing-1 >> "        "priority" : 20,[\n]"
21:06:59.248 [Test worker] DEBUG com.github.dockerjava.zerodep.shaded.org.apache.hc.client5.http.wire - http-outgoing-1 >> "        "autheticatorFlow" : false,[\n]"
21:06:59.248 [Test worker] DEBUG com.github.dockerjava.zerodep.shaded.org.apache.hc.client5.http.wire - http-outgoing-1 >> "        "userSetupAllowed" : false[\n]"
21:06:59.248 [Test worker] DEBUG com.github.dockerjava.zerodep.shaded.org.apache.hc.client5.http.wire - http-outgoing-1 >> "      }, {[\n]"
21:06:59.248 [Test worker] DEBUG com.github.dockerjava.zerodep.shaded.org.apache.hc.client5.http.wire - http-outgoing-1 >> "        "authenticator" : "reset-password",[\n]"
21:06:59.248 [Test worker] DEBUG com.github.dockerjava.zerodep.shaded.org.apache.hc.client5.http.wire - http-outgoing-1 >> "        "authenticatorFlow" : false,[\n]"
21:06:59.248 [Test worker] DEBUG com.github.dockerjava.zerodep.shaded.org.apache.hc.client5.http.wire - http-outgoing-1 >> "        "requirement" : "REQUIRED",[\n]"
21:06:59.248 [Test worker] DEBUG com.github.dockerjava.zerodep.shaded.org.apache.hc.client5.http.wire - http-outgoing-1 >> "        "priority" : 30,[\n]"
21:06:59.248 [Test worker] DEBUG com.github.dockerjava.zerodep.shaded.org.apache.hc.client5.http.wire - http-outgoing-1 >> "        "autheticatorFlow" : false,[\n]"
21:06:59.248 [Test worker] DEBUG com.github.dockerjava.zerodep.shaded.org.apache.hc.client5.http.wire - http-outgoing-1 >> "        "userSetupAllowed" : false[\n]"
21:06:59.248 [Test worker] DEBUG com.github.dockerjava.zerodep.shaded.org.apache.hc.client5.http.wire - http-outgoing-1 >> "      }, {[\n]"
21:06:59.248 [Test worker] DEBUG com.github.dockerjava.zerodep.shaded.org.apache.hc.client5.http.wire - http-outgoing-1 >> "        "authenticatorFlow" : true,[\n]"
21:06:59.248 [Test worker] DEBUG com.github.dockerjava.zerodep.shaded.org.apache.hc.client5.http.wire - http-outgoing-1 >> "        "requirement" : "CONDITIONAL",[\n]"
21:06:59.248 [Test worker] DEBUG com.github.dockerjava.zerodep.shaded.org.apache.hc.client5.http.wire - http-outgoing-1 >> "        "priority" : 40,[\n]"
21:06:59.248 [Test worker] DEBUG com.github.dockerjava.zerodep.shaded.org.apache.hc.client5.http.wire - http-outgoing-1 >> "        "autheticatorFlow" : true,[\n]"
21:06:59.248 [Test worker] DEBUG com.github.dockerjava.zerodep.shaded.org.apache.hc.client5.http.wire - http-outgoing-1 >> "        "flowAlias" : "Reset - Conditional OTP",[\n]"
21:06:59.248 [Test worker] DEBUG com.github.dockerjava.zerodep.shaded.org.apache.hc.client5.http.wire - http-outgoing-1 >> "        "userSetupAllowed" : false[\n]"
21:06:59.248 [Test worker] DEBUG com.github.dockerjava.zerodep.shaded.org.apache.hc.client5.http.wire - http-outgoing-1 >> "      } ][\n]"
21:06:59.248 [Test worker] DEBUG com.github.dockerjava.zerodep.shaded.org.apache.hc.client5.http.wire - http-outgoing-1 >> "    }, {[\n]"
21:06:59.248 [Test worker] DEBUG com.github.dockerjava.zerodep.shaded.org.apache.hc.client5.http.wire - http-outgoing-1 >> "      "id" : "2986add7-a5ad-483b-9b92-8f851c17fd8f",[\n]"
21:06:59.248 [Test worker] DEBUG com.github.dockerjava.zerodep.shaded.org.apache.hc.client5.http.wire - http-outgoing-1 >> "      "alias" : "saml ecp",[\n]"
21:06:59.248 [Test worker] DEBUG com.github.dockerjava.zerodep.shaded.org.apache.hc.client5.http.wire - http-outgoing-1 >> "      "description" : "SAML ECP Profile Authentication Flow",[\n]"
21:06:59.248 [Test worker] DEBUG com.github.dockerjava.zerodep.shaded.org.apache.hc.client5.http.wire - http-outgoing-1 >> "      "providerId" : "basic-flow",[\n]"
21:06:59.248 [Test worker] DEBUG com.github.dockerjava.zerodep.shaded.org.apache.hc.client5.http.wire - http-outgoing-1 >> "      "topLevel" : true,[\n]"
21:06:59.248 [Test worker] DEBUG com.github.dockerjava.zerodep.shaded.org.apache.hc.client5.http.wire - http-outgoing-1 >> "      "builtIn" : true,[\n]"
21:06:59.248 [Test worker] DEBUG com.github.dockerjava.zerodep.shaded.org.apache.hc.client5.http.wire - http-outgoing-1 >> "      "authenticationExecutions" : [ {[\n]"
21:06:59.248 [Test worker] DEBUG com.github.dockerjava.zerodep.shaded.org.apache.hc.client5.http.wire - http-outgoing-1 >> "        "authenticator" : "http-basic-authenticator",[\n]"
21:06:59.248 [Test worker] DEBUG com.github.dockerjava.zerodep.shaded.org.apache.hc.client5.http.wire - http-outgoing-1 >> "        "authenticatorFlow" : false,[\n]"
21:06:59.248 [Test worker] DEBUG com.github.dockerjava.zerodep.shaded.org.apache.hc.client5.http.wire - http-outgoing-1 >> "        "requirement" : "REQUIRED",[\n]"
21:06:59.248 [Test worker] DEBUG com.github.dockerjava.zerodep.shaded.org.apache.hc.client5.http.wire - http-outgoing-1 >> "        "priority" : 10,[\n]"
21:06:59.248 [Test worker] DEBUG com.github.dockerjava.zerodep.shaded.org.apache.hc.client5.http.wire - http-outgoing-1 >> "        "autheticatorFlow" : false,[\n]"
21:06:59.248 [Test worker] DEBUG com.github.dockerjava.zerodep.shaded.org.apache.hc.client5.http.wire - http-outgoing-1 >> "        "userSetupAllowed" : false[\n]"
21:06:59.248 [Test worker] DEBUG com.github.dockerjava.zerodep.shaded.org.apache.hc.client5.http.wire - http-outgoing-1 >> "      } ][\n]"
21:06:59.248 [Test worker] DEBUG com.github.dockerjava.zerodep.shaded.org.apache.hc.client5.http.wire - http-outgoing-1 >> "    } ],[\n]"
21:06:59.248 [Test worker] DEBUG com.github.dockerjava.zerodep.shaded.org.apache.hc.client5.http.wire - http-outgoing-1 >> "    "authenticatorConfig" : [ {[\n]"
21:06:59.248 [Test worker] DEBUG com.github.dockerjava.zerodep.shaded.org.apache.hc.client5.http.wire - http-outgoing-1 >> "      "id" : "55165e2b-4890-422f-88c9-1775861e9d9a",[\n]"
21:06:59.248 [Test worker] DEBUG com.github.dockerjava.zerodep.shaded.org.apache.hc.client5.http.wire - http-outgoing-1 >> "      "alias" : "create unique user config",[\n]"
21:06:59.248 [Test worker] DEBUG com.github.dockerjava.zerodep.shaded.org.apache.hc.client5.http.wire - http-outgoing-1 >> "      "config" : {[\n]"
21:06:59.248 [Test worker] DEBUG com.github.dockerjava.zerodep.shaded.org.apache.hc.client5.http.wire - http-outgoing-1 >> "        "require.password.update.after.registrat[\r][\n]"
21:06:59.248 [Test worker] DEBUG com.github.dockerjava.zerodep.shaded.org.apache.hc.client5.http.wire - http-outgoing-1 >> "1000[\r][\n]"
21:06:59.248 [Test worker] DEBUG com.github.dockerjava.zerodep.shaded.org.apache.hc.client5.http.wire - http-outgoing-1 >> "ion" : "false"[\n]"
21:06:59.248 [Test worker] DEBUG com.github.dockerjava.zerodep.shaded.org.apache.hc.client5.http.wire - http-outgoing-1 >> "      }[\n]"
21:06:59.248 [Test worker] DEBUG com.github.dockerjava.zerodep.shaded.org.apache.hc.client5.http.wire - http-outgoing-1 >> "    }, {[\n]"
21:06:59.248 [Test worker] DEBUG com.github.dockerjava.zerodep.shaded.org.apache.hc.client5.http.wire - http-outgoing-1 >> "      "id" : "211e30a2-e5c7-4d0c-8cbe-16f439c35f09",[\n]"
21:06:59.248 [Test worker] DEBUG com.github.dockerjava.zerodep.shaded.org.apache.hc.client5.http.wire - http-outgoing-1 >> "      "alias" : "review profile config",[\n]"
21:06:59.248 [Test worker] DEBUG com.github.dockerjava.zerodep.shaded.org.apache.hc.client5.http.wire - http-outgoing-1 >> "      "config" : {[\n]"
21:06:59.248 [Test worker] DEBUG com.github.dockerjava.zerodep.shaded.org.apache.hc.client5.http.wire - http-outgoing-1 >> "        "update.profile.on.first.login" : "missing"[\n]"
21:06:59.248 [Test worker] DEBUG com.github.dockerjava.zerodep.shaded.org.apache.hc.client5.http.wire - http-outgoing-1 >> "      }[\n]"
21:06:59.248 [Test worker] DEBUG com.github.dockerjava.zerodep.shaded.org.apache.hc.client5.http.wire - http-outgoing-1 >> "    } ],[\n]"
21:06:59.248 [Test worker] DEBUG com.github.dockerjava.zerodep.shaded.org.apache.hc.client5.http.wire - http-outgoing-1 >> "    "requiredActions" : [ {[\n]"
21:06:59.248 [Test worker] DEBUG com.github.dockerjava.zerodep.shaded.org.apache.hc.client5.http.wire - http-outgoing-1 >> "      "alias" : "CONFIGURE_TOTP",[\n]"
21:06:59.248 [Test worker] DEBUG com.github.dockerjava.zerodep.shaded.org.apache.hc.client5.http.wire - http-outgoing-1 >> "      "name" : "Configure OTP",[\n]"
21:06:59.248 [Test worker] DEBUG com.github.dockerjava.zerodep.shaded.org.apache.hc.client5.http.wire - http-outgoing-1 >> "      "providerId" : "CONFIGURE_TOTP",[\n]"
21:06:59.248 [Test worker] DEBUG com.github.dockerjava.zerodep.shaded.org.apache.hc.client5.http.wire - http-outgoing-1 >> "      "enabled" : true,[\n]"
21:06:59.248 [Test worker] DEBUG com.github.dockerjava.zerodep.shaded.org.apache.hc.client5.http.wire - http-outgoing-1 >> "      "defaultAction" : false,[\n]"
21:06:59.248 [Test worker] DEBUG com.github.dockerjava.zerodep.shaded.org.apache.hc.client5.http.wire - http-outgoing-1 >> "      "priority" : 10,[\n]"
21:06:59.248 [Test worker] DEBUG com.github.dockerjava.zerodep.shaded.org.apache.hc.client5.http.wire - http-outgoing-1 >> "      "config" : { }[\n]"
21:06:59.248 [Test worker] DEBUG com.github.dockerjava.zerodep.shaded.org.apache.hc.client5.http.wire - http-outgoing-1 >> "    }, {[\n]"
21:06:59.248 [Test worker] DEBUG com.github.dockerjava.zerodep.shaded.org.apache.hc.client5.http.wire - http-outgoing-1 >> "      "alias" : "terms_and_conditions",[\n]"
21:06:59.248 [Test worker] DEBUG com.github.dockerjava.zerodep.shaded.org.apache.hc.client5.http.wire - http-outgoing-1 >> "      "name" : "Terms and Conditions",[\n]"
21:06:59.248 [Test worker] DEBUG com.github.dockerjava.zerodep.shaded.org.apache.hc.client5.http.wire - http-outgoing-1 >> "      "providerId" : "terms_and_conditions",[\n]"
21:06:59.248 [Test worker] DEBUG com.github.dockerjava.zerodep.shaded.org.apache.hc.client5.http.wire - http-outgoing-1 >> "      "enabled" : false,[\n]"
21:06:59.248 [Test worker] DEBUG com.github.dockerjava.zerodep.shaded.org.apache.hc.client5.http.wire - http-outgoing-1 >> "      "defaultAction" : false,[\n]"
21:06:59.248 [Test worker] DEBUG com.github.dockerjava.zerodep.shaded.org.apache.hc.client5.http.wire - http-outgoing-1 >> "      "priority" : 20,[\n]"
21:06:59.248 [Test worker] DEBUG com.github.dockerjava.zerodep.shaded.org.apache.hc.client5.http.wire - http-outgoing-1 >> "      "config" : { }[\n]"
21:06:59.248 [Test worker] DEBUG com.github.dockerjava.zerodep.shaded.org.apache.hc.client5.http.wire - http-outgoing-1 >> "    }, {[\n]"
21:06:59.248 [Test worker] DEBUG com.github.dockerjava.zerodep.shaded.org.apache.hc.client5.http.wire - http-outgoing-1 >> "      "alias" : "UPDATE_PASSWORD",[\n]"
21:06:59.248 [Test worker] DEBUG com.github.dockerjava.zerodep.shaded.org.apache.hc.client5.http.wire - http-outgoing-1 >> "      "name" : "Update Password",[\n]"
21:06:59.248 [Test worker] DEBUG com.github.dockerjava.zerodep.shaded.org.apache.hc.client5.http.wire - http-outgoing-1 >> "      "providerId" : "UPDATE_PASSWORD",[\n]"
21:06:59.248 [Test worker] DEBUG com.github.dockerjava.zerodep.shaded.org.apache.hc.client5.http.wire - http-outgoing-1 >> "      "enabled" : true,[\n]"
21:06:59.248 [Test worker] DEBUG com.github.dockerjava.zerodep.shaded.org.apache.hc.client5.http.wire - http-outgoing-1 >> "      "defaultAction" : false,[\n]"
21:06:59.248 [Test worker] DEBUG com.github.dockerjava.zerodep.shaded.org.apache.hc.client5.http.wire - http-outgoing-1 >> "      "priority" : 30,[\n]"
21:06:59.248 [Test worker] DEBUG com.github.dockerjava.zerodep.shaded.org.apache.hc.client5.http.wire - http-outgoing-1 >> "      "config" : { }[\n]"
21:06:59.248 [Test worker] DEBUG com.github.dockerjava.zerodep.shaded.org.apache.hc.client5.http.wire - http-outgoing-1 >> "    }, {[\n]"
21:06:59.248 [Test worker] DEBUG com.github.dockerjava.zerodep.shaded.org.apache.hc.client5.http.wire - http-outgoing-1 >> "      "alias" : "UPDATE_PROFILE",[\n]"
21:06:59.249 [Test worker] DEBUG com.github.dockerjava.zerodep.shaded.org.apache.hc.client5.http.wire - http-outgoing-1 >> "      "name" : "Update Profile",[\n]"
21:06:59.249 [Test worker] DEBUG com.github.dockerjava.zerodep.shaded.org.apache.hc.client5.http.wire - http-outgoing-1 >> "      "providerId" : "UPDATE_PROFILE",[\n]"
21:06:59.249 [Test worker] DEBUG com.github.dockerjava.zerodep.shaded.org.apache.hc.client5.http.wire - http-outgoing-1 >> "      "enabled" : true,[\n]"
21:06:59.249 [Test worker] DEBUG com.github.dockerjava.zerodep.shaded.org.apache.hc.client5.http.wire - http-outgoing-1 >> "      "defaultAction" : false,[\n]"
21:06:59.249 [Test worker] DEBUG com.github.dockerjava.zerodep.shaded.org.apache.hc.client5.http.wire - http-outgoing-1 >> "      "priority" : 40,[\n]"
21:06:59.249 [Test worker] DEBUG com.github.dockerjava.zerodep.shaded.org.apache.hc.client5.http.wire - http-outgoing-1 >> "      "config" : { }[\n]"
21:06:59.249 [Test worker] DEBUG com.github.dockerjava.zerodep.shaded.org.apache.hc.client5.http.wire - http-outgoing-1 >> "    }, {[\n]"
21:06:59.249 [Test worker] DEBUG com.github.dockerjava.zerodep.shaded.org.apache.hc.client5.http.wire - http-outgoing-1 >> "      "alias" : "VERIFY_EMAIL",[\n]"
21:06:59.249 [Test worker] DEBUG com.github.dockerjava.zerodep.shaded.org.apache.hc.client5.http.wire - http-outgoing-1 >> "      "name" : "Verify Email",[\n]"
21:06:59.249 [Test worker] DEBUG com.github.dockerjava.zerodep.shaded.org.apache.hc.client5.http.wire - http-outgoing-1 >> "      "providerId" : "VERIFY_EMAIL",[\n]"
21:06:59.249 [Test worker] DEBUG com.github.dockerjava.zerodep.shaded.org.apache.hc.client5.http.wire - http-outgoing-1 >> "      "enabled" : true,[\n]"
21:06:59.249 [Test worker] DEBUG com.github.dockerjava.zerodep.shaded.org.apache.hc.client5.http.wire - http-outgoing-1 >> "      "defaultAction" : false,[\n]"
21:06:59.249 [Test worker] DEBUG com.github.dockerjava.zerodep.shaded.org.apache.hc.client5.http.wire - http-outgoing-1 >> "      "priority" : 50,[\n]"
21:06:59.249 [Test worker] DEBUG com.github.dockerjava.zerodep.shaded.org.apache.hc.client5.http.wire - http-outgoing-1 >> "      "config" : { }[\n]"
21:06:59.249 [Test worker] DEBUG com.github.dockerjava.zerodep.shaded.org.apache.hc.client5.http.wire - http-outgoing-1 >> "    }, {[\n]"
21:06:59.249 [Test worker] DEBUG com.github.dockerjava.zerodep.shaded.org.apache.hc.client5.http.wire - http-outgoing-1 >> "      "alias" : "delete_account",[\n]"
21:06:59.249 [Test worker] DEBUG com.github.dockerjava.zerodep.shaded.org.apache.hc.client5.http.wire - http-outgoing-1 >> "      "name" : "Delete Account",[\n]"
21:06:59.249 [Test worker] DEBUG com.github.dockerjava.zerodep.shaded.org.apache.hc.client5.http.wire - http-outgoing-1 >> "      "providerId" : "delete_account",[\n]"
21:06:59.249 [Test worker] DEBUG com.github.dockerjava.zerodep.shaded.org.apache.hc.client5.http.wire - http-outgoing-1 >> "      "enabled" : false,[\n]"
21:06:59.249 [Test worker] DEBUG com.github.dockerjava.zerodep.shaded.org.apache.hc.client5.http.wire - http-outgoing-1 >> "      "defaultAction" : false,[\n]"
21:06:59.249 [Test worker] DEBUG com.github.dockerjava.zerodep.shaded.org.apache.hc.client5.http.wire - http-outgoing-1 >> "      "priority" : 60,[\n]"
21:06:59.249 [Test worker] DEBUG com.github.dockerjava.zerodep.shaded.org.apache.hc.client5.http.wire - http-outgoing-1 >> "      "config" : { }[\n]"
21:06:59.249 [Test worker] DEBUG com.github.dockerjava.zerodep.shaded.org.apache.hc.client5.http.wire - http-outgoing-1 >> "    }, {[\n]"
21:06:59.249 [Test worker] DEBUG com.github.dockerjava.zerodep.shaded.org.apache.hc.client5.http.wire - http-outgoing-1 >> "      "alias" : "update_user_locale",[\n]"
21:06:59.249 [Test worker] DEBUG com.github.dockerjava.zerodep.shaded.org.apache.hc.client5.http.wire - http-outgoing-1 >> "      "name" : "Update User Locale",[\n]"
21:06:59.249 [Test worker] DEBUG com.github.dockerjava.zerodep.shaded.org.apache.hc.client5.http.wire - http-outgoing-1 >> "      "providerId" : "update_user_locale",[\n]"
21:06:59.249 [Test worker] DEBUG com.github.dockerjava.zerodep.shaded.org.apache.hc.client5.http.wire - http-outgoing-1 >> "      "enabled" : true,[\n]"
21:06:59.249 [Test worker] DEBUG com.github.dockerjava.zerodep.shaded.org.apache.hc.client5.http.wire - http-outgoing-1 >> "      "defaultAction" : false,[\n]"
21:06:59.249 [Test worker] DEBUG com.github.dockerjava.zerodep.shaded.org.apache.hc.client5.http.wire - http-outgoing-1 >> "      "priority" : 1000,[\n]"
21:06:59.249 [Test worker] DEBUG com.github.dockerjava.zerodep.shaded.org.apache.hc.client5.http.wire - http-outgoing-1 >> "      "config" : { }[\n]"
21:06:59.249 [Test worker] DEBUG com.github.dockerjava.zerodep.shaded.org.apache.hc.client5.http.wire - http-outgoing-1 >> "    } ],[\n]"
21:06:59.249 [Test worker] DEBUG com.github.dockerjava.zerodep.shaded.org.apache.hc.client5.http.wire - http-outgoing-1 >> "    "browserFlow" : "browser",[\n]"
21:06:59.249 [Test worker] DEBUG com.github.dockerjava.zerodep.shaded.org.apache.hc.client5.http.wire - http-outgoing-1 >> "    "registrationFlow" : "registration",[\n]"
21:06:59.249 [Test worker] DEBUG com.github.dockerjava.zerodep.shaded.org.apache.hc.client5.http.wire - http-outgoing-1 >> "    "directGrantFlow" : "direct grant",[\n]"
21:06:59.249 [Test worker] DEBUG com.github.dockerjava.zerodep.shaded.org.apache.hc.client5.http.wire - http-outgoing-1 >> "    "resetCredentialsFlow" : "reset credentials",[\n]"
21:06:59.249 [Test worker] DEBUG com.github.dockerjava.zerodep.shaded.org.apache.hc.client5.http.wire - http-outgoing-1 >> "    "clientAuthenticationFlow" : "clients",[\n]"
21:06:59.249 [Test worker] DEBUG com.github.dockerjava.zerodep.shaded.org.apache.hc.client5.http.wire - http-outgoing-1 >> "    "dockerAuthenticationFlow" : "docker auth",[\n]"
21:06:59.249 [Test worker] DEBUG com.github.dockerjava.zerodep.shaded.org.apache.hc.client5.http.wire - http-outgoing-1 >> "    "attributes" : {[\n]"
21:06:59.249 [Test worker] DEBUG com.github.dockerjava.zerodep.shaded.org.apache.hc.client5.http.wire - http-outgoing-1 >> "      "cibaBackchannelTokenDeliveryMode" : "poll",[\n]"
21:06:59.249 [Test worker] DEBUG com.github.dockerjava.zerodep.shaded.org.apache.hc.client5.http.wire - http-outgoing-1 >> "      "cibaExpiresIn" : "120",[\n]"
21:06:59.249 [Test worker] DEBUG com.github.dockerjava.zerodep.shaded.org.apache.hc.client5.http.wire - http-outgoing-1 >> "      "cibaAuthRequestedUserHint" : "login_hint",[\n]"
21:06:59.249 [Test worker] DEBUG com.github.dockerjava.zerodep.shaded.org.apache.hc.client5.http.wire - http-outgoing-1 >> "      "oauth2DeviceCodeLifespan" : "600",[\n]"
21:06:59.249 [Test worker] DEBUG com.github.dockerjava.zerodep.shaded.org.apache.hc.client5.http.wire - http-outgoing-1 >> "      "clientOfflineSessionMaxLifespan" : "0",[\n]"
21:06:59.249 [Test worker] DEBUG com.github.dockerjava.zerodep.shaded.org.apache.hc.client5.http.wire - http-outgoing-1 >> "      "oauth2DevicePollingInterval" : "5",[\n]"
21:06:59.249 [Test worker] DEBUG com.github.dockerjava.zerodep.shaded.org.apache.hc.client5.http.wire - http-outgoing-1 >> "      "clientSessionIdleTimeout" : "0",[\n]"
21:06:59.249 [Test worker] DEBUG com.github.dockerjava.zerodep.shaded.org.apache.hc.client5.http.wire - http-outgoing-1 >> "      "parRequestUriLifespan" : "60",[\n]"
21:06:59.249 [Test worker] DEBUG com.github.dockerjava.zerodep.shaded.org.apache.hc.client5.http.wire - http-outgoing-1 >> "      "clientSessionMaxLifespan" : "0",[\n]"
21:06:59.249 [Test worker] DEBUG com.github.dockerjava.zerodep.shaded.org.apache.hc.client5.http.wire - http-outgoing-1 >> "      "clientOfflineSessionIdleTimeout" : "0",[\n]"
21:06:59.249 [Test worker] DEBUG com.github.dockerjava.zerodep.shaded.org.apache.hc.client5.http.wire - http-outgoing-1 >> "      "cibaInterval" : "5"[\n]"
21:06:59.249 [Test worker] DEBUG com.github.dockerjava.zerodep.shaded.org.apache.hc.client5.http.wire - http-outgoing-1 >> "    },[\n]"
21:06:59.249 [Test worker] DEBUG com.github.dockerjava.zerodep.shaded.org.apache.hc.client5.http.wire - http-outgoing-1 >> "    "keycloakVersion" : "18.0.0",[\n]"
21:06:59.249 [Test worker] DEBUG com.github.dockerjava.zerodep.shaded.org.apache.hc.client5.http.wire - http-outgoing-1 >> "    "userManagedAccessAllowed" : false,[\n]"
21:06:59.249 [Test worker] DEBUG com.github.dockerjava.zerodep.shaded.org.apache.hc.client5.http.wire - http-outgoing-1 >> "    "clientProfiles" : {[\n]"
21:06:59.249 [Test worker] DEBUG com.github.dockerjava.zerodep.shaded.org.apache.hc.client5.http.wire - http-outgoing-1 >> "      "profiles" : [ ][\n]"
21:06:59.249 [Test worker] DEBUG com.github.dockerjava.zerodep.shaded.org.apache.hc.client5.http.wire - http-outgoing-1 >> "    },[\n]"
21:06:59.249 [Test worker] DEBUG com.github.dockerjava.zerodep.shaded.org.apache.hc.client5.http.wire - http-outgoing-1 >> "    "clientPolicies" : {[\n]"
21:06:59.249 [Test worker] DEBUG com.github.dockerjava.zerodep.shaded.org.apache.hc.client5.http.wire - http-outgoing-1 >> "      "policies" : [ ][\n]"
21:06:59.249 [Test worker] DEBUG com.github.dockerjava.zerodep.shaded.org.apache.hc.client5.http.wire - http-outgoing-1 >> "    }[\n]"
21:06:59.249 [Test worker] DEBUG com.github.dockerjava.zerodep.shaded.org.apache.hc.client5.http.wire - http-outgoing-1 >> "  }[0x0][0x0][0x0][0x0][0x0][0x0][0x0][0x0][0x0][0x0][0x0][0x0][0x0][0x0][0x0][0x0][0x0][0x0][0x0][0x0][0x0][0x0][0x0][0x0][0x0][0x0][0x0][0x0][0x0][0x0][0x0][0x0][0x0][0x0][0x0][0x0][0x0][0x0][0x0][0x0][0x0][0x0][0x0][0x0][0x0][0x0][0x0][0x0][0x0][0x0][0x0][0x0][0x0][0x0][0x0][0x0][0x0][0x0][0x0][0x0][0x0][0x0][0x0][0x0][0x0][0x0][0x0][0x0][0x0][0x0][0x0][0x0][0x0][0x0][0x0][0x0][0x0][0x0][0x0][0x0][0x0][0x0][0x0][0x0][0x0][0x0][0x0][0x0][0x0][0x0][0x0][0x0][0x0][0x0][0x0][0x0][0x0][0x0][0x0][0x0][0x0][0x0][0x0][0x0][0x0][0x0][0x0][0x0][0x0][0x0][0x0][0x0][0x0][0x0][0x0][0x0][0x0][0x0][0x0][0x0][0x0][0x0][0x0][0x0][0x0][0x0][0x0][0x0][0x0][0x0][0x0][0x0][0x0][0x0][0x0][0x0][0x0][0x0][0x0][0x0][0x0][0x0][0x0][0x0][0x0][0x0][0x0][0x0][0x0][0x0][0x0][0x0][0x0][0x0][0x0][0x0][0x0][0x0][0x0][0x0][0x0][0x0][0x0][0x0][0x0][0x0][0x0][0x0][0x0][0x0][0x0][0x0][0x0][0x0][0x0][0x0][0x0][0x0][0x0][0x0][0x0][0x0][0x0][0x0][0x0][0x0][0x0][0x0][0x0][0x0][0x0][0x0][0x0][0x0][0x0][0x0][0x0][0x0][0x0][0x0][0x0][0x0][0x0][0x0][0x0][0x0][0x0][0x0][0x0][0x0][0x0][0x0][0x0][0x0][0x0][0x0][0x0][0x0][0x0][0x0][0x0][0x0][0x0][0x0][0x0][0x0][0x0][0x0][0x0][0x0][0x0][0x0][0x0][0x0][0x0][0x0][0x0][0x0][0x0][0x0][0x0][0x0][0x0][0x0][0x0][0x0][0x0][0x0][0x0][0x0][0x0][0x0][0x0][0x0][0x0][0x0][0x0][0x0][0x0][0x0][0x0][0x0][0x0][0x0][0x0][0x0][0x0][0x0][0x0][0x0][0x0][0x0][0x0][0x0][0x0][0x0][0x0][0x0][0x0][0x0][0x0][0x0][0x0][0x0][0x0][0x0][0x0][0x0][0x0][0x0][0x0][0x0][0x0][0x0][0x0][0x0][0x0][0x0][0x0][0x0][0x0][0x0][0x0][0x0][0x0][0x0][0x0][0x0][0x0][0x0][0x0][0x0][0x0][0x0][0x0][0x0][0x0][0x0][0x0][0x0][0x0][0x0][0x0][0x0][0x0][0x0][0x0][0x0][0x0][0x0][0x0][0x0][0x0][0x0][0x0][0x0][0x0][0x0][0x0][0x0][0x0][0x0][0x0][0x0][0x0][0x0][0x0][0x0][0x0][0x0][0x0][0x0][0x0][0x0][0x0][0x0][0x0][0x0][0x0][0x0][0x0][0x0][0x0][0x0][0x0][0x0][0x0][0x0][0x0][0x0][0x0][0x0][0x0][0x0][0x0][0x0][0x0][0x0][0x0][0x0][0x0][0x0][0x0][0x0][0x0][0x0][0x0][0x0][0x0][0x0][0x0][0x0][0x0][0x0][0x0][0x0][0x0][0x0][0x0][0x0][0x0][0x0][0x0][0x0][0x0][0x0][0x0][0x0][0x0][0x0][0x0][0x0][0x0][0x0][0x0][0x0][0x0][0x0][0x0][0x0][0x0][0x0][0x0][0x0][0x0][0x0][0x0][0x0][0x0][0x0][0x0][0x0][0x0][0x0][0x0][0x0][0x0][0x0][0x0][0x0][0x0][0x0][0x0][0x0][0x0][0x0][0x0][0x0][0x0][0x0][0x0][0x0][0x0][0x0][0x0][0x0][0x0][0x0][0x0][0x0][0x0][0x0][0x0][0x0][0x0][0x0][0x0][0x0][0x0][0x0][0x0][0x0][0x0][0x0][0x0][0x0][0x0][0x0][0x0][0x0][0x0][0x0][0x0][0x0][0x0][0x0][0x0][0x0][0x0][0x0][0x0][0x0][0x0][0x0][0x0][0x0][0x0][0x0][0x0][0x0][0x0][0x0][0x0][0x0][0x0][0x0][0x0][0x0][0x0][0x0][0x0][0x0][0x0][0x0][0x0][0x0][0x0][0x0][0x0][0x0][0x0][0x0][0x0][0x0][0x0][0x0][0x0][0x0][0x0][0x0][0x0][0x0][0x0][0x0][0x0][0x0][0x0][0x0][0x0][0x0][0x0][0x0][0x0][0x0][0x0][0x0][0x0][0x0][0x0][0x0][0x0][0x0][0x0][0x0][0x0][0x0][0x0][0x0][0x0][0x0][0x0][0x0][0x0][0x0][0x0][0x0][0x0][0x0][0x0][0x0][0x0][0x0][0x0][0x0][0x0][0x0][0x0][0x0][0x0][0x0][0x0][0x0][0x0][0x0][0x0][0x0][0x0][0x0][0x0][0x0][0x0][0x0][0x0][0x0][0x0][0x0][0x0][0x0][0x0][0x0][0x0][0x0][0x0][0x0][0x0][0x0][0x0][0x0][0x0][0x0][0x0][0x0][0x0][0x0][0x0][0x0][0x0][0x0][0x0][0x0][0x0][0x0][0x0][0x0][0x0][0x0][0x0][0x0][0x0][0x0][0x0][0x0][0x0][0x0][0x0][0x0][0x0][0x0][0x0][0x0][0x0][0x0][0x0][0x0][0x0][0x0][0x0][0x0][0x0][0x0][0x0][0x0][0x0][0x0][0x0][0x0][0x0][0x0][0x0][0x0][0x0][0x0][0x0][0x0][0x0][0x0][0x0][0x0][0x0][0x0][0x0][0x0][0x0][0x0][0x0][0x0][0x0][0x0][0x0][0x0][0x0][0x0][0x0][0x0][0x0][0x0][0x0][0x0][0x0][0x0][0x0][0x0][0x0][0x0][0x0][0x0][0x0][0x0][0x0][0x0][0x0][0x0][0x0][0x0][0x0][0x0][0x0][0x0][0x0][0x0][0x0][0x0][0x0][0x0][0x0][0x0][0x0][0x0][0x0][0x0][0x0][0x0][0x0][0x0][0x0][0x0][0x0][0x0][0x0][0x0][0x0][0x0][0x0][0x0][0x0][0x0][0x0][0x0][0x0][0x0][0x0][0x0][0x0][0x0][0x0][0x0][0x0][0x0][0x0][0x0][0x0][0x0][0x0][0x0][0x0][0x0][0x0][0x0][0x0][0x0][0x0][0x0][0x0][0x0][0x0][0x0][0x0][0x0][0x0][0x0][0x0][0x0][0x0][0x0][0x0][0x0][0x0][0x0][0x0][0x0][0x0][0x0][0x0][0x0][0x0][0x0][0x0][0x0][0x0][0x0][0x0][0x0][0x0][0x0][0x0][0x0][0x0][0x0][0x0][0x0][0x0][0x0][0x0][0x0][0x0][0x0][0x0][0x0][0x0][0x0][0x0][0x0][0x0][0x0][0x0][0x0][0x0][0x0][0x0][0x0][0x0][0x0][0x0][0x0][0x0][0x0][0x0][0x0][0x0][0x0][0x0][0x0][0x0][0x0][0x0][0x0][0x0][0x0][0x0][0x0][0x0][0x0][0x0][0x0][0x0][0x0][0x0][0x0][0x0][0x0][0x0][0x0][0x0][0x0][0x0][0x0][0x0][0x0][0x0][0x0][0x0][0x0][0x0][0x0][0x0][0x0][0x0][0x0][0x0][0x0][0x0][0x0][0x0][0x0][0x0][0x0][0x0][0x0][0x0][0x0][0x0][0x0][0x0][0x0][0x0][0x0][0x0][0x0][0x0][0x0][0x0][0x0][0x0][0x0][0x0][0x0][0x0][0x0][0x0][0x0][0x0][0x0][0x0][0x0][0x0][0x0][0x0][0x0][0x0][0x0][0x0][0x0][0x0][0x0][0x0][0x0][0x0][0x0][0x0][0x0][0x0][0x0][0x0][0x0][0x0][0x0][0x0][0x0][0x0][0x0][0x0][0x0][0x0][0x0][0x0][0x0][0x0][0x0][0x0][0x0][0x0][0x0][0x0][0x0][0x0][0x0][0x0][0x0][0x0][0x0][0x0][0x0][0x0][0x0][0x0][0x0][0x0][0x0][0x0][0x0][0x0][0x0][0x0][0x0][0x0][0x0][0x0][0x0][0x0][0x0][0x0][0x0][0x0][0x0][0x0][0x0][0x0][0x0][0x0][0x0][0x0][0x0][0x0][0x0][0x0][0x0][0x0][0x0][0x0][0x0][0x0][0x0][0x0][0x0][0x0][0x0][0x0][0x0][0x0][0x0][0x0][0x0][0x0][0x0][0x0][0x0][0x0][0x0][0x0][0x0][0x0][0x0][0x0][0x0][0x0][0x0][0x0][0x0][0x0][0x0][0x0][0x0][0x0][0x0][0x0][0x0][0x0][0x0][0x0][0x0][0x0][0x0][0x0][0x0][0x0][0x0][0x0][0x0][0x0][0x0][0x0][0x0][0x0][0x0][0x0][0x0][0x0][0x0][0x0][0x0][0x0][0x0][0x0][0x0][0x0][0x0][0x0][0x0][0x0][0x0][0x0][0x0][0x0][0x0][0x0][0x0][0x0][0x0][0x0][0x0][0x0][0x0][0x0][0x0][0x0][0x0][0x0][0x0][0x0][0x0][0x0][0x0][0x0][0x0][0x0][0x0][0x0][0x0][0x0][0x0][0x0][0x0][0x0][0x0][0x0][0x0][0x0][0x0][0x0][0x0][0x0][0x0][0x0][0x0][0x0][0x0][0x0][0x0][0x0][0x0][0x0][0x0][0x0][0x0][0x0][0x0][0x0][0x0][0x0][0x0][0x0][0x0][0x0][0x0][0x0][0x0][0x0][0x0][0x0][0x0][0x0][0x0][0x0][0x0][0x0][0x0][0x0][0x0][0x0][0x0][0x0][0x0][0x0][0x0][0x0][0x0][0x0][0x0][0x0][0x0][0x0][0x0][0x0][0x0][0x0][0x0][0x0][0x0][0x0][0x0][0x0][0x0][0x0][0x0][0x0][0x0][0x0][0x0][0x0][0x0][0x0][0x0][0x0][0x0][0x0][0x0][0x0][0x0][0x0][0x0][0x0][0x0][0x0][0x0][0x0][0x0][0x0][0x0][0x0][0x0][0x0][0x0][0x0][0x0][0x0][0x0][0x0][0x0][0x0][0x0][0x0][0x0][0x0][0x0][0x0][0x0][0x0][0x0][0x0][0x0][0x0][0x0][0x0][0x0][0x0][0x0][0x0][0x0][0x0][0x0][0x0][0x0][0x0][0x0][0x0][0x0][0x0][0x0][0x0][0x0][0x0][0x0][0x0][0x0][0x0][0x0][0x0][0x0][0x0][0x0][0x0][0x0][0x0][0x0][0x0][0x0][0x0][0x0][0x0][0x0][0x0][0x0][0x0][0x0][0x0][0x0][0x0][0x0][0x0][0x0][0x0][0x0][0x0][0x0][0x0][0x0][0x0][0x0][0x0][0x0][0x0][0x0][0x0][0x0][0x0][0x0][0x0][0x0][0x0][0x0][0x0][0x0][0x0][0x0][0x0][0x0][0x0][0x0][0x0][0x0][0x0][0x0][0x0][0x0][0x0][0x0][0x0][0x0][0x0][0x0][0x0][0x0][0x0][0x0][0x0][0x0][0x0][0x0][0x0][0x0][0x0][0x0][0x0][0x0][0x0][0x0][0x0][0x0][0x0][0x0][0x0][0x0][0x0][0x0][0x0][0x0][0x0][0x0][0x0][0x0][0x0][0x0][0x0][0x0][0x0][0x0][0x0][0x0][0x0][0x0][0x0][0x0][0x0][0x0][0x0][0x0][0x0][0x0][0x0][0x0][0x0][0x0][0x0][0x0][0x0][0x0][0x0][0x0][0x0][0x0][0x0][0x0][0x0][0x0][0x0][0x0][0x0][0x0][0x0][0x0][0x0][0x0][0x0][0x0][0x0][0x0][0x0][0x0][0x0][0x0][0x0][0x0][0x0][0x0][0x0][0x0][0x0][0x0][0x0][0x0][0x0][0x0][0x0][0x0][0x0][0x0][0x0][0x0][0x0][0x0][0x0][0x0][\r][\n]"
21:06:59.249 [Test worker] DEBUG com.github.dockerjava.zerodep.shaded.org.apache.hc.client5.http.wire - http-outgoing-1 >> "0[\r][\n]"
21:06:59.249 [Test worker] DEBUG com.github.dockerjava.zerodep.shaded.org.apache.hc.client5.http.wire - http-outgoing-1 >> "[\r][\n]"
21:06:59.339 [Test worker] DEBUG com.github.dockerjava.zerodep.shaded.org.apache.hc.client5.http.wire - http-outgoing-1 << "HTTP/1.1 200 OK[\r][\n]"
21:06:59.340 [Test worker] DEBUG com.github.dockerjava.zerodep.shaded.org.apache.hc.client5.http.wire - http-outgoing-1 << "Api-Version: 1.41[\r][\n]"
21:06:59.340 [Test worker] DEBUG com.github.dockerjava.zerodep.shaded.org.apache.hc.client5.http.wire - http-outgoing-1 << "Date: Sat, 16 Dec 2023 13:06:59 GMT[\r][\n]"
21:06:59.340 [Test worker] DEBUG com.github.dockerjava.zerodep.shaded.org.apache.hc.client5.http.wire - http-outgoing-1 << "Docker-Experimental: false[\r][\n]"
21:06:59.340 [Test worker] DEBUG com.github.dockerjava.zerodep.shaded.org.apache.hc.client5.http.wire - http-outgoing-1 << "Ostype: linux[\r][\n]"
21:06:59.340 [Test worker] DEBUG com.github.dockerjava.zerodep.shaded.org.apache.hc.client5.http.wire - http-outgoing-1 << "Server: Docker/20.10.22 (linux)[\r][\n]"
21:06:59.340 [Test worker] DEBUG com.github.dockerjava.zerodep.shaded.org.apache.hc.client5.http.wire - http-outgoing-1 << "Transfer-Encoding: chunked[\r][\n]"
21:06:59.340 [Test worker] DEBUG com.github.dockerjava.zerodep.shaded.org.apache.hc.client5.http.wire - http-outgoing-1 << "[\r][\n]"
21:06:59.340 [Test worker] DEBUG com.github.dockerjava.zerodep.shaded.org.apache.hc.client5.http.headers - http-outgoing-1 << HTTP/1.1 200 OK
21:06:59.340 [Test worker] DEBUG com.github.dockerjava.zerodep.shaded.org.apache.hc.client5.http.headers - http-outgoing-1 << Api-Version: 1.41
21:06:59.340 [Test worker] DEBUG com.github.dockerjava.zerodep.shaded.org.apache.hc.client5.http.headers - http-outgoing-1 << Date: Sat, 16 Dec 2023 13:06:59 GMT
21:06:59.340 [Test worker] DEBUG com.github.dockerjava.zerodep.shaded.org.apache.hc.client5.http.headers - http-outgoing-1 << Docker-Experimental: false
21:06:59.340 [Test worker] DEBUG com.github.dockerjava.zerodep.shaded.org.apache.hc.client5.http.headers - http-outgoing-1 << Ostype: linux
21:06:59.340 [Test worker] DEBUG com.github.dockerjava.zerodep.shaded.org.apache.hc.client5.http.headers - http-outgoing-1 << Server: Docker/20.10.22 (linux)
21:06:59.340 [Test worker] DEBUG com.github.dockerjava.zerodep.shaded.org.apache.hc.client5.http.headers - http-outgoing-1 << Transfer-Encoding: chunked
21:06:59.340 [Test worker] DEBUG com.github.dockerjava.zerodep.shaded.org.apache.hc.client5.http.impl.classic.MainClientExec - ex-0000000B: connection can be kept alive for 3 MINUTES
21:06:59.340 [Test worker] DEBUG com.github.dockerjava.zerodep.shaded.org.apache.hc.client5.http.impl.classic.ProtocolExec - ex-0000000B: Cannot retry non-repeatable request
21:06:59.340 [Test worker] DEBUG com.github.dockerjava.zerodep.shaded.org.apache.hc.client5.http.impl.classic.HttpRequestRetryExec - ex-0000000B: cannot retry non-repeatable request
21:06:59.340 [Test worker] DEBUG com.github.dockerjava.zerodep.shaded.org.apache.hc.client5.http.impl.classic.InternalHttpClient - ep-0000000A: cancel
21:06:59.340 [Test worker] DEBUG com.github.dockerjava.zerodep.shaded.org.apache.hc.client5.http.impl.io.DefaultManagedHttpClientConnection - http-outgoing-1: close connection IMMEDIATE
21:06:59.340 [Test worker] DEBUG com.github.dockerjava.zerodep.shaded.org.apache.hc.client5.http.impl.classic.InternalHttpClient - ep-0000000A: endpoint closed
21:06:59.340 [Test worker] DEBUG com.github.dockerjava.zerodep.shaded.org.apache.hc.client5.http.impl.classic.InternalHttpClient - ep-0000000A: discarding endpoint
21:06:59.340 [Test worker] DEBUG com.github.dockerjava.zerodep.shaded.org.apache.hc.client5.http.impl.io.PoolingHttpClientConnectionManager - ep-0000000A: releasing endpoint
21:06:59.340 [Test worker] DEBUG com.github.dockerjava.zerodep.shaded.org.apache.hc.client5.http.impl.io.PoolingHttpClientConnectionManager - ep-0000000A: connection is not kept alive
21:06:59.340 [Test worker] DEBUG com.github.dockerjava.zerodep.shaded.org.apache.hc.client5.http.impl.io.PoolingHttpClientConnectionManager - ep-0000000A: connection released [route: {}->unix://localhost:2375][total available: 0; route allocated: 0 of 2147483647; total allocated: 0 of 2147483647]
21:06:59.340 [Test worker] DEBUG com.github.dockerjava.zerodep.shaded.org.apache.hc.client5.http.wire - http-outgoing-1 << "[read] I/O error: null"
21:06:59.341 [Test worker] DEBUG com.github.dockerjava.zerodep.ApacheDockerHttpClientImpl$ApacheResponse - Failed to close the response
java.nio.channels.ClosedChannelException: null
	at java.base/sun.nio.ch.SocketChannelImpl.ensureOpenAndConnected(SocketChannelImpl.java:215)
	at java.base/sun.nio.ch.SocketChannelImpl.read(SocketChannelImpl.java:403)
	at java.base/sun.nio.ch.ChannelInputStream.read(ChannelInputStream.java:59)
	at java.base/sun.nio.ch.ChannelInputStream.read(ChannelInputStream.java:107)
	at java.base/sun.nio.ch.ChannelInputStream.read(ChannelInputStream.java:101)
	at com.github.dockerjava.zerodep.shaded.org.apache.hc.client5.http.impl.io.LoggingInputStream.read(LoggingInputStream.java:81)
	at com.github.dockerjava.zerodep.shaded.org.apache.hc.core5.http.impl.io.SessionInputBufferImpl.fillBuffer(SessionInputBufferImpl.java:149)
	at com.github.dockerjava.zerodep.shaded.org.apache.hc.core5.http.impl.io.SessionInputBufferImpl.readLine(SessionInputBufferImpl.java:280)
	at com.github.dockerjava.zerodep.shaded.org.apache.hc.core5.http.impl.io.ChunkedInputStream.getChunkSize(ChunkedInputStream.java:261)
	at com.github.dockerjava.zerodep.shaded.org.apache.hc.core5.http.impl.io.ChunkedInputStream.nextChunk(ChunkedInputStream.java:222)
	at com.github.dockerjava.zerodep.shaded.org.apache.hc.core5.http.impl.io.ChunkedInputStream.read(ChunkedInputStream.java:183)
	at com.github.dockerjava.zerodep.shaded.org.apache.hc.core5.http.impl.io.ChunkedInputStream.read(ChunkedInputStream.java:210)
	at com.github.dockerjava.zerodep.shaded.org.apache.hc.core5.http.impl.io.ChunkedInputStream.close(ChunkedInputStream.java:319)
	at com.github.dockerjava.zerodep.shaded.org.apache.hc.core5.io.Closer.close(Closer.java:48)
	at com.github.dockerjava.zerodep.shaded.org.apache.hc.core5.http.impl.io.IncomingHttpEntity.close(IncomingHttpEntity.java:111)
	at com.github.dockerjava.zerodep.shaded.org.apache.hc.core5.http.io.entity.HttpEntityWrapper.close(HttpEntityWrapper.java:120)
	at com.github.dockerjava.zerodep.shaded.org.apache.hc.core5.io.Closer.close(Closer.java:48)
	at com.github.dockerjava.zerodep.shaded.org.apache.hc.core5.http.message.BasicClassicHttpResponse.close(BasicClassicHttpResponse.java:93)
	at com.github.dockerjava.zerodep.shaded.org.apache.hc.client5.http.impl.classic.CloseableHttpResponse.close(CloseableHttpResponse.java:200)
	at com.github.dockerjava.zerodep.ApacheDockerHttpClientImpl$ApacheResponse.close(ApacheDockerHttpClientImpl.java:256)
	at org.testcontainers.shaded.com.github.dockerjava.core.DefaultInvocationBuilder.put(DefaultInvocationBuilder.java:223)
	at org.testcontainers.shaded.com.github.dockerjava.core.exec.CopyArchiveToContainerCmdExec.execute(CopyArchiveToContainerCmdExec.java:34)
	at org.testcontainers.shaded.com.github.dockerjava.core.exec.CopyArchiveToContainerCmdExec.execute(CopyArchiveToContainerCmdExec.java:13)
	at org.testcontainers.shaded.com.github.dockerjava.core.exec.AbstrSyncDockerCmdExec.exec(AbstrSyncDockerCmdExec.java:21)
	at org.testcontainers.shaded.com.github.dockerjava.core.command.AbstrDockerCmd.exec(AbstrDockerCmd.java:33)
	at org.testcontainers.shaded.com.github.dockerjava.core.command.CopyArchiveToContainerCmdImpl.exec(CopyArchiveToContainerCmdImpl.java:162)
	at org.testcontainers.containers.ContainerState.copyFileToContainer(ContainerState.java:339)
	at org.testcontainers.containers.ContainerState.copyFileToContainer(ContainerState.java:308)
	at java.base/java.util.LinkedHashMap.forEach(LinkedHashMap.java:721)
	at org.testcontainers.containers.GenericContainer.tryStart(GenericContainer.java:444)
	at org.testcontainers.containers.GenericContainer.lambda$doStart$0(GenericContainer.java:357)
	at org.rnorth.ducttape.unreliables.Unreliables.retryUntilSuccess(Unreliables.java:81)
	at org.testcontainers.containers.GenericContainer.doStart(GenericContainer.java:347)
	at org.testcontainers.containers.GenericContainer.start(GenericContainer.java:333)
	at org.testcontainers.junit.jupiter.TestcontainersExtension$StoreAdapter.start(TestcontainersExtension.java:280)
	at org.testcontainers.junit.jupiter.TestcontainersExtension$StoreAdapter.access$200(TestcontainersExtension.java:267)
	at org.testcontainers.junit.jupiter.TestcontainersExtension.lambda$null$4(TestcontainersExtension.java:82)
	at org.junit.jupiter.engine.execution.ExtensionValuesStore.lambda$getOrComputeIfAbsent$4(ExtensionValuesStore.java:86)
	at org.junit.jupiter.engine.execution.ExtensionValuesStore$MemoizingSupplier.computeValue(ExtensionValuesStore.java:223)
	at org.junit.jupiter.engine.execution.ExtensionValuesStore$MemoizingSupplier.get(ExtensionValuesStore.java:211)
	at org.junit.jupiter.engine.execution.ExtensionValuesStore$StoredValue.evaluate(ExtensionValuesStore.java:191)
	at org.junit.jupiter.engine.execution.ExtensionValuesStore$StoredValue.access$100(ExtensionValuesStore.java:171)
	at org.junit.jupiter.engine.execution.ExtensionValuesStore.getOrComputeIfAbsent(ExtensionValuesStore.java:89)
	at org.junit.jupiter.engine.execution.NamespaceAwareStore.getOrComputeIfAbsent(NamespaceAwareStore.java:53)
	at org.testcontainers.junit.jupiter.TestcontainersExtension.lambda$startContainers$5(TestcontainersExtension.java:82)
	at java.base/java.util.ArrayList.forEach(ArrayList.java:1511)
	at org.testcontainers.junit.jupiter.TestcontainersExtension.startContainers(TestcontainersExtension.java:82)
	at org.testcontainers.junit.jupiter.TestcontainersExtension.beforeAll(TestcontainersExtension.java:56)
	at org.junit.jupiter.engine.descriptor.ClassBasedTestDescriptor.lambda$invokeBeforeAllCallbacks$10(ClassBasedTestDescriptor.java:381)
	at org.junit.platform.engine.support.hierarchical.ThrowableCollector.execute(ThrowableCollector.java:73)
	at org.junit.jupiter.engine.descriptor.ClassBasedTestDescriptor.invokeBeforeAllCallbacks(ClassBasedTestDescriptor.java:381)
	at org.junit.jupiter.engine.descriptor.ClassBasedTestDescriptor.before(ClassBasedTestDescriptor.java:205)
	at org.junit.jupiter.engine.descriptor.ClassBasedTestDescriptor.before(ClassBasedTestDescriptor.java:80)
	at org.junit.platform.engine.support.hierarchical.NodeTestTask.lambda$executeRecursively$6(NodeTestTask.java:148)
	at org.junit.platform.engine.support.hierarchical.ThrowableCollector.execute(ThrowableCollector.java:73)
	at org.junit.platform.engine.support.hierarchical.NodeTestTask.lambda$executeRecursively$8(NodeTestTask.java:141)
	at org.junit.platform.engine.support.hierarchical.Node.around(Node.java:137)
	at org.junit.platform.engine.support.hierarchical.NodeTestTask.lambda$executeRecursively$9(NodeTestTask.java:139)
	at org.junit.platform.engine.support.hierarchical.ThrowableCollector.execute(ThrowableCollector.java:73)
	at org.junit.platform.engine.support.hierarchical.NodeTestTask.executeRecursively(NodeTestTask.java:138)
	at org.junit.platform.engine.support.hierarchical.NodeTestTask.execute(NodeTestTask.java:95)
	at java.base/java.util.ArrayList.forEach(ArrayList.java:1511)
	at org.junit.platform.engine.support.hierarchical.SameThreadHierarchicalTestExecutorService.invokeAll(SameThreadHierarchicalTestExecutorService.java:41)
	at org.junit.platform.engine.support.hierarchical.NodeTestTask.lambda$executeRecursively$6(NodeTestTask.java:155)
	at org.junit.platform.engine.support.hierarchical.ThrowableCollector.execute(ThrowableCollector.java:73)
	at org.junit.platform.engine.support.hierarchical.NodeTestTask.lambda$executeRecursively$8(NodeTestTask.java:141)
	at org.junit.platform.engine.support.hierarchical.Node.around(Node.java:137)
	at org.junit.platform.engine.support.hierarchical.NodeTestTask.lambda$executeRecursively$9(NodeTestTask.java:139)
	at org.junit.platform.engine.support.hierarchical.ThrowableCollector.execute(ThrowableCollector.java:73)
	at org.junit.platform.engine.support.hierarchical.NodeTestTask.executeRecursively(NodeTestTask.java:138)
	at org.junit.platform.engine.support.hierarchical.NodeTestTask.execute(NodeTestTask.java:95)
	at org.junit.platform.engine.support.hierarchical.SameThreadHierarchicalTestExecutorService.submit(SameThreadHierarchicalTestExecutorService.java:35)
	at org.junit.platform.engine.support.hierarchical.HierarchicalTestExecutor.execute(HierarchicalTestExecutor.java:57)
	at org.junit.platform.engine.support.hierarchical.HierarchicalTestEngine.execute(HierarchicalTestEngine.java:54)
	at org.junit.platform.launcher.core.EngineExecutionOrchestrator.execute(EngineExecutionOrchestrator.java:107)
	at org.junit.platform.launcher.core.EngineExecutionOrchestrator.execute(EngineExecutionOrchestrator.java:88)
	at org.junit.platform.launcher.core.EngineExecutionOrchestrator.lambda$execute$0(EngineExecutionOrchestrator.java:54)
	at org.junit.platform.launcher.core.EngineExecutionOrchestrator.withInterceptedStreams(EngineExecutionOrchestrator.java:67)
	at org.junit.platform.launcher.core.EngineExecutionOrchestrator.execute(EngineExecutionOrchestrator.java:52)
	at org.junit.platform.launcher.core.DefaultLauncher.execute(DefaultLauncher.java:114)
	at org.junit.platform.launcher.core.DefaultLauncher.execute(DefaultLauncher.java:86)
	at org.junit.platform.launcher.core.DefaultLauncherSession$DelegatingLauncher.execute(DefaultLauncherSession.java:86)
	at org.junit.platform.launcher.core.SessionPerRequestLauncher.execute(SessionPerRequestLauncher.java:53)
	at org.gradle.api.internal.tasks.testing.junitplatform.JUnitPlatformTestClassProcessor$CollectAllTestClassesExecutor.processAllTestClasses(JUnitPlatformTestClassProcessor.java:99)
	at org.gradle.api.internal.tasks.testing.junitplatform.JUnitPlatformTestClassProcessor$CollectAllTestClassesExecutor.access$000(JUnitPlatformTestClassProcessor.java:79)
	at org.gradle.api.internal.tasks.testing.junitplatform.JUnitPlatformTestClassProcessor.stop(JUnitPlatformTestClassProcessor.java:75)
	at org.gradle.api.internal.tasks.testing.SuiteTestClassProcessor.stop(SuiteTestClassProcessor.java:62)
	at java.base/jdk.internal.reflect.NativeMethodAccessorImpl.invoke0(Native Method)
	at java.base/jdk.internal.reflect.NativeMethodAccessorImpl.invoke(NativeMethodAccessorImpl.java:77)
	at java.base/jdk.internal.reflect.DelegatingMethodAccessorImpl.invoke(DelegatingMethodAccessorImpl.java:43)
	at java.base/java.lang.reflect.Method.invoke(Method.java:568)
	at org.gradle.internal.dispatch.ReflectionDispatch.dispatch(ReflectionDispatch.java:36)
	at org.gradle.internal.dispatch.ReflectionDispatch.dispatch(ReflectionDispatch.java:24)
	at org.gradle.internal.dispatch.ContextClassLoaderDispatch.dispatch(ContextClassLoaderDispatch.java:33)
	at org.gradle.internal.dispatch.ProxyDispatchAdapter$DispatchingInvocationHandler.invoke(ProxyDispatchAdapter.java:94)
	at jdk.proxy1/jdk.proxy1.$Proxy2.stop(Unknown Source)
	at org.gradle.api.internal.tasks.testing.worker.TestWorker$3.run(TestWorker.java:193)
	at org.gradle.api.internal.tasks.testing.worker.TestWorker.executeAndMaintainThreadName(TestWorker.java:129)
	at org.gradle.api.internal.tasks.testing.worker.TestWorker.execute(TestWorker.java:100)
	at org.gradle.api.internal.tasks.testing.worker.TestWorker.execute(TestWorker.java:60)
	at org.gradle.process.internal.worker.child.ActionExecutionWorker.execute(ActionExecutionWorker.java:56)
	at org.gradle.process.internal.worker.child.SystemApplicationClassLoaderWorker.call(SystemApplicationClassLoaderWorker.java:113)
	at org.gradle.process.internal.worker.child.SystemApplicationClassLoaderWorker.call(SystemApplicationClassLoaderWorker.java:65)
	at worker.org.gradle.process.internal.worker.GradleWorkerMain.run(GradleWorkerMain.java:69)
	at worker.org.gradle.process.internal.worker.GradleWorkerMain.main(GradleWorkerMain.java:74)
21:06:59.342 [Test worker] INFO tc.quay.io/keycloak/keycloak:23.0 - Container quay.io/keycloak/keycloak:23.0 is starting: 50f3f58562de30616871f7ca3f597556bc0b872386c9e0a8670fe77cacbef137
21:06:59.342 [Test worker] DEBUG org.testcontainers.shaded.com.github.dockerjava.core.command.AbstrDockerCmd - Cmd: 50f3f58562de30616871f7ca3f597556bc0b872386c9e0a8670fe77cacbef137
21:06:59.342 [Test worker] DEBUG com.github.dockerjava.zerodep.shaded.org.apache.hc.client5.http.impl.classic.InternalHttpClient - ex-0000000C: preparing request execution
21:06:59.342 [Test worker] DEBUG com.github.dockerjava.zerodep.shaded.org.apache.hc.client5.http.protocol.RequestAddCookies - Cookie spec selected: strict
21:06:59.342 [Test worker] DEBUG com.github.dockerjava.zerodep.shaded.org.apache.hc.client5.http.protocol.RequestAuthCache - Auth cache not set in the context
21:06:59.342 [Test worker] DEBUG com.github.dockerjava.zerodep.shaded.org.apache.hc.client5.http.impl.classic.ProtocolExec - ex-0000000C: target auth state: UNCHALLENGED
21:06:59.342 [Test worker] DEBUG com.github.dockerjava.zerodep.shaded.org.apache.hc.client5.http.impl.classic.ProtocolExec - ex-0000000C: proxy auth state: UNCHALLENGED
21:06:59.342 [Test worker] DEBUG com.github.dockerjava.zerodep.shaded.org.apache.hc.client5.http.impl.classic.ConnectExec - ex-0000000C: acquiring connection with route {}->unix://localhost:2375
21:06:59.342 [Test worker] DEBUG com.github.dockerjava.zerodep.shaded.org.apache.hc.client5.http.impl.classic.InternalHttpClient - ex-0000000C: acquiring endpoint (3 MINUTES)
21:06:59.342 [Test worker] DEBUG com.github.dockerjava.zerodep.shaded.org.apache.hc.client5.http.impl.io.PoolingHttpClientConnectionManager - ex-0000000C: endpoint lease request (3 MINUTES) [route: {}->unix://localhost:2375][total available: 0; route allocated: 0 of 2147483647; total allocated: 0 of 2147483647]
21:06:59.342 [Test worker] DEBUG com.github.dockerjava.zerodep.shaded.org.apache.hc.client5.http.impl.io.PoolingHttpClientConnectionManager - ex-0000000C: endpoint leased [route: {}->unix://localhost:2375][total available: 0; route allocated: 1 of 2147483647; total allocated: 1 of 2147483647]
21:06:59.342 [Test worker] DEBUG com.github.dockerjava.zerodep.shaded.org.apache.hc.client5.http.impl.io.PoolingHttpClientConnectionManager - ex-0000000C: acquired ep-0000000B
21:06:59.342 [Test worker] DEBUG com.github.dockerjava.zerodep.shaded.org.apache.hc.client5.http.impl.classic.InternalHttpClient - ex-0000000C: acquired endpoint ep-0000000B
21:06:59.342 [Test worker] DEBUG com.github.dockerjava.zerodep.shaded.org.apache.hc.client5.http.impl.classic.ConnectExec - ex-0000000C: opening connection {}->unix://localhost:2375
21:06:59.342 [Test worker] DEBUG com.github.dockerjava.zerodep.shaded.org.apache.hc.client5.http.impl.classic.InternalHttpClient - ep-0000000B: connecting endpoint (3 MINUTES)
21:06:59.342 [Test worker] DEBUG com.github.dockerjava.zerodep.shaded.org.apache.hc.client5.http.impl.io.PoolingHttpClientConnectionManager - ep-0000000B: connecting endpoint to unix://localhost:2375 (3 MINUTES)
21:06:59.342 [Test worker] DEBUG com.github.dockerjava.zerodep.shaded.org.apache.hc.client5.http.impl.io.DefaultHttpClientConnectionOperator - http-outgoing-2: connecting to localhost/127.0.0.1:2375
21:06:59.342 [Test worker] DEBUG com.github.dockerjava.zerodep.shaded.org.apache.hc.client5.http.impl.io.DefaultHttpClientConnectionOperator - http-outgoing-2: connection established /var/run/docker.sock<->/var/run/docker.sock
21:06:59.342 [Test worker] DEBUG com.github.dockerjava.zerodep.shaded.org.apache.hc.client5.http.impl.io.PoolingHttpClientConnectionManager - ep-0000000B: connected http-outgoing-2
21:06:59.342 [Test worker] DEBUG com.github.dockerjava.zerodep.shaded.org.apache.hc.client5.http.impl.classic.InternalHttpClient - ep-0000000B: endpoint connected
21:06:59.342 [Test worker] DEBUG com.github.dockerjava.zerodep.shaded.org.apache.hc.client5.http.impl.classic.MainClientExec - ex-0000000C: executing POST /v1.32/containers/50f3f58562de30616871f7ca3f597556bc0b872386c9e0a8670fe77cacbef137/start HTTP/1.1
21:06:59.342 [Test worker] DEBUG com.github.dockerjava.zerodep.shaded.org.apache.hc.client5.http.impl.classic.InternalHttpClient - ep-0000000B: start execution ex-0000000C
21:06:59.342 [Test worker] DEBUG com.github.dockerjava.zerodep.shaded.org.apache.hc.client5.http.impl.io.PoolingHttpClientConnectionManager - ep-0000000B: executing exchange ex-0000000C over http-outgoing-2
21:06:59.343 [Test worker] DEBUG com.github.dockerjava.zerodep.shaded.org.apache.hc.client5.http.headers - http-outgoing-2 >> POST /v1.32/containers/50f3f58562de30616871f7ca3f597556bc0b872386c9e0a8670fe77cacbef137/start HTTP/1.1
21:06:59.343 [Test worker] DEBUG com.github.dockerjava.zerodep.shaded.org.apache.hc.client5.http.headers - http-outgoing-2 >> accept: application/json
21:06:59.343 [Test worker] DEBUG com.github.dockerjava.zerodep.shaded.org.apache.hc.client5.http.headers - http-outgoing-2 >> content-type: application/json
21:06:59.343 [Test worker] DEBUG com.github.dockerjava.zerodep.shaded.org.apache.hc.client5.http.headers - http-outgoing-2 >> x-tc-sid: c0789b71-e0d5-4fdf-af56-342687b761a1
21:06:59.343 [Test worker] DEBUG com.github.dockerjava.zerodep.shaded.org.apache.hc.client5.http.headers - http-outgoing-2 >> User-Agent: tc-java/1.19.3
21:06:59.343 [Test worker] DEBUG com.github.dockerjava.zerodep.shaded.org.apache.hc.client5.http.headers - http-outgoing-2 >> Accept-Encoding: gzip, x-gzip, deflate
21:06:59.343 [Test worker] DEBUG com.github.dockerjava.zerodep.shaded.org.apache.hc.client5.http.headers - http-outgoing-2 >> Host: localhost:2375
21:06:59.343 [Test worker] DEBUG com.github.dockerjava.zerodep.shaded.org.apache.hc.client5.http.headers - http-outgoing-2 >> Connection: keep-alive
21:06:59.343 [Test worker] DEBUG com.github.dockerjava.zerodep.shaded.org.apache.hc.client5.http.wire - http-outgoing-2 >> "POST /v1.32/containers/50f3f58562de30616871f7ca3f597556bc0b872386c9e0a8670fe77cacbef137/start HTTP/1.1[\r][\n]"
21:06:59.343 [Test worker] DEBUG com.github.dockerjava.zerodep.shaded.org.apache.hc.client5.http.wire - http-outgoing-2 >> "accept: application/json[\r][\n]"
21:06:59.343 [Test worker] DEBUG com.github.dockerjava.zerodep.shaded.org.apache.hc.client5.http.wire - http-outgoing-2 >> "content-type: application/json[\r][\n]"
21:06:59.343 [Test worker] DEBUG com.github.dockerjava.zerodep.shaded.org.apache.hc.client5.http.wire - http-outgoing-2 >> "x-tc-sid: c0789b71-e0d5-4fdf-af56-342687b761a1[\r][\n]"
21:06:59.343 [Test worker] DEBUG com.github.dockerjava.zerodep.shaded.org.apache.hc.client5.http.wire - http-outgoing-2 >> "User-Agent: tc-java/1.19.3[\r][\n]"
21:06:59.343 [Test worker] DEBUG com.github.dockerjava.zerodep.shaded.org.apache.hc.client5.http.wire - http-outgoing-2 >> "Accept-Encoding: gzip, x-gzip, deflate[\r][\n]"
21:06:59.343 [Test worker] DEBUG com.github.dockerjava.zerodep.shaded.org.apache.hc.client5.http.wire - http-outgoing-2 >> "Host: localhost:2375[\r][\n]"
21:06:59.343 [Test worker] DEBUG com.github.dockerjava.zerodep.shaded.org.apache.hc.client5.http.wire - http-outgoing-2 >> "Connection: keep-alive[\r][\n]"
21:06:59.343 [Test worker] DEBUG com.github.dockerjava.zerodep.shaded.org.apache.hc.client5.http.wire - http-outgoing-2 >> "[\r][\n]"
21:06:59.634 [Test worker] DEBUG com.github.dockerjava.zerodep.shaded.org.apache.hc.client5.http.wire - http-outgoing-2 << "HTTP/1.1 204 No Content[\r][\n]"
21:06:59.634 [Test worker] DEBUG com.github.dockerjava.zerodep.shaded.org.apache.hc.client5.http.wire - http-outgoing-2 << "Api-Version: 1.41[\r][\n]"
21:06:59.634 [Test worker] DEBUG com.github.dockerjava.zerodep.shaded.org.apache.hc.client5.http.wire - http-outgoing-2 << "Date: Sat, 16 Dec 2023 13:06:59 GMT[\r][\n]"
21:06:59.634 [Test worker] DEBUG com.github.dockerjava.zerodep.shaded.org.apache.hc.client5.http.wire - http-outgoing-2 << "Docker-Experimental: false[\r][\n]"
21:06:59.634 [Test worker] DEBUG com.github.dockerjava.zerodep.shaded.org.apache.hc.client5.http.wire - http-outgoing-2 << "Ostype: linux[\r][\n]"
21:06:59.634 [Test worker] DEBUG com.github.dockerjava.zerodep.shaded.org.apache.hc.client5.http.wire - http-outgoing-2 << "Server: Docker/20.10.22 (linux)[\r][\n]"
21:06:59.634 [Test worker] DEBUG com.github.dockerjava.zerodep.shaded.org.apache.hc.client5.http.wire - http-outgoing-2 << "[\r][\n]"
21:06:59.635 [Test worker] DEBUG com.github.dockerjava.zerodep.shaded.org.apache.hc.client5.http.headers - http-outgoing-2 << HTTP/1.1 204 No Content
21:06:59.635 [Test worker] DEBUG com.github.dockerjava.zerodep.shaded.org.apache.hc.client5.http.headers - http-outgoing-2 << Api-Version: 1.41
21:06:59.635 [Test worker] DEBUG com.github.dockerjava.zerodep.shaded.org.apache.hc.client5.http.headers - http-outgoing-2 << Date: Sat, 16 Dec 2023 13:06:59 GMT
21:06:59.635 [Test worker] DEBUG com.github.dockerjava.zerodep.shaded.org.apache.hc.client5.http.headers - http-outgoing-2 << Docker-Experimental: false
21:06:59.635 [Test worker] DEBUG com.github.dockerjava.zerodep.shaded.org.apache.hc.client5.http.headers - http-outgoing-2 << Ostype: linux
21:06:59.635 [Test worker] DEBUG com.github.dockerjava.zerodep.shaded.org.apache.hc.client5.http.headers - http-outgoing-2 << Server: Docker/20.10.22 (linux)
21:06:59.635 [Test worker] DEBUG com.github.dockerjava.zerodep.shaded.org.apache.hc.client5.http.impl.classic.MainClientExec - ex-0000000C: connection can be kept alive for 3 MINUTES
21:06:59.635 [Test worker] DEBUG com.github.dockerjava.zerodep.shaded.org.apache.hc.client5.http.impl.classic.InternalHttpClient - ep-0000000B: releasing valid endpoint
21:06:59.635 [Test worker] DEBUG com.github.dockerjava.zerodep.shaded.org.apache.hc.client5.http.impl.io.PoolingHttpClientConnectionManager - ep-0000000B: releasing endpoint
21:06:59.635 [Test worker] DEBUG com.github.dockerjava.zerodep.shaded.org.apache.hc.client5.http.impl.io.PoolingHttpClientConnectionManager - ep-0000000B: connection http-outgoing-2 can be kept alive for 3 MINUTES
21:06:59.635 [Test worker] DEBUG com.github.dockerjava.zerodep.shaded.org.apache.hc.client5.http.impl.io.PoolingHttpClientConnectionManager - ep-0000000B: connection released [route: {}->unix://localhost:2375][total available: 1; route allocated: 1 of 2147483647; total allocated: 1 of 2147483647]
21:06:59.636 [Test worker] DEBUG org.testcontainers.shaded.com.github.dockerjava.core.command.AbstrDockerCmd - Cmd: 50f3f58562de30616871f7ca3f597556bc0b872386c9e0a8670fe77cacbef137,false
21:06:59.636 [docker-java-stream-1545626731] DEBUG com.github.dockerjava.zerodep.shaded.org.apache.hc.client5.http.impl.classic.InternalHttpClient - ex-0000000D: preparing request execution
21:06:59.636 [Test worker] DEBUG org.testcontainers.shaded.com.github.dockerjava.core.exec.InspectContainerCmdExec - GET: DefaultWebTarget{path=[/containers/50f3f58562de30616871f7ca3f597556bc0b872386c9e0a8670fe77cacbef137/json], queryParams={}}
21:06:59.637 [Test worker] DEBUG com.github.dockerjava.zerodep.shaded.org.apache.hc.client5.http.impl.classic.InternalHttpClient - ex-0000000E: preparing request execution
21:06:59.637 [docker-java-stream-1545626731] DEBUG com.github.dockerjava.zerodep.shaded.org.apache.hc.client5.http.protocol.RequestAddCookies - Cookie spec selected: strict
21:06:59.637 [Test worker] DEBUG com.github.dockerjava.zerodep.shaded.org.apache.hc.client5.http.protocol.RequestAddCookies - Cookie spec selected: strict
21:06:59.637 [docker-java-stream-1545626731] DEBUG com.github.dockerjava.zerodep.shaded.org.apache.hc.client5.http.protocol.RequestAuthCache - Auth cache not set in the context
21:06:59.637 [docker-java-stream-1545626731] DEBUG com.github.dockerjava.zerodep.shaded.org.apache.hc.client5.http.impl.classic.ProtocolExec - ex-0000000D: target auth state: UNCHALLENGED
21:06:59.637 [docker-java-stream-1545626731] DEBUG com.github.dockerjava.zerodep.shaded.org.apache.hc.client5.http.impl.classic.ProtocolExec - ex-0000000D: proxy auth state: UNCHALLENGED
21:06:59.637 [docker-java-stream-1545626731] DEBUG com.github.dockerjava.zerodep.shaded.org.apache.hc.client5.http.impl.classic.ConnectExec - ex-0000000D: acquiring connection with route {}->unix://localhost:2375
21:06:59.637 [Test worker] DEBUG com.github.dockerjava.zerodep.shaded.org.apache.hc.client5.http.protocol.RequestAuthCache - Auth cache not set in the context
21:06:59.637 [Test worker] DEBUG com.github.dockerjava.zerodep.shaded.org.apache.hc.client5.http.impl.classic.ProtocolExec - ex-0000000E: target auth state: UNCHALLENGED
21:06:59.637 [Test worker] DEBUG com.github.dockerjava.zerodep.shaded.org.apache.hc.client5.http.impl.classic.ProtocolExec - ex-0000000E: proxy auth state: UNCHALLENGED
21:06:59.637 [Test worker] DEBUG com.github.dockerjava.zerodep.shaded.org.apache.hc.client5.http.impl.classic.ConnectExec - ex-0000000E: acquiring connection with route {}->unix://localhost:2375
21:06:59.637 [docker-java-stream-1545626731] DEBUG com.github.dockerjava.zerodep.shaded.org.apache.hc.client5.http.impl.classic.InternalHttpClient - ex-0000000D: acquiring endpoint (3 MINUTES)
21:06:59.637 [Test worker] DEBUG com.github.dockerjava.zerodep.shaded.org.apache.hc.client5.http.impl.classic.InternalHttpClient - ex-0000000E: acquiring endpoint (3 MINUTES)
21:06:59.637 [Test worker] DEBUG com.github.dockerjava.zerodep.shaded.org.apache.hc.client5.http.impl.io.PoolingHttpClientConnectionManager - ex-0000000E: endpoint lease request (3 MINUTES) [route: {}->unix://localhost:2375][total available: 1; route allocated: 1 of 2147483647; total allocated: 1 of 2147483647]
21:06:59.637 [docker-java-stream-1545626731] DEBUG com.github.dockerjava.zerodep.shaded.org.apache.hc.client5.http.impl.io.PoolingHttpClientConnectionManager - ex-0000000D: endpoint lease request (3 MINUTES) [route: {}->unix://localhost:2375][total available: 1; route allocated: 1 of 2147483647; total allocated: 1 of 2147483647]
21:06:59.637 [docker-java-stream-1545626731] DEBUG com.github.dockerjava.zerodep.shaded.org.apache.hc.client5.http.impl.io.PoolingHttpClientConnectionManager - ex-0000000D: endpoint leased [route: {}->unix://localhost:2375][total available: 0; route allocated: 2 of 2147483647; total allocated: 2 of 2147483647]
21:06:59.637 [Test worker] DEBUG com.github.dockerjava.zerodep.shaded.org.apache.hc.client5.http.impl.io.PoolingHttpClientConnectionManager - ex-0000000E: endpoint leased [route: {}->unix://localhost:2375][total available: 0; route allocated: 2 of 2147483647; total allocated: 2 of 2147483647]
21:06:59.637 [Test worker] DEBUG com.github.dockerjava.zerodep.shaded.org.apache.hc.client5.http.impl.io.PoolingHttpClientConnectionManager - ex-0000000E: acquired ep-0000000D
21:06:59.637 [docker-java-stream-1545626731] DEBUG com.github.dockerjava.zerodep.shaded.org.apache.hc.client5.http.impl.io.PoolingHttpClientConnectionManager - ex-0000000D: acquired ep-0000000C
21:06:59.637 [docker-java-stream-1545626731] DEBUG com.github.dockerjava.zerodep.shaded.org.apache.hc.client5.http.impl.classic.InternalHttpClient - ex-0000000D: acquired endpoint ep-0000000C
21:06:59.637 [Test worker] DEBUG com.github.dockerjava.zerodep.shaded.org.apache.hc.client5.http.impl.classic.InternalHttpClient - ex-0000000E: acquired endpoint ep-0000000D
21:06:59.637 [docker-java-stream-1545626731] DEBUG com.github.dockerjava.zerodep.shaded.org.apache.hc.client5.http.impl.classic.ConnectExec - ex-0000000D: opening connection {}->unix://localhost:2375
21:06:59.638 [Test worker] DEBUG com.github.dockerjava.zerodep.shaded.org.apache.hc.client5.http.impl.classic.MainClientExec - ex-0000000E: executing GET /v1.32/containers/50f3f58562de30616871f7ca3f597556bc0b872386c9e0a8670fe77cacbef137/json HTTP/1.1
21:06:59.638 [Test worker] DEBUG com.github.dockerjava.zerodep.shaded.org.apache.hc.client5.http.impl.classic.InternalHttpClient - ep-0000000D: start execution ex-0000000E
21:06:59.638 [Test worker] DEBUG com.github.dockerjava.zerodep.shaded.org.apache.hc.client5.http.impl.io.PoolingHttpClientConnectionManager - ep-0000000D: executing exchange ex-0000000E over http-outgoing-2
21:06:59.638 [docker-java-stream-1545626731] DEBUG com.github.dockerjava.zerodep.shaded.org.apache.hc.client5.http.impl.classic.InternalHttpClient - ep-0000000C: connecting endpoint (3 MINUTES)
21:06:59.638 [Test worker] DEBUG com.github.dockerjava.zerodep.shaded.org.apache.hc.client5.http.headers - http-outgoing-2 >> GET /v1.32/containers/50f3f58562de30616871f7ca3f597556bc0b872386c9e0a8670fe77cacbef137/json HTTP/1.1
21:06:59.638 [Test worker] DEBUG com.github.dockerjava.zerodep.shaded.org.apache.hc.client5.http.headers - http-outgoing-2 >> accept: application/json
21:06:59.638 [Test worker] DEBUG com.github.dockerjava.zerodep.shaded.org.apache.hc.client5.http.headers - http-outgoing-2 >> x-tc-sid: c0789b71-e0d5-4fdf-af56-342687b761a1
21:06:59.638 [Test worker] DEBUG com.github.dockerjava.zerodep.shaded.org.apache.hc.client5.http.headers - http-outgoing-2 >> User-Agent: tc-java/1.19.3
21:06:59.638 [docker-java-stream-1545626731] DEBUG com.github.dockerjava.zerodep.shaded.org.apache.hc.client5.http.impl.io.PoolingHttpClientConnectionManager - ep-0000000C: connecting endpoint to unix://localhost:2375 (3 MINUTES)
21:06:59.638 [Test worker] DEBUG com.github.dockerjava.zerodep.shaded.org.apache.hc.client5.http.headers - http-outgoing-2 >> Accept-Encoding: gzip, x-gzip, deflate
21:06:59.638 [Test worker] DEBUG com.github.dockerjava.zerodep.shaded.org.apache.hc.client5.http.headers - http-outgoing-2 >> Host: localhost:2375
21:06:59.638 [Test worker] DEBUG com.github.dockerjava.zerodep.shaded.org.apache.hc.client5.http.headers - http-outgoing-2 >> Connection: keep-alive
21:06:59.638 [Test worker] DEBUG com.github.dockerjava.zerodep.shaded.org.apache.hc.client5.http.wire - http-outgoing-2 >> "GET /v1.32/containers/50f3f58562de30616871f7ca3f597556bc0b872386c9e0a8670fe77cacbef137/json HTTP/1.1[\r][\n]"
21:06:59.638 [Test worker] DEBUG com.github.dockerjava.zerodep.shaded.org.apache.hc.client5.http.wire - http-outgoing-2 >> "accept: application/json[\r][\n]"
21:06:59.638 [Test worker] DEBUG com.github.dockerjava.zerodep.shaded.org.apache.hc.client5.http.wire - http-outgoing-2 >> "x-tc-sid: c0789b71-e0d5-4fdf-af56-342687b761a1[\r][\n]"
21:06:59.638 [Test worker] DEBUG com.github.dockerjava.zerodep.shaded.org.apache.hc.client5.http.wire - http-outgoing-2 >> "User-Agent: tc-java/1.19.3[\r][\n]"
21:06:59.638 [Test worker] DEBUG com.github.dockerjava.zerodep.shaded.org.apache.hc.client5.http.wire - http-outgoing-2 >> "Accept-Encoding: gzip, x-gzip, deflate[\r][\n]"
21:06:59.638 [Test worker] DEBUG com.github.dockerjava.zerodep.shaded.org.apache.hc.client5.http.wire - http-outgoing-2 >> "Host: localhost:2375[\r][\n]"
21:06:59.638 [Test worker] DEBUG com.github.dockerjava.zerodep.shaded.org.apache.hc.client5.http.wire - http-outgoing-2 >> "Connection: keep-alive[\r][\n]"
21:06:59.638 [Test worker] DEBUG com.github.dockerjava.zerodep.shaded.org.apache.hc.client5.http.wire - http-outgoing-2 >> "[\r][\n]"
21:06:59.638 [docker-java-stream-1545626731] DEBUG com.github.dockerjava.zerodep.shaded.org.apache.hc.client5.http.impl.io.DefaultHttpClientConnectionOperator - http-outgoing-3: connecting to localhost/127.0.0.1:2375
21:06:59.638 [docker-java-stream-1545626731] DEBUG com.github.dockerjava.zerodep.shaded.org.apache.hc.client5.http.impl.io.DefaultHttpClientConnectionOperator - http-outgoing-3: connection established /var/run/docker.sock<->/var/run/docker.sock
21:06:59.638 [docker-java-stream-1545626731] DEBUG com.github.dockerjava.zerodep.shaded.org.apache.hc.client5.http.impl.io.PoolingHttpClientConnectionManager - ep-0000000C: connected http-outgoing-3
21:06:59.638 [docker-java-stream-1545626731] DEBUG com.github.dockerjava.zerodep.shaded.org.apache.hc.client5.http.impl.classic.InternalHttpClient - ep-0000000C: endpoint connected
21:06:59.638 [docker-java-stream-1545626731] DEBUG com.github.dockerjava.zerodep.shaded.org.apache.hc.client5.http.impl.classic.MainClientExec - ex-0000000D: executing GET /v1.32/containers/50f3f58562de30616871f7ca3f597556bc0b872386c9e0a8670fe77cacbef137/logs?stdout=true&stderr=true&follow=true&since=0 HTTP/1.1
21:06:59.638 [docker-java-stream-1545626731] DEBUG com.github.dockerjava.zerodep.shaded.org.apache.hc.client5.http.impl.classic.InternalHttpClient - ep-0000000C: start execution ex-0000000D
21:06:59.638 [docker-java-stream-1545626731] DEBUG com.github.dockerjava.zerodep.shaded.org.apache.hc.client5.http.impl.io.PoolingHttpClientConnectionManager - ep-0000000C: executing exchange ex-0000000D over http-outgoing-3
21:06:59.638 [docker-java-stream-1545626731] DEBUG com.github.dockerjava.zerodep.shaded.org.apache.hc.client5.http.headers - http-outgoing-3 >> GET /v1.32/containers/50f3f58562de30616871f7ca3f597556bc0b872386c9e0a8670fe77cacbef137/logs?stdout=true&stderr=true&follow=true&since=0 HTTP/1.1
21:06:59.638 [docker-java-stream-1545626731] DEBUG com.github.dockerjava.zerodep.shaded.org.apache.hc.client5.http.headers - http-outgoing-3 >> x-tc-sid: c0789b71-e0d5-4fdf-af56-342687b761a1
21:06:59.638 [docker-java-stream-1545626731] DEBUG com.github.dockerjava.zerodep.shaded.org.apache.hc.client5.http.headers - http-outgoing-3 >> User-Agent: tc-java/1.19.3
21:06:59.638 [docker-java-stream-1545626731] DEBUG com.github.dockerjava.zerodep.shaded.org.apache.hc.client5.http.headers - http-outgoing-3 >> Accept-Encoding: gzip, x-gzip, deflate
21:06:59.638 [docker-java-stream-1545626731] DEBUG com.github.dockerjava.zerodep.shaded.org.apache.hc.client5.http.headers - http-outgoing-3 >> Host: localhost:2375
21:06:59.638 [docker-java-stream-1545626731] DEBUG com.github.dockerjava.zerodep.shaded.org.apache.hc.client5.http.headers - http-outgoing-3 >> Connection: keep-alive
21:06:59.638 [docker-java-stream-1545626731] DEBUG com.github.dockerjava.zerodep.shaded.org.apache.hc.client5.http.wire - http-outgoing-3 >> "GET /v1.32/containers/50f3f58562de30616871f7ca3f597556bc0b872386c9e0a8670fe77cacbef137/logs?stdout=true&stderr=true&follow=true&since=0 HTTP/1.1[\r][\n]"
21:06:59.638 [docker-java-stream-1545626731] DEBUG com.github.dockerjava.zerodep.shaded.org.apache.hc.client5.http.wire - http-outgoing-3 >> "x-tc-sid: c0789b71-e0d5-4fdf-af56-342687b761a1[\r][\n]"
21:06:59.638 [docker-java-stream-1545626731] DEBUG com.github.dockerjava.zerodep.shaded.org.apache.hc.client5.http.wire - http-outgoing-3 >> "User-Agent: tc-java/1.19.3[\r][\n]"
21:06:59.638 [docker-java-stream-1545626731] DEBUG com.github.dockerjava.zerodep.shaded.org.apache.hc.client5.http.wire - http-outgoing-3 >> "Accept-Encoding: gzip, x-gzip, deflate[\r][\n]"
21:06:59.638 [docker-java-stream-1545626731] DEBUG com.github.dockerjava.zerodep.shaded.org.apache.hc.client5.http.wire - http-outgoing-3 >> "Host: localhost:2375[\r][\n]"
21:06:59.638 [docker-java-stream-1545626731] DEBUG com.github.dockerjava.zerodep.shaded.org.apache.hc.client5.http.wire - http-outgoing-3 >> "Connection: keep-alive[\r][\n]"
21:06:59.638 [docker-java-stream-1545626731] DEBUG com.github.dockerjava.zerodep.shaded.org.apache.hc.client5.http.wire - http-outgoing-3 >> "[\r][\n]"
21:06:59.640 [docker-java-stream-1545626731] DEBUG com.github.dockerjava.zerodep.shaded.org.apache.hc.client5.http.wire - http-outgoing-3 << "HTTP/1.1 200 OK[\r][\n]"
21:06:59.640 [docker-java-stream-1545626731] DEBUG com.github.dockerjava.zerodep.shaded.org.apache.hc.client5.http.wire - http-outgoing-3 << "Api-Version: 1.41[\r][\n]"
21:06:59.640 [docker-java-stream-1545626731] DEBUG com.github.dockerjava.zerodep.shaded.org.apache.hc.client5.http.wire - http-outgoing-3 << "Date: Sat, 16 Dec 2023 13:06:59 GMT[\r][\n]"
21:06:59.640 [docker-java-stream-1545626731] DEBUG com.github.dockerjava.zerodep.shaded.org.apache.hc.client5.http.wire - http-outgoing-3 << "Docker-Experimental: false[\r][\n]"
21:06:59.640 [docker-java-stream-1545626731] DEBUG com.github.dockerjava.zerodep.shaded.org.apache.hc.client5.http.wire - http-outgoing-3 << "Ostype: linux[\r][\n]"
21:06:59.640 [docker-java-stream-1545626731] DEBUG com.github.dockerjava.zerodep.shaded.org.apache.hc.client5.http.wire - http-outgoing-3 << "Server: Docker/20.10.22 (linux)[\r][\n]"
21:06:59.640 [docker-java-stream-1545626731] DEBUG com.github.dockerjava.zerodep.shaded.org.apache.hc.client5.http.wire - http-outgoing-3 << "Transfer-Encoding: chunked[\r][\n]"
21:06:59.640 [Test worker] DEBUG com.github.dockerjava.zerodep.shaded.org.apache.hc.client5.http.wire - http-outgoing-2 << "HTTP/1.1 200 OK[\r][\n]"
21:06:59.640 [docker-java-stream-1545626731] DEBUG com.github.dockerjava.zerodep.shaded.org.apache.hc.client5.http.wire - http-outgoing-3 << "[\r][\n]"
21:06:59.640 [Test worker] DEBUG com.github.dockerjava.zerodep.shaded.org.apache.hc.client5.http.wire - http-outgoing-2 << "Api-Version: 1.41[\r][\n]"
21:06:59.640 [Test worker] DEBUG com.github.dockerjava.zerodep.shaded.org.apache.hc.client5.http.wire - http-outgoing-2 << "Content-Type: application/json[\r][\n]"
21:06:59.640 [Test worker] DEBUG com.github.dockerjava.zerodep.shaded.org.apache.hc.client5.http.wire - http-outgoing-2 << "Date: Sat, 16 Dec 2023 13:06:59 GMT[\r][\n]"
21:06:59.640 [Test worker] DEBUG com.github.dockerjava.zerodep.shaded.org.apache.hc.client5.http.wire - http-outgoing-2 << "Docker-Experimental: false[\r][\n]"
21:06:59.640 [Test worker] DEBUG com.github.dockerjava.zerodep.shaded.org.apache.hc.client5.http.wire - http-outgoing-2 << "Ostype: linux[\r][\n]"
21:06:59.640 [Test worker] DEBUG com.github.dockerjava.zerodep.shaded.org.apache.hc.client5.http.wire - http-outgoing-2 << "Server: Docker/20.10.22 (linux)[\r][\n]"
21:06:59.640 [Test worker] DEBUG com.github.dockerjava.zerodep.shaded.org.apache.hc.client5.http.wire - http-outgoing-2 << "Transfer-Encoding: chunked[\r][\n]"
21:06:59.640 [docker-java-stream-1545626731] DEBUG com.github.dockerjava.zerodep.shaded.org.apache.hc.client5.http.headers - http-outgoing-3 << HTTP/1.1 200 OK
21:06:59.640 [docker-java-stream-1545626731] DEBUG com.github.dockerjava.zerodep.shaded.org.apache.hc.client5.http.headers - http-outgoing-3 << Api-Version: 1.41
21:06:59.640 [docker-java-stream-1545626731] DEBUG com.github.dockerjava.zerodep.shaded.org.apache.hc.client5.http.headers - http-outgoing-3 << Date: Sat, 16 Dec 2023 13:06:59 GMT
21:06:59.640 [docker-java-stream-1545626731] DEBUG com.github.dockerjava.zerodep.shaded.org.apache.hc.client5.http.headers - http-outgoing-3 << Docker-Experimental: false
21:06:59.640 [docker-java-stream-1545626731] DEBUG com.github.dockerjava.zerodep.shaded.org.apache.hc.client5.http.headers - http-outgoing-3 << Ostype: linux
21:06:59.640 [docker-java-stream-1545626731] DEBUG com.github.dockerjava.zerodep.shaded.org.apache.hc.client5.http.headers - http-outgoing-3 << Server: Docker/20.10.22 (linux)
21:06:59.640 [docker-java-stream-1545626731] DEBUG com.github.dockerjava.zerodep.shaded.org.apache.hc.client5.http.headers - http-outgoing-3 << Transfer-Encoding: chunked
21:06:59.640 [Test worker] DEBUG com.github.dockerjava.zerodep.shaded.org.apache.hc.client5.http.wire - http-outgoing-2 << "[\r][\n]"
21:06:59.640 [Test worker] DEBUG com.github.dockerjava.zerodep.shaded.org.apache.hc.client5.http.headers - http-outgoing-2 << HTTP/1.1 200 OK
21:06:59.640 [Test worker] DEBUG com.github.dockerjava.zerodep.shaded.org.apache.hc.client5.http.headers - http-outgoing-2 << Api-Version: 1.41
21:06:59.640 [Test worker] DEBUG com.github.dockerjava.zerodep.shaded.org.apache.hc.client5.http.headers - http-outgoing-2 << Content-Type: application/json
21:06:59.640 [Test worker] DEBUG com.github.dockerjava.zerodep.shaded.org.apache.hc.client5.http.headers - http-outgoing-2 << Date: Sat, 16 Dec 2023 13:06:59 GMT
21:06:59.640 [Test worker] DEBUG com.github.dockerjava.zerodep.shaded.org.apache.hc.client5.http.headers - http-outgoing-2 << Docker-Experimental: false
21:06:59.640 [Test worker] DEBUG com.github.dockerjava.zerodep.shaded.org.apache.hc.client5.http.headers - http-outgoing-2 << Ostype: linux
21:06:59.640 [Test worker] DEBUG com.github.dockerjava.zerodep.shaded.org.apache.hc.client5.http.headers - http-outgoing-2 << Server: Docker/20.10.22 (linux)
21:06:59.640 [Test worker] DEBUG com.github.dockerjava.zerodep.shaded.org.apache.hc.client5.http.headers - http-outgoing-2 << Transfer-Encoding: chunked
21:06:59.641 [Test worker] DEBUG com.github.dockerjava.zerodep.shaded.org.apache.hc.client5.http.impl.classic.MainClientExec - ex-0000000E: connection can be kept alive for 3 MINUTES
21:06:59.641 [docker-java-stream-1545626731] DEBUG com.github.dockerjava.zerodep.shaded.org.apache.hc.client5.http.impl.classic.MainClientExec - ex-0000000D: connection can be kept alive for 3 MINUTES
21:06:59.643 [Test worker] DEBUG com.github.dockerjava.zerodep.shaded.org.apache.hc.client5.http.wire - http-outgoing-2 << "1ad4[\r][\n]"
21:06:59.643 [Test worker] DEBUG com.github.dockerjava.zerodep.shaded.org.apache.hc.client5.http.wire - http-outgoing-2 << "{"Id":"50f3f58562de30616871f7ca3f597556bc0b872386c9e0a8670fe77cacbef137","Created":"2023-12-16T13:06:59.172198177Z","Path":"/opt/keycloak/bin/kc.sh","Args":["start-dev","--import-realm","--metrics-enabled=false"],"State":{"Status":"running","Running":true,"Paused":false,"Restarting":false,"OOMKilled":false,"Dead":false,"Pid":266756,"ExitCode":0,"Error":"","StartedAt":"2023-12-16T13:06:59.632204635Z","FinishedAt":"0001-01-01T00:00:00Z"},"Image":"sha256:2211d1e0842fe4d59c9b3e64e4ddff2274df74dfbd9073279d1b96330e6d4774","ResolvConfPath":"/var/lib/docker/containers/50f3f58562de30616871f7ca3f597556bc0b872386c9e0a8670fe77cacbef137/resolv.conf","HostnamePath":"/var/lib/docker/containers/50f3f58562de30616871f7ca3f597556bc0b872386c9e0a8670fe77cacbef137/hostname","HostsPath":"/var/lib/docker/containers/50f3f58562de30616871f7ca3f597556bc0b872386c9e0a8670fe77cacbef137/hosts","LogPath":"/var/lib/docker/containers/50f3f58562de30616871f7ca3f597556bc0b872386c9e0a8670fe77cacbef137/50f3f58562de30616871f7ca3f597556bc0b872386c9e0a8670fe77cacbef137-json.log","Name":"/stupefied_zhukovsky","RestartCount":0,"Driver":"overlay2","Platform":"linux","MountLabel":"","ProcessLabel":"","AppArmorProfile":"","ExecIDs":null,"HostConfig":{"Binds":[],"ContainerIDFile":"","LogConfig":{"Type":"json-file","Config":{}},"NetworkMode":"default","PortBindings":{"8080/tcp":[{"HostIp":"0.0.0.0","HostPort":"0"}],"8443/tcp":[{"HostIp":"0.0.0.0","HostPort":"0"}]},"RestartPolicy":{"Name":"","MaximumRetryCount":0},"AutoRemove":false,"VolumeDriver":"","VolumesFrom":[],"CapAdd":null,"CapDrop":null,"CgroupnsMode":"private","Dns":null,"DnsOptions":null,"DnsSearch":null,"ExtraHosts":[],"GroupAdd":null,"IpcMode":"shareable","Cgroup":"","Links":null,"OomScoreAdj":0,"PidMode":"","Privileged":false,"PublishAllPorts":false,"ReadonlyRootfs":false,"SecurityOpt":null,"UTSMode":"","UsernsMode":"","ShmSize":67108864,"Runtime":"runc","ConsoleSize":[0,0],"Isolation":"","CpuShares":0,"Memory":0,"NanoCpus":0,"CgroupParent":"","BlkioWeight":0,"BlkioWeightDevice":null,"BlkioDeviceReadBps":null,"BlkioDeviceWriteBps":null,"BlkioDeviceReadIOps":null,"BlkioDeviceWriteIOps":null,"CpuPeriod":0,"CpuQuota":0,"CpuRealtimePeriod":0,"CpuRealtimeRuntime":0,"CpusetCpus":"","CpusetMems":"","Devices":null,"DeviceCgroupRules":null,"DeviceRequests":null,"KernelMemory":0,"KernelMemoryTCP":0,"MemoryReservation":0,"MemorySwap":0,"MemorySwappiness":null,"OomKillDisable":null,"PidsLimit":null,"Ulimits":null,"CpuCount":0,"CpuPercent":0,"IOMaximumIOps":0,"IOMaximumBandwidth":0,"MaskedPaths":["/proc/asound","/proc/acpi","/proc/kcore","/proc/keys","/proc/latency_stats","/proc/timer_list","/proc/timer_stats","/proc/sched_debug","/proc/scsi","/sys/firmware"],"ReadonlyPaths":["/proc/bus","/proc/fs","/proc/irq","/proc/sys","/proc/sysrq-trigger"]},"GraphDriver":{"Data":{"LowerDir":"/var/lib/docker/overlay2/d6b5991c3d4af4c0abba9ecae03b02a58e6a06819351d7fbd532bf615855e90f-init/diff:/var/lib/docker/overlay2/57439a78159c54fffdbbb6148c2f79b74b26f68b2667d8c72974fed490fee128/diff:/var/lib/docker/overlay2/28e8da79ab9c470495f78149be3be6997e60b0ad8c62cd113277b2eff0b43305/diff:/var/lib/docker/overlay2/bdaf3fcee4243c7304e3906f37bf136da8386537877ad9fe3c2527d7968cc469/diff:/var/lib/docker/overlay2/82fedc8902080dc53d0d1cb16de7504be0d897e3e8e8dfc7af21c7de62c7372e/diff","MergedDir":"/var/lib/docker/overlay2/d6b5991c3d4af4c0abba9ecae03b02a58e6a06819351d7fbd532bf615855e90f/merged","UpperDir":"/var/lib/docker/overlay2/d6b5991c3d4af4c0abba9ecae03b02a58e6a06819351d7fbd532bf615855e90f/diff","WorkDir":"/var/lib/docker/overlay2/d6b5991c3d4af4c0abba9ecae03b02a58e6a06819351d7fbd532bf615855e90f/work"},"Name":"overlay2"},"Mounts":[],"Config":{"Hostname":"50f3f58562de","Domainname":"","User":"1000","AttachStdin":false,"AttachStdout":false,"AttachStderr":false,"ExposedPorts":{"8080/tcp":{},"8443/tcp":{}},"Tty":false,"OpenStdin":false,"StdinOnce":false,"Env":["KEYCLOAK_ADMIN_PASSWORD=admin","KEYCLOAK_ADMIN=admin","KC_SPI_THEME_CACHE_THEMES=true","KC_SPI_THEME_STATIC_MAX_AGE=2592000","KC_SPI_THEME_CACHE_TEMPLATES=true","PATH=/usr/local/sbin:/usr/local/bin:/usr/sbin:/usr/bin:/sbin:/bin","LANG=en_US.UTF-8"],"Cmd":["start-dev","--import-realm","--metrics-enabled=false"],"Image":"quay.io/keycloak/keycloak:23.0","Volumes":null,"WorkingDir":"","Entrypoint":["/opt/keycloak/bin/kc.sh"],"OnBuild":null,"Labels":{"architecture":"aarch64","build-date":"2023-12-07T06:07:13","com.redhat.component":"ubi9-micro-container","com.redhat.license_terms":"https://www.redhat.com/en/about/red-hat-end-user-license-agreements#UBI","description":"Very small image which doesn't install the package manager.","distribution-scope":"public","io.buildah.version":"1.29.0","io.k8s.description":"Very small image which doesn't install the package manager.","io.k8s.display-name":"Ubi9-micro","io.openshift.expose-services":"","maintainer":"Red Hat, Inc.","name":"ubi9/ubi-micro","org.opencontainers.image.created":"2023-12-15T14:11:15.793Z","org.opencontainers.image.description":"","org.opencontainers.image.licenses":"Apache-2.0","org.opencontainers.image.revision":"1e1a5a5199da598fe271ca313b7ba8880669fe25","org.opencontainers.image.source":"https://github.com/keycloak-rel/keycloak-rel","org.opencontainers.image.title":"keycloak-rel","org.opencontainers.image.url":"https://github.com/keycloak-rel/keycloak-rel","org.opencontainers.image.version":"23.0.3","org.testcontainers":"true","org.testcontainers.lang":"java","org.testcontainers.sessionId":"c0789b71-e0d5-4fdf-af56-342687b761a1","org.testcontainers.version":"1.19.3","release":"9","summary":"ubi9 micro image","url":"https://access.redhat.com/containers/#/registry.access.redhat.com/ubi9/ubi-micro/images/9.3-9","vcs-ref":"7c8efa4a6b572674bf941c8ad74c59eb3ac8b9df","vcs-type":"git","vendor":"Red Hat, Inc.","version":"9.3"}},"NetworkSettings":{"Bridge":"","SandboxID":"532a8cf07315e8a63ef389fbf6273a80bf7b92dcfd6a57049b22f68dbe861b0e","HairpinMode":false,"LinkLocalIPv6Address":"","LinkLocalIPv6PrefixLen":0,"Ports":{"8080/tcp":[{"HostIp":"0.0.0.0","HostPort":"65283"}],"8443/tcp":[{"HostIp":"0.0.0.0","HostPort":"65284"}]},"SandboxKey":"/var/run/docker/netns/532a8cf07315","SecondaryIPAddresses":null,"SecondaryIPv6Addresses":null,"EndpointID":"daa038dcd44d3a37e0924c7df7a0a54b8eaba44e7141f81a3061dc6d70d0197c","Gateway":"172.17.0.1","GlobalIPv6Address":"","GlobalIPv6PrefixLen":0,"IPAddress":"172.17.0.3","IPPrefixLen":16,"IPv6Gateway":"","MacAddress":"02:42:ac:11:00:03","Networks":{"bridge":{"IPAMConfig":null,"Links":null,"Aliases":null,"NetworkID":"ca634816336aa911c0cbe985e5caecb4dbd666f2d1f7f87bf76e453e28b86f6a","EndpointID":"daa038dcd44d3a37e0924c7df7a0a54b8eaba44e7141f81a3061dc6d70d0197c","Gateway":"172.17.0.1","IPAddress":"172.17.0.3","IPPrefixLen":16,"IPv6Gateway":"","GlobalIPv6Address":"","GlobalIPv6PrefixLen":0,"MacAddress":"02:42:ac:11:00:03","DriverOpts":null}}}}[\n]"
21:06:59.643 [Test worker] DEBUG com.github.dockerjava.zerodep.shaded.org.apache.hc.client5.http.wire - http-outgoing-2 << "[\r][\n]"
21:06:59.645 [Test worker] DEBUG com.github.dockerjava.zerodep.shaded.org.apache.hc.client5.http.wire - http-outgoing-2 << "0[\r][\n]"
21:06:59.645 [Test worker] DEBUG com.github.dockerjava.zerodep.shaded.org.apache.hc.client5.http.wire - http-outgoing-2 << "[\r][\n]"
21:06:59.645 [Test worker] DEBUG com.github.dockerjava.zerodep.shaded.org.apache.hc.client5.http.impl.classic.InternalHttpClient - ep-0000000D: releasing valid endpoint
21:06:59.645 [Test worker] DEBUG com.github.dockerjava.zerodep.shaded.org.apache.hc.client5.http.impl.io.PoolingHttpClientConnectionManager - ep-0000000D: releasing endpoint
21:06:59.645 [Test worker] DEBUG com.github.dockerjava.zerodep.shaded.org.apache.hc.client5.http.impl.io.PoolingHttpClientConnectionManager - ep-0000000D: connection http-outgoing-2 can be kept alive for 3 MINUTES
21:06:59.645 [Test worker] DEBUG com.github.dockerjava.zerodep.shaded.org.apache.hc.client5.http.impl.io.PoolingHttpClientConnectionManager - ep-0000000D: connection released [route: {}->unix://localhost:2375][total available: 1; route allocated: 2 of 2147483647; total allocated: 2 of 2147483647]
21:06:59.645 [Test worker] DEBUG org.testcontainers.shaded.com.github.dockerjava.core.command.AbstrDockerCmd - Cmd: sha256:2211d1e0842fe4d59c9b3e64e4ddff2274df74dfbd9073279d1b96330e6d4774
21:06:59.645 [Test worker] DEBUG com.github.dockerjava.zerodep.shaded.org.apache.hc.client5.http.impl.classic.InternalHttpClient - ex-0000000F: preparing request execution
21:06:59.645 [Test worker] DEBUG com.github.dockerjava.zerodep.shaded.org.apache.hc.client5.http.protocol.RequestAddCookies - Cookie spec selected: strict
21:06:59.645 [Test worker] DEBUG com.github.dockerjava.zerodep.shaded.org.apache.hc.client5.http.protocol.RequestAuthCache - Auth cache not set in the context
21:06:59.645 [Test worker] DEBUG com.github.dockerjava.zerodep.shaded.org.apache.hc.client5.http.impl.classic.ProtocolExec - ex-0000000F: target auth state: UNCHALLENGED
21:06:59.645 [Test worker] DEBUG com.github.dockerjava.zerodep.shaded.org.apache.hc.client5.http.impl.classic.ProtocolExec - ex-0000000F: proxy auth state: UNCHALLENGED
21:06:59.645 [Test worker] DEBUG com.github.dockerjava.zerodep.shaded.org.apache.hc.client5.http.impl.classic.ConnectExec - ex-0000000F: acquiring connection with route {}->unix://localhost:2375
21:06:59.645 [Test worker] DEBUG com.github.dockerjava.zerodep.shaded.org.apache.hc.client5.http.impl.classic.InternalHttpClient - ex-0000000F: acquiring endpoint (3 MINUTES)
21:06:59.645 [Test worker] DEBUG com.github.dockerjava.zerodep.shaded.org.apache.hc.client5.http.impl.io.PoolingHttpClientConnectionManager - ex-0000000F: endpoint lease request (3 MINUTES) [route: {}->unix://localhost:2375][total available: 1; route allocated: 2 of 2147483647; total allocated: 2 of 2147483647]
21:06:59.645 [Test worker] DEBUG com.github.dockerjava.zerodep.shaded.org.apache.hc.client5.http.impl.io.PoolingHttpClientConnectionManager - ex-0000000F: endpoint leased [route: {}->unix://localhost:2375][total available: 0; route allocated: 2 of 2147483647; total allocated: 2 of 2147483647]
21:06:59.645 [Test worker] DEBUG com.github.dockerjava.zerodep.shaded.org.apache.hc.client5.http.impl.io.PoolingHttpClientConnectionManager - ex-0000000F: acquired ep-0000000E
21:06:59.645 [Test worker] DEBUG com.github.dockerjava.zerodep.shaded.org.apache.hc.client5.http.impl.classic.InternalHttpClient - ex-0000000F: acquired endpoint ep-0000000E
21:06:59.645 [Test worker] DEBUG com.github.dockerjava.zerodep.shaded.org.apache.hc.client5.http.impl.classic.MainClientExec - ex-0000000F: executing GET /v1.32/images/sha256:2211d1e0842fe4d59c9b3e64e4ddff2274df74dfbd9073279d1b96330e6d4774/json HTTP/1.1
21:06:59.645 [Test worker] DEBUG com.github.dockerjava.zerodep.shaded.org.apache.hc.client5.http.impl.classic.InternalHttpClient - ep-0000000E: start execution ex-0000000F
21:06:59.645 [Test worker] DEBUG com.github.dockerjava.zerodep.shaded.org.apache.hc.client5.http.impl.io.PoolingHttpClientConnectionManager - ep-0000000E: executing exchange ex-0000000F over http-outgoing-2
21:06:59.645 [Test worker] DEBUG com.github.dockerjava.zerodep.shaded.org.apache.hc.client5.http.headers - http-outgoing-2 >> GET /v1.32/images/sha256:2211d1e0842fe4d59c9b3e64e4ddff2274df74dfbd9073279d1b96330e6d4774/json HTTP/1.1
21:06:59.645 [Test worker] DEBUG com.github.dockerjava.zerodep.shaded.org.apache.hc.client5.http.headers - http-outgoing-2 >> accept: application/json
21:06:59.645 [Test worker] DEBUG com.github.dockerjava.zerodep.shaded.org.apache.hc.client5.http.headers - http-outgoing-2 >> x-tc-sid: c0789b71-e0d5-4fdf-af56-342687b761a1
21:06:59.645 [Test worker] DEBUG com.github.dockerjava.zerodep.shaded.org.apache.hc.client5.http.headers - http-outgoing-2 >> User-Agent: tc-java/1.19.3
21:06:59.645 [Test worker] DEBUG com.github.dockerjava.zerodep.shaded.org.apache.hc.client5.http.headers - http-outgoing-2 >> Accept-Encoding: gzip, x-gzip, deflate
21:06:59.645 [Test worker] DEBUG com.github.dockerjava.zerodep.shaded.org.apache.hc.client5.http.headers - http-outgoing-2 >> Host: localhost:2375
21:06:59.645 [Test worker] DEBUG com.github.dockerjava.zerodep.shaded.org.apache.hc.client5.http.headers - http-outgoing-2 >> Connection: keep-alive
21:06:59.645 [Test worker] DEBUG com.github.dockerjava.zerodep.shaded.org.apache.hc.client5.http.wire - http-outgoing-2 >> "GET /v1.32/images/sha256:2211d1e0842fe4d59c9b3e64e4ddff2274df74dfbd9073279d1b96330e6d4774/json HTTP/1.1[\r][\n]"
21:06:59.645 [Test worker] DEBUG com.github.dockerjava.zerodep.shaded.org.apache.hc.client5.http.wire - http-outgoing-2 >> "accept: application/json[\r][\n]"
21:06:59.645 [Test worker] DEBUG com.github.dockerjava.zerodep.shaded.org.apache.hc.client5.http.wire - http-outgoing-2 >> "x-tc-sid: c0789b71-e0d5-4fdf-af56-342687b761a1[\r][\n]"
21:06:59.645 [Test worker] DEBUG com.github.dockerjava.zerodep.shaded.org.apache.hc.client5.http.wire - http-outgoing-2 >> "User-Agent: tc-java/1.19.3[\r][\n]"
21:06:59.645 [Test worker] DEBUG com.github.dockerjava.zerodep.shaded.org.apache.hc.client5.http.wire - http-outgoing-2 >> "Accept-Encoding: gzip, x-gzip, deflate[\r][\n]"
21:06:59.645 [Test worker] DEBUG com.github.dockerjava.zerodep.shaded.org.apache.hc.client5.http.wire - http-outgoing-2 >> "Host: localhost:2375[\r][\n]"
21:06:59.645 [Test worker] DEBUG com.github.dockerjava.zerodep.shaded.org.apache.hc.client5.http.wire - http-outgoing-2 >> "Connection: keep-alive[\r][\n]"
21:06:59.645 [Test worker] DEBUG com.github.dockerjava.zerodep.shaded.org.apache.hc.client5.http.wire - http-outgoing-2 >> "[\r][\n]"
21:06:59.647 [Test worker] DEBUG com.github.dockerjava.zerodep.shaded.org.apache.hc.client5.http.wire - http-outgoing-2 << "HTTP/1.1 200 OK[\r][\n]"
21:06:59.647 [Test worker] DEBUG com.github.dockerjava.zerodep.shaded.org.apache.hc.client5.http.wire - http-outgoing-2 << "Api-Version: 1.41[\r][\n]"
21:06:59.647 [Test worker] DEBUG com.github.dockerjava.zerodep.shaded.org.apache.hc.client5.http.wire - http-outgoing-2 << "Content-Type: application/json[\r][\n]"
21:06:59.647 [Test worker] DEBUG com.github.dockerjava.zerodep.shaded.org.apache.hc.client5.http.wire - http-outgoing-2 << "Date: Sat, 16 Dec 2023 13:06:59 GMT[\r][\n]"
21:06:59.647 [Test worker] DEBUG com.github.dockerjava.zerodep.shaded.org.apache.hc.client5.http.wire - http-outgoing-2 << "Docker-Experimental: false[\r][\n]"
21:06:59.647 [Test worker] DEBUG com.github.dockerjava.zerodep.shaded.org.apache.hc.client5.http.wire - http-outgoing-2 << "Ostype: linux[\r][\n]"
21:06:59.647 [Test worker] DEBUG com.github.dockerjava.zerodep.shaded.org.apache.hc.client5.http.wire - http-outgoing-2 << "Server: Docker/20.10.22 (linux)[\r][\n]"
21:06:59.647 [Test worker] DEBUG com.github.dockerjava.zerodep.shaded.org.apache.hc.client5.http.wire - http-outgoing-2 << "Transfer-Encoding: chunked[\r][\n]"
21:06:59.647 [Test worker] DEBUG com.github.dockerjava.zerodep.shaded.org.apache.hc.client5.http.wire - http-outgoing-2 << "[\r][\n]"
21:06:59.647 [Test worker] DEBUG com.github.dockerjava.zerodep.shaded.org.apache.hc.client5.http.headers - http-outgoing-2 << HTTP/1.1 200 OK
21:06:59.647 [Test worker] DEBUG com.github.dockerjava.zerodep.shaded.org.apache.hc.client5.http.headers - http-outgoing-2 << Api-Version: 1.41
21:06:59.647 [Test worker] DEBUG com.github.dockerjava.zerodep.shaded.org.apache.hc.client5.http.headers - http-outgoing-2 << Content-Type: application/json
21:06:59.647 [Test worker] DEBUG com.github.dockerjava.zerodep.shaded.org.apache.hc.client5.http.headers - http-outgoing-2 << Date: Sat, 16 Dec 2023 13:06:59 GMT
21:06:59.647 [Test worker] DEBUG com.github.dockerjava.zerodep.shaded.org.apache.hc.client5.http.headers - http-outgoing-2 << Docker-Experimental: false
21:06:59.647 [Test worker] DEBUG com.github.dockerjava.zerodep.shaded.org.apache.hc.client5.http.headers - http-outgoing-2 << Ostype: linux
21:06:59.647 [Test worker] DEBUG com.github.dockerjava.zerodep.shaded.org.apache.hc.client5.http.headers - http-outgoing-2 << Server: Docker/20.10.22 (linux)
21:06:59.647 [Test worker] DEBUG com.github.dockerjava.zerodep.shaded.org.apache.hc.client5.http.headers - http-outgoing-2 << Transfer-Encoding: chunked
21:06:59.647 [Test worker] DEBUG com.github.dockerjava.zerodep.shaded.org.apache.hc.client5.http.impl.classic.MainClientExec - ex-0000000F: connection can be kept alive for 3 MINUTES
21:06:59.647 [Test worker] DEBUG com.github.dockerjava.zerodep.shaded.org.apache.hc.client5.http.wire - http-outgoing-2 << "dac[\r][\n]"
21:06:59.647 [Test worker] DEBUG com.github.dockerjava.zerodep.shaded.org.apache.hc.client5.http.wire - http-outgoing-2 << "{"Id":"sha256:2211d1e0842fe4d59c9b3e64e4ddff2274df74dfbd9073279d1b96330e6d4774","RepoTags":["quay.io/keycloak/keycloak:23.0"],"RepoDigests":["quay.io/keycloak/keycloak@sha256:4f72a5b0c076755e806457d96404dd28dc1394013933d7170c154c26db9b6a16"],"Parent":"","Comment":"buildkit.dockerfile.v0","Created":"2023-12-15T14:13:37.920817476Z","Container":"","ContainerConfig":{"Hostname":"","Domainname":"","User":"","AttachStdin":false,"AttachStdout":false,"AttachStderr":false,"Tty":false,"OpenStdin":false,"StdinOnce":false,"Env":null,"Cmd":null,"Image":"","Volumes":null,"WorkingDir":"","Entrypoint":null,"OnBuild":null,"Labels":null},"DockerVersion":"","Author":"","Config":{"Hostname":"","Domainname":"","User":"1000","AttachStdin":false,"AttachStdout":false,"AttachStderr":false,"ExposedPorts":{"8080/tcp":{},"8443/tcp":{}},"Tty":false,"OpenStdin":false,"StdinOnce":false,"Env":["PATH=/usr/local/sbin:/usr/local/bin:/usr/sbin:/usr/bin:/sbin:/bin","LANG=en_US.UTF-8"],"Cmd":null,"Image":"","Volumes":null,"WorkingDir":"","Entrypoint":["/opt/keycloak/bin/kc.sh"],"OnBuild":null,"Labels":{"architecture":"aarch64","build-date":"2023-12-07T06:07:13","com.redhat.component":"ubi9-micro-container","com.redhat.license_terms":"https://www.redhat.com/en/about/red-hat-end-user-license-agreements#UBI","description":"Very small image which doesn't install the package manager.","distribution-scope":"public","io.buildah.version":"1.29.0","io.k8s.description":"Very small image which doesn't install the package manager.","io.k8s.display-name":"Ubi9-micro","io.openshift.expose-services":"","maintainer":"Red Hat, Inc.","name":"ubi9/ubi-micro","org.opencontainers.image.created":"2023-12-15T14:11:15.793Z","org.opencontainers.image.description":"","org.opencontainers.image.licenses":"Apache-2.0","org.opencontainers.image.revision":"1e1a5a5199da598fe271ca313b7ba8880669fe25","org.opencontainers.image.source":"https://github.com/keycloak-rel/keycloak-rel","org.opencontainers.image.title":"keycloak-rel","org.opencontainers.image.url":"https://github.com/keycloak-rel/keycloak-rel","org.opencontainers.image.version":"23.0.3","release":"9","summary":"ubi9 micro image","url":"https://access.redhat.com/containers/#/registry.access.redhat.com/ubi9/ubi-micro/images/9.3-9","vcs-ref":"7c8efa4a6b572674bf941c8ad74c59eb3ac8b9df","vcs-type":"git","vendor":"Red Hat, Inc.","version":"9.3"}},"Architecture":"arm64","Os":"linux","Size":461328556,"VirtualSize":461328556,"GraphDriver":{"Data":{"LowerDir":"/var/lib/docker/overlay2/28e8da79ab9c470495f78149be3be6997e60b0ad8c62cd113277b2eff0b43305/diff:/var/lib/docker/overlay2/bdaf3fcee4243c7304e3906f37bf136da8386537877ad9fe3c2527d7968cc469/diff:/var/lib/docker/overlay2/82fedc8902080dc53d0d1cb16de7504be0d897e3e8e8dfc7af21c7de62c7372e/diff","MergedDir":"/var/lib/docker/overlay2/57439a78159c54fffdbbb6148c2f79b74b26f68b2667d8c72974fed490fee128/merged","UpperDir":"/var/lib/docker/overlay2/57439a78159c54fffdbbb6148c2f79b74b26f68b2667d8c72974fed490fee128/diff","WorkDir":"/var/lib/docker/overlay2/57439a78159c54fffdbbb6148c2f79b74b26f68b2667d8c72974fed490fee128/work"},"Name":"overlay2"},"RootFS":{"Type":"layers","Layers":["sha256:bdae200f04d2a5bf547c95019257294f4ef1f66aa2e6be4de6dc741b15c5c763","sha256:eca6dc8aeaacab77e7632eccd1027bdfc2ee3ec7063612db39aa4018c4090cc2","sha256:08fa5c7a5a70239eeffc2e87ed06f57b7e27a2259e6faea72c63a546ff0b92db","sha256:6fde951f0988f54243be3c0e200d8a908b46c07b1c09f4d14cd553de3c6547a7"]},"Metadata":{"LastTagTime":"0001-01-01T00:00:00Z"}}[\n]"
21:06:59.647 [Test worker] DEBUG com.github.dockerjava.zerodep.shaded.org.apache.hc.client5.http.wire - http-outgoing-2 << "[\r][\n]"
21:06:59.648 [Test worker] DEBUG com.github.dockerjava.zerodep.shaded.org.apache.hc.client5.http.wire - http-outgoing-2 << "0[\r][\n]"
21:06:59.648 [Test worker] DEBUG com.github.dockerjava.zerodep.shaded.org.apache.hc.client5.http.wire - http-outgoing-2 << "[\r][\n]"
21:06:59.648 [Test worker] DEBUG com.github.dockerjava.zerodep.shaded.org.apache.hc.client5.http.impl.classic.InternalHttpClient - ep-0000000E: releasing valid endpoint
21:06:59.648 [Test worker] DEBUG com.github.dockerjava.zerodep.shaded.org.apache.hc.client5.http.impl.io.PoolingHttpClientConnectionManager - ep-0000000E: releasing endpoint
21:06:59.648 [Test worker] DEBUG com.github.dockerjava.zerodep.shaded.org.apache.hc.client5.http.impl.io.PoolingHttpClientConnectionManager - ep-0000000E: connection http-outgoing-2 can be kept alive for 3 MINUTES
21:06:59.649 [Test worker] DEBUG com.github.dockerjava.zerodep.shaded.org.apache.hc.client5.http.impl.io.PoolingHttpClientConnectionManager - ep-0000000E: connection released [route: {}->unix://localhost:2375][total available: 1; route allocated: 2 of 2147483647; total allocated: 2 of 2147483647]
21:06:59.649 [Test worker] DEBUG org.testcontainers.shaded.com.github.dockerjava.core.command.AbstrDockerCmd - Cmd: 
21:06:59.649 [Test worker] DEBUG com.github.dockerjava.zerodep.shaded.org.apache.hc.client5.http.impl.classic.InternalHttpClient - ex-00000010: preparing request execution
21:06:59.649 [Test worker] DEBUG com.github.dockerjava.zerodep.shaded.org.apache.hc.client5.http.protocol.RequestAddCookies - Cookie spec selected: strict
21:06:59.649 [Test worker] DEBUG com.github.dockerjava.zerodep.shaded.org.apache.hc.client5.http.protocol.RequestAuthCache - Auth cache not set in the context
21:06:59.649 [Test worker] DEBUG com.github.dockerjava.zerodep.shaded.org.apache.hc.client5.http.impl.classic.ProtocolExec - ex-00000010: target auth state: UNCHALLENGED
21:06:59.649 [Test worker] DEBUG com.github.dockerjava.zerodep.shaded.org.apache.hc.client5.http.impl.classic.ProtocolExec - ex-00000010: proxy auth state: UNCHALLENGED
21:06:59.649 [Test worker] DEBUG com.github.dockerjava.zerodep.shaded.org.apache.hc.client5.http.impl.classic.ConnectExec - ex-00000010: acquiring connection with route {}->unix://localhost:2375
21:06:59.649 [Test worker] DEBUG com.github.dockerjava.zerodep.shaded.org.apache.hc.client5.http.impl.classic.InternalHttpClient - ex-00000010: acquiring endpoint (3 MINUTES)
21:06:59.649 [Test worker] DEBUG com.github.dockerjava.zerodep.shaded.org.apache.hc.client5.http.impl.io.PoolingHttpClientConnectionManager - ex-00000010: endpoint lease request (3 MINUTES) [route: {}->unix://localhost:2375][total available: 1; route allocated: 2 of 2147483647; total allocated: 2 of 2147483647]
21:06:59.649 [Test worker] DEBUG com.github.dockerjava.zerodep.shaded.org.apache.hc.client5.http.impl.io.PoolingHttpClientConnectionManager - ex-00000010: endpoint leased [route: {}->unix://localhost:2375][total available: 0; route allocated: 2 of 2147483647; total allocated: 2 of 2147483647]
21:06:59.649 [Test worker] DEBUG com.github.dockerjava.zerodep.shaded.org.apache.hc.client5.http.impl.io.PoolingHttpClientConnectionManager - ex-00000010: acquired ep-0000000F
21:06:59.649 [Test worker] DEBUG com.github.dockerjava.zerodep.shaded.org.apache.hc.client5.http.impl.classic.InternalHttpClient - ex-00000010: acquired endpoint ep-0000000F
21:06:59.649 [Test worker] DEBUG com.github.dockerjava.zerodep.shaded.org.apache.hc.client5.http.impl.classic.MainClientExec - ex-00000010: executing GET /v1.32/version HTTP/1.1
21:06:59.649 [Test worker] DEBUG com.github.dockerjava.zerodep.shaded.org.apache.hc.client5.http.impl.classic.InternalHttpClient - ep-0000000F: start execution ex-00000010
21:06:59.649 [Test worker] DEBUG com.github.dockerjava.zerodep.shaded.org.apache.hc.client5.http.impl.io.PoolingHttpClientConnectionManager - ep-0000000F: executing exchange ex-00000010 over http-outgoing-2
21:06:59.649 [Test worker] DEBUG com.github.dockerjava.zerodep.shaded.org.apache.hc.client5.http.headers - http-outgoing-2 >> GET /v1.32/version HTTP/1.1
21:06:59.649 [Test worker] DEBUG com.github.dockerjava.zerodep.shaded.org.apache.hc.client5.http.headers - http-outgoing-2 >> accept: application/json
21:06:59.649 [Test worker] DEBUG com.github.dockerjava.zerodep.shaded.org.apache.hc.client5.http.headers - http-outgoing-2 >> x-tc-sid: c0789b71-e0d5-4fdf-af56-342687b761a1
21:06:59.649 [Test worker] DEBUG com.github.dockerjava.zerodep.shaded.org.apache.hc.client5.http.headers - http-outgoing-2 >> User-Agent: tc-java/1.19.3
21:06:59.649 [Test worker] DEBUG com.github.dockerjava.zerodep.shaded.org.apache.hc.client5.http.headers - http-outgoing-2 >> Accept-Encoding: gzip, x-gzip, deflate
21:06:59.649 [Test worker] DEBUG com.github.dockerjava.zerodep.shaded.org.apache.hc.client5.http.headers - http-outgoing-2 >> Host: localhost:2375
21:06:59.649 [Test worker] DEBUG com.github.dockerjava.zerodep.shaded.org.apache.hc.client5.http.headers - http-outgoing-2 >> Connection: keep-alive
21:06:59.649 [Test worker] DEBUG com.github.dockerjava.zerodep.shaded.org.apache.hc.client5.http.wire - http-outgoing-2 >> "GET /v1.32/version HTTP/1.1[\r][\n]"
21:06:59.649 [Test worker] DEBUG com.github.dockerjava.zerodep.shaded.org.apache.hc.client5.http.wire - http-outgoing-2 >> "accept: application/json[\r][\n]"
21:06:59.649 [Test worker] DEBUG com.github.dockerjava.zerodep.shaded.org.apache.hc.client5.http.wire - http-outgoing-2 >> "x-tc-sid: c0789b71-e0d5-4fdf-af56-342687b761a1[\r][\n]"
21:06:59.649 [Test worker] DEBUG com.github.dockerjava.zerodep.shaded.org.apache.hc.client5.http.wire - http-outgoing-2 >> "User-Agent: tc-java/1.19.3[\r][\n]"
21:06:59.649 [Test worker] DEBUG com.github.dockerjava.zerodep.shaded.org.apache.hc.client5.http.wire - http-outgoing-2 >> "Accept-Encoding: gzip, x-gzip, deflate[\r][\n]"
21:06:59.649 [Test worker] DEBUG com.github.dockerjava.zerodep.shaded.org.apache.hc.client5.http.wire - http-outgoing-2 >> "Host: localhost:2375[\r][\n]"
21:06:59.649 [Test worker] DEBUG com.github.dockerjava.zerodep.shaded.org.apache.hc.client5.http.wire - http-outgoing-2 >> "Connection: keep-alive[\r][\n]"
21:06:59.649 [Test worker] DEBUG com.github.dockerjava.zerodep.shaded.org.apache.hc.client5.http.wire - http-outgoing-2 >> "[\r][\n]"
21:06:59.663 [Test worker] DEBUG com.github.dockerjava.zerodep.shaded.org.apache.hc.client5.http.wire - http-outgoing-2 << "HTTP/1.1 200 OK[\r][\n]"
21:06:59.664 [Test worker] DEBUG com.github.dockerjava.zerodep.shaded.org.apache.hc.client5.http.wire - http-outgoing-2 << "Api-Version: 1.41[\r][\n]"
21:06:59.664 [Test worker] DEBUG com.github.dockerjava.zerodep.shaded.org.apache.hc.client5.http.wire - http-outgoing-2 << "Content-Type: application/json[\r][\n]"
21:06:59.664 [Test worker] DEBUG com.github.dockerjava.zerodep.shaded.org.apache.hc.client5.http.wire - http-outgoing-2 << "Date: Sat, 16 Dec 2023 13:06:59 GMT[\r][\n]"
21:06:59.664 [Test worker] DEBUG com.github.dockerjava.zerodep.shaded.org.apache.hc.client5.http.wire - http-outgoing-2 << "Docker-Experimental: false[\r][\n]"
21:06:59.664 [Test worker] DEBUG com.github.dockerjava.zerodep.shaded.org.apache.hc.client5.http.wire - http-outgoing-2 << "Ostype: linux[\r][\n]"
21:06:59.664 [Test worker] DEBUG com.github.dockerjava.zerodep.shaded.org.apache.hc.client5.http.wire - http-outgoing-2 << "Server: Docker/20.10.22 (linux)[\r][\n]"
21:06:59.664 [Test worker] DEBUG com.github.dockerjava.zerodep.shaded.org.apache.hc.client5.http.wire - http-outgoing-2 << "Transfer-Encoding: chunked[\r][\n]"
21:06:59.664 [Test worker] DEBUG com.github.dockerjava.zerodep.shaded.org.apache.hc.client5.http.wire - http-outgoing-2 << "[\r][\n]"
21:06:59.664 [Test worker] DEBUG com.github.dockerjava.zerodep.shaded.org.apache.hc.client5.http.headers - http-outgoing-2 << HTTP/1.1 200 OK
21:06:59.664 [Test worker] DEBUG com.github.dockerjava.zerodep.shaded.org.apache.hc.client5.http.headers - http-outgoing-2 << Api-Version: 1.41
21:06:59.664 [Test worker] DEBUG com.github.dockerjava.zerodep.shaded.org.apache.hc.client5.http.headers - http-outgoing-2 << Content-Type: application/json
21:06:59.664 [Test worker] DEBUG com.github.dockerjava.zerodep.shaded.org.apache.hc.client5.http.headers - http-outgoing-2 << Date: Sat, 16 Dec 2023 13:06:59 GMT
21:06:59.664 [Test worker] DEBUG com.github.dockerjava.zerodep.shaded.org.apache.hc.client5.http.headers - http-outgoing-2 << Docker-Experimental: false
21:06:59.664 [Test worker] DEBUG com.github.dockerjava.zerodep.shaded.org.apache.hc.client5.http.headers - http-outgoing-2 << Ostype: linux
21:06:59.664 [Test worker] DEBUG com.github.dockerjava.zerodep.shaded.org.apache.hc.client5.http.headers - http-outgoing-2 << Server: Docker/20.10.22 (linux)
21:06:59.664 [Test worker] DEBUG com.github.dockerjava.zerodep.shaded.org.apache.hc.client5.http.headers - http-outgoing-2 << Transfer-Encoding: chunked
21:06:59.664 [Test worker] DEBUG com.github.dockerjava.zerodep.shaded.org.apache.hc.client5.http.impl.classic.MainClientExec - ex-00000010: connection can be kept alive for 3 MINUTES
21:06:59.664 [Test worker] DEBUG com.github.dockerjava.zerodep.shaded.org.apache.hc.client5.http.wire - http-outgoing-2 << "33c[\r][\n]"
21:06:59.664 [Test worker] DEBUG com.github.dockerjava.zerodep.shaded.org.apache.hc.client5.http.wire - http-outgoing-2 << "{"Platform":{"Name":"Docker Desktop 4.16.2 (95914)"},"Components":[{"Name":"Engine","Version":"20.10.22","Details":{"ApiVersion":"1.41","Arch":"arm64","BuildTime":"2022-12-15T22:25:43.000000000+00:00","Experimental":"false","GitCommit":"42c8b31","GoVersion":"go1.18.9","KernelVersion":"5.15.49-linuxkit","MinAPIVersion":"1.12","Os":"linux"}},{"Name":"containerd","Version":"1.6.14","Details":{"GitCommit":"9ba4b250366a5ddde94bb7c9d1def331423aa323"}},{"Name":"runc","Version":"1.1.4","Details":{"GitCommit":"v1.1.4-0-g5fd4c4d"}},{"Name":"docker-init","Version":"0.19.0","Details":{"GitCommit":"de40ad0"}}],"Version":"20.10.22","ApiVersion":"1.41","MinAPIVersion":"1.12","GitCommit":"42c8b31","GoVersion":"go1.18.9","Os":"linux","Arch":"arm64","KernelVersion":"5.15.49-linuxkit","BuildTime":"2022-12-15T22:25:43.000000000+00:00"}[\n]"
21:06:59.664 [Test worker] DEBUG com.github.dockerjava.zerodep.shaded.org.apache.hc.client5.http.wire - http-outgoing-2 << "[\r][\n]"
21:06:59.665 [Test worker] DEBUG com.github.dockerjava.zerodep.shaded.org.apache.hc.client5.http.wire - http-outgoing-2 << "0[\r][\n]"
21:06:59.665 [Test worker] DEBUG com.github.dockerjava.zerodep.shaded.org.apache.hc.client5.http.wire - http-outgoing-2 << "[\r][\n]"
21:06:59.665 [Test worker] DEBUG com.github.dockerjava.zerodep.shaded.org.apache.hc.client5.http.impl.classic.InternalHttpClient - ep-0000000F: releasing valid endpoint
21:06:59.665 [Test worker] DEBUG com.github.dockerjava.zerodep.shaded.org.apache.hc.client5.http.impl.io.PoolingHttpClientConnectionManager - ep-0000000F: releasing endpoint
21:06:59.665 [Test worker] DEBUG com.github.dockerjava.zerodep.shaded.org.apache.hc.client5.http.impl.io.PoolingHttpClientConnectionManager - ep-0000000F: connection http-outgoing-2 can be kept alive for 3 MINUTES
21:06:59.665 [Test worker] DEBUG com.github.dockerjava.zerodep.shaded.org.apache.hc.client5.http.impl.io.PoolingHttpClientConnectionManager - ep-0000000F: connection released [route: {}->unix://localhost:2375][total available: 1; route allocated: 2 of 2147483647; total allocated: 2 of 2147483647]
21:06:59.667 [Test worker] INFO org.testcontainers.containers.wait.strategy.HttpWaitStrategy - /stupefied_zhukovsky: Waiting for 120 seconds for URL: http://localhost:65283 (where port 65283 maps to container port 8080)
21:07:01.359 [docker-java-stream-1545626731] DEBUG com.github.dockerjava.zerodep.shaded.org.apache.hc.client5.http.wire - http-outgoing-3 << "5e[\r][\n]"
21:07:01.365 [docker-java-stream-1545626731] DEBUG com.github.dockerjava.zerodep.shaded.org.apache.hc.client5.http.wire - http-outgoing-3 << "[0x1][0x0][0x0][0x0][0x0][0x0][0x0]VUpdating the configuration and installing your custom providers, if any. Please wait.[\n]"
21:07:01.365 [docker-java-stream-1545626731] DEBUG com.github.dockerjava.zerodep.shaded.org.apache.hc.client5.http.wire - http-outgoing-3 << "[\r][\n]"
21:07:01.387 [docker-java-stream-1545626731] INFO tc.quay.io/keycloak/keycloak:23.0 - STDOUT: Updating the configuration and installing your custom providers, if any. Please wait.
21:07:12.678 [docker-java-stream-1545626731] DEBUG com.github.dockerjava.zerodep.shaded.org.apache.hc.client5.http.wire - http-outgoing-3 << "7f[\r][\n]"
21:07:12.681 [docker-java-stream-1545626731] DEBUG com.github.dockerjava.zerodep.shaded.org.apache.hc.client5.http.wire - http-outgoing-3 << "[0x1][0x0][0x0][0x0][0x0][0x0][0x0]w2023-12-16 13:07:12,668 INFO  [io.quarkus.deployment.QuarkusAugmentor] (main) Quarkus augmentation completed in 9835ms[\n]"
21:07:12.682 [docker-java-stream-1545626731] DEBUG com.github.dockerjava.zerodep.shaded.org.apache.hc.client5.http.wire - http-outgoing-3 << "[\r][\n]"
21:07:12.683 [docker-java-stream-1545626731] INFO tc.quay.io/keycloak/keycloak:23.0 - STDOUT: 2023-12-16 13:07:12,668 INFO  [io.quarkus.deployment.QuarkusAugmentor] (main) Quarkus augmentation completed in 9835ms
21:07:15.686 [docker-java-stream-1545626731] DEBUG com.github.dockerjava.zerodep.shaded.org.apache.hc.client5.http.wire - http-outgoing-3 << "128[\r][\n]"
21:07:15.687 [docker-java-stream-1545626731] DEBUG com.github.dockerjava.zerodep.shaded.org.apache.hc.client5.http.wire - http-outgoing-3 << "[0x1][0x0][0x0][0x0][0x0][0x0][0x1] 2023-12-16 13:07:14,417 INFO  [org.keycloak.quarkus.runtime.hostname.DefaultHostnameProvider] (main) Hostname settings: Base URL: <unset>, Hostname: <request>, Strict HTTPS: false, Path: <request>, Strict BackChannel: false, Admin URL: <unset>, Admin: <request>, Port: -1, Proxied: false[\n]"
21:07:15.687 [docker-java-stream-1545626731] DEBUG com.github.dockerjava.zerodep.shaded.org.apache.hc.client5.http.wire - http-outgoing-3 << "[\r][\n]"
21:07:15.688 [docker-java-stream-1545626731] INFO tc.quay.io/keycloak/keycloak:23.0 - STDOUT: 2023-12-16 13:07:14,417 INFO  [org.keycloak.quarkus.runtime.hostname.DefaultHostnameProvider] (main) Hostname settings: Base URL: <unset>, Hostname: <request>, Strict HTTPS: false, Path: <request>, Strict BackChannel: false, Admin URL: <unset>, Admin: <request>, Port: -1, Proxied: false
21:07:15.699 [docker-java-stream-1545626731] DEBUG com.github.dockerjava.zerodep.shaded.org.apache.hc.client5.http.wire - http-outgoing-3 << "143[\r][\n]"
21:07:15.699 [docker-java-stream-1545626731] DEBUG com.github.dockerjava.zerodep.shaded.org.apache.hc.client5.http.wire - http-outgoing-3 << "[0x1][0x0][0x0][0x0][0x0][0x0][0x1];2023-12-16 13:07:15,646 WARN  [io.quarkus.agroal.runtime.DataSources] (main) Datasource <default> enables XA but transaction recovery is not enabled. Please enable transaction recovery by setting quarkus.transaction-manager.enable-recovery=true, otherwise data may be lost if the application is terminated abruptly[\n]"
21:07:15.699 [docker-java-stream-1545626731] DEBUG com.github.dockerjava.zerodep.shaded.org.apache.hc.client5.http.wire - http-outgoing-3 << "[\r][\n]"
21:07:15.699 [docker-java-stream-1545626731] INFO tc.quay.io/keycloak/keycloak:23.0 - STDOUT: 2023-12-16 13:07:15,646 WARN  [io.quarkus.agroal.runtime.DataSources] (main) Datasource <default> enables XA but transaction recovery is not enabled. Please enable transaction recovery by setting quarkus.transaction-manager.enable-recovery=true, otherwise data may be lost if the application is terminated abruptly
21:07:16.210 [docker-java-stream-1545626731] DEBUG com.github.dockerjava.zerodep.shaded.org.apache.hc.client5.http.wire - http-outgoing-3 << "9d[\r][\n]"
21:07:16.211 [docker-java-stream-1545626731] DEBUG com.github.dockerjava.zerodep.shaded.org.apache.hc.client5.http.wire - http-outgoing-3 << "[0x1][0x0][0x0][0x0][0x0][0x0][0x0][0xffffff95]2023-12-16 13:07:16,204 WARN  [org.infinispan.PERSISTENCE] (keycloak-cache-init) ISPN000554: jboss-marshalling is deprecated and planned for removal[\n]"
21:07:16.211 [docker-java-stream-1545626731] DEBUG com.github.dockerjava.zerodep.shaded.org.apache.hc.client5.http.wire - http-outgoing-3 << "[\r][\n]"
21:07:16.211 [docker-java-stream-1545626731] INFO tc.quay.io/keycloak/keycloak:23.0 - STDOUT: 2023-12-16 13:07:16,204 WARN  [org.infinispan.PERSISTENCE] (keycloak-cache-init) ISPN000554: jboss-marshalling is deprecated and planned for removal
21:07:16.326 [docker-java-stream-1545626731] DEBUG com.github.dockerjava.zerodep.shaded.org.apache.hc.client5.http.wire - http-outgoing-3 << "a8[\r][\n]"
21:07:16.326 [docker-java-stream-1545626731] DEBUG com.github.dockerjava.zerodep.shaded.org.apache.hc.client5.http.wire - http-outgoing-3 << "[0x1][0x0][0x0][0x0][0x0][0x0][0x0][0xffffffa0]2023-12-16 13:07:16,325 WARN  [org.infinispan.CONFIG] (keycloak-cache-init) ISPN000569: Unable to persist Infinispan internal caches as no global state enabled[\n]"
21:07:16.326 [docker-java-stream-1545626731] DEBUG com.github.dockerjava.zerodep.shaded.org.apache.hc.client5.http.wire - http-outgoing-3 << "[\r][\n]"
21:07:16.326 [docker-java-stream-1545626731] INFO tc.quay.io/keycloak/keycloak:23.0 - STDOUT: 2023-12-16 13:07:16,325 WARN  [org.infinispan.CONFIG] (keycloak-cache-init) ISPN000569: Unable to persist Infinispan internal caches as no global state enabled
21:07:16.422 [docker-java-stream-1545626731] DEBUG com.github.dockerjava.zerodep.shaded.org.apache.hc.client5.http.wire - http-outgoing-3 << "b8[\r][\n]"
21:07:16.422 [docker-java-stream-1545626731] DEBUG com.github.dockerjava.zerodep.shaded.org.apache.hc.client5.http.wire - http-outgoing-3 << "[0x1][0x0][0x0][0x0][0x0][0x0][0x0][0xffffffb0]2023-12-16 13:07:16,421 INFO  [org.infinispan.CONTAINER] (keycloak-cache-init) ISPN000556: Starting user marshaller 'org.infinispan.jboss.marshalling.core.JBossUserMarshaller'[\n]"
21:07:16.422 [docker-java-stream-1545626731] DEBUG com.github.dockerjava.zerodep.shaded.org.apache.hc.client5.http.wire - http-outgoing-3 << "[\r][\n]"
21:07:16.422 [docker-java-stream-1545626731] INFO tc.quay.io/keycloak/keycloak:23.0 - STDOUT: 2023-12-16 13:07:16,421 INFO  [org.infinispan.CONTAINER] (keycloak-cache-init) ISPN000556: Starting user marshaller 'org.infinispan.jboss.marshalling.core.JBossUserMarshaller'
21:07:19.303 [docker-java-stream-1545626731] DEBUG com.github.dockerjava.zerodep.shaded.org.apache.hc.client5.http.wire - http-outgoing-3 << "cf[\r][\n]"
21:07:19.304 [docker-java-stream-1545626731] DEBUG com.github.dockerjava.zerodep.shaded.org.apache.hc.client5.http.wire - http-outgoing-3 << "[0x1][0x0][0x0][0x0][0x0][0x0][0x0][0xffffffc7]2023-12-16 13:07:19,299 INFO  [org.keycloak.quarkus.runtime.storage.legacy.liquibase.QuarkusJpaUpdaterProvider] (main) Initializing database schema. Using changelog META-INF/jpa-changelog-master.xml[\n]"
21:07:19.304 [docker-java-stream-1545626731] DEBUG com.github.dockerjava.zerodep.shaded.org.apache.hc.client5.http.wire - http-outgoing-3 << "[\r][\n]"
21:07:19.305 [docker-java-stream-1545626731] INFO tc.quay.io/keycloak/keycloak:23.0 - STDOUT: 2023-12-16 13:07:19,299 INFO  [org.keycloak.quarkus.runtime.storage.legacy.liquibase.QuarkusJpaUpdaterProvider] (main) Initializing database schema. Using changelog META-INF/jpa-changelog-master.xml
21:07:21.952 [docker-java-stream-1545626731] DEBUG com.github.dockerjava.zerodep.shaded.org.apache.hc.client5.http.wire - http-outgoing-3 << "f1[\r][\n]"
21:07:21.953 [docker-java-stream-1545626731] DEBUG com.github.dockerjava.zerodep.shaded.org.apache.hc.client5.http.wire - http-outgoing-3 << "[0x1][0x0][0x0][0x0][0x0][0x0][0x0][0x1][\n]"
21:07:21.953 [docker-java-stream-1545626731] DEBUG com.github.dockerjava.zerodep.shaded.org.apache.hc.client5.http.wire - http-outgoing-3 << "[0x1][0x0][0x0][0x0][0x0][0x0][0x0][0xf]UPDATE SUMMARY[\n]"
21:07:21.953 [docker-java-stream-1545626731] DEBUG com.github.dockerjava.zerodep.shaded.org.apache.hc.client5.http.wire - http-outgoing-3 << "[0x1][0x0][0x0][0x0][0x0][0x0][0x0] Run:                        117[\n]"
21:07:21.953 [docker-java-stream-1545626731] DEBUG com.github.dockerjava.zerodep.shaded.org.apache.hc.client5.http.wire - http-outgoing-3 << "[0x1][0x0][0x0][0x0][0x0][0x0][0x0] Previously run:               0[\n]"
21:07:21.953 [docker-java-stream-1545626731] DEBUG com.github.dockerjava.zerodep.shaded.org.apache.hc.client5.http.wire - http-outgoing-3 << "[0x1][0x0][0x0][0x0][0x0][0x0][0x0] Filtered out:                 0[\n]"
21:07:21.953 [docker-java-stream-1545626731] DEBUG com.github.dockerjava.zerodep.shaded.org.apache.hc.client5.http.wire - http-outgoing-3 << "[0x1][0x0][0x0][0x0][0x0][0x0][0x0] -------------------------------[\n]"
21:07:21.953 [docker-java-stream-1545626731] DEBUG com.github.dockerjava.zerodep.shaded.org.apache.hc.client5.http.wire - http-outgoing-3 << "[0x1][0x0][0x0][0x0][0x0][0x0][0x0] Total change sets:          117[\n]"
21:07:21.953 [docker-java-stream-1545626731] DEBUG com.github.dockerjava.zerodep.shaded.org.apache.hc.client5.http.wire - http-outgoing-3 << "[0x1][0x0][0x0][0x0][0x0][0x0][0x0][0x1][\n]"
21:07:21.953 [docker-java-stream-1545626731] DEBUG com.github.dockerjava.zerodep.shaded.org.apache.hc.client5.http.wire - http-outgoing-3 << "[\r][\n]"
21:07:21.954 [docker-java-stream-1545626731] INFO tc.quay.io/keycloak/keycloak:23.0 - STDOUT: 
21:07:21.954 [docker-java-stream-1545626731] INFO tc.quay.io/keycloak/keycloak:23.0 - STDOUT: UPDATE SUMMARY
21:07:21.954 [docker-java-stream-1545626731] INFO tc.quay.io/keycloak/keycloak:23.0 - STDOUT: Run:                        117
21:07:21.954 [docker-java-stream-1545626731] INFO tc.quay.io/keycloak/keycloak:23.0 - STDOUT: Previously run:               0
21:07:21.954 [docker-java-stream-1545626731] INFO tc.quay.io/keycloak/keycloak:23.0 - STDOUT: Filtered out:                 0
21:07:21.956 [docker-java-stream-1545626731] INFO tc.quay.io/keycloak/keycloak:23.0 - STDOUT: -------------------------------
21:07:21.956 [docker-java-stream-1545626731] INFO tc.quay.io/keycloak/keycloak:23.0 - STDOUT: Total change sets:          117
21:07:21.956 [docker-java-stream-1545626731] INFO tc.quay.io/keycloak/keycloak:23.0 - STDOUT: 
21:07:22.098 [docker-java-stream-1545626731] DEBUG com.github.dockerjava.zerodep.shaded.org.apache.hc.client5.http.wire - http-outgoing-3 << "a6[\r][\n]"
21:07:22.099 [docker-java-stream-1545626731] DEBUG com.github.dockerjava.zerodep.shaded.org.apache.hc.client5.http.wire - http-outgoing-3 << "[0x1][0x0][0x0][0x0][0x0][0x0][0x0][0xffffff9e]2023-12-16 13:07:22,097 INFO  [org.keycloak.connections.infinispan.DefaultInfinispanConnectionProviderFactory] (main) Node name: node_281994, Site name: null[\n]"
21:07:22.099 [docker-java-stream-1545626731] DEBUG com.github.dockerjava.zerodep.shaded.org.apache.hc.client5.http.wire - http-outgoing-3 << "[\r][\n]"
21:07:22.099 [docker-java-stream-1545626731] INFO tc.quay.io/keycloak/keycloak:23.0 - STDOUT: 2023-12-16 13:07:22,097 INFO  [org.keycloak.connections.infinispan.DefaultInfinispanConnectionProviderFactory] (main) Node name: node_281994, Site name: null
21:07:22.176 [docker-java-stream-1545626731] DEBUG com.github.dockerjava.zerodep.shaded.org.apache.hc.client5.http.wire - http-outgoing-3 << "bd[\r][\n]"
21:07:22.176 [docker-java-stream-1545626731] DEBUG com.github.dockerjava.zerodep.shaded.org.apache.hc.client5.http.wire - http-outgoing-3 << "[0x1][0x0][0x0][0x0][0x0][0x0][0x0][0xffffffb5]2023-12-16 13:07:22,175 INFO  [org.keycloak.broker.provider.AbstractIdentityProviderMapper] (main) Registering class org.keycloak.broker.provider.mappersync.ConfigSyncEventListener[\n]"
21:07:22.176 [docker-java-stream-1545626731] DEBUG com.github.dockerjava.zerodep.shaded.org.apache.hc.client5.http.wire - http-outgoing-3 << "[\r][\n]"
21:07:22.177 [docker-java-stream-1545626731] INFO tc.quay.io/keycloak/keycloak:23.0 - STDOUT: 2023-12-16 13:07:22,175 INFO  [org.keycloak.broker.provider.AbstractIdentityProviderMapper] (main) Registering class org.keycloak.broker.provider.mappersync.ConfigSyncEventListener
21:07:22.197 [docker-java-stream-1545626731] DEBUG com.github.dockerjava.zerodep.shaded.org.apache.hc.client5.http.wire - http-outgoing-3 << "70[\r][\n]"
21:07:22.197 [docker-java-stream-1545626731] DEBUG com.github.dockerjava.zerodep.shaded.org.apache.hc.client5.http.wire - http-outgoing-3 << "[0x1][0x0][0x0][0x0][0x0][0x0][0x0]h2023-12-16 13:07:22,196 INFO  [org.keycloak.services] (main) KC-SERVICES0050: Initializing master realm[\n]"
21:07:22.197 [docker-java-stream-1545626731] DEBUG com.github.dockerjava.zerodep.shaded.org.apache.hc.client5.http.wire - http-outgoing-3 << "[\r][\n]"
21:07:22.197 [docker-java-stream-1545626731] INFO tc.quay.io/keycloak/keycloak:23.0 - STDOUT: 2023-12-16 13:07:22,196 INFO  [org.keycloak.services] (main) KC-SERVICES0050: Initializing master realm
21:07:23.386 [docker-java-stream-1545626731] DEBUG com.github.dockerjava.zerodep.shaded.org.apache.hc.client5.http.wire - http-outgoing-3 << "be[\r][\n]"
21:07:23.386 [docker-java-stream-1545626731] DEBUG com.github.dockerjava.zerodep.shaded.org.apache.hc.client5.http.wire - http-outgoing-3 << "[0x1][0x0][0x0][0x0][0x0][0x0][0x0][0xffffffb6]2023-12-16 13:07:23,385 INFO  [org.keycloak.exportimport.singlefile.SingleFileImportProvider] (main) Full importing from file /opt/keycloak/bin/../data/import/test-realm-config.json[\n]"
21:07:23.386 [docker-java-stream-1545626731] DEBUG com.github.dockerjava.zerodep.shaded.org.apache.hc.client5.http.wire - http-outgoing-3 << "[\r][\n]"
21:07:23.387 [docker-java-stream-1545626731] INFO tc.quay.io/keycloak/keycloak:23.0 - STDOUT: 2023-12-16 13:07:23,385 INFO  [org.keycloak.exportimport.singlefile.SingleFileImportProvider] (main) Full importing from file /opt/keycloak/bin/../data/import/test-realm-config.json
21:07:25.072 [docker-java-stream-1545626731] DEBUG com.github.dockerjava.zerodep.shaded.org.apache.hc.client5.http.wire - http-outgoing-3 << "79[\r][\n]"
21:07:25.072 [docker-java-stream-1545626731] DEBUG com.github.dockerjava.zerodep.shaded.org.apache.hc.client5.http.wire - http-outgoing-3 << "[0x1][0x0][0x0][0x0][0x0][0x0][0x0]q2023-12-16 13:07:25,070 INFO  [org.keycloak.exportimport.util.ImportUtils] (main) Realm 'PolarBookshop' imported[\n]"
21:07:25.073 [docker-java-stream-1545626731] DEBUG com.github.dockerjava.zerodep.shaded.org.apache.hc.client5.http.wire - http-outgoing-3 << "[\r][\n]"
21:07:25.073 [docker-java-stream-1545626731] INFO tc.quay.io/keycloak/keycloak:23.0 - STDOUT: 2023-12-16 13:07:25,070 INFO  [org.keycloak.exportimport.util.ImportUtils] (main) Realm 'PolarBookshop' imported
21:07:25.102 [docker-java-stream-1545626731] DEBUG com.github.dockerjava.zerodep.shaded.org.apache.hc.client5.http.wire - http-outgoing-3 << "99[\r][\n]"
21:07:25.106 [docker-java-stream-1545626731] DEBUG com.github.dockerjava.zerodep.shaded.org.apache.hc.client5.http.wire - http-outgoing-3 << "[0x1][0x0][0x0][0x0][0x0][0x0][0x0][0xffffff91]2023-12-16 13:07:25,097 INFO  [org.keycloak.exportimport.dir.DirImportProvider] (main) Importing from directory /opt/keycloak/bin/../data/import[\n]"
21:07:25.106 [docker-java-stream-1545626731] DEBUG com.github.dockerjava.zerodep.shaded.org.apache.hc.client5.http.wire - http-outgoing-3 << "[\r][\n]"
21:07:25.106 [docker-java-stream-1545626731] DEBUG com.github.dockerjava.zerodep.shaded.org.apache.hc.client5.http.wire - http-outgoing-3 << "8d[\r][\n]"
21:07:25.106 [docker-java-stream-1545626731] DEBUG com.github.dockerjava.zerodep.shaded.org.apache.hc.client5.http.wire - http-outgoing-3 << "[0x1][0x0][0x0][0x0][0x0][0x0][0x0][0xffffff85]2023-12-16 13:07:25,098 INFO  [org.keycloak.services] (main) KC-SERVICES0030: Full model import requested. Strategy: IGNORE_EXISTING[\n]"
21:07:25.106 [docker-java-stream-1545626731] DEBUG com.github.dockerjava.zerodep.shaded.org.apache.hc.client5.http.wire - http-outgoing-3 << "[\r][\n]"
21:07:25.106 [docker-java-stream-1545626731] INFO tc.quay.io/keycloak/keycloak:23.0 - STDOUT: 2023-12-16 13:07:25,097 INFO  [org.keycloak.exportimport.dir.DirImportProvider] (main) Importing from directory /opt/keycloak/bin/../data/import
21:07:25.106 [docker-java-stream-1545626731] INFO tc.quay.io/keycloak/keycloak:23.0 - STDOUT: 2023-12-16 13:07:25,098 INFO  [org.keycloak.services] (main) KC-SERVICES0030: Full model import requested. Strategy: IGNORE_EXISTING
21:07:25.108 [docker-java-stream-1545626731] DEBUG com.github.dockerjava.zerodep.shaded.org.apache.hc.client5.http.wire - http-outgoing-3 << "73[\r][\n]"
21:07:25.108 [docker-java-stream-1545626731] DEBUG com.github.dockerjava.zerodep.shaded.org.apache.hc.client5.http.wire - http-outgoing-3 << "[0x1][0x0][0x0][0x0][0x0][0x0][0x0]k2023-12-16 13:07:25,106 INFO  [org.keycloak.services] (main) KC-SERVICES0032: Import finished successfully[\n]"
21:07:25.108 [docker-java-stream-1545626731] DEBUG com.github.dockerjava.zerodep.shaded.org.apache.hc.client5.http.wire - http-outgoing-3 << "[\r][\n]"
21:07:25.108 [docker-java-stream-1545626731] INFO tc.quay.io/keycloak/keycloak:23.0 - STDOUT: 2023-12-16 13:07:25,106 INFO  [org.keycloak.services] (main) KC-SERVICES0032: Import finished successfully
21:07:25.243 [docker-java-stream-1545626731] DEBUG com.github.dockerjava.zerodep.shaded.org.apache.hc.client5.http.wire - http-outgoing-3 << "a8[\r][\n]"
21:07:25.243 [docker-java-stream-1545626731] DEBUG com.github.dockerjava.zerodep.shaded.org.apache.hc.client5.http.wire - http-outgoing-3 << "[0x1][0x0][0x0][0x0][0x0][0x0][0x0][0xffffffa0]2023-12-16 13:07:25,242 INFO  [io.quarkus] (main) Keycloak 23.0.3 on JVM (powered by Quarkus 3.2.9.Final) started in 11.816s. Listening on: http://0.0.0.0:8080[\n]"
21:07:25.243 [docker-java-stream-1545626731] DEBUG com.github.dockerjava.zerodep.shaded.org.apache.hc.client5.http.wire - http-outgoing-3 << "[\r][\n]"
21:07:25.243 [docker-java-stream-1545626731] INFO tc.quay.io/keycloak/keycloak:23.0 - STDOUT: 2023-12-16 13:07:25,242 INFO  [io.quarkus] (main) Keycloak 23.0.3 on JVM (powered by Quarkus 3.2.9.Final) started in 11.816s. Listening on: http://0.0.0.0:8080
21:07:25.244 [docker-java-stream-1545626731] DEBUG com.github.dockerjava.zerodep.shaded.org.apache.hc.client5.http.wire - http-outgoing-3 << "1b1[\r][\n]"
21:07:25.244 [docker-java-stream-1545626731] DEBUG com.github.dockerjava.zerodep.shaded.org.apache.hc.client5.http.wire - http-outgoing-3 << "[0x1][0x0][0x0][0x0][0x0][0x0][0x0]J2023-12-16 13:07:25,242 INFO  [io.quarkus] (main) Profile dev activated. [\n]"
21:07:25.244 [docker-java-stream-1545626731] DEBUG com.github.dockerjava.zerodep.shaded.org.apache.hc.client5.http.wire - http-outgoing-3 << "[0x1][0x0][0x0][0x0][0x0][0x0][0x1]W2023-12-16 13:07:25,242 INFO  [io.quarkus] (main) Installed features: [agroal, cdi, hibernate-orm, jdbc-h2, jdbc-mariadb, jdbc-mssql, jdbc-mysql, jdbc-oracle, jdbc-postgresql, keycloak, logging-gelf, micrometer, narayana-jta, reactive-routes, resteasy-reactive, resteasy-reactive-jackson, smallrye-context-propagation, smallrye-health, vertx][\n]"
21:07:25.244 [docker-java-stream-1545626731] DEBUG com.github.dockerjava.zerodep.shaded.org.apache.hc.client5.http.wire - http-outgoing-3 << "[\r][\n]"
21:07:25.244 [docker-java-stream-1545626731] INFO tc.quay.io/keycloak/keycloak:23.0 - STDOUT: 2023-12-16 13:07:25,242 INFO  [io.quarkus] (main) Profile dev activated. 
21:07:25.244 [docker-java-stream-1545626731] INFO tc.quay.io/keycloak/keycloak:23.0 - STDOUT: 2023-12-16 13:07:25,242 INFO  [io.quarkus] (main) Installed features: [agroal, cdi, hibernate-orm, jdbc-h2, jdbc-mariadb, jdbc-mssql, jdbc-mysql, jdbc-oracle, jdbc-postgresql, keycloak, logging-gelf, micrometer, narayana-jta, reactive-routes, resteasy-reactive, resteasy-reactive-jackson, smallrye-context-propagation, smallrye-health, vertx]
21:07:25.349 [docker-java-stream-1545626731] DEBUG com.github.dockerjava.zerodep.shaded.org.apache.hc.client5.http.wire - http-outgoing-3 << "7b[\r][\n]"
21:07:25.349 [docker-java-stream-1545626731] DEBUG com.github.dockerjava.zerodep.shaded.org.apache.hc.client5.http.wire - http-outgoing-3 << "[0x1][0x0][0x0][0x0][0x0][0x0][0x0]s2023-12-16 13:07:25,348 INFO  [org.keycloak.services] (main) KC-SERVICES0009: Added user 'admin' to realm 'master'[\n]"
21:07:25.349 [docker-java-stream-1545626731] DEBUG com.github.dockerjava.zerodep.shaded.org.apache.hc.client5.http.wire - http-outgoing-3 << "[\r][\n]"
21:07:25.349 [docker-java-stream-1545626731] INFO tc.quay.io/keycloak/keycloak:23.0 - STDOUT: 2023-12-16 13:07:25,348 INFO  [org.keycloak.services] (main) KC-SERVICES0009: Added user 'admin' to realm 'master'
21:07:25.350 [docker-java-stream-1545626731] DEBUG com.github.dockerjava.zerodep.shaded.org.apache.hc.client5.http.wire - http-outgoing-3 << "ae[\r][\n]"
21:07:25.351 [docker-java-stream-1545626731] DEBUG com.github.dockerjava.zerodep.shaded.org.apache.hc.client5.http.wire - http-outgoing-3 << "[0x1][0x0][0x0][0x0][0x0][0x0][0x0][0xffffffa6]2023-12-16 13:07:25,350 WARN  [org.keycloak.quarkus.runtime.KeycloakMain] (main) Running the server in development mode. DO NOT use this configuration in production.[\n]"
21:07:25.351 [docker-java-stream-1545626731] DEBUG com.github.dockerjava.zerodep.shaded.org.apache.hc.client5.http.wire - http-outgoing-3 << "[\r][\n]"
21:07:25.351 [docker-java-stream-1545626731] INFO tc.quay.io/keycloak/keycloak:23.0 - STDOUT: 2023-12-16 13:07:25,350 WARN  [org.keycloak.quarkus.runtime.KeycloakMain] (main) Running the server in development mode. DO NOT use this configuration in production.
21:07:26.482 [Test worker] INFO tc.quay.io/keycloak/keycloak:23.0 - Container quay.io/keycloak/keycloak:23.0 started in PT27.565532S
21:07:26.534 [Test worker] DEBUG reactor.util.Loggers - Using Slf4j logging framework
21:07:26.564 [Test worker] DEBUG io.netty.util.internal.logging.InternalLoggerFactory - Using SLF4J as the default logging framework
21:07:26.566 [Test worker] DEBUG io.netty.util.internal.PlatformDependent0 - -Dio.netty.noUnsafe: false
21:07:26.566 [Test worker] DEBUG io.netty.util.internal.PlatformDependent0 - Java version: 17
21:07:26.567 [Test worker] DEBUG io.netty.util.internal.PlatformDependent0 - sun.misc.Unsafe.theUnsafe: available
21:07:26.568 [Test worker] DEBUG io.netty.util.internal.PlatformDependent0 - sun.misc.Unsafe.copyMemory: available
21:07:26.568 [Test worker] DEBUG io.netty.util.internal.PlatformDependent0 - sun.misc.Unsafe.storeFence: available
21:07:26.568 [Test worker] DEBUG io.netty.util.internal.PlatformDependent0 - java.nio.Buffer.address: available
21:07:26.569 [Test worker] DEBUG io.netty.util.internal.PlatformDependent0 - direct buffer constructor: unavailable: Reflective setAccessible(true) disabled
21:07:26.569 [Test worker] DEBUG io.netty.util.internal.PlatformDependent0 - java.nio.Bits.unaligned: available, true
21:07:26.570 [Test worker] DEBUG io.netty.util.internal.PlatformDependent0 - jdk.internal.misc.Unsafe.allocateUninitializedArray(int): unavailable: class io.netty.util.internal.PlatformDependent0$7 cannot access class jdk.internal.misc.Unsafe (in module java.base) because module java.base does not export jdk.internal.misc to unnamed module @1d0a78d5
21:07:26.573 [Test worker] DEBUG io.netty.util.internal.PlatformDependent0 - java.nio.DirectByteBuffer.<init>(long, {int,long}): unavailable
21:07:26.573 [Test worker] DEBUG io.netty.util.internal.PlatformDependent - sun.misc.Unsafe: available
21:07:26.573 [Test worker] DEBUG io.netty.util.internal.PlatformDependent - -Dio.netty.tmpdir: /var/folders/4c/v6j3rkxx1b55q_f9s7n48r580000gn/T (java.io.tmpdir)
21:07:26.573 [Test worker] DEBUG io.netty.util.internal.PlatformDependent - -Dio.netty.bitMode: 64 (sun.arch.data.model)
21:07:26.573 [Test worker] DEBUG io.netty.util.internal.PlatformDependent - Platform: MacOS
21:07:26.574 [Test worker] DEBUG io.netty.util.internal.PlatformDependent - -Dio.netty.maxDirectMemory: -1 bytes
21:07:26.574 [Test worker] DEBUG io.netty.util.internal.PlatformDependent - -Dio.netty.uninitializedArrayAllocationThreshold: -1
21:07:26.574 [Test worker] DEBUG io.netty.util.internal.CleanerJava9 - java.nio.ByteBuffer.cleaner(): available
21:07:26.574 [Test worker] DEBUG io.netty.util.internal.PlatformDependent - -Dio.netty.noPreferDirect: false
21:07:26.597 [Test worker] DEBUG io.netty.util.internal.InternalThreadLocalMap - -Dio.netty.threadLocalMap.stringBuilder.initialSize: 1024
21:07:26.597 [Test worker] DEBUG io.netty.util.internal.InternalThreadLocalMap - -Dio.netty.threadLocalMap.stringBuilder.maxSize: 4096
21:07:26.624 [Test worker] DEBUG io.netty.util.ResourceLeakDetector - -Dio.netty.leakDetection.level: simple
21:07:26.624 [Test worker] DEBUG io.netty.util.ResourceLeakDetector - -Dio.netty.leakDetection.targetRecords: 4
21:07:26.833 [Test worker] DEBUG io.netty.util.NetUtil - -Djava.net.preferIPv4Stack: false
21:07:26.833 [Test worker] DEBUG io.netty.util.NetUtil - -Djava.net.preferIPv6Addresses: false
21:07:26.836 [Test worker] DEBUG io.netty.util.NetUtilInitializations - Loopback interface: lo0 (lo0, 0:0:0:0:0:0:0:1%lo0)
21:07:26.837 [Test worker] DEBUG io.netty.util.NetUtil - Failed to get SOMAXCONN from sysctl and file /proc/sys/net/core/somaxconn. Default: 128
21:07:26.844 [Test worker] DEBUG org.springframework.web.reactive.function.client.ExchangeFunctions - [1e3ff233] HTTP POST http://localhost:65283/realms/PolarBookshop/protocol/openid-connect/token
21:07:26.851 [Test worker] DEBUG reactor.netty.tcp.TcpResources - [http] resources will use the default LoopResources: DefaultLoopResources {prefix=reactor-http, daemon=true, selectCount=8, workerCount=8}
21:07:26.851 [Test worker] DEBUG reactor.netty.tcp.TcpResources - [http] resources will use the default ConnectionProvider: reactor.netty.resources.DefaultPooledConnectionProvider@4bc6da03
21:07:26.852 [Test worker] DEBUG reactor.netty.resources.DefaultLoopIOUring - Default io_uring support : false
21:07:26.855 [Test worker] DEBUG reactor.netty.resources.DefaultLoopEpoll - Default Epoll support : false
21:07:26.856 [Test worker] DEBUG reactor.netty.resources.DefaultLoopKQueue - Default KQueue support : false
21:07:26.858 [Test worker] DEBUG io.netty.channel.MultithreadEventLoopGroup - -Dio.netty.eventLoopThreads: 16
21:07:26.862 [Test worker] DEBUG io.netty.util.concurrent.GlobalEventExecutor - -Dio.netty.globalEventExecutor.quietPeriodSeconds: 1
21:07:26.867 [Test worker] DEBUG io.netty.channel.nio.NioEventLoop - -Dio.netty.noKeySetOptimization: false
21:07:26.867 [Test worker] DEBUG io.netty.channel.nio.NioEventLoop - -Dio.netty.selectorAutoRebuildThreshold: 512
21:07:26.871 [Test worker] DEBUG io.netty.util.internal.PlatformDependent - org.jctools-core.MpscChunkedArrayQueue: available
21:07:26.882 [Test worker] DEBUG io.netty.resolver.dns.DnsNameResolver - Default ResolvedAddressTypes: IPV4_ONLY
21:07:26.882 [Test worker] DEBUG io.netty.resolver.dns.DnsNameResolver - Localhost address: localhost/127.0.0.1
21:07:26.882 [Test worker] DEBUG io.netty.resolver.dns.DnsNameResolver - Windows hostname: null
21:07:26.883 [Test worker] DEBUG io.netty.resolver.dns.DnsNameResolver - Default search domains: []
21:07:26.884 [Test worker] DEBUG io.netty.resolver.dns.DnsNameResolver - Default UnixResolverOptions{ndots=1, timeout=5, attempts=16}
21:07:26.886 [Test worker] DEBUG io.netty.resolver.DefaultHostsFileEntriesResolver - -Dio.netty.hostsFileRefreshInterval: 0
21:07:26.888 [Test worker] DEBUG io.netty.util.internal.NativeLibraryLoader - -Dio.netty.native.workdir: /var/folders/4c/v6j3rkxx1b55q_f9s7n48r580000gn/T (io.netty.tmpdir)
21:07:26.888 [Test worker] DEBUG io.netty.util.internal.NativeLibraryLoader - -Dio.netty.native.deleteLibAfterLoading: true
21:07:26.888 [Test worker] DEBUG io.netty.util.internal.NativeLibraryLoader - -Dio.netty.native.tryPatchShadedId: true
21:07:26.888 [Test worker] DEBUG io.netty.util.internal.NativeLibraryLoader - -Dio.netty.native.detectNativeLibraryDuplicates: true
21:07:26.895 [Test worker] ERROR io.netty.resolver.dns.DnsServerAddressStreamProviders - Unable to load io.netty.resolver.dns.macos.MacOSDnsServerAddressStreamProvider, fallback to system defaults. This may result in incorrect DNS resolutions on MacOS. Check whether you have a dependency on 'io.netty:netty-resolver-dns-native-macos'
java.lang.reflect.InvocationTargetException: null
	at java.base/jdk.internal.reflect.NativeConstructorAccessorImpl.newInstance0(Native Method)
	at java.base/jdk.internal.reflect.NativeConstructorAccessorImpl.newInstance(NativeConstructorAccessorImpl.java:77)
	at java.base/jdk.internal.reflect.DelegatingConstructorAccessorImpl.newInstance(DelegatingConstructorAccessorImpl.java:45)
	at java.base/java.lang.reflect.Constructor.newInstanceWithCaller(Constructor.java:499)
	at java.base/java.lang.reflect.Constructor.newInstance(Constructor.java:480)
	at io.netty.resolver.dns.DnsServerAddressStreamProviders.<clinit>(DnsServerAddressStreamProviders.java:64)
	at io.netty.resolver.dns.DnsNameResolverBuilder.<init>(DnsNameResolverBuilder.java:67)
	at reactor.netty.transport.NameResolverProvider.newNameResolverGroup(NameResolverProvider.java:517)
	at reactor.netty.tcp.TcpResources.getOrCreateDefaultResolver(TcpResources.java:315)
	at reactor.netty.http.HttpResources.getOrCreateDefaultResolver(HttpResources.java:162)
	at reactor.netty.http.client.HttpClientConfig.defaultAddressResolverGroup(HttpClientConfig.java:402)
	at reactor.netty.transport.ClientTransportConfig.resolverInternal(ClientTransportConfig.java:227)
	at reactor.netty.http.client.HttpClientConfig.resolverInternal(HttpClientConfig.java:456)
	at reactor.netty.http.client.HttpClientConnect$MonoHttpConnect.lambda$subscribe$0(HttpClientConnect.java:269)
	at reactor.core.publisher.MonoCreate.subscribe(MonoCreate.java:58)
	at reactor.core.publisher.FluxRetryWhen.subscribe(FluxRetryWhen.java:77)
	at reactor.core.publisher.MonoRetryWhen.subscribeOrReturn(MonoRetryWhen.java:46)
	at reactor.core.publisher.InternalMonoOperator.subscribe(InternalMonoOperator.java:57)
	at reactor.netty.http.client.HttpClientConnect$MonoHttpConnect.subscribe(HttpClientConnect.java:276)
	at reactor.core.publisher.InternalMonoOperator.subscribe(InternalMonoOperator.java:64)
	at reactor.core.publisher.MonoDefer.subscribe(MonoDefer.java:53)
	at reactor.core.publisher.Mono.subscribe(Mono.java:4490)
	at reactor.core.publisher.Mono.block(Mono.java:1741)
	at com.polarbookshop.catalogservice.CatalogServiceApplicationTests.authenticateWith(CatalogServiceApplicationTests.java:196)
	at com.polarbookshop.catalogservice.CatalogServiceApplicationTests.generateAccessTokens(CatalogServiceApplicationTests.java:56)
	at java.base/jdk.internal.reflect.NativeMethodAccessorImpl.invoke0(Native Method)
	at java.base/jdk.internal.reflect.NativeMethodAccessorImpl.invoke(NativeMethodAccessorImpl.java:77)
	at java.base/jdk.internal.reflect.DelegatingMethodAccessorImpl.invoke(DelegatingMethodAccessorImpl.java:43)
	at java.base/java.lang.reflect.Method.invoke(Method.java:568)
	at org.junit.platform.commons.util.ReflectionUtils.invokeMethod(ReflectionUtils.java:725)
	at org.junit.jupiter.engine.execution.MethodInvocation.proceed(MethodInvocation.java:60)
	at org.junit.jupiter.engine.execution.InvocationInterceptorChain$ValidatingInvocation.proceed(InvocationInterceptorChain.java:131)
	at org.junit.jupiter.engine.extension.TimeoutExtension.intercept(TimeoutExtension.java:149)
	at org.junit.jupiter.engine.extension.TimeoutExtension.interceptLifecycleMethod(TimeoutExtension.java:126)
	at org.junit.jupiter.engine.extension.TimeoutExtension.interceptBeforeAllMethod(TimeoutExtension.java:68)
	at org.junit.jupiter.engine.execution.ExecutableInvoker$ReflectiveInterceptorCall.lambda$ofVoidMethod$0(ExecutableInvoker.java:115)
	at org.junit.jupiter.engine.execution.ExecutableInvoker.lambda$invoke$0(ExecutableInvoker.java:105)
	at org.junit.jupiter.engine.execution.InvocationInterceptorChain$InterceptedInvocation.proceed(InvocationInterceptorChain.java:106)
	at org.junit.jupiter.engine.execution.InvocationInterceptorChain.proceed(InvocationInterceptorChain.java:64)
	at org.junit.jupiter.engine.execution.InvocationInterceptorChain.chainAndInvoke(InvocationInterceptorChain.java:45)
	at org.junit.jupiter.engine.execution.InvocationInterceptorChain.invoke(InvocationInterceptorChain.java:37)
	at org.junit.jupiter.engine.execution.ExecutableInvoker.invoke(ExecutableInvoker.java:104)
	at org.junit.jupiter.engine.execution.ExecutableInvoker.invoke(ExecutableInvoker.java:98)
	at org.junit.jupiter.engine.descriptor.ClassBasedTestDescriptor.lambda$invokeBeforeAllMethods$11(ClassBasedTestDescriptor.java:397)
	at org.junit.platform.engine.support.hierarchical.ThrowableCollector.execute(ThrowableCollector.java:73)
	at org.junit.jupiter.engine.descriptor.ClassBasedTestDescriptor.invokeBeforeAllMethods(ClassBasedTestDescriptor.java:395)
	at org.junit.jupiter.engine.descriptor.ClassBasedTestDescriptor.before(ClassBasedTestDescriptor.java:209)
	at org.junit.jupiter.engine.descriptor.ClassBasedTestDescriptor.before(ClassBasedTestDescriptor.java:80)
	at org.junit.platform.engine.support.hierarchical.NodeTestTask.lambda$executeRecursively$6(NodeTestTask.java:148)
	at org.junit.platform.engine.support.hierarchical.ThrowableCollector.execute(ThrowableCollector.java:73)
	at org.junit.platform.engine.support.hierarchical.NodeTestTask.lambda$executeRecursively$8(NodeTestTask.java:141)
	at org.junit.platform.engine.support.hierarchical.Node.around(Node.java:137)
	at org.junit.platform.engine.support.hierarchical.NodeTestTask.lambda$executeRecursively$9(NodeTestTask.java:139)
	at org.junit.platform.engine.support.hierarchical.ThrowableCollector.execute(ThrowableCollector.java:73)
	at org.junit.platform.engine.support.hierarchical.NodeTestTask.executeRecursively(NodeTestTask.java:138)
	at org.junit.platform.engine.support.hierarchical.NodeTestTask.execute(NodeTestTask.java:95)
	at java.base/java.util.ArrayList.forEach(ArrayList.java:1511)
	at org.junit.platform.engine.support.hierarchical.SameThreadHierarchicalTestExecutorService.invokeAll(SameThreadHierarchicalTestExecutorService.java:41)
	at org.junit.platform.engine.support.hierarchical.NodeTestTask.lambda$executeRecursively$6(NodeTestTask.java:155)
	at org.junit.platform.engine.support.hierarchical.ThrowableCollector.execute(ThrowableCollector.java:73)
	at org.junit.platform.engine.support.hierarchical.NodeTestTask.lambda$executeRecursively$8(NodeTestTask.java:141)
	at org.junit.platform.engine.support.hierarchical.Node.around(Node.java:137)
	at org.junit.platform.engine.support.hierarchical.NodeTestTask.lambda$executeRecursively$9(NodeTestTask.java:139)
	at org.junit.platform.engine.support.hierarchical.ThrowableCollector.execute(ThrowableCollector.java:73)
	at org.junit.platform.engine.support.hierarchical.NodeTestTask.executeRecursively(NodeTestTask.java:138)
	at org.junit.platform.engine.support.hierarchical.NodeTestTask.execute(NodeTestTask.java:95)
	at org.junit.platform.engine.support.hierarchical.SameThreadHierarchicalTestExecutorService.submit(SameThreadHierarchicalTestExecutorService.java:35)
	at org.junit.platform.engine.support.hierarchical.HierarchicalTestExecutor.execute(HierarchicalTestExecutor.java:57)
	at org.junit.platform.engine.support.hierarchical.HierarchicalTestEngine.execute(HierarchicalTestEngine.java:54)
	at org.junit.platform.launcher.core.EngineExecutionOrchestrator.execute(EngineExecutionOrchestrator.java:107)
	at org.junit.platform.launcher.core.EngineExecutionOrchestrator.execute(EngineExecutionOrchestrator.java:88)
	at org.junit.platform.launcher.core.EngineExecutionOrchestrator.lambda$execute$0(EngineExecutionOrchestrator.java:54)
	at org.junit.platform.launcher.core.EngineExecutionOrchestrator.withInterceptedStreams(EngineExecutionOrchestrator.java:67)
	at org.junit.platform.launcher.core.EngineExecutionOrchestrator.execute(EngineExecutionOrchestrator.java:52)
	at org.junit.platform.launcher.core.DefaultLauncher.execute(DefaultLauncher.java:114)
	at org.junit.platform.launcher.core.DefaultLauncher.execute(DefaultLauncher.java:86)
	at org.junit.platform.launcher.core.DefaultLauncherSession$DelegatingLauncher.execute(DefaultLauncherSession.java:86)
	at org.junit.platform.launcher.core.SessionPerRequestLauncher.execute(SessionPerRequestLauncher.java:53)
	at org.gradle.api.internal.tasks.testing.junitplatform.JUnitPlatformTestClassProcessor$CollectAllTestClassesExecutor.processAllTestClasses(JUnitPlatformTestClassProcessor.java:99)
	at org.gradle.api.internal.tasks.testing.junitplatform.JUnitPlatformTestClassProcessor$CollectAllTestClassesExecutor.access$000(JUnitPlatformTestClassProcessor.java:79)
	at org.gradle.api.internal.tasks.testing.junitplatform.JUnitPlatformTestClassProcessor.stop(JUnitPlatformTestClassProcessor.java:75)
	at org.gradle.api.internal.tasks.testing.SuiteTestClassProcessor.stop(SuiteTestClassProcessor.java:62)
	at java.base/jdk.internal.reflect.NativeMethodAccessorImpl.invoke0(Native Method)
	at java.base/jdk.internal.reflect.NativeMethodAccessorImpl.invoke(NativeMethodAccessorImpl.java:77)
	at java.base/jdk.internal.reflect.DelegatingMethodAccessorImpl.invoke(DelegatingMethodAccessorImpl.java:43)
	at java.base/java.lang.reflect.Method.invoke(Method.java:568)
	at org.gradle.internal.dispatch.ReflectionDispatch.dispatch(ReflectionDispatch.java:36)
	at org.gradle.internal.dispatch.ReflectionDispatch.dispatch(ReflectionDispatch.java:24)
	at org.gradle.internal.dispatch.ContextClassLoaderDispatch.dispatch(ContextClassLoaderDispatch.java:33)
	at org.gradle.internal.dispatch.ProxyDispatchAdapter$DispatchingInvocationHandler.invoke(ProxyDispatchAdapter.java:94)
	at jdk.proxy1/jdk.proxy1.$Proxy2.stop(Unknown Source)
	at org.gradle.api.internal.tasks.testing.worker.TestWorker$3.run(TestWorker.java:193)
	at org.gradle.api.internal.tasks.testing.worker.TestWorker.executeAndMaintainThreadName(TestWorker.java:129)
	at org.gradle.api.internal.tasks.testing.worker.TestWorker.execute(TestWorker.java:100)
	at org.gradle.api.internal.tasks.testing.worker.TestWorker.execute(TestWorker.java:60)
	at org.gradle.process.internal.worker.child.ActionExecutionWorker.execute(ActionExecutionWorker.java:56)
	at org.gradle.process.internal.worker.child.SystemApplicationClassLoaderWorker.call(SystemApplicationClassLoaderWorker.java:113)
	at org.gradle.process.internal.worker.child.SystemApplicationClassLoaderWorker.call(SystemApplicationClassLoaderWorker.java:65)
	at worker.org.gradle.process.internal.worker.GradleWorkerMain.run(GradleWorkerMain.java:69)
	at worker.org.gradle.process.internal.worker.GradleWorkerMain.main(GradleWorkerMain.java:74)
Caused by: java.lang.UnsatisfiedLinkError: failed to load the required native library
	at io.netty.resolver.dns.macos.MacOSDnsServerAddressStreamProvider.ensureAvailability(MacOSDnsServerAddressStreamProvider.java:110)
	at io.netty.resolver.dns.macos.MacOSDnsServerAddressStreamProvider.<init>(MacOSDnsServerAddressStreamProvider.java:120)
	... 100 common frames omitted
Caused by: java.lang.UnsatisfiedLinkError: could not load a native library: netty_resolver_dns_native_macos_aarch_64
	at io.netty.util.internal.NativeLibraryLoader.load(NativeLibraryLoader.java:239)
	at io.netty.resolver.dns.macos.MacOSDnsServerAddressStreamProvider.loadNativeLibrary(MacOSDnsServerAddressStreamProvider.java:92)
	at io.netty.resolver.dns.macos.MacOSDnsServerAddressStreamProvider.<clinit>(MacOSDnsServerAddressStreamProvider.java:77)
	at java.base/java.lang.Class.forName0(Native Method)
	at java.base/java.lang.Class.forName(Class.java:467)
	at io.netty.resolver.dns.DnsServerAddressStreamProviders$1.run(DnsServerAddressStreamProviders.java:50)
	at java.base/java.security.AccessController.doPrivileged(AccessController.java:318)
	at io.netty.resolver.dns.DnsServerAddressStreamProviders.<clinit>(DnsServerAddressStreamProviders.java:46)
	... 94 common frames omitted
	Suppressed: java.lang.UnsatisfiedLinkError: could not load a native library: netty_resolver_dns_native_macos
		at io.netty.util.internal.NativeLibraryLoader.load(NativeLibraryLoader.java:239)
		at io.netty.resolver.dns.macos.MacOSDnsServerAddressStreamProvider.loadNativeLibrary(MacOSDnsServerAddressStreamProvider.java:95)
		... 100 common frames omitted
	Caused by: java.io.FileNotFoundException: META-INF/native/libnetty_resolver_dns_native_macos.jnilib
		at io.netty.util.internal.NativeLibraryLoader.load(NativeLibraryLoader.java:181)
		... 101 common frames omitted
		Suppressed: java.lang.UnsatisfiedLinkError: no netty_resolver_dns_native_macos in java.library.path: /Users/lucas/Library/Java/Extensions:/Library/Java/Extensions:/Network/Library/Java/Extensions:/System/Library/Java/Extensions:/usr/lib/java:.
			at java.base/java.lang.ClassLoader.loadLibrary(ClassLoader.java:2434)
			at java.base/java.lang.Runtime.loadLibrary0(Runtime.java:818)
			at java.base/java.lang.System.loadLibrary(System.java:1989)
			at io.netty.util.internal.NativeLibraryUtil.loadLibrary(NativeLibraryUtil.java:38)
			at io.netty.util.internal.NativeLibraryLoader.loadLibrary(NativeLibraryLoader.java:396)
			at io.netty.util.internal.NativeLibraryLoader.load(NativeLibraryLoader.java:161)
			... 101 common frames omitted
			Suppressed: java.lang.UnsatisfiedLinkError: no netty_resolver_dns_native_macos in java.library.path: /Users/lucas/Library/Java/Extensions:/Library/Java/Extensions:/Network/Library/Java/Extensions:/System/Library/Java/Extensions:/usr/lib/java:.
				at java.base/java.lang.ClassLoader.loadLibrary(ClassLoader.java:2434)
				at java.base/java.lang.Runtime.loadLibrary0(Runtime.java:818)
				at java.base/java.lang.System.loadLibrary(System.java:1989)
				at io.netty.util.internal.NativeLibraryUtil.loadLibrary(NativeLibraryUtil.java:38)
				at java.base/jdk.internal.reflect.NativeMethodAccessorImpl.invoke0(Native Method)
				at java.base/jdk.internal.reflect.NativeMethodAccessorImpl.invoke(NativeMethodAccessorImpl.java:77)
				at java.base/jdk.internal.reflect.DelegatingMethodAccessorImpl.invoke(DelegatingMethodAccessorImpl.java:43)
				at java.base/java.lang.reflect.Method.invoke(Method.java:568)
				at io.netty.util.internal.NativeLibraryLoader$1.run(NativeLibraryLoader.java:430)
				at java.base/java.security.AccessController.doPrivileged(AccessController.java:318)
				at io.netty.util.internal.NativeLibraryLoader.loadLibraryByHelper(NativeLibraryLoader.java:422)
				at io.netty.util.internal.NativeLibraryLoader.loadLibrary(NativeLibraryLoader.java:388)
				... 102 common frames omitted
Caused by: java.io.FileNotFoundException: META-INF/native/libnetty_resolver_dns_native_macos_aarch_64.jnilib
	at io.netty.util.internal.NativeLibraryLoader.load(NativeLibraryLoader.java:181)
	... 101 common frames omitted
	Suppressed: java.lang.UnsatisfiedLinkError: no netty_resolver_dns_native_macos_aarch_64 in java.library.path: /Users/lucas/Library/Java/Extensions:/Library/Java/Extensions:/Network/Library/Java/Extensions:/System/Library/Java/Extensions:/usr/lib/java:.
		at java.base/java.lang.ClassLoader.loadLibrary(ClassLoader.java:2434)
		at java.base/java.lang.Runtime.loadLibrary0(Runtime.java:818)
		at java.base/java.lang.System.loadLibrary(System.java:1989)
		at io.netty.util.internal.NativeLibraryUtil.loadLibrary(NativeLibraryUtil.java:38)
		at io.netty.util.internal.NativeLibraryLoader.loadLibrary(NativeLibraryLoader.java:396)
		at io.netty.util.internal.NativeLibraryLoader.load(NativeLibraryLoader.java:161)
		... 101 common frames omitted
		Suppressed: java.lang.UnsatisfiedLinkError: no netty_resolver_dns_native_macos_aarch_64 in java.library.path: /Users/lucas/Library/Java/Extensions:/Library/Java/Extensions:/Network/Library/Java/Extensions:/System/Library/Java/Extensions:/usr/lib/java:.
			at java.base/java.lang.ClassLoader.loadLibrary(ClassLoader.java:2434)
			at java.base/java.lang.Runtime.loadLibrary0(Runtime.java:818)
			at java.base/java.lang.System.loadLibrary(System.java:1989)
			at io.netty.util.internal.NativeLibraryUtil.loadLibrary(NativeLibraryUtil.java:38)
			at java.base/jdk.internal.reflect.NativeMethodAccessorImpl.invoke0(Native Method)
			at java.base/jdk.internal.reflect.NativeMethodAccessorImpl.invoke(NativeMethodAccessorImpl.java:77)
			at java.base/jdk.internal.reflect.DelegatingMethodAccessorImpl.invoke(DelegatingMethodAccessorImpl.java:43)
			at java.base/java.lang.reflect.Method.invoke(Method.java:568)
			at io.netty.util.internal.NativeLibraryLoader$1.run(NativeLibraryLoader.java:430)
			at java.base/java.security.AccessController.doPrivileged(AccessController.java:318)
			at io.netty.util.internal.NativeLibraryLoader.loadLibraryByHelper(NativeLibraryLoader.java:422)
			at io.netty.util.internal.NativeLibraryLoader.loadLibrary(NativeLibraryLoader.java:388)
			... 102 common frames omitted
21:07:26.898 [Test worker] DEBUG reactor.netty.resources.PooledConnectionProvider - Creating a new [http] client pool [PoolFactory{evictionInterval=PT0S, leasingStrategy=fifo, maxConnections=500, maxIdleTime=-1, maxLifeTime=-1, metricsEnabled=false, pendingAcquireMaxCount=1000, pendingAcquireTimeout=45000}] for [localhost/<unresolved>:65283]
21:07:26.913 [Test worker] DEBUG io.netty.channel.DefaultChannelId - -Dio.netty.processId: 22333 (auto-detected)
21:07:26.914 [Test worker] DEBUG io.netty.channel.DefaultChannelId - -Dio.netty.machineId: f8:4d:89:ff:fe:93:a3:65 (auto-detected)
21:07:26.922 [Test worker] DEBUG io.netty.buffer.PooledByteBufAllocator - -Dio.netty.allocator.numHeapArenas: 16
21:07:26.922 [Test worker] DEBUG io.netty.buffer.PooledByteBufAllocator - -Dio.netty.allocator.numDirectArenas: 16
21:07:26.922 [Test worker] DEBUG io.netty.buffer.PooledByteBufAllocator - -Dio.netty.allocator.pageSize: 8192
21:07:26.922 [Test worker] DEBUG io.netty.buffer.PooledByteBufAllocator - -Dio.netty.allocator.maxOrder: 9
21:07:26.922 [Test worker] DEBUG io.netty.buffer.PooledByteBufAllocator - -Dio.netty.allocator.chunkSize: 4194304
21:07:26.922 [Test worker] DEBUG io.netty.buffer.PooledByteBufAllocator - -Dio.netty.allocator.smallCacheSize: 256
21:07:26.922 [Test worker] DEBUG io.netty.buffer.PooledByteBufAllocator - -Dio.netty.allocator.normalCacheSize: 64
21:07:26.922 [Test worker] DEBUG io.netty.buffer.PooledByteBufAllocator - -Dio.netty.allocator.maxCachedBufferCapacity: 32768
21:07:26.922 [Test worker] DEBUG io.netty.buffer.PooledByteBufAllocator - -Dio.netty.allocator.cacheTrimInterval: 8192
21:07:26.922 [Test worker] DEBUG io.netty.buffer.PooledByteBufAllocator - -Dio.netty.allocator.cacheTrimIntervalMillis: 0
21:07:26.922 [Test worker] DEBUG io.netty.buffer.PooledByteBufAllocator - -Dio.netty.allocator.useCacheForAllThreads: false
21:07:26.922 [Test worker] DEBUG io.netty.buffer.PooledByteBufAllocator - -Dio.netty.allocator.maxCachedByteBuffersPerChunk: 1023
21:07:26.925 [Test worker] DEBUG io.netty.buffer.ByteBufUtil - -Dio.netty.allocator.type: pooled
21:07:26.925 [Test worker] DEBUG io.netty.buffer.ByteBufUtil - -Dio.netty.threadLocalDirectBufferSize: 0
21:07:26.925 [Test worker] DEBUG io.netty.buffer.ByteBufUtil - -Dio.netty.maxThreadLocalCharBufferSize: 16384
21:07:26.931 [reactor-http-nio-2] DEBUG reactor.netty.resources.PooledConnectionProvider - [6253735a] Created a new pooled channel, now: 0 active connections, 0 inactive connections and 0 pending acquire requests.
21:07:26.939 [reactor-http-nio-2] DEBUG io.netty.buffer.AbstractByteBuf - -Dio.netty.buffer.checkAccessible: true
21:07:26.939 [reactor-http-nio-2] DEBUG io.netty.buffer.AbstractByteBuf - -Dio.netty.buffer.checkBounds: true
21:07:26.940 [reactor-http-nio-2] DEBUG io.netty.util.ResourceLeakDetectorFactory - Loaded default ResourceLeakDetector: io.netty.util.ResourceLeakDetector@6be37c31
21:07:26.943 [reactor-http-nio-2] DEBUG reactor.netty.transport.TransportConfig - [6253735a] Initialized pipeline DefaultChannelPipeline{(reactor.left.httpCodec = io.netty.handler.codec.http.HttpClientCodec), (reactor.left.httpDecompressor = io.netty.handler.codec.http.HttpContentDecompressor), (reactor.right.reactiveBridge = reactor.netty.channel.ChannelOperationsHandler)}
21:07:26.950 [reactor-http-nio-2] DEBUG io.netty.bootstrap.ChannelInitializerExtensions - -Dio.netty.bootstrap.extensions: null
21:07:26.958 [reactor-http-nio-2] DEBUG reactor.netty.transport.TransportConnector - [6253735a] Connecting to [localhost/127.0.0.1:65283].
21:07:26.970 [reactor-http-nio-2] DEBUG reactor.netty.resources.DefaultPooledConnectionProvider - [6253735a, L:/127.0.0.1:65372 - R:localhost/127.0.0.1:65283] Registering pool release on close event for channel
21:07:26.971 [reactor-http-nio-2] DEBUG reactor.netty.resources.PooledConnectionProvider - [6253735a, L:/127.0.0.1:65372 - R:localhost/127.0.0.1:65283] Channel connected, now: 1 active connections, 0 inactive connections and 0 pending acquire requests.
21:07:26.971 [reactor-http-nio-2] DEBUG reactor.netty.resources.DefaultPooledConnectionProvider - [6253735a, L:/127.0.0.1:65372 - R:localhost/127.0.0.1:65283] onStateChange(PooledConnection{channel=[id: 0x6253735a, L:/127.0.0.1:65372 - R:localhost/127.0.0.1:65283]}, [connected])
21:07:26.979 [reactor-http-nio-2] DEBUG reactor.netty.resources.DefaultPooledConnectionProvider - [6253735a-1, L:/127.0.0.1:65372 - R:localhost/127.0.0.1:65283] onStateChange(GET{uri=null, connection=PooledConnection{channel=[id: 0x6253735a, L:/127.0.0.1:65372 - R:localhost/127.0.0.1:65283]}}, [configured])
21:07:26.979 [reactor-http-nio-2] DEBUG reactor.netty.http.client.HttpClientConnect - [6253735a-1, L:/127.0.0.1:65372 - R:localhost/127.0.0.1:65283] Handler is being applied: {uri=http://localhost:65283/realms/PolarBookshop/protocol/openid-connect/token, method=POST}
21:07:26.980 [reactor-http-nio-2] DEBUG reactor.netty.resources.DefaultPooledConnectionProvider - [6253735a-1, L:/127.0.0.1:65372 - R:localhost/127.0.0.1:65283] onStateChange(POST{uri=/realms/PolarBookshop/protocol/openid-connect/token, connection=PooledConnection{channel=[id: 0x6253735a, L:/127.0.0.1:65372 - R:localhost/127.0.0.1:65283]}}, [request_prepared])
21:07:26.983 [reactor-http-nio-2] DEBUG org.springframework.http.codec.FormHttpMessageWriter - [1e3ff233] Writing form fields [grant_type, client_id, username, password] (content masked)
21:07:26.995 [reactor-http-nio-2] DEBUG io.netty.util.Recycler - -Dio.netty.recycler.maxCapacityPerThread: 4096
21:07:26.995 [reactor-http-nio-2] DEBUG io.netty.util.Recycler - -Dio.netty.recycler.ratio: 8
21:07:26.995 [reactor-http-nio-2] DEBUG io.netty.util.Recycler - -Dio.netty.recycler.chunkSize: 32
21:07:26.995 [reactor-http-nio-2] DEBUG io.netty.util.Recycler - -Dio.netty.recycler.blocking: false
21:07:26.995 [reactor-http-nio-2] DEBUG io.netty.util.Recycler - -Dio.netty.recycler.batchFastThreadLocalOnly: true
21:07:27.001 [reactor-http-nio-2] DEBUG reactor.netty.resources.DefaultPooledConnectionProvider - [6253735a-1, L:/127.0.0.1:65372 - R:localhost/127.0.0.1:65283] onStateChange(POST{uri=/realms/PolarBookshop/protocol/openid-connect/token, connection=PooledConnection{channel=[id: 0x6253735a, L:/127.0.0.1:65372 - R:localhost/127.0.0.1:65283]}}, [request_sent])
21:07:27.483 [reactor-http-nio-2] DEBUG io.netty.handler.codec.compression.Brotli - brotli4j not in the classpath; Brotli support will be unavailable.
21:07:27.484 [reactor-http-nio-2] DEBUG reactor.netty.http.client.HttpClientOperations - [6253735a-1, L:/127.0.0.1:65372 - R:localhost/127.0.0.1:65283] Received response (auto-read:false) : RESPONSE(decodeResult: success, version: HTTP/1.1)
HTTP/1.1 200 OK
Cache-Control: <filtered>
Pragma: <filtered>
Set-Cookie: <filtered>
Set-Cookie: <filtered>
Set-Cookie: <filtered>
content-length: <filtered>
Content-Type: <filtered>
Referrer-Policy: <filtered>
Strict-Transport-Security: <filtered>
X-Content-Type-Options: <filtered>
X-Frame-Options: <filtered>
X-XSS-Protection: <filtered>
21:07:27.484 [reactor-http-nio-2] DEBUG reactor.netty.resources.DefaultPooledConnectionProvider - [6253735a-1, L:/127.0.0.1:65372 - R:localhost/127.0.0.1:65283] onStateChange(POST{uri=/realms/PolarBookshop/protocol/openid-connect/token, connection=PooledConnection{channel=[id: 0x6253735a, L:/127.0.0.1:65372 - R:localhost/127.0.0.1:65283]}}, [response_received])
21:07:27.486 [reactor-http-nio-2] DEBUG org.springframework.web.reactive.function.client.ExchangeFunctions - [1e3ff233] [6253735a-1, L:/127.0.0.1:65372 - R:localhost/127.0.0.1:65283] Response 200 OK
21:07:27.508 [reactor-http-nio-2] DEBUG reactor.netty.channel.FluxReceive - [6253735a-1, L:/127.0.0.1:65372 - R:localhost/127.0.0.1:65283] [terminated=false, cancelled=false, pending=0, error=null]: subscribing inbound receiver
21:07:27.510 [reactor-http-nio-2] DEBUG reactor.netty.http.client.HttpClientOperations - [6253735a-1, L:/127.0.0.1:65372 - R:localhost/127.0.0.1:65283] Received last HTTP packet
21:07:27.524 [reactor-http-nio-2] DEBUG org.springframework.http.codec.json.Jackson2JsonDecoder - [1e3ff233] [6253735a-1, L:/127.0.0.1:65372 - R:localhost/127.0.0.1:65283] Decoded [KeycloakToken[accessToken=eyJhbGciOiJSUzI1NiIsInR5cCIgOiAiSldUIiwia2lkIiA6ICJ0YjlZZkNkQlVtNWJ5c1NTQX (truncated)...]
21:07:27.524 [reactor-http-nio-2] DEBUG reactor.netty.resources.DefaultPooledConnectionProvider - [6253735a, L:/127.0.0.1:65372 - R:localhost/127.0.0.1:65283] onStateChange(POST{uri=/realms/PolarBookshop/protocol/openid-connect/token, connection=PooledConnection{channel=[id: 0x6253735a, L:/127.0.0.1:65372 - R:localhost/127.0.0.1:65283]}}, [response_completed])
21:07:27.524 [reactor-http-nio-2] DEBUG reactor.netty.resources.DefaultPooledConnectionProvider - [6253735a, L:/127.0.0.1:65372 - R:localhost/127.0.0.1:65283] onStateChange(POST{uri=/realms/PolarBookshop/protocol/openid-connect/token, connection=PooledConnection{channel=[id: 0x6253735a, L:/127.0.0.1:65372 - R:localhost/127.0.0.1:65283]}}, [disconnecting])
21:07:27.524 [reactor-http-nio-2] DEBUG reactor.netty.resources.DefaultPooledConnectionProvider - [6253735a, L:/127.0.0.1:65372 - R:localhost/127.0.0.1:65283] Releasing channel
21:07:27.525 [Test worker] DEBUG org.springframework.web.reactive.function.client.ExchangeFunctions - [19827608] HTTP POST http://localhost:65283/realms/PolarBookshop/protocol/openid-connect/token
21:07:27.525 [reactor-http-nio-3] DEBUG reactor.netty.resources.PooledConnectionProvider - [58560a1d] Created a new pooled channel, now: 1 active connections, 0 inactive connections and 0 pending acquire requests.
21:07:27.525 [reactor-http-nio-3] DEBUG reactor.netty.transport.TransportConfig - [58560a1d] Initialized pipeline DefaultChannelPipeline{(reactor.left.httpCodec = io.netty.handler.codec.http.HttpClientCodec), (reactor.left.httpDecompressor = io.netty.handler.codec.http.HttpContentDecompressor), (reactor.right.reactiveBridge = reactor.netty.channel.ChannelOperationsHandler)}
21:07:27.526 [reactor-http-nio-2] DEBUG reactor.netty.resources.PooledConnectionProvider - [6253735a, L:/127.0.0.1:65372 - R:localhost/127.0.0.1:65283] Channel cleaned, now: 0 active connections, 1 inactive connections and 0 pending acquire requests.
21:07:27.526 [reactor-http-nio-3] DEBUG reactor.netty.transport.TransportConnector - [58560a1d] Connecting to [localhost/127.0.0.1:65283].
21:07:27.526 [reactor-http-nio-3] DEBUG reactor.netty.resources.DefaultPooledConnectionProvider - [58560a1d, L:/127.0.0.1:65373 - R:localhost/127.0.0.1:65283] Registering pool release on close event for channel
21:07:27.526 [reactor-http-nio-3] DEBUG reactor.netty.resources.PooledConnectionProvider - [58560a1d, L:/127.0.0.1:65373 - R:localhost/127.0.0.1:65283] Channel connected, now: 1 active connections, 1 inactive connections and 0 pending acquire requests.
21:07:27.527 [reactor-http-nio-3] DEBUG reactor.netty.resources.DefaultPooledConnectionProvider - [58560a1d, L:/127.0.0.1:65373 - R:localhost/127.0.0.1:65283] onStateChange(PooledConnection{channel=[id: 0x58560a1d, L:/127.0.0.1:65373 - R:localhost/127.0.0.1:65283]}, [connected])
21:07:27.527 [reactor-http-nio-3] DEBUG reactor.netty.resources.DefaultPooledConnectionProvider - [58560a1d-1, L:/127.0.0.1:65373 - R:localhost/127.0.0.1:65283] onStateChange(GET{uri=null, connection=PooledConnection{channel=[id: 0x58560a1d, L:/127.0.0.1:65373 - R:localhost/127.0.0.1:65283]}}, [configured])
21:07:27.527 [reactor-http-nio-3] DEBUG reactor.netty.http.client.HttpClientConnect - [58560a1d-1, L:/127.0.0.1:65373 - R:localhost/127.0.0.1:65283] Handler is being applied: {uri=http://localhost:65283/realms/PolarBookshop/protocol/openid-connect/token, method=POST}
21:07:27.527 [reactor-http-nio-3] DEBUG reactor.netty.resources.DefaultPooledConnectionProvider - [58560a1d-1, L:/127.0.0.1:65373 - R:localhost/127.0.0.1:65283] onStateChange(POST{uri=/realms/PolarBookshop/protocol/openid-connect/token, connection=PooledConnection{channel=[id: 0x58560a1d, L:/127.0.0.1:65373 - R:localhost/127.0.0.1:65283]}}, [request_prepared])
21:07:27.527 [reactor-http-nio-3] DEBUG org.springframework.http.codec.FormHttpMessageWriter - [19827608] Writing form fields [grant_type, client_id, username, password] (content masked)
21:07:27.528 [reactor-http-nio-3] DEBUG reactor.netty.resources.DefaultPooledConnectionProvider - [58560a1d-1, L:/127.0.0.1:65373 - R:localhost/127.0.0.1:65283] onStateChange(POST{uri=/realms/PolarBookshop/protocol/openid-connect/token, connection=PooledConnection{channel=[id: 0x58560a1d, L:/127.0.0.1:65373 - R:localhost/127.0.0.1:65283]}}, [request_sent])
21:07:27.609 [reactor-http-nio-3] DEBUG reactor.netty.http.client.HttpClientOperations - [58560a1d-1, L:/127.0.0.1:65373 - R:localhost/127.0.0.1:65283] Received response (auto-read:false) : RESPONSE(decodeResult: success, version: HTTP/1.1)
HTTP/1.1 200 OK
Cache-Control: <filtered>
Pragma: <filtered>
Set-Cookie: <filtered>
Set-Cookie: <filtered>
Set-Cookie: <filtered>
content-length: <filtered>
Content-Type: <filtered>
Referrer-Policy: <filtered>
Strict-Transport-Security: <filtered>
X-Content-Type-Options: <filtered>
X-Frame-Options: <filtered>
X-XSS-Protection: <filtered>
21:07:27.609 [reactor-http-nio-3] DEBUG reactor.netty.resources.DefaultPooledConnectionProvider - [58560a1d-1, L:/127.0.0.1:65373 - R:localhost/127.0.0.1:65283] onStateChange(POST{uri=/realms/PolarBookshop/protocol/openid-connect/token, connection=PooledConnection{channel=[id: 0x58560a1d, L:/127.0.0.1:65373 - R:localhost/127.0.0.1:65283]}}, [response_received])
21:07:27.609 [reactor-http-nio-3] DEBUG org.springframework.web.reactive.function.client.ExchangeFunctions - [19827608] [58560a1d-1, L:/127.0.0.1:65373 - R:localhost/127.0.0.1:65283] Response 200 OK
21:07:27.609 [reactor-http-nio-3] DEBUG reactor.netty.channel.FluxReceive - [58560a1d-1, L:/127.0.0.1:65373 - R:localhost/127.0.0.1:65283] [terminated=false, cancelled=false, pending=0, error=null]: subscribing inbound receiver
21:07:27.610 [reactor-http-nio-3] DEBUG reactor.netty.http.client.HttpClientOperations - [58560a1d-1, L:/127.0.0.1:65373 - R:localhost/127.0.0.1:65283] Received last HTTP packet
21:07:27.610 [reactor-http-nio-3] DEBUG org.springframework.http.codec.json.Jackson2JsonDecoder - [19827608] [58560a1d-1, L:/127.0.0.1:65373 - R:localhost/127.0.0.1:65283] Decoded [KeycloakToken[accessToken=eyJhbGciOiJSUzI1NiIsInR5cCIgOiAiSldUIiwia2lkIiA6ICJ0YjlZZkNkQlVtNWJ5c1NTQX (truncated)...]
21:07:27.610 [reactor-http-nio-3] DEBUG reactor.netty.resources.DefaultPooledConnectionProvider - [58560a1d, L:/127.0.0.1:65373 - R:localhost/127.0.0.1:65283] onStateChange(POST{uri=/realms/PolarBookshop/protocol/openid-connect/token, connection=PooledConnection{channel=[id: 0x58560a1d, L:/127.0.0.1:65373 - R:localhost/127.0.0.1:65283]}}, [response_completed])
21:07:27.610 [reactor-http-nio-3] DEBUG reactor.netty.resources.DefaultPooledConnectionProvider - [58560a1d, L:/127.0.0.1:65373 - R:localhost/127.0.0.1:65283] onStateChange(POST{uri=/realms/PolarBookshop/protocol/openid-connect/token, connection=PooledConnection{channel=[id: 0x58560a1d, L:/127.0.0.1:65373 - R:localhost/127.0.0.1:65283]}}, [disconnecting])
21:07:27.610 [reactor-http-nio-3] DEBUG reactor.netty.resources.DefaultPooledConnectionProvider - [58560a1d, L:/127.0.0.1:65373 - R:localhost/127.0.0.1:65283] Releasing channel
21:07:27.610 [reactor-http-nio-3] DEBUG reactor.netty.resources.PooledConnectionProvider - [58560a1d, L:/127.0.0.1:65373 - R:localhost/127.0.0.1:65283] Channel cleaned, now: 0 active connections, 2 inactive connections and 0 pending acquire requests.
21:07:27.618 [Test worker] DEBUG org.springframework.test.context.support.DependencyInjectionTestExecutionListener - Performing dependency injection for test context [[DefaultTestContext@56db847e testClass = CatalogServiceApplicationTests, testInstance = com.polarbookshop.catalogservice.CatalogServiceApplicationTests@42fc4ac4, testMethod = [null], testException = [null], mergedContextConfiguration = [WebMergedContextConfiguration@740abb5 testClass = CatalogServiceApplicationTests, locations = '{}', classes = '{class com.polarbookshop.catalogservice.CatalogServiceApplication}', contextInitializerClasses = '[]', activeProfiles = '{integration}', propertySourceLocations = '{}', propertySourceProperties = '{org.springframework.boot.test.context.SpringBootTestContextBootstrapper=true, server.port=0}', contextCustomizers = set[org.springframework.boot.test.autoconfigure.actuate.metrics.MetricsExportContextCustomizerFactory$DisableMetricExportContextCustomizer@41dd05a, org.springframework.boot.test.autoconfigure.properties.PropertyMappingContextCustomizer@0, org.springframework.boot.test.autoconfigure.web.servlet.WebDriverContextCustomizerFactory$Customizer@2dd80673, org.springframework.boot.test.context.filter.ExcludeFilterContextCustomizer@acdb094, org.springframework.boot.test.json.DuplicateJsonObjectContextCustomizerFactory$DuplicateJsonObjectContextCustomizer@2ceb80a1, org.springframework.boot.test.mock.mockito.MockitoContextCustomizer@0, org.springframework.boot.test.web.client.TestRestTemplateContextCustomizer@61e94def, org.springframework.boot.test.web.reactive.server.WebTestClientContextCustomizer@13518f37, org.springframework.test.context.support.DynamicPropertiesContextCustomizer@bc9d1053, org.springframework.boot.test.context.SpringBootTestArgs@1, org.springframework.boot.test.context.SpringBootTestWebEnvironment@6d4e5011], resourceBasePath = 'src/main/webapp', contextLoader = 'org.springframework.boot.test.context.SpringBootContextLoader', parent = [null]], attributes = map['org.springframework.test.context.web.ServletTestExecutionListener.activateListener' -> false, 'org.springframework.test.context.event.ApplicationEventsTestExecutionListener.recordApplicationEvents' -> false]]].

  .   ____          _            __ _ _
 /\\ / ___'_ __ _ _(_)_ __  __ _ \ \ \ \
( ( )\___ | '_ | '_| | '_ \/ _` | \ \ \ \
 \\/  ___)| |_)| | | | | || (_| |  ) ) ) )
  '  |____| .__|_| |_|_| |_\__, | / / / /
 =========|_|==============|___/=/_/_/_/
 :: Spring Boot ::               (v2.7.18)

2023-12-16 21:07:27.852  INFO [catalog-service,,] 22333 --- [    Test worker] c.p.c.CatalogServiceApplicationTests     : Starting CatalogServiceApplicationTests using Java 17.0.9 on qjxnfn6jt9 with PID 22333 (started by lucas in /Users/lucas/Custody/cicd/springBoot/catalog-service)
2023-12-16 21:07:27.853  INFO [catalog-service,,] 22333 --- [    Test worker] c.p.c.CatalogServiceApplicationTests     : The following 1 profile is active: "integration"
2023-12-16 21:07:28.271  INFO [catalog-service,,] 22333 --- [    Test worker] .s.d.r.c.RepositoryConfigurationDelegate : Bootstrapping Spring Data JDBC repositories in DEFAULT mode.
2023-12-16 21:07:28.292  INFO [catalog-service,,] 22333 --- [    Test worker] .s.d.r.c.RepositoryConfigurationDelegate : Finished Spring Data repository scanning in 19 ms. Found 1 JDBC repository interfaces.
2023-12-16 21:07:28.416  INFO [catalog-service,,] 22333 --- [    Test worker] o.s.cloud.context.scope.GenericScope     : BeanFactory id=6a9069cb-8d2a-3169-ae8e-f18c62e4c466
2023-12-16 21:07:28.678  INFO [catalog-service,,] 22333 --- [    Test worker] o.s.b.w.embedded.tomcat.TomcatWebServer  : Tomcat initialized with port(s): 0 (http)
2023-12-16 21:07:28.683  INFO [catalog-service,,] 22333 --- [    Test worker] o.apache.catalina.core.StandardService   : Starting service [Tomcat]
2023-12-16 21:07:28.683  INFO [catalog-service,,] 22333 --- [    Test worker] org.apache.catalina.core.StandardEngine  : Starting Servlet engine: [Apache Tomcat/9.0.83]
2023-12-16 21:07:28.766  INFO [catalog-service,,] 22333 --- [    Test worker] o.a.c.c.C.[Tomcat].[localhost].[/]       : Initializing Spring embedded WebApplicationContext
2023-12-16 21:07:28.766  INFO [catalog-service,,] 22333 --- [    Test worker] w.s.c.ServletWebServerApplicationContext : Root WebApplicationContext: initialization completed in 904 ms
2023-12-16 21:07:28.993  INFO [catalog-service,,] 22333 --- [    Test worker] o.f.c.internal.license.VersionPrinter    : Flyway Community Edition 8.5.13 by Redgate
2023-12-16 21:07:28.993  INFO [catalog-service,,] 22333 --- [    Test worker] o.f.c.internal.license.VersionPrinter    : See what's new here: https://flywaydb.org/documentation/learnmore/releaseNotes#8.5.13
2023-12-16 21:07:28.993  INFO [catalog-service,,] 22333 --- [    Test worker] o.f.c.internal.license.VersionPrinter    : 
2023-12-16 21:07:28.997  INFO [catalog-service,,] 22333 --- [    Test worker] com.zaxxer.hikari.HikariDataSource       : HikariPool-1 - Starting...
2023-12-16 21:07:29.006  INFO [catalog-service,,] 22333 --- [    Test worker] tc.postgres:14.10                        : Creating container for image: postgres:14.10
2023-12-16 21:07:29.119  INFO [catalog-service,,] 22333 --- [    Test worker] tc.postgres:14.10                        : Container postgres:14.10 is starting: 299354bc44fea58e5e7744ba8de3449734cb93caa91e94d13a4447d67a795ff9
2023-12-16 21:07:31.496  INFO [catalog-service,,] 22333 --- [    Test worker] tc.postgres:14.10                        : Container postgres:14.10 started in PT2.489512S
2023-12-16 21:07:31.497  INFO [catalog-service,,] 22333 --- [    Test worker] tc.postgres:14.10                        : Container is started (JDBC URL: jdbc:postgresql://localhost:65376/test?loggerLevel=OFF)
2023-12-16 21:07:31.632  INFO [catalog-service,,] 22333 --- [    Test worker] com.zaxxer.hikari.HikariDataSource       : HikariPool-1 - Start completed.
2023-12-16 21:07:31.643  INFO [catalog-service,,] 22333 --- [    Test worker] o.f.c.i.database.base.BaseDatabaseType   : Database: jdbc:postgresql://localhost:65376/test (PostgreSQL 14.10)
2023-12-16 21:07:31.692  INFO [catalog-service,,] 22333 --- [    Test worker] o.f.core.internal.command.DbValidate     : Successfully validated 3 migrations (execution time 00:00.026s)
2023-12-16 21:07:31.715  INFO [catalog-service,,] 22333 --- [    Test worker] o.f.c.i.s.JdbcTableSchemaHistory         : Creating Schema History table "public"."flyway_schema_history" ...
2023-12-16 21:07:31.751  INFO [catalog-service,,] 22333 --- [    Test worker] o.f.core.internal.command.DbMigrate      : Current version of schema "public": << Empty Schema >>
2023-12-16 21:07:31.758  INFO [catalog-service,,] 22333 --- [    Test worker] o.f.core.internal.command.DbMigrate      : Migrating schema "public" to version "1 - Initial schema"
2023-12-16 21:07:31.806  INFO [catalog-service,,] 22333 --- [    Test worker] o.f.core.internal.command.DbMigrate      : Migrating schema "public" to version "2 - Add publisher column"
2023-12-16 21:07:31.839  INFO [catalog-service,,] 22333 --- [    Test worker] o.f.core.internal.command.DbMigrate      : Migrating schema "public" to version "3 - Add user audit"
2023-12-16 21:07:31.853  INFO [catalog-service,,] 22333 --- [    Test worker] o.f.core.internal.command.DbMigrate      : Successfully applied 3 migrations to schema "public", now at version v3 (execution time 00:00.108s)
2023-12-16 21:07:32.379  INFO [catalog-service,,] 22333 --- [    Test worker] o.s.b.a.e.web.EndpointLinksResolver      : Exposing 8 endpoint(s) beneath base path '/actuator'
2023-12-16 21:07:32.443  INFO [catalog-service,,] 22333 --- [    Test worker] o.s.s.web.DefaultSecurityFilterChain     : Will secure any request with [org.springframework.security.web.session.DisableEncodeUrlFilter@65d3a83, org.springframework.security.web.context.request.async.WebAsyncManagerIntegrationFilter@7be9582e, org.springframework.security.web.context.SecurityContextPersistenceFilter@175377d3, org.springframework.security.web.header.HeaderWriterFilter@79bb14d8, org.springframework.security.web.authentication.logout.LogoutFilter@c8e99, org.springframework.security.oauth2.server.resource.web.BearerTokenAuthenticationFilter@7cd239f6, org.springframework.security.web.savedrequest.RequestCacheAwareFilter@44a972b4, org.springframework.security.web.servletapi.SecurityContextHolderAwareRequestFilter@5529fd4e, org.springframework.security.web.authentication.AnonymousAuthenticationFilter@73ac7716, org.springframework.security.web.session.SessionManagementFilter@4cd13fad, org.springframework.security.web.access.ExceptionTranslationFilter@64b242b3, org.springframework.security.web.access.intercept.AuthorizationFilter@598f6c93]
2023-12-16 21:07:32.758  INFO [catalog-service,,] 22333 --- [    Test worker] o.s.b.w.embedded.tomcat.TomcatWebServer  : Tomcat started on port(s): 65389 (http) with context path ''
2023-12-16 21:07:32.772  INFO [catalog-service,,] 22333 --- [    Test worker] c.p.c.CatalogServiceApplicationTests     : Started CatalogServiceApplicationTests in 5.138 seconds (JVM running for 38.708)
2023-12-16 21:07:33.039  INFO [catalog-service,,] 22333 --- [o-auto-1-exec-1] o.a.c.c.C.[Tomcat].[localhost].[/]       : Initializing Spring DispatcherServlet 'dispatcherServlet'
2023-12-16 21:07:33.039  INFO [catalog-service,,] 22333 --- [o-auto-1-exec-1] o.s.web.servlet.DispatcherServlet        : Initializing Servlet 'dispatcherServlet'
2023-12-16 21:07:33.040  INFO [catalog-service,,] 22333 --- [o-auto-1-exec-1] o.s.web.servlet.DispatcherServlet        : Completed initialization in 1 ms
2023-12-16 21:07:33.340  INFO [catalog-service,,] 22333 --- [o-auto-1-exec-1] c.p.catalogservice.web.BookController    : Adding a new book to the catalog with ISBN 1231231232
2023-12-16 21:07:33.451  INFO [catalog-service,,] 22333 --- [o-auto-1-exec-2] c.p.catalogservice.web.BookController    : Updating book with ISBN 1231231232
2023-12-16 21:07:33.506  INFO [catalog-service,,] 22333 --- [o-auto-1-exec-3] c.p.catalogservice.web.BookController    : Adding a new book to the catalog with ISBN 1231231231
2023-12-16 21:07:33.522  INFO [catalog-service,,] 22333 --- [o-auto-1-exec-4] c.p.catalogservice.web.BookController    : Adding a new book to the catalog with ISBN 1231231230
2023-12-16 21:07:33.537  INFO [catalog-service,,] 22333 --- [o-auto-1-exec-5] c.p.catalogservice.web.BookController    : Fetching the book with ISBN 1231231230 from the catalog
]]></system-out>
  <system-err><![CDATA[]]></system-err>
</testsuite>
